<?xml version="1.0" encoding="UTF-8"?>
<testsuites name="7-Pruebas_Vinculación" time="262.125" tests="7" failures="3" errors="0">
   <testsuite name="7-Pruebas_Vinculación" tests="7" failures="3" errors="0" time="262.125" skipped="0" timestamp="2022-02-23 15:31:38" hostname="diego.rojas - US-AF-000371" id="Test Suites/7-Pruebas_Vinculación">
      <properties>
         <property name="deviceName" value=""/>
         <property name="devicePlatform" value=""/>
         <property name="logFolder" value="C:\\Users\\diego.rojas\\git\\Pruebas-Minimas\\Reports\\20220223_145603\\7-Pruebas_Vinculaci\u00F3n\\20220223_145637"/>
         <property name="logFiles" value="C:\\Users\\diego.rojas\\git\\Pruebas-Minimas\\Reports\\20220223_145603\\7-Pruebas_Vinculaci\u00F3n\\20220223_145637\\execution0.log"/>
         <property name="attachments" value="C:\\Users\\diego.rojas\\git\\Pruebas-Minimas\\Reports\\20220223_145603\\7-Pruebas_Vinculaci\u00F3n\\20220223_145637\\1645648408819.png, C:\\Users\\diego.rojas\\git\\Pruebas-Minimas\\Reports\\20220223_145603\\7-Pruebas_Vinculaci\u00F3n\\20220223_145637\\1645648513393.png, C:\\Users\\diego.rojas\\git\\Pruebas-Minimas\\Reports\\20220223_145603\\7-Pruebas_Vinculaci\u00F3n\\20220223_145637\\1645648560017.png"/>
         <property name="hostName" value="diego.rojas - US-AF-000371"/>
         <property name="os" value="Windows 10 64bit"/>
         <property name="katalonVersion" value="8.2.5.208"/>
         <property name="browser" value="Chrome 98.0.4758.102"/>
         <property name="hostAddress" value="192.168.56.1"/>
         <property name="sessionId" value="cad7ce9d364f262493a0fe300318c334"/>
         <property name="seleniumVersion" value="3.141.59"/>
         <property name="proxyInformation" value="ProxyInformation { proxyOption=NO_PROXY, proxyServerType=HTTP, username=, password=********, proxyServerAddress=, proxyServerPort=0, executionList=&quot;&quot;, isApplyToDesiredCapabilities=true }"/>
         <property name="platform" value="Windows 10"/>
      </properties>
      <testcase name="Test Cases/7.1-Pruebas_Vinculación/7.1.1-Crear_un_tipo_Documento" time="23.038" classname="Test Cases/7.1-Pruebas_Vinculación/7.1.1-Crear_un_tipo_Documento" status="PASSED">
         <system-out><![CDATA[2022-02-23 15:31:38 - [TEST_CASE][PASSED] - Test Cases/7.1-Pruebas_Vinculación/7.1.1-Crear_un_tipo_Documento: Test Cases/7.1-Pruebas_Vinculación/7.1.1-Crear_un_tipo_Documento

2022-02-23 15:31:38 - [TEST_STEP][PASSED] - callTestCase(findTestCase("0.1-Login"), [:], STOP_ON_FAILURE): Call Test Case 'Test Cases/0.1-Login' successfully

2022-02-23 15:31:39 - [TEST_CASE][PASSED] - Test Cases/0.1-Login: Test Cases/0.1-Login

2022-02-23 15:31:39 - [TEST_STEP][PASSED] - openBrowser(""): Browser is opened with url: ''

2022-02-23 15:31:39 - [MESSAGE][INFO] - Starting 'Chrome' driver

2022-02-23 15:31:40 - [MESSAGE][INFO] - Action delay is set to 0 milliseconds

2022-02-23 15:31:42 - [MESSAGE][PASSED] - Browser is opened with url: ''

2022-02-23 15:31:42 - [TEST_STEP][PASSED] - maximizeWindow(): Current window maximized

2022-02-23 15:31:42 - [MESSAGE][PASSED] - Current window maximized

2022-02-23 15:31:42 - [TEST_STEP][PASSED] - i = G_Login: null

2022-02-23 15:31:42 - [TEST_STEP][PASSED] - url = new java.net.URL(i): null

2022-02-23 15:31:42 - [TEST_STEP][PASSED] - println("URL: " + url.toString()): null

2022-02-23 15:31:42 - [TEST_STEP][PASSED] - connection = url.openConnection(): null

2022-02-23 15:31:42 - [TEST_STEP][PASSED] - connection.setRequestMethod("GET"): null

2022-02-23 15:31:42 - [TEST_STEP][PASSED] - connection.setReadTimeout(2 * 1000): null

2022-02-23 15:31:42 - [TEST_STEP][PASSED] - try: null

2022-02-23 15:31:42 - [TEST_STEP][PASSED] - connection.connect(): null

2022-02-23 15:31:42 - [TEST_STEP][PASSED] - flag = connected: null

2022-02-23 15:31:42 - [TEST_STEP][PASSED] - println("Valor_ori: " + flag): null

2022-02-23 15:31:42 - [TEST_STEP][PASSED] - if (flag): null

2022-02-23 15:31:42 - [TEST_STEP][PASSED] - navigateToUrl(i): Navigate to 'http://192.168.2.80:8380/saraweb' successfully

2022-02-23 15:31:42 - [MESSAGE][PASSED] - Navigate to 'http://192.168.2.80:8380/saraweb' successfully

2022-02-23 15:31:42 - [TEST_STEP][PASSED] - a(): null

2022-02-23 15:31:42 - [TEST_STEP][PASSED] - setText(findTestObject("Login/input_USUARIO_loginusuario"), G_Usuario): Text 'saraadmin' is set on object 'Object Repository/Login/input_USUARIO_loginusuario'

2022-02-23 15:31:43 - [MESSAGE][PASSED] - Text 'saraadmin' is set on object 'Object Repository/Login/input_USUARIO_loginusuario'

2022-02-23 15:31:43 - [TEST_STEP][PASSED] - setEncryptedText(findTestObject("Login/input_CLAVE_loginpassword"), "MkG4/TYiCFC3cb2driP7+Q=="): Text ****** has been set on object 'Object Repository/Login/input_CLAVE_loginpassword'

2022-02-23 15:31:44 - [MESSAGE][PASSED] - Text ****** has been set on object 'Object Repository/Login/input_CLAVE_loginpassword'

2022-02-23 15:31:44 - [TEST_STEP][PASSED] - waitForElementClickable(findTestObject("Login/a_Ingresar"), G_TimeOut): Object 'Object Repository/Login/a_Ingresar' is clickable

2022-02-23 15:31:44 - [MESSAGE][PASSED] - Object 'Object Repository/Login/a_Ingresar' is clickable

2022-02-23 15:31:44 - [TEST_STEP][PASSED] - click(findTestObject("Login/a_Ingresar")): Object: 'Object Repository/Login/a_Ingresar' is clicked on

2022-02-23 15:31:47 - [MESSAGE][PASSED] - Object: 'Object Repository/Login/a_Ingresar' is clicked on

2022-02-23 15:31:47 - [TEST_STEP][PASSED] - element = findWebElement(findTestObject("Login/a_Ir"), 30): null

2022-02-23 15:31:48 - [TEST_STEP][PASSED] - executeJavaScript("arguments[0].click()", Arrays.asList(element)): Execute JavaScript 'arguments[0].click()' successfully

2022-02-23 15:31:48 - [MESSAGE][PASSED] - Execute JavaScript 'arguments[0].click()' successfully

2022-02-23 15:31:48 - [MESSAGE][PASSED] - Call Test Case 'Test Cases/0.1-Login' successfully

2022-02-23 15:31:48 - [TEST_STEP][PASSED] - setText(findTestObject("Modulo Pruebas Vinculación/Crear_un_tipo_Documento/input_Empresa 1_form_templatej_idt24_input"), "parametros contratacion"): Text 'parametros contratacion' is set on object 'Object Repository/Modulo Pruebas Vinculación/Crear_un_tipo_Documento/input_Empresa 1_form_templatej_idt24_input'

2022-02-23 15:31:49 - [MESSAGE][PASSED] - Text 'parametros contratacion' is set on object 'Object Repository/Modulo Pruebas Vinculación/Crear_un_tipo_Documento/input_Empresa 1_form_templatej_idt24_input'

2022-02-23 15:31:49 - [TEST_STEP][PASSED] - click(findTestObject("Modulo Pruebas Vinculación/Crear_un_tipo_Documento/span_Parametros Contratacion")): Object: 'Object Repository/Modulo Pruebas Vinculación/Crear_un_tipo_Documento/span_Parametros Contratacion' is clicked on

2022-02-23 15:31:50 - [MESSAGE][PASSED] - Object: 'Object Repository/Modulo Pruebas Vinculación/Crear_un_tipo_Documento/span_Parametros Contratacion' is clicked on

2022-02-23 15:31:50 - [TEST_STEP][PASSED] - click(findTestObject("Modulo Pruebas Vinculación/Crear_un_tipo_Documento/a_Tipo  Documento")): Object: 'Object Repository/Modulo Pruebas Vinculación/Crear_un_tipo_Documento/a_Tipo  Documento' is clicked on

2022-02-23 15:31:51 - [MESSAGE][PASSED] - Object: 'Object Repository/Modulo Pruebas Vinculación/Crear_un_tipo_Documento/a_Tipo  Documento' is clicked on

2022-02-23 15:31:51 - [TEST_STEP][PASSED] - setText(findTestObject("Modulo Pruebas Vinculación/Crear_un_Momento/input_Parmetros_form_tipodocumentofiltroTipoHoja"), "pruebas katalon"): Text 'pruebas katalon' is set on object 'Object Repository/Modulo Pruebas Vinculación/Crear_un_Momento/input_Parmetros_form_tipodocumentofiltroTipoHoja'

2022-02-23 15:31:52 - [MESSAGE][PASSED] - Text 'pruebas katalon' is set on object 'Object Repository/Modulo Pruebas Vinculación/Crear_un_Momento/input_Parmetros_form_tipodocumentofiltroTipoHoja'

2022-02-23 15:31:52 - [TEST_STEP][PASSED] - sendKeys(findTestObject("Modulo Pruebas Vinculación/Crear_un_Momento/input_Parmetros_form_tipodocumentofiltroTipoHoja"), Keys.chord(ENTER)): Keys 'ENTER + ' sent to object: 'Object Repository/Modulo Pruebas Vinculación/Crear_un_Momento/input_Parmetros_form_tipodocumentofiltroTipoHoja'

2022-02-23 15:31:53 - [MESSAGE][PASSED] - Keys 'ENTER + ' sent to object: 'Object Repository/Modulo Pruebas Vinculación/Crear_un_Momento/input_Parmetros_form_tipodocumentofiltroTipoHoja'

2022-02-23 15:31:53 - [TEST_STEP][PASSED] - if (waitForElementVisible(findTestObject("Modulo Pruebas Vinculación/Crear_un_Momento/span_Pruebas katalon"), 1)): null

2022-02-23 15:31:54 - [MESSAGE][PASSED] - Object 'Object Repository/Modulo Pruebas Vinculación/Crear_un_Momento/span_Pruebas katalon' is visible

2022-02-23 15:31:54 - [TEST_STEP][PASSED] - click(findTestObject("Modulo Pruebas Vinculación/Crear_un_Momento/span_Pruebas katalon")): Object: 'Object Repository/Modulo Pruebas Vinculación/Crear_un_Momento/span_Pruebas katalon' is clicked on

2022-02-23 15:31:54 - [MESSAGE][PASSED] - Object: 'Object Repository/Modulo Pruebas Vinculación/Crear_un_Momento/span_Pruebas katalon' is clicked on

2022-02-23 15:31:54 - [TEST_STEP][PASSED] - click(findTestObject("Modulo Pruebas Vinculación/Crear_un_Momento/a_Eliminar")): Object: 'Object Repository/Modulo Pruebas Vinculación/Crear_un_Momento/a_Eliminar' is clicked on

2022-02-23 15:31:55 - [MESSAGE][PASSED] - Object: 'Object Repository/Modulo Pruebas Vinculación/Crear_un_Momento/a_Eliminar' is clicked on

2022-02-23 15:31:55 - [TEST_STEP][PASSED] - click(findTestObject("Modulo Pruebas Vinculación/Crear_un_Momento/a_Aceptar")): Object: 'Object Repository/Modulo Pruebas Vinculación/Crear_un_Momento/a_Aceptar' is clicked on

2022-02-23 15:31:56 - [MESSAGE][PASSED] - Object: 'Object Repository/Modulo Pruebas Vinculación/Crear_un_Momento/a_Aceptar' is clicked on

2022-02-23 15:31:56 - [TEST_STEP][PASSED] - click(findTestObject("Modulo Pruebas Vinculación/Crear_un_tipo_Documento/a_Nuevo")): Object: 'Object Repository/Modulo Pruebas Vinculación/Crear_un_tipo_Documento/a_Nuevo' is clicked on

2022-02-23 15:31:56 - [MESSAGE][PASSED] - Object: 'Object Repository/Modulo Pruebas Vinculación/Crear_un_tipo_Documento/a_Nuevo' is clicked on

2022-02-23 15:31:56 - [TEST_STEP][PASSED] - setText(findTestObject("Modulo Pruebas Vinculación/Crear_un_tipo_Documento/input_Cdigo_form_tipodocumentocodigo"), "5"): Text '5' is set on object 'Object Repository/Modulo Pruebas Vinculación/Crear_un_tipo_Documento/input_Cdigo_form_tipodocumentocodigo'

2022-02-23 15:31:57 - [MESSAGE][PASSED] - Text '5' is set on object 'Object Repository/Modulo Pruebas Vinculación/Crear_un_tipo_Documento/input_Cdigo_form_tipodocumentocodigo'

2022-02-23 15:31:57 - [TEST_STEP][PASSED] - setText(findTestObject("Modulo Pruebas Vinculación/Crear_un_tipo_Documento/textarea_Descripcin_form_tipodocumentodescripcion"), "Pruebas katalon"): Text 'Pruebas katalon' is set on object 'Object Repository/Modulo Pruebas Vinculación/Crear_un_tipo_Documento/textarea_Descripcin_form_tipodocumentodescripcion'

2022-02-23 15:31:58 - [MESSAGE][PASSED] - Text 'Pruebas katalon' is set on object 'Object Repository/Modulo Pruebas Vinculación/Crear_un_tipo_Documento/textarea_Descripcin_form_tipodocumentodescripcion'

2022-02-23 15:31:58 - [TEST_STEP][PASSED] - selectOptionByIndex(findTestObject("Modulo Pruebas Vinculación/Crear_un_tipo_Documento/select_Documento AnexoDocumento Control"), 1): All options with index in [1] are selected on object 'Object Repository/Modulo Pruebas Vinculación/Crear_un_tipo_Documento/select_Documento AnexoDocumento Control'

2022-02-23 15:31:59 - [MESSAGE][PASSED] - All options with index in [1] are selected on object 'Object Repository/Modulo Pruebas Vinculación/Crear_un_tipo_Documento/select_Documento AnexoDocumento Control'

2022-02-23 15:31:59 - [TEST_STEP][PASSED] - selectOptionByIndex(findTestObject("Modulo Pruebas Vinculación/Crear_un_tipo_Documento/select_--Seleccione--MODO COLOMBIA HV"), 1): All options with index in [1] are selected on object 'Object Repository/Modulo Pruebas Vinculación/Crear_un_tipo_Documento/select_--Seleccione--MODO COLOMBIA HV'

2022-02-23 15:32:00 - [MESSAGE][PASSED] - All options with index in [1] are selected on object 'Object Repository/Modulo Pruebas Vinculación/Crear_un_tipo_Documento/select_--Seleccione--MODO COLOMBIA HV'

2022-02-23 15:32:00 - [TEST_STEP][PASSED] - click(findTestObject("Modulo Pruebas Vinculación/Crear_un_tipo_Documento/a_Guardar")): Object: 'Object Repository/Modulo Pruebas Vinculación/Crear_un_tipo_Documento/a_Guardar' is clicked on

2022-02-23 15:32:00 - [MESSAGE][PASSED] - Object: 'Object Repository/Modulo Pruebas Vinculación/Crear_un_tipo_Documento/a_Guardar' is clicked on

2022-02-23 15:32:00 - [TEST_STEP][PASSED] - closeBrowser(): Browser is closed

2022-02-23 15:32:01 - [MESSAGE][PASSED] - Browser is closed]]></system-out>
         <system-err><![CDATA[]]></system-err>
      </testcase>
      <testcase name="Test Cases/7.1-Pruebas_Vinculación/7.1.2-Crear_un_Momento" time="16.902" classname="Test Cases/7.1-Pruebas_Vinculación/7.1.2-Crear_un_Momento" status="PASSED">
         <system-out><![CDATA[2022-02-23 15:32:01 - [TEST_CASE][PASSED] - Test Cases/7.1-Pruebas_Vinculación/7.1.2-Crear_un_Momento: Test Cases/7.1-Pruebas_Vinculación/7.1.2-Crear_un_Momento

2022-02-23 15:32:01 - [TEST_STEP][PASSED] - callTestCase(findTestCase("0.1-Login"), [:], STOP_ON_FAILURE): Call Test Case 'Test Cases/0.1-Login' successfully

2022-02-23 15:32:01 - [TEST_CASE][PASSED] - Test Cases/0.1-Login: Test Cases/0.1-Login

2022-02-23 15:32:01 - [TEST_STEP][PASSED] - openBrowser(""): Browser is opened with url: ''

2022-02-23 15:32:01 - [MESSAGE][INFO] - Starting 'Chrome' driver

2022-02-23 15:32:01 - [MESSAGE][INFO] - Action delay is set to 0 milliseconds

2022-02-23 15:32:03 - [MESSAGE][PASSED] - Browser is opened with url: ''

2022-02-23 15:32:03 - [TEST_STEP][PASSED] - maximizeWindow(): Current window maximized

2022-02-23 15:32:03 - [MESSAGE][PASSED] - Current window maximized

2022-02-23 15:32:03 - [TEST_STEP][PASSED] - i = G_Login: null

2022-02-23 15:32:03 - [TEST_STEP][PASSED] - url = new java.net.URL(i): null

2022-02-23 15:32:03 - [TEST_STEP][PASSED] - println("URL: " + url.toString()): null

2022-02-23 15:32:03 - [TEST_STEP][PASSED] - connection = url.openConnection(): null

2022-02-23 15:32:03 - [TEST_STEP][PASSED] - connection.setRequestMethod("GET"): null

2022-02-23 15:32:03 - [TEST_STEP][PASSED] - connection.setReadTimeout(2 * 1000): null

2022-02-23 15:32:03 - [TEST_STEP][PASSED] - try: null

2022-02-23 15:32:03 - [TEST_STEP][PASSED] - connection.connect(): null

2022-02-23 15:32:03 - [TEST_STEP][PASSED] - flag = connected: null

2022-02-23 15:32:03 - [TEST_STEP][PASSED] - println("Valor_ori: " + flag): null

2022-02-23 15:32:03 - [TEST_STEP][PASSED] - if (flag): null

2022-02-23 15:32:03 - [TEST_STEP][PASSED] - navigateToUrl(i): Navigate to 'http://192.168.2.80:8380/saraweb' successfully

2022-02-23 15:32:04 - [MESSAGE][PASSED] - Navigate to 'http://192.168.2.80:8380/saraweb' successfully

2022-02-23 15:32:04 - [TEST_STEP][PASSED] - a(): null

2022-02-23 15:32:04 - [TEST_STEP][PASSED] - setText(findTestObject("Login/input_USUARIO_loginusuario"), G_Usuario): Text 'saraadmin' is set on object 'Object Repository/Login/input_USUARIO_loginusuario'

2022-02-23 15:32:05 - [MESSAGE][PASSED] - Text 'saraadmin' is set on object 'Object Repository/Login/input_USUARIO_loginusuario'

2022-02-23 15:32:05 - [TEST_STEP][PASSED] - setEncryptedText(findTestObject("Login/input_CLAVE_loginpassword"), "MkG4/TYiCFC3cb2driP7+Q=="): Text ****** has been set on object 'Object Repository/Login/input_CLAVE_loginpassword'

2022-02-23 15:32:05 - [MESSAGE][PASSED] - Text ****** has been set on object 'Object Repository/Login/input_CLAVE_loginpassword'

2022-02-23 15:32:05 - [TEST_STEP][PASSED] - waitForElementClickable(findTestObject("Login/a_Ingresar"), G_TimeOut): Object 'Object Repository/Login/a_Ingresar' is clickable

2022-02-23 15:32:05 - [MESSAGE][PASSED] - Object 'Object Repository/Login/a_Ingresar' is clickable

2022-02-23 15:32:05 - [TEST_STEP][PASSED] - click(findTestObject("Login/a_Ingresar")): Object: 'Object Repository/Login/a_Ingresar' is clicked on

2022-02-23 15:32:07 - [MESSAGE][PASSED] - Object: 'Object Repository/Login/a_Ingresar' is clicked on

2022-02-23 15:32:07 - [TEST_STEP][PASSED] - element = findWebElement(findTestObject("Login/a_Ir"), 30): null

2022-02-23 15:32:08 - [TEST_STEP][PASSED] - executeJavaScript("arguments[0].click()", Arrays.asList(element)): Execute JavaScript 'arguments[0].click()' successfully

2022-02-23 15:32:08 - [MESSAGE][PASSED] - Execute JavaScript 'arguments[0].click()' successfully

2022-02-23 15:32:08 - [MESSAGE][PASSED] - Call Test Case 'Test Cases/0.1-Login' successfully

2022-02-23 15:32:08 - [TEST_STEP][PASSED] - setText(findTestObject("Modulo Pruebas Vinculación/Crear_un_Momento/input_Empresa 1_form_templatej_idt24_input"), "parametros contratacion"): Text 'parametros contratacion' is set on object 'Object Repository/Modulo Pruebas Vinculación/Crear_un_Momento/input_Empresa 1_form_templatej_idt24_input'

2022-02-23 15:32:09 - [MESSAGE][PASSED] - Text 'parametros contratacion' is set on object 'Object Repository/Modulo Pruebas Vinculación/Crear_un_Momento/input_Empresa 1_form_templatej_idt24_input'

2022-02-23 15:32:09 - [TEST_STEP][PASSED] - click(findTestObject("Modulo Pruebas Vinculación/Crear_un_Momento/li_Parametros Contratacion (tal)")): Object: 'Object Repository/Modulo Pruebas Vinculación/Crear_un_Momento/li_Parametros Contratacion (tal)' is clicked on

2022-02-23 15:32:11 - [MESSAGE][PASSED] - Object: 'Object Repository/Modulo Pruebas Vinculación/Crear_un_Momento/li_Parametros Contratacion (tal)' is clicked on

2022-02-23 15:32:11 - [TEST_STEP][PASSED] - click(findTestObject("Modulo Pruebas Vinculación/Crear_un_Momento/a_Momento")): Object: 'Object Repository/Modulo Pruebas Vinculación/Crear_un_Momento/a_Momento' is clicked on

2022-02-23 15:32:11 - [MESSAGE][PASSED] - Object: 'Object Repository/Modulo Pruebas Vinculación/Crear_un_Momento/a_Momento' is clicked on

2022-02-23 15:32:11 - [TEST_STEP][PASSED] - if (waitForElementVisible(findTestObject("Modulo Pruebas Vinculación/Crear_un_Momento/td_Pruebas katalon"), 1)): null

2022-02-23 15:32:12 - [MESSAGE][PASSED] - Object 'Object Repository/Modulo Pruebas Vinculación/Crear_un_Momento/td_Pruebas katalon' is visible

2022-02-23 15:32:12 - [TEST_STEP][PASSED] - click(findTestObject("Modulo Pruebas Vinculación/Crear_un_Momento/td_Pruebas katalon")): Object: 'Object Repository/Modulo Pruebas Vinculación/Crear_un_Momento/td_Pruebas katalon' is clicked on

2022-02-23 15:32:13 - [MESSAGE][PASSED] - Object: 'Object Repository/Modulo Pruebas Vinculación/Crear_un_Momento/td_Pruebas katalon' is clicked on

2022-02-23 15:32:13 - [TEST_STEP][PASSED] - click(findTestObject("Modulo Pruebas Vinculación/Crear_un_Momento/a_Eliminar")): Object: 'Object Repository/Modulo Pruebas Vinculación/Crear_un_Momento/a_Eliminar' is clicked on

2022-02-23 15:32:13 - [MESSAGE][PASSED] - Object: 'Object Repository/Modulo Pruebas Vinculación/Crear_un_Momento/a_Eliminar' is clicked on

2022-02-23 15:32:13 - [TEST_STEP][PASSED] - click(findTestObject("Modulo Pruebas Vinculación/Crear_un_Momento/a_Aceptar")): Object: 'Object Repository/Modulo Pruebas Vinculación/Crear_un_Momento/a_Aceptar' is clicked on

2022-02-23 15:32:14 - [MESSAGE][PASSED] - Object: 'Object Repository/Modulo Pruebas Vinculación/Crear_un_Momento/a_Aceptar' is clicked on

2022-02-23 15:32:14 - [TEST_STEP][PASSED] - click(findTestObject("Modulo Pruebas Vinculación/Crear_un_Momento/a_Nuevo")): Object: 'Object Repository/Modulo Pruebas Vinculación/Crear_un_Momento/a_Nuevo' is clicked on

2022-02-23 15:32:15 - [MESSAGE][PASSED] - Object: 'Object Repository/Modulo Pruebas Vinculación/Crear_un_Momento/a_Nuevo' is clicked on

2022-02-23 15:32:15 - [TEST_STEP][PASSED] - setText(findTestObject("Modulo Pruebas Vinculación/Crear_un_Momento/input_Cdigo_form_momentopanelTabcodigo"), "5"): Text '5' is set on object 'Object Repository/Modulo Pruebas Vinculación/Crear_un_Momento/input_Cdigo_form_momentopanelTabcodigo'

2022-02-23 15:32:16 - [MESSAGE][PASSED] - Text '5' is set on object 'Object Repository/Modulo Pruebas Vinculación/Crear_un_Momento/input_Cdigo_form_momentopanelTabcodigo'

2022-02-23 15:32:16 - [TEST_STEP][PASSED] - setText(findTestObject("Modulo Pruebas Vinculación/Crear_un_Momento/textarea_Descripcin_form_momentopanelTabdescripcion"), "Pruebas katalon"): Text 'Pruebas katalon' is set on object 'Object Repository/Modulo Pruebas Vinculación/Crear_un_Momento/textarea_Descripcin_form_momentopanelTabdescripcion'

2022-02-23 15:32:16 - [MESSAGE][PASSED] - Text 'Pruebas katalon' is set on object 'Object Repository/Modulo Pruebas Vinculación/Crear_un_Momento/textarea_Descripcin_form_momentopanelTabdescripcion'

2022-02-23 15:32:16 - [TEST_STEP][PASSED] - selectOptionByIndex(findTestObject("Modulo Pruebas Vinculación/Crear_un_Momento/select_--Seleccione--MODO COLOMBIA HV"), 1): All options with index in [1] are selected on object 'Object Repository/Modulo Pruebas Vinculación/Crear_un_Momento/select_--Seleccione--MODO COLOMBIA HV'

2022-02-23 15:32:17 - [MESSAGE][PASSED] - All options with index in [1] are selected on object 'Object Repository/Modulo Pruebas Vinculación/Crear_un_Momento/select_--Seleccione--MODO COLOMBIA HV'

2022-02-23 15:32:17 - [TEST_STEP][PASSED] - click(findTestObject("Modulo Pruebas Vinculación/Crear_un_Momento/a_Guardar")): Object: 'Object Repository/Modulo Pruebas Vinculación/Crear_un_Momento/a_Guardar' is clicked on

2022-02-23 15:32:18 - [MESSAGE][PASSED] - Object: 'Object Repository/Modulo Pruebas Vinculación/Crear_un_Momento/a_Guardar' is clicked on]]></system-out>
         <system-err><![CDATA[]]></system-err>
      </testcase>
      <testcase name="Test Cases/7.1-Pruebas_Vinculación/7.1.3-Crear_un_Origen_de_Contratación" time="19.53" classname="Test Cases/7.1-Pruebas_Vinculación/7.1.3-Crear_un_Origen_de_Contratación" status="PASSED">
         <system-out><![CDATA[2022-02-23 15:32:18 - [TEST_CASE][PASSED] - Test Cases/7.1-Pruebas_Vinculación/7.1.3-Crear_un_Origen_de_Contratación: Test Cases/7.1-Pruebas_Vinculación/7.1.3-Crear_un_Origen_de_Contratación

2022-02-23 15:32:18 - [TEST_STEP][PASSED] - callTestCase(findTestCase("0.1-Login"), [:], STOP_ON_FAILURE): Call Test Case 'Test Cases/0.1-Login' successfully

2022-02-23 15:32:18 - [TEST_CASE][PASSED] - Test Cases/0.1-Login: Test Cases/0.1-Login

2022-02-23 15:32:18 - [TEST_STEP][PASSED] - openBrowser(""): Browser is opened with url: ''

2022-02-23 15:32:18 - [MESSAGE][WARNING] - A browser is already opened. Closing browser and opening a new one

2022-02-23 15:32:19 - [MESSAGE][INFO] - Starting 'Chrome' driver

2022-02-23 15:32:19 - [MESSAGE][INFO] - Action delay is set to 0 milliseconds

2022-02-23 15:32:20 - [MESSAGE][PASSED] - Browser is opened with url: ''

2022-02-23 15:32:20 - [TEST_STEP][PASSED] - maximizeWindow(): Current window maximized

2022-02-23 15:32:21 - [MESSAGE][PASSED] - Current window maximized

2022-02-23 15:32:21 - [TEST_STEP][PASSED] - i = G_Login: null

2022-02-23 15:32:21 - [TEST_STEP][PASSED] - url = new java.net.URL(i): null

2022-02-23 15:32:21 - [TEST_STEP][PASSED] - println("URL: " + url.toString()): null

2022-02-23 15:32:21 - [TEST_STEP][PASSED] - connection = url.openConnection(): null

2022-02-23 15:32:21 - [TEST_STEP][PASSED] - connection.setRequestMethod("GET"): null

2022-02-23 15:32:21 - [TEST_STEP][PASSED] - connection.setReadTimeout(2 * 1000): null

2022-02-23 15:32:21 - [TEST_STEP][PASSED] - try: null

2022-02-23 15:32:21 - [TEST_STEP][PASSED] - connection.connect(): null

2022-02-23 15:32:21 - [TEST_STEP][PASSED] - flag = connected: null

2022-02-23 15:32:21 - [TEST_STEP][PASSED] - println("Valor_ori: " + flag): null

2022-02-23 15:32:21 - [TEST_STEP][PASSED] - if (flag): null

2022-02-23 15:32:21 - [TEST_STEP][PASSED] - navigateToUrl(i): Navigate to 'http://192.168.2.80:8380/saraweb' successfully

2022-02-23 15:32:21 - [MESSAGE][PASSED] - Navigate to 'http://192.168.2.80:8380/saraweb' successfully

2022-02-23 15:32:21 - [TEST_STEP][PASSED] - a(): null

2022-02-23 15:32:21 - [TEST_STEP][PASSED] - setText(findTestObject("Login/input_USUARIO_loginusuario"), G_Usuario): Text 'saraadmin' is set on object 'Object Repository/Login/input_USUARIO_loginusuario'

2022-02-23 15:32:22 - [MESSAGE][PASSED] - Text 'saraadmin' is set on object 'Object Repository/Login/input_USUARIO_loginusuario'

2022-02-23 15:32:22 - [TEST_STEP][PASSED] - setEncryptedText(findTestObject("Login/input_CLAVE_loginpassword"), "MkG4/TYiCFC3cb2driP7+Q=="): Text ****** has been set on object 'Object Repository/Login/input_CLAVE_loginpassword'

2022-02-23 15:32:22 - [MESSAGE][PASSED] - Text ****** has been set on object 'Object Repository/Login/input_CLAVE_loginpassword'

2022-02-23 15:32:22 - [TEST_STEP][PASSED] - waitForElementClickable(findTestObject("Login/a_Ingresar"), G_TimeOut): Object 'Object Repository/Login/a_Ingresar' is clickable

2022-02-23 15:32:23 - [MESSAGE][PASSED] - Object 'Object Repository/Login/a_Ingresar' is clickable

2022-02-23 15:32:23 - [TEST_STEP][PASSED] - click(findTestObject("Login/a_Ingresar")): Object: 'Object Repository/Login/a_Ingresar' is clicked on

2022-02-23 15:32:25 - [MESSAGE][PASSED] - Object: 'Object Repository/Login/a_Ingresar' is clicked on

2022-02-23 15:32:25 - [TEST_STEP][PASSED] - element = findWebElement(findTestObject("Login/a_Ir"), 30): null

2022-02-23 15:32:26 - [TEST_STEP][PASSED] - executeJavaScript("arguments[0].click()", Arrays.asList(element)): Execute JavaScript 'arguments[0].click()' successfully

2022-02-23 15:32:26 - [MESSAGE][PASSED] - Execute JavaScript 'arguments[0].click()' successfully

2022-02-23 15:32:26 - [MESSAGE][PASSED] - Call Test Case 'Test Cases/0.1-Login' successfully

2022-02-23 15:32:26 - [TEST_STEP][PASSED] - setText(findTestObject("Modulo Pruebas Vinculación/Crear_un_Origen_de_Contratación/input_Empresa 1_form_templatej_idt24_input"), "Parametros Contratacion"): Text 'Parametros Contratacion' is set on object 'Object Repository/Modulo Pruebas Vinculación/Crear_un_Origen_de_Contratación/input_Empresa 1_form_templatej_idt24_input'

2022-02-23 15:32:27 - [MESSAGE][PASSED] - Text 'Parametros Contratacion' is set on object 'Object Repository/Modulo Pruebas Vinculación/Crear_un_Origen_de_Contratación/input_Empresa 1_form_templatej_idt24_input'

2022-02-23 15:32:27 - [TEST_STEP][PASSED] - click(findTestObject("Modulo Pruebas Vinculación/Crear_un_Origen_de_Contratación/li_Parametros Contratacion (tal)")): Object: 'Object Repository/Modulo Pruebas Vinculación/Crear_un_Origen_de_Contratación/li_Parametros Contratacion (tal)' is clicked on

2022-02-23 15:32:28 - [MESSAGE][PASSED] - Object: 'Object Repository/Modulo Pruebas Vinculación/Crear_un_Origen_de_Contratación/li_Parametros Contratacion (tal)' is clicked on

2022-02-23 15:32:28 - [TEST_STEP][PASSED] - click(findTestObject("Modulo Pruebas Vinculación/Crear_un_Origen_de_Contratación/a_Origen Contratacin")): Object: 'Object Repository/Modulo Pruebas Vinculación/Crear_un_Origen_de_Contratación/a_Origen Contratacin' is clicked on

2022-02-23 15:32:29 - [MESSAGE][PASSED] - Object: 'Object Repository/Modulo Pruebas Vinculación/Crear_un_Origen_de_Contratación/a_Origen Contratacin' is clicked on

2022-02-23 15:32:29 - [TEST_STEP][PASSED] - if (waitForElementVisible(findTestObject("Modulo Pruebas Vinculación/Crear_un_Origen_de_Contratación/td_Pruebas katalon"), 1)): null

2022-02-23 15:32:30 - [MESSAGE][PASSED] - Object 'Object Repository/Modulo Pruebas Vinculación/Crear_un_Origen_de_Contratación/td_Pruebas katalon' is visible

2022-02-23 15:32:30 - [TEST_STEP][PASSED] - click(findTestObject("Modulo Pruebas Vinculación/Crear_un_Origen_de_Contratación/td_Pruebas katalon")): Object: 'Object Repository/Modulo Pruebas Vinculación/Crear_un_Origen_de_Contratación/td_Pruebas katalon' is clicked on

2022-02-23 15:32:30 - [MESSAGE][PASSED] - Object: 'Object Repository/Modulo Pruebas Vinculación/Crear_un_Origen_de_Contratación/td_Pruebas katalon' is clicked on

2022-02-23 15:32:30 - [TEST_STEP][PASSED] - click(findTestObject("Modulo Pruebas Vinculación/Crear_un_Origen_de_Contratación/a_Eliminar")): Object: 'Object Repository/Modulo Pruebas Vinculación/Crear_un_Origen_de_Contratación/a_Eliminar' is clicked on

2022-02-23 15:32:31 - [MESSAGE][PASSED] - Object: 'Object Repository/Modulo Pruebas Vinculación/Crear_un_Origen_de_Contratación/a_Eliminar' is clicked on

2022-02-23 15:32:31 - [TEST_STEP][PASSED] - click(findTestObject("Modulo Pruebas Vinculación/Crear_un_Origen_de_Contratación/a_Aceptar")): Object: 'Object Repository/Modulo Pruebas Vinculación/Crear_un_Origen_de_Contratación/a_Aceptar' is clicked on

2022-02-23 15:32:32 - [MESSAGE][PASSED] - Object: 'Object Repository/Modulo Pruebas Vinculación/Crear_un_Origen_de_Contratación/a_Aceptar' is clicked on

2022-02-23 15:32:32 - [TEST_STEP][PASSED] - click(findTestObject("Modulo Pruebas Vinculación/Crear_un_Origen_de_Contratación/a_Nuevo")): Object: 'Object Repository/Modulo Pruebas Vinculación/Crear_un_Origen_de_Contratación/a_Nuevo' is clicked on

2022-02-23 15:32:32 - [MESSAGE][PASSED] - Object: 'Object Repository/Modulo Pruebas Vinculación/Crear_un_Origen_de_Contratación/a_Nuevo' is clicked on

2022-02-23 15:32:32 - [TEST_STEP][PASSED] - setText(findTestObject("Modulo Pruebas Vinculación/Crear_un_Origen_de_Contratación/input_Cdigo_form_origencontratacioncodigo"), "5"): Text '5' is set on object 'Object Repository/Modulo Pruebas Vinculación/Crear_un_Origen_de_Contratación/input_Cdigo_form_origencontratacioncodigo'

2022-02-23 15:32:33 - [MESSAGE][PASSED] - Text '5' is set on object 'Object Repository/Modulo Pruebas Vinculación/Crear_un_Origen_de_Contratación/input_Cdigo_form_origencontratacioncodigo'

2022-02-23 15:32:33 - [TEST_STEP][PASSED] - setText(findTestObject("Modulo Pruebas Vinculación/Crear_un_Origen_de_Contratación/input_Descripcin_form_origencontrataciondescripcion"), "Pruebas katalon"): Text 'Pruebas katalon' is set on object 'Object Repository/Modulo Pruebas Vinculación/Crear_un_Origen_de_Contratación/input_Descripcin_form_origencontrataciondescripcion'

2022-02-23 15:32:34 - [MESSAGE][PASSED] - Text 'Pruebas katalon' is set on object 'Object Repository/Modulo Pruebas Vinculación/Crear_un_Origen_de_Contratación/input_Descripcin_form_origencontrataciondescripcion'

2022-02-23 15:32:34 - [TEST_STEP][PASSED] - selectOptionByIndex(findTestObject("Modulo Pruebas Vinculación/Crear_un_Origen_de_Contratación/select_Hoja Vida ExisteIngresa Hoja Manual"), "0"): All options with index in [0] are selected on object 'Object Repository/Modulo Pruebas Vinculación/Crear_un_Origen_de_Contratación/select_Hoja Vida ExisteIngresa Hoja Manual'

2022-02-23 15:32:35 - [MESSAGE][PASSED] - All options with index in [0] are selected on object 'Object Repository/Modulo Pruebas Vinculación/Crear_un_Origen_de_Contratación/select_Hoja Vida ExisteIngresa Hoja Manual'

2022-02-23 15:32:35 - [TEST_STEP][PASSED] - selectOptionByIndex(findTestObject("Modulo Pruebas Vinculación/Crear_un_Origen_de_Contratación/select_Datos de un RequerimientoDatos de una SeleccionNo aplica"), 2): All options with index in [2] are selected on object 'Object Repository/Modulo Pruebas Vinculación/Crear_un_Origen_de_Contratación/select_Datos de un RequerimientoDatos de una SeleccionNo aplica'

2022-02-23 15:32:36 - [MESSAGE][PASSED] - All options with index in [2] are selected on object 'Object Repository/Modulo Pruebas Vinculación/Crear_un_Origen_de_Contratación/select_Datos de un RequerimientoDatos de una SeleccionNo aplica'

2022-02-23 15:32:36 - [TEST_STEP][PASSED] - selectOptionByIndex(findTestObject("Modulo Pruebas Vinculación/Crear_un_Origen_de_Contratación/select_SiNo"), 1): All options with index in [1] are selected on object 'Object Repository/Modulo Pruebas Vinculación/Crear_un_Origen_de_Contratación/select_SiNo'

2022-02-23 15:32:37 - [MESSAGE][PASSED] - All options with index in [1] are selected on object 'Object Repository/Modulo Pruebas Vinculación/Crear_un_Origen_de_Contratación/select_SiNo'

2022-02-23 15:32:37 - [TEST_STEP][PASSED] - click(findTestObject("Modulo Pruebas Vinculación/Crear_un_Origen_de_Contratación/a_Guardar")): Object: 'Object Repository/Modulo Pruebas Vinculación/Crear_un_Origen_de_Contratación/a_Guardar' is clicked on

2022-02-23 15:32:37 - [MESSAGE][PASSED] - Object: 'Object Repository/Modulo Pruebas Vinculación/Crear_un_Origen_de_Contratación/a_Guardar' is clicked on]]></system-out>
         <system-err><![CDATA[]]></system-err>
      </testcase>
      <testcase name="Test Cases/7.1-Pruebas_Vinculación/7.1.4-Crear_un_Registro_de_Contratación" time="51.106" classname="Test Cases/7.1-Pruebas_Vinculación/7.1.4-Crear_un_Registro_de_Contratación" status="FAILED">
         <failure type="FAILED" message="Test Cases/7.1-Pruebas_Vinculación/7.1.4-Crear_un_Registro_de_Contratación FAILED.
Reason:
com.kms.katalon.core.exception.StepFailedException: Unable to click on object 'Object Repository/Modulo Pruebas Vinculación/Crear un Registro de Contratación/a_Anular Proceso'
	at com.kms.katalon.core.webui.keyword.internal.WebUIKeywordMain.stepFailed(WebUIKeywordMain.groovy:64)
	at com.kms.katalon.core.webui.keyword.internal.WebUIKeywordMain.runKeyword(WebUIKeywordMain.groovy:26)
	at com.kms.katalon.core.webui.keyword.builtin.ClickKeyword.click(ClickKeyword.groovy:74)
	at com.kms.katalon.core.webui.keyword.builtin.ClickKeyword.execute(ClickKeyword.groovy:40)
	at com.kms.katalon.core.keyword.internal.KeywordExecutor.executeKeywordForPlatform(KeywordExecutor.groovy:74)
	at com.kms.katalon.core.webui.keyword.WebUiBuiltInKeywords.click(WebUiBuiltInKeywords.groovy:620)
	at com.kms.katalon.core.webui.keyword.WebUiBuiltInKeywords$click$5.call(Unknown Source)
	at 7.1.4-Crear_un_Registro_de_Contratación.run(7.1.4-Crear_un_Registro_de_Contratación:50)
	at com.kms.katalon.core.main.ScriptEngine.run(ScriptEngine.java:194)
	at com.kms.katalon.core.main.ScriptEngine.runScriptAsRawText(ScriptEngine.java:119)
	at com.kms.katalon.core.main.TestCaseExecutor.runScript(TestCaseExecutor.java:442)
	at com.kms.katalon.core.main.TestCaseExecutor.doExecute(TestCaseExecutor.java:433)
	at com.kms.katalon.core.main.TestCaseExecutor.processExecutionPhase(TestCaseExecutor.java:412)
	at com.kms.katalon.core.main.TestCaseExecutor.accessMainPhase(TestCaseExecutor.java:404)
	at com.kms.katalon.core.main.TestCaseExecutor.execute(TestCaseExecutor.java:281)
	at com.kms.katalon.core.main.TestSuiteExecutor.accessTestCaseMainPhase(TestSuiteExecutor.java:202)
	at com.kms.katalon.core.main.TestSuiteExecutor.accessTestSuiteMainPhase(TestSuiteExecutor.java:164)
	at com.kms.katalon.core.main.TestSuiteExecutor.execute(TestSuiteExecutor.java:105)
	at com.kms.katalon.core.main.TestCaseMain.startTestSuite(TestCaseMain.java:185)
	at com.kms.katalon.core.main.TestCaseMain$startTestSuite$0.call(Unknown Source)
	at TempTestSuite1645646197076.run(TempTestSuite1645646197076.groovy:36)
Caused by: org.openqa.selenium.ElementClickInterceptedException: element click intercepted: Element &lt;a id=&quot;form_contratacion:panelTab:j_idt280&quot; href=&quot;#&quot; class=&quot;ui-commandlink ui-widget us-boton btn-negar&quot; onclick=&quot;PrimeFaces.ab({s:&amp;quot;form_contratacion:panelTab:j_idt280&amp;quot;,f:&amp;quot;form_contratacion&amp;quot;,u:&amp;quot;areaAplicacion&amp;quot;});return false;&quot;>...&lt;/a> is not clickable at point (384, 541). Other element would receive the click: &lt;div id=&quot;popupErrorDialog:dialog_popupFoto_modal&quot; class=&quot;ui-widget-overlay ui-dialog-mask&quot; style=&quot;z-index: 1010;&quot;>&lt;/div>
  (Session info: chrome=98.0.4758.102)
Build info: version: '3.141.59', revision: 'e82be7d358', time: '2018-11-14T08:25:53'
System info: host: 'US-AF-000371', ip: '192.168.56.1', os.name: 'Windows 10', os.arch: 'amd64', os.version: '10.0', java.version: '1.8.0_282'
Driver info: com.kms.katalon.selenium.driver.CChromeDriver
Capabilities {acceptInsecureCerts: false, browserName: chrome, browserVersion: 98.0.4758.102, chrome: {chromedriverVersion: 97.0.4692.36 (747e0a0f19c13..., userDataDir: C:\Users\DIEGO~1.ROJ\AppDat...}, goog:chromeOptions: {debuggerAddress: localhost:53989}, javascriptEnabled: true, networkConnectionEnabled: false, pageLoadStrategy: normal, platform: WINDOWS, platformName: WINDOWS, proxy: Proxy(), setWindowRect: true, strictFileInteractability: false, timeouts: {implicit: 0, pageLoad: 300000, script: 30000}, unhandledPromptBehavior: dismiss and notify, webauthn:extension:credBlob: true, webauthn:extension:largeBlob: true, webauthn:virtualAuthenticators: true}
Session ID: cca3ddb985b41bf9a7130f94191da992
	at org.openqa.selenium.remote.http.W3CHttpResponseCodec.createException(W3CHttpResponseCodec.java:187)
	at org.openqa.selenium.remote.http.W3CHttpResponseCodec.decode(W3CHttpResponseCodec.java:122)
	at org.openqa.selenium.remote.http.W3CHttpResponseCodec.decode(W3CHttpResponseCodec.java:49)
	at org.openqa.selenium.remote.HttpCommandExecutor.execute(HttpCommandExecutor.java:158)
	at org.openqa.selenium.remote.service.DriverCommandExecutor.execute(DriverCommandExecutor.java:83)
	at org.openqa.selenium.remote.RemoteWebDriver.execute(RemoteWebDriver.java:552)
	at com.kms.katalon.selenium.driver.CChromeDriver.execute(CChromeDriver.java:19)
	at org.openqa.selenium.remote.RemoteWebElement.execute(RemoteWebElement.java:285)
	at org.openqa.selenium.remote.RemoteWebElement.click(RemoteWebElement.java:84)
	at org.openqa.selenium.support.events.EventFiringWebDriver$EventFiringWebElement.lambda$new$0(EventFiringWebDriver.java:404)
	at com.sun.proxy.$Proxy11.click(Unknown Source)
	at org.openqa.selenium.support.events.EventFiringWebDriver$EventFiringWebElement.click(EventFiringWebDriver.java:417)
	at org.openqa.selenium.WebElement$click$0.call(Unknown Source)
	at com.kms.katalon.core.webui.keyword.builtin.ClickKeyword.clickUntilSuccessWithTimeout(ClickKeyword.groovy:81)
	at com.kms.katalon.core.webui.keyword.builtin.ClickKeyword.clickUntilSuccessWithTimeout(ClickKeyword.groovy)
	at com.kms.katalon.core.webui.keyword.builtin.ClickKeyword$_click_closure1.doCall(ClickKeyword.groovy:67)
	at com.kms.katalon.core.webui.keyword.builtin.ClickKeyword$_click_closure1.call(ClickKeyword.groovy)
	at com.kms.katalon.core.webui.keyword.internal.WebUIKeywordMain.runKeyword(WebUIKeywordMain.groovy:20)
	... 19 more
"/>
         <system-out><![CDATA[2022-02-23 15:32:37 - [TEST_CASE][FAILED] - Test Cases/7.1-Pruebas_Vinculación/7.1.4-Crear_un_Registro_de_Contratación: Test Cases/7.1-Pruebas_Vinculación/7.1.4-Crear_un_Registro_de_Contratación FAILED.
Reason:
com.kms.katalon.core.exception.StepFailedException: Unable to click on object 'Object Repository/Modulo Pruebas Vinculación/Crear un Registro de Contratación/a_Anular Proceso'
	at com.kms.katalon.core.webui.keyword.internal.WebUIKeywordMain.stepFailed(WebUIKeywordMain.groovy:64)
	at com.kms.katalon.core.webui.keyword.internal.WebUIKeywordMain.runKeyword(WebUIKeywordMain.groovy:26)
	at com.kms.katalon.core.webui.keyword.builtin.ClickKeyword.click(ClickKeyword.groovy:74)
	at com.kms.katalon.core.webui.keyword.builtin.ClickKeyword.execute(ClickKeyword.groovy:40)
	at com.kms.katalon.core.keyword.internal.KeywordExecutor.executeKeywordForPlatform(KeywordExecutor.groovy:74)
	at com.kms.katalon.core.webui.keyword.WebUiBuiltInKeywords.click(WebUiBuiltInKeywords.groovy:620)
	at com.kms.katalon.core.webui.keyword.WebUiBuiltInKeywords$click$5.call(Unknown Source)
	at 7.1.4-Crear_un_Registro_de_Contratación.run(7.1.4-Crear_un_Registro_de_Contratación:50)
	at com.kms.katalon.core.main.ScriptEngine.run(ScriptEngine.java:194)
	at com.kms.katalon.core.main.ScriptEngine.runScriptAsRawText(ScriptEngine.java:119)
	at com.kms.katalon.core.main.TestCaseExecutor.runScript(TestCaseExecutor.java:442)
	at com.kms.katalon.core.main.TestCaseExecutor.doExecute(TestCaseExecutor.java:433)
	at com.kms.katalon.core.main.TestCaseExecutor.processExecutionPhase(TestCaseExecutor.java:412)
	at com.kms.katalon.core.main.TestCaseExecutor.accessMainPhase(TestCaseExecutor.java:404)
	at com.kms.katalon.core.main.TestCaseExecutor.execute(TestCaseExecutor.java:281)
	at com.kms.katalon.core.main.TestSuiteExecutor.accessTestCaseMainPhase(TestSuiteExecutor.java:202)
	at com.kms.katalon.core.main.TestSuiteExecutor.accessTestSuiteMainPhase(TestSuiteExecutor.java:164)
	at com.kms.katalon.core.main.TestSuiteExecutor.execute(TestSuiteExecutor.java:105)
	at com.kms.katalon.core.main.TestCaseMain.startTestSuite(TestCaseMain.java:185)
	at com.kms.katalon.core.main.TestCaseMain$startTestSuite$0.call(Unknown Source)
	at TempTestSuite1645646197076.run(TempTestSuite1645646197076.groovy:36)
Caused by: org.openqa.selenium.ElementClickInterceptedException: element click intercepted: Element <a id="form_contratacion:panelTab:j_idt280" href="#" class="ui-commandlink ui-widget us-boton btn-negar" onclick="PrimeFaces.ab({s:&quot;form_contratacion:panelTab:j_idt280&quot;,f:&quot;form_contratacion&quot;,u:&quot;areaAplicacion&quot;});return false;">...</a> is not clickable at point (384, 541). Other element would receive the click: <div id="popupErrorDialog:dialog_popupFoto_modal" class="ui-widget-overlay ui-dialog-mask" style="z-index: 1010;"></div>
  (Session info: chrome=98.0.4758.102)
Build info: version: '3.141.59', revision: 'e82be7d358', time: '2018-11-14T08:25:53'
System info: host: 'US-AF-000371', ip: '192.168.56.1', os.name: 'Windows 10', os.arch: 'amd64', os.version: '10.0', java.version: '1.8.0_282'
Driver info: com.kms.katalon.selenium.driver.CChromeDriver
Capabilities {acceptInsecureCerts: false, browserName: chrome, browserVersion: 98.0.4758.102, chrome: {chromedriverVersion: 97.0.4692.36 (747e0a0f19c13..., userDataDir: C:\Users\DIEGO~1.ROJ\AppDat...}, goog:chromeOptions: {debuggerAddress: localhost:53989}, javascriptEnabled: true, networkConnectionEnabled: false, pageLoadStrategy: normal, platform: WINDOWS, platformName: WINDOWS, proxy: Proxy(), setWindowRect: true, strictFileInteractability: false, timeouts: {implicit: 0, pageLoad: 300000, script: 30000}, unhandledPromptBehavior: dismiss and notify, webauthn:extension:credBlob: true, webauthn:extension:largeBlob: true, webauthn:virtualAuthenticators: true}
Session ID: cca3ddb985b41bf9a7130f94191da992
	at org.openqa.selenium.remote.http.W3CHttpResponseCodec.createException(W3CHttpResponseCodec.java:187)
	at org.openqa.selenium.remote.http.W3CHttpResponseCodec.decode(W3CHttpResponseCodec.java:122)
	at org.openqa.selenium.remote.http.W3CHttpResponseCodec.decode(W3CHttpResponseCodec.java:49)
	at org.openqa.selenium.remote.HttpCommandExecutor.execute(HttpCommandExecutor.java:158)
	at org.openqa.selenium.remote.service.DriverCommandExecutor.execute(DriverCommandExecutor.java:83)
	at org.openqa.selenium.remote.RemoteWebDriver.execute(RemoteWebDriver.java:552)
	at com.kms.katalon.selenium.driver.CChromeDriver.execute(CChromeDriver.java:19)
	at org.openqa.selenium.remote.RemoteWebElement.execute(RemoteWebElement.java:285)
	at org.openqa.selenium.remote.RemoteWebElement.click(RemoteWebElement.java:84)
	at org.openqa.selenium.support.events.EventFiringWebDriver$EventFiringWebElement.lambda$new$0(EventFiringWebDriver.java:404)
	at com.sun.proxy.$Proxy11.click(Unknown Source)
	at org.openqa.selenium.support.events.EventFiringWebDriver$EventFiringWebElement.click(EventFiringWebDriver.java:417)
	at org.openqa.selenium.WebElement$click$0.call(Unknown Source)
	at com.kms.katalon.core.webui.keyword.builtin.ClickKeyword.clickUntilSuccessWithTimeout(ClickKeyword.groovy:81)
	at com.kms.katalon.core.webui.keyword.builtin.ClickKeyword.clickUntilSuccessWithTimeout(ClickKeyword.groovy)
	at com.kms.katalon.core.webui.keyword.builtin.ClickKeyword$_click_closure1.doCall(ClickKeyword.groovy:67)
	at com.kms.katalon.core.webui.keyword.builtin.ClickKeyword$_click_closure1.call(ClickKeyword.groovy)
	at com.kms.katalon.core.webui.keyword.internal.WebUIKeywordMain.runKeyword(WebUIKeywordMain.groovy:20)
	... 19 more


2022-02-23 15:32:38 - [TEST_STEP][PASSED] - callTestCase(findTestCase("0.1-Login"), [:], STOP_ON_FAILURE): Call Test Case 'Test Cases/0.1-Login' successfully

2022-02-23 15:32:38 - [TEST_CASE][PASSED] - Test Cases/0.1-Login: Test Cases/0.1-Login

2022-02-23 15:32:38 - [TEST_STEP][PASSED] - openBrowser(""): Browser is opened with url: ''

2022-02-23 15:32:38 - [MESSAGE][WARNING] - A browser is already opened. Closing browser and opening a new one

2022-02-23 15:32:39 - [MESSAGE][INFO] - Starting 'Chrome' driver

2022-02-23 15:32:39 - [MESSAGE][INFO] - Action delay is set to 0 milliseconds

2022-02-23 15:32:40 - [MESSAGE][PASSED] - Browser is opened with url: ''

2022-02-23 15:32:40 - [TEST_STEP][PASSED] - maximizeWindow(): Current window maximized

2022-02-23 15:32:40 - [MESSAGE][PASSED] - Current window maximized

2022-02-23 15:32:40 - [TEST_STEP][PASSED] - i = G_Login: null

2022-02-23 15:32:40 - [TEST_STEP][PASSED] - url = new java.net.URL(i): null

2022-02-23 15:32:40 - [TEST_STEP][PASSED] - println("URL: " + url.toString()): null

2022-02-23 15:32:40 - [TEST_STEP][PASSED] - connection = url.openConnection(): null

2022-02-23 15:32:40 - [TEST_STEP][PASSED] - connection.setRequestMethod("GET"): null

2022-02-23 15:32:40 - [TEST_STEP][PASSED] - connection.setReadTimeout(2 * 1000): null

2022-02-23 15:32:40 - [TEST_STEP][PASSED] - try: null

2022-02-23 15:32:40 - [TEST_STEP][PASSED] - connection.connect(): null

2022-02-23 15:32:40 - [TEST_STEP][PASSED] - flag = connected: null

2022-02-23 15:32:40 - [TEST_STEP][PASSED] - println("Valor_ori: " + flag): null

2022-02-23 15:32:40 - [TEST_STEP][PASSED] - if (flag): null

2022-02-23 15:32:40 - [TEST_STEP][PASSED] - navigateToUrl(i): Navigate to 'http://192.168.2.80:8380/saraweb' successfully

2022-02-23 15:32:41 - [MESSAGE][PASSED] - Navigate to 'http://192.168.2.80:8380/saraweb' successfully

2022-02-23 15:32:41 - [TEST_STEP][PASSED] - a(): null

2022-02-23 15:32:41 - [TEST_STEP][PASSED] - setText(findTestObject("Login/input_USUARIO_loginusuario"), G_Usuario): Text 'saraadmin' is set on object 'Object Repository/Login/input_USUARIO_loginusuario'

2022-02-23 15:32:41 - [MESSAGE][PASSED] - Text 'saraadmin' is set on object 'Object Repository/Login/input_USUARIO_loginusuario'

2022-02-23 15:32:41 - [TEST_STEP][PASSED] - setEncryptedText(findTestObject("Login/input_CLAVE_loginpassword"), "MkG4/TYiCFC3cb2driP7+Q=="): Text ****** has been set on object 'Object Repository/Login/input_CLAVE_loginpassword'

2022-02-23 15:32:42 - [MESSAGE][PASSED] - Text ****** has been set on object 'Object Repository/Login/input_CLAVE_loginpassword'

2022-02-23 15:32:42 - [TEST_STEP][PASSED] - waitForElementClickable(findTestObject("Login/a_Ingresar"), G_TimeOut): Object 'Object Repository/Login/a_Ingresar' is clickable

2022-02-23 15:32:42 - [MESSAGE][PASSED] - Object 'Object Repository/Login/a_Ingresar' is clickable

2022-02-23 15:32:42 - [TEST_STEP][PASSED] - click(findTestObject("Login/a_Ingresar")): Object: 'Object Repository/Login/a_Ingresar' is clicked on

2022-02-23 15:32:43 - [MESSAGE][PASSED] - Object: 'Object Repository/Login/a_Ingresar' is clicked on

2022-02-23 15:32:43 - [TEST_STEP][PASSED] - element = findWebElement(findTestObject("Login/a_Ir"), 30): null

2022-02-23 15:32:43 - [TEST_STEP][PASSED] - executeJavaScript("arguments[0].click()", Arrays.asList(element)): Execute JavaScript 'arguments[0].click()' successfully

2022-02-23 15:32:44 - [MESSAGE][PASSED] - Execute JavaScript 'arguments[0].click()' successfully

2022-02-23 15:32:44 - [MESSAGE][PASSED] - Call Test Case 'Test Cases/0.1-Login' successfully

2022-02-23 15:32:44 - [TEST_STEP][PASSED] - setText(findTestObject("Modulo Pruebas Vinculación/Crear un Registro de Contratación/input_Empresa 1_form_templatej_idt24_input"), "listado contratacion"): Text 'listado contratacion' is set on object 'Object Repository/Modulo Pruebas Vinculación/Crear un Registro de Contratación/input_Empresa 1_form_templatej_idt24_input'

2022-02-23 15:32:45 - [MESSAGE][PASSED] - Text 'listado contratacion' is set on object 'Object Repository/Modulo Pruebas Vinculación/Crear un Registro de Contratación/input_Empresa 1_form_templatej_idt24_input'

2022-02-23 15:32:45 - [TEST_STEP][PASSED] - click(findTestObject("Modulo Pruebas Vinculación/Crear un Registro de Contratación/li_Listado Contratacion (tal)")): Object: 'Object Repository/Modulo Pruebas Vinculación/Crear un Registro de Contratación/li_Listado Contratacion (tal)' is clicked on

2022-02-23 15:32:46 - [MESSAGE][PASSED] - Object: 'Object Repository/Modulo Pruebas Vinculación/Crear un Registro de Contratación/li_Listado Contratacion (tal)' is clicked on

2022-02-23 15:32:46 - [TEST_STEP][PASSED] - selectOptionByIndex(findTestObject("Modulo Pruebas Vinculación/Crear un Registro de Contratación/select_-- Seleccione --ANULADOCERRADOELIMINADOSOLICITADO"), 4): All options with index in [4] are selected on object 'Object Repository/Modulo Pruebas Vinculación/Crear un Registro de Contratación/select_-- Seleccione --ANULADOCERRADOELIMINADOSOLICITADO'

2022-02-23 15:32:48 - [MESSAGE][PASSED] - All options with index in [4] are selected on object 'Object Repository/Modulo Pruebas Vinculación/Crear un Registro de Contratación/select_-- Seleccione --ANULADOCERRADOELIMINADOSOLICITADO'

2022-02-23 15:32:48 - [TEST_STEP][PASSED] - click(findTestObject("Modulo Pruebas Vinculación/Crear un Registro de Contratación/a_Nombre Persona_listado_contratacionj_idt68")): Object: 'Object Repository/Modulo Pruebas Vinculación/Crear un Registro de Contratación/a_Nombre Persona_listado_contratacionj_idt68' is clicked on

2022-02-23 15:32:49 - [MESSAGE][PASSED] - Object: 'Object Repository/Modulo Pruebas Vinculación/Crear un Registro de Contratación/a_Nombre Persona_listado_contratacionj_idt68' is clicked on

2022-02-23 15:32:49 - [TEST_STEP][PASSED] - setText(findTestObject("Modulo Pruebas Vinculación/Crear un Registro de Contratación/input_Filtro Hoja de Vida_formPopupHojaVidaj_idt13270"), "A A A"): Text 'A A A' is set on object 'Object Repository/Modulo Pruebas Vinculación/Crear un Registro de Contratación/input_Filtro Hoja de Vida_formPopupHojaVidaj_idt13270'

2022-02-23 15:32:50 - [MESSAGE][PASSED] - Text 'A A A' is set on object 'Object Repository/Modulo Pruebas Vinculación/Crear un Registro de Contratación/input_Filtro Hoja de Vida_formPopupHojaVidaj_idt13270'

2022-02-23 15:32:50 - [TEST_STEP][PASSED] - sendKeys(findTestObject("Modulo Pruebas Vinculación/Crear un Registro de Contratación/input_Filtro Hoja de Vida_formPopupHojaVidaj_idt13270"), Keys.chord(ENTER)): Keys 'ENTER + ' sent to object: 'Object Repository/Modulo Pruebas Vinculación/Crear un Registro de Contratación/input_Filtro Hoja de Vida_formPopupHojaVidaj_idt13270'

2022-02-23 15:32:50 - [MESSAGE][PASSED] - Keys 'ENTER + ' sent to object: 'Object Repository/Modulo Pruebas Vinculación/Crear un Registro de Contratación/input_Filtro Hoja de Vida_formPopupHojaVidaj_idt13270'

2022-02-23 15:32:50 - [TEST_STEP][PASSED] - click(findTestObject("Modulo Pruebas Vinculación/Crear un Registro de Contratación/span_A A A1")): Object: 'Object Repository/Modulo Pruebas Vinculación/Crear un Registro de Contratación/span_A A A1' is clicked on

2022-02-23 15:32:51 - [MESSAGE][PASSED] - Object: 'Object Repository/Modulo Pruebas Vinculación/Crear un Registro de Contratación/span_A A A1' is clicked on

2022-02-23 15:32:51 - [TEST_STEP][PASSED] - if (waitForElementVisible(findTestObject("Modulo Pruebas Vinculación/Crear un Registro de Contratación/td_A A A"), 1)): null

2022-02-23 15:32:52 - [MESSAGE][PASSED] - Object 'Object Repository/Modulo Pruebas Vinculación/Crear un Registro de Contratación/td_A A A' is visible

2022-02-23 15:32:52 - [TEST_STEP][PASSED] - click(findTestObject("Modulo Pruebas Vinculación/Crear un Registro de Contratación/td_A A A")): Object: 'Object Repository/Modulo Pruebas Vinculación/Crear un Registro de Contratación/td_A A A' is clicked on

2022-02-23 15:32:52 - [MESSAGE][PASSED] - Object: 'Object Repository/Modulo Pruebas Vinculación/Crear un Registro de Contratación/td_A A A' is clicked on

2022-02-23 15:32:52 - [TEST_STEP][PASSED] - setText(findTestObject("Modulo Pruebas Vinculación/Crear un Registro de Contratación/textarea_Motivo_form_contratacionpanelTabmotivo"), "PRUEBAS KATALON"): Text 'PRUEBAS KATALON' is set on object 'Object Repository/Modulo Pruebas Vinculación/Crear un Registro de Contratación/textarea_Motivo_form_contratacionpanelTabmotivo'

2022-02-23 15:32:54 - [MESSAGE][PASSED] - Text 'PRUEBAS KATALON' is set on object 'Object Repository/Modulo Pruebas Vinculación/Crear un Registro de Contratación/textarea_Motivo_form_contratacionpanelTabmotivo'

2022-02-23 15:32:54 - [TEST_STEP][PASSED] - selectOptionByIndex(findTestObject("Modulo Pruebas Vinculación/Crear un Registro de Contratación/select_--Seleccione--NOSI"), 1): All options with index in [1] are selected on object 'Object Repository/Modulo Pruebas Vinculación/Crear un Registro de Contratación/select_--Seleccione--NOSI'

2022-02-23 15:32:55 - [MESSAGE][PASSED] - All options with index in [1] are selected on object 'Object Repository/Modulo Pruebas Vinculación/Crear un Registro de Contratación/select_--Seleccione--NOSI'

2022-02-23 15:32:55 - [TEST_STEP][FAILED] - click(findTestObject("Modulo Pruebas Vinculación/Crear un Registro de Contratación/a_Anular Proceso")): Unable to click on object 'Object Repository/Modulo Pruebas Vinculación/Crear un Registro de Contratación/a_Anular Proceso' (Root cause: com.kms.katalon.core.exception.StepFailedException: Unable to click on object 'Object Repository/Modulo Pruebas Vinculación/Crear un Registro de Contratación/a_Anular Proceso'
	at com.kms.katalon.core.webui.keyword.internal.WebUIKeywordMain.stepFailed(WebUIKeywordMain.groovy:64)
	at com.kms.katalon.core.webui.keyword.internal.WebUIKeywordMain.runKeyword(WebUIKeywordMain.groovy:26)
	at com.kms.katalon.core.webui.keyword.builtin.ClickKeyword.click(ClickKeyword.groovy:74)
	at com.kms.katalon.core.webui.keyword.builtin.ClickKeyword.execute(ClickKeyword.groovy:40)
	at com.kms.katalon.core.keyword.internal.KeywordExecutor.executeKeywordForPlatform(KeywordExecutor.groovy:74)
	at com.kms.katalon.core.webui.keyword.WebUiBuiltInKeywords.click(WebUiBuiltInKeywords.groovy:620)
	at com.kms.katalon.core.webui.keyword.WebUiBuiltInKeywords$click$5.call(Unknown Source)
	at 7.1.4-Crear_un_Registro_de_Contratación.run(7.1.4-Crear_un_Registro_de_Contratación:50)
	at com.kms.katalon.core.main.ScriptEngine.run(ScriptEngine.java:194)
	at com.kms.katalon.core.main.ScriptEngine.runScriptAsRawText(ScriptEngine.java:119)
	at com.kms.katalon.core.main.TestCaseExecutor.runScript(TestCaseExecutor.java:442)
	at com.kms.katalon.core.main.TestCaseExecutor.doExecute(TestCaseExecutor.java:433)
	at com.kms.katalon.core.main.TestCaseExecutor.processExecutionPhase(TestCaseExecutor.java:412)
	at com.kms.katalon.core.main.TestCaseExecutor.accessMainPhase(TestCaseExecutor.java:404)
	at com.kms.katalon.core.main.TestCaseExecutor.execute(TestCaseExecutor.java:281)
	at com.kms.katalon.core.main.TestSuiteExecutor.accessTestCaseMainPhase(TestSuiteExecutor.java:202)
	at com.kms.katalon.core.main.TestSuiteExecutor.accessTestSuiteMainPhase(TestSuiteExecutor.java:164)
	at com.kms.katalon.core.main.TestSuiteExecutor.execute(TestSuiteExecutor.java:105)
	at com.kms.katalon.core.main.TestCaseMain.startTestSuite(TestCaseMain.java:185)
	at com.kms.katalon.core.main.TestCaseMain$startTestSuite$0.call(Unknown Source)
	at TempTestSuite1645646197076.run(TempTestSuite1645646197076.groovy:36)
Caused by: org.openqa.selenium.ElementClickInterceptedException: element click intercepted: Element <a id="form_contratacion:panelTab:j_idt280" href="#" class="ui-commandlink ui-widget us-boton btn-negar" onclick="PrimeFaces.ab({s:&quot;form_contratacion:panelTab:j_idt280&quot;,f:&quot;form_contratacion&quot;,u:&quot;areaAplicacion&quot;});return false;">...</a> is not clickable at point (384, 541). Other element would receive the click: <div id="popupErrorDialog:dialog_popupFoto_modal" class="ui-widget-overlay ui-dialog-mask" style="z-index: 1010;"></div>
  (Session info: chrome=98.0.4758.102)
Build info: version: '3.141.59', revision: 'e82be7d358', time: '2018-11-14T08:25:53'
System info: host: 'US-AF-000371', ip: '192.168.56.1', os.name: 'Windows 10', os.arch: 'amd64', os.version: '10.0', java.version: '1.8.0_282'
Driver info: com.kms.katalon.selenium.driver.CChromeDriver
Capabilities {acceptInsecureCerts: false, browserName: chrome, browserVersion: 98.0.4758.102, chrome: {chromedriverVersion: 97.0.4692.36 (747e0a0f19c13..., userDataDir: C:\Users\DIEGO~1.ROJ\AppDat...}, goog:chromeOptions: {debuggerAddress: localhost:53989}, javascriptEnabled: true, networkConnectionEnabled: false, pageLoadStrategy: normal, platform: WINDOWS, platformName: WINDOWS, proxy: Proxy(), setWindowRect: true, strictFileInteractability: false, timeouts: {implicit: 0, pageLoad: 300000, script: 30000}, unhandledPromptBehavior: dismiss and notify, webauthn:extension:credBlob: true, webauthn:extension:largeBlob: true, webauthn:virtualAuthenticators: true}
Session ID: cca3ddb985b41bf9a7130f94191da992
	at org.openqa.selenium.remote.http.W3CHttpResponseCodec.createException(W3CHttpResponseCodec.java:187)
	at org.openqa.selenium.remote.http.W3CHttpResponseCodec.decode(W3CHttpResponseCodec.java:122)
	at org.openqa.selenium.remote.http.W3CHttpResponseCodec.decode(W3CHttpResponseCodec.java:49)
	at org.openqa.selenium.remote.HttpCommandExecutor.execute(HttpCommandExecutor.java:158)
	at org.openqa.selenium.remote.service.DriverCommandExecutor.execute(DriverCommandExecutor.java:83)
	at org.openqa.selenium.remote.RemoteWebDriver.execute(RemoteWebDriver.java:552)
	at com.kms.katalon.selenium.driver.CChromeDriver.execute(CChromeDriver.java:19)
	at org.openqa.selenium.remote.RemoteWebElement.execute(RemoteWebElement.java:285)
	at org.openqa.selenium.remote.RemoteWebElement.click(RemoteWebElement.java:84)
	at org.openqa.selenium.support.events.EventFiringWebDriver$EventFiringWebElement.lambda$new$0(EventFiringWebDriver.java:404)
	at com.sun.proxy.$Proxy11.click(Unknown Source)
	at org.openqa.selenium.support.events.EventFiringWebDriver$EventFiringWebElement.click(EventFiringWebDriver.java:417)
	at org.openqa.selenium.WebElement$click$0.call(Unknown Source)
	at com.kms.katalon.core.webui.keyword.builtin.ClickKeyword.clickUntilSuccessWithTimeout(ClickKeyword.groovy:81)
	at com.kms.katalon.core.webui.keyword.builtin.ClickKeyword.clickUntilSuccessWithTimeout(ClickKeyword.groovy)
	at com.kms.katalon.core.webui.keyword.builtin.ClickKeyword$_click_closure1.doCall(ClickKeyword.groovy:67)
	at com.kms.katalon.core.webui.keyword.builtin.ClickKeyword$_click_closure1.call(ClickKeyword.groovy)
	at com.kms.katalon.core.webui.keyword.internal.WebUIKeywordMain.runKeyword(WebUIKeywordMain.groovy:20)
	at com.kms.katalon.core.webui.keyword.builtin.ClickKeyword.click(ClickKeyword.groovy:74)
	at com.kms.katalon.core.webui.keyword.builtin.ClickKeyword.execute(ClickKeyword.groovy:40)
	at com.kms.katalon.core.keyword.internal.KeywordExecutor.executeKeywordForPlatform(KeywordExecutor.groovy:74)
	at com.kms.katalon.core.webui.keyword.WebUiBuiltInKeywords.click(WebUiBuiltInKeywords.groovy:620)
	at com.kms.katalon.core.webui.keyword.WebUiBuiltInKeywords$click$5.call(Unknown Source)
	at Script1641993971489.run(Script1641993971489.groovy:50)
	... 13 more
)

2022-02-23 15:33:28 - [MESSAGE][FAILED] - Unable to click on object 'Object Repository/Modulo Pruebas Vinculación/Crear un Registro de Contratación/a_Anular Proceso' (Root cause: com.kms.katalon.core.exception.StepFailedException: Unable to click on object 'Object Repository/Modulo Pruebas Vinculación/Crear un Registro de Contratación/a_Anular Proceso'
	at com.kms.katalon.core.webui.keyword.internal.WebUIKeywordMain.stepFailed(WebUIKeywordMain.groovy:64)
	at com.kms.katalon.core.webui.keyword.internal.WebUIKeywordMain.runKeyword(WebUIKeywordMain.groovy:26)
	at com.kms.katalon.core.webui.keyword.builtin.ClickKeyword.click(ClickKeyword.groovy:74)
	at com.kms.katalon.core.webui.keyword.builtin.ClickKeyword.execute(ClickKeyword.groovy:40)
	at com.kms.katalon.core.keyword.internal.KeywordExecutor.executeKeywordForPlatform(KeywordExecutor.groovy:74)
	at com.kms.katalon.core.webui.keyword.WebUiBuiltInKeywords.click(WebUiBuiltInKeywords.groovy:620)
	at com.kms.katalon.core.webui.keyword.WebUiBuiltInKeywords$click$5.call(Unknown Source)
	at 7.1.4-Crear_un_Registro_de_Contratación.run(7.1.4-Crear_un_Registro_de_Contratación:50)
	at com.kms.katalon.core.main.ScriptEngine.run(ScriptEngine.java:194)
	at com.kms.katalon.core.main.ScriptEngine.runScriptAsRawText(ScriptEngine.java:119)
	at com.kms.katalon.core.main.TestCaseExecutor.runScript(TestCaseExecutor.java:442)
	at com.kms.katalon.core.main.TestCaseExecutor.doExecute(TestCaseExecutor.java:433)
	at com.kms.katalon.core.main.TestCaseExecutor.processExecutionPhase(TestCaseExecutor.java:412)
	at com.kms.katalon.core.main.TestCaseExecutor.accessMainPhase(TestCaseExecutor.java:404)
	at com.kms.katalon.core.main.TestCaseExecutor.execute(TestCaseExecutor.java:281)
	at com.kms.katalon.core.main.TestSuiteExecutor.accessTestCaseMainPhase(TestSuiteExecutor.java:202)
	at com.kms.katalon.core.main.TestSuiteExecutor.accessTestSuiteMainPhase(TestSuiteExecutor.java:164)
	at com.kms.katalon.core.main.TestSuiteExecutor.execute(TestSuiteExecutor.java:105)
	at com.kms.katalon.core.main.TestCaseMain.startTestSuite(TestCaseMain.java:185)
	at com.kms.katalon.core.main.TestCaseMain$startTestSuite$0.call(Unknown Source)
	at TempTestSuite1645646197076.run(TempTestSuite1645646197076.groovy:36)
Caused by: org.openqa.selenium.ElementClickInterceptedException: element click intercepted: Element <a id="form_contratacion:panelTab:j_idt280" href="#" class="ui-commandlink ui-widget us-boton btn-negar" onclick="PrimeFaces.ab({s:&quot;form_contratacion:panelTab:j_idt280&quot;,f:&quot;form_contratacion&quot;,u:&quot;areaAplicacion&quot;});return false;">...</a> is not clickable at point (384, 541). Other element would receive the click: <div id="popupErrorDialog:dialog_popupFoto_modal" class="ui-widget-overlay ui-dialog-mask" style="z-index: 1010;"></div>
  (Session info: chrome=98.0.4758.102)
Build info: version: '3.141.59', revision: 'e82be7d358', time: '2018-11-14T08:25:53'
System info: host: 'US-AF-000371', ip: '192.168.56.1', os.name: 'Windows 10', os.arch: 'amd64', os.version: '10.0', java.version: '1.8.0_282'
Driver info: com.kms.katalon.selenium.driver.CChromeDriver
Capabilities {acceptInsecureCerts: false, browserName: chrome, browserVersion: 98.0.4758.102, chrome: {chromedriverVersion: 97.0.4692.36 (747e0a0f19c13..., userDataDir: C:\Users\DIEGO~1.ROJ\AppDat...}, goog:chromeOptions: {debuggerAddress: localhost:53989}, javascriptEnabled: true, networkConnectionEnabled: false, pageLoadStrategy: normal, platform: WINDOWS, platformName: WINDOWS, proxy: Proxy(), setWindowRect: true, strictFileInteractability: false, timeouts: {implicit: 0, pageLoad: 300000, script: 30000}, unhandledPromptBehavior: dismiss and notify, webauthn:extension:credBlob: true, webauthn:extension:largeBlob: true, webauthn:virtualAuthenticators: true}
Session ID: cca3ddb985b41bf9a7130f94191da992
	at org.openqa.selenium.remote.http.W3CHttpResponseCodec.createException(W3CHttpResponseCodec.java:187)
	at org.openqa.selenium.remote.http.W3CHttpResponseCodec.decode(W3CHttpResponseCodec.java:122)
	at org.openqa.selenium.remote.http.W3CHttpResponseCodec.decode(W3CHttpResponseCodec.java:49)
	at org.openqa.selenium.remote.HttpCommandExecutor.execute(HttpCommandExecutor.java:158)
	at org.openqa.selenium.remote.service.DriverCommandExecutor.execute(DriverCommandExecutor.java:83)
	at org.openqa.selenium.remote.RemoteWebDriver.execute(RemoteWebDriver.java:552)
	at com.kms.katalon.selenium.driver.CChromeDriver.execute(CChromeDriver.java:19)
	at org.openqa.selenium.remote.RemoteWebElement.execute(RemoteWebElement.java:285)
	at org.openqa.selenium.remote.RemoteWebElement.click(RemoteWebElement.java:84)
	at org.openqa.selenium.support.events.EventFiringWebDriver$EventFiringWebElement.lambda$new$0(EventFiringWebDriver.java:404)
	at com.sun.proxy.$Proxy11.click(Unknown Source)
	at org.openqa.selenium.support.events.EventFiringWebDriver$EventFiringWebElement.click(EventFiringWebDriver.java:417)
	at org.openqa.selenium.WebElement$click$0.call(Unknown Source)
	at com.kms.katalon.core.webui.keyword.builtin.ClickKeyword.clickUntilSuccessWithTimeout(ClickKeyword.groovy:81)
	at com.kms.katalon.core.webui.keyword.builtin.ClickKeyword.clickUntilSuccessWithTimeout(ClickKeyword.groovy)
	at com.kms.katalon.core.webui.keyword.builtin.ClickKeyword$_click_closure1.doCall(ClickKeyword.groovy:67)
	at com.kms.katalon.core.webui.keyword.builtin.ClickKeyword$_click_closure1.call(ClickKeyword.groovy)
	at com.kms.katalon.core.webui.keyword.internal.WebUIKeywordMain.runKeyword(WebUIKeywordMain.groovy:20)
	at com.kms.katalon.core.webui.keyword.builtin.ClickKeyword.click(ClickKeyword.groovy:74)
	at com.kms.katalon.core.webui.keyword.builtin.ClickKeyword.execute(ClickKeyword.groovy:40)
	at com.kms.katalon.core.keyword.internal.KeywordExecutor.executeKeywordForPlatform(KeywordExecutor.groovy:74)
	at com.kms.katalon.core.webui.keyword.WebUiBuiltInKeywords.click(WebUiBuiltInKeywords.groovy:620)
	at com.kms.katalon.core.webui.keyword.WebUiBuiltInKeywords$click$5.call(Unknown Source)
	at Script1641993971489.run(Script1641993971489.groovy:50)
	... 13 more
)
[[ATTACHMENT|C:\\Users\\diego.rojas\\git\\Pruebas-Minimas\\Reports\\20220223_145603\\7-Pruebas_Vinculaci\u00F3n\\20220223_145637\\1645648408819.png]]]]></system-out>
         <system-err><![CDATA[2022-02-23 15:32:37 - [TEST_CASE][FAILED] - Test Cases/7.1-Pruebas_Vinculación/7.1.4-Crear_un_Registro_de_Contratación: Test Cases/7.1-Pruebas_Vinculación/7.1.4-Crear_un_Registro_de_Contratación FAILED.
Reason:
com.kms.katalon.core.exception.StepFailedException: Unable to click on object 'Object Repository/Modulo Pruebas Vinculación/Crear un Registro de Contratación/a_Anular Proceso'
	at com.kms.katalon.core.webui.keyword.internal.WebUIKeywordMain.stepFailed(WebUIKeywordMain.groovy:64)
	at com.kms.katalon.core.webui.keyword.internal.WebUIKeywordMain.runKeyword(WebUIKeywordMain.groovy:26)
	at com.kms.katalon.core.webui.keyword.builtin.ClickKeyword.click(ClickKeyword.groovy:74)
	at com.kms.katalon.core.webui.keyword.builtin.ClickKeyword.execute(ClickKeyword.groovy:40)
	at com.kms.katalon.core.keyword.internal.KeywordExecutor.executeKeywordForPlatform(KeywordExecutor.groovy:74)
	at com.kms.katalon.core.webui.keyword.WebUiBuiltInKeywords.click(WebUiBuiltInKeywords.groovy:620)
	at com.kms.katalon.core.webui.keyword.WebUiBuiltInKeywords$click$5.call(Unknown Source)
	at 7.1.4-Crear_un_Registro_de_Contratación.run(7.1.4-Crear_un_Registro_de_Contratación:50)
	at com.kms.katalon.core.main.ScriptEngine.run(ScriptEngine.java:194)
	at com.kms.katalon.core.main.ScriptEngine.runScriptAsRawText(ScriptEngine.java:119)
	at com.kms.katalon.core.main.TestCaseExecutor.runScript(TestCaseExecutor.java:442)
	at com.kms.katalon.core.main.TestCaseExecutor.doExecute(TestCaseExecutor.java:433)
	at com.kms.katalon.core.main.TestCaseExecutor.processExecutionPhase(TestCaseExecutor.java:412)
	at com.kms.katalon.core.main.TestCaseExecutor.accessMainPhase(TestCaseExecutor.java:404)
	at com.kms.katalon.core.main.TestCaseExecutor.execute(TestCaseExecutor.java:281)
	at com.kms.katalon.core.main.TestSuiteExecutor.accessTestCaseMainPhase(TestSuiteExecutor.java:202)
	at com.kms.katalon.core.main.TestSuiteExecutor.accessTestSuiteMainPhase(TestSuiteExecutor.java:164)
	at com.kms.katalon.core.main.TestSuiteExecutor.execute(TestSuiteExecutor.java:105)
	at com.kms.katalon.core.main.TestCaseMain.startTestSuite(TestCaseMain.java:185)
	at com.kms.katalon.core.main.TestCaseMain$startTestSuite$0.call(Unknown Source)
	at TempTestSuite1645646197076.run(TempTestSuite1645646197076.groovy:36)
Caused by: org.openqa.selenium.ElementClickInterceptedException: element click intercepted: Element <a id="form_contratacion:panelTab:j_idt280" href="#" class="ui-commandlink ui-widget us-boton btn-negar" onclick="PrimeFaces.ab({s:&quot;form_contratacion:panelTab:j_idt280&quot;,f:&quot;form_contratacion&quot;,u:&quot;areaAplicacion&quot;});return false;">...</a> is not clickable at point (384, 541). Other element would receive the click: <div id="popupErrorDialog:dialog_popupFoto_modal" class="ui-widget-overlay ui-dialog-mask" style="z-index: 1010;"></div>
  (Session info: chrome=98.0.4758.102)
Build info: version: '3.141.59', revision: 'e82be7d358', time: '2018-11-14T08:25:53'
System info: host: 'US-AF-000371', ip: '192.168.56.1', os.name: 'Windows 10', os.arch: 'amd64', os.version: '10.0', java.version: '1.8.0_282'
Driver info: com.kms.katalon.selenium.driver.CChromeDriver
Capabilities {acceptInsecureCerts: false, browserName: chrome, browserVersion: 98.0.4758.102, chrome: {chromedriverVersion: 97.0.4692.36 (747e0a0f19c13..., userDataDir: C:\Users\DIEGO~1.ROJ\AppDat...}, goog:chromeOptions: {debuggerAddress: localhost:53989}, javascriptEnabled: true, networkConnectionEnabled: false, pageLoadStrategy: normal, platform: WINDOWS, platformName: WINDOWS, proxy: Proxy(), setWindowRect: true, strictFileInteractability: false, timeouts: {implicit: 0, pageLoad: 300000, script: 30000}, unhandledPromptBehavior: dismiss and notify, webauthn:extension:credBlob: true, webauthn:extension:largeBlob: true, webauthn:virtualAuthenticators: true}
Session ID: cca3ddb985b41bf9a7130f94191da992
	at org.openqa.selenium.remote.http.W3CHttpResponseCodec.createException(W3CHttpResponseCodec.java:187)
	at org.openqa.selenium.remote.http.W3CHttpResponseCodec.decode(W3CHttpResponseCodec.java:122)
	at org.openqa.selenium.remote.http.W3CHttpResponseCodec.decode(W3CHttpResponseCodec.java:49)
	at org.openqa.selenium.remote.HttpCommandExecutor.execute(HttpCommandExecutor.java:158)
	at org.openqa.selenium.remote.service.DriverCommandExecutor.execute(DriverCommandExecutor.java:83)
	at org.openqa.selenium.remote.RemoteWebDriver.execute(RemoteWebDriver.java:552)
	at com.kms.katalon.selenium.driver.CChromeDriver.execute(CChromeDriver.java:19)
	at org.openqa.selenium.remote.RemoteWebElement.execute(RemoteWebElement.java:285)
	at org.openqa.selenium.remote.RemoteWebElement.click(RemoteWebElement.java:84)
	at org.openqa.selenium.support.events.EventFiringWebDriver$EventFiringWebElement.lambda$new$0(EventFiringWebDriver.java:404)
	at com.sun.proxy.$Proxy11.click(Unknown Source)
	at org.openqa.selenium.support.events.EventFiringWebDriver$EventFiringWebElement.click(EventFiringWebDriver.java:417)
	at org.openqa.selenium.WebElement$click$0.call(Unknown Source)
	at com.kms.katalon.core.webui.keyword.builtin.ClickKeyword.clickUntilSuccessWithTimeout(ClickKeyword.groovy:81)
	at com.kms.katalon.core.webui.keyword.builtin.ClickKeyword.clickUntilSuccessWithTimeout(ClickKeyword.groovy)
	at com.kms.katalon.core.webui.keyword.builtin.ClickKeyword$_click_closure1.doCall(ClickKeyword.groovy:67)
	at com.kms.katalon.core.webui.keyword.builtin.ClickKeyword$_click_closure1.call(ClickKeyword.groovy)
	at com.kms.katalon.core.webui.keyword.internal.WebUIKeywordMain.runKeyword(WebUIKeywordMain.groovy:20)
	... 19 more]]></system-err>
      </testcase>
      <testcase name="Test Cases/7.1-Pruebas_Vinculación/7.1.5-Validar_la_creación_del_Registro_de_Contratación_por_BPM" time="22.309" classname="Test Cases/7.1-Pruebas_Vinculación/7.1.5-Validar_la_creación_del_Registro_de_Contratación_por_BPM" status="PASSED">
         <system-out><![CDATA[2022-02-23 15:33:28 - [TEST_CASE][PASSED] - Test Cases/7.1-Pruebas_Vinculación/7.1.5-Validar_la_creación_del_Registro_de_Contratación_por_BPM: Test Cases/7.1-Pruebas_Vinculación/7.1.5-Validar_la_creación_del_Registro_de_Contratación_por_BPM

2022-02-23 15:33:29 - [TEST_STEP][PASSED] - callTestCase(findTestCase("0.1-Login"), [:], STOP_ON_FAILURE): Call Test Case 'Test Cases/0.1-Login' successfully

2022-02-23 15:33:29 - [TEST_CASE][PASSED] - Test Cases/0.1-Login: Test Cases/0.1-Login

2022-02-23 15:33:29 - [TEST_STEP][PASSED] - openBrowser(""): Browser is opened with url: ''

2022-02-23 15:33:29 - [MESSAGE][WARNING] - A browser is already opened. Closing browser and opening a new one

2022-02-23 15:33:30 - [MESSAGE][INFO] - Starting 'Chrome' driver

2022-02-23 15:33:30 - [MESSAGE][INFO] - Action delay is set to 0 milliseconds

2022-02-23 15:33:31 - [MESSAGE][PASSED] - Browser is opened with url: ''

2022-02-23 15:33:31 - [TEST_STEP][PASSED] - maximizeWindow(): Current window maximized

2022-02-23 15:33:31 - [MESSAGE][PASSED] - Current window maximized

2022-02-23 15:33:31 - [TEST_STEP][PASSED] - i = G_Login: null

2022-02-23 15:33:31 - [TEST_STEP][PASSED] - url = new java.net.URL(i): null

2022-02-23 15:33:31 - [TEST_STEP][PASSED] - println("URL: " + url.toString()): null

2022-02-23 15:33:31 - [TEST_STEP][PASSED] - connection = url.openConnection(): null

2022-02-23 15:33:31 - [TEST_STEP][PASSED] - connection.setRequestMethod("GET"): null

2022-02-23 15:33:31 - [TEST_STEP][PASSED] - connection.setReadTimeout(2 * 1000): null

2022-02-23 15:33:31 - [TEST_STEP][PASSED] - try: null

2022-02-23 15:33:31 - [TEST_STEP][PASSED] - connection.connect(): null

2022-02-23 15:33:31 - [TEST_STEP][PASSED] - flag = connected: null

2022-02-23 15:33:31 - [TEST_STEP][PASSED] - println("Valor_ori: " + flag): null

2022-02-23 15:33:31 - [TEST_STEP][PASSED] - if (flag): null

2022-02-23 15:33:31 - [TEST_STEP][PASSED] - navigateToUrl(i): Navigate to 'http://192.168.2.80:8380/saraweb' successfully

2022-02-23 15:33:32 - [MESSAGE][PASSED] - Navigate to 'http://192.168.2.80:8380/saraweb' successfully

2022-02-23 15:33:32 - [TEST_STEP][PASSED] - a(): null

2022-02-23 15:33:32 - [TEST_STEP][PASSED] - setText(findTestObject("Login/input_USUARIO_loginusuario"), G_Usuario): Text 'saraadmin' is set on object 'Object Repository/Login/input_USUARIO_loginusuario'

2022-02-23 15:33:33 - [MESSAGE][PASSED] - Text 'saraadmin' is set on object 'Object Repository/Login/input_USUARIO_loginusuario'

2022-02-23 15:33:33 - [TEST_STEP][PASSED] - setEncryptedText(findTestObject("Login/input_CLAVE_loginpassword"), "MkG4/TYiCFC3cb2driP7+Q=="): Text ****** has been set on object 'Object Repository/Login/input_CLAVE_loginpassword'

2022-02-23 15:33:33 - [MESSAGE][PASSED] - Text ****** has been set on object 'Object Repository/Login/input_CLAVE_loginpassword'

2022-02-23 15:33:33 - [TEST_STEP][PASSED] - waitForElementClickable(findTestObject("Login/a_Ingresar"), G_TimeOut): Object 'Object Repository/Login/a_Ingresar' is clickable

2022-02-23 15:33:34 - [MESSAGE][PASSED] - Object 'Object Repository/Login/a_Ingresar' is clickable

2022-02-23 15:33:34 - [TEST_STEP][PASSED] - click(findTestObject("Login/a_Ingresar")): Object: 'Object Repository/Login/a_Ingresar' is clicked on

2022-02-23 15:33:36 - [MESSAGE][PASSED] - Object: 'Object Repository/Login/a_Ingresar' is clicked on

2022-02-23 15:33:36 - [TEST_STEP][PASSED] - element = findWebElement(findTestObject("Login/a_Ir"), 30): null

2022-02-23 15:33:36 - [TEST_STEP][PASSED] - executeJavaScript("arguments[0].click()", Arrays.asList(element)): Execute JavaScript 'arguments[0].click()' successfully

2022-02-23 15:33:36 - [MESSAGE][PASSED] - Execute JavaScript 'arguments[0].click()' successfully

2022-02-23 15:33:36 - [MESSAGE][PASSED] - Call Test Case 'Test Cases/0.1-Login' successfully

2022-02-23 15:33:36 - [TEST_STEP][PASSED] - setText(findTestObject("Modulo Pruebas Vinculación/Validar_la_creación_del_Registro_de_Contratación_por_BPM/input_Empresa 1_form_templatej_idt24_input"), "proceso de seleccion"): Text 'proceso de seleccion' is set on object 'Object Repository/Modulo Pruebas Vinculación/Validar_la_creación_del_Registro_de_Contratación_por_BPM/input_Empresa 1_form_templatej_idt24_input'

2022-02-23 15:33:38 - [MESSAGE][PASSED] - Text 'proceso de seleccion' is set on object 'Object Repository/Modulo Pruebas Vinculación/Validar_la_creación_del_Registro_de_Contratación_por_BPM/input_Empresa 1_form_templatej_idt24_input'

2022-02-23 15:33:38 - [TEST_STEP][PASSED] - click(findTestObject("Modulo Pruebas Vinculación/Validar_la_creación_del_Registro_de_Contratación_por_BPM/span_Proceso de Seleccion")): Object: 'Object Repository/Modulo Pruebas Vinculación/Validar_la_creación_del_Registro_de_Contratación_por_BPM/span_Proceso de Seleccion' is clicked on

2022-02-23 15:33:39 - [MESSAGE][PASSED] - Object: 'Object Repository/Modulo Pruebas Vinculación/Validar_la_creación_del_Registro_de_Contratación_por_BPM/span_Proceso de Seleccion' is clicked on

2022-02-23 15:33:39 - [TEST_STEP][PASSED] - click(findTestObject("Modulo Pruebas Vinculación/Validar_la_creación_del_Registro_de_Contratación_por_BPM/a_Nuevo")): Object: 'Object Repository/Modulo Pruebas Vinculación/Validar_la_creación_del_Registro_de_Contratación_por_BPM/a_Nuevo' is clicked on

2022-02-23 15:33:40 - [MESSAGE][PASSED] - Object: 'Object Repository/Modulo Pruebas Vinculación/Validar_la_creación_del_Registro_de_Contratación_por_BPM/a_Nuevo' is clicked on

2022-02-23 15:33:40 - [TEST_STEP][PASSED] - selectOptionByIndex(findTestObject("Modulo Pruebas Vinculación/Validar_la_creación_del_Registro_de_Contratación_por_BPM/select_SeleccionarSiNo"), 2): All options with index in [2] are selected on object 'Object Repository/Modulo Pruebas Vinculación/Validar_la_creación_del_Registro_de_Contratación_por_BPM/select_SeleccionarSiNo'

2022-02-23 15:33:42 - [MESSAGE][PASSED] - All options with index in [2] are selected on object 'Object Repository/Modulo Pruebas Vinculación/Validar_la_creación_del_Registro_de_Contratación_por_BPM/select_SeleccionarSiNo'

2022-02-23 15:33:42 - [TEST_STEP][PASSED] - selectOptionByIndex(findTestObject("Modulo Pruebas Vinculación/Validar_la_creación_del_Registro_de_Contratación_por_BPM/select_--Seleccione--CALIDADMENSUAL ABCMODELO EMPRESA QUINCENALPANSIONADOSPENSIONADOS BASEPRUEBAS"), 1): All options with index in [1] are selected on object 'Object Repository/Modulo Pruebas Vinculación/Validar_la_creación_del_Registro_de_Contratación_por_BPM/select_--Seleccione--CALIDADMENSUAL ABCMODELO EMPRESA QUINCENALPANSIONADOSPENSIONADOS BASEPRUEBAS'

2022-02-23 15:33:43 - [MESSAGE][PASSED] - All options with index in [1] are selected on object 'Object Repository/Modulo Pruebas Vinculación/Validar_la_creación_del_Registro_de_Contratación_por_BPM/select_--Seleccione--CALIDADMENSUAL ABCMODELO EMPRESA QUINCENALPANSIONADOSPENSIONADOS BASEPRUEBAS'

2022-02-23 15:33:43 - [TEST_STEP][PASSED] - click(findTestObject("Modulo Pruebas Vinculación/Validar_la_creación_del_Registro_de_Contratación_por_BPM/a_Unidad Organizacional_popupConfirmacionRequerimientoj_idt132")): Object: 'Object Repository/Modulo Pruebas Vinculación/Validar_la_creación_del_Registro_de_Contratación_por_BPM/a_Unidad Organizacional_popupConfirmacionRequerimientoj_idt132' is clicked on

2022-02-23 15:33:43 - [MESSAGE][PASSED] - Object: 'Object Repository/Modulo Pruebas Vinculación/Validar_la_creación_del_Registro_de_Contratación_por_BPM/a_Unidad Organizacional_popupConfirmacionRequerimientoj_idt132' is clicked on

2022-02-23 15:33:43 - [TEST_STEP][PASSED] - setText(findTestObject("Modulo Pruebas Vinculación/Validar_la_creación_del_Registro_de_Contratación_por_BPM/input_Unidad Organizacional_formPopUpUnidaddescripciones"), "ADMINISTRACION"): Text 'ADMINISTRACION' is set on object 'Object Repository/Modulo Pruebas Vinculación/Validar_la_creación_del_Registro_de_Contratación_por_BPM/input_Unidad Organizacional_formPopUpUnidaddescripciones'

2022-02-23 15:33:45 - [MESSAGE][PASSED] - Text 'ADMINISTRACION' is set on object 'Object Repository/Modulo Pruebas Vinculación/Validar_la_creación_del_Registro_de_Contratación_por_BPM/input_Unidad Organizacional_formPopUpUnidaddescripciones'

2022-02-23 15:33:45 - [TEST_STEP][PASSED] - sendKeys(findTestObject("Modulo Pruebas Vinculación/Validar_la_creación_del_Registro_de_Contratación_por_BPM/input_Unidad Organizacional_formPopUpUnidaddescripciones"), Keys.chord(ENTER)): Keys 'ENTER + ' sent to object: 'Object Repository/Modulo Pruebas Vinculación/Validar_la_creación_del_Registro_de_Contratación_por_BPM/input_Unidad Organizacional_formPopUpUnidaddescripciones'

2022-02-23 15:33:46 - [MESSAGE][PASSED] - Keys 'ENTER + ' sent to object: 'Object Repository/Modulo Pruebas Vinculación/Validar_la_creación_del_Registro_de_Contratación_por_BPM/input_Unidad Organizacional_formPopUpUnidaddescripciones'

2022-02-23 15:33:46 - [TEST_STEP][PASSED] - click(findTestObject("Modulo Pruebas Vinculación/Validar_la_creación_del_Registro_de_Contratación_por_BPM/span_ADMINISTRACION")): Object: 'Object Repository/Modulo Pruebas Vinculación/Validar_la_creación_del_Registro_de_Contratación_por_BPM/span_ADMINISTRACION' is clicked on

2022-02-23 15:33:46 - [MESSAGE][PASSED] - Object: 'Object Repository/Modulo Pruebas Vinculación/Validar_la_creación_del_Registro_de_Contratación_por_BPM/span_ADMINISTRACION' is clicked on

2022-02-23 15:33:46 - [TEST_STEP][PASSED] - click(findTestObject("Modulo Pruebas Vinculación/Validar_la_creación_del_Registro_de_Contratación_por_BPM/a_Cargo_popupConfirmacionRequerimientoj_idt136")): Object: 'Object Repository/Modulo Pruebas Vinculación/Validar_la_creación_del_Registro_de_Contratación_por_BPM/a_Cargo_popupConfirmacionRequerimientoj_idt136' is clicked on

2022-02-23 15:33:47 - [MESSAGE][PASSED] - Object: 'Object Repository/Modulo Pruebas Vinculación/Validar_la_creación_del_Registro_de_Contratación_por_BPM/a_Cargo_popupConfirmacionRequerimientoj_idt136' is clicked on

2022-02-23 15:33:47 - [TEST_STEP][PASSED] - setText(findTestObject("Modulo Pruebas Vinculación/Validar_la_creación_del_Registro_de_Contratación_por_BPM/input_Cargo_popupCargo_Formj_idt668"), "ABOGADO"): Text 'ABOGADO' is set on object 'Object Repository/Modulo Pruebas Vinculación/Validar_la_creación_del_Registro_de_Contratación_por_BPM/input_Cargo_popupCargo_Formj_idt668'

2022-02-23 15:33:48 - [MESSAGE][PASSED] - Text 'ABOGADO' is set on object 'Object Repository/Modulo Pruebas Vinculación/Validar_la_creación_del_Registro_de_Contratación_por_BPM/input_Cargo_popupCargo_Formj_idt668'

2022-02-23 15:33:48 - [TEST_STEP][PASSED] - sendKeys(findTestObject("Modulo Pruebas Vinculación/Validar_la_creación_del_Registro_de_Contratación_por_BPM/input_Cargo_popupCargo_Formj_idt668"), Keys.chord(ENTER)): Keys 'ENTER + ' sent to object: 'Object Repository/Modulo Pruebas Vinculación/Validar_la_creación_del_Registro_de_Contratación_por_BPM/input_Cargo_popupCargo_Formj_idt668'

2022-02-23 15:33:49 - [MESSAGE][PASSED] - Keys 'ENTER + ' sent to object: 'Object Repository/Modulo Pruebas Vinculación/Validar_la_creación_del_Registro_de_Contratación_por_BPM/input_Cargo_popupCargo_Formj_idt668'

2022-02-23 15:33:49 - [TEST_STEP][PASSED] - click(findTestObject("Modulo Pruebas Vinculación/Validar_la_creación_del_Registro_de_Contratación_por_BPM/span_ABOGADO")): Object: 'Object Repository/Modulo Pruebas Vinculación/Validar_la_creación_del_Registro_de_Contratación_por_BPM/span_ABOGADO' is clicked on

2022-02-23 15:33:49 - [MESSAGE][PASSED] - Object: 'Object Repository/Modulo Pruebas Vinculación/Validar_la_creación_del_Registro_de_Contratación_por_BPM/span_ABOGADO' is clicked on

2022-02-23 15:33:49 - [TEST_STEP][PASSED] - selectOptionByIndex(findTestObject("Modulo Pruebas Vinculación/Validar_la_creación_del_Registro_de_Contratación_por_BPM/select_--Seleccione--Primer Modelo Seleccin R. Modelo Etapa"), 1): All options with index in [1] are selected on object 'Object Repository/Modulo Pruebas Vinculación/Validar_la_creación_del_Registro_de_Contratación_por_BPM/select_--Seleccione--Primer Modelo Seleccin R. Modelo Etapa'

2022-02-23 15:33:50 - [MESSAGE][PASSED] - All options with index in [1] are selected on object 'Object Repository/Modulo Pruebas Vinculación/Validar_la_creación_del_Registro_de_Contratación_por_BPM/select_--Seleccione--Primer Modelo Seleccin R. Modelo Etapa'

2022-02-23 15:33:50 - [TEST_STEP][PASSED] - click(findTestObject("Modulo Pruebas Vinculación/Validar_la_creación_del_Registro_de_Contratación_por_BPM/a_Continuar")): Object: 'Object Repository/Modulo Pruebas Vinculación/Validar_la_creación_del_Registro_de_Contratación_por_BPM/a_Continuar' is clicked on

2022-02-23 15:33:51 - [MESSAGE][PASSED] - Object: 'Object Repository/Modulo Pruebas Vinculación/Validar_la_creación_del_Registro_de_Contratación_por_BPM/a_Continuar' is clicked on]]></system-out>
         <system-err><![CDATA[]]></system-err>
      </testcase>
      <testcase name="Test Cases/7.1-Pruebas_Vinculación/7.1.6-Validar_Documentos" time="82.25" classname="Test Cases/7.1-Pruebas_Vinculación/7.1.6-Validar_Documentos" status="FAILED">
         <failure type="FAILED" message="Test Cases/7.1-Pruebas_Vinculación/7.1.6-Validar_Documentos FAILED.
Reason:
com.kms.katalon.core.exception.StepFailedException: Call Test Case 'Test Cases/7.1-Pruebas_Vinculación/7.1.4-Crear_un_Registro_de_Contratación' failed
	at com.kms.katalon.core.keyword.builtin.CallTestCaseKeyword$_callTestCase_closure1.doCall(CallTestCaseKeyword.groovy:63)
	at com.kms.katalon.core.keyword.builtin.CallTestCaseKeyword$_callTestCase_closure1.call(CallTestCaseKeyword.groovy)
	at com.kms.katalon.core.keyword.internal.KeywordMain.runKeyword(KeywordMain.groovy:74)
	at com.kms.katalon.core.keyword.builtin.CallTestCaseKeyword.callTestCase(CallTestCaseKeyword.groovy:81)
	at com.kms.katalon.core.keyword.builtin.CallTestCaseKeyword.execute(CallTestCaseKeyword.groovy:44)
	at com.kms.katalon.core.keyword.internal.KeywordExecutor.executeKeywordForPlatform(KeywordExecutor.groovy:74)
	at com.kms.katalon.core.keyword.BuiltinKeywords.callTestCase(BuiltinKeywords.groovy:334)
	at 7.1.6-Validar_Documentos.run(7.1.6-Validar_Documentos:51)
	at com.kms.katalon.core.main.ScriptEngine.run(ScriptEngine.java:194)
	at com.kms.katalon.core.main.ScriptEngine.runScriptAsRawText(ScriptEngine.java:119)
	at com.kms.katalon.core.main.TestCaseExecutor.runScript(TestCaseExecutor.java:442)
	at com.kms.katalon.core.main.TestCaseExecutor.doExecute(TestCaseExecutor.java:433)
	at com.kms.katalon.core.main.TestCaseExecutor.processExecutionPhase(TestCaseExecutor.java:412)
	at com.kms.katalon.core.main.TestCaseExecutor.accessMainPhase(TestCaseExecutor.java:404)
	at com.kms.katalon.core.main.TestCaseExecutor.execute(TestCaseExecutor.java:281)
	at com.kms.katalon.core.main.TestSuiteExecutor.accessTestCaseMainPhase(TestSuiteExecutor.java:202)
	at com.kms.katalon.core.main.TestSuiteExecutor.accessTestSuiteMainPhase(TestSuiteExecutor.java:164)
	at com.kms.katalon.core.main.TestSuiteExecutor.execute(TestSuiteExecutor.java:105)
	at com.kms.katalon.core.main.TestCaseMain.startTestSuite(TestCaseMain.java:185)
	at com.kms.katalon.core.main.TestCaseMain$startTestSuite$0.call(Unknown Source)
	at TempTestSuite1645646197076.run(TempTestSuite1645646197076.groovy:36)
Caused by: com.kms.katalon.core.exception.StepFailedException: Unable to click on object 'Object Repository/Modulo Pruebas Vinculación/Crear un Registro de Contratación/a_Anular Proceso'
	at com.kms.katalon.core.webui.keyword.internal.WebUIKeywordMain.stepFailed(WebUIKeywordMain.groovy:64)
	at com.kms.katalon.core.webui.keyword.internal.WebUIKeywordMain.runKeyword(WebUIKeywordMain.groovy:26)
	at com.kms.katalon.core.webui.keyword.builtin.ClickKeyword.click(ClickKeyword.groovy:74)
	at com.kms.katalon.core.webui.keyword.builtin.ClickKeyword.execute(ClickKeyword.groovy:40)
	at com.kms.katalon.core.keyword.internal.KeywordExecutor.executeKeywordForPlatform(KeywordExecutor.groovy:74)
	at com.kms.katalon.core.webui.keyword.WebUiBuiltInKeywords.click(WebUiBuiltInKeywords.groovy:620)
	at com.kms.katalon.core.webui.keyword.WebUiBuiltInKeywords$click$5.call(Unknown Source)
	at 7.1.4-Crear_un_Registro_de_Contratación.run(7.1.4-Crear_un_Registro_de_Contratación:50)
	at com.kms.katalon.core.main.ScriptEngine.run(ScriptEngine.java:194)
	at com.kms.katalon.core.main.ScriptEngine.runScriptAsRawText(ScriptEngine.java:119)
	at com.kms.katalon.core.main.TestCaseExecutor.runScript(TestCaseExecutor.java:442)
	at com.kms.katalon.core.main.TestCaseExecutor.doExecute(TestCaseExecutor.java:433)
	at com.kms.katalon.core.main.TestCaseExecutor.processExecutionPhase(TestCaseExecutor.java:412)
	at com.kms.katalon.core.main.TestCaseExecutor.accessMainPhase(TestCaseExecutor.java:404)
	at com.kms.katalon.core.main.TestCaseExecutor.execute(TestCaseExecutor.java:281)
	at com.kms.katalon.core.main.TestCaseMain.runTestCase(TestCaseMain.java:142)
	at com.kms.katalon.core.keyword.builtin.CallTestCaseKeyword$_callTestCase_closure1.doCall(CallTestCaseKeyword.groovy:59)
	... 20 more
Caused by: org.openqa.selenium.ElementClickInterceptedException: element click intercepted: Element &lt;a id=&quot;form_contratacion:panelTab:j_idt280&quot; href=&quot;#&quot; class=&quot;ui-commandlink ui-widget us-boton btn-negar&quot; onclick=&quot;PrimeFaces.ab({s:&amp;quot;form_contratacion:panelTab:j_idt280&amp;quot;,f:&amp;quot;form_contratacion&amp;quot;,u:&amp;quot;areaAplicacion&amp;quot;});return false;&quot;>...&lt;/a> is not clickable at point (384, 561). Other element would receive the click: &lt;div id=&quot;popupErrorDialog:dialog_popupFoto_modal&quot; class=&quot;ui-widget-overlay ui-dialog-mask&quot; style=&quot;z-index: 1010;&quot;>&lt;/div>
  (Session info: chrome=98.0.4758.102)
Build info: version: '3.141.59', revision: 'e82be7d358', time: '2018-11-14T08:25:53'
System info: host: 'US-AF-000371', ip: '192.168.56.1', os.name: 'Windows 10', os.arch: 'amd64', os.version: '10.0', java.version: '1.8.0_282'
Driver info: com.kms.katalon.selenium.driver.CChromeDriver
Capabilities {acceptInsecureCerts: false, browserName: chrome, browserVersion: 98.0.4758.102, chrome: {chromedriverVersion: 97.0.4692.36 (747e0a0f19c13..., userDataDir: C:\Users\DIEGO~1.ROJ\AppDat...}, goog:chromeOptions: {debuggerAddress: localhost:54117}, javascriptEnabled: true, networkConnectionEnabled: false, pageLoadStrategy: normal, platform: WINDOWS, platformName: WINDOWS, proxy: Proxy(), setWindowRect: true, strictFileInteractability: false, timeouts: {implicit: 0, pageLoad: 300000, script: 30000}, unhandledPromptBehavior: dismiss and notify, webauthn:extension:credBlob: true, webauthn:extension:largeBlob: true, webauthn:virtualAuthenticators: true}
Session ID: e969d2efea1f5f6dc5ba795828cc8b40
	at org.openqa.selenium.remote.http.W3CHttpResponseCodec.createException(W3CHttpResponseCodec.java:187)
	at org.openqa.selenium.remote.http.W3CHttpResponseCodec.decode(W3CHttpResponseCodec.java:122)
	at org.openqa.selenium.remote.http.W3CHttpResponseCodec.decode(W3CHttpResponseCodec.java:49)
	at org.openqa.selenium.remote.HttpCommandExecutor.execute(HttpCommandExecutor.java:158)
	at org.openqa.selenium.remote.service.DriverCommandExecutor.execute(DriverCommandExecutor.java:83)
	at org.openqa.selenium.remote.RemoteWebDriver.execute(RemoteWebDriver.java:552)
	at com.kms.katalon.selenium.driver.CChromeDriver.execute(CChromeDriver.java:19)
	at org.openqa.selenium.remote.RemoteWebElement.execute(RemoteWebElement.java:285)
	at org.openqa.selenium.remote.RemoteWebElement.click(RemoteWebElement.java:84)
	at org.openqa.selenium.support.events.EventFiringWebDriver$EventFiringWebElement.lambda$new$0(EventFiringWebDriver.java:404)
	at com.sun.proxy.$Proxy11.click(Unknown Source)
	at org.openqa.selenium.support.events.EventFiringWebDriver$EventFiringWebElement.click(EventFiringWebDriver.java:417)
	at org.openqa.selenium.WebElement$click$0.call(Unknown Source)
	at com.kms.katalon.core.webui.keyword.builtin.ClickKeyword.clickUntilSuccessWithTimeout(ClickKeyword.groovy:81)
	at com.kms.katalon.core.webui.keyword.builtin.ClickKeyword.clickUntilSuccessWithTimeout(ClickKeyword.groovy)
	at com.kms.katalon.core.webui.keyword.builtin.ClickKeyword$_click_closure1.doCall(ClickKeyword.groovy:67)
	at com.kms.katalon.core.webui.keyword.builtin.ClickKeyword$_click_closure1.call(ClickKeyword.groovy)
	at com.kms.katalon.core.webui.keyword.internal.WebUIKeywordMain.runKeyword(WebUIKeywordMain.groovy:20)
	... 35 more
"/>
         <system-out><![CDATA[2022-02-23 15:33:51 - [TEST_CASE][FAILED] - Test Cases/7.1-Pruebas_Vinculación/7.1.6-Validar_Documentos: Test Cases/7.1-Pruebas_Vinculación/7.1.6-Validar_Documentos FAILED.
Reason:
com.kms.katalon.core.exception.StepFailedException: Call Test Case 'Test Cases/7.1-Pruebas_Vinculación/7.1.4-Crear_un_Registro_de_Contratación' failed
	at com.kms.katalon.core.keyword.builtin.CallTestCaseKeyword$_callTestCase_closure1.doCall(CallTestCaseKeyword.groovy:63)
	at com.kms.katalon.core.keyword.builtin.CallTestCaseKeyword$_callTestCase_closure1.call(CallTestCaseKeyword.groovy)
	at com.kms.katalon.core.keyword.internal.KeywordMain.runKeyword(KeywordMain.groovy:74)
	at com.kms.katalon.core.keyword.builtin.CallTestCaseKeyword.callTestCase(CallTestCaseKeyword.groovy:81)
	at com.kms.katalon.core.keyword.builtin.CallTestCaseKeyword.execute(CallTestCaseKeyword.groovy:44)
	at com.kms.katalon.core.keyword.internal.KeywordExecutor.executeKeywordForPlatform(KeywordExecutor.groovy:74)
	at com.kms.katalon.core.keyword.BuiltinKeywords.callTestCase(BuiltinKeywords.groovy:334)
	at 7.1.6-Validar_Documentos.run(7.1.6-Validar_Documentos:51)
	at com.kms.katalon.core.main.ScriptEngine.run(ScriptEngine.java:194)
	at com.kms.katalon.core.main.ScriptEngine.runScriptAsRawText(ScriptEngine.java:119)
	at com.kms.katalon.core.main.TestCaseExecutor.runScript(TestCaseExecutor.java:442)
	at com.kms.katalon.core.main.TestCaseExecutor.doExecute(TestCaseExecutor.java:433)
	at com.kms.katalon.core.main.TestCaseExecutor.processExecutionPhase(TestCaseExecutor.java:412)
	at com.kms.katalon.core.main.TestCaseExecutor.accessMainPhase(TestCaseExecutor.java:404)
	at com.kms.katalon.core.main.TestCaseExecutor.execute(TestCaseExecutor.java:281)
	at com.kms.katalon.core.main.TestSuiteExecutor.accessTestCaseMainPhase(TestSuiteExecutor.java:202)
	at com.kms.katalon.core.main.TestSuiteExecutor.accessTestSuiteMainPhase(TestSuiteExecutor.java:164)
	at com.kms.katalon.core.main.TestSuiteExecutor.execute(TestSuiteExecutor.java:105)
	at com.kms.katalon.core.main.TestCaseMain.startTestSuite(TestCaseMain.java:185)
	at com.kms.katalon.core.main.TestCaseMain$startTestSuite$0.call(Unknown Source)
	at TempTestSuite1645646197076.run(TempTestSuite1645646197076.groovy:36)
Caused by: com.kms.katalon.core.exception.StepFailedException: Unable to click on object 'Object Repository/Modulo Pruebas Vinculación/Crear un Registro de Contratación/a_Anular Proceso'
	at com.kms.katalon.core.webui.keyword.internal.WebUIKeywordMain.stepFailed(WebUIKeywordMain.groovy:64)
	at com.kms.katalon.core.webui.keyword.internal.WebUIKeywordMain.runKeyword(WebUIKeywordMain.groovy:26)
	at com.kms.katalon.core.webui.keyword.builtin.ClickKeyword.click(ClickKeyword.groovy:74)
	at com.kms.katalon.core.webui.keyword.builtin.ClickKeyword.execute(ClickKeyword.groovy:40)
	at com.kms.katalon.core.keyword.internal.KeywordExecutor.executeKeywordForPlatform(KeywordExecutor.groovy:74)
	at com.kms.katalon.core.webui.keyword.WebUiBuiltInKeywords.click(WebUiBuiltInKeywords.groovy:620)
	at com.kms.katalon.core.webui.keyword.WebUiBuiltInKeywords$click$5.call(Unknown Source)
	at 7.1.4-Crear_un_Registro_de_Contratación.run(7.1.4-Crear_un_Registro_de_Contratación:50)
	at com.kms.katalon.core.main.ScriptEngine.run(ScriptEngine.java:194)
	at com.kms.katalon.core.main.ScriptEngine.runScriptAsRawText(ScriptEngine.java:119)
	at com.kms.katalon.core.main.TestCaseExecutor.runScript(TestCaseExecutor.java:442)
	at com.kms.katalon.core.main.TestCaseExecutor.doExecute(TestCaseExecutor.java:433)
	at com.kms.katalon.core.main.TestCaseExecutor.processExecutionPhase(TestCaseExecutor.java:412)
	at com.kms.katalon.core.main.TestCaseExecutor.accessMainPhase(TestCaseExecutor.java:404)
	at com.kms.katalon.core.main.TestCaseExecutor.execute(TestCaseExecutor.java:281)
	at com.kms.katalon.core.main.TestCaseMain.runTestCase(TestCaseMain.java:142)
	at com.kms.katalon.core.keyword.builtin.CallTestCaseKeyword$_callTestCase_closure1.doCall(CallTestCaseKeyword.groovy:59)
	... 20 more
Caused by: org.openqa.selenium.ElementClickInterceptedException: element click intercepted: Element <a id="form_contratacion:panelTab:j_idt280" href="#" class="ui-commandlink ui-widget us-boton btn-negar" onclick="PrimeFaces.ab({s:&quot;form_contratacion:panelTab:j_idt280&quot;,f:&quot;form_contratacion&quot;,u:&quot;areaAplicacion&quot;});return false;">...</a> is not clickable at point (384, 561). Other element would receive the click: <div id="popupErrorDialog:dialog_popupFoto_modal" class="ui-widget-overlay ui-dialog-mask" style="z-index: 1010;"></div>
  (Session info: chrome=98.0.4758.102)
Build info: version: '3.141.59', revision: 'e82be7d358', time: '2018-11-14T08:25:53'
System info: host: 'US-AF-000371', ip: '192.168.56.1', os.name: 'Windows 10', os.arch: 'amd64', os.version: '10.0', java.version: '1.8.0_282'
Driver info: com.kms.katalon.selenium.driver.CChromeDriver
Capabilities {acceptInsecureCerts: false, browserName: chrome, browserVersion: 98.0.4758.102, chrome: {chromedriverVersion: 97.0.4692.36 (747e0a0f19c13..., userDataDir: C:\Users\DIEGO~1.ROJ\AppDat...}, goog:chromeOptions: {debuggerAddress: localhost:54117}, javascriptEnabled: true, networkConnectionEnabled: false, pageLoadStrategy: normal, platform: WINDOWS, platformName: WINDOWS, proxy: Proxy(), setWindowRect: true, strictFileInteractability: false, timeouts: {implicit: 0, pageLoad: 300000, script: 30000}, unhandledPromptBehavior: dismiss and notify, webauthn:extension:credBlob: true, webauthn:extension:largeBlob: true, webauthn:virtualAuthenticators: true}
Session ID: e969d2efea1f5f6dc5ba795828cc8b40
	at org.openqa.selenium.remote.http.W3CHttpResponseCodec.createException(W3CHttpResponseCodec.java:187)
	at org.openqa.selenium.remote.http.W3CHttpResponseCodec.decode(W3CHttpResponseCodec.java:122)
	at org.openqa.selenium.remote.http.W3CHttpResponseCodec.decode(W3CHttpResponseCodec.java:49)
	at org.openqa.selenium.remote.HttpCommandExecutor.execute(HttpCommandExecutor.java:158)
	at org.openqa.selenium.remote.service.DriverCommandExecutor.execute(DriverCommandExecutor.java:83)
	at org.openqa.selenium.remote.RemoteWebDriver.execute(RemoteWebDriver.java:552)
	at com.kms.katalon.selenium.driver.CChromeDriver.execute(CChromeDriver.java:19)
	at org.openqa.selenium.remote.RemoteWebElement.execute(RemoteWebElement.java:285)
	at org.openqa.selenium.remote.RemoteWebElement.click(RemoteWebElement.java:84)
	at org.openqa.selenium.support.events.EventFiringWebDriver$EventFiringWebElement.lambda$new$0(EventFiringWebDriver.java:404)
	at com.sun.proxy.$Proxy11.click(Unknown Source)
	at org.openqa.selenium.support.events.EventFiringWebDriver$EventFiringWebElement.click(EventFiringWebDriver.java:417)
	at org.openqa.selenium.WebElement$click$0.call(Unknown Source)
	at com.kms.katalon.core.webui.keyword.builtin.ClickKeyword.clickUntilSuccessWithTimeout(ClickKeyword.groovy:81)
	at com.kms.katalon.core.webui.keyword.builtin.ClickKeyword.clickUntilSuccessWithTimeout(ClickKeyword.groovy)
	at com.kms.katalon.core.webui.keyword.builtin.ClickKeyword$_click_closure1.doCall(ClickKeyword.groovy:67)
	at com.kms.katalon.core.webui.keyword.builtin.ClickKeyword$_click_closure1.call(ClickKeyword.groovy)
	at com.kms.katalon.core.webui.keyword.internal.WebUIKeywordMain.runKeyword(WebUIKeywordMain.groovy:20)
	... 35 more


2022-02-23 15:33:51 - [TEST_STEP][PASSED] - callTestCase(findTestCase("0.1-Login"), [:], STOP_ON_FAILURE): Call Test Case 'Test Cases/0.1-Login' successfully

2022-02-23 15:33:51 - [TEST_CASE][PASSED] - Test Cases/0.1-Login: Test Cases/0.1-Login

2022-02-23 15:33:51 - [TEST_STEP][PASSED] - openBrowser(""): Browser is opened with url: ''

2022-02-23 15:33:51 - [MESSAGE][WARNING] - A browser is already opened. Closing browser and opening a new one

2022-02-23 15:33:52 - [MESSAGE][INFO] - Starting 'Chrome' driver

2022-02-23 15:33:52 - [MESSAGE][INFO] - Action delay is set to 0 milliseconds

2022-02-23 15:33:53 - [MESSAGE][PASSED] - Browser is opened with url: ''

2022-02-23 15:33:53 - [TEST_STEP][PASSED] - maximizeWindow(): Current window maximized

2022-02-23 15:33:53 - [MESSAGE][PASSED] - Current window maximized

2022-02-23 15:33:53 - [TEST_STEP][PASSED] - i = G_Login: null

2022-02-23 15:33:53 - [TEST_STEP][PASSED] - url = new java.net.URL(i): null

2022-02-23 15:33:53 - [TEST_STEP][PASSED] - println("URL: " + url.toString()): null

2022-02-23 15:33:53 - [TEST_STEP][PASSED] - connection = url.openConnection(): null

2022-02-23 15:33:53 - [TEST_STEP][PASSED] - connection.setRequestMethod("GET"): null

2022-02-23 15:33:53 - [TEST_STEP][PASSED] - connection.setReadTimeout(2 * 1000): null

2022-02-23 15:33:53 - [TEST_STEP][PASSED] - try: null

2022-02-23 15:33:53 - [TEST_STEP][PASSED] - connection.connect(): null

2022-02-23 15:33:53 - [TEST_STEP][PASSED] - flag = connected: null

2022-02-23 15:33:53 - [TEST_STEP][PASSED] - println("Valor_ori: " + flag): null

2022-02-23 15:33:53 - [TEST_STEP][PASSED] - if (flag): null

2022-02-23 15:33:53 - [TEST_STEP][PASSED] - navigateToUrl(i): Navigate to 'http://192.168.2.80:8380/saraweb' successfully

2022-02-23 15:33:54 - [MESSAGE][PASSED] - Navigate to 'http://192.168.2.80:8380/saraweb' successfully

2022-02-23 15:33:54 - [TEST_STEP][PASSED] - a(): null

2022-02-23 15:33:54 - [TEST_STEP][PASSED] - setText(findTestObject("Login/input_USUARIO_loginusuario"), G_Usuario): Text 'saraadmin' is set on object 'Object Repository/Login/input_USUARIO_loginusuario'

2022-02-23 15:33:55 - [MESSAGE][PASSED] - Text 'saraadmin' is set on object 'Object Repository/Login/input_USUARIO_loginusuario'

2022-02-23 15:33:55 - [TEST_STEP][PASSED] - setEncryptedText(findTestObject("Login/input_CLAVE_loginpassword"), "MkG4/TYiCFC3cb2driP7+Q=="): Text ****** has been set on object 'Object Repository/Login/input_CLAVE_loginpassword'

2022-02-23 15:33:55 - [MESSAGE][PASSED] - Text ****** has been set on object 'Object Repository/Login/input_CLAVE_loginpassword'

2022-02-23 15:33:55 - [TEST_STEP][PASSED] - waitForElementClickable(findTestObject("Login/a_Ingresar"), G_TimeOut): Object 'Object Repository/Login/a_Ingresar' is clickable

2022-02-23 15:33:55 - [MESSAGE][PASSED] - Object 'Object Repository/Login/a_Ingresar' is clickable

2022-02-23 15:33:55 - [TEST_STEP][PASSED] - click(findTestObject("Login/a_Ingresar")): Object: 'Object Repository/Login/a_Ingresar' is clicked on

2022-02-23 15:33:57 - [MESSAGE][PASSED] - Object: 'Object Repository/Login/a_Ingresar' is clicked on

2022-02-23 15:33:57 - [TEST_STEP][PASSED] - element = findWebElement(findTestObject("Login/a_Ir"), 30): null

2022-02-23 15:33:58 - [TEST_STEP][PASSED] - executeJavaScript("arguments[0].click()", Arrays.asList(element)): Execute JavaScript 'arguments[0].click()' successfully

2022-02-23 15:33:58 - [MESSAGE][PASSED] - Execute JavaScript 'arguments[0].click()' successfully

2022-02-23 15:33:58 - [MESSAGE][PASSED] - Call Test Case 'Test Cases/0.1-Login' successfully

2022-02-23 15:33:58 - [TEST_STEP][PASSED] - setText(findTestObject("Modulo Pruebas Vinculación/Validar_Documentos/input_Empresa 1_form_templatej_idt24_input"), "listado contratacion"): Text 'listado contratacion' is set on object 'Object Repository/Modulo Pruebas Vinculación/Validar_Documentos/input_Empresa 1_form_templatej_idt24_input'

2022-02-23 15:33:59 - [MESSAGE][PASSED] - Text 'listado contratacion' is set on object 'Object Repository/Modulo Pruebas Vinculación/Validar_Documentos/input_Empresa 1_form_templatej_idt24_input'

2022-02-23 15:33:59 - [TEST_STEP][PASSED] - click(findTestObject("Modulo Pruebas Vinculación/Validar_Documentos/li_Listado Contratacion (tal)")): Object: 'Object Repository/Modulo Pruebas Vinculación/Validar_Documentos/li_Listado Contratacion (tal)' is clicked on

2022-02-23 15:34:00 - [MESSAGE][PASSED] - Object: 'Object Repository/Modulo Pruebas Vinculación/Validar_Documentos/li_Listado Contratacion (tal)' is clicked on

2022-02-23 15:34:00 - [TEST_STEP][PASSED] - if (waitForElementVisible(findTestObject("Modulo Pruebas Vinculación/Validar_Documentos/td_A A A - Copy"), 1)): null

2022-02-23 15:34:01 - [MESSAGE][PASSED] - Object 'Object Repository/Modulo Pruebas Vinculación/Validar_Documentos/td_A A A - Copy' is visible

2022-02-23 15:34:01 - [TEST_STEP][PASSED] - click(findTestObject("Modulo Pruebas Vinculación/Validar_Documentos/td_A A A - Copy")): Object: 'Object Repository/Modulo Pruebas Vinculación/Validar_Documentos/td_A A A - Copy' is clicked on

2022-02-23 15:34:02 - [MESSAGE][PASSED] - Object: 'Object Repository/Modulo Pruebas Vinculación/Validar_Documentos/td_A A A - Copy' is clicked on

2022-02-23 15:34:02 - [TEST_STEP][PASSED] - click(findTestObject("Modulo Pruebas Vinculación/Validar_Documentos/a_Actividad")): Object: 'Object Repository/Modulo Pruebas Vinculación/Validar_Documentos/a_Actividad' is clicked on

2022-02-23 15:34:18 - [MESSAGE][PASSED] - Object: 'Object Repository/Modulo Pruebas Vinculación/Validar_Documentos/a_Actividad' is clicked on

2022-02-23 15:34:18 - [TEST_STEP][PASSED] - click(findTestObject("Modulo Pruebas Vinculación/Validar_Documentos/td_Responsable Tarea 1. Validar Documentos")): Object: 'Object Repository/Modulo Pruebas Vinculación/Validar_Documentos/td_Responsable Tarea 1. Validar Documentos' is clicked on

2022-02-23 15:34:20 - [MESSAGE][PASSED] - Object: 'Object Repository/Modulo Pruebas Vinculación/Validar_Documentos/td_Responsable Tarea 1. Validar Documentos' is clicked on

2022-02-23 15:34:20 - [TEST_STEP][PASSED] - if (waitForElementVisible(findTestObject("Modulo Pruebas Vinculación/Validar_Documentos/td_Cdula"), 1)): Web element with id: 'Object Repository/Modulo Pruebas Vinculación/Validar_Documentos/td_Cdula' located by '//*/text()[normalize-space(.)='Cédula']/parent::*' not found

2022-02-23 15:34:22 - [MESSAGE][INFO] - Unable to find the element located by 'By.xpath: //*/text()[normalize-space(.)='Cédula']/parent::*'. Please recheck the objects properties to make sure the desired element is located. 

2022-02-23 15:34:22 - [MESSAGE][WARNING] - Web element with id: 'Object Repository/Modulo Pruebas Vinculación/Validar_Documentos/td_Cdula' located by '//*/text()[normalize-space(.)='Cédula']/parent::*' not found

2022-02-23 15:34:22 - [TEST_STEP][FAILED] - else: Unable to call Test Case 'Test Cases/7.1-Pruebas_Vinculación/7.1.4-Crear_un_Registro_de_Contratación' (Root cause: com.kms.katalon.core.exception.StepFailedException: Call Test Case 'Test Cases/7.1-Pruebas_Vinculación/7.1.4-Crear_un_Registro_de_Contratación' failed
	at com.kms.katalon.core.keyword.builtin.CallTestCaseKeyword$_callTestCase_closure1.doCall(CallTestCaseKeyword.groovy:63)
	at com.kms.katalon.core.keyword.builtin.CallTestCaseKeyword$_callTestCase_closure1.call(CallTestCaseKeyword.groovy)
	at com.kms.katalon.core.keyword.internal.KeywordMain.runKeyword(KeywordMain.groovy:74)
	at com.kms.katalon.core.keyword.builtin.CallTestCaseKeyword.callTestCase(CallTestCaseKeyword.groovy:81)
	at com.kms.katalon.core.keyword.builtin.CallTestCaseKeyword.execute(CallTestCaseKeyword.groovy:44)
	at com.kms.katalon.core.keyword.internal.KeywordExecutor.executeKeywordForPlatform(KeywordExecutor.groovy:74)
	at com.kms.katalon.core.keyword.BuiltinKeywords.callTestCase(BuiltinKeywords.groovy:334)
	at 7.1.6-Validar_Documentos.run(7.1.6-Validar_Documentos:51)
	at com.kms.katalon.core.main.ScriptEngine.run(ScriptEngine.java:194)
	at com.kms.katalon.core.main.ScriptEngine.runScriptAsRawText(ScriptEngine.java:119)
	at com.kms.katalon.core.main.TestCaseExecutor.runScript(TestCaseExecutor.java:442)
	at com.kms.katalon.core.main.TestCaseExecutor.doExecute(TestCaseExecutor.java:433)
	at com.kms.katalon.core.main.TestCaseExecutor.processExecutionPhase(TestCaseExecutor.java:412)
	at com.kms.katalon.core.main.TestCaseExecutor.accessMainPhase(TestCaseExecutor.java:404)
	at com.kms.katalon.core.main.TestCaseExecutor.execute(TestCaseExecutor.java:281)
	at com.kms.katalon.core.main.TestSuiteExecutor.accessTestCaseMainPhase(TestSuiteExecutor.java:202)
	at com.kms.katalon.core.main.TestSuiteExecutor.accessTestSuiteMainPhase(TestSuiteExecutor.java:164)
	at com.kms.katalon.core.main.TestSuiteExecutor.execute(TestSuiteExecutor.java:105)
	at com.kms.katalon.core.main.TestCaseMain.startTestSuite(TestCaseMain.java:185)
	at com.kms.katalon.core.main.TestCaseMain$startTestSuite$0.call(Unknown Source)
	at TempTestSuite1645646197076.run(TempTestSuite1645646197076.groovy:36)
Caused by: com.kms.katalon.core.exception.StepFailedException: Unable to click on object 'Object Repository/Modulo Pruebas Vinculación/Crear un Registro de Contratación/a_Anular Proceso'
	at com.kms.katalon.core.webui.keyword.internal.WebUIKeywordMain.stepFailed(WebUIKeywordMain.groovy:64)
	at com.kms.katalon.core.webui.keyword.internal.WebUIKeywordMain.runKeyword(WebUIKeywordMain.groovy:26)
	at com.kms.katalon.core.webui.keyword.builtin.ClickKeyword.click(ClickKeyword.groovy:74)
	at com.kms.katalon.core.webui.keyword.builtin.ClickKeyword.execute(ClickKeyword.groovy:40)
	at com.kms.katalon.core.keyword.internal.KeywordExecutor.executeKeywordForPlatform(KeywordExecutor.groovy:74)
	at com.kms.katalon.core.webui.keyword.WebUiBuiltInKeywords.click(WebUiBuiltInKeywords.groovy:620)
	at com.kms.katalon.core.webui.keyword.WebUiBuiltInKeywords$click$5.call(Unknown Source)
	at 7.1.4-Crear_un_Registro_de_Contratación.run(7.1.4-Crear_un_Registro_de_Contratación:50)
	at com.kms.katalon.core.main.ScriptEngine.run(ScriptEngine.java:194)
	at com.kms.katalon.core.main.ScriptEngine.runScriptAsRawText(ScriptEngine.java:119)
	at com.kms.katalon.core.main.TestCaseExecutor.runScript(TestCaseExecutor.java:442)
	at com.kms.katalon.core.main.TestCaseExecutor.doExecute(TestCaseExecutor.java:433)
	at com.kms.katalon.core.main.TestCaseExecutor.processExecutionPhase(TestCaseExecutor.java:412)
	at com.kms.katalon.core.main.TestCaseExecutor.accessMainPhase(TestCaseExecutor.java:404)
	at com.kms.katalon.core.main.TestCaseExecutor.execute(TestCaseExecutor.java:281)
	at com.kms.katalon.core.main.TestCaseMain.runTestCase(TestCaseMain.java:142)
	at com.kms.katalon.core.keyword.builtin.CallTestCaseKeyword$_callTestCase_closure1.doCall(CallTestCaseKeyword.groovy:59)
	... 20 more
Caused by: org.openqa.selenium.ElementClickInterceptedException: element click intercepted: Element <a id="form_contratacion:panelTab:j_idt280" href="#" class="ui-commandlink ui-widget us-boton btn-negar" onclick="PrimeFaces.ab({s:&quot;form_contratacion:panelTab:j_idt280&quot;,f:&quot;form_contratacion&quot;,u:&quot;areaAplicacion&quot;});return false;">...</a> is not clickable at point (384, 561). Other element would receive the click: <div id="popupErrorDialog:dialog_popupFoto_modal" class="ui-widget-overlay ui-dialog-mask" style="z-index: 1010;"></div>
  (Session info: chrome=98.0.4758.102)
Build info: version: '3.141.59', revision: 'e82be7d358', time: '2018-11-14T08:25:53'
System info: host: 'US-AF-000371', ip: '192.168.56.1', os.name: 'Windows 10', os.arch: 'amd64', os.version: '10.0', java.version: '1.8.0_282'
Driver info: com.kms.katalon.selenium.driver.CChromeDriver
Capabilities {acceptInsecureCerts: false, browserName: chrome, browserVersion: 98.0.4758.102, chrome: {chromedriverVersion: 97.0.4692.36 (747e0a0f19c13..., userDataDir: C:\Users\DIEGO~1.ROJ\AppDat...}, goog:chromeOptions: {debuggerAddress: localhost:54117}, javascriptEnabled: true, networkConnectionEnabled: false, pageLoadStrategy: normal, platform: WINDOWS, platformName: WINDOWS, proxy: Proxy(), setWindowRect: true, strictFileInteractability: false, timeouts: {implicit: 0, pageLoad: 300000, script: 30000}, unhandledPromptBehavior: dismiss and notify, webauthn:extension:credBlob: true, webauthn:extension:largeBlob: true, webauthn:virtualAuthenticators: true}
Session ID: e969d2efea1f5f6dc5ba795828cc8b40
	at org.openqa.selenium.remote.http.W3CHttpResponseCodec.createException(W3CHttpResponseCodec.java:187)
	at org.openqa.selenium.remote.http.W3CHttpResponseCodec.decode(W3CHttpResponseCodec.java:122)
	at org.openqa.selenium.remote.http.W3CHttpResponseCodec.decode(W3CHttpResponseCodec.java:49)
	at org.openqa.selenium.remote.HttpCommandExecutor.execute(HttpCommandExecutor.java:158)
	at org.openqa.selenium.remote.service.DriverCommandExecutor.execute(DriverCommandExecutor.java:83)
	at org.openqa.selenium.remote.RemoteWebDriver.execute(RemoteWebDriver.java:552)
	at com.kms.katalon.selenium.driver.CChromeDriver.execute(CChromeDriver.java:19)
	at org.openqa.selenium.remote.RemoteWebElement.execute(RemoteWebElement.java:285)
	at org.openqa.selenium.remote.RemoteWebElement.click(RemoteWebElement.java:84)
	at org.openqa.selenium.support.events.EventFiringWebDriver$EventFiringWebElement.lambda$new$0(EventFiringWebDriver.java:404)
	at com.sun.proxy.$Proxy11.click(Unknown Source)
	at org.openqa.selenium.support.events.EventFiringWebDriver$EventFiringWebElement.click(EventFiringWebDriver.java:417)
	at org.openqa.selenium.WebElement$click$0.call(Unknown Source)
	at com.kms.katalon.core.webui.keyword.builtin.ClickKeyword.clickUntilSuccessWithTimeout(ClickKeyword.groovy:81)
	at com.kms.katalon.core.webui.keyword.builtin.ClickKeyword.clickUntilSuccessWithTimeout(ClickKeyword.groovy)
	at com.kms.katalon.core.webui.keyword.builtin.ClickKeyword$_click_closure1.doCall(ClickKeyword.groovy:67)
	at com.kms.katalon.core.webui.keyword.builtin.ClickKeyword$_click_closure1.call(ClickKeyword.groovy)
	at com.kms.katalon.core.webui.keyword.internal.WebUIKeywordMain.runKeyword(WebUIKeywordMain.groovy:20)
	... 35 more
)

2022-02-23 15:34:22 - [TEST_STEP][FAILED] - callTestCase(findTestCase("7.1-Pruebas_Vinculación/7.1.4-Crear_un_Registro_de_Contratación"), [:], STOP_ON_FAILURE): Unable to call Test Case 'Test Cases/7.1-Pruebas_Vinculación/7.1.4-Crear_un_Registro_de_Contratación' (Root cause: com.kms.katalon.core.exception.StepFailedException: Call Test Case 'Test Cases/7.1-Pruebas_Vinculación/7.1.4-Crear_un_Registro_de_Contratación' failed
	at com.kms.katalon.core.keyword.builtin.CallTestCaseKeyword$_callTestCase_closure1.doCall(CallTestCaseKeyword.groovy:63)
	at com.kms.katalon.core.keyword.builtin.CallTestCaseKeyword$_callTestCase_closure1.call(CallTestCaseKeyword.groovy)
	at com.kms.katalon.core.keyword.internal.KeywordMain.runKeyword(KeywordMain.groovy:74)
	at com.kms.katalon.core.keyword.builtin.CallTestCaseKeyword.callTestCase(CallTestCaseKeyword.groovy:81)
	at com.kms.katalon.core.keyword.builtin.CallTestCaseKeyword.execute(CallTestCaseKeyword.groovy:44)
	at com.kms.katalon.core.keyword.internal.KeywordExecutor.executeKeywordForPlatform(KeywordExecutor.groovy:74)
	at com.kms.katalon.core.keyword.BuiltinKeywords.callTestCase(BuiltinKeywords.groovy:334)
	at 7.1.6-Validar_Documentos.run(7.1.6-Validar_Documentos:51)
	at com.kms.katalon.core.main.ScriptEngine.run(ScriptEngine.java:194)
	at com.kms.katalon.core.main.ScriptEngine.runScriptAsRawText(ScriptEngine.java:119)
	at com.kms.katalon.core.main.TestCaseExecutor.runScript(TestCaseExecutor.java:442)
	at com.kms.katalon.core.main.TestCaseExecutor.doExecute(TestCaseExecutor.java:433)
	at com.kms.katalon.core.main.TestCaseExecutor.processExecutionPhase(TestCaseExecutor.java:412)
	at com.kms.katalon.core.main.TestCaseExecutor.accessMainPhase(TestCaseExecutor.java:404)
	at com.kms.katalon.core.main.TestCaseExecutor.execute(TestCaseExecutor.java:281)
	at com.kms.katalon.core.main.TestSuiteExecutor.accessTestCaseMainPhase(TestSuiteExecutor.java:202)
	at com.kms.katalon.core.main.TestSuiteExecutor.accessTestSuiteMainPhase(TestSuiteExecutor.java:164)
	at com.kms.katalon.core.main.TestSuiteExecutor.execute(TestSuiteExecutor.java:105)
	at com.kms.katalon.core.main.TestCaseMain.startTestSuite(TestCaseMain.java:185)
	at com.kms.katalon.core.main.TestCaseMain$startTestSuite$0.call(Unknown Source)
	at TempTestSuite1645646197076.run(TempTestSuite1645646197076.groovy:36)
Caused by: com.kms.katalon.core.exception.StepFailedException: Unable to click on object 'Object Repository/Modulo Pruebas Vinculación/Crear un Registro de Contratación/a_Anular Proceso'
	at com.kms.katalon.core.webui.keyword.internal.WebUIKeywordMain.stepFailed(WebUIKeywordMain.groovy:64)
	at com.kms.katalon.core.webui.keyword.internal.WebUIKeywordMain.runKeyword(WebUIKeywordMain.groovy:26)
	at com.kms.katalon.core.webui.keyword.builtin.ClickKeyword.click(ClickKeyword.groovy:74)
	at com.kms.katalon.core.webui.keyword.builtin.ClickKeyword.execute(ClickKeyword.groovy:40)
	at com.kms.katalon.core.keyword.internal.KeywordExecutor.executeKeywordForPlatform(KeywordExecutor.groovy:74)
	at com.kms.katalon.core.webui.keyword.WebUiBuiltInKeywords.click(WebUiBuiltInKeywords.groovy:620)
	at com.kms.katalon.core.webui.keyword.WebUiBuiltInKeywords$click$5.call(Unknown Source)
	at 7.1.4-Crear_un_Registro_de_Contratación.run(7.1.4-Crear_un_Registro_de_Contratación:50)
	at com.kms.katalon.core.main.ScriptEngine.run(ScriptEngine.java:194)
	at com.kms.katalon.core.main.ScriptEngine.runScriptAsRawText(ScriptEngine.java:119)
	at com.kms.katalon.core.main.TestCaseExecutor.runScript(TestCaseExecutor.java:442)
	at com.kms.katalon.core.main.TestCaseExecutor.doExecute(TestCaseExecutor.java:433)
	at com.kms.katalon.core.main.TestCaseExecutor.processExecutionPhase(TestCaseExecutor.java:412)
	at com.kms.katalon.core.main.TestCaseExecutor.accessMainPhase(TestCaseExecutor.java:404)
	at com.kms.katalon.core.main.TestCaseExecutor.execute(TestCaseExecutor.java:281)
	at com.kms.katalon.core.main.TestCaseMain.runTestCase(TestCaseMain.java:142)
	at com.kms.katalon.core.keyword.builtin.CallTestCaseKeyword$_callTestCase_closure1.doCall(CallTestCaseKeyword.groovy:59)
	... 20 more
Caused by: org.openqa.selenium.ElementClickInterceptedException: element click intercepted: Element <a id="form_contratacion:panelTab:j_idt280" href="#" class="ui-commandlink ui-widget us-boton btn-negar" onclick="PrimeFaces.ab({s:&quot;form_contratacion:panelTab:j_idt280&quot;,f:&quot;form_contratacion&quot;,u:&quot;areaAplicacion&quot;});return false;">...</a> is not clickable at point (384, 561). Other element would receive the click: <div id="popupErrorDialog:dialog_popupFoto_modal" class="ui-widget-overlay ui-dialog-mask" style="z-index: 1010;"></div>
  (Session info: chrome=98.0.4758.102)
Build info: version: '3.141.59', revision: 'e82be7d358', time: '2018-11-14T08:25:53'
System info: host: 'US-AF-000371', ip: '192.168.56.1', os.name: 'Windows 10', os.arch: 'amd64', os.version: '10.0', java.version: '1.8.0_282'
Driver info: com.kms.katalon.selenium.driver.CChromeDriver
Capabilities {acceptInsecureCerts: false, browserName: chrome, browserVersion: 98.0.4758.102, chrome: {chromedriverVersion: 97.0.4692.36 (747e0a0f19c13..., userDataDir: C:\Users\DIEGO~1.ROJ\AppDat...}, goog:chromeOptions: {debuggerAddress: localhost:54117}, javascriptEnabled: true, networkConnectionEnabled: false, pageLoadStrategy: normal, platform: WINDOWS, platformName: WINDOWS, proxy: Proxy(), setWindowRect: true, strictFileInteractability: false, timeouts: {implicit: 0, pageLoad: 300000, script: 30000}, unhandledPromptBehavior: dismiss and notify, webauthn:extension:credBlob: true, webauthn:extension:largeBlob: true, webauthn:virtualAuthenticators: true}
Session ID: e969d2efea1f5f6dc5ba795828cc8b40
	at org.openqa.selenium.remote.http.W3CHttpResponseCodec.createException(W3CHttpResponseCodec.java:187)
	at org.openqa.selenium.remote.http.W3CHttpResponseCodec.decode(W3CHttpResponseCodec.java:122)
	at org.openqa.selenium.remote.http.W3CHttpResponseCodec.decode(W3CHttpResponseCodec.java:49)
	at org.openqa.selenium.remote.HttpCommandExecutor.execute(HttpCommandExecutor.java:158)
	at org.openqa.selenium.remote.service.DriverCommandExecutor.execute(DriverCommandExecutor.java:83)
	at org.openqa.selenium.remote.RemoteWebDriver.execute(RemoteWebDriver.java:552)
	at com.kms.katalon.selenium.driver.CChromeDriver.execute(CChromeDriver.java:19)
	at org.openqa.selenium.remote.RemoteWebElement.execute(RemoteWebElement.java:285)
	at org.openqa.selenium.remote.RemoteWebElement.click(RemoteWebElement.java:84)
	at org.openqa.selenium.support.events.EventFiringWebDriver$EventFiringWebElement.lambda$new$0(EventFiringWebDriver.java:404)
	at com.sun.proxy.$Proxy11.click(Unknown Source)
	at org.openqa.selenium.support.events.EventFiringWebDriver$EventFiringWebElement.click(EventFiringWebDriver.java:417)
	at org.openqa.selenium.WebElement$click$0.call(Unknown Source)
	at com.kms.katalon.core.webui.keyword.builtin.ClickKeyword.clickUntilSuccessWithTimeout(ClickKeyword.groovy:81)
	at com.kms.katalon.core.webui.keyword.builtin.ClickKeyword.clickUntilSuccessWithTimeout(ClickKeyword.groovy)
	at com.kms.katalon.core.webui.keyword.builtin.ClickKeyword$_click_closure1.doCall(ClickKeyword.groovy:67)
	at com.kms.katalon.core.webui.keyword.builtin.ClickKeyword$_click_closure1.call(ClickKeyword.groovy)
	at com.kms.katalon.core.webui.keyword.internal.WebUIKeywordMain.runKeyword(WebUIKeywordMain.groovy:20)
	... 35 more
)

2022-02-23 15:34:22 - [TEST_CASE][FAILED] - Test Cases/7.1-Pruebas_Vinculación/7.1.4-Crear_un_Registro_de_Contratación: Test Cases/7.1-Pruebas_Vinculación/7.1.4-Crear_un_Registro_de_Contratación FAILED.
Reason:
com.kms.katalon.core.exception.StepFailedException: Unable to click on object 'Object Repository/Modulo Pruebas Vinculación/Crear un Registro de Contratación/a_Anular Proceso'
	at com.kms.katalon.core.webui.keyword.internal.WebUIKeywordMain.stepFailed(WebUIKeywordMain.groovy:64)
	at com.kms.katalon.core.webui.keyword.internal.WebUIKeywordMain.runKeyword(WebUIKeywordMain.groovy:26)
	at com.kms.katalon.core.webui.keyword.builtin.ClickKeyword.click(ClickKeyword.groovy:74)
	at com.kms.katalon.core.webui.keyword.builtin.ClickKeyword.execute(ClickKeyword.groovy:40)
	at com.kms.katalon.core.keyword.internal.KeywordExecutor.executeKeywordForPlatform(KeywordExecutor.groovy:74)
	at com.kms.katalon.core.webui.keyword.WebUiBuiltInKeywords.click(WebUiBuiltInKeywords.groovy:620)
	at com.kms.katalon.core.webui.keyword.WebUiBuiltInKeywords$click$5.call(Unknown Source)
	at 7.1.4-Crear_un_Registro_de_Contratación.run(7.1.4-Crear_un_Registro_de_Contratación:50)
	at com.kms.katalon.core.main.ScriptEngine.run(ScriptEngine.java:194)
	at com.kms.katalon.core.main.ScriptEngine.runScriptAsRawText(ScriptEngine.java:119)
	at com.kms.katalon.core.main.TestCaseExecutor.runScript(TestCaseExecutor.java:442)
	at com.kms.katalon.core.main.TestCaseExecutor.doExecute(TestCaseExecutor.java:433)
	at com.kms.katalon.core.main.TestCaseExecutor.processExecutionPhase(TestCaseExecutor.java:412)
	at com.kms.katalon.core.main.TestCaseExecutor.accessMainPhase(TestCaseExecutor.java:404)
	at com.kms.katalon.core.main.TestCaseExecutor.execute(TestCaseExecutor.java:281)
	at com.kms.katalon.core.main.TestCaseMain.runTestCase(TestCaseMain.java:142)
	at com.kms.katalon.core.keyword.builtin.CallTestCaseKeyword$_callTestCase_closure1.doCall(CallTestCaseKeyword.groovy:59)
	at com.kms.katalon.core.keyword.builtin.CallTestCaseKeyword$_callTestCase_closure1.call(CallTestCaseKeyword.groovy)
	at com.kms.katalon.core.keyword.internal.KeywordMain.runKeyword(KeywordMain.groovy:74)
	at com.kms.katalon.core.keyword.builtin.CallTestCaseKeyword.callTestCase(CallTestCaseKeyword.groovy:81)
	at com.kms.katalon.core.keyword.builtin.CallTestCaseKeyword.execute(CallTestCaseKeyword.groovy:44)
	at com.kms.katalon.core.keyword.internal.KeywordExecutor.executeKeywordForPlatform(KeywordExecutor.groovy:74)
	at com.kms.katalon.core.keyword.BuiltinKeywords.callTestCase(BuiltinKeywords.groovy:334)
	at 7.1.6-Validar_Documentos.run(7.1.6-Validar_Documentos:51)
	at com.kms.katalon.core.main.ScriptEngine.run(ScriptEngine.java:194)
	at com.kms.katalon.core.main.ScriptEngine.runScriptAsRawText(ScriptEngine.java:119)
	at com.kms.katalon.core.main.TestCaseExecutor.runScript(TestCaseExecutor.java:442)
	at com.kms.katalon.core.main.TestCaseExecutor.doExecute(TestCaseExecutor.java:433)
	at com.kms.katalon.core.main.TestCaseExecutor.processExecutionPhase(TestCaseExecutor.java:412)
	at com.kms.katalon.core.main.TestCaseExecutor.accessMainPhase(TestCaseExecutor.java:404)
	at com.kms.katalon.core.main.TestCaseExecutor.execute(TestCaseExecutor.java:281)
	at com.kms.katalon.core.main.TestSuiteExecutor.accessTestCaseMainPhase(TestSuiteExecutor.java:202)
	at com.kms.katalon.core.main.TestSuiteExecutor.accessTestSuiteMainPhase(TestSuiteExecutor.java:164)
	at com.kms.katalon.core.main.TestSuiteExecutor.execute(TestSuiteExecutor.java:105)
	at com.kms.katalon.core.main.TestCaseMain.startTestSuite(TestCaseMain.java:185)
	at com.kms.katalon.core.main.TestCaseMain$startTestSuite$0.call(Unknown Source)
	at TempTestSuite1645646197076.run(TempTestSuite1645646197076.groovy:36)
Caused by: org.openqa.selenium.ElementClickInterceptedException: element click intercepted: Element <a id="form_contratacion:panelTab:j_idt280" href="#" class="ui-commandlink ui-widget us-boton btn-negar" onclick="PrimeFaces.ab({s:&quot;form_contratacion:panelTab:j_idt280&quot;,f:&quot;form_contratacion&quot;,u:&quot;areaAplicacion&quot;});return false;">...</a> is not clickable at point (384, 561). Other element would receive the click: <div id="popupErrorDialog:dialog_popupFoto_modal" class="ui-widget-overlay ui-dialog-mask" style="z-index: 1010;"></div>
  (Session info: chrome=98.0.4758.102)
Build info: version: '3.141.59', revision: 'e82be7d358', time: '2018-11-14T08:25:53'
System info: host: 'US-AF-000371', ip: '192.168.56.1', os.name: 'Windows 10', os.arch: 'amd64', os.version: '10.0', java.version: '1.8.0_282'
Driver info: com.kms.katalon.selenium.driver.CChromeDriver
Capabilities {acceptInsecureCerts: false, browserName: chrome, browserVersion: 98.0.4758.102, chrome: {chromedriverVersion: 97.0.4692.36 (747e0a0f19c13..., userDataDir: C:\Users\DIEGO~1.ROJ\AppDat...}, goog:chromeOptions: {debuggerAddress: localhost:54117}, javascriptEnabled: true, networkConnectionEnabled: false, pageLoadStrategy: normal, platform: WINDOWS, platformName: WINDOWS, proxy: Proxy(), setWindowRect: true, strictFileInteractability: false, timeouts: {implicit: 0, pageLoad: 300000, script: 30000}, unhandledPromptBehavior: dismiss and notify, webauthn:extension:credBlob: true, webauthn:extension:largeBlob: true, webauthn:virtualAuthenticators: true}
Session ID: e969d2efea1f5f6dc5ba795828cc8b40
	at org.openqa.selenium.remote.http.W3CHttpResponseCodec.createException(W3CHttpResponseCodec.java:187)
	at org.openqa.selenium.remote.http.W3CHttpResponseCodec.decode(W3CHttpResponseCodec.java:122)
	at org.openqa.selenium.remote.http.W3CHttpResponseCodec.decode(W3CHttpResponseCodec.java:49)
	at org.openqa.selenium.remote.HttpCommandExecutor.execute(HttpCommandExecutor.java:158)
	at org.openqa.selenium.remote.service.DriverCommandExecutor.execute(DriverCommandExecutor.java:83)
	at org.openqa.selenium.remote.RemoteWebDriver.execute(RemoteWebDriver.java:552)
	at com.kms.katalon.selenium.driver.CChromeDriver.execute(CChromeDriver.java:19)
	at org.openqa.selenium.remote.RemoteWebElement.execute(RemoteWebElement.java:285)
	at org.openqa.selenium.remote.RemoteWebElement.click(RemoteWebElement.java:84)
	at org.openqa.selenium.support.events.EventFiringWebDriver$EventFiringWebElement.lambda$new$0(EventFiringWebDriver.java:404)
	at com.sun.proxy.$Proxy11.click(Unknown Source)
	at org.openqa.selenium.support.events.EventFiringWebDriver$EventFiringWebElement.click(EventFiringWebDriver.java:417)
	at org.openqa.selenium.WebElement$click$0.call(Unknown Source)
	at com.kms.katalon.core.webui.keyword.builtin.ClickKeyword.clickUntilSuccessWithTimeout(ClickKeyword.groovy:81)
	at com.kms.katalon.core.webui.keyword.builtin.ClickKeyword.clickUntilSuccessWithTimeout(ClickKeyword.groovy)
	at com.kms.katalon.core.webui.keyword.builtin.ClickKeyword$_click_closure1.doCall(ClickKeyword.groovy:67)
	at com.kms.katalon.core.webui.keyword.builtin.ClickKeyword$_click_closure1.call(ClickKeyword.groovy)
	at com.kms.katalon.core.webui.keyword.internal.WebUIKeywordMain.runKeyword(WebUIKeywordMain.groovy:20)
	... 35 more


2022-02-23 15:34:22 - [TEST_STEP][PASSED] - callTestCase(findTestCase("0.1-Login"), [:], STOP_ON_FAILURE): Call Test Case 'Test Cases/0.1-Login' successfully

2022-02-23 15:34:22 - [TEST_CASE][PASSED] - Test Cases/0.1-Login: Test Cases/0.1-Login

2022-02-23 15:34:22 - [TEST_STEP][PASSED] - openBrowser(""): Browser is opened with url: ''

2022-02-23 15:34:22 - [MESSAGE][WARNING] - A browser is already opened. Closing browser and opening a new one

2022-02-23 15:34:23 - [MESSAGE][INFO] - Starting 'Chrome' driver

2022-02-23 15:34:23 - [MESSAGE][INFO] - Action delay is set to 0 milliseconds

2022-02-23 15:34:24 - [MESSAGE][PASSED] - Browser is opened with url: ''

2022-02-23 15:34:24 - [TEST_STEP][PASSED] - maximizeWindow(): Current window maximized

2022-02-23 15:34:24 - [MESSAGE][PASSED] - Current window maximized

2022-02-23 15:34:24 - [TEST_STEP][PASSED] - i = G_Login: null

2022-02-23 15:34:24 - [TEST_STEP][PASSED] - url = new java.net.URL(i): null

2022-02-23 15:34:24 - [TEST_STEP][PASSED] - println("URL: " + url.toString()): null

2022-02-23 15:34:24 - [TEST_STEP][PASSED] - connection = url.openConnection(): null

2022-02-23 15:34:24 - [TEST_STEP][PASSED] - connection.setRequestMethod("GET"): null

2022-02-23 15:34:24 - [TEST_STEP][PASSED] - connection.setReadTimeout(2 * 1000): null

2022-02-23 15:34:24 - [TEST_STEP][PASSED] - try: null

2022-02-23 15:34:24 - [TEST_STEP][PASSED] - connection.connect(): null

2022-02-23 15:34:24 - [TEST_STEP][PASSED] - flag = connected: null

2022-02-23 15:34:24 - [TEST_STEP][PASSED] - println("Valor_ori: " + flag): null

2022-02-23 15:34:24 - [TEST_STEP][PASSED] - if (flag): null

2022-02-23 15:34:24 - [TEST_STEP][PASSED] - navigateToUrl(i): Navigate to 'http://192.168.2.80:8380/saraweb' successfully

2022-02-23 15:34:25 - [MESSAGE][PASSED] - Navigate to 'http://192.168.2.80:8380/saraweb' successfully

2022-02-23 15:34:25 - [TEST_STEP][PASSED] - a(): null

2022-02-23 15:34:25 - [TEST_STEP][PASSED] - setText(findTestObject("Login/input_USUARIO_loginusuario"), G_Usuario): Text 'saraadmin' is set on object 'Object Repository/Login/input_USUARIO_loginusuario'

2022-02-23 15:34:26 - [MESSAGE][PASSED] - Text 'saraadmin' is set on object 'Object Repository/Login/input_USUARIO_loginusuario'

2022-02-23 15:34:26 - [TEST_STEP][PASSED] - setEncryptedText(findTestObject("Login/input_CLAVE_loginpassword"), "MkG4/TYiCFC3cb2driP7+Q=="): Text ****** has been set on object 'Object Repository/Login/input_CLAVE_loginpassword'

2022-02-23 15:34:26 - [MESSAGE][PASSED] - Text ****** has been set on object 'Object Repository/Login/input_CLAVE_loginpassword'

2022-02-23 15:34:26 - [TEST_STEP][PASSED] - waitForElementClickable(findTestObject("Login/a_Ingresar"), G_TimeOut): Object 'Object Repository/Login/a_Ingresar' is clickable

2022-02-23 15:34:27 - [MESSAGE][PASSED] - Object 'Object Repository/Login/a_Ingresar' is clickable

2022-02-23 15:34:27 - [TEST_STEP][PASSED] - click(findTestObject("Login/a_Ingresar")): Object: 'Object Repository/Login/a_Ingresar' is clicked on

2022-02-23 15:34:29 - [MESSAGE][PASSED] - Object: 'Object Repository/Login/a_Ingresar' is clicked on

2022-02-23 15:34:29 - [TEST_STEP][PASSED] - element = findWebElement(findTestObject("Login/a_Ir"), 30): null

2022-02-23 15:34:29 - [TEST_STEP][PASSED] - executeJavaScript("arguments[0].click()", Arrays.asList(element)): Execute JavaScript 'arguments[0].click()' successfully

2022-02-23 15:34:29 - [MESSAGE][PASSED] - Execute JavaScript 'arguments[0].click()' successfully

2022-02-23 15:34:29 - [MESSAGE][PASSED] - Call Test Case 'Test Cases/0.1-Login' successfully

2022-02-23 15:34:29 - [TEST_STEP][PASSED] - setText(findTestObject("Modulo Pruebas Vinculación/Crear un Registro de Contratación/input_Empresa 1_form_templatej_idt24_input"), "listado contratacion"): Text 'listado contratacion' is set on object 'Object Repository/Modulo Pruebas Vinculación/Crear un Registro de Contratación/input_Empresa 1_form_templatej_idt24_input'

2022-02-23 15:34:30 - [MESSAGE][PASSED] - Text 'listado contratacion' is set on object 'Object Repository/Modulo Pruebas Vinculación/Crear un Registro de Contratación/input_Empresa 1_form_templatej_idt24_input'

2022-02-23 15:34:30 - [TEST_STEP][PASSED] - click(findTestObject("Modulo Pruebas Vinculación/Crear un Registro de Contratación/li_Listado Contratacion (tal)")): Object: 'Object Repository/Modulo Pruebas Vinculación/Crear un Registro de Contratación/li_Listado Contratacion (tal)' is clicked on

2022-02-23 15:34:32 - [MESSAGE][PASSED] - Object: 'Object Repository/Modulo Pruebas Vinculación/Crear un Registro de Contratación/li_Listado Contratacion (tal)' is clicked on

2022-02-23 15:34:32 - [TEST_STEP][PASSED] - selectOptionByIndex(findTestObject("Modulo Pruebas Vinculación/Crear un Registro de Contratación/select_-- Seleccione --ANULADOCERRADOELIMINADOSOLICITADO"), 4): All options with index in [4] are selected on object 'Object Repository/Modulo Pruebas Vinculación/Crear un Registro de Contratación/select_-- Seleccione --ANULADOCERRADOELIMINADOSOLICITADO'

2022-02-23 15:34:33 - [MESSAGE][PASSED] - All options with index in [4] are selected on object 'Object Repository/Modulo Pruebas Vinculación/Crear un Registro de Contratación/select_-- Seleccione --ANULADOCERRADOELIMINADOSOLICITADO'

2022-02-23 15:34:33 - [TEST_STEP][PASSED] - click(findTestObject("Modulo Pruebas Vinculación/Crear un Registro de Contratación/a_Nombre Persona_listado_contratacionj_idt68")): Object: 'Object Repository/Modulo Pruebas Vinculación/Crear un Registro de Contratación/a_Nombre Persona_listado_contratacionj_idt68' is clicked on

2022-02-23 15:34:34 - [MESSAGE][PASSED] - Object: 'Object Repository/Modulo Pruebas Vinculación/Crear un Registro de Contratación/a_Nombre Persona_listado_contratacionj_idt68' is clicked on

2022-02-23 15:34:34 - [TEST_STEP][PASSED] - setText(findTestObject("Modulo Pruebas Vinculación/Crear un Registro de Contratación/input_Filtro Hoja de Vida_formPopupHojaVidaj_idt13270"), "A A A"): Text 'A A A' is set on object 'Object Repository/Modulo Pruebas Vinculación/Crear un Registro de Contratación/input_Filtro Hoja de Vida_formPopupHojaVidaj_idt13270'

2022-02-23 15:34:35 - [MESSAGE][PASSED] - Text 'A A A' is set on object 'Object Repository/Modulo Pruebas Vinculación/Crear un Registro de Contratación/input_Filtro Hoja de Vida_formPopupHojaVidaj_idt13270'

2022-02-23 15:34:35 - [TEST_STEP][PASSED] - sendKeys(findTestObject("Modulo Pruebas Vinculación/Crear un Registro de Contratación/input_Filtro Hoja de Vida_formPopupHojaVidaj_idt13270"), Keys.chord(ENTER)): Keys 'ENTER + ' sent to object: 'Object Repository/Modulo Pruebas Vinculación/Crear un Registro de Contratación/input_Filtro Hoja de Vida_formPopupHojaVidaj_idt13270'

2022-02-23 15:34:35 - [MESSAGE][PASSED] - Keys 'ENTER + ' sent to object: 'Object Repository/Modulo Pruebas Vinculación/Crear un Registro de Contratación/input_Filtro Hoja de Vida_formPopupHojaVidaj_idt13270'

2022-02-23 15:34:35 - [TEST_STEP][PASSED] - click(findTestObject("Modulo Pruebas Vinculación/Crear un Registro de Contratación/span_A A A1")): Object: 'Object Repository/Modulo Pruebas Vinculación/Crear un Registro de Contratación/span_A A A1' is clicked on

2022-02-23 15:34:36 - [MESSAGE][PASSED] - Object: 'Object Repository/Modulo Pruebas Vinculación/Crear un Registro de Contratación/span_A A A1' is clicked on

2022-02-23 15:34:36 - [TEST_STEP][PASSED] - if (waitForElementVisible(findTestObject("Modulo Pruebas Vinculación/Crear un Registro de Contratación/td_A A A"), 1)): null

2022-02-23 15:34:37 - [MESSAGE][PASSED] - Object 'Object Repository/Modulo Pruebas Vinculación/Crear un Registro de Contratación/td_A A A' is visible

2022-02-23 15:34:37 - [TEST_STEP][PASSED] - click(findTestObject("Modulo Pruebas Vinculación/Crear un Registro de Contratación/td_A A A")): Object: 'Object Repository/Modulo Pruebas Vinculación/Crear un Registro de Contratación/td_A A A' is clicked on

2022-02-23 15:34:37 - [MESSAGE][PASSED] - Object: 'Object Repository/Modulo Pruebas Vinculación/Crear un Registro de Contratación/td_A A A' is clicked on

2022-02-23 15:34:37 - [TEST_STEP][PASSED] - setText(findTestObject("Modulo Pruebas Vinculación/Crear un Registro de Contratación/textarea_Motivo_form_contratacionpanelTabmotivo"), "PRUEBAS KATALON"): Text 'PRUEBAS KATALON' is set on object 'Object Repository/Modulo Pruebas Vinculación/Crear un Registro de Contratación/textarea_Motivo_form_contratacionpanelTabmotivo'

2022-02-23 15:34:39 - [MESSAGE][PASSED] - Text 'PRUEBAS KATALON' is set on object 'Object Repository/Modulo Pruebas Vinculación/Crear un Registro de Contratación/textarea_Motivo_form_contratacionpanelTabmotivo'

2022-02-23 15:34:39 - [TEST_STEP][PASSED] - selectOptionByIndex(findTestObject("Modulo Pruebas Vinculación/Crear un Registro de Contratación/select_--Seleccione--NOSI"), 1): All options with index in [1] are selected on object 'Object Repository/Modulo Pruebas Vinculación/Crear un Registro de Contratación/select_--Seleccione--NOSI'

2022-02-23 15:34:40 - [MESSAGE][PASSED] - All options with index in [1] are selected on object 'Object Repository/Modulo Pruebas Vinculación/Crear un Registro de Contratación/select_--Seleccione--NOSI'

2022-02-23 15:34:40 - [TEST_STEP][FAILED] - click(findTestObject("Modulo Pruebas Vinculación/Crear un Registro de Contratación/a_Anular Proceso")): Unable to click on object 'Object Repository/Modulo Pruebas Vinculación/Crear un Registro de Contratación/a_Anular Proceso' (Root cause: com.kms.katalon.core.exception.StepFailedException: Unable to click on object 'Object Repository/Modulo Pruebas Vinculación/Crear un Registro de Contratación/a_Anular Proceso'
	at com.kms.katalon.core.webui.keyword.internal.WebUIKeywordMain.stepFailed(WebUIKeywordMain.groovy:64)
	at com.kms.katalon.core.webui.keyword.internal.WebUIKeywordMain.runKeyword(WebUIKeywordMain.groovy:26)
	at com.kms.katalon.core.webui.keyword.builtin.ClickKeyword.click(ClickKeyword.groovy:74)
	at com.kms.katalon.core.webui.keyword.builtin.ClickKeyword.execute(ClickKeyword.groovy:40)
	at com.kms.katalon.core.keyword.internal.KeywordExecutor.executeKeywordForPlatform(KeywordExecutor.groovy:74)
	at com.kms.katalon.core.webui.keyword.WebUiBuiltInKeywords.click(WebUiBuiltInKeywords.groovy:620)
	at com.kms.katalon.core.webui.keyword.WebUiBuiltInKeywords$click$5.call(Unknown Source)
	at 7.1.4-Crear_un_Registro_de_Contratación.run(7.1.4-Crear_un_Registro_de_Contratación:50)
	at com.kms.katalon.core.main.ScriptEngine.run(ScriptEngine.java:194)
	at com.kms.katalon.core.main.ScriptEngine.runScriptAsRawText(ScriptEngine.java:119)
	at com.kms.katalon.core.main.TestCaseExecutor.runScript(TestCaseExecutor.java:442)
	at com.kms.katalon.core.main.TestCaseExecutor.doExecute(TestCaseExecutor.java:433)
	at com.kms.katalon.core.main.TestCaseExecutor.processExecutionPhase(TestCaseExecutor.java:412)
	at com.kms.katalon.core.main.TestCaseExecutor.accessMainPhase(TestCaseExecutor.java:404)
	at com.kms.katalon.core.main.TestCaseExecutor.execute(TestCaseExecutor.java:281)
	at com.kms.katalon.core.main.TestCaseMain.runTestCase(TestCaseMain.java:142)
	at com.kms.katalon.core.keyword.builtin.CallTestCaseKeyword$_callTestCase_closure1.doCall(CallTestCaseKeyword.groovy:59)
	at com.kms.katalon.core.keyword.builtin.CallTestCaseKeyword$_callTestCase_closure1.call(CallTestCaseKeyword.groovy)
	at com.kms.katalon.core.keyword.internal.KeywordMain.runKeyword(KeywordMain.groovy:74)
	at com.kms.katalon.core.keyword.builtin.CallTestCaseKeyword.callTestCase(CallTestCaseKeyword.groovy:81)
	at com.kms.katalon.core.keyword.builtin.CallTestCaseKeyword.execute(CallTestCaseKeyword.groovy:44)
	at com.kms.katalon.core.keyword.internal.KeywordExecutor.executeKeywordForPlatform(KeywordExecutor.groovy:74)
	at com.kms.katalon.core.keyword.BuiltinKeywords.callTestCase(BuiltinKeywords.groovy:334)
	at 7.1.6-Validar_Documentos.run(7.1.6-Validar_Documentos:51)
	at com.kms.katalon.core.main.ScriptEngine.run(ScriptEngine.java:194)
	at com.kms.katalon.core.main.ScriptEngine.runScriptAsRawText(ScriptEngine.java:119)
	at com.kms.katalon.core.main.TestCaseExecutor.runScript(TestCaseExecutor.java:442)
	at com.kms.katalon.core.main.TestCaseExecutor.doExecute(TestCaseExecutor.java:433)
	at com.kms.katalon.core.main.TestCaseExecutor.processExecutionPhase(TestCaseExecutor.java:412)
	at com.kms.katalon.core.main.TestCaseExecutor.accessMainPhase(TestCaseExecutor.java:404)
	at com.kms.katalon.core.main.TestCaseExecutor.execute(TestCaseExecutor.java:281)
	at com.kms.katalon.core.main.TestSuiteExecutor.accessTestCaseMainPhase(TestSuiteExecutor.java:202)
	at com.kms.katalon.core.main.TestSuiteExecutor.accessTestSuiteMainPhase(TestSuiteExecutor.java:164)
	at com.kms.katalon.core.main.TestSuiteExecutor.execute(TestSuiteExecutor.java:105)
	at com.kms.katalon.core.main.TestCaseMain.startTestSuite(TestCaseMain.java:185)
	at com.kms.katalon.core.main.TestCaseMain$startTestSuite$0.call(Unknown Source)
	at TempTestSuite1645646197076.run(TempTestSuite1645646197076.groovy:36)
Caused by: org.openqa.selenium.ElementClickInterceptedException: element click intercepted: Element <a id="form_contratacion:panelTab:j_idt280" href="#" class="ui-commandlink ui-widget us-boton btn-negar" onclick="PrimeFaces.ab({s:&quot;form_contratacion:panelTab:j_idt280&quot;,f:&quot;form_contratacion&quot;,u:&quot;areaAplicacion&quot;});return false;">...</a> is not clickable at point (384, 561). Other element would receive the click: <div id="popupErrorDialog:dialog_popupFoto_modal" class="ui-widget-overlay ui-dialog-mask" style="z-index: 1010;"></div>
  (Session info: chrome=98.0.4758.102)
Build info: version: '3.141.59', revision: 'e82be7d358', time: '2018-11-14T08:25:53'
System info: host: 'US-AF-000371', ip: '192.168.56.1', os.name: 'Windows 10', os.arch: 'amd64', os.version: '10.0', java.version: '1.8.0_282'
Driver info: com.kms.katalon.selenium.driver.CChromeDriver
Capabilities {acceptInsecureCerts: false, browserName: chrome, browserVersion: 98.0.4758.102, chrome: {chromedriverVersion: 97.0.4692.36 (747e0a0f19c13..., userDataDir: C:\Users\DIEGO~1.ROJ\AppDat...}, goog:chromeOptions: {debuggerAddress: localhost:54117}, javascriptEnabled: true, networkConnectionEnabled: false, pageLoadStrategy: normal, platform: WINDOWS, platformName: WINDOWS, proxy: Proxy(), setWindowRect: true, strictFileInteractability: false, timeouts: {implicit: 0, pageLoad: 300000, script: 30000}, unhandledPromptBehavior: dismiss and notify, webauthn:extension:credBlob: true, webauthn:extension:largeBlob: true, webauthn:virtualAuthenticators: true}
Session ID: e969d2efea1f5f6dc5ba795828cc8b40
	at org.openqa.selenium.remote.http.W3CHttpResponseCodec.createException(W3CHttpResponseCodec.java:187)
	at org.openqa.selenium.remote.http.W3CHttpResponseCodec.decode(W3CHttpResponseCodec.java:122)
	at org.openqa.selenium.remote.http.W3CHttpResponseCodec.decode(W3CHttpResponseCodec.java:49)
	at org.openqa.selenium.remote.HttpCommandExecutor.execute(HttpCommandExecutor.java:158)
	at org.openqa.selenium.remote.service.DriverCommandExecutor.execute(DriverCommandExecutor.java:83)
	at org.openqa.selenium.remote.RemoteWebDriver.execute(RemoteWebDriver.java:552)
	at com.kms.katalon.selenium.driver.CChromeDriver.execute(CChromeDriver.java:19)
	at org.openqa.selenium.remote.RemoteWebElement.execute(RemoteWebElement.java:285)
	at org.openqa.selenium.remote.RemoteWebElement.click(RemoteWebElement.java:84)
	at org.openqa.selenium.support.events.EventFiringWebDriver$EventFiringWebElement.lambda$new$0(EventFiringWebDriver.java:404)
	at com.sun.proxy.$Proxy11.click(Unknown Source)
	at org.openqa.selenium.support.events.EventFiringWebDriver$EventFiringWebElement.click(EventFiringWebDriver.java:417)
	at org.openqa.selenium.WebElement$click$0.call(Unknown Source)
	at com.kms.katalon.core.webui.keyword.builtin.ClickKeyword.clickUntilSuccessWithTimeout(ClickKeyword.groovy:81)
	at com.kms.katalon.core.webui.keyword.builtin.ClickKeyword.clickUntilSuccessWithTimeout(ClickKeyword.groovy)
	at com.kms.katalon.core.webui.keyword.builtin.ClickKeyword$_click_closure1.doCall(ClickKeyword.groovy:67)
	at com.kms.katalon.core.webui.keyword.builtin.ClickKeyword$_click_closure1.call(ClickKeyword.groovy)
	at com.kms.katalon.core.webui.keyword.internal.WebUIKeywordMain.runKeyword(WebUIKeywordMain.groovy:20)
	at com.kms.katalon.core.webui.keyword.builtin.ClickKeyword.click(ClickKeyword.groovy:74)
	at com.kms.katalon.core.webui.keyword.builtin.ClickKeyword.execute(ClickKeyword.groovy:40)
	at com.kms.katalon.core.keyword.internal.KeywordExecutor.executeKeywordForPlatform(KeywordExecutor.groovy:74)
	at com.kms.katalon.core.webui.keyword.WebUiBuiltInKeywords.click(WebUiBuiltInKeywords.groovy:620)
	at com.kms.katalon.core.webui.keyword.WebUiBuiltInKeywords$click$5.call(Unknown Source)
	at Script1641993971489.run(Script1641993971489.groovy:50)
	at com.kms.katalon.core.main.ScriptEngine.run(ScriptEngine.java:194)
	at com.kms.katalon.core.main.ScriptEngine.runScriptAsRawText(ScriptEngine.java:119)
	at com.kms.katalon.core.main.TestCaseExecutor.runScript(TestCaseExecutor.java:442)
	at com.kms.katalon.core.main.TestCaseExecutor.doExecute(TestCaseExecutor.java:433)
	at com.kms.katalon.core.main.TestCaseExecutor.processExecutionPhase(TestCaseExecutor.java:412)
	at com.kms.katalon.core.main.TestCaseExecutor.accessMainPhase(TestCaseExecutor.java:404)
	at com.kms.katalon.core.main.TestCaseExecutor.execute(TestCaseExecutor.java:281)
	at com.kms.katalon.core.main.TestCaseMain.runTestCase(TestCaseMain.java:142)
	at com.kms.katalon.core.keyword.builtin.CallTestCaseKeyword$_callTestCase_closure1.doCall(CallTestCaseKeyword.groovy:59)
	at com.kms.katalon.core.keyword.builtin.CallTestCaseKeyword$_callTestCase_closure1.call(CallTestCaseKeyword.groovy)
	at com.kms.katalon.core.keyword.internal.KeywordMain.runKeyword(KeywordMain.groovy:74)
	at com.kms.katalon.core.keyword.builtin.CallTestCaseKeyword.callTestCase(CallTestCaseKeyword.groovy:81)
	at com.kms.katalon.core.keyword.builtin.CallTestCaseKeyword.execute(CallTestCaseKeyword.groovy:44)
	at com.kms.katalon.core.keyword.internal.KeywordExecutor.executeKeywordForPlatform(KeywordExecutor.groovy:74)
	at com.kms.katalon.core.keyword.BuiltinKeywords.callTestCase(BuiltinKeywords.groovy:334)
	at Script1642081329839.run(Script1642081329839.groovy:51)
	... 13 more
)

2022-02-23 15:35:13 - [MESSAGE][FAILED] - Unable to click on object 'Object Repository/Modulo Pruebas Vinculación/Crear un Registro de Contratación/a_Anular Proceso' (Root cause: com.kms.katalon.core.exception.StepFailedException: Unable to click on object 'Object Repository/Modulo Pruebas Vinculación/Crear un Registro de Contratación/a_Anular Proceso'
	at com.kms.katalon.core.webui.keyword.internal.WebUIKeywordMain.stepFailed(WebUIKeywordMain.groovy:64)
	at com.kms.katalon.core.webui.keyword.internal.WebUIKeywordMain.runKeyword(WebUIKeywordMain.groovy:26)
	at com.kms.katalon.core.webui.keyword.builtin.ClickKeyword.click(ClickKeyword.groovy:74)
	at com.kms.katalon.core.webui.keyword.builtin.ClickKeyword.execute(ClickKeyword.groovy:40)
	at com.kms.katalon.core.keyword.internal.KeywordExecutor.executeKeywordForPlatform(KeywordExecutor.groovy:74)
	at com.kms.katalon.core.webui.keyword.WebUiBuiltInKeywords.click(WebUiBuiltInKeywords.groovy:620)
	at com.kms.katalon.core.webui.keyword.WebUiBuiltInKeywords$click$5.call(Unknown Source)
	at 7.1.4-Crear_un_Registro_de_Contratación.run(7.1.4-Crear_un_Registro_de_Contratación:50)
	at com.kms.katalon.core.main.ScriptEngine.run(ScriptEngine.java:194)
	at com.kms.katalon.core.main.ScriptEngine.runScriptAsRawText(ScriptEngine.java:119)
	at com.kms.katalon.core.main.TestCaseExecutor.runScript(TestCaseExecutor.java:442)
	at com.kms.katalon.core.main.TestCaseExecutor.doExecute(TestCaseExecutor.java:433)
	at com.kms.katalon.core.main.TestCaseExecutor.processExecutionPhase(TestCaseExecutor.java:412)
	at com.kms.katalon.core.main.TestCaseExecutor.accessMainPhase(TestCaseExecutor.java:404)
	at com.kms.katalon.core.main.TestCaseExecutor.execute(TestCaseExecutor.java:281)
	at com.kms.katalon.core.main.TestCaseMain.runTestCase(TestCaseMain.java:142)
	at com.kms.katalon.core.keyword.builtin.CallTestCaseKeyword$_callTestCase_closure1.doCall(CallTestCaseKeyword.groovy:59)
	at com.kms.katalon.core.keyword.builtin.CallTestCaseKeyword$_callTestCase_closure1.call(CallTestCaseKeyword.groovy)
	at com.kms.katalon.core.keyword.internal.KeywordMain.runKeyword(KeywordMain.groovy:74)
	at com.kms.katalon.core.keyword.builtin.CallTestCaseKeyword.callTestCase(CallTestCaseKeyword.groovy:81)
	at com.kms.katalon.core.keyword.builtin.CallTestCaseKeyword.execute(CallTestCaseKeyword.groovy:44)
	at com.kms.katalon.core.keyword.internal.KeywordExecutor.executeKeywordForPlatform(KeywordExecutor.groovy:74)
	at com.kms.katalon.core.keyword.BuiltinKeywords.callTestCase(BuiltinKeywords.groovy:334)
	at 7.1.6-Validar_Documentos.run(7.1.6-Validar_Documentos:51)
	at com.kms.katalon.core.main.ScriptEngine.run(ScriptEngine.java:194)
	at com.kms.katalon.core.main.ScriptEngine.runScriptAsRawText(ScriptEngine.java:119)
	at com.kms.katalon.core.main.TestCaseExecutor.runScript(TestCaseExecutor.java:442)
	at com.kms.katalon.core.main.TestCaseExecutor.doExecute(TestCaseExecutor.java:433)
	at com.kms.katalon.core.main.TestCaseExecutor.processExecutionPhase(TestCaseExecutor.java:412)
	at com.kms.katalon.core.main.TestCaseExecutor.accessMainPhase(TestCaseExecutor.java:404)
	at com.kms.katalon.core.main.TestCaseExecutor.execute(TestCaseExecutor.java:281)
	at com.kms.katalon.core.main.TestSuiteExecutor.accessTestCaseMainPhase(TestSuiteExecutor.java:202)
	at com.kms.katalon.core.main.TestSuiteExecutor.accessTestSuiteMainPhase(TestSuiteExecutor.java:164)
	at com.kms.katalon.core.main.TestSuiteExecutor.execute(TestSuiteExecutor.java:105)
	at com.kms.katalon.core.main.TestCaseMain.startTestSuite(TestCaseMain.java:185)
	at com.kms.katalon.core.main.TestCaseMain$startTestSuite$0.call(Unknown Source)
	at TempTestSuite1645646197076.run(TempTestSuite1645646197076.groovy:36)
Caused by: org.openqa.selenium.ElementClickInterceptedException: element click intercepted: Element <a id="form_contratacion:panelTab:j_idt280" href="#" class="ui-commandlink ui-widget us-boton btn-negar" onclick="PrimeFaces.ab({s:&quot;form_contratacion:panelTab:j_idt280&quot;,f:&quot;form_contratacion&quot;,u:&quot;areaAplicacion&quot;});return false;">...</a> is not clickable at point (384, 561). Other element would receive the click: <div id="popupErrorDialog:dialog_popupFoto_modal" class="ui-widget-overlay ui-dialog-mask" style="z-index: 1010;"></div>
  (Session info: chrome=98.0.4758.102)
Build info: version: '3.141.59', revision: 'e82be7d358', time: '2018-11-14T08:25:53'
System info: host: 'US-AF-000371', ip: '192.168.56.1', os.name: 'Windows 10', os.arch: 'amd64', os.version: '10.0', java.version: '1.8.0_282'
Driver info: com.kms.katalon.selenium.driver.CChromeDriver
Capabilities {acceptInsecureCerts: false, browserName: chrome, browserVersion: 98.0.4758.102, chrome: {chromedriverVersion: 97.0.4692.36 (747e0a0f19c13..., userDataDir: C:\Users\DIEGO~1.ROJ\AppDat...}, goog:chromeOptions: {debuggerAddress: localhost:54117}, javascriptEnabled: true, networkConnectionEnabled: false, pageLoadStrategy: normal, platform: WINDOWS, platformName: WINDOWS, proxy: Proxy(), setWindowRect: true, strictFileInteractability: false, timeouts: {implicit: 0, pageLoad: 300000, script: 30000}, unhandledPromptBehavior: dismiss and notify, webauthn:extension:credBlob: true, webauthn:extension:largeBlob: true, webauthn:virtualAuthenticators: true}
Session ID: e969d2efea1f5f6dc5ba795828cc8b40
	at org.openqa.selenium.remote.http.W3CHttpResponseCodec.createException(W3CHttpResponseCodec.java:187)
	at org.openqa.selenium.remote.http.W3CHttpResponseCodec.decode(W3CHttpResponseCodec.java:122)
	at org.openqa.selenium.remote.http.W3CHttpResponseCodec.decode(W3CHttpResponseCodec.java:49)
	at org.openqa.selenium.remote.HttpCommandExecutor.execute(HttpCommandExecutor.java:158)
	at org.openqa.selenium.remote.service.DriverCommandExecutor.execute(DriverCommandExecutor.java:83)
	at org.openqa.selenium.remote.RemoteWebDriver.execute(RemoteWebDriver.java:552)
	at com.kms.katalon.selenium.driver.CChromeDriver.execute(CChromeDriver.java:19)
	at org.openqa.selenium.remote.RemoteWebElement.execute(RemoteWebElement.java:285)
	at org.openqa.selenium.remote.RemoteWebElement.click(RemoteWebElement.java:84)
	at org.openqa.selenium.support.events.EventFiringWebDriver$EventFiringWebElement.lambda$new$0(EventFiringWebDriver.java:404)
	at com.sun.proxy.$Proxy11.click(Unknown Source)
	at org.openqa.selenium.support.events.EventFiringWebDriver$EventFiringWebElement.click(EventFiringWebDriver.java:417)
	at org.openqa.selenium.WebElement$click$0.call(Unknown Source)
	at com.kms.katalon.core.webui.keyword.builtin.ClickKeyword.clickUntilSuccessWithTimeout(ClickKeyword.groovy:81)
	at com.kms.katalon.core.webui.keyword.builtin.ClickKeyword.clickUntilSuccessWithTimeout(ClickKeyword.groovy)
	at com.kms.katalon.core.webui.keyword.builtin.ClickKeyword$_click_closure1.doCall(ClickKeyword.groovy:67)
	at com.kms.katalon.core.webui.keyword.builtin.ClickKeyword$_click_closure1.call(ClickKeyword.groovy)
	at com.kms.katalon.core.webui.keyword.internal.WebUIKeywordMain.runKeyword(WebUIKeywordMain.groovy:20)
	at com.kms.katalon.core.webui.keyword.builtin.ClickKeyword.click(ClickKeyword.groovy:74)
	at com.kms.katalon.core.webui.keyword.builtin.ClickKeyword.execute(ClickKeyword.groovy:40)
	at com.kms.katalon.core.keyword.internal.KeywordExecutor.executeKeywordForPlatform(KeywordExecutor.groovy:74)
	at com.kms.katalon.core.webui.keyword.WebUiBuiltInKeywords.click(WebUiBuiltInKeywords.groovy:620)
	at com.kms.katalon.core.webui.keyword.WebUiBuiltInKeywords$click$5.call(Unknown Source)
	at Script1641993971489.run(Script1641993971489.groovy:50)
	at com.kms.katalon.core.main.ScriptEngine.run(ScriptEngine.java:194)
	at com.kms.katalon.core.main.ScriptEngine.runScriptAsRawText(ScriptEngine.java:119)
	at com.kms.katalon.core.main.TestCaseExecutor.runScript(TestCaseExecutor.java:442)
	at com.kms.katalon.core.main.TestCaseExecutor.doExecute(TestCaseExecutor.java:433)
	at com.kms.katalon.core.main.TestCaseExecutor.processExecutionPhase(TestCaseExecutor.java:412)
	at com.kms.katalon.core.main.TestCaseExecutor.accessMainPhase(TestCaseExecutor.java:404)
	at com.kms.katalon.core.main.TestCaseExecutor.execute(TestCaseExecutor.java:281)
	at com.kms.katalon.core.main.TestCaseMain.runTestCase(TestCaseMain.java:142)
	at com.kms.katalon.core.keyword.builtin.CallTestCaseKeyword$_callTestCase_closure1.doCall(CallTestCaseKeyword.groovy:59)
	at com.kms.katalon.core.keyword.builtin.CallTestCaseKeyword$_callTestCase_closure1.call(CallTestCaseKeyword.groovy)
	at com.kms.katalon.core.keyword.internal.KeywordMain.runKeyword(KeywordMain.groovy:74)
	at com.kms.katalon.core.keyword.builtin.CallTestCaseKeyword.callTestCase(CallTestCaseKeyword.groovy:81)
	at com.kms.katalon.core.keyword.builtin.CallTestCaseKeyword.execute(CallTestCaseKeyword.groovy:44)
	at com.kms.katalon.core.keyword.internal.KeywordExecutor.executeKeywordForPlatform(KeywordExecutor.groovy:74)
	at com.kms.katalon.core.keyword.BuiltinKeywords.callTestCase(BuiltinKeywords.groovy:334)
	at Script1642081329839.run(Script1642081329839.groovy:51)
	... 13 more
)
[[ATTACHMENT|C:\\Users\\diego.rojas\\git\\Pruebas-Minimas\\Reports\\20220223_145603\\7-Pruebas_Vinculaci\u00F3n\\20220223_145637\\1645648513393.png]]

2022-02-23 15:35:13 - [MESSAGE][FAILED] - Unable to call Test Case 'Test Cases/7.1-Pruebas_Vinculación/7.1.4-Crear_un_Registro_de_Contratación' (Root cause: com.kms.katalon.core.exception.StepFailedException: Call Test Case 'Test Cases/7.1-Pruebas_Vinculación/7.1.4-Crear_un_Registro_de_Contratación' failed
	at com.kms.katalon.core.keyword.builtin.CallTestCaseKeyword$_callTestCase_closure1.doCall(CallTestCaseKeyword.groovy:63)
	at com.kms.katalon.core.keyword.builtin.CallTestCaseKeyword$_callTestCase_closure1.call(CallTestCaseKeyword.groovy)
	at com.kms.katalon.core.keyword.internal.KeywordMain.runKeyword(KeywordMain.groovy:74)
	at com.kms.katalon.core.keyword.builtin.CallTestCaseKeyword.callTestCase(CallTestCaseKeyword.groovy:81)
	at com.kms.katalon.core.keyword.builtin.CallTestCaseKeyword.execute(CallTestCaseKeyword.groovy:44)
	at com.kms.katalon.core.keyword.internal.KeywordExecutor.executeKeywordForPlatform(KeywordExecutor.groovy:74)
	at com.kms.katalon.core.keyword.BuiltinKeywords.callTestCase(BuiltinKeywords.groovy:334)
	at 7.1.6-Validar_Documentos.run(7.1.6-Validar_Documentos:51)
	at com.kms.katalon.core.main.ScriptEngine.run(ScriptEngine.java:194)
	at com.kms.katalon.core.main.ScriptEngine.runScriptAsRawText(ScriptEngine.java:119)
	at com.kms.katalon.core.main.TestCaseExecutor.runScript(TestCaseExecutor.java:442)
	at com.kms.katalon.core.main.TestCaseExecutor.doExecute(TestCaseExecutor.java:433)
	at com.kms.katalon.core.main.TestCaseExecutor.processExecutionPhase(TestCaseExecutor.java:412)
	at com.kms.katalon.core.main.TestCaseExecutor.accessMainPhase(TestCaseExecutor.java:404)
	at com.kms.katalon.core.main.TestCaseExecutor.execute(TestCaseExecutor.java:281)
	at com.kms.katalon.core.main.TestSuiteExecutor.accessTestCaseMainPhase(TestSuiteExecutor.java:202)
	at com.kms.katalon.core.main.TestSuiteExecutor.accessTestSuiteMainPhase(TestSuiteExecutor.java:164)
	at com.kms.katalon.core.main.TestSuiteExecutor.execute(TestSuiteExecutor.java:105)
	at com.kms.katalon.core.main.TestCaseMain.startTestSuite(TestCaseMain.java:185)
	at com.kms.katalon.core.main.TestCaseMain$startTestSuite$0.call(Unknown Source)
	at TempTestSuite1645646197076.run(TempTestSuite1645646197076.groovy:36)
Caused by: com.kms.katalon.core.exception.StepFailedException: Unable to click on object 'Object Repository/Modulo Pruebas Vinculación/Crear un Registro de Contratación/a_Anular Proceso'
	at com.kms.katalon.core.webui.keyword.internal.WebUIKeywordMain.stepFailed(WebUIKeywordMain.groovy:64)
	at com.kms.katalon.core.webui.keyword.internal.WebUIKeywordMain.runKeyword(WebUIKeywordMain.groovy:26)
	at com.kms.katalon.core.webui.keyword.builtin.ClickKeyword.click(ClickKeyword.groovy:74)
	at com.kms.katalon.core.webui.keyword.builtin.ClickKeyword.execute(ClickKeyword.groovy:40)
	at com.kms.katalon.core.keyword.internal.KeywordExecutor.executeKeywordForPlatform(KeywordExecutor.groovy:74)
	at com.kms.katalon.core.webui.keyword.WebUiBuiltInKeywords.click(WebUiBuiltInKeywords.groovy:620)
	at com.kms.katalon.core.webui.keyword.WebUiBuiltInKeywords$click$5.call(Unknown Source)
	at 7.1.4-Crear_un_Registro_de_Contratación.run(7.1.4-Crear_un_Registro_de_Contratación:50)
	at com.kms.katalon.core.main.ScriptEngine.run(ScriptEngine.java:194)
	at com.kms.katalon.core.main.ScriptEngine.runScriptAsRawText(ScriptEngine.java:119)
	at com.kms.katalon.core.main.TestCaseExecutor.runScript(TestCaseExecutor.java:442)
	at com.kms.katalon.core.main.TestCaseExecutor.doExecute(TestCaseExecutor.java:433)
	at com.kms.katalon.core.main.TestCaseExecutor.processExecutionPhase(TestCaseExecutor.java:412)
	at com.kms.katalon.core.main.TestCaseExecutor.accessMainPhase(TestCaseExecutor.java:404)
	at com.kms.katalon.core.main.TestCaseExecutor.execute(TestCaseExecutor.java:281)
	at com.kms.katalon.core.main.TestCaseMain.runTestCase(TestCaseMain.java:142)
	at com.kms.katalon.core.keyword.builtin.CallTestCaseKeyword$_callTestCase_closure1.doCall(CallTestCaseKeyword.groovy:59)
	... 20 more
Caused by: org.openqa.selenium.ElementClickInterceptedException: element click intercepted: Element <a id="form_contratacion:panelTab:j_idt280" href="#" class="ui-commandlink ui-widget us-boton btn-negar" onclick="PrimeFaces.ab({s:&quot;form_contratacion:panelTab:j_idt280&quot;,f:&quot;form_contratacion&quot;,u:&quot;areaAplicacion&quot;});return false;">...</a> is not clickable at point (384, 561). Other element would receive the click: <div id="popupErrorDialog:dialog_popupFoto_modal" class="ui-widget-overlay ui-dialog-mask" style="z-index: 1010;"></div>
  (Session info: chrome=98.0.4758.102)
Build info: version: '3.141.59', revision: 'e82be7d358', time: '2018-11-14T08:25:53'
System info: host: 'US-AF-000371', ip: '192.168.56.1', os.name: 'Windows 10', os.arch: 'amd64', os.version: '10.0', java.version: '1.8.0_282'
Driver info: com.kms.katalon.selenium.driver.CChromeDriver
Capabilities {acceptInsecureCerts: false, browserName: chrome, browserVersion: 98.0.4758.102, chrome: {chromedriverVersion: 97.0.4692.36 (747e0a0f19c13..., userDataDir: C:\Users\DIEGO~1.ROJ\AppDat...}, goog:chromeOptions: {debuggerAddress: localhost:54117}, javascriptEnabled: true, networkConnectionEnabled: false, pageLoadStrategy: normal, platform: WINDOWS, platformName: WINDOWS, proxy: Proxy(), setWindowRect: true, strictFileInteractability: false, timeouts: {implicit: 0, pageLoad: 300000, script: 30000}, unhandledPromptBehavior: dismiss and notify, webauthn:extension:credBlob: true, webauthn:extension:largeBlob: true, webauthn:virtualAuthenticators: true}
Session ID: e969d2efea1f5f6dc5ba795828cc8b40
	at org.openqa.selenium.remote.http.W3CHttpResponseCodec.createException(W3CHttpResponseCodec.java:187)
	at org.openqa.selenium.remote.http.W3CHttpResponseCodec.decode(W3CHttpResponseCodec.java:122)
	at org.openqa.selenium.remote.http.W3CHttpResponseCodec.decode(W3CHttpResponseCodec.java:49)
	at org.openqa.selenium.remote.HttpCommandExecutor.execute(HttpCommandExecutor.java:158)
	at org.openqa.selenium.remote.service.DriverCommandExecutor.execute(DriverCommandExecutor.java:83)
	at org.openqa.selenium.remote.RemoteWebDriver.execute(RemoteWebDriver.java:552)
	at com.kms.katalon.selenium.driver.CChromeDriver.execute(CChromeDriver.java:19)
	at org.openqa.selenium.remote.RemoteWebElement.execute(RemoteWebElement.java:285)
	at org.openqa.selenium.remote.RemoteWebElement.click(RemoteWebElement.java:84)
	at org.openqa.selenium.support.events.EventFiringWebDriver$EventFiringWebElement.lambda$new$0(EventFiringWebDriver.java:404)
	at com.sun.proxy.$Proxy11.click(Unknown Source)
	at org.openqa.selenium.support.events.EventFiringWebDriver$EventFiringWebElement.click(EventFiringWebDriver.java:417)
	at org.openqa.selenium.WebElement$click$0.call(Unknown Source)
	at com.kms.katalon.core.webui.keyword.builtin.ClickKeyword.clickUntilSuccessWithTimeout(ClickKeyword.groovy:81)
	at com.kms.katalon.core.webui.keyword.builtin.ClickKeyword.clickUntilSuccessWithTimeout(ClickKeyword.groovy)
	at com.kms.katalon.core.webui.keyword.builtin.ClickKeyword$_click_closure1.doCall(ClickKeyword.groovy:67)
	at com.kms.katalon.core.webui.keyword.builtin.ClickKeyword$_click_closure1.call(ClickKeyword.groovy)
	at com.kms.katalon.core.webui.keyword.internal.WebUIKeywordMain.runKeyword(WebUIKeywordMain.groovy:20)
	... 35 more
)]]></system-out>
         <system-err><![CDATA[2022-02-23 15:33:51 - [TEST_CASE][FAILED] - Test Cases/7.1-Pruebas_Vinculación/7.1.6-Validar_Documentos: Test Cases/7.1-Pruebas_Vinculación/7.1.6-Validar_Documentos FAILED.
Reason:
com.kms.katalon.core.exception.StepFailedException: Call Test Case 'Test Cases/7.1-Pruebas_Vinculación/7.1.4-Crear_un_Registro_de_Contratación' failed
	at com.kms.katalon.core.keyword.builtin.CallTestCaseKeyword$_callTestCase_closure1.doCall(CallTestCaseKeyword.groovy:63)
	at com.kms.katalon.core.keyword.builtin.CallTestCaseKeyword$_callTestCase_closure1.call(CallTestCaseKeyword.groovy)
	at com.kms.katalon.core.keyword.internal.KeywordMain.runKeyword(KeywordMain.groovy:74)
	at com.kms.katalon.core.keyword.builtin.CallTestCaseKeyword.callTestCase(CallTestCaseKeyword.groovy:81)
	at com.kms.katalon.core.keyword.builtin.CallTestCaseKeyword.execute(CallTestCaseKeyword.groovy:44)
	at com.kms.katalon.core.keyword.internal.KeywordExecutor.executeKeywordForPlatform(KeywordExecutor.groovy:74)
	at com.kms.katalon.core.keyword.BuiltinKeywords.callTestCase(BuiltinKeywords.groovy:334)
	at 7.1.6-Validar_Documentos.run(7.1.6-Validar_Documentos:51)
	at com.kms.katalon.core.main.ScriptEngine.run(ScriptEngine.java:194)
	at com.kms.katalon.core.main.ScriptEngine.runScriptAsRawText(ScriptEngine.java:119)
	at com.kms.katalon.core.main.TestCaseExecutor.runScript(TestCaseExecutor.java:442)
	at com.kms.katalon.core.main.TestCaseExecutor.doExecute(TestCaseExecutor.java:433)
	at com.kms.katalon.core.main.TestCaseExecutor.processExecutionPhase(TestCaseExecutor.java:412)
	at com.kms.katalon.core.main.TestCaseExecutor.accessMainPhase(TestCaseExecutor.java:404)
	at com.kms.katalon.core.main.TestCaseExecutor.execute(TestCaseExecutor.java:281)
	at com.kms.katalon.core.main.TestSuiteExecutor.accessTestCaseMainPhase(TestSuiteExecutor.java:202)
	at com.kms.katalon.core.main.TestSuiteExecutor.accessTestSuiteMainPhase(TestSuiteExecutor.java:164)
	at com.kms.katalon.core.main.TestSuiteExecutor.execute(TestSuiteExecutor.java:105)
	at com.kms.katalon.core.main.TestCaseMain.startTestSuite(TestCaseMain.java:185)
	at com.kms.katalon.core.main.TestCaseMain$startTestSuite$0.call(Unknown Source)
	at TempTestSuite1645646197076.run(TempTestSuite1645646197076.groovy:36)
Caused by: com.kms.katalon.core.exception.StepFailedException: Unable to click on object 'Object Repository/Modulo Pruebas Vinculación/Crear un Registro de Contratación/a_Anular Proceso'
	at com.kms.katalon.core.webui.keyword.internal.WebUIKeywordMain.stepFailed(WebUIKeywordMain.groovy:64)
	at com.kms.katalon.core.webui.keyword.internal.WebUIKeywordMain.runKeyword(WebUIKeywordMain.groovy:26)
	at com.kms.katalon.core.webui.keyword.builtin.ClickKeyword.click(ClickKeyword.groovy:74)
	at com.kms.katalon.core.webui.keyword.builtin.ClickKeyword.execute(ClickKeyword.groovy:40)
	at com.kms.katalon.core.keyword.internal.KeywordExecutor.executeKeywordForPlatform(KeywordExecutor.groovy:74)
	at com.kms.katalon.core.webui.keyword.WebUiBuiltInKeywords.click(WebUiBuiltInKeywords.groovy:620)
	at com.kms.katalon.core.webui.keyword.WebUiBuiltInKeywords$click$5.call(Unknown Source)
	at 7.1.4-Crear_un_Registro_de_Contratación.run(7.1.4-Crear_un_Registro_de_Contratación:50)
	at com.kms.katalon.core.main.ScriptEngine.run(ScriptEngine.java:194)
	at com.kms.katalon.core.main.ScriptEngine.runScriptAsRawText(ScriptEngine.java:119)
	at com.kms.katalon.core.main.TestCaseExecutor.runScript(TestCaseExecutor.java:442)
	at com.kms.katalon.core.main.TestCaseExecutor.doExecute(TestCaseExecutor.java:433)
	at com.kms.katalon.core.main.TestCaseExecutor.processExecutionPhase(TestCaseExecutor.java:412)
	at com.kms.katalon.core.main.TestCaseExecutor.accessMainPhase(TestCaseExecutor.java:404)
	at com.kms.katalon.core.main.TestCaseExecutor.execute(TestCaseExecutor.java:281)
	at com.kms.katalon.core.main.TestCaseMain.runTestCase(TestCaseMain.java:142)
	at com.kms.katalon.core.keyword.builtin.CallTestCaseKeyword$_callTestCase_closure1.doCall(CallTestCaseKeyword.groovy:59)
	... 20 more
Caused by: org.openqa.selenium.ElementClickInterceptedException: element click intercepted: Element <a id="form_contratacion:panelTab:j_idt280" href="#" class="ui-commandlink ui-widget us-boton btn-negar" onclick="PrimeFaces.ab({s:&quot;form_contratacion:panelTab:j_idt280&quot;,f:&quot;form_contratacion&quot;,u:&quot;areaAplicacion&quot;});return false;">...</a> is not clickable at point (384, 561). Other element would receive the click: <div id="popupErrorDialog:dialog_popupFoto_modal" class="ui-widget-overlay ui-dialog-mask" style="z-index: 1010;"></div>
  (Session info: chrome=98.0.4758.102)
Build info: version: '3.141.59', revision: 'e82be7d358', time: '2018-11-14T08:25:53'
System info: host: 'US-AF-000371', ip: '192.168.56.1', os.name: 'Windows 10', os.arch: 'amd64', os.version: '10.0', java.version: '1.8.0_282'
Driver info: com.kms.katalon.selenium.driver.CChromeDriver
Capabilities {acceptInsecureCerts: false, browserName: chrome, browserVersion: 98.0.4758.102, chrome: {chromedriverVersion: 97.0.4692.36 (747e0a0f19c13..., userDataDir: C:\Users\DIEGO~1.ROJ\AppDat...}, goog:chromeOptions: {debuggerAddress: localhost:54117}, javascriptEnabled: true, networkConnectionEnabled: false, pageLoadStrategy: normal, platform: WINDOWS, platformName: WINDOWS, proxy: Proxy(), setWindowRect: true, strictFileInteractability: false, timeouts: {implicit: 0, pageLoad: 300000, script: 30000}, unhandledPromptBehavior: dismiss and notify, webauthn:extension:credBlob: true, webauthn:extension:largeBlob: true, webauthn:virtualAuthenticators: true}
Session ID: e969d2efea1f5f6dc5ba795828cc8b40
	at org.openqa.selenium.remote.http.W3CHttpResponseCodec.createException(W3CHttpResponseCodec.java:187)
	at org.openqa.selenium.remote.http.W3CHttpResponseCodec.decode(W3CHttpResponseCodec.java:122)
	at org.openqa.selenium.remote.http.W3CHttpResponseCodec.decode(W3CHttpResponseCodec.java:49)
	at org.openqa.selenium.remote.HttpCommandExecutor.execute(HttpCommandExecutor.java:158)
	at org.openqa.selenium.remote.service.DriverCommandExecutor.execute(DriverCommandExecutor.java:83)
	at org.openqa.selenium.remote.RemoteWebDriver.execute(RemoteWebDriver.java:552)
	at com.kms.katalon.selenium.driver.CChromeDriver.execute(CChromeDriver.java:19)
	at org.openqa.selenium.remote.RemoteWebElement.execute(RemoteWebElement.java:285)
	at org.openqa.selenium.remote.RemoteWebElement.click(RemoteWebElement.java:84)
	at org.openqa.selenium.support.events.EventFiringWebDriver$EventFiringWebElement.lambda$new$0(EventFiringWebDriver.java:404)
	at com.sun.proxy.$Proxy11.click(Unknown Source)
	at org.openqa.selenium.support.events.EventFiringWebDriver$EventFiringWebElement.click(EventFiringWebDriver.java:417)
	at org.openqa.selenium.WebElement$click$0.call(Unknown Source)
	at com.kms.katalon.core.webui.keyword.builtin.ClickKeyword.clickUntilSuccessWithTimeout(ClickKeyword.groovy:81)
	at com.kms.katalon.core.webui.keyword.builtin.ClickKeyword.clickUntilSuccessWithTimeout(ClickKeyword.groovy)
	at com.kms.katalon.core.webui.keyword.builtin.ClickKeyword$_click_closure1.doCall(ClickKeyword.groovy:67)
	at com.kms.katalon.core.webui.keyword.builtin.ClickKeyword$_click_closure1.call(ClickKeyword.groovy)
	at com.kms.katalon.core.webui.keyword.internal.WebUIKeywordMain.runKeyword(WebUIKeywordMain.groovy:20)
	... 35 more]]></system-err>
      </testcase>
      <testcase name="Test Cases/7.1-Pruebas_Vinculación/7.1.7-Elaborar_Contrato" time="46.589" classname="Test Cases/7.1-Pruebas_Vinculación/7.1.7-Elaborar_Contrato" status="FAILED">
         <failure type="FAILED" message="Test Cases/7.1-Pruebas_Vinculación/7.1.7-Elaborar_Contrato FAILED.
Reason:
com.kms.katalon.core.exception.StepFailedException: Unable to click on object 'Object Repository/Modulo Pruebas Vinculación/Elaborar_Contrato/a_Actividad'
	at com.kms.katalon.core.webui.keyword.internal.WebUIKeywordMain.stepFailed(WebUIKeywordMain.groovy:64)
	at com.kms.katalon.core.webui.keyword.internal.WebUIKeywordMain.runKeyword(WebUIKeywordMain.groovy:26)
	at com.kms.katalon.core.webui.keyword.builtin.ClickKeyword.click(ClickKeyword.groovy:74)
	at com.kms.katalon.core.webui.keyword.builtin.ClickKeyword.execute(ClickKeyword.groovy:40)
	at com.kms.katalon.core.keyword.internal.KeywordExecutor.executeKeywordForPlatform(KeywordExecutor.groovy:74)
	at com.kms.katalon.core.webui.keyword.WebUiBuiltInKeywords.click(WebUiBuiltInKeywords.groovy:620)
	at com.kms.katalon.core.webui.keyword.WebUiBuiltInKeywords$click$5.call(Unknown Source)
	at 7.1.7-Elaborar_Contrato.run(7.1.7-Elaborar_Contrato:30)
	at com.kms.katalon.core.main.ScriptEngine.run(ScriptEngine.java:194)
	at com.kms.katalon.core.main.ScriptEngine.runScriptAsRawText(ScriptEngine.java:119)
	at com.kms.katalon.core.main.TestCaseExecutor.runScript(TestCaseExecutor.java:442)
	at com.kms.katalon.core.main.TestCaseExecutor.doExecute(TestCaseExecutor.java:433)
	at com.kms.katalon.core.main.TestCaseExecutor.processExecutionPhase(TestCaseExecutor.java:412)
	at com.kms.katalon.core.main.TestCaseExecutor.accessMainPhase(TestCaseExecutor.java:404)
	at com.kms.katalon.core.main.TestCaseExecutor.execute(TestCaseExecutor.java:281)
	at com.kms.katalon.core.main.TestSuiteExecutor.accessTestCaseMainPhase(TestSuiteExecutor.java:202)
	at com.kms.katalon.core.main.TestSuiteExecutor.accessTestSuiteMainPhase(TestSuiteExecutor.java:164)
	at com.kms.katalon.core.main.TestSuiteExecutor.execute(TestSuiteExecutor.java:105)
	at com.kms.katalon.core.main.TestCaseMain.startTestSuite(TestCaseMain.java:185)
	at com.kms.katalon.core.main.TestCaseMain$startTestSuite$0.call(Unknown Source)
	at TempTestSuite1645646197076.run(TempTestSuite1645646197076.groovy:36)
Caused by: org.openqa.selenium.ElementClickInterceptedException: element click intercepted: Element &lt;a id=&quot;form_contratacion:j_idt104:j_idt106:j_idt1400&quot; href=&quot;#&quot; class=&quot;ui-commandlink ui-widget&quot; onclick=&quot;PrimeFaces.ab({s:&amp;quot;form_contratacion:j_idt104:j_idt106:j_idt1400&amp;quot;,f:&amp;quot;form_contratacion&amp;quot;,u:&amp;quot;areaAplicacion&amp;quot;,onco:function(xhr,status,args){;}});return false;&quot; style=&quot;display: inline-block;&quot;>...&lt;/a> is not clickable at point (111, 13). Other element would receive the click: &lt;div id=&quot;popupErrorDialog:dialog_popupFoto_modal&quot; class=&quot;ui-widget-overlay ui-dialog-mask&quot; style=&quot;z-index: 1002;&quot;>&lt;/div>
  (Session info: chrome=98.0.4758.102)
Build info: version: '3.141.59', revision: 'e82be7d358', time: '2018-11-14T08:25:53'
System info: host: 'US-AF-000371', ip: '192.168.56.1', os.name: 'Windows 10', os.arch: 'amd64', os.version: '10.0', java.version: '1.8.0_282'
Driver info: com.kms.katalon.selenium.driver.CChromeDriver
Capabilities {acceptInsecureCerts: false, browserName: chrome, browserVersion: 98.0.4758.102, chrome: {chromedriverVersion: 97.0.4692.36 (747e0a0f19c13..., userDataDir: C:\Users\DIEGO~1.ROJ\AppDat...}, goog:chromeOptions: {debuggerAddress: localhost:54164}, javascriptEnabled: true, networkConnectionEnabled: false, pageLoadStrategy: normal, platform: WINDOWS, platformName: WINDOWS, proxy: Proxy(), setWindowRect: true, strictFileInteractability: false, timeouts: {implicit: 0, pageLoad: 300000, script: 30000}, unhandledPromptBehavior: dismiss and notify, webauthn:extension:credBlob: true, webauthn:extension:largeBlob: true, webauthn:virtualAuthenticators: true}
Session ID: cad7ce9d364f262493a0fe300318c334
	at org.openqa.selenium.remote.http.W3CHttpResponseCodec.createException(W3CHttpResponseCodec.java:187)
	at org.openqa.selenium.remote.http.W3CHttpResponseCodec.decode(W3CHttpResponseCodec.java:122)
	at org.openqa.selenium.remote.http.W3CHttpResponseCodec.decode(W3CHttpResponseCodec.java:49)
	at org.openqa.selenium.remote.HttpCommandExecutor.execute(HttpCommandExecutor.java:158)
	at org.openqa.selenium.remote.service.DriverCommandExecutor.execute(DriverCommandExecutor.java:83)
	at org.openqa.selenium.remote.RemoteWebDriver.execute(RemoteWebDriver.java:552)
	at com.kms.katalon.selenium.driver.CChromeDriver.execute(CChromeDriver.java:19)
	at org.openqa.selenium.remote.RemoteWebElement.execute(RemoteWebElement.java:285)
	at org.openqa.selenium.remote.RemoteWebElement.click(RemoteWebElement.java:84)
	at org.openqa.selenium.support.events.EventFiringWebDriver$EventFiringWebElement.lambda$new$0(EventFiringWebDriver.java:404)
	at com.sun.proxy.$Proxy11.click(Unknown Source)
	at org.openqa.selenium.support.events.EventFiringWebDriver$EventFiringWebElement.click(EventFiringWebDriver.java:417)
	at org.openqa.selenium.WebElement$click$0.call(Unknown Source)
	at com.kms.katalon.core.webui.keyword.builtin.ClickKeyword.clickUntilSuccessWithTimeout(ClickKeyword.groovy:81)
	at com.kms.katalon.core.webui.keyword.builtin.ClickKeyword.clickUntilSuccessWithTimeout(ClickKeyword.groovy)
	at com.kms.katalon.core.webui.keyword.builtin.ClickKeyword$_click_closure1.doCall(ClickKeyword.groovy:67)
	at com.kms.katalon.core.webui.keyword.builtin.ClickKeyword$_click_closure1.call(ClickKeyword.groovy)
	at com.kms.katalon.core.webui.keyword.internal.WebUIKeywordMain.runKeyword(WebUIKeywordMain.groovy:20)
	... 19 more
"/>
         <system-out><![CDATA[2022-02-23 15:35:13 - [TEST_CASE][FAILED] - Test Cases/7.1-Pruebas_Vinculación/7.1.7-Elaborar_Contrato: Test Cases/7.1-Pruebas_Vinculación/7.1.7-Elaborar_Contrato FAILED.
Reason:
com.kms.katalon.core.exception.StepFailedException: Unable to click on object 'Object Repository/Modulo Pruebas Vinculación/Elaborar_Contrato/a_Actividad'
	at com.kms.katalon.core.webui.keyword.internal.WebUIKeywordMain.stepFailed(WebUIKeywordMain.groovy:64)
	at com.kms.katalon.core.webui.keyword.internal.WebUIKeywordMain.runKeyword(WebUIKeywordMain.groovy:26)
	at com.kms.katalon.core.webui.keyword.builtin.ClickKeyword.click(ClickKeyword.groovy:74)
	at com.kms.katalon.core.webui.keyword.builtin.ClickKeyword.execute(ClickKeyword.groovy:40)
	at com.kms.katalon.core.keyword.internal.KeywordExecutor.executeKeywordForPlatform(KeywordExecutor.groovy:74)
	at com.kms.katalon.core.webui.keyword.WebUiBuiltInKeywords.click(WebUiBuiltInKeywords.groovy:620)
	at com.kms.katalon.core.webui.keyword.WebUiBuiltInKeywords$click$5.call(Unknown Source)
	at 7.1.7-Elaborar_Contrato.run(7.1.7-Elaborar_Contrato:30)
	at com.kms.katalon.core.main.ScriptEngine.run(ScriptEngine.java:194)
	at com.kms.katalon.core.main.ScriptEngine.runScriptAsRawText(ScriptEngine.java:119)
	at com.kms.katalon.core.main.TestCaseExecutor.runScript(TestCaseExecutor.java:442)
	at com.kms.katalon.core.main.TestCaseExecutor.doExecute(TestCaseExecutor.java:433)
	at com.kms.katalon.core.main.TestCaseExecutor.processExecutionPhase(TestCaseExecutor.java:412)
	at com.kms.katalon.core.main.TestCaseExecutor.accessMainPhase(TestCaseExecutor.java:404)
	at com.kms.katalon.core.main.TestCaseExecutor.execute(TestCaseExecutor.java:281)
	at com.kms.katalon.core.main.TestSuiteExecutor.accessTestCaseMainPhase(TestSuiteExecutor.java:202)
	at com.kms.katalon.core.main.TestSuiteExecutor.accessTestSuiteMainPhase(TestSuiteExecutor.java:164)
	at com.kms.katalon.core.main.TestSuiteExecutor.execute(TestSuiteExecutor.java:105)
	at com.kms.katalon.core.main.TestCaseMain.startTestSuite(TestCaseMain.java:185)
	at com.kms.katalon.core.main.TestCaseMain$startTestSuite$0.call(Unknown Source)
	at TempTestSuite1645646197076.run(TempTestSuite1645646197076.groovy:36)
Caused by: org.openqa.selenium.ElementClickInterceptedException: element click intercepted: Element <a id="form_contratacion:j_idt104:j_idt106:j_idt1400" href="#" class="ui-commandlink ui-widget" onclick="PrimeFaces.ab({s:&quot;form_contratacion:j_idt104:j_idt106:j_idt1400&quot;,f:&quot;form_contratacion&quot;,u:&quot;areaAplicacion&quot;,onco:function(xhr,status,args){;}});return false;" style="display: inline-block;">...</a> is not clickable at point (111, 13). Other element would receive the click: <div id="popupErrorDialog:dialog_popupFoto_modal" class="ui-widget-overlay ui-dialog-mask" style="z-index: 1002;"></div>
  (Session info: chrome=98.0.4758.102)
Build info: version: '3.141.59', revision: 'e82be7d358', time: '2018-11-14T08:25:53'
System info: host: 'US-AF-000371', ip: '192.168.56.1', os.name: 'Windows 10', os.arch: 'amd64', os.version: '10.0', java.version: '1.8.0_282'
Driver info: com.kms.katalon.selenium.driver.CChromeDriver
Capabilities {acceptInsecureCerts: false, browserName: chrome, browserVersion: 98.0.4758.102, chrome: {chromedriverVersion: 97.0.4692.36 (747e0a0f19c13..., userDataDir: C:\Users\DIEGO~1.ROJ\AppDat...}, goog:chromeOptions: {debuggerAddress: localhost:54164}, javascriptEnabled: true, networkConnectionEnabled: false, pageLoadStrategy: normal, platform: WINDOWS, platformName: WINDOWS, proxy: Proxy(), setWindowRect: true, strictFileInteractability: false, timeouts: {implicit: 0, pageLoad: 300000, script: 30000}, unhandledPromptBehavior: dismiss and notify, webauthn:extension:credBlob: true, webauthn:extension:largeBlob: true, webauthn:virtualAuthenticators: true}
Session ID: cad7ce9d364f262493a0fe300318c334
	at org.openqa.selenium.remote.http.W3CHttpResponseCodec.createException(W3CHttpResponseCodec.java:187)
	at org.openqa.selenium.remote.http.W3CHttpResponseCodec.decode(W3CHttpResponseCodec.java:122)
	at org.openqa.selenium.remote.http.W3CHttpResponseCodec.decode(W3CHttpResponseCodec.java:49)
	at org.openqa.selenium.remote.HttpCommandExecutor.execute(HttpCommandExecutor.java:158)
	at org.openqa.selenium.remote.service.DriverCommandExecutor.execute(DriverCommandExecutor.java:83)
	at org.openqa.selenium.remote.RemoteWebDriver.execute(RemoteWebDriver.java:552)
	at com.kms.katalon.selenium.driver.CChromeDriver.execute(CChromeDriver.java:19)
	at org.openqa.selenium.remote.RemoteWebElement.execute(RemoteWebElement.java:285)
	at org.openqa.selenium.remote.RemoteWebElement.click(RemoteWebElement.java:84)
	at org.openqa.selenium.support.events.EventFiringWebDriver$EventFiringWebElement.lambda$new$0(EventFiringWebDriver.java:404)
	at com.sun.proxy.$Proxy11.click(Unknown Source)
	at org.openqa.selenium.support.events.EventFiringWebDriver$EventFiringWebElement.click(EventFiringWebDriver.java:417)
	at org.openqa.selenium.WebElement$click$0.call(Unknown Source)
	at com.kms.katalon.core.webui.keyword.builtin.ClickKeyword.clickUntilSuccessWithTimeout(ClickKeyword.groovy:81)
	at com.kms.katalon.core.webui.keyword.builtin.ClickKeyword.clickUntilSuccessWithTimeout(ClickKeyword.groovy)
	at com.kms.katalon.core.webui.keyword.builtin.ClickKeyword$_click_closure1.doCall(ClickKeyword.groovy:67)
	at com.kms.katalon.core.webui.keyword.builtin.ClickKeyword$_click_closure1.call(ClickKeyword.groovy)
	at com.kms.katalon.core.webui.keyword.internal.WebUIKeywordMain.runKeyword(WebUIKeywordMain.groovy:20)
	... 19 more


2022-02-23 15:35:13 - [TEST_STEP][PASSED] - callTestCase(findTestCase("0.1-Login"), [:], STOP_ON_FAILURE): Call Test Case 'Test Cases/0.1-Login' successfully

2022-02-23 15:35:14 - [TEST_CASE][PASSED] - Test Cases/0.1-Login: Test Cases/0.1-Login

2022-02-23 15:35:14 - [TEST_STEP][PASSED] - openBrowser(""): Browser is opened with url: ''

2022-02-23 15:35:14 - [MESSAGE][WARNING] - A browser is already opened. Closing browser and opening a new one

2022-02-23 15:35:14 - [MESSAGE][INFO] - Starting 'Chrome' driver

2022-02-23 15:35:14 - [MESSAGE][INFO] - Action delay is set to 0 milliseconds

2022-02-23 15:35:15 - [MESSAGE][PASSED] - Browser is opened with url: ''

2022-02-23 15:35:15 - [TEST_STEP][PASSED] - maximizeWindow(): Current window maximized

2022-02-23 15:35:16 - [MESSAGE][PASSED] - Current window maximized

2022-02-23 15:35:16 - [TEST_STEP][PASSED] - i = G_Login: null

2022-02-23 15:35:16 - [TEST_STEP][PASSED] - url = new java.net.URL(i): null

2022-02-23 15:35:16 - [TEST_STEP][PASSED] - println("URL: " + url.toString()): null

2022-02-23 15:35:16 - [TEST_STEP][PASSED] - connection = url.openConnection(): null

2022-02-23 15:35:16 - [TEST_STEP][PASSED] - connection.setRequestMethod("GET"): null

2022-02-23 15:35:16 - [TEST_STEP][PASSED] - connection.setReadTimeout(2 * 1000): null

2022-02-23 15:35:16 - [TEST_STEP][PASSED] - try: null

2022-02-23 15:35:16 - [TEST_STEP][PASSED] - connection.connect(): null

2022-02-23 15:35:16 - [TEST_STEP][PASSED] - flag = connected: null

2022-02-23 15:35:16 - [TEST_STEP][PASSED] - println("Valor_ori: " + flag): null

2022-02-23 15:35:16 - [TEST_STEP][PASSED] - if (flag): null

2022-02-23 15:35:16 - [TEST_STEP][PASSED] - navigateToUrl(i): Navigate to 'http://192.168.2.80:8380/saraweb' successfully

2022-02-23 15:35:16 - [MESSAGE][PASSED] - Navigate to 'http://192.168.2.80:8380/saraweb' successfully

2022-02-23 15:35:16 - [TEST_STEP][PASSED] - a(): null

2022-02-23 15:35:16 - [TEST_STEP][PASSED] - setText(findTestObject("Login/input_USUARIO_loginusuario"), G_Usuario): Text 'saraadmin' is set on object 'Object Repository/Login/input_USUARIO_loginusuario'

2022-02-23 15:35:17 - [MESSAGE][PASSED] - Text 'saraadmin' is set on object 'Object Repository/Login/input_USUARIO_loginusuario'

2022-02-23 15:35:17 - [TEST_STEP][PASSED] - setEncryptedText(findTestObject("Login/input_CLAVE_loginpassword"), "MkG4/TYiCFC3cb2driP7+Q=="): Text ****** has been set on object 'Object Repository/Login/input_CLAVE_loginpassword'

2022-02-23 15:35:18 - [MESSAGE][PASSED] - Text ****** has been set on object 'Object Repository/Login/input_CLAVE_loginpassword'

2022-02-23 15:35:18 - [TEST_STEP][PASSED] - waitForElementClickable(findTestObject("Login/a_Ingresar"), G_TimeOut): Object 'Object Repository/Login/a_Ingresar' is clickable

2022-02-23 15:35:18 - [MESSAGE][PASSED] - Object 'Object Repository/Login/a_Ingresar' is clickable

2022-02-23 15:35:18 - [TEST_STEP][PASSED] - click(findTestObject("Login/a_Ingresar")): Object: 'Object Repository/Login/a_Ingresar' is clicked on

2022-02-23 15:35:20 - [MESSAGE][PASSED] - Object: 'Object Repository/Login/a_Ingresar' is clicked on

2022-02-23 15:35:20 - [TEST_STEP][PASSED] - element = findWebElement(findTestObject("Login/a_Ir"), 30): null

2022-02-23 15:35:21 - [TEST_STEP][PASSED] - executeJavaScript("arguments[0].click()", Arrays.asList(element)): Execute JavaScript 'arguments[0].click()' successfully

2022-02-23 15:35:21 - [MESSAGE][PASSED] - Execute JavaScript 'arguments[0].click()' successfully

2022-02-23 15:35:21 - [MESSAGE][PASSED] - Call Test Case 'Test Cases/0.1-Login' successfully

2022-02-23 15:35:21 - [TEST_STEP][PASSED] - setText(findTestObject("Modulo Pruebas Vinculación/Elaborar_Contrato/input_Empresa 1_form_templatej_idt24_input"), "Listado Contratacion"): Text 'Listado Contratacion' is set on object 'Object Repository/Modulo Pruebas Vinculación/Elaborar_Contrato/input_Empresa 1_form_templatej_idt24_input'

2022-02-23 15:35:22 - [MESSAGE][PASSED] - Text 'Listado Contratacion' is set on object 'Object Repository/Modulo Pruebas Vinculación/Elaborar_Contrato/input_Empresa 1_form_templatej_idt24_input'

2022-02-23 15:35:22 - [TEST_STEP][PASSED] - click(findTestObject("Modulo Pruebas Vinculación/Elaborar_Contrato/span_Listado Contratacion")): Object: 'Object Repository/Modulo Pruebas Vinculación/Elaborar_Contrato/span_Listado Contratacion' is clicked on

2022-02-23 15:35:23 - [MESSAGE][PASSED] - Object: 'Object Repository/Modulo Pruebas Vinculación/Elaborar_Contrato/span_Listado Contratacion' is clicked on

2022-02-23 15:35:23 - [TEST_STEP][PASSED] - if (waitForElementVisible(findTestObject("Modulo Pruebas Vinculación/Elaborar_Contrato/td_A A A"), 1)): null

2022-02-23 15:35:25 - [MESSAGE][PASSED] - Object 'Object Repository/Modulo Pruebas Vinculación/Elaborar_Contrato/td_A A A' is visible

2022-02-23 15:35:25 - [TEST_STEP][PASSED] - click(findTestObject("Modulo Pruebas Vinculación/Elaborar_Contrato/td_A A A")): Object: 'Object Repository/Modulo Pruebas Vinculación/Elaborar_Contrato/td_A A A' is clicked on

2022-02-23 15:35:25 - [MESSAGE][PASSED] - Object: 'Object Repository/Modulo Pruebas Vinculación/Elaborar_Contrato/td_A A A' is clicked on

2022-02-23 15:35:25 - [TEST_STEP][FAILED] - click(findTestObject("Modulo Pruebas Vinculación/Elaborar_Contrato/a_Actividad")): Unable to click on object 'Object Repository/Modulo Pruebas Vinculación/Elaborar_Contrato/a_Actividad' (Root cause: com.kms.katalon.core.exception.StepFailedException: Unable to click on object 'Object Repository/Modulo Pruebas Vinculación/Elaborar_Contrato/a_Actividad'
	at com.kms.katalon.core.webui.keyword.internal.WebUIKeywordMain.stepFailed(WebUIKeywordMain.groovy:64)
	at com.kms.katalon.core.webui.keyword.internal.WebUIKeywordMain.runKeyword(WebUIKeywordMain.groovy:26)
	at com.kms.katalon.core.webui.keyword.builtin.ClickKeyword.click(ClickKeyword.groovy:74)
	at com.kms.katalon.core.webui.keyword.builtin.ClickKeyword.execute(ClickKeyword.groovy:40)
	at com.kms.katalon.core.keyword.internal.KeywordExecutor.executeKeywordForPlatform(KeywordExecutor.groovy:74)
	at com.kms.katalon.core.webui.keyword.WebUiBuiltInKeywords.click(WebUiBuiltInKeywords.groovy:620)
	at com.kms.katalon.core.webui.keyword.WebUiBuiltInKeywords$click$5.call(Unknown Source)
	at 7.1.7-Elaborar_Contrato.run(7.1.7-Elaborar_Contrato:30)
	at com.kms.katalon.core.main.ScriptEngine.run(ScriptEngine.java:194)
	at com.kms.katalon.core.main.ScriptEngine.runScriptAsRawText(ScriptEngine.java:119)
	at com.kms.katalon.core.main.TestCaseExecutor.runScript(TestCaseExecutor.java:442)
	at com.kms.katalon.core.main.TestCaseExecutor.doExecute(TestCaseExecutor.java:433)
	at com.kms.katalon.core.main.TestCaseExecutor.processExecutionPhase(TestCaseExecutor.java:412)
	at com.kms.katalon.core.main.TestCaseExecutor.accessMainPhase(TestCaseExecutor.java:404)
	at com.kms.katalon.core.main.TestCaseExecutor.execute(TestCaseExecutor.java:281)
	at com.kms.katalon.core.main.TestSuiteExecutor.accessTestCaseMainPhase(TestSuiteExecutor.java:202)
	at com.kms.katalon.core.main.TestSuiteExecutor.accessTestSuiteMainPhase(TestSuiteExecutor.java:164)
	at com.kms.katalon.core.main.TestSuiteExecutor.execute(TestSuiteExecutor.java:105)
	at com.kms.katalon.core.main.TestCaseMain.startTestSuite(TestCaseMain.java:185)
	at com.kms.katalon.core.main.TestCaseMain$startTestSuite$0.call(Unknown Source)
	at TempTestSuite1645646197076.run(TempTestSuite1645646197076.groovy:36)
Caused by: org.openqa.selenium.ElementClickInterceptedException: element click intercepted: Element <a id="form_contratacion:j_idt104:j_idt106:j_idt1400" href="#" class="ui-commandlink ui-widget" onclick="PrimeFaces.ab({s:&quot;form_contratacion:j_idt104:j_idt106:j_idt1400&quot;,f:&quot;form_contratacion&quot;,u:&quot;areaAplicacion&quot;,onco:function(xhr,status,args){;}});return false;" style="display: inline-block;">...</a> is not clickable at point (111, 13). Other element would receive the click: <div id="popupErrorDialog:dialog_popupFoto_modal" class="ui-widget-overlay ui-dialog-mask" style="z-index: 1002;"></div>
  (Session info: chrome=98.0.4758.102)
Build info: version: '3.141.59', revision: 'e82be7d358', time: '2018-11-14T08:25:53'
System info: host: 'US-AF-000371', ip: '192.168.56.1', os.name: 'Windows 10', os.arch: 'amd64', os.version: '10.0', java.version: '1.8.0_282'
Driver info: com.kms.katalon.selenium.driver.CChromeDriver
Capabilities {acceptInsecureCerts: false, browserName: chrome, browserVersion: 98.0.4758.102, chrome: {chromedriverVersion: 97.0.4692.36 (747e0a0f19c13..., userDataDir: C:\Users\DIEGO~1.ROJ\AppDat...}, goog:chromeOptions: {debuggerAddress: localhost:54164}, javascriptEnabled: true, networkConnectionEnabled: false, pageLoadStrategy: normal, platform: WINDOWS, platformName: WINDOWS, proxy: Proxy(), setWindowRect: true, strictFileInteractability: false, timeouts: {implicit: 0, pageLoad: 300000, script: 30000}, unhandledPromptBehavior: dismiss and notify, webauthn:extension:credBlob: true, webauthn:extension:largeBlob: true, webauthn:virtualAuthenticators: true}
Session ID: cad7ce9d364f262493a0fe300318c334
	at org.openqa.selenium.remote.http.W3CHttpResponseCodec.createException(W3CHttpResponseCodec.java:187)
	at org.openqa.selenium.remote.http.W3CHttpResponseCodec.decode(W3CHttpResponseCodec.java:122)
	at org.openqa.selenium.remote.http.W3CHttpResponseCodec.decode(W3CHttpResponseCodec.java:49)
	at org.openqa.selenium.remote.HttpCommandExecutor.execute(HttpCommandExecutor.java:158)
	at org.openqa.selenium.remote.service.DriverCommandExecutor.execute(DriverCommandExecutor.java:83)
	at org.openqa.selenium.remote.RemoteWebDriver.execute(RemoteWebDriver.java:552)
	at com.kms.katalon.selenium.driver.CChromeDriver.execute(CChromeDriver.java:19)
	at org.openqa.selenium.remote.RemoteWebElement.execute(RemoteWebElement.java:285)
	at org.openqa.selenium.remote.RemoteWebElement.click(RemoteWebElement.java:84)
	at org.openqa.selenium.support.events.EventFiringWebDriver$EventFiringWebElement.lambda$new$0(EventFiringWebDriver.java:404)
	at com.sun.proxy.$Proxy11.click(Unknown Source)
	at org.openqa.selenium.support.events.EventFiringWebDriver$EventFiringWebElement.click(EventFiringWebDriver.java:417)
	at org.openqa.selenium.WebElement$click$0.call(Unknown Source)
	at com.kms.katalon.core.webui.keyword.builtin.ClickKeyword.clickUntilSuccessWithTimeout(ClickKeyword.groovy:81)
	at com.kms.katalon.core.webui.keyword.builtin.ClickKeyword.clickUntilSuccessWithTimeout(ClickKeyword.groovy)
	at com.kms.katalon.core.webui.keyword.builtin.ClickKeyword$_click_closure1.doCall(ClickKeyword.groovy:67)
	at com.kms.katalon.core.webui.keyword.builtin.ClickKeyword$_click_closure1.call(ClickKeyword.groovy)
	at com.kms.katalon.core.webui.keyword.internal.WebUIKeywordMain.runKeyword(WebUIKeywordMain.groovy:20)
	at com.kms.katalon.core.webui.keyword.builtin.ClickKeyword.click(ClickKeyword.groovy:74)
	at com.kms.katalon.core.webui.keyword.builtin.ClickKeyword.execute(ClickKeyword.groovy:40)
	at com.kms.katalon.core.keyword.internal.KeywordExecutor.executeKeywordForPlatform(KeywordExecutor.groovy:74)
	at com.kms.katalon.core.webui.keyword.WebUiBuiltInKeywords.click(WebUiBuiltInKeywords.groovy:620)
	at com.kms.katalon.core.webui.keyword.WebUiBuiltInKeywords$click$5.call(Unknown Source)
	at Script1642109773291.run(Script1642109773291.groovy:30)
	... 13 more
)

2022-02-23 15:36:00 - [MESSAGE][FAILED] - Unable to click on object 'Object Repository/Modulo Pruebas Vinculación/Elaborar_Contrato/a_Actividad' (Root cause: com.kms.katalon.core.exception.StepFailedException: Unable to click on object 'Object Repository/Modulo Pruebas Vinculación/Elaborar_Contrato/a_Actividad'
	at com.kms.katalon.core.webui.keyword.internal.WebUIKeywordMain.stepFailed(WebUIKeywordMain.groovy:64)
	at com.kms.katalon.core.webui.keyword.internal.WebUIKeywordMain.runKeyword(WebUIKeywordMain.groovy:26)
	at com.kms.katalon.core.webui.keyword.builtin.ClickKeyword.click(ClickKeyword.groovy:74)
	at com.kms.katalon.core.webui.keyword.builtin.ClickKeyword.execute(ClickKeyword.groovy:40)
	at com.kms.katalon.core.keyword.internal.KeywordExecutor.executeKeywordForPlatform(KeywordExecutor.groovy:74)
	at com.kms.katalon.core.webui.keyword.WebUiBuiltInKeywords.click(WebUiBuiltInKeywords.groovy:620)
	at com.kms.katalon.core.webui.keyword.WebUiBuiltInKeywords$click$5.call(Unknown Source)
	at 7.1.7-Elaborar_Contrato.run(7.1.7-Elaborar_Contrato:30)
	at com.kms.katalon.core.main.ScriptEngine.run(ScriptEngine.java:194)
	at com.kms.katalon.core.main.ScriptEngine.runScriptAsRawText(ScriptEngine.java:119)
	at com.kms.katalon.core.main.TestCaseExecutor.runScript(TestCaseExecutor.java:442)
	at com.kms.katalon.core.main.TestCaseExecutor.doExecute(TestCaseExecutor.java:433)
	at com.kms.katalon.core.main.TestCaseExecutor.processExecutionPhase(TestCaseExecutor.java:412)
	at com.kms.katalon.core.main.TestCaseExecutor.accessMainPhase(TestCaseExecutor.java:404)
	at com.kms.katalon.core.main.TestCaseExecutor.execute(TestCaseExecutor.java:281)
	at com.kms.katalon.core.main.TestSuiteExecutor.accessTestCaseMainPhase(TestSuiteExecutor.java:202)
	at com.kms.katalon.core.main.TestSuiteExecutor.accessTestSuiteMainPhase(TestSuiteExecutor.java:164)
	at com.kms.katalon.core.main.TestSuiteExecutor.execute(TestSuiteExecutor.java:105)
	at com.kms.katalon.core.main.TestCaseMain.startTestSuite(TestCaseMain.java:185)
	at com.kms.katalon.core.main.TestCaseMain$startTestSuite$0.call(Unknown Source)
	at TempTestSuite1645646197076.run(TempTestSuite1645646197076.groovy:36)
Caused by: org.openqa.selenium.ElementClickInterceptedException: element click intercepted: Element <a id="form_contratacion:j_idt104:j_idt106:j_idt1400" href="#" class="ui-commandlink ui-widget" onclick="PrimeFaces.ab({s:&quot;form_contratacion:j_idt104:j_idt106:j_idt1400&quot;,f:&quot;form_contratacion&quot;,u:&quot;areaAplicacion&quot;,onco:function(xhr,status,args){;}});return false;" style="display: inline-block;">...</a> is not clickable at point (111, 13). Other element would receive the click: <div id="popupErrorDialog:dialog_popupFoto_modal" class="ui-widget-overlay ui-dialog-mask" style="z-index: 1002;"></div>
  (Session info: chrome=98.0.4758.102)
Build info: version: '3.141.59', revision: 'e82be7d358', time: '2018-11-14T08:25:53'
System info: host: 'US-AF-000371', ip: '192.168.56.1', os.name: 'Windows 10', os.arch: 'amd64', os.version: '10.0', java.version: '1.8.0_282'
Driver info: com.kms.katalon.selenium.driver.CChromeDriver
Capabilities {acceptInsecureCerts: false, browserName: chrome, browserVersion: 98.0.4758.102, chrome: {chromedriverVersion: 97.0.4692.36 (747e0a0f19c13..., userDataDir: C:\Users\DIEGO~1.ROJ\AppDat...}, goog:chromeOptions: {debuggerAddress: localhost:54164}, javascriptEnabled: true, networkConnectionEnabled: false, pageLoadStrategy: normal, platform: WINDOWS, platformName: WINDOWS, proxy: Proxy(), setWindowRect: true, strictFileInteractability: false, timeouts: {implicit: 0, pageLoad: 300000, script: 30000}, unhandledPromptBehavior: dismiss and notify, webauthn:extension:credBlob: true, webauthn:extension:largeBlob: true, webauthn:virtualAuthenticators: true}
Session ID: cad7ce9d364f262493a0fe300318c334
	at org.openqa.selenium.remote.http.W3CHttpResponseCodec.createException(W3CHttpResponseCodec.java:187)
	at org.openqa.selenium.remote.http.W3CHttpResponseCodec.decode(W3CHttpResponseCodec.java:122)
	at org.openqa.selenium.remote.http.W3CHttpResponseCodec.decode(W3CHttpResponseCodec.java:49)
	at org.openqa.selenium.remote.HttpCommandExecutor.execute(HttpCommandExecutor.java:158)
	at org.openqa.selenium.remote.service.DriverCommandExecutor.execute(DriverCommandExecutor.java:83)
	at org.openqa.selenium.remote.RemoteWebDriver.execute(RemoteWebDriver.java:552)
	at com.kms.katalon.selenium.driver.CChromeDriver.execute(CChromeDriver.java:19)
	at org.openqa.selenium.remote.RemoteWebElement.execute(RemoteWebElement.java:285)
	at org.openqa.selenium.remote.RemoteWebElement.click(RemoteWebElement.java:84)
	at org.openqa.selenium.support.events.EventFiringWebDriver$EventFiringWebElement.lambda$new$0(EventFiringWebDriver.java:404)
	at com.sun.proxy.$Proxy11.click(Unknown Source)
	at org.openqa.selenium.support.events.EventFiringWebDriver$EventFiringWebElement.click(EventFiringWebDriver.java:417)
	at org.openqa.selenium.WebElement$click$0.call(Unknown Source)
	at com.kms.katalon.core.webui.keyword.builtin.ClickKeyword.clickUntilSuccessWithTimeout(ClickKeyword.groovy:81)
	at com.kms.katalon.core.webui.keyword.builtin.ClickKeyword.clickUntilSuccessWithTimeout(ClickKeyword.groovy)
	at com.kms.katalon.core.webui.keyword.builtin.ClickKeyword$_click_closure1.doCall(ClickKeyword.groovy:67)
	at com.kms.katalon.core.webui.keyword.builtin.ClickKeyword$_click_closure1.call(ClickKeyword.groovy)
	at com.kms.katalon.core.webui.keyword.internal.WebUIKeywordMain.runKeyword(WebUIKeywordMain.groovy:20)
	at com.kms.katalon.core.webui.keyword.builtin.ClickKeyword.click(ClickKeyword.groovy:74)
	at com.kms.katalon.core.webui.keyword.builtin.ClickKeyword.execute(ClickKeyword.groovy:40)
	at com.kms.katalon.core.keyword.internal.KeywordExecutor.executeKeywordForPlatform(KeywordExecutor.groovy:74)
	at com.kms.katalon.core.webui.keyword.WebUiBuiltInKeywords.click(WebUiBuiltInKeywords.groovy:620)
	at com.kms.katalon.core.webui.keyword.WebUiBuiltInKeywords$click$5.call(Unknown Source)
	at Script1642109773291.run(Script1642109773291.groovy:30)
	... 13 more
)
[[ATTACHMENT|C:\\Users\\diego.rojas\\git\\Pruebas-Minimas\\Reports\\20220223_145603\\7-Pruebas_Vinculaci\u00F3n\\20220223_145637\\1645648560017.png]]]]></system-out>
         <system-err><![CDATA[2022-02-23 15:35:13 - [TEST_CASE][FAILED] - Test Cases/7.1-Pruebas_Vinculación/7.1.7-Elaborar_Contrato: Test Cases/7.1-Pruebas_Vinculación/7.1.7-Elaborar_Contrato FAILED.
Reason:
com.kms.katalon.core.exception.StepFailedException: Unable to click on object 'Object Repository/Modulo Pruebas Vinculación/Elaborar_Contrato/a_Actividad'
	at com.kms.katalon.core.webui.keyword.internal.WebUIKeywordMain.stepFailed(WebUIKeywordMain.groovy:64)
	at com.kms.katalon.core.webui.keyword.internal.WebUIKeywordMain.runKeyword(WebUIKeywordMain.groovy:26)
	at com.kms.katalon.core.webui.keyword.builtin.ClickKeyword.click(ClickKeyword.groovy:74)
	at com.kms.katalon.core.webui.keyword.builtin.ClickKeyword.execute(ClickKeyword.groovy:40)
	at com.kms.katalon.core.keyword.internal.KeywordExecutor.executeKeywordForPlatform(KeywordExecutor.groovy:74)
	at com.kms.katalon.core.webui.keyword.WebUiBuiltInKeywords.click(WebUiBuiltInKeywords.groovy:620)
	at com.kms.katalon.core.webui.keyword.WebUiBuiltInKeywords$click$5.call(Unknown Source)
	at 7.1.7-Elaborar_Contrato.run(7.1.7-Elaborar_Contrato:30)
	at com.kms.katalon.core.main.ScriptEngine.run(ScriptEngine.java:194)
	at com.kms.katalon.core.main.ScriptEngine.runScriptAsRawText(ScriptEngine.java:119)
	at com.kms.katalon.core.main.TestCaseExecutor.runScript(TestCaseExecutor.java:442)
	at com.kms.katalon.core.main.TestCaseExecutor.doExecute(TestCaseExecutor.java:433)
	at com.kms.katalon.core.main.TestCaseExecutor.processExecutionPhase(TestCaseExecutor.java:412)
	at com.kms.katalon.core.main.TestCaseExecutor.accessMainPhase(TestCaseExecutor.java:404)
	at com.kms.katalon.core.main.TestCaseExecutor.execute(TestCaseExecutor.java:281)
	at com.kms.katalon.core.main.TestSuiteExecutor.accessTestCaseMainPhase(TestSuiteExecutor.java:202)
	at com.kms.katalon.core.main.TestSuiteExecutor.accessTestSuiteMainPhase(TestSuiteExecutor.java:164)
	at com.kms.katalon.core.main.TestSuiteExecutor.execute(TestSuiteExecutor.java:105)
	at com.kms.katalon.core.main.TestCaseMain.startTestSuite(TestCaseMain.java:185)
	at com.kms.katalon.core.main.TestCaseMain$startTestSuite$0.call(Unknown Source)
	at TempTestSuite1645646197076.run(TempTestSuite1645646197076.groovy:36)
Caused by: org.openqa.selenium.ElementClickInterceptedException: element click intercepted: Element <a id="form_contratacion:j_idt104:j_idt106:j_idt1400" href="#" class="ui-commandlink ui-widget" onclick="PrimeFaces.ab({s:&quot;form_contratacion:j_idt104:j_idt106:j_idt1400&quot;,f:&quot;form_contratacion&quot;,u:&quot;areaAplicacion&quot;,onco:function(xhr,status,args){;}});return false;" style="display: inline-block;">...</a> is not clickable at point (111, 13). Other element would receive the click: <div id="popupErrorDialog:dialog_popupFoto_modal" class="ui-widget-overlay ui-dialog-mask" style="z-index: 1002;"></div>
  (Session info: chrome=98.0.4758.102)
Build info: version: '3.141.59', revision: 'e82be7d358', time: '2018-11-14T08:25:53'
System info: host: 'US-AF-000371', ip: '192.168.56.1', os.name: 'Windows 10', os.arch: 'amd64', os.version: '10.0', java.version: '1.8.0_282'
Driver info: com.kms.katalon.selenium.driver.CChromeDriver
Capabilities {acceptInsecureCerts: false, browserName: chrome, browserVersion: 98.0.4758.102, chrome: {chromedriverVersion: 97.0.4692.36 (747e0a0f19c13..., userDataDir: C:\Users\DIEGO~1.ROJ\AppDat...}, goog:chromeOptions: {debuggerAddress: localhost:54164}, javascriptEnabled: true, networkConnectionEnabled: false, pageLoadStrategy: normal, platform: WINDOWS, platformName: WINDOWS, proxy: Proxy(), setWindowRect: true, strictFileInteractability: false, timeouts: {implicit: 0, pageLoad: 300000, script: 30000}, unhandledPromptBehavior: dismiss and notify, webauthn:extension:credBlob: true, webauthn:extension:largeBlob: true, webauthn:virtualAuthenticators: true}
Session ID: cad7ce9d364f262493a0fe300318c334
	at org.openqa.selenium.remote.http.W3CHttpResponseCodec.createException(W3CHttpResponseCodec.java:187)
	at org.openqa.selenium.remote.http.W3CHttpResponseCodec.decode(W3CHttpResponseCodec.java:122)
	at org.openqa.selenium.remote.http.W3CHttpResponseCodec.decode(W3CHttpResponseCodec.java:49)
	at org.openqa.selenium.remote.HttpCommandExecutor.execute(HttpCommandExecutor.java:158)
	at org.openqa.selenium.remote.service.DriverCommandExecutor.execute(DriverCommandExecutor.java:83)
	at org.openqa.selenium.remote.RemoteWebDriver.execute(RemoteWebDriver.java:552)
	at com.kms.katalon.selenium.driver.CChromeDriver.execute(CChromeDriver.java:19)
	at org.openqa.selenium.remote.RemoteWebElement.execute(RemoteWebElement.java:285)
	at org.openqa.selenium.remote.RemoteWebElement.click(RemoteWebElement.java:84)
	at org.openqa.selenium.support.events.EventFiringWebDriver$EventFiringWebElement.lambda$new$0(EventFiringWebDriver.java:404)
	at com.sun.proxy.$Proxy11.click(Unknown Source)
	at org.openqa.selenium.support.events.EventFiringWebDriver$EventFiringWebElement.click(EventFiringWebDriver.java:417)
	at org.openqa.selenium.WebElement$click$0.call(Unknown Source)
	at com.kms.katalon.core.webui.keyword.builtin.ClickKeyword.clickUntilSuccessWithTimeout(ClickKeyword.groovy:81)
	at com.kms.katalon.core.webui.keyword.builtin.ClickKeyword.clickUntilSuccessWithTimeout(ClickKeyword.groovy)
	at com.kms.katalon.core.webui.keyword.builtin.ClickKeyword$_click_closure1.doCall(ClickKeyword.groovy:67)
	at com.kms.katalon.core.webui.keyword.builtin.ClickKeyword$_click_closure1.call(ClickKeyword.groovy)
	at com.kms.katalon.core.webui.keyword.internal.WebUIKeywordMain.runKeyword(WebUIKeywordMain.groovy:20)
	... 19 more]]></system-err>
      </testcase>
      <system-out><![CDATA[2022-02-23 15:31:38 - [TEST_SUITE][FAILED] - 7-Pruebas_Vinculación: Test Cases/7.1-Pruebas_Vinculación/7.1.4-Crear_un_Registro_de_Contratación FAILED.
Reason:
com.kms.katalon.core.exception.StepFailedException: Unable to click on object 'Object Repository/Modulo Pruebas Vinculación/Crear un Registro de Contratación/a_Anular Proceso'
	at com.kms.katalon.core.webui.keyword.internal.WebUIKeywordMain.stepFailed(WebUIKeywordMain.groovy:64)
	at com.kms.katalon.core.webui.keyword.internal.WebUIKeywordMain.runKeyword(WebUIKeywordMain.groovy:26)
	at com.kms.katalon.core.webui.keyword.builtin.ClickKeyword.click(ClickKeyword.groovy:74)
	at com.kms.katalon.core.webui.keyword.builtin.ClickKeyword.execute(ClickKeyword.groovy:40)
	at com.kms.katalon.core.keyword.internal.KeywordExecutor.executeKeywordForPlatform(KeywordExecutor.groovy:74)
	at com.kms.katalon.core.webui.keyword.WebUiBuiltInKeywords.click(WebUiBuiltInKeywords.groovy:620)
	at com.kms.katalon.core.webui.keyword.WebUiBuiltInKeywords$click$5.call(Unknown Source)
	at 7.1.4-Crear_un_Registro_de_Contratación.run(7.1.4-Crear_un_Registro_de_Contratación:50)
	at com.kms.katalon.core.main.ScriptEngine.run(ScriptEngine.java:194)
	at com.kms.katalon.core.main.ScriptEngine.runScriptAsRawText(ScriptEngine.java:119)
	at com.kms.katalon.core.main.TestCaseExecutor.runScript(TestCaseExecutor.java:442)
	at com.kms.katalon.core.main.TestCaseExecutor.doExecute(TestCaseExecutor.java:433)
	at com.kms.katalon.core.main.TestCaseExecutor.processExecutionPhase(TestCaseExecutor.java:412)
	at com.kms.katalon.core.main.TestCaseExecutor.accessMainPhase(TestCaseExecutor.java:404)
	at com.kms.katalon.core.main.TestCaseExecutor.execute(TestCaseExecutor.java:281)
	at com.kms.katalon.core.main.TestSuiteExecutor.accessTestCaseMainPhase(TestSuiteExecutor.java:202)
	at com.kms.katalon.core.main.TestSuiteExecutor.accessTestSuiteMainPhase(TestSuiteExecutor.java:164)
	at com.kms.katalon.core.main.TestSuiteExecutor.execute(TestSuiteExecutor.java:105)
	at com.kms.katalon.core.main.TestCaseMain.startTestSuite(TestCaseMain.java:185)
	at com.kms.katalon.core.main.TestCaseMain$startTestSuite$0.call(Unknown Source)
	at TempTestSuite1645646197076.run(TempTestSuite1645646197076.groovy:36)
Caused by: org.openqa.selenium.ElementClickInterceptedException: element click intercepted: Element <a id="form_contratacion:panelTab:j_idt280" href="#" class="ui-commandlink ui-widget us-boton btn-negar" onclick="PrimeFaces.ab({s:&quot;form_contratacion:panelTab:j_idt280&quot;,f:&quot;form_contratacion&quot;,u:&quot;areaAplicacion&quot;});return false;">...</a> is not clickable at point (384, 541). Other element would receive the click: <div id="popupErrorDialog:dialog_popupFoto_modal" class="ui-widget-overlay ui-dialog-mask" style="z-index: 1010;"></div>
  (Session info: chrome=98.0.4758.102)
Build info: version: '3.141.59', revision: 'e82be7d358', time: '2018-11-14T08:25:53'
System info: host: 'US-AF-000371', ip: '192.168.56.1', os.name: 'Windows 10', os.arch: 'amd64', os.version: '10.0', java.version: '1.8.0_282'
Driver info: com.kms.katalon.selenium.driver.CChromeDriver
Capabilities {acceptInsecureCerts: false, browserName: chrome, browserVersion: 98.0.4758.102, chrome: {chromedriverVersion: 97.0.4692.36 (747e0a0f19c13..., userDataDir: C:\Users\DIEGO~1.ROJ\AppDat...}, goog:chromeOptions: {debuggerAddress: localhost:53989}, javascriptEnabled: true, networkConnectionEnabled: false, pageLoadStrategy: normal, platform: WINDOWS, platformName: WINDOWS, proxy: Proxy(), setWindowRect: true, strictFileInteractability: false, timeouts: {implicit: 0, pageLoad: 300000, script: 30000}, unhandledPromptBehavior: dismiss and notify, webauthn:extension:credBlob: true, webauthn:extension:largeBlob: true, webauthn:virtualAuthenticators: true}
Session ID: cca3ddb985b41bf9a7130f94191da992
	at org.openqa.selenium.remote.http.W3CHttpResponseCodec.createException(W3CHttpResponseCodec.java:187)
	at org.openqa.selenium.remote.http.W3CHttpResponseCodec.decode(W3CHttpResponseCodec.java:122)
	at org.openqa.selenium.remote.http.W3CHttpResponseCodec.decode(W3CHttpResponseCodec.java:49)
	at org.openqa.selenium.remote.HttpCommandExecutor.execute(HttpCommandExecutor.java:158)
	at org.openqa.selenium.remote.service.DriverCommandExecutor.execute(DriverCommandExecutor.java:83)
	at org.openqa.selenium.remote.RemoteWebDriver.execute(RemoteWebDriver.java:552)
	at com.kms.katalon.selenium.driver.CChromeDriver.execute(CChromeDriver.java:19)
	at org.openqa.selenium.remote.RemoteWebElement.execute(RemoteWebElement.java:285)
	at org.openqa.selenium.remote.RemoteWebElement.click(RemoteWebElement.java:84)
	at org.openqa.selenium.support.events.EventFiringWebDriver$EventFiringWebElement.lambda$new$0(EventFiringWebDriver.java:404)
	at com.sun.proxy.$Proxy11.click(Unknown Source)
	at org.openqa.selenium.support.events.EventFiringWebDriver$EventFiringWebElement.click(EventFiringWebDriver.java:417)
	at org.openqa.selenium.WebElement$click$0.call(Unknown Source)
	at com.kms.katalon.core.webui.keyword.builtin.ClickKeyword.clickUntilSuccessWithTimeout(ClickKeyword.groovy:81)
	at com.kms.katalon.core.webui.keyword.builtin.ClickKeyword.clickUntilSuccessWithTimeout(ClickKeyword.groovy)
	at com.kms.katalon.core.webui.keyword.builtin.ClickKeyword$_click_closure1.doCall(ClickKeyword.groovy:67)
	at com.kms.katalon.core.webui.keyword.builtin.ClickKeyword$_click_closure1.call(ClickKeyword.groovy)
	at com.kms.katalon.core.webui.keyword.internal.WebUIKeywordMain.runKeyword(WebUIKeywordMain.groovy:20)
	... 19 more]]></system-out>
      <system-err><![CDATA[2022-02-23 15:31:38 - [TEST_SUITE][FAILED] - 7-Pruebas_Vinculación: Test Cases/7.1-Pruebas_Vinculación/7.1.4-Crear_un_Registro_de_Contratación FAILED.
Reason:
com.kms.katalon.core.exception.StepFailedException: Unable to click on object 'Object Repository/Modulo Pruebas Vinculación/Crear un Registro de Contratación/a_Anular Proceso'
	at com.kms.katalon.core.webui.keyword.internal.WebUIKeywordMain.stepFailed(WebUIKeywordMain.groovy:64)
	at com.kms.katalon.core.webui.keyword.internal.WebUIKeywordMain.runKeyword(WebUIKeywordMain.groovy:26)
	at com.kms.katalon.core.webui.keyword.builtin.ClickKeyword.click(ClickKeyword.groovy:74)
	at com.kms.katalon.core.webui.keyword.builtin.ClickKeyword.execute(ClickKeyword.groovy:40)
	at com.kms.katalon.core.keyword.internal.KeywordExecutor.executeKeywordForPlatform(KeywordExecutor.groovy:74)
	at com.kms.katalon.core.webui.keyword.WebUiBuiltInKeywords.click(WebUiBuiltInKeywords.groovy:620)
	at com.kms.katalon.core.webui.keyword.WebUiBuiltInKeywords$click$5.call(Unknown Source)
	at 7.1.4-Crear_un_Registro_de_Contratación.run(7.1.4-Crear_un_Registro_de_Contratación:50)
	at com.kms.katalon.core.main.ScriptEngine.run(ScriptEngine.java:194)
	at com.kms.katalon.core.main.ScriptEngine.runScriptAsRawText(ScriptEngine.java:119)
	at com.kms.katalon.core.main.TestCaseExecutor.runScript(TestCaseExecutor.java:442)
	at com.kms.katalon.core.main.TestCaseExecutor.doExecute(TestCaseExecutor.java:433)
	at com.kms.katalon.core.main.TestCaseExecutor.processExecutionPhase(TestCaseExecutor.java:412)
	at com.kms.katalon.core.main.TestCaseExecutor.accessMainPhase(TestCaseExecutor.java:404)
	at com.kms.katalon.core.main.TestCaseExecutor.execute(TestCaseExecutor.java:281)
	at com.kms.katalon.core.main.TestSuiteExecutor.accessTestCaseMainPhase(TestSuiteExecutor.java:202)
	at com.kms.katalon.core.main.TestSuiteExecutor.accessTestSuiteMainPhase(TestSuiteExecutor.java:164)
	at com.kms.katalon.core.main.TestSuiteExecutor.execute(TestSuiteExecutor.java:105)
	at com.kms.katalon.core.main.TestCaseMain.startTestSuite(TestCaseMain.java:185)
	at com.kms.katalon.core.main.TestCaseMain$startTestSuite$0.call(Unknown Source)
	at TempTestSuite1645646197076.run(TempTestSuite1645646197076.groovy:36)
Caused by: org.openqa.selenium.ElementClickInterceptedException: element click intercepted: Element <a id="form_contratacion:panelTab:j_idt280" href="#" class="ui-commandlink ui-widget us-boton btn-negar" onclick="PrimeFaces.ab({s:&quot;form_contratacion:panelTab:j_idt280&quot;,f:&quot;form_contratacion&quot;,u:&quot;areaAplicacion&quot;});return false;">...</a> is not clickable at point (384, 541). Other element would receive the click: <div id="popupErrorDialog:dialog_popupFoto_modal" class="ui-widget-overlay ui-dialog-mask" style="z-index: 1010;"></div>
  (Session info: chrome=98.0.4758.102)
Build info: version: '3.141.59', revision: 'e82be7d358', time: '2018-11-14T08:25:53'
System info: host: 'US-AF-000371', ip: '192.168.56.1', os.name: 'Windows 10', os.arch: 'amd64', os.version: '10.0', java.version: '1.8.0_282'
Driver info: com.kms.katalon.selenium.driver.CChromeDriver
Capabilities {acceptInsecureCerts: false, browserName: chrome, browserVersion: 98.0.4758.102, chrome: {chromedriverVersion: 97.0.4692.36 (747e0a0f19c13..., userDataDir: C:\Users\DIEGO~1.ROJ\AppDat...}, goog:chromeOptions: {debuggerAddress: localhost:53989}, javascriptEnabled: true, networkConnectionEnabled: false, pageLoadStrategy: normal, platform: WINDOWS, platformName: WINDOWS, proxy: Proxy(), setWindowRect: true, strictFileInteractability: false, timeouts: {implicit: 0, pageLoad: 300000, script: 30000}, unhandledPromptBehavior: dismiss and notify, webauthn:extension:credBlob: true, webauthn:extension:largeBlob: true, webauthn:virtualAuthenticators: true}
Session ID: cca3ddb985b41bf9a7130f94191da992
	at org.openqa.selenium.remote.http.W3CHttpResponseCodec.createException(W3CHttpResponseCodec.java:187)
	at org.openqa.selenium.remote.http.W3CHttpResponseCodec.decode(W3CHttpResponseCodec.java:122)
	at org.openqa.selenium.remote.http.W3CHttpResponseCodec.decode(W3CHttpResponseCodec.java:49)
	at org.openqa.selenium.remote.HttpCommandExecutor.execute(HttpCommandExecutor.java:158)
	at org.openqa.selenium.remote.service.DriverCommandExecutor.execute(DriverCommandExecutor.java:83)
	at org.openqa.selenium.remote.RemoteWebDriver.execute(RemoteWebDriver.java:552)
	at com.kms.katalon.selenium.driver.CChromeDriver.execute(CChromeDriver.java:19)
	at org.openqa.selenium.remote.RemoteWebElement.execute(RemoteWebElement.java:285)
	at org.openqa.selenium.remote.RemoteWebElement.click(RemoteWebElement.java:84)
	at org.openqa.selenium.support.events.EventFiringWebDriver$EventFiringWebElement.lambda$new$0(EventFiringWebDriver.java:404)
	at com.sun.proxy.$Proxy11.click(Unknown Source)
	at org.openqa.selenium.support.events.EventFiringWebDriver$EventFiringWebElement.click(EventFiringWebDriver.java:417)
	at org.openqa.selenium.WebElement$click$0.call(Unknown Source)
	at com.kms.katalon.core.webui.keyword.builtin.ClickKeyword.clickUntilSuccessWithTimeout(ClickKeyword.groovy:81)
	at com.kms.katalon.core.webui.keyword.builtin.ClickKeyword.clickUntilSuccessWithTimeout(ClickKeyword.groovy)
	at com.kms.katalon.core.webui.keyword.builtin.ClickKeyword$_click_closure1.doCall(ClickKeyword.groovy:67)
	at com.kms.katalon.core.webui.keyword.builtin.ClickKeyword$_click_closure1.call(ClickKeyword.groovy)
	at com.kms.katalon.core.webui.keyword.internal.WebUIKeywordMain.runKeyword(WebUIKeywordMain.groovy:20)
	... 19 more]]></system-err>
   </testsuite>
</testsuites>
