<?xml version="1.0" encoding="UTF-8"?>
<testsuites name="8-Pruebas_Auditoria" time="139.4" tests="5" failures="1" errors="0">
   <testsuite name="8-Pruebas_Auditoria" tests="5" failures="1" errors="0" time="139.4" skipped="0" timestamp="2022-02-21 15:44:42" hostname="diego.rojas - US-AF-000371" id="Test Suites/8-Pruebas_Auditoria">
      <properties>
         <property name="deviceName" value=""/>
         <property name="devicePlatform" value=""/>
         <property name="logFolder" value="C:\\Users\\diego.rojas\\git\\Pruebas-Minimas\\Reports\\20220221_150429\\8-Pruebas_Auditoria\\20220221_150509"/>
         <property name="logFiles" value="C:\\Users\\diego.rojas\\git\\Pruebas-Minimas\\Reports\\20220221_150429\\8-Pruebas_Auditoria\\20220221_150509\\execution0.log"/>
         <property name="attachments" value="C:\\Users\\diego.rojas\\git\\Pruebas-Minimas\\Reports\\20220221_150429\\8-Pruebas_Auditoria\\20220221_150509\\1645476303550.png, C:\\Users\\diego.rojas\\git\\Pruebas-Minimas\\Reports\\20220221_150429\\8-Pruebas_Auditoria\\20220221_150509\\1645476303685.png"/>
         <property name="hostName" value="diego.rojas - US-AF-000371"/>
         <property name="os" value="Windows 10 64bit"/>
         <property name="katalonVersion" value="8.2.5.208"/>
         <property name="browser" value="Chrome 98.0.4758.102"/>
         <property name="hostAddress" value="192.168.56.1"/>
         <property name="sessionId" value="cd4fba48658224db855527032c935825"/>
         <property name="seleniumVersion" value="3.141.59"/>
         <property name="proxyInformation" value="ProxyInformation { proxyOption=NO_PROXY, proxyServerType=HTTP, username=, password=********, proxyServerAddress=, proxyServerPort=0, executionList=&quot;&quot;, isApplyToDesiredCapabilities=true }"/>
         <property name="platform" value="Windows 10"/>
      </properties>
      <testcase name="Test Cases/8.1-Pruebas_Auditoria/8.1.1-Seguimiento_a_objeto_Succeso_Adicion" time="20.604" classname="Test Cases/8.1-Pruebas_Auditoria/8.1.1-Seguimiento_a_objeto_Succeso_Adicion" status="FAILED">
         <failure type="FAILED" message="Test Cases/8.1-Pruebas_Auditoria/8.1.1-Seguimiento_a_objeto_Succeso_Adicion FAILED.
Reason:
com.kms.katalon.core.exception.StepFailedException: Unable to accept alert
	at com.kms.katalon.core.webui.keyword.internal.WebUIKeywordMain.stepFailed(WebUIKeywordMain.groovy:64)
	at com.kms.katalon.core.webui.keyword.internal.WebUIKeywordMain.runKeyword(WebUIKeywordMain.groovy:26)
	at com.kms.katalon.core.webui.keyword.builtin.AcceptAlertKeyword.acceptAlert(AcceptAlertKeyword.groovy:71)
	at com.kms.katalon.core.webui.keyword.builtin.AcceptAlertKeyword.execute(AcceptAlertKeyword.groovy:66)
	at com.kms.katalon.core.keyword.internal.KeywordExecutor.executeKeywordForPlatform(KeywordExecutor.groovy:74)
	at com.kms.katalon.core.webui.keyword.WebUiBuiltInKeywords.acceptAlert(WebUiBuiltInKeywords.groovy:1522)
	at com.kms.katalon.core.webui.keyword.WebUiBuiltInKeywords$acceptAlert$8.call(Unknown Source)
	at 8.1.1-Seguimiento_a_objeto_Succeso_Adicion.run(8.1.1-Seguimiento_a_objeto_Succeso_Adicion:38)
	at com.kms.katalon.core.main.ScriptEngine.run(ScriptEngine.java:194)
	at com.kms.katalon.core.main.ScriptEngine.runScriptAsRawText(ScriptEngine.java:119)
	at com.kms.katalon.core.main.TestCaseExecutor.runScript(TestCaseExecutor.java:442)
	at com.kms.katalon.core.main.TestCaseExecutor.doExecute(TestCaseExecutor.java:433)
	at com.kms.katalon.core.main.TestCaseExecutor.processExecutionPhase(TestCaseExecutor.java:412)
	at com.kms.katalon.core.main.TestCaseExecutor.accessMainPhase(TestCaseExecutor.java:404)
	at com.kms.katalon.core.main.TestCaseExecutor.execute(TestCaseExecutor.java:281)
	at com.kms.katalon.core.main.TestSuiteExecutor.accessTestCaseMainPhase(TestSuiteExecutor.java:202)
	at com.kms.katalon.core.main.TestSuiteExecutor.accessTestSuiteMainPhase(TestSuiteExecutor.java:164)
	at com.kms.katalon.core.main.TestSuiteExecutor.execute(TestSuiteExecutor.java:105)
	at com.kms.katalon.core.main.TestCaseMain.startTestSuite(TestCaseMain.java:185)
	at com.kms.katalon.core.main.TestCaseMain$startTestSuite$0.call(Unknown Source)
	at TempTestSuite1645473909859.run(TempTestSuite1645473909859.groovy:36)
Caused by: com.kms.katalon.core.exception.StepFailedException: No alert found
	at com.kms.katalon.core.webui.keyword.internal.WebUIKeywordMain.stepFailed(WebUIKeywordMain.groovy:64)
	at com.kms.katalon.core.webui.keyword.builtin.AcceptAlertKeyword$_acceptAlert_closure1.doCall(AcceptAlertKeyword.groovy:78)
	at com.kms.katalon.core.webui.keyword.builtin.AcceptAlertKeyword$_acceptAlert_closure1.call(AcceptAlertKeyword.groovy)
	at com.kms.katalon.core.webui.keyword.internal.WebUIKeywordMain.runKeyword(WebUIKeywordMain.groovy:20)
	... 19 more
"/>
         <system-out><![CDATA[2022-02-21 15:44:43 - [TEST_CASE][FAILED] - Test Cases/8.1-Pruebas_Auditoria/8.1.1-Seguimiento_a_objeto_Succeso_Adicion: Test Cases/8.1-Pruebas_Auditoria/8.1.1-Seguimiento_a_objeto_Succeso_Adicion FAILED.
Reason:
com.kms.katalon.core.exception.StepFailedException: Unable to accept alert
	at com.kms.katalon.core.webui.keyword.internal.WebUIKeywordMain.stepFailed(WebUIKeywordMain.groovy:64)
	at com.kms.katalon.core.webui.keyword.internal.WebUIKeywordMain.runKeyword(WebUIKeywordMain.groovy:26)
	at com.kms.katalon.core.webui.keyword.builtin.AcceptAlertKeyword.acceptAlert(AcceptAlertKeyword.groovy:71)
	at com.kms.katalon.core.webui.keyword.builtin.AcceptAlertKeyword.execute(AcceptAlertKeyword.groovy:66)
	at com.kms.katalon.core.keyword.internal.KeywordExecutor.executeKeywordForPlatform(KeywordExecutor.groovy:74)
	at com.kms.katalon.core.webui.keyword.WebUiBuiltInKeywords.acceptAlert(WebUiBuiltInKeywords.groovy:1522)
	at com.kms.katalon.core.webui.keyword.WebUiBuiltInKeywords$acceptAlert$8.call(Unknown Source)
	at 8.1.1-Seguimiento_a_objeto_Succeso_Adicion.run(8.1.1-Seguimiento_a_objeto_Succeso_Adicion:38)
	at com.kms.katalon.core.main.ScriptEngine.run(ScriptEngine.java:194)
	at com.kms.katalon.core.main.ScriptEngine.runScriptAsRawText(ScriptEngine.java:119)
	at com.kms.katalon.core.main.TestCaseExecutor.runScript(TestCaseExecutor.java:442)
	at com.kms.katalon.core.main.TestCaseExecutor.doExecute(TestCaseExecutor.java:433)
	at com.kms.katalon.core.main.TestCaseExecutor.processExecutionPhase(TestCaseExecutor.java:412)
	at com.kms.katalon.core.main.TestCaseExecutor.accessMainPhase(TestCaseExecutor.java:404)
	at com.kms.katalon.core.main.TestCaseExecutor.execute(TestCaseExecutor.java:281)
	at com.kms.katalon.core.main.TestSuiteExecutor.accessTestCaseMainPhase(TestSuiteExecutor.java:202)
	at com.kms.katalon.core.main.TestSuiteExecutor.accessTestSuiteMainPhase(TestSuiteExecutor.java:164)
	at com.kms.katalon.core.main.TestSuiteExecutor.execute(TestSuiteExecutor.java:105)
	at com.kms.katalon.core.main.TestCaseMain.startTestSuite(TestCaseMain.java:185)
	at com.kms.katalon.core.main.TestCaseMain$startTestSuite$0.call(Unknown Source)
	at TempTestSuite1645473909859.run(TempTestSuite1645473909859.groovy:36)
Caused by: com.kms.katalon.core.exception.StepFailedException: No alert found
	at com.kms.katalon.core.webui.keyword.internal.WebUIKeywordMain.stepFailed(WebUIKeywordMain.groovy:64)
	at com.kms.katalon.core.webui.keyword.builtin.AcceptAlertKeyword$_acceptAlert_closure1.doCall(AcceptAlertKeyword.groovy:78)
	at com.kms.katalon.core.webui.keyword.builtin.AcceptAlertKeyword$_acceptAlert_closure1.call(AcceptAlertKeyword.groovy)
	at com.kms.katalon.core.webui.keyword.internal.WebUIKeywordMain.runKeyword(WebUIKeywordMain.groovy:20)
	... 19 more


2022-02-21 15:44:43 - [TEST_STEP][PASSED] - callTestCase(findTestCase("Utilidades-(atajos_para _tareas)/Modulos/Modulo Auditoria"), [:], STOP_ON_FAILURE): Call Test Case 'Test Cases/Utilidades-(atajos_para _tareas)/Modulos/Modulo Auditoria' successfully

2022-02-21 15:44:43 - [TEST_CASE][PASSED] - Test Cases/Utilidades-(atajos_para _tareas)/Modulos/Modulo Auditoria: Test Cases/Utilidades-(atajos_para _tareas)/Modulos/Modulo Auditoria

2022-02-21 15:44:44 - [TEST_STEP][PASSED] - callTestCase(findTestCase("0.1-Login"), [:], STOP_ON_FAILURE): Call Test Case 'Test Cases/0.1-Login' successfully

2022-02-21 15:44:44 - [TEST_CASE][PASSED] - Test Cases/0.1-Login: Test Cases/0.1-Login

2022-02-21 15:44:45 - [TEST_STEP][PASSED] - openBrowser(""): Browser is opened with url: ''

2022-02-21 15:44:45 - [MESSAGE][INFO] - Starting 'Chrome' driver

2022-02-21 15:44:45 - [MESSAGE][INFO] - Action delay is set to 0 milliseconds

2022-02-21 15:44:47 - [MESSAGE][PASSED] - Browser is opened with url: ''

2022-02-21 15:44:47 - [TEST_STEP][PASSED] - maximizeWindow(): Current window maximized

2022-02-21 15:44:47 - [MESSAGE][PASSED] - Current window maximized

2022-02-21 15:44:47 - [TEST_STEP][PASSED] - i = G_Login: null

2022-02-21 15:44:48 - [TEST_STEP][PASSED] - url = new java.net.URL(i): null

2022-02-21 15:44:48 - [TEST_STEP][PASSED] - println("URL: " + url.toString()): null

2022-02-21 15:44:48 - [TEST_STEP][PASSED] - connection = url.openConnection(): null

2022-02-21 15:44:48 - [TEST_STEP][PASSED] - connection.setRequestMethod("GET"): null

2022-02-21 15:44:48 - [TEST_STEP][PASSED] - connection.setReadTimeout(2 * 1000): null

2022-02-21 15:44:48 - [TEST_STEP][PASSED] - try: null

2022-02-21 15:44:48 - [TEST_STEP][PASSED] - connection.connect(): null

2022-02-21 15:44:48 - [TEST_STEP][PASSED] - flag = connected: null

2022-02-21 15:44:48 - [TEST_STEP][PASSED] - println("Valor_ori: " + flag): null

2022-02-21 15:44:48 - [TEST_STEP][PASSED] - if (flag): null

2022-02-21 15:44:48 - [TEST_STEP][PASSED] - navigateToUrl(i): Navigate to 'http://192.168.2.80:8380/saraweb' successfully

2022-02-21 15:44:49 - [MESSAGE][PASSED] - Navigate to 'http://192.168.2.80:8380/saraweb' successfully

2022-02-21 15:44:49 - [TEST_STEP][PASSED] - a(): null

2022-02-21 15:44:49 - [TEST_STEP][PASSED] - setText(findTestObject("Login/input_USUARIO_loginusuario"), G_Usuario): Text 'saraadmin' is set on object 'Object Repository/Login/input_USUARIO_loginusuario'

2022-02-21 15:44:50 - [MESSAGE][PASSED] - Text 'saraadmin' is set on object 'Object Repository/Login/input_USUARIO_loginusuario'

2022-02-21 15:44:50 - [TEST_STEP][PASSED] - setEncryptedText(findTestObject("Login/input_CLAVE_loginpassword"), "MkG4/TYiCFC3cb2driP7+Q=="): Text ****** has been set on object 'Object Repository/Login/input_CLAVE_loginpassword'

2022-02-21 15:44:50 - [MESSAGE][PASSED] - Text ****** has been set on object 'Object Repository/Login/input_CLAVE_loginpassword'

2022-02-21 15:44:50 - [TEST_STEP][PASSED] - waitForElementClickable(findTestObject("Login/a_Ingresar"), G_TimeOut): Object 'Object Repository/Login/a_Ingresar' is clickable

2022-02-21 15:44:51 - [MESSAGE][PASSED] - Object 'Object Repository/Login/a_Ingresar' is clickable

2022-02-21 15:44:51 - [TEST_STEP][PASSED] - click(findTestObject("Login/a_Ingresar")): Object: 'Object Repository/Login/a_Ingresar' is clicked on

2022-02-21 15:44:53 - [MESSAGE][PASSED] - Object: 'Object Repository/Login/a_Ingresar' is clicked on

2022-02-21 15:44:53 - [TEST_STEP][PASSED] - element = findWebElement(findTestObject("Login/a_Ir"), 30): null

2022-02-21 15:44:53 - [TEST_STEP][PASSED] - executeJavaScript("arguments[0].click()", Arrays.asList(element)): Execute JavaScript 'arguments[0].click()' successfully

2022-02-21 15:44:53 - [MESSAGE][PASSED] - Execute JavaScript 'arguments[0].click()' successfully

2022-02-21 15:44:53 - [MESSAGE][PASSED] - Call Test Case 'Test Cases/0.1-Login' successfully

2022-02-21 15:44:53 - [TEST_STEP][PASSED] - setText(findTestObject("Modulo Auditoria/input_Empresa 1_form_templatej_idt24_input"), "Auditoria"): Text 'Auditoria' is set on object 'Object Repository/Modulo Auditoria/input_Empresa 1_form_templatej_idt24_input'

2022-02-21 15:44:55 - [MESSAGE][PASSED] - Text 'Auditoria' is set on object 'Object Repository/Modulo Auditoria/input_Empresa 1_form_templatej_idt24_input'

2022-02-21 15:44:55 - [TEST_STEP][PASSED] - click(findTestObject("Modulo Auditoria/li_Auditoria (com)")): Object: 'Object Repository/Modulo Auditoria/li_Auditoria (com)' is clicked on

2022-02-21 15:44:56 - [MESSAGE][PASSED] - Object: 'Object Repository/Modulo Auditoria/li_Auditoria (com)' is clicked on

2022-02-21 15:44:56 - [MESSAGE][PASSED] - Call Test Case 'Test Cases/Utilidades-(atajos_para _tareas)/Modulos/Modulo Auditoria' successfully

2022-02-21 15:44:56 - [TEST_STEP][PASSED] - click(findTestObject("Modulo Pruebas Auditoria/Seguimiento_a_objeto_Succeso_Adicion/a_Suceso Adicion")): Object: 'Object Repository/Modulo Pruebas Auditoria/Seguimiento_a_objeto_Succeso_Adicion/a_Suceso Adicion' is clicked on

2022-02-21 15:44:58 - [MESSAGE][PASSED] - Object: 'Object Repository/Modulo Pruebas Auditoria/Seguimiento_a_objeto_Succeso_Adicion/a_Suceso Adicion' is clicked on

2022-02-21 15:44:58 - [TEST_STEP][PASSED] - click(findTestObject("Modulo Pruebas Auditoria/Seguimiento_a_objeto_Succeso_Adicion/td_concepto_con")): Object: 'Object Repository/Modulo Pruebas Auditoria/Seguimiento_a_objeto_Succeso_Adicion/td_concepto_con' is clicked on

2022-02-21 15:44:59 - [MESSAGE][PASSED] - Object: 'Object Repository/Modulo Pruebas Auditoria/Seguimiento_a_objeto_Succeso_Adicion/td_concepto_con' is clicked on

2022-02-21 15:44:59 - [TEST_STEP][PASSED] - click(findTestObject("Modulo Pruebas Auditoria/Seguimiento_a_objeto_Succeso_Adicion/a_Aplicar")): Object: 'Object Repository/Modulo Pruebas Auditoria/Seguimiento_a_objeto_Succeso_Adicion/a_Aplicar' is clicked on

2022-02-21 15:45:00 - [MESSAGE][PASSED] - Object: 'Object Repository/Modulo Pruebas Auditoria/Seguimiento_a_objeto_Succeso_Adicion/a_Aplicar' is clicked on

2022-02-21 15:45:00 - [TEST_STEP][PASSED] - codigo = getText(findTestObject("Modulo Pruebas Auditoria/Seguimiento_a_objeto_Succeso_Adicion/td_123456")): Text of object 'Object Repository/Modulo Pruebas Auditoria/Seguimiento_a_objeto_Succeso_Adicion/td_123456' is: '123456'

2022-02-21 15:45:01 - [MESSAGE][PASSED] - Text of object 'Object Repository/Modulo Pruebas Auditoria/Seguimiento_a_objeto_Succeso_Adicion/td_123456' is: '123456'

2022-02-21 15:45:01 - [TEST_STEP][PASSED] - setText(findTestObject("Modulo Pruebas Auditoria/Seguimiento_a_objeto_Succeso_Adicion/input_codigo_form_sucesoadiciontablaFiltros0j_idt234"), codigo): Text '123456' is set on object 'Object Repository/Modulo Pruebas Auditoria/Seguimiento_a_objeto_Succeso_Adicion/input_codigo_form_sucesoadiciontablaFiltros0j_idt234'

2022-02-21 15:45:02 - [MESSAGE][PASSED] - Text '123456' is set on object 'Object Repository/Modulo Pruebas Auditoria/Seguimiento_a_objeto_Succeso_Adicion/input_codigo_form_sucesoadiciontablaFiltros0j_idt234'

2022-02-21 15:45:02 - [TEST_STEP][PASSED] - click(findTestObject("Modulo Pruebas Auditoria/Seguimiento_a_objeto_Succeso_Adicion/a_Aplicar")): Object: 'Object Repository/Modulo Pruebas Auditoria/Seguimiento_a_objeto_Succeso_Adicion/a_Aplicar' is clicked on

2022-02-21 15:45:03 - [MESSAGE][PASSED] - Object: 'Object Repository/Modulo Pruebas Auditoria/Seguimiento_a_objeto_Succeso_Adicion/a_Aplicar' is clicked on

2022-02-21 15:45:03 - [TEST_STEP][PASSED] - codigoR = getText(findTestObject("Modulo Pruebas Auditoria/Seguimiento_a_objeto_Succeso_Adicion/td_123456")): Text of object 'Object Repository/Modulo Pruebas Auditoria/Seguimiento_a_objeto_Succeso_Adicion/td_123456' is: '123456'

2022-02-21 15:45:03 - [MESSAGE][PASSED] - Text of object 'Object Repository/Modulo Pruebas Auditoria/Seguimiento_a_objeto_Succeso_Adicion/td_123456' is: '123456'

2022-02-21 15:45:03 - [TEST_STEP][FAILED] - if (codigo == codigoR): Unable to accept alert (Root cause: com.kms.katalon.core.exception.StepFailedException: Unable to accept alert
	at com.kms.katalon.core.webui.keyword.internal.WebUIKeywordMain.stepFailed(WebUIKeywordMain.groovy:64)
	at com.kms.katalon.core.webui.keyword.internal.WebUIKeywordMain.runKeyword(WebUIKeywordMain.groovy:26)
	at com.kms.katalon.core.webui.keyword.builtin.AcceptAlertKeyword.acceptAlert(AcceptAlertKeyword.groovy:71)
	at com.kms.katalon.core.webui.keyword.builtin.AcceptAlertKeyword.execute(AcceptAlertKeyword.groovy:66)
	at com.kms.katalon.core.keyword.internal.KeywordExecutor.executeKeywordForPlatform(KeywordExecutor.groovy:74)
	at com.kms.katalon.core.webui.keyword.WebUiBuiltInKeywords.acceptAlert(WebUiBuiltInKeywords.groovy:1522)
	at com.kms.katalon.core.webui.keyword.WebUiBuiltInKeywords$acceptAlert$8.call(Unknown Source)
	at 8.1.1-Seguimiento_a_objeto_Succeso_Adicion.run(8.1.1-Seguimiento_a_objeto_Succeso_Adicion:38)
	at com.kms.katalon.core.main.ScriptEngine.run(ScriptEngine.java:194)
	at com.kms.katalon.core.main.ScriptEngine.runScriptAsRawText(ScriptEngine.java:119)
	at com.kms.katalon.core.main.TestCaseExecutor.runScript(TestCaseExecutor.java:442)
	at com.kms.katalon.core.main.TestCaseExecutor.doExecute(TestCaseExecutor.java:433)
	at com.kms.katalon.core.main.TestCaseExecutor.processExecutionPhase(TestCaseExecutor.java:412)
	at com.kms.katalon.core.main.TestCaseExecutor.accessMainPhase(TestCaseExecutor.java:404)
	at com.kms.katalon.core.main.TestCaseExecutor.execute(TestCaseExecutor.java:281)
	at com.kms.katalon.core.main.TestSuiteExecutor.accessTestCaseMainPhase(TestSuiteExecutor.java:202)
	at com.kms.katalon.core.main.TestSuiteExecutor.accessTestSuiteMainPhase(TestSuiteExecutor.java:164)
	at com.kms.katalon.core.main.TestSuiteExecutor.execute(TestSuiteExecutor.java:105)
	at com.kms.katalon.core.main.TestCaseMain.startTestSuite(TestCaseMain.java:185)
	at com.kms.katalon.core.main.TestCaseMain$startTestSuite$0.call(Unknown Source)
	at TempTestSuite1645473909859.run(TempTestSuite1645473909859.groovy:36)
Caused by: com.kms.katalon.core.exception.StepFailedException: No alert found
	at com.kms.katalon.core.webui.keyword.internal.WebUIKeywordMain.stepFailed(WebUIKeywordMain.groovy:64)
	at com.kms.katalon.core.webui.keyword.builtin.AcceptAlertKeyword$_acceptAlert_closure1.doCall(AcceptAlertKeyword.groovy:78)
	at com.kms.katalon.core.webui.keyword.builtin.AcceptAlertKeyword$_acceptAlert_closure1.call(AcceptAlertKeyword.groovy)
	at com.kms.katalon.core.webui.keyword.internal.WebUIKeywordMain.runKeyword(WebUIKeywordMain.groovy:20)
	... 19 more
)

2022-02-21 15:45:03 - [TEST_STEP][FAILED] - acceptAlert(): Unable to accept alert (Root cause: com.kms.katalon.core.exception.StepFailedException: Unable to accept alert
	at com.kms.katalon.core.webui.keyword.internal.WebUIKeywordMain.stepFailed(WebUIKeywordMain.groovy:64)
	at com.kms.katalon.core.webui.keyword.internal.WebUIKeywordMain.runKeyword(WebUIKeywordMain.groovy:26)
	at com.kms.katalon.core.webui.keyword.builtin.AcceptAlertKeyword.acceptAlert(AcceptAlertKeyword.groovy:71)
	at com.kms.katalon.core.webui.keyword.builtin.AcceptAlertKeyword.execute(AcceptAlertKeyword.groovy:66)
	at com.kms.katalon.core.keyword.internal.KeywordExecutor.executeKeywordForPlatform(KeywordExecutor.groovy:74)
	at com.kms.katalon.core.webui.keyword.WebUiBuiltInKeywords.acceptAlert(WebUiBuiltInKeywords.groovy:1522)
	at com.kms.katalon.core.webui.keyword.WebUiBuiltInKeywords$acceptAlert$8.call(Unknown Source)
	at 8.1.1-Seguimiento_a_objeto_Succeso_Adicion.run(8.1.1-Seguimiento_a_objeto_Succeso_Adicion:38)
	at com.kms.katalon.core.main.ScriptEngine.run(ScriptEngine.java:194)
	at com.kms.katalon.core.main.ScriptEngine.runScriptAsRawText(ScriptEngine.java:119)
	at com.kms.katalon.core.main.TestCaseExecutor.runScript(TestCaseExecutor.java:442)
	at com.kms.katalon.core.main.TestCaseExecutor.doExecute(TestCaseExecutor.java:433)
	at com.kms.katalon.core.main.TestCaseExecutor.processExecutionPhase(TestCaseExecutor.java:412)
	at com.kms.katalon.core.main.TestCaseExecutor.accessMainPhase(TestCaseExecutor.java:404)
	at com.kms.katalon.core.main.TestCaseExecutor.execute(TestCaseExecutor.java:281)
	at com.kms.katalon.core.main.TestSuiteExecutor.accessTestCaseMainPhase(TestSuiteExecutor.java:202)
	at com.kms.katalon.core.main.TestSuiteExecutor.accessTestSuiteMainPhase(TestSuiteExecutor.java:164)
	at com.kms.katalon.core.main.TestSuiteExecutor.execute(TestSuiteExecutor.java:105)
	at com.kms.katalon.core.main.TestCaseMain.startTestSuite(TestCaseMain.java:185)
	at com.kms.katalon.core.main.TestCaseMain$startTestSuite$0.call(Unknown Source)
	at TempTestSuite1645473909859.run(TempTestSuite1645473909859.groovy:36)
Caused by: com.kms.katalon.core.exception.StepFailedException: No alert found
	at com.kms.katalon.core.webui.keyword.internal.WebUIKeywordMain.stepFailed(WebUIKeywordMain.groovy:64)
	at com.kms.katalon.core.webui.keyword.builtin.AcceptAlertKeyword$_acceptAlert_closure1.doCall(AcceptAlertKeyword.groovy:78)
	at com.kms.katalon.core.webui.keyword.builtin.AcceptAlertKeyword$_acceptAlert_closure1.call(AcceptAlertKeyword.groovy)
	at com.kms.katalon.core.webui.keyword.internal.WebUIKeywordMain.runKeyword(WebUIKeywordMain.groovy:20)
	... 19 more
)

2022-02-21 15:45:03 - [MESSAGE][FAILED] - No alert found (Root cause: com.kms.katalon.core.exception.StepFailedException: No alert found
	at com.kms.katalon.core.webui.keyword.internal.WebUIKeywordMain.stepFailed(WebUIKeywordMain.groovy:64)
	at com.kms.katalon.core.webui.keyword.builtin.AcceptAlertKeyword$_acceptAlert_closure1.doCall(AcceptAlertKeyword.groovy:78)
	at com.kms.katalon.core.webui.keyword.builtin.AcceptAlertKeyword$_acceptAlert_closure1.call(AcceptAlertKeyword.groovy)
	at com.kms.katalon.core.webui.keyword.internal.WebUIKeywordMain.runKeyword(WebUIKeywordMain.groovy:20)
	at com.kms.katalon.core.webui.keyword.builtin.AcceptAlertKeyword.acceptAlert(AcceptAlertKeyword.groovy:71)
	at com.kms.katalon.core.webui.keyword.builtin.AcceptAlertKeyword.execute(AcceptAlertKeyword.groovy:66)
	at com.kms.katalon.core.keyword.internal.KeywordExecutor.executeKeywordForPlatform(KeywordExecutor.groovy:74)
	at com.kms.katalon.core.webui.keyword.WebUiBuiltInKeywords.acceptAlert(WebUiBuiltInKeywords.groovy:1522)
	at com.kms.katalon.core.webui.keyword.WebUiBuiltInKeywords$acceptAlert$8.call(Unknown Source)
	at 8.1.1-Seguimiento_a_objeto_Succeso_Adicion.run(8.1.1-Seguimiento_a_objeto_Succeso_Adicion:38)
	at com.kms.katalon.core.main.ScriptEngine.run(ScriptEngine.java:194)
	at com.kms.katalon.core.main.ScriptEngine.runScriptAsRawText(ScriptEngine.java:119)
	at com.kms.katalon.core.main.TestCaseExecutor.runScript(TestCaseExecutor.java:442)
	at com.kms.katalon.core.main.TestCaseExecutor.doExecute(TestCaseExecutor.java:433)
	at com.kms.katalon.core.main.TestCaseExecutor.processExecutionPhase(TestCaseExecutor.java:412)
	at com.kms.katalon.core.main.TestCaseExecutor.accessMainPhase(TestCaseExecutor.java:404)
	at com.kms.katalon.core.main.TestCaseExecutor.execute(TestCaseExecutor.java:281)
	at com.kms.katalon.core.main.TestSuiteExecutor.accessTestCaseMainPhase(TestSuiteExecutor.java:202)
	at com.kms.katalon.core.main.TestSuiteExecutor.accessTestSuiteMainPhase(TestSuiteExecutor.java:164)
	at com.kms.katalon.core.main.TestSuiteExecutor.execute(TestSuiteExecutor.java:105)
	at com.kms.katalon.core.main.TestCaseMain.startTestSuite(TestCaseMain.java:185)
	at com.kms.katalon.core.main.TestCaseMain$startTestSuite$0.call(Unknown Source)
	at TempTestSuite1645473909859.run(TempTestSuite1645473909859.groovy:36)
)
[[ATTACHMENT|C:\\Users\\diego.rojas\\git\\Pruebas-Minimas\\Reports\\20220221_150429\\8-Pruebas_Auditoria\\20220221_150509\\1645476303550.png]]

2022-02-21 15:45:03 - [MESSAGE][FAILED] - Unable to accept alert (Root cause: com.kms.katalon.core.exception.StepFailedException: Unable to accept alert
	at com.kms.katalon.core.webui.keyword.internal.WebUIKeywordMain.stepFailed(WebUIKeywordMain.groovy:64)
	at com.kms.katalon.core.webui.keyword.internal.WebUIKeywordMain.runKeyword(WebUIKeywordMain.groovy:26)
	at com.kms.katalon.core.webui.keyword.builtin.AcceptAlertKeyword.acceptAlert(AcceptAlertKeyword.groovy:71)
	at com.kms.katalon.core.webui.keyword.builtin.AcceptAlertKeyword.execute(AcceptAlertKeyword.groovy:66)
	at com.kms.katalon.core.keyword.internal.KeywordExecutor.executeKeywordForPlatform(KeywordExecutor.groovy:74)
	at com.kms.katalon.core.webui.keyword.WebUiBuiltInKeywords.acceptAlert(WebUiBuiltInKeywords.groovy:1522)
	at com.kms.katalon.core.webui.keyword.WebUiBuiltInKeywords$acceptAlert$8.call(Unknown Source)
	at 8.1.1-Seguimiento_a_objeto_Succeso_Adicion.run(8.1.1-Seguimiento_a_objeto_Succeso_Adicion:38)
	at com.kms.katalon.core.main.ScriptEngine.run(ScriptEngine.java:194)
	at com.kms.katalon.core.main.ScriptEngine.runScriptAsRawText(ScriptEngine.java:119)
	at com.kms.katalon.core.main.TestCaseExecutor.runScript(TestCaseExecutor.java:442)
	at com.kms.katalon.core.main.TestCaseExecutor.doExecute(TestCaseExecutor.java:433)
	at com.kms.katalon.core.main.TestCaseExecutor.processExecutionPhase(TestCaseExecutor.java:412)
	at com.kms.katalon.core.main.TestCaseExecutor.accessMainPhase(TestCaseExecutor.java:404)
	at com.kms.katalon.core.main.TestCaseExecutor.execute(TestCaseExecutor.java:281)
	at com.kms.katalon.core.main.TestSuiteExecutor.accessTestCaseMainPhase(TestSuiteExecutor.java:202)
	at com.kms.katalon.core.main.TestSuiteExecutor.accessTestSuiteMainPhase(TestSuiteExecutor.java:164)
	at com.kms.katalon.core.main.TestSuiteExecutor.execute(TestSuiteExecutor.java:105)
	at com.kms.katalon.core.main.TestCaseMain.startTestSuite(TestCaseMain.java:185)
	at com.kms.katalon.core.main.TestCaseMain$startTestSuite$0.call(Unknown Source)
	at TempTestSuite1645473909859.run(TempTestSuite1645473909859.groovy:36)
Caused by: com.kms.katalon.core.exception.StepFailedException: No alert found
	at com.kms.katalon.core.webui.keyword.internal.WebUIKeywordMain.stepFailed(WebUIKeywordMain.groovy:64)
	at com.kms.katalon.core.webui.keyword.builtin.AcceptAlertKeyword$_acceptAlert_closure1.doCall(AcceptAlertKeyword.groovy:78)
	at com.kms.katalon.core.webui.keyword.builtin.AcceptAlertKeyword$_acceptAlert_closure1.call(AcceptAlertKeyword.groovy)
	at com.kms.katalon.core.webui.keyword.internal.WebUIKeywordMain.runKeyword(WebUIKeywordMain.groovy:20)
	... 19 more
)
[[ATTACHMENT|C:\\Users\\diego.rojas\\git\\Pruebas-Minimas\\Reports\\20220221_150429\\8-Pruebas_Auditoria\\20220221_150509\\1645476303685.png]]]]></system-out>
         <system-err><![CDATA[2022-02-21 15:44:43 - [TEST_CASE][FAILED] - Test Cases/8.1-Pruebas_Auditoria/8.1.1-Seguimiento_a_objeto_Succeso_Adicion: Test Cases/8.1-Pruebas_Auditoria/8.1.1-Seguimiento_a_objeto_Succeso_Adicion FAILED.
Reason:
com.kms.katalon.core.exception.StepFailedException: Unable to accept alert
	at com.kms.katalon.core.webui.keyword.internal.WebUIKeywordMain.stepFailed(WebUIKeywordMain.groovy:64)
	at com.kms.katalon.core.webui.keyword.internal.WebUIKeywordMain.runKeyword(WebUIKeywordMain.groovy:26)
	at com.kms.katalon.core.webui.keyword.builtin.AcceptAlertKeyword.acceptAlert(AcceptAlertKeyword.groovy:71)
	at com.kms.katalon.core.webui.keyword.builtin.AcceptAlertKeyword.execute(AcceptAlertKeyword.groovy:66)
	at com.kms.katalon.core.keyword.internal.KeywordExecutor.executeKeywordForPlatform(KeywordExecutor.groovy:74)
	at com.kms.katalon.core.webui.keyword.WebUiBuiltInKeywords.acceptAlert(WebUiBuiltInKeywords.groovy:1522)
	at com.kms.katalon.core.webui.keyword.WebUiBuiltInKeywords$acceptAlert$8.call(Unknown Source)
	at 8.1.1-Seguimiento_a_objeto_Succeso_Adicion.run(8.1.1-Seguimiento_a_objeto_Succeso_Adicion:38)
	at com.kms.katalon.core.main.ScriptEngine.run(ScriptEngine.java:194)
	at com.kms.katalon.core.main.ScriptEngine.runScriptAsRawText(ScriptEngine.java:119)
	at com.kms.katalon.core.main.TestCaseExecutor.runScript(TestCaseExecutor.java:442)
	at com.kms.katalon.core.main.TestCaseExecutor.doExecute(TestCaseExecutor.java:433)
	at com.kms.katalon.core.main.TestCaseExecutor.processExecutionPhase(TestCaseExecutor.java:412)
	at com.kms.katalon.core.main.TestCaseExecutor.accessMainPhase(TestCaseExecutor.java:404)
	at com.kms.katalon.core.main.TestCaseExecutor.execute(TestCaseExecutor.java:281)
	at com.kms.katalon.core.main.TestSuiteExecutor.accessTestCaseMainPhase(TestSuiteExecutor.java:202)
	at com.kms.katalon.core.main.TestSuiteExecutor.accessTestSuiteMainPhase(TestSuiteExecutor.java:164)
	at com.kms.katalon.core.main.TestSuiteExecutor.execute(TestSuiteExecutor.java:105)
	at com.kms.katalon.core.main.TestCaseMain.startTestSuite(TestCaseMain.java:185)
	at com.kms.katalon.core.main.TestCaseMain$startTestSuite$0.call(Unknown Source)
	at TempTestSuite1645473909859.run(TempTestSuite1645473909859.groovy:36)
Caused by: com.kms.katalon.core.exception.StepFailedException: No alert found
	at com.kms.katalon.core.webui.keyword.internal.WebUIKeywordMain.stepFailed(WebUIKeywordMain.groovy:64)
	at com.kms.katalon.core.webui.keyword.builtin.AcceptAlertKeyword$_acceptAlert_closure1.doCall(AcceptAlertKeyword.groovy:78)
	at com.kms.katalon.core.webui.keyword.builtin.AcceptAlertKeyword$_acceptAlert_closure1.call(AcceptAlertKeyword.groovy)
	at com.kms.katalon.core.webui.keyword.internal.WebUIKeywordMain.runKeyword(WebUIKeywordMain.groovy:20)
	... 19 more]]></system-err>
      </testcase>
      <testcase name="Test Cases/8.1-Pruebas_Auditoria/8.1.2-Seguimiento_a_objeto_Succeso_Actualización" time="18.82" classname="Test Cases/8.1-Pruebas_Auditoria/8.1.2-Seguimiento_a_objeto_Succeso_Actualización" status="PASSED">
         <system-out><![CDATA[2022-02-21 15:45:03 - [TEST_CASE][PASSED] - Test Cases/8.1-Pruebas_Auditoria/8.1.2-Seguimiento_a_objeto_Succeso_Actualización: Test Cases/8.1-Pruebas_Auditoria/8.1.2-Seguimiento_a_objeto_Succeso_Actualización

2022-02-21 15:45:04 - [TEST_STEP][PASSED] - callTestCase(findTestCase("Utilidades-(atajos_para _tareas)/Modulos/Modulo Auditoria"), [:], STOP_ON_FAILURE): Call Test Case 'Test Cases/Utilidades-(atajos_para _tareas)/Modulos/Modulo Auditoria' successfully

2022-02-21 15:45:04 - [TEST_CASE][PASSED] - Test Cases/Utilidades-(atajos_para _tareas)/Modulos/Modulo Auditoria: Test Cases/Utilidades-(atajos_para _tareas)/Modulos/Modulo Auditoria

2022-02-21 15:45:04 - [TEST_STEP][PASSED] - callTestCase(findTestCase("0.1-Login"), [:], STOP_ON_FAILURE): Call Test Case 'Test Cases/0.1-Login' successfully

2022-02-21 15:45:04 - [TEST_CASE][PASSED] - Test Cases/0.1-Login: Test Cases/0.1-Login

2022-02-21 15:45:04 - [TEST_STEP][PASSED] - openBrowser(""): Browser is opened with url: ''

2022-02-21 15:45:04 - [MESSAGE][WARNING] - A browser is already opened. Closing browser and opening a new one

2022-02-21 15:45:05 - [MESSAGE][INFO] - Starting 'Chrome' driver

2022-02-21 15:45:05 - [MESSAGE][INFO] - Action delay is set to 0 milliseconds

2022-02-21 15:45:06 - [MESSAGE][PASSED] - Browser is opened with url: ''

2022-02-21 15:45:06 - [TEST_STEP][PASSED] - maximizeWindow(): Current window maximized

2022-02-21 15:45:06 - [MESSAGE][PASSED] - Current window maximized

2022-02-21 15:45:06 - [TEST_STEP][PASSED] - i = G_Login: null

2022-02-21 15:45:06 - [TEST_STEP][PASSED] - url = new java.net.URL(i): null

2022-02-21 15:45:06 - [TEST_STEP][PASSED] - println("URL: " + url.toString()): null

2022-02-21 15:45:06 - [TEST_STEP][PASSED] - connection = url.openConnection(): null

2022-02-21 15:45:06 - [TEST_STEP][PASSED] - connection.setRequestMethod("GET"): null

2022-02-21 15:45:06 - [TEST_STEP][PASSED] - connection.setReadTimeout(2 * 1000): null

2022-02-21 15:45:06 - [TEST_STEP][PASSED] - try: null

2022-02-21 15:45:06 - [TEST_STEP][PASSED] - connection.connect(): null

2022-02-21 15:45:06 - [TEST_STEP][PASSED] - flag = connected: null

2022-02-21 15:45:06 - [TEST_STEP][PASSED] - println("Valor_ori: " + flag): null

2022-02-21 15:45:06 - [TEST_STEP][PASSED] - if (flag): null

2022-02-21 15:45:06 - [TEST_STEP][PASSED] - navigateToUrl(i): Navigate to 'http://192.168.2.80:8380/saraweb' successfully

2022-02-21 15:45:07 - [MESSAGE][PASSED] - Navigate to 'http://192.168.2.80:8380/saraweb' successfully

2022-02-21 15:45:07 - [TEST_STEP][PASSED] - a(): null

2022-02-21 15:45:07 - [TEST_STEP][PASSED] - setText(findTestObject("Login/input_USUARIO_loginusuario"), G_Usuario): Text 'saraadmin' is set on object 'Object Repository/Login/input_USUARIO_loginusuario'

2022-02-21 15:45:08 - [MESSAGE][PASSED] - Text 'saraadmin' is set on object 'Object Repository/Login/input_USUARIO_loginusuario'

2022-02-21 15:45:08 - [TEST_STEP][PASSED] - setEncryptedText(findTestObject("Login/input_CLAVE_loginpassword"), "MkG4/TYiCFC3cb2driP7+Q=="): Text ****** has been set on object 'Object Repository/Login/input_CLAVE_loginpassword'

2022-02-21 15:45:08 - [MESSAGE][PASSED] - Text ****** has been set on object 'Object Repository/Login/input_CLAVE_loginpassword'

2022-02-21 15:45:08 - [TEST_STEP][PASSED] - waitForElementClickable(findTestObject("Login/a_Ingresar"), G_TimeOut): Object 'Object Repository/Login/a_Ingresar' is clickable

2022-02-21 15:45:09 - [MESSAGE][PASSED] - Object 'Object Repository/Login/a_Ingresar' is clickable

2022-02-21 15:45:09 - [TEST_STEP][PASSED] - click(findTestObject("Login/a_Ingresar")): Object: 'Object Repository/Login/a_Ingresar' is clicked on

2022-02-21 15:45:11 - [MESSAGE][PASSED] - Object: 'Object Repository/Login/a_Ingresar' is clicked on

2022-02-21 15:45:11 - [TEST_STEP][PASSED] - element = findWebElement(findTestObject("Login/a_Ir"), 30): null

2022-02-21 15:45:11 - [TEST_STEP][PASSED] - executeJavaScript("arguments[0].click()", Arrays.asList(element)): Execute JavaScript 'arguments[0].click()' successfully

2022-02-21 15:45:11 - [MESSAGE][PASSED] - Execute JavaScript 'arguments[0].click()' successfully

2022-02-21 15:45:11 - [MESSAGE][PASSED] - Call Test Case 'Test Cases/0.1-Login' successfully

2022-02-21 15:45:11 - [TEST_STEP][PASSED] - setText(findTestObject("Modulo Auditoria/input_Empresa 1_form_templatej_idt24_input"), "Auditoria"): Text 'Auditoria' is set on object 'Object Repository/Modulo Auditoria/input_Empresa 1_form_templatej_idt24_input'

2022-02-21 15:45:12 - [MESSAGE][PASSED] - Text 'Auditoria' is set on object 'Object Repository/Modulo Auditoria/input_Empresa 1_form_templatej_idt24_input'

2022-02-21 15:45:12 - [TEST_STEP][PASSED] - click(findTestObject("Modulo Auditoria/li_Auditoria (com)")): Object: 'Object Repository/Modulo Auditoria/li_Auditoria (com)' is clicked on

2022-02-21 15:45:14 - [MESSAGE][PASSED] - Object: 'Object Repository/Modulo Auditoria/li_Auditoria (com)' is clicked on

2022-02-21 15:45:14 - [MESSAGE][PASSED] - Call Test Case 'Test Cases/Utilidades-(atajos_para _tareas)/Modulos/Modulo Auditoria' successfully

2022-02-21 15:45:14 - [TEST_STEP][PASSED] - click(findTestObject("Modulo Pruebas Auditoria/Seguimiento_a_objeto_Succeso_Actualización/a_Suceso Actualizacin")): Object: 'Object Repository/Modulo Pruebas Auditoria/Seguimiento_a_objeto_Succeso_Actualización/a_Suceso Actualizacin' is clicked on

2022-02-21 15:45:15 - [MESSAGE][PASSED] - Object: 'Object Repository/Modulo Pruebas Auditoria/Seguimiento_a_objeto_Succeso_Actualización/a_Suceso Actualizacin' is clicked on

2022-02-21 15:45:15 - [TEST_STEP][PASSED] - setText(findTestObject("Modulo Pruebas Auditoria/Seguimiento_a_objeto_Succeso_Actualización/input_Fecha Inicial_form_visorj_idt253fechaInicial_input"), "10/12/2018 10:34:00"): Text '10/12/2018 10:34:00' is set on object 'Object Repository/Modulo Pruebas Auditoria/Seguimiento_a_objeto_Succeso_Actualización/input_Fecha Inicial_form_visorj_idt253fechaInicial_input'

2022-02-21 15:45:16 - [MESSAGE][PASSED] - Text '10/12/2018 10:34:00' is set on object 'Object Repository/Modulo Pruebas Auditoria/Seguimiento_a_objeto_Succeso_Actualización/input_Fecha Inicial_form_visorj_idt253fechaInicial_input'

2022-02-21 15:45:16 - [TEST_STEP][PASSED] - setText(findTestObject("Modulo Pruebas Auditoria/Seguimiento_a_objeto_Succeso_Actualización/input_Fecha Final_form_visorj_idt253fechaFinal_input"), "10/12/2018 10:35:00"): Text '10/12/2018 10:35:00' is set on object 'Object Repository/Modulo Pruebas Auditoria/Seguimiento_a_objeto_Succeso_Actualización/input_Fecha Final_form_visorj_idt253fechaFinal_input'

2022-02-21 15:45:18 - [MESSAGE][PASSED] - Text '10/12/2018 10:35:00' is set on object 'Object Repository/Modulo Pruebas Auditoria/Seguimiento_a_objeto_Succeso_Actualización/input_Fecha Final_form_visorj_idt253fechaFinal_input'

2022-02-21 15:45:18 - [TEST_STEP][PASSED] - sendKeys(findTestObject("Modulo Pruebas Auditoria/Seguimiento_a_objeto_Succeso_Actualización/input_Fecha Final_form_visorj_idt253fechaFinal_input"), Keys.chord(ENTER)): Keys 'ENTER + ' sent to object: 'Object Repository/Modulo Pruebas Auditoria/Seguimiento_a_objeto_Succeso_Actualización/input_Fecha Final_form_visorj_idt253fechaFinal_input'

2022-02-21 15:45:18 - [MESSAGE][PASSED] - Keys 'ENTER + ' sent to object: 'Object Repository/Modulo Pruebas Auditoria/Seguimiento_a_objeto_Succeso_Actualización/input_Fecha Final_form_visorj_idt253fechaFinal_input'

2022-02-21 15:45:18 - [TEST_STEP][PASSED] - delay(3): Delayed 3 second(s)

2022-02-21 15:45:21 - [MESSAGE][PASSED] - Delayed 3 second(s)

2022-02-21 15:45:21 - [TEST_STEP][PASSED] - closeBrowser(): Browser is closed

2022-02-21 15:45:22 - [MESSAGE][PASSED] - Browser is closed]]></system-out>
         <system-err><![CDATA[]]></system-err>
      </testcase>
      <testcase name="Test Cases/8.1-Pruebas_Auditoria/8.1.3-Seguimiento_a_objeto_Succeso_Borrado" time="15.404" classname="Test Cases/8.1-Pruebas_Auditoria/8.1.3-Seguimiento_a_objeto_Succeso_Borrado" status="PASSED">
         <system-out><![CDATA[2022-02-21 15:45:22 - [TEST_CASE][PASSED] - Test Cases/8.1-Pruebas_Auditoria/8.1.3-Seguimiento_a_objeto_Succeso_Borrado: Test Cases/8.1-Pruebas_Auditoria/8.1.3-Seguimiento_a_objeto_Succeso_Borrado

2022-02-21 15:45:23 - [TEST_STEP][PASSED] - callTestCase(findTestCase("Utilidades-(atajos_para _tareas)/Modulos/Modulo Auditoria"), [:], STOP_ON_FAILURE): Call Test Case 'Test Cases/Utilidades-(atajos_para _tareas)/Modulos/Modulo Auditoria' successfully

2022-02-21 15:45:23 - [TEST_CASE][PASSED] - Test Cases/Utilidades-(atajos_para _tareas)/Modulos/Modulo Auditoria: Test Cases/Utilidades-(atajos_para _tareas)/Modulos/Modulo Auditoria

2022-02-21 15:45:23 - [TEST_STEP][PASSED] - callTestCase(findTestCase("0.1-Login"), [:], STOP_ON_FAILURE): Call Test Case 'Test Cases/0.1-Login' successfully

2022-02-21 15:45:23 - [TEST_CASE][PASSED] - Test Cases/0.1-Login: Test Cases/0.1-Login

2022-02-21 15:45:23 - [TEST_STEP][PASSED] - openBrowser(""): Browser is opened with url: ''

2022-02-21 15:45:23 - [MESSAGE][INFO] - Starting 'Chrome' driver

2022-02-21 15:45:23 - [MESSAGE][INFO] - Action delay is set to 0 milliseconds

2022-02-21 15:45:24 - [MESSAGE][PASSED] - Browser is opened with url: ''

2022-02-21 15:45:24 - [TEST_STEP][PASSED] - maximizeWindow(): Current window maximized

2022-02-21 15:45:24 - [MESSAGE][PASSED] - Current window maximized

2022-02-21 15:45:24 - [TEST_STEP][PASSED] - i = G_Login: null

2022-02-21 15:45:24 - [TEST_STEP][PASSED] - url = new java.net.URL(i): null

2022-02-21 15:45:24 - [TEST_STEP][PASSED] - println("URL: " + url.toString()): null

2022-02-21 15:45:24 - [TEST_STEP][PASSED] - connection = url.openConnection(): null

2022-02-21 15:45:24 - [TEST_STEP][PASSED] - connection.setRequestMethod("GET"): null

2022-02-21 15:45:24 - [TEST_STEP][PASSED] - connection.setReadTimeout(2 * 1000): null

2022-02-21 15:45:24 - [TEST_STEP][PASSED] - try: null

2022-02-21 15:45:24 - [TEST_STEP][PASSED] - connection.connect(): null

2022-02-21 15:45:24 - [TEST_STEP][PASSED] - flag = connected: null

2022-02-21 15:45:24 - [TEST_STEP][PASSED] - println("Valor_ori: " + flag): null

2022-02-21 15:45:24 - [TEST_STEP][PASSED] - if (flag): null

2022-02-21 15:45:24 - [TEST_STEP][PASSED] - navigateToUrl(i): Navigate to 'http://192.168.2.80:8380/saraweb' successfully

2022-02-21 15:45:24 - [MESSAGE][PASSED] - Navigate to 'http://192.168.2.80:8380/saraweb' successfully

2022-02-21 15:45:24 - [TEST_STEP][PASSED] - a(): null

2022-02-21 15:45:24 - [TEST_STEP][PASSED] - setText(findTestObject("Login/input_USUARIO_loginusuario"), G_Usuario): Text 'saraadmin' is set on object 'Object Repository/Login/input_USUARIO_loginusuario'

2022-02-21 15:45:25 - [MESSAGE][PASSED] - Text 'saraadmin' is set on object 'Object Repository/Login/input_USUARIO_loginusuario'

2022-02-21 15:45:25 - [TEST_STEP][PASSED] - setEncryptedText(findTestObject("Login/input_CLAVE_loginpassword"), "MkG4/TYiCFC3cb2driP7+Q=="): Text ****** has been set on object 'Object Repository/Login/input_CLAVE_loginpassword'

2022-02-21 15:45:26 - [MESSAGE][PASSED] - Text ****** has been set on object 'Object Repository/Login/input_CLAVE_loginpassword'

2022-02-21 15:45:26 - [TEST_STEP][PASSED] - waitForElementClickable(findTestObject("Login/a_Ingresar"), G_TimeOut): Object 'Object Repository/Login/a_Ingresar' is clickable

2022-02-21 15:45:26 - [MESSAGE][PASSED] - Object 'Object Repository/Login/a_Ingresar' is clickable

2022-02-21 15:45:26 - [TEST_STEP][PASSED] - click(findTestObject("Login/a_Ingresar")): Object: 'Object Repository/Login/a_Ingresar' is clicked on

2022-02-21 15:45:29 - [MESSAGE][PASSED] - Object: 'Object Repository/Login/a_Ingresar' is clicked on

2022-02-21 15:45:29 - [TEST_STEP][PASSED] - element = findWebElement(findTestObject("Login/a_Ir"), 30): null

2022-02-21 15:45:30 - [TEST_STEP][PASSED] - executeJavaScript("arguments[0].click()", Arrays.asList(element)): Execute JavaScript 'arguments[0].click()' successfully

2022-02-21 15:45:30 - [MESSAGE][PASSED] - Execute JavaScript 'arguments[0].click()' successfully

2022-02-21 15:45:30 - [MESSAGE][PASSED] - Call Test Case 'Test Cases/0.1-Login' successfully

2022-02-21 15:45:30 - [TEST_STEP][PASSED] - setText(findTestObject("Modulo Auditoria/input_Empresa 1_form_templatej_idt24_input"), "Auditoria"): Text 'Auditoria' is set on object 'Object Repository/Modulo Auditoria/input_Empresa 1_form_templatej_idt24_input'

2022-02-21 15:45:31 - [MESSAGE][PASSED] - Text 'Auditoria' is set on object 'Object Repository/Modulo Auditoria/input_Empresa 1_form_templatej_idt24_input'

2022-02-21 15:45:31 - [TEST_STEP][PASSED] - click(findTestObject("Modulo Auditoria/li_Auditoria (com)")): Object: 'Object Repository/Modulo Auditoria/li_Auditoria (com)' is clicked on

2022-02-21 15:45:32 - [MESSAGE][PASSED] - Object: 'Object Repository/Modulo Auditoria/li_Auditoria (com)' is clicked on

2022-02-21 15:45:32 - [MESSAGE][PASSED] - Call Test Case 'Test Cases/Utilidades-(atajos_para _tareas)/Modulos/Modulo Auditoria' successfully

2022-02-21 15:45:32 - [TEST_STEP][PASSED] - click(findTestObject("Modulo Pruebas Auditoria/Seguimiento_a_objeto_Succeso_Borrado/a_Suceso Borrado")): Object: 'Object Repository/Modulo Pruebas Auditoria/Seguimiento_a_objeto_Succeso_Borrado/a_Suceso Borrado' is clicked on

2022-02-21 15:45:33 - [MESSAGE][PASSED] - Object: 'Object Repository/Modulo Pruebas Auditoria/Seguimiento_a_objeto_Succeso_Borrado/a_Suceso Borrado' is clicked on

2022-02-21 15:45:33 - [TEST_STEP][PASSED] - setText(findTestObject("Modulo Pruebas Auditoria/Seguimiento_a_objeto_Succeso_Borrado/input_Filtro_form_visorj_idt253j_idt257"), "saraadmin"): Text 'saraadmin' is set on object 'Object Repository/Modulo Pruebas Auditoria/Seguimiento_a_objeto_Succeso_Borrado/input_Filtro_form_visorj_idt253j_idt257'

2022-02-21 15:45:34 - [MESSAGE][PASSED] - Text 'saraadmin' is set on object 'Object Repository/Modulo Pruebas Auditoria/Seguimiento_a_objeto_Succeso_Borrado/input_Filtro_form_visorj_idt253j_idt257'

2022-02-21 15:45:34 - [TEST_STEP][PASSED] - sendKeys(findTestObject("Modulo Pruebas Auditoria/Seguimiento_a_objeto_Succeso_Borrado/input_Filtro_form_visorj_idt253j_idt257"), Keys.chord(ENTER)): Keys 'ENTER + ' sent to object: 'Object Repository/Modulo Pruebas Auditoria/Seguimiento_a_objeto_Succeso_Borrado/input_Filtro_form_visorj_idt253j_idt257'

2022-02-21 15:45:35 - [MESSAGE][PASSED] - Keys 'ENTER + ' sent to object: 'Object Repository/Modulo Pruebas Auditoria/Seguimiento_a_objeto_Succeso_Borrado/input_Filtro_form_visorj_idt253j_idt257'

2022-02-21 15:45:35 - [TEST_STEP][PASSED] - scrollToElement(findTestObject("Modulo Pruebas Auditoria/Seguimiento_a_objeto_Succeso_Borrado/td_06122021 075237"), 0): Scroll to object 'Object Repository/Modulo Pruebas Auditoria/Seguimiento_a_objeto_Succeso_Borrado/td_06122021 075237' successfully

2022-02-21 15:45:35 - [MESSAGE][WARNING] - Timeout '0' is invalid. Using default page load timeout: '30'

2022-02-21 15:45:35 - [MESSAGE][PASSED] - Scroll to object 'Object Repository/Modulo Pruebas Auditoria/Seguimiento_a_objeto_Succeso_Borrado/td_06122021 075237' successfully

2022-02-21 15:45:35 - [TEST_STEP][PASSED] - setText(findTestObject("Modulo Pruebas Auditoria/Seguimiento_a_objeto_Succeso_Borrado/input_Filtro_form_visorj_idt253j_idt257"), "weblogic"): Text 'weblogic' is set on object 'Object Repository/Modulo Pruebas Auditoria/Seguimiento_a_objeto_Succeso_Borrado/input_Filtro_form_visorj_idt253j_idt257'

2022-02-21 15:45:37 - [MESSAGE][PASSED] - Text 'weblogic' is set on object 'Object Repository/Modulo Pruebas Auditoria/Seguimiento_a_objeto_Succeso_Borrado/input_Filtro_form_visorj_idt253j_idt257'

2022-02-21 15:45:37 - [TEST_STEP][PASSED] - sendKeys(findTestObject("Modulo Pruebas Auditoria/Seguimiento_a_objeto_Succeso_Borrado/input_Filtro_form_visorj_idt253j_idt257"), Keys.chord(ENTER)): Keys 'ENTER + ' sent to object: 'Object Repository/Modulo Pruebas Auditoria/Seguimiento_a_objeto_Succeso_Borrado/input_Filtro_form_visorj_idt253j_idt257'

2022-02-21 15:45:37 - [MESSAGE][PASSED] - Keys 'ENTER + ' sent to object: 'Object Repository/Modulo Pruebas Auditoria/Seguimiento_a_objeto_Succeso_Borrado/input_Filtro_form_visorj_idt253j_idt257'

2022-02-21 15:45:37 - [TEST_STEP][PASSED] - scrollToElement(findTestObject("Modulo Pruebas Auditoria/Seguimiento_a_objeto_Succeso_Borrado/td_14012022 093405"), 0): Scroll to object 'Object Repository/Modulo Pruebas Auditoria/Seguimiento_a_objeto_Succeso_Borrado/td_14012022 093405' successfully

2022-02-21 15:45:37 - [MESSAGE][WARNING] - Timeout '0' is invalid. Using default page load timeout: '30'

2022-02-21 15:45:38 - [MESSAGE][PASSED] - Scroll to object 'Object Repository/Modulo Pruebas Auditoria/Seguimiento_a_objeto_Succeso_Borrado/td_14012022 093405' successfully]]></system-out>
         <system-err><![CDATA[]]></system-err>
      </testcase>
      <testcase name="Test Cases/8.1-Pruebas_Auditoria/8.1.4-Seguimiento_a_objeto_Succeso_Acceso" time="61.748" classname="Test Cases/8.1-Pruebas_Auditoria/8.1.4-Seguimiento_a_objeto_Succeso_Acceso" status="PASSED">
         <system-out><![CDATA[2022-02-21 15:45:38 - [TEST_CASE][PASSED] - Test Cases/8.1-Pruebas_Auditoria/8.1.4-Seguimiento_a_objeto_Succeso_Acceso: Test Cases/8.1-Pruebas_Auditoria/8.1.4-Seguimiento_a_objeto_Succeso_Acceso

2022-02-21 15:45:38 - [TEST_STEP][PASSED] - callTestCase(findTestCase("Utilidades-(atajos_para _tareas)/Modulos/Modulo Auditoria"), [:], STOP_ON_FAILURE): Call Test Case 'Test Cases/Utilidades-(atajos_para _tareas)/Modulos/Modulo Auditoria' successfully

2022-02-21 15:45:38 - [TEST_CASE][PASSED] - Test Cases/Utilidades-(atajos_para _tareas)/Modulos/Modulo Auditoria: Test Cases/Utilidades-(atajos_para _tareas)/Modulos/Modulo Auditoria

2022-02-21 15:45:38 - [TEST_STEP][PASSED] - callTestCase(findTestCase("0.1-Login"), [:], STOP_ON_FAILURE): Call Test Case 'Test Cases/0.1-Login' successfully

2022-02-21 15:45:38 - [TEST_CASE][PASSED] - Test Cases/0.1-Login: Test Cases/0.1-Login

2022-02-21 15:45:38 - [TEST_STEP][PASSED] - openBrowser(""): Browser is opened with url: ''

2022-02-21 15:45:38 - [MESSAGE][WARNING] - A browser is already opened. Closing browser and opening a new one

2022-02-21 15:45:39 - [MESSAGE][INFO] - Starting 'Chrome' driver

2022-02-21 15:45:39 - [MESSAGE][INFO] - Action delay is set to 0 milliseconds

2022-02-21 15:45:40 - [MESSAGE][PASSED] - Browser is opened with url: ''

2022-02-21 15:45:40 - [TEST_STEP][PASSED] - maximizeWindow(): Current window maximized

2022-02-21 15:45:40 - [MESSAGE][PASSED] - Current window maximized

2022-02-21 15:45:40 - [TEST_STEP][PASSED] - i = G_Login: null

2022-02-21 15:45:40 - [TEST_STEP][PASSED] - url = new java.net.URL(i): null

2022-02-21 15:45:40 - [TEST_STEP][PASSED] - println("URL: " + url.toString()): null

2022-02-21 15:45:40 - [TEST_STEP][PASSED] - connection = url.openConnection(): null

2022-02-21 15:45:40 - [TEST_STEP][PASSED] - connection.setRequestMethod("GET"): null

2022-02-21 15:45:40 - [TEST_STEP][PASSED] - connection.setReadTimeout(2 * 1000): null

2022-02-21 15:45:40 - [TEST_STEP][PASSED] - try: null

2022-02-21 15:45:40 - [TEST_STEP][PASSED] - connection.connect(): null

2022-02-21 15:45:40 - [TEST_STEP][PASSED] - flag = connected: null

2022-02-21 15:45:40 - [TEST_STEP][PASSED] - println("Valor_ori: " + flag): null

2022-02-21 15:45:40 - [TEST_STEP][PASSED] - if (flag): null

2022-02-21 15:45:40 - [TEST_STEP][PASSED] - navigateToUrl(i): Navigate to 'http://192.168.2.80:8380/saraweb' successfully

2022-02-21 15:45:41 - [MESSAGE][PASSED] - Navigate to 'http://192.168.2.80:8380/saraweb' successfully

2022-02-21 15:45:41 - [TEST_STEP][PASSED] - a(): null

2022-02-21 15:45:41 - [TEST_STEP][PASSED] - setText(findTestObject("Login/input_USUARIO_loginusuario"), G_Usuario): Text 'saraadmin' is set on object 'Object Repository/Login/input_USUARIO_loginusuario'

2022-02-21 15:45:42 - [MESSAGE][PASSED] - Text 'saraadmin' is set on object 'Object Repository/Login/input_USUARIO_loginusuario'

2022-02-21 15:45:42 - [TEST_STEP][PASSED] - setEncryptedText(findTestObject("Login/input_CLAVE_loginpassword"), "MkG4/TYiCFC3cb2driP7+Q=="): Text ****** has been set on object 'Object Repository/Login/input_CLAVE_loginpassword'

2022-02-21 15:45:42 - [MESSAGE][PASSED] - Text ****** has been set on object 'Object Repository/Login/input_CLAVE_loginpassword'

2022-02-21 15:45:42 - [TEST_STEP][PASSED] - waitForElementClickable(findTestObject("Login/a_Ingresar"), G_TimeOut): Object 'Object Repository/Login/a_Ingresar' is clickable

2022-02-21 15:45:42 - [MESSAGE][PASSED] - Object 'Object Repository/Login/a_Ingresar' is clickable

2022-02-21 15:45:42 - [TEST_STEP][PASSED] - click(findTestObject("Login/a_Ingresar")): Object: 'Object Repository/Login/a_Ingresar' is clicked on

2022-02-21 15:45:43 - [MESSAGE][PASSED] - Object: 'Object Repository/Login/a_Ingresar' is clicked on

2022-02-21 15:45:43 - [TEST_STEP][PASSED] - element = findWebElement(findTestObject("Login/a_Ir"), 30): null

2022-02-21 15:45:44 - [TEST_STEP][PASSED] - executeJavaScript("arguments[0].click()", Arrays.asList(element)): Execute JavaScript 'arguments[0].click()' successfully

2022-02-21 15:45:44 - [MESSAGE][PASSED] - Execute JavaScript 'arguments[0].click()' successfully

2022-02-21 15:45:44 - [MESSAGE][PASSED] - Call Test Case 'Test Cases/0.1-Login' successfully

2022-02-21 15:45:44 - [TEST_STEP][PASSED] - setText(findTestObject("Modulo Auditoria/input_Empresa 1_form_templatej_idt24_input"), "Auditoria"): Text 'Auditoria' is set on object 'Object Repository/Modulo Auditoria/input_Empresa 1_form_templatej_idt24_input'

2022-02-21 15:45:45 - [MESSAGE][PASSED] - Text 'Auditoria' is set on object 'Object Repository/Modulo Auditoria/input_Empresa 1_form_templatej_idt24_input'

2022-02-21 15:45:45 - [TEST_STEP][PASSED] - click(findTestObject("Modulo Auditoria/li_Auditoria (com)")): Object: 'Object Repository/Modulo Auditoria/li_Auditoria (com)' is clicked on

2022-02-21 15:45:46 - [MESSAGE][PASSED] - Object: 'Object Repository/Modulo Auditoria/li_Auditoria (com)' is clicked on

2022-02-21 15:45:46 - [MESSAGE][PASSED] - Call Test Case 'Test Cases/Utilidades-(atajos_para _tareas)/Modulos/Modulo Auditoria' successfully

2022-02-21 15:45:46 - [TEST_STEP][PASSED] - click(findTestObject("Modulo Pruebas Auditoria/Seguimiento_a_objeto_Succeso_Acceso/a_Suceso Acceso")): Object: 'Object Repository/Modulo Pruebas Auditoria/Seguimiento_a_objeto_Succeso_Acceso/a_Suceso Acceso' is clicked on

2022-02-21 15:45:48 - [MESSAGE][PASSED] - Object: 'Object Repository/Modulo Pruebas Auditoria/Seguimiento_a_objeto_Succeso_Acceso/a_Suceso Acceso' is clicked on

2022-02-21 15:45:48 - [TEST_STEP][PASSED] - setText(findTestObject("Modulo Pruebas Auditoria/Seguimiento_a_objeto_Succeso_Acceso/input_Vista Suceso Acceso Sistema_form_visorj_idt253j_idt306"), "saraadmin"): Text 'saraadmin' is set on object 'Object Repository/Modulo Pruebas Auditoria/Seguimiento_a_objeto_Succeso_Acceso/input_Vista Suceso Acceso Sistema_form_visorj_idt253j_idt306'

2022-02-21 15:45:49 - [MESSAGE][PASSED] - Text 'saraadmin' is set on object 'Object Repository/Modulo Pruebas Auditoria/Seguimiento_a_objeto_Succeso_Acceso/input_Vista Suceso Acceso Sistema_form_visorj_idt253j_idt306'

2022-02-21 15:45:49 - [TEST_STEP][PASSED] - waitForElementVisible(findTestObject("Modulo Pruebas Auditoria/Seguimiento_a_objeto_Succeso_Acceso/td_18012022 092902"), 0): Web element with id: 'Object Repository/Modulo Pruebas Auditoria/Seguimiento_a_objeto_Succeso_Acceso/td_18012022 092902' located by '//*/text()[normalize-space(.)='18/01/2022 09:29:02']/parent::*' not found

2022-02-21 15:45:50 - [MESSAGE][WARNING] - Timeout '0' is invalid. Using default page load timeout: '30'

2022-02-21 15:46:21 - [MESSAGE][INFO] - Unable to find the element located by 'By.xpath: //*/text()[normalize-space(.)='18/01/2022 09:29:02']/parent::*'. Please recheck the objects properties to make sure the desired element is located. 

2022-02-21 15:46:21 - [MESSAGE][WARNING] - Web element with id: 'Object Repository/Modulo Pruebas Auditoria/Seguimiento_a_objeto_Succeso_Acceso/td_18012022 092902' located by '//*/text()[normalize-space(.)='18/01/2022 09:29:02']/parent::*' not found

2022-02-21 15:46:21 - [TEST_STEP][PASSED] - click(findTestObject("Modulo Pruebas Auditoria/Seguimiento_a_objeto_Succeso_Acceso/div_Fecha_ui-chkbox-box ui-widget ui-corner-all ui-state-default ui-state-hover")): Object: 'Object Repository/Modulo Pruebas Auditoria/Seguimiento_a_objeto_Succeso_Acceso/div_Fecha_ui-chkbox-box ui-widget ui-corner-all ui-state-default ui-state-hover' is clicked on

2022-02-21 15:46:21 - [MESSAGE][PASSED] - Object: 'Object Repository/Modulo Pruebas Auditoria/Seguimiento_a_objeto_Succeso_Acceso/div_Fecha_ui-chkbox-box ui-widget ui-corner-all ui-state-default ui-state-hover' is clicked on

2022-02-21 15:46:21 - [TEST_STEP][PASSED] - click(findTestObject("Modulo Pruebas Auditoria/Seguimiento_a_objeto_Succeso_Acceso/img_csv")): Object: 'Object Repository/Modulo Pruebas Auditoria/Seguimiento_a_objeto_Succeso_Acceso/img_csv' is clicked on

2022-02-21 15:46:23 - [MESSAGE][PASSED] - Object: 'Object Repository/Modulo Pruebas Auditoria/Seguimiento_a_objeto_Succeso_Acceso/img_csv' is clicked on

2022-02-21 15:46:23 - [TEST_STEP][PASSED] - click(findTestObject("Modulo Pruebas Auditoria/Seguimiento_a_objeto_Succeso_Acceso/img_PDF")): Object: 'Object Repository/Modulo Pruebas Auditoria/Seguimiento_a_objeto_Succeso_Acceso/img_PDF' is clicked on

2022-02-21 15:46:26 - [MESSAGE][PASSED] - Object: 'Object Repository/Modulo Pruebas Auditoria/Seguimiento_a_objeto_Succeso_Acceso/img_PDF' is clicked on

2022-02-21 15:46:26 - [TEST_STEP][PASSED] - click(findTestObject("Modulo Pruebas Auditoria/Seguimiento_a_objeto_Succeso_Acceso/img_xls")): Object: 'Object Repository/Modulo Pruebas Auditoria/Seguimiento_a_objeto_Succeso_Acceso/img_xls' is clicked on

2022-02-21 15:46:32 - [MESSAGE][PASSED] - Object: 'Object Repository/Modulo Pruebas Auditoria/Seguimiento_a_objeto_Succeso_Acceso/img_xls' is clicked on

2022-02-21 15:46:32 - [TEST_STEP][PASSED] - setText(findTestObject("Modulo Pruebas Auditoria/Seguimiento_a_objeto_Succeso_Acceso/input_Vista Suceso Acceso Sistema_form_visorj_idt253j_idt306"), "weblogic"): Text 'weblogic' is set on object 'Object Repository/Modulo Pruebas Auditoria/Seguimiento_a_objeto_Succeso_Acceso/input_Vista Suceso Acceso Sistema_form_visorj_idt253j_idt306'

2022-02-21 15:46:34 - [MESSAGE][PASSED] - Text 'weblogic' is set on object 'Object Repository/Modulo Pruebas Auditoria/Seguimiento_a_objeto_Succeso_Acceso/input_Vista Suceso Acceso Sistema_form_visorj_idt253j_idt306'

2022-02-21 15:46:34 - [TEST_STEP][PASSED] - sendKeys(findTestObject("Modulo Pruebas Auditoria/Seguimiento_a_objeto_Succeso_Acceso/input_Vista Suceso Acceso Sistema_form_visorj_idt253j_idt306"), Keys.chord(ENTER)): Keys 'ENTER + ' sent to object: 'Object Repository/Modulo Pruebas Auditoria/Seguimiento_a_objeto_Succeso_Acceso/input_Vista Suceso Acceso Sistema_form_visorj_idt253j_idt306'

2022-02-21 15:46:34 - [MESSAGE][PASSED] - Keys 'ENTER + ' sent to object: 'Object Repository/Modulo Pruebas Auditoria/Seguimiento_a_objeto_Succeso_Acceso/input_Vista Suceso Acceso Sistema_form_visorj_idt253j_idt306'

2022-02-21 15:46:34 - [TEST_STEP][PASSED] - waitForElementVisible(findTestObject("Modulo Pruebas Auditoria/Seguimiento_a_objeto_Succeso_Acceso/td_17012022 031118"), 0): Object 'Object Repository/Modulo Pruebas Auditoria/Seguimiento_a_objeto_Succeso_Acceso/td_17012022 031118' is visible

2022-02-21 15:46:34 - [MESSAGE][WARNING] - Timeout '0' is invalid. Using default page load timeout: '30'

2022-02-21 15:46:35 - [MESSAGE][PASSED] - Object 'Object Repository/Modulo Pruebas Auditoria/Seguimiento_a_objeto_Succeso_Acceso/td_17012022 031118' is visible

2022-02-21 15:46:35 - [TEST_STEP][PASSED] - click(findTestObject("Modulo Pruebas Auditoria/Seguimiento_a_objeto_Succeso_Acceso/input_Vista Suceso Acceso Sistema_form_visorj_idt253j_idt306")): Object: 'Object Repository/Modulo Pruebas Auditoria/Seguimiento_a_objeto_Succeso_Acceso/input_Vista Suceso Acceso Sistema_form_visorj_idt253j_idt306' is clicked on

2022-02-21 15:46:35 - [MESSAGE][PASSED] - Object: 'Object Repository/Modulo Pruebas Auditoria/Seguimiento_a_objeto_Succeso_Acceso/input_Vista Suceso Acceso Sistema_form_visorj_idt253j_idt306' is clicked on

2022-02-21 15:46:35 - [TEST_STEP][PASSED] - click(findTestObject("Modulo Pruebas Auditoria/Seguimiento_a_objeto_Succeso_Acceso/img_csv")): Object: 'Object Repository/Modulo Pruebas Auditoria/Seguimiento_a_objeto_Succeso_Acceso/img_csv' is clicked on

2022-02-21 15:46:36 - [MESSAGE][PASSED] - Object: 'Object Repository/Modulo Pruebas Auditoria/Seguimiento_a_objeto_Succeso_Acceso/img_csv' is clicked on

2022-02-21 15:46:36 - [TEST_STEP][PASSED] - click(findTestObject("Modulo Pruebas Auditoria/Seguimiento_a_objeto_Succeso_Acceso/img_PDF")): Object: 'Object Repository/Modulo Pruebas Auditoria/Seguimiento_a_objeto_Succeso_Acceso/img_PDF' is clicked on

2022-02-21 15:46:37 - [MESSAGE][PASSED] - Object: 'Object Repository/Modulo Pruebas Auditoria/Seguimiento_a_objeto_Succeso_Acceso/img_PDF' is clicked on

2022-02-21 15:46:37 - [TEST_STEP][PASSED] - click(findTestObject("Modulo Pruebas Auditoria/Seguimiento_a_objeto_Succeso_Acceso/img_xls")): Object: 'Object Repository/Modulo Pruebas Auditoria/Seguimiento_a_objeto_Succeso_Acceso/img_xls' is clicked on

2022-02-21 15:46:38 - [MESSAGE][PASSED] - Object: 'Object Repository/Modulo Pruebas Auditoria/Seguimiento_a_objeto_Succeso_Acceso/img_xls' is clicked on

2022-02-21 15:46:38 - [TEST_STEP][PASSED] - delay(1): Delayed 1 second(s)

2022-02-21 15:46:39 - [MESSAGE][PASSED] - Delayed 1 second(s)

2022-02-21 15:46:39 - [TEST_STEP][PASSED] - closeBrowser(): Browser is closed

2022-02-21 15:46:39 - [MESSAGE][PASSED] - Browser is closed]]></system-out>
         <system-err><![CDATA[]]></system-err>
      </testcase>
      <testcase name="Test Cases/8.1-Pruebas_Auditoria/8.1.5-Seguimiento_a_objeto_Succeso_Petición" time="22.386" classname="Test Cases/8.1-Pruebas_Auditoria/8.1.5-Seguimiento_a_objeto_Succeso_Petición" status="PASSED">
         <system-out><![CDATA[2022-02-21 15:46:39 - [TEST_CASE][PASSED] - Test Cases/8.1-Pruebas_Auditoria/8.1.5-Seguimiento_a_objeto_Succeso_Petición: Test Cases/8.1-Pruebas_Auditoria/8.1.5-Seguimiento_a_objeto_Succeso_Petición

2022-02-21 15:46:40 - [TEST_STEP][PASSED] - callTestCase(findTestCase("Utilidades-(atajos_para _tareas)/Modulos/Modulo Auditoria"), [:], STOP_ON_FAILURE): Call Test Case 'Test Cases/Utilidades-(atajos_para _tareas)/Modulos/Modulo Auditoria' successfully

2022-02-21 15:46:40 - [TEST_CASE][PASSED] - Test Cases/Utilidades-(atajos_para _tareas)/Modulos/Modulo Auditoria: Test Cases/Utilidades-(atajos_para _tareas)/Modulos/Modulo Auditoria

2022-02-21 15:46:40 - [TEST_STEP][PASSED] - callTestCase(findTestCase("0.1-Login"), [:], STOP_ON_FAILURE): Call Test Case 'Test Cases/0.1-Login' successfully

2022-02-21 15:46:40 - [TEST_CASE][PASSED] - Test Cases/0.1-Login: Test Cases/0.1-Login

2022-02-21 15:46:40 - [TEST_STEP][PASSED] - openBrowser(""): Browser is opened with url: ''

2022-02-21 15:46:40 - [MESSAGE][INFO] - Starting 'Chrome' driver

2022-02-21 15:46:40 - [MESSAGE][INFO] - Action delay is set to 0 milliseconds

2022-02-21 15:46:41 - [MESSAGE][PASSED] - Browser is opened with url: ''

2022-02-21 15:46:41 - [TEST_STEP][PASSED] - maximizeWindow(): Current window maximized

2022-02-21 15:46:41 - [MESSAGE][PASSED] - Current window maximized

2022-02-21 15:46:41 - [TEST_STEP][PASSED] - i = G_Login: null

2022-02-21 15:46:41 - [TEST_STEP][PASSED] - url = new java.net.URL(i): null

2022-02-21 15:46:41 - [TEST_STEP][PASSED] - println("URL: " + url.toString()): null

2022-02-21 15:46:41 - [TEST_STEP][PASSED] - connection = url.openConnection(): null

2022-02-21 15:46:41 - [TEST_STEP][PASSED] - connection.setRequestMethod("GET"): null

2022-02-21 15:46:41 - [TEST_STEP][PASSED] - connection.setReadTimeout(2 * 1000): null

2022-02-21 15:46:41 - [TEST_STEP][PASSED] - try: null

2022-02-21 15:46:41 - [TEST_STEP][PASSED] - connection.connect(): null

2022-02-21 15:46:41 - [TEST_STEP][PASSED] - flag = connected: null

2022-02-21 15:46:41 - [TEST_STEP][PASSED] - println("Valor_ori: " + flag): null

2022-02-21 15:46:41 - [TEST_STEP][PASSED] - if (flag): null

2022-02-21 15:46:41 - [TEST_STEP][PASSED] - navigateToUrl(i): Navigate to 'http://192.168.2.80:8380/saraweb' successfully

2022-02-21 15:46:42 - [MESSAGE][PASSED] - Navigate to 'http://192.168.2.80:8380/saraweb' successfully

2022-02-21 15:46:42 - [TEST_STEP][PASSED] - a(): null

2022-02-21 15:46:42 - [TEST_STEP][PASSED] - setText(findTestObject("Login/input_USUARIO_loginusuario"), G_Usuario): Text 'saraadmin' is set on object 'Object Repository/Login/input_USUARIO_loginusuario'

2022-02-21 15:46:43 - [MESSAGE][PASSED] - Text 'saraadmin' is set on object 'Object Repository/Login/input_USUARIO_loginusuario'

2022-02-21 15:46:43 - [TEST_STEP][PASSED] - setEncryptedText(findTestObject("Login/input_CLAVE_loginpassword"), "MkG4/TYiCFC3cb2driP7+Q=="): Text ****** has been set on object 'Object Repository/Login/input_CLAVE_loginpassword'

2022-02-21 15:46:43 - [MESSAGE][PASSED] - Text ****** has been set on object 'Object Repository/Login/input_CLAVE_loginpassword'

2022-02-21 15:46:43 - [TEST_STEP][PASSED] - waitForElementClickable(findTestObject("Login/a_Ingresar"), G_TimeOut): Object 'Object Repository/Login/a_Ingresar' is clickable

2022-02-21 15:46:43 - [MESSAGE][PASSED] - Object 'Object Repository/Login/a_Ingresar' is clickable

2022-02-21 15:46:43 - [TEST_STEP][PASSED] - click(findTestObject("Login/a_Ingresar")): Object: 'Object Repository/Login/a_Ingresar' is clicked on

2022-02-21 15:46:46 - [MESSAGE][PASSED] - Object: 'Object Repository/Login/a_Ingresar' is clicked on

2022-02-21 15:46:46 - [TEST_STEP][PASSED] - element = findWebElement(findTestObject("Login/a_Ir"), 30): null

2022-02-21 15:46:47 - [TEST_STEP][PASSED] - executeJavaScript("arguments[0].click()", Arrays.asList(element)): Execute JavaScript 'arguments[0].click()' successfully

2022-02-21 15:46:47 - [MESSAGE][PASSED] - Execute JavaScript 'arguments[0].click()' successfully

2022-02-21 15:46:47 - [MESSAGE][PASSED] - Call Test Case 'Test Cases/0.1-Login' successfully

2022-02-21 15:46:47 - [TEST_STEP][PASSED] - setText(findTestObject("Modulo Auditoria/input_Empresa 1_form_templatej_idt24_input"), "Auditoria"): Text 'Auditoria' is set on object 'Object Repository/Modulo Auditoria/input_Empresa 1_form_templatej_idt24_input'

2022-02-21 15:46:48 - [MESSAGE][PASSED] - Text 'Auditoria' is set on object 'Object Repository/Modulo Auditoria/input_Empresa 1_form_templatej_idt24_input'

2022-02-21 15:46:48 - [TEST_STEP][PASSED] - click(findTestObject("Modulo Auditoria/li_Auditoria (com)")): Object: 'Object Repository/Modulo Auditoria/li_Auditoria (com)' is clicked on

2022-02-21 15:46:49 - [MESSAGE][PASSED] - Object: 'Object Repository/Modulo Auditoria/li_Auditoria (com)' is clicked on

2022-02-21 15:46:49 - [MESSAGE][PASSED] - Call Test Case 'Test Cases/Utilidades-(atajos_para _tareas)/Modulos/Modulo Auditoria' successfully

2022-02-21 15:46:49 - [TEST_STEP][PASSED] - click(findTestObject("Modulo Pruebas Auditoria/Seguimiento_a_objeto_Succeso_Petición/a_Suceso Peticin"), STOP_ON_FAILURE): Object: 'Object Repository/Modulo Pruebas Auditoria/Seguimiento_a_objeto_Succeso_Petición/a_Suceso Peticin' is clicked on

2022-02-21 15:46:50 - [MESSAGE][PASSED] - Object: 'Object Repository/Modulo Pruebas Auditoria/Seguimiento_a_objeto_Succeso_Petición/a_Suceso Peticin' is clicked on

2022-02-21 15:46:50 - [TEST_STEP][PASSED] - Cedula = getText(findTestObject("Modulo Pruebas Auditoria/Seguimiento_a_objeto_Succeso_Petición/td_712854829")): Text of object 'Object Repository/Modulo Pruebas Auditoria/Seguimiento_a_objeto_Succeso_Petición/td_712854829' is: '38405084'

2022-02-21 15:46:53 - [MESSAGE][PASSED] - Text of object 'Object Repository/Modulo Pruebas Auditoria/Seguimiento_a_objeto_Succeso_Petición/td_712854829' is: '38405084'

2022-02-21 15:46:53 - [TEST_STEP][PASSED] - setText(findTestObject("Modulo Pruebas Auditoria/Seguimiento_a_objeto_Succeso_Petición/input_Vista Suceso Acceso Peticion_form_peticionj_idt337j_idt340"), Cedula): Text '38405084' is set on object 'Object Repository/Modulo Pruebas Auditoria/Seguimiento_a_objeto_Succeso_Petición/input_Vista Suceso Acceso Peticion_form_peticionj_idt337j_idt340'

2022-02-21 15:46:54 - [MESSAGE][PASSED] - Text '38405084' is set on object 'Object Repository/Modulo Pruebas Auditoria/Seguimiento_a_objeto_Succeso_Petición/input_Vista Suceso Acceso Peticion_form_peticionj_idt337j_idt340'

2022-02-21 15:46:54 - [TEST_STEP][PASSED] - sendKeys(findTestObject("Modulo Pruebas Auditoria/Seguimiento_a_objeto_Succeso_Petición/input_Vista Suceso Acceso Peticion_form_peticionj_idt337j_idt340"), Keys.chord(ENTER)): Keys 'ENTER + ' sent to object: 'Object Repository/Modulo Pruebas Auditoria/Seguimiento_a_objeto_Succeso_Petición/input_Vista Suceso Acceso Peticion_form_peticionj_idt337j_idt340'

2022-02-21 15:46:54 - [MESSAGE][PASSED] - Keys 'ENTER + ' sent to object: 'Object Repository/Modulo Pruebas Auditoria/Seguimiento_a_objeto_Succeso_Petición/input_Vista Suceso Acceso Peticion_form_peticionj_idt337j_idt340'

2022-02-21 15:46:54 - [TEST_STEP][PASSED] - delay(1): Delayed 1 second(s)

2022-02-21 15:46:55 - [MESSAGE][PASSED] - Delayed 1 second(s)

2022-02-21 15:46:55 - [TEST_STEP][PASSED] - click(findTestObject("Modulo Pruebas Auditoria/Seguimiento_a_objeto_Succeso_Petición/a_Conexin_btn-limpiar-campo")): Object: 'Object Repository/Modulo Pruebas Auditoria/Seguimiento_a_objeto_Succeso_Petición/a_Conexin_btn-limpiar-campo' is clicked on

2022-02-21 15:46:58 - [MESSAGE][PASSED] - Object: 'Object Repository/Modulo Pruebas Auditoria/Seguimiento_a_objeto_Succeso_Petición/a_Conexin_btn-limpiar-campo' is clicked on

2022-02-21 15:46:58 - [TEST_STEP][PASSED] - Cedula1 = getText(findTestObject("Modulo Pruebas Auditoria/Seguimiento_a_objeto_Succeso_Petición/td_1907626860")): Text of object 'Object Repository/Modulo Pruebas Auditoria/Seguimiento_a_objeto_Succeso_Petición/td_1907626860' is: '1907626860'

2022-02-21 15:46:59 - [MESSAGE][PASSED] - Text of object 'Object Repository/Modulo Pruebas Auditoria/Seguimiento_a_objeto_Succeso_Petición/td_1907626860' is: '1907626860'

2022-02-21 15:46:59 - [TEST_STEP][PASSED] - setText(findTestObject("Modulo Pruebas Auditoria/Seguimiento_a_objeto_Succeso_Petición/input_Vista Suceso Acceso Peticion_form_peticionj_idt337j_idt340"), Cedula1): Text '1907626860' is set on object 'Object Repository/Modulo Pruebas Auditoria/Seguimiento_a_objeto_Succeso_Petición/input_Vista Suceso Acceso Peticion_form_peticionj_idt337j_idt340'

2022-02-21 15:47:00 - [MESSAGE][PASSED] - Text '1907626860' is set on object 'Object Repository/Modulo Pruebas Auditoria/Seguimiento_a_objeto_Succeso_Petición/input_Vista Suceso Acceso Peticion_form_peticionj_idt337j_idt340'

2022-02-21 15:47:00 - [TEST_STEP][PASSED] - sendKeys(findTestObject("Modulo Pruebas Auditoria/Seguimiento_a_objeto_Succeso_Petición/input_Vista Suceso Acceso Peticion_form_peticionj_idt337j_idt340"), Keys.chord(ENTER)): Keys 'ENTER + ' sent to object: 'Object Repository/Modulo Pruebas Auditoria/Seguimiento_a_objeto_Succeso_Petición/input_Vista Suceso Acceso Peticion_form_peticionj_idt337j_idt340'

2022-02-21 15:47:00 - [MESSAGE][PASSED] - Keys 'ENTER + ' sent to object: 'Object Repository/Modulo Pruebas Auditoria/Seguimiento_a_objeto_Succeso_Petición/input_Vista Suceso Acceso Peticion_form_peticionj_idt337j_idt340'

2022-02-21 15:47:00 - [TEST_STEP][PASSED] - delay(1): Delayed 1 second(s)

2022-02-21 15:47:01 - [MESSAGE][PASSED] - Delayed 1 second(s)

2022-02-21 15:47:01 - [TEST_STEP][PASSED] - closeBrowser(): Browser is closed

2022-02-21 15:47:02 - [MESSAGE][PASSED] - Browser is closed]]></system-out>
         <system-err><![CDATA[]]></system-err>
      </testcase>
      <system-out><![CDATA[2022-02-21 15:44:42 - [TEST_SUITE][FAILED] - 8-Pruebas_Auditoria: Test Cases/8.1-Pruebas_Auditoria/8.1.1-Seguimiento_a_objeto_Succeso_Adicion FAILED.
Reason:
com.kms.katalon.core.exception.StepFailedException: Unable to accept alert
	at com.kms.katalon.core.webui.keyword.internal.WebUIKeywordMain.stepFailed(WebUIKeywordMain.groovy:64)
	at com.kms.katalon.core.webui.keyword.internal.WebUIKeywordMain.runKeyword(WebUIKeywordMain.groovy:26)
	at com.kms.katalon.core.webui.keyword.builtin.AcceptAlertKeyword.acceptAlert(AcceptAlertKeyword.groovy:71)
	at com.kms.katalon.core.webui.keyword.builtin.AcceptAlertKeyword.execute(AcceptAlertKeyword.groovy:66)
	at com.kms.katalon.core.keyword.internal.KeywordExecutor.executeKeywordForPlatform(KeywordExecutor.groovy:74)
	at com.kms.katalon.core.webui.keyword.WebUiBuiltInKeywords.acceptAlert(WebUiBuiltInKeywords.groovy:1522)
	at com.kms.katalon.core.webui.keyword.WebUiBuiltInKeywords$acceptAlert$8.call(Unknown Source)
	at 8.1.1-Seguimiento_a_objeto_Succeso_Adicion.run(8.1.1-Seguimiento_a_objeto_Succeso_Adicion:38)
	at com.kms.katalon.core.main.ScriptEngine.run(ScriptEngine.java:194)
	at com.kms.katalon.core.main.ScriptEngine.runScriptAsRawText(ScriptEngine.java:119)
	at com.kms.katalon.core.main.TestCaseExecutor.runScript(TestCaseExecutor.java:442)
	at com.kms.katalon.core.main.TestCaseExecutor.doExecute(TestCaseExecutor.java:433)
	at com.kms.katalon.core.main.TestCaseExecutor.processExecutionPhase(TestCaseExecutor.java:412)
	at com.kms.katalon.core.main.TestCaseExecutor.accessMainPhase(TestCaseExecutor.java:404)
	at com.kms.katalon.core.main.TestCaseExecutor.execute(TestCaseExecutor.java:281)
	at com.kms.katalon.core.main.TestSuiteExecutor.accessTestCaseMainPhase(TestSuiteExecutor.java:202)
	at com.kms.katalon.core.main.TestSuiteExecutor.accessTestSuiteMainPhase(TestSuiteExecutor.java:164)
	at com.kms.katalon.core.main.TestSuiteExecutor.execute(TestSuiteExecutor.java:105)
	at com.kms.katalon.core.main.TestCaseMain.startTestSuite(TestCaseMain.java:185)
	at com.kms.katalon.core.main.TestCaseMain$startTestSuite$0.call(Unknown Source)
	at TempTestSuite1645473909859.run(TempTestSuite1645473909859.groovy:36)
Caused by: com.kms.katalon.core.exception.StepFailedException: No alert found
	at com.kms.katalon.core.webui.keyword.internal.WebUIKeywordMain.stepFailed(WebUIKeywordMain.groovy:64)
	at com.kms.katalon.core.webui.keyword.builtin.AcceptAlertKeyword$_acceptAlert_closure1.doCall(AcceptAlertKeyword.groovy:78)
	at com.kms.katalon.core.webui.keyword.builtin.AcceptAlertKeyword$_acceptAlert_closure1.call(AcceptAlertKeyword.groovy)
	at com.kms.katalon.core.webui.keyword.internal.WebUIKeywordMain.runKeyword(WebUIKeywordMain.groovy:20)
	... 19 more]]></system-out>
      <system-err><![CDATA[2022-02-21 15:44:42 - [TEST_SUITE][FAILED] - 8-Pruebas_Auditoria: Test Cases/8.1-Pruebas_Auditoria/8.1.1-Seguimiento_a_objeto_Succeso_Adicion FAILED.
Reason:
com.kms.katalon.core.exception.StepFailedException: Unable to accept alert
	at com.kms.katalon.core.webui.keyword.internal.WebUIKeywordMain.stepFailed(WebUIKeywordMain.groovy:64)
	at com.kms.katalon.core.webui.keyword.internal.WebUIKeywordMain.runKeyword(WebUIKeywordMain.groovy:26)
	at com.kms.katalon.core.webui.keyword.builtin.AcceptAlertKeyword.acceptAlert(AcceptAlertKeyword.groovy:71)
	at com.kms.katalon.core.webui.keyword.builtin.AcceptAlertKeyword.execute(AcceptAlertKeyword.groovy:66)
	at com.kms.katalon.core.keyword.internal.KeywordExecutor.executeKeywordForPlatform(KeywordExecutor.groovy:74)
	at com.kms.katalon.core.webui.keyword.WebUiBuiltInKeywords.acceptAlert(WebUiBuiltInKeywords.groovy:1522)
	at com.kms.katalon.core.webui.keyword.WebUiBuiltInKeywords$acceptAlert$8.call(Unknown Source)
	at 8.1.1-Seguimiento_a_objeto_Succeso_Adicion.run(8.1.1-Seguimiento_a_objeto_Succeso_Adicion:38)
	at com.kms.katalon.core.main.ScriptEngine.run(ScriptEngine.java:194)
	at com.kms.katalon.core.main.ScriptEngine.runScriptAsRawText(ScriptEngine.java:119)
	at com.kms.katalon.core.main.TestCaseExecutor.runScript(TestCaseExecutor.java:442)
	at com.kms.katalon.core.main.TestCaseExecutor.doExecute(TestCaseExecutor.java:433)
	at com.kms.katalon.core.main.TestCaseExecutor.processExecutionPhase(TestCaseExecutor.java:412)
	at com.kms.katalon.core.main.TestCaseExecutor.accessMainPhase(TestCaseExecutor.java:404)
	at com.kms.katalon.core.main.TestCaseExecutor.execute(TestCaseExecutor.java:281)
	at com.kms.katalon.core.main.TestSuiteExecutor.accessTestCaseMainPhase(TestSuiteExecutor.java:202)
	at com.kms.katalon.core.main.TestSuiteExecutor.accessTestSuiteMainPhase(TestSuiteExecutor.java:164)
	at com.kms.katalon.core.main.TestSuiteExecutor.execute(TestSuiteExecutor.java:105)
	at com.kms.katalon.core.main.TestCaseMain.startTestSuite(TestCaseMain.java:185)
	at com.kms.katalon.core.main.TestCaseMain$startTestSuite$0.call(Unknown Source)
	at TempTestSuite1645473909859.run(TempTestSuite1645473909859.groovy:36)
Caused by: com.kms.katalon.core.exception.StepFailedException: No alert found
	at com.kms.katalon.core.webui.keyword.internal.WebUIKeywordMain.stepFailed(WebUIKeywordMain.groovy:64)
	at com.kms.katalon.core.webui.keyword.builtin.AcceptAlertKeyword$_acceptAlert_closure1.doCall(AcceptAlertKeyword.groovy:78)
	at com.kms.katalon.core.webui.keyword.builtin.AcceptAlertKeyword$_acceptAlert_closure1.call(AcceptAlertKeyword.groovy)
	at com.kms.katalon.core.webui.keyword.internal.WebUIKeywordMain.runKeyword(WebUIKeywordMain.groovy:20)
	... 19 more]]></system-err>
   </testsuite>
</testsuites>
