<?xml version="1.0" encoding="UTF-8"?>
<testsuites name="13-Pruebas_Control_Tiempos" time="303.145" tests="9" failures="1" errors="0">
   <testsuite name="13-Pruebas_Control_Tiempos" tests="9" failures="1" errors="0" time="303.145" skipped="0" timestamp="2022-03-28 09:15:17" hostname="diego.rojas - US-AF-000371" id="Test Suites/Test_Suite_Secundaria/13-Pruebas_Control_Tiempos">
      <properties>
         <property name="deviceName" value=""/>
         <property name="devicePlatform" value=""/>
         <property name="logFolder" value="C:\\Users\\diego.rojas\\git\\Pruebas-Minimas\\Reports\\20220328_084605\\Test_Suite_Secundaria\\13-Pruebas_Control_Tiempos\\20220328_091324"/>
         <property name="logFiles" value="C:\\Users\\diego.rojas\\git\\Pruebas-Minimas\\Reports\\20220328_084605\\Test_Suite_Secundaria\\13-Pruebas_Control_Tiempos\\20220328_091324\\execution0.log"/>
         <property name="attachments" value="C:\\Users\\diego.rojas\\git\\Pruebas-Minimas\\Reports\\20220328_084605\\Test_Suite_Secundaria\\13-Pruebas_Control_Tiempos\\20220328_091324\\1648477153992.png"/>
         <property name="hostName" value="diego.rojas - US-AF-000371"/>
         <property name="os" value="Windows 10 64bit"/>
         <property name="katalonVersion" value="8.2.5.208"/>
         <property name="browser" value="Chrome 99.0.4844.82"/>
         <property name="hostAddress" value="192.168.56.1"/>
         <property name="sessionId" value="f1a5851de78fe9bb1d10365b8af12ff5"/>
         <property name="seleniumVersion" value="3.141.59"/>
         <property name="proxyInformation" value="ProxyInformation { proxyOption=NO_PROXY, proxyServerType=HTTP, username=, password=********, proxyServerAddress=, proxyServerPort=0, executionList=&quot;&quot;, isApplyToDesiredCapabilities=true }"/>
         <property name="platform" value="Windows 10"/>
      </properties>
      <testcase name="Test Cases/1.2-Tareas_Secundarias/A.3-Pruebas_control_tiempos/13.1.2-Sitios_de_Trabajo" time="17.531" classname="Test Cases/1.2-Tareas_Secundarias/A.3-Pruebas_control_tiempos/13.1.2-Sitios_de_Trabajo" status="PASSED">
         <system-out><![CDATA[2022-03-28 09:15:17 - [TEST_CASE][PASSED] - Test Cases/1.2-Tareas_Secundarias/A.3-Pruebas_control_tiempos/13.1.2-Sitios_de_Trabajo: Test Cases/1.2-Tareas_Secundarias/A.3-Pruebas_control_tiempos/13.1.2-Sitios_de_Trabajo

2022-03-28 09:15:18 - [TEST_STEP][PASSED] - callTestCase(findTestCase("0.1-Login"), [:], STOP_ON_FAILURE): Call Test Case 'Test Cases/0.1-Login' successfully

2022-03-28 09:15:18 - [TEST_CASE][PASSED] - Test Cases/0.1-Login: Test Cases/0.1-Login

2022-03-28 09:15:19 - [TEST_STEP][PASSED] - openBrowser(""): Browser is opened with url: ''

2022-03-28 09:15:19 - [MESSAGE][INFO] - Starting 'Chrome' driver

2022-03-28 09:15:19 - [MESSAGE][INFO] - Action delay is set to 50 milliseconds

2022-03-28 09:15:22 - [MESSAGE][PASSED] - Browser is opened with url: ''

2022-03-28 09:15:22 - [TEST_STEP][PASSED] - maximizeWindow(): Current window maximized

2022-03-28 09:15:22 - [MESSAGE][PASSED] - Current window maximized

2022-03-28 09:15:22 - [TEST_STEP][PASSED] - i = G_Login: null

2022-03-28 09:15:22 - [TEST_STEP][PASSED] - url = new java.net.URL(i): null

2022-03-28 09:15:22 - [TEST_STEP][PASSED] - println("URL: " + url.toString()): null

2022-03-28 09:15:22 - [TEST_STEP][PASSED] - connection = url.openConnection(): null

2022-03-28 09:15:23 - [TEST_STEP][PASSED] - connection.setRequestMethod("GET"): null

2022-03-28 09:15:23 - [TEST_STEP][PASSED] - connection.setReadTimeout(2 * 1000): null

2022-03-28 09:15:23 - [TEST_STEP][PASSED] - try: null

2022-03-28 09:15:23 - [TEST_STEP][PASSED] - connection.connect(): null

2022-03-28 09:15:23 - [TEST_STEP][PASSED] - flag = connected: null

2022-03-28 09:15:23 - [TEST_STEP][PASSED] - println("Valor_ori: " + flag): null

2022-03-28 09:15:23 - [TEST_STEP][PASSED] - if (flag): null

2022-03-28 09:15:23 - [TEST_STEP][PASSED] - navigateToUrl(i): Navigate to 'http://192.168.2.19:8380/saraweb' successfully

2022-03-28 09:15:23 - [MESSAGE][PASSED] - Navigate to 'http://192.168.2.19:8380/saraweb' successfully

2022-03-28 09:15:23 - [TEST_STEP][PASSED] - a(): null

2022-03-28 09:15:23 - [TEST_STEP][PASSED] - setText(findTestObject("Login/input_USUARIO_loginusuario"), G_Usuario): Text 'saraadmin' is set on object 'Object Repository/Login/input_USUARIO_loginusuario'

2022-03-28 09:15:24 - [MESSAGE][PASSED] - Text 'saraadmin' is set on object 'Object Repository/Login/input_USUARIO_loginusuario'

2022-03-28 09:15:24 - [TEST_STEP][PASSED] - setEncryptedText(findTestObject("Login/input_CLAVE_loginpassword"), "MkG4/TYiCFC3cb2driP7+Q=="): Text ****** has been set on object 'Object Repository/Login/input_CLAVE_loginpassword'

2022-03-28 09:15:25 - [MESSAGE][PASSED] - Text ****** has been set on object 'Object Repository/Login/input_CLAVE_loginpassword'

2022-03-28 09:15:25 - [TEST_STEP][PASSED] - waitForElementClickable(findTestObject("Login/a_Ingresar"), G_TimeOut): Object 'Object Repository/Login/a_Ingresar' is clickable

2022-03-28 09:15:25 - [MESSAGE][PASSED] - Object 'Object Repository/Login/a_Ingresar' is clickable

2022-03-28 09:15:25 - [TEST_STEP][PASSED] - click(findTestObject("Login/a_Ingresar")): Object: 'Object Repository/Login/a_Ingresar' is clicked on

2022-03-28 09:15:26 - [MESSAGE][PASSED] - Object: 'Object Repository/Login/a_Ingresar' is clicked on

2022-03-28 09:15:26 - [TEST_STEP][PASSED] - element = findWebElement(findTestObject("Login/a_Ir"), 30): null

2022-03-28 09:15:27 - [TEST_STEP][PASSED] - executeJavaScript("arguments[0].click()", Arrays.asList(element)): Execute JavaScript 'arguments[0].click()' successfully

2022-03-28 09:15:27 - [MESSAGE][PASSED] - Execute JavaScript 'arguments[0].click()' successfully

2022-03-28 09:15:27 - [MESSAGE][PASSED] - Call Test Case 'Test Cases/0.1-Login' successfully

2022-03-28 09:15:27 - [TEST_STEP][PASSED] - setText(findTestObject("Modulo control tiempo/Sitios_de_Trabajo/input_Empresa 1_form_templatej_idt24_input"), "listado persona"): Text 'listado persona' is set on object 'Object Repository/Modulo control tiempo/Sitios_de_Trabajo/input_Empresa 1_form_templatej_idt24_input'

2022-03-28 09:15:28 - [MESSAGE][PASSED] - Text 'listado persona' is set on object 'Object Repository/Modulo control tiempo/Sitios_de_Trabajo/input_Empresa 1_form_templatej_idt24_input'

2022-03-28 09:15:28 - [TEST_STEP][PASSED] - click(findTestObject("Modulo control tiempo/Sitios_de_Trabajo/span_Listado Persona")): Object: 'Object Repository/Modulo control tiempo/Sitios_de_Trabajo/span_Listado Persona' is clicked on

2022-03-28 09:15:29 - [MESSAGE][PASSED] - Object: 'Object Repository/Modulo control tiempo/Sitios_de_Trabajo/span_Listado Persona' is clicked on

2022-03-28 09:15:29 - [TEST_STEP][PASSED] - click(findTestObject("Modulo control tiempo/Sitios_de_Trabajo/td_1010220596")): Object: 'Object Repository/Modulo control tiempo/Sitios_de_Trabajo/td_1010220596' is clicked on

2022-03-28 09:15:31 - [MESSAGE][PASSED] - Object: 'Object Repository/Modulo control tiempo/Sitios_de_Trabajo/td_1010220596' is clicked on

2022-03-28 09:15:31 - [TEST_STEP][PASSED] - click(findTestObject("Modulo control tiempo/Sitios_de_Trabajo/a_Sitios de Trabajo")): Object: 'Object Repository/Modulo control tiempo/Sitios_de_Trabajo/a_Sitios de Trabajo' is clicked on

2022-03-28 09:15:31 - [MESSAGE][PASSED] - Object: 'Object Repository/Modulo control tiempo/Sitios_de_Trabajo/a_Sitios de Trabajo' is clicked on

2022-03-28 09:15:31 - [TEST_STEP][PASSED] - click(findTestObject("Modulo control tiempo/Sitios_de_Trabajo/li_02-Sede Externo")): Object: 'Object Repository/Modulo control tiempo/Sitios_de_Trabajo/li_02-Sede Externo' is clicked on

2022-03-28 09:15:32 - [MESSAGE][PASSED] - Object: 'Object Repository/Modulo control tiempo/Sitios_de_Trabajo/li_02-Sede Externo' is clicked on

2022-03-28 09:15:32 - [TEST_STEP][PASSED] - if (waitForElementVisible(findTestObject("Modulo control tiempo/Sitios_de_Trabajo/td_9"), 1)): null

2022-03-28 09:15:33 - [MESSAGE][PASSED] - Object 'Object Repository/Modulo control tiempo/Sitios_de_Trabajo/td_9' is visible

2022-03-28 09:15:33 - [TEST_STEP][PASSED] - click(findTestObject("Modulo control tiempo/Sitios_de_Trabajo/td_9")): Object: 'Object Repository/Modulo control tiempo/Sitios_de_Trabajo/td_9' is clicked on

2022-03-28 09:15:33 - [MESSAGE][PASSED] - Object: 'Object Repository/Modulo control tiempo/Sitios_de_Trabajo/td_9' is clicked on

2022-03-28 09:15:33 - [TEST_STEP][PASSED] - element0 = findWebElement(findTestObject("Modulo control tiempo/Sitios_de_Trabajo/span_Add"), 30): null

2022-03-28 09:15:34 - [TEST_STEP][PASSED] - executeJavaScript("arguments[0].click()", Arrays.asList(element0)): Execute JavaScript 'arguments[0].click()' successfully

2022-03-28 09:15:34 - [MESSAGE][PASSED] - Execute JavaScript 'arguments[0].click()' successfully

2022-03-28 09:15:34 - [TEST_STEP][PASSED] - click(findTestObject("Modulo control tiempo/Sitios_de_Trabajo/span_Oficina")): Object: 'Object Repository/Modulo control tiempo/Sitios_de_Trabajo/span_Oficina' is clicked on

2022-03-28 09:15:34 - [MESSAGE][PASSED] - Object: 'Object Repository/Modulo control tiempo/Sitios_de_Trabajo/span_Oficina' is clicked on

2022-03-28 09:15:34 - [TEST_STEP][PASSED] - element = findWebElement(findTestObject("Modulo control tiempo/Sitios_de_Trabajo/span_Add"), 30): null

2022-03-28 09:15:34 - [TEST_STEP][PASSED] - executeJavaScript("arguments[0].click()", Arrays.asList(element)): Execute JavaScript 'arguments[0].click()' successfully

2022-03-28 09:15:34 - [MESSAGE][PASSED] - Execute JavaScript 'arguments[0].click()' successfully]]></system-out>
         <system-err><![CDATA[]]></system-err>
      </testcase>
      <testcase name="Test Cases/1.2-Tareas_Secundarias/A.3-Pruebas_control_tiempos/13.1.4-Jornada" time="14.527" classname="Test Cases/1.2-Tareas_Secundarias/A.3-Pruebas_control_tiempos/13.1.4-Jornada" status="PASSED">
         <system-out><![CDATA[2022-03-28 09:15:34 - [TEST_CASE][PASSED] - Test Cases/1.2-Tareas_Secundarias/A.3-Pruebas_control_tiempos/13.1.4-Jornada: Test Cases/1.2-Tareas_Secundarias/A.3-Pruebas_control_tiempos/13.1.4-Jornada

2022-03-28 09:15:35 - [TEST_STEP][PASSED] - callTestCase(findTestCase("0.1-Login"), [:], STOP_ON_FAILURE): Call Test Case 'Test Cases/0.1-Login' successfully

2022-03-28 09:15:35 - [TEST_CASE][PASSED] - Test Cases/0.1-Login: Test Cases/0.1-Login

2022-03-28 09:15:35 - [TEST_STEP][PASSED] - openBrowser(""): Browser is opened with url: ''

2022-03-28 09:15:35 - [MESSAGE][WARNING] - A browser is already opened. Closing browser and opening a new one

2022-03-28 09:15:36 - [MESSAGE][INFO] - Starting 'Chrome' driver

2022-03-28 09:15:36 - [MESSAGE][INFO] - Action delay is set to 50 milliseconds

2022-03-28 09:15:37 - [MESSAGE][PASSED] - Browser is opened with url: ''

2022-03-28 09:15:37 - [TEST_STEP][PASSED] - maximizeWindow(): Current window maximized

2022-03-28 09:15:37 - [MESSAGE][PASSED] - Current window maximized

2022-03-28 09:15:37 - [TEST_STEP][PASSED] - i = G_Login: null

2022-03-28 09:15:37 - [TEST_STEP][PASSED] - url = new java.net.URL(i): null

2022-03-28 09:15:37 - [TEST_STEP][PASSED] - println("URL: " + url.toString()): null

2022-03-28 09:15:37 - [TEST_STEP][PASSED] - connection = url.openConnection(): null

2022-03-28 09:15:37 - [TEST_STEP][PASSED] - connection.setRequestMethod("GET"): null

2022-03-28 09:15:37 - [TEST_STEP][PASSED] - connection.setReadTimeout(2 * 1000): null

2022-03-28 09:15:37 - [TEST_STEP][PASSED] - try: null

2022-03-28 09:15:37 - [TEST_STEP][PASSED] - connection.connect(): null

2022-03-28 09:15:37 - [TEST_STEP][PASSED] - flag = connected: null

2022-03-28 09:15:37 - [TEST_STEP][PASSED] - println("Valor_ori: " + flag): null

2022-03-28 09:15:37 - [TEST_STEP][PASSED] - if (flag): null

2022-03-28 09:15:37 - [TEST_STEP][PASSED] - navigateToUrl(i): Navigate to 'http://192.168.2.19:8380/saraweb' successfully

2022-03-28 09:15:38 - [MESSAGE][PASSED] - Navigate to 'http://192.168.2.19:8380/saraweb' successfully

2022-03-28 09:15:38 - [TEST_STEP][PASSED] - a(): null

2022-03-28 09:15:38 - [TEST_STEP][PASSED] - setText(findTestObject("Login/input_USUARIO_loginusuario"), G_Usuario): Text 'saraadmin' is set on object 'Object Repository/Login/input_USUARIO_loginusuario'

2022-03-28 09:15:38 - [MESSAGE][PASSED] - Text 'saraadmin' is set on object 'Object Repository/Login/input_USUARIO_loginusuario'

2022-03-28 09:15:38 - [TEST_STEP][PASSED] - setEncryptedText(findTestObject("Login/input_CLAVE_loginpassword"), "MkG4/TYiCFC3cb2driP7+Q=="): Text ****** has been set on object 'Object Repository/Login/input_CLAVE_loginpassword'

2022-03-28 09:15:39 - [MESSAGE][PASSED] - Text ****** has been set on object 'Object Repository/Login/input_CLAVE_loginpassword'

2022-03-28 09:15:39 - [TEST_STEP][PASSED] - waitForElementClickable(findTestObject("Login/a_Ingresar"), G_TimeOut): Object 'Object Repository/Login/a_Ingresar' is clickable

2022-03-28 09:15:39 - [MESSAGE][PASSED] - Object 'Object Repository/Login/a_Ingresar' is clickable

2022-03-28 09:15:39 - [TEST_STEP][PASSED] - click(findTestObject("Login/a_Ingresar")): Object: 'Object Repository/Login/a_Ingresar' is clicked on

2022-03-28 09:15:41 - [MESSAGE][PASSED] - Object: 'Object Repository/Login/a_Ingresar' is clicked on

2022-03-28 09:15:41 - [TEST_STEP][PASSED] - element = findWebElement(findTestObject("Login/a_Ir"), 30): null

2022-03-28 09:15:41 - [TEST_STEP][PASSED] - executeJavaScript("arguments[0].click()", Arrays.asList(element)): Execute JavaScript 'arguments[0].click()' successfully

2022-03-28 09:15:41 - [MESSAGE][PASSED] - Execute JavaScript 'arguments[0].click()' successfully

2022-03-28 09:15:41 - [MESSAGE][PASSED] - Call Test Case 'Test Cases/0.1-Login' successfully

2022-03-28 09:15:41 - [TEST_STEP][PASSED] - setText(findTestObject("Modulo control tiempo/Jornada/input_Empresa 1_form_templatej_idt24_input"), "Listado persona"): Text 'Listado persona' is set on object 'Object Repository/Modulo control tiempo/Jornada/input_Empresa 1_form_templatej_idt24_input'

2022-03-28 09:15:42 - [MESSAGE][PASSED] - Text 'Listado persona' is set on object 'Object Repository/Modulo control tiempo/Jornada/input_Empresa 1_form_templatej_idt24_input'

2022-03-28 09:15:42 - [TEST_STEP][PASSED] - click(findTestObject("Modulo control tiempo/Jornada/li_Listado Persona (get)")): Object: 'Object Repository/Modulo control tiempo/Jornada/li_Listado Persona (get)' is clicked on

2022-03-28 09:15:44 - [MESSAGE][PASSED] - Object: 'Object Repository/Modulo control tiempo/Jornada/li_Listado Persona (get)' is clicked on

2022-03-28 09:15:44 - [TEST_STEP][PASSED] - click(findTestObject("Modulo control tiempo/Jornada/td_1010220596")): Object: 'Object Repository/Modulo control tiempo/Jornada/td_1010220596' is clicked on

2022-03-28 09:15:44 - [MESSAGE][PASSED] - Object: 'Object Repository/Modulo control tiempo/Jornada/td_1010220596' is clicked on

2022-03-28 09:15:44 - [TEST_STEP][PASSED] - click(findTestObject("Modulo control tiempo/Jornada/a_Jornada")): Object: 'Object Repository/Modulo control tiempo/Jornada/a_Jornada' is clicked on

2022-03-28 09:15:45 - [MESSAGE][PASSED] - Object: 'Object Repository/Modulo control tiempo/Jornada/a_Jornada' is clicked on

2022-03-28 09:15:45 - [TEST_STEP][PASSED] - click(findTestObject("Modulo control tiempo/Jornada/a_Liquidar0")): Object: 'Object Repository/Modulo control tiempo/Jornada/a_Liquidar0' is clicked on

2022-03-28 09:15:46 - [MESSAGE][PASSED] - Object: 'Object Repository/Modulo control tiempo/Jornada/a_Liquidar0' is clicked on

2022-03-28 09:15:46 - [TEST_STEP][PASSED] - selectOptionByIndex(findTestObject("Modulo control tiempo/Jornada/select_Seleccionar24 de Diciembre del 2018 - 28 de Diciembre del 201824 de Octubre del 2018"), 1): All options with index in [1] are selected on object 'Object Repository/Modulo control tiempo/Jornada/select_Seleccionar24 de Diciembre del 2018 - 28 de Diciembre del 201824 de Octubre del 2018'

2022-03-28 09:15:47 - [MESSAGE][PASSED] - All options with index in [1] are selected on object 'Object Repository/Modulo control tiempo/Jornada/select_Seleccionar24 de Diciembre del 2018 - 28 de Diciembre del 201824 de Octubre del 2018'

2022-03-28 09:15:47 - [TEST_STEP][PASSED] - click(findTestObject("Modulo control tiempo/Jornada/a_Liquidar")): Object: 'Object Repository/Modulo control tiempo/Jornada/a_Liquidar' is clicked on

2022-03-28 09:15:48 - [MESSAGE][PASSED] - Object: 'Object Repository/Modulo control tiempo/Jornada/a_Liquidar' is clicked on

2022-03-28 09:15:48 - [TEST_STEP][PASSED] - if (waitForElementVisible(findTestObject("Modulo control tiempo/Jornada/p_Terminacion Normal"), 1)): null

2022-03-28 09:15:48 - [MESSAGE][PASSED] - Object 'Object Repository/Modulo control tiempo/Jornada/p_Terminacion Normal' is visible

2022-03-28 09:15:48 - [TEST_STEP][PASSED] - closeBrowser(): Browser is closed

2022-03-28 09:15:49 - [MESSAGE][PASSED] - Browser is closed]]></system-out>
         <system-err><![CDATA[]]></system-err>
      </testcase>
      <testcase name="Test Cases/1.2-Tareas_Secundarias/A.3-Pruebas_control_tiempos/13.1.6-Reloj" time="20.391" classname="Test Cases/1.2-Tareas_Secundarias/A.3-Pruebas_control_tiempos/13.1.6-Reloj" status="PASSED">
         <system-out><![CDATA[2022-03-28 09:15:49 - [TEST_CASE][PASSED] - Test Cases/1.2-Tareas_Secundarias/A.3-Pruebas_control_tiempos/13.1.6-Reloj: Test Cases/1.2-Tareas_Secundarias/A.3-Pruebas_control_tiempos/13.1.6-Reloj

2022-03-28 09:15:49 - [TEST_STEP][PASSED] - callTestCase(findTestCase("0.1-Login"), [:], STOP_ON_FAILURE): Call Test Case 'Test Cases/0.1-Login' successfully

2022-03-28 09:15:49 - [TEST_CASE][PASSED] - Test Cases/0.1-Login: Test Cases/0.1-Login

2022-03-28 09:15:49 - [TEST_STEP][PASSED] - openBrowser(""): Browser is opened with url: ''

2022-03-28 09:15:49 - [MESSAGE][INFO] - Starting 'Chrome' driver

2022-03-28 09:15:49 - [MESSAGE][INFO] - Action delay is set to 50 milliseconds

2022-03-28 09:15:51 - [MESSAGE][PASSED] - Browser is opened with url: ''

2022-03-28 09:15:51 - [TEST_STEP][PASSED] - maximizeWindow(): Current window maximized

2022-03-28 09:15:51 - [MESSAGE][PASSED] - Current window maximized

2022-03-28 09:15:51 - [TEST_STEP][PASSED] - i = G_Login: null

2022-03-28 09:15:51 - [TEST_STEP][PASSED] - url = new java.net.URL(i): null

2022-03-28 09:15:51 - [TEST_STEP][PASSED] - println("URL: " + url.toString()): null

2022-03-28 09:15:51 - [TEST_STEP][PASSED] - connection = url.openConnection(): null

2022-03-28 09:15:51 - [TEST_STEP][PASSED] - connection.setRequestMethod("GET"): null

2022-03-28 09:15:51 - [TEST_STEP][PASSED] - connection.setReadTimeout(2 * 1000): null

2022-03-28 09:15:51 - [TEST_STEP][PASSED] - try: null

2022-03-28 09:15:51 - [TEST_STEP][PASSED] - connection.connect(): null

2022-03-28 09:15:51 - [TEST_STEP][PASSED] - flag = connected: null

2022-03-28 09:15:51 - [TEST_STEP][PASSED] - println("Valor_ori: " + flag): null

2022-03-28 09:15:51 - [TEST_STEP][PASSED] - if (flag): null

2022-03-28 09:15:51 - [TEST_STEP][PASSED] - navigateToUrl(i): Navigate to 'http://192.168.2.19:8380/saraweb' successfully

2022-03-28 09:15:51 - [MESSAGE][PASSED] - Navigate to 'http://192.168.2.19:8380/saraweb' successfully

2022-03-28 09:15:51 - [TEST_STEP][PASSED] - a(): null

2022-03-28 09:15:51 - [TEST_STEP][PASSED] - setText(findTestObject("Login/input_USUARIO_loginusuario"), G_Usuario): Text 'saraadmin' is set on object 'Object Repository/Login/input_USUARIO_loginusuario'

2022-03-28 09:15:52 - [MESSAGE][PASSED] - Text 'saraadmin' is set on object 'Object Repository/Login/input_USUARIO_loginusuario'

2022-03-28 09:15:52 - [TEST_STEP][PASSED] - setEncryptedText(findTestObject("Login/input_CLAVE_loginpassword"), "MkG4/TYiCFC3cb2driP7+Q=="): Text ****** has been set on object 'Object Repository/Login/input_CLAVE_loginpassword'

2022-03-28 09:15:53 - [MESSAGE][PASSED] - Text ****** has been set on object 'Object Repository/Login/input_CLAVE_loginpassword'

2022-03-28 09:15:53 - [TEST_STEP][PASSED] - waitForElementClickable(findTestObject("Login/a_Ingresar"), G_TimeOut): Object 'Object Repository/Login/a_Ingresar' is clickable

2022-03-28 09:15:53 - [MESSAGE][PASSED] - Object 'Object Repository/Login/a_Ingresar' is clickable

2022-03-28 09:15:53 - [TEST_STEP][PASSED] - click(findTestObject("Login/a_Ingresar")): Object: 'Object Repository/Login/a_Ingresar' is clicked on

2022-03-28 09:15:55 - [MESSAGE][PASSED] - Object: 'Object Repository/Login/a_Ingresar' is clicked on

2022-03-28 09:15:55 - [TEST_STEP][PASSED] - element = findWebElement(findTestObject("Login/a_Ir"), 30): null

2022-03-28 09:15:55 - [TEST_STEP][PASSED] - executeJavaScript("arguments[0].click()", Arrays.asList(element)): Execute JavaScript 'arguments[0].click()' successfully

2022-03-28 09:15:55 - [MESSAGE][PASSED] - Execute JavaScript 'arguments[0].click()' successfully

2022-03-28 09:15:55 - [MESSAGE][PASSED] - Call Test Case 'Test Cases/0.1-Login' successfully

2022-03-28 09:15:55 - [TEST_STEP][PASSED] - setText(findTestObject("input_Empresa 1_form_templatej_idt24_input"), "Listado persona"): Text 'Listado persona' is set on object 'Object Repository/input_Empresa 1_form_templatej_idt24_input'

2022-03-28 09:15:56 - [MESSAGE][PASSED] - Text 'Listado persona' is set on object 'Object Repository/input_Empresa 1_form_templatej_idt24_input'

2022-03-28 09:15:56 - [TEST_STEP][PASSED] - click(findTestObject("Modulo control tiempo/Reloj/span_Listado Persona")): Object: 'Object Repository/Modulo control tiempo/Reloj/span_Listado Persona' is clicked on

2022-03-28 09:15:58 - [MESSAGE][PASSED] - Object: 'Object Repository/Modulo control tiempo/Reloj/span_Listado Persona' is clicked on

2022-03-28 09:15:58 - [TEST_STEP][PASSED] - click(findTestObject("Modulo control tiempo/Reloj/td_1010220596")): Object: 'Object Repository/Modulo control tiempo/Reloj/td_1010220596' is clicked on

2022-03-28 09:15:59 - [MESSAGE][PASSED] - Object: 'Object Repository/Modulo control tiempo/Reloj/td_1010220596' is clicked on

2022-03-28 09:15:59 - [TEST_STEP][PASSED] - click(findTestObject("Modulo control tiempo/Reloj/a_Reloj")): Object: 'Object Repository/Modulo control tiempo/Reloj/a_Reloj' is clicked on

2022-03-28 09:15:59 - [MESSAGE][PASSED] - Object: 'Object Repository/Modulo control tiempo/Reloj/a_Reloj' is clicked on

2022-03-28 09:15:59 - [TEST_STEP][PASSED] - if (waitForElementVisible(findTestObject("Modulo control tiempo/Reloj/td_20210701 1800"), 1)): null

2022-03-28 09:16:00 - [MESSAGE][PASSED] - Object 'Object Repository/Modulo control tiempo/Reloj/td_20210701 1800' is visible

2022-03-28 09:16:00 - [TEST_STEP][PASSED] - click(findTestObject("Modulo control tiempo/Reloj/td_20210701 1800")): Object: 'Object Repository/Modulo control tiempo/Reloj/td_20210701 1800' is clicked on

2022-03-28 09:16:00 - [MESSAGE][PASSED] - Object: 'Object Repository/Modulo control tiempo/Reloj/td_20210701 1800' is clicked on

2022-03-28 09:16:00 - [TEST_STEP][PASSED] - click(findTestObject("Modulo control tiempo/Reloj/a_Eliminar")): Object: 'Object Repository/Modulo control tiempo/Reloj/a_Eliminar' is clicked on

2022-03-28 09:16:01 - [MESSAGE][PASSED] - Object: 'Object Repository/Modulo control tiempo/Reloj/a_Eliminar' is clicked on

2022-03-28 09:16:01 - [TEST_STEP][PASSED] - click(findTestObject("Modulo control tiempo/Reloj/a_Aceptar")): Object: 'Object Repository/Modulo control tiempo/Reloj/a_Aceptar' is clicked on

2022-03-28 09:16:02 - [MESSAGE][PASSED] - Object: 'Object Repository/Modulo control tiempo/Reloj/a_Aceptar' is clicked on

2022-03-28 09:16:02 - [TEST_STEP][PASSED] - click(findTestObject("Modulo control tiempo/Reloj/a_Nuevo")): Object: 'Object Repository/Modulo control tiempo/Reloj/a_Nuevo' is clicked on

2022-03-28 09:16:03 - [MESSAGE][PASSED] - Object: 'Object Repository/Modulo control tiempo/Reloj/a_Nuevo' is clicked on

2022-03-28 09:16:03 - [TEST_STEP][PASSED] - selectOptionByIndex(findTestObject("Modulo control tiempo/Reloj/select_AbiertoCerrado"), 1): All options with index in [1] are selected on object 'Object Repository/Modulo control tiempo/Reloj/select_AbiertoCerrado'

2022-03-28 09:16:04 - [MESSAGE][PASSED] - All options with index in [1] are selected on object 'Object Repository/Modulo control tiempo/Reloj/select_AbiertoCerrado'

2022-03-28 09:16:04 - [TEST_STEP][PASSED] - setText(findTestObject("Modulo control tiempo/Reloj/input_Fecha Inicial_formPopupRelojfechaIni_input"), "01/07/2021"): Text '01/07/2021' is set on object 'Object Repository/Modulo control tiempo/Reloj/input_Fecha Inicial_formPopupRelojfechaIni_input'

2022-03-28 09:16:05 - [MESSAGE][PASSED] - Text '01/07/2021' is set on object 'Object Repository/Modulo control tiempo/Reloj/input_Fecha Inicial_formPopupRelojfechaIni_input'

2022-03-28 09:16:05 - [TEST_STEP][PASSED] - setText(findTestObject("Modulo control tiempo/Reloj/input_Fecha Final_formPopupRelojfechaFin_input"), "30/07/2021"): Text '30/07/2021' is set on object 'Object Repository/Modulo control tiempo/Reloj/input_Fecha Final_formPopupRelojfechaFin_input'

2022-03-28 09:16:06 - [MESSAGE][PASSED] - Text '30/07/2021' is set on object 'Object Repository/Modulo control tiempo/Reloj/input_Fecha Final_formPopupRelojfechaFin_input'

2022-03-28 09:16:06 - [TEST_STEP][PASSED] - setText(findTestObject("Modulo control tiempo/Reloj/input_Hora_formPopupRelojhoraIni"), "08"): Text '08' is set on object 'Object Repository/Modulo control tiempo/Reloj/input_Hora_formPopupRelojhoraIni'

2022-03-28 09:16:07 - [MESSAGE][PASSED] - Text '08' is set on object 'Object Repository/Modulo control tiempo/Reloj/input_Hora_formPopupRelojhoraIni'

2022-03-28 09:16:07 - [TEST_STEP][PASSED] - setText(findTestObject("Modulo control tiempo/Reloj/input__formPopupRelojminutoIni"), "10"): Text '10' is set on object 'Object Repository/Modulo control tiempo/Reloj/input__formPopupRelojminutoIni'

2022-03-28 09:16:07 - [MESSAGE][PASSED] - Text '10' is set on object 'Object Repository/Modulo control tiempo/Reloj/input__formPopupRelojminutoIni'

2022-03-28 09:16:07 - [TEST_STEP][PASSED] - setText(findTestObject("Modulo control tiempo/Reloj/input__formPopupRelojhoraFin"), "18"): Text '18' is set on object 'Object Repository/Modulo control tiempo/Reloj/input__formPopupRelojhoraFin'

2022-03-28 09:16:08 - [MESSAGE][PASSED] - Text '18' is set on object 'Object Repository/Modulo control tiempo/Reloj/input__formPopupRelojhoraFin'

2022-03-28 09:16:08 - [TEST_STEP][PASSED] - setText(findTestObject("Modulo control tiempo/Reloj/input__formPopupRelojminutoFin"), "00"): Text '00' is set on object 'Object Repository/Modulo control tiempo/Reloj/input__formPopupRelojminutoFin'

2022-03-28 09:16:09 - [MESSAGE][PASSED] - Text '00' is set on object 'Object Repository/Modulo control tiempo/Reloj/input__formPopupRelojminutoFin'

2022-03-28 09:16:09 - [TEST_STEP][PASSED] - click(findTestObject("Modulo control tiempo/Reloj/a_Guardar")): Object: 'Object Repository/Modulo control tiempo/Reloj/a_Guardar' is clicked on

2022-03-28 09:16:09 - [MESSAGE][PASSED] - Object: 'Object Repository/Modulo control tiempo/Reloj/a_Guardar' is clicked on]]></system-out>
         <system-err><![CDATA[]]></system-err>
      </testcase>
      <testcase name="Test Cases/1.2-Tareas_Secundarias/A.3-Pruebas_control_tiempos/13.1.7-Dispositivo" time="17.119" classname="Test Cases/1.2-Tareas_Secundarias/A.3-Pruebas_control_tiempos/13.1.7-Dispositivo" status="PASSED">
         <system-out><![CDATA[2022-03-28 09:16:09 - [TEST_CASE][PASSED] - Test Cases/1.2-Tareas_Secundarias/A.3-Pruebas_control_tiempos/13.1.7-Dispositivo: Test Cases/1.2-Tareas_Secundarias/A.3-Pruebas_control_tiempos/13.1.7-Dispositivo

2022-03-28 09:16:10 - [TEST_STEP][PASSED] - callTestCase(findTestCase("0.1-Login"), [:], STOP_ON_FAILURE): Call Test Case 'Test Cases/0.1-Login' successfully

2022-03-28 09:16:10 - [TEST_CASE][PASSED] - Test Cases/0.1-Login: Test Cases/0.1-Login

2022-03-28 09:16:10 - [TEST_STEP][PASSED] - openBrowser(""): Browser is opened with url: ''

2022-03-28 09:16:10 - [MESSAGE][WARNING] - A browser is already opened. Closing browser and opening a new one

2022-03-28 09:16:11 - [MESSAGE][INFO] - Starting 'Chrome' driver

2022-03-28 09:16:11 - [MESSAGE][INFO] - Action delay is set to 50 milliseconds

2022-03-28 09:16:13 - [MESSAGE][PASSED] - Browser is opened with url: ''

2022-03-28 09:16:13 - [TEST_STEP][PASSED] - maximizeWindow(): Current window maximized

2022-03-28 09:16:13 - [MESSAGE][PASSED] - Current window maximized

2022-03-28 09:16:13 - [TEST_STEP][PASSED] - i = G_Login: null

2022-03-28 09:16:13 - [TEST_STEP][PASSED] - url = new java.net.URL(i): null

2022-03-28 09:16:13 - [TEST_STEP][PASSED] - println("URL: " + url.toString()): null

2022-03-28 09:16:13 - [TEST_STEP][PASSED] - connection = url.openConnection(): null

2022-03-28 09:16:13 - [TEST_STEP][PASSED] - connection.setRequestMethod("GET"): null

2022-03-28 09:16:13 - [TEST_STEP][PASSED] - connection.setReadTimeout(2 * 1000): null

2022-03-28 09:16:13 - [TEST_STEP][PASSED] - try: null

2022-03-28 09:16:13 - [TEST_STEP][PASSED] - connection.connect(): null

2022-03-28 09:16:13 - [TEST_STEP][PASSED] - flag = connected: null

2022-03-28 09:16:13 - [TEST_STEP][PASSED] - println("Valor_ori: " + flag): null

2022-03-28 09:16:13 - [TEST_STEP][PASSED] - if (flag): null

2022-03-28 09:16:13 - [TEST_STEP][PASSED] - navigateToUrl(i): Navigate to 'http://192.168.2.19:8380/saraweb' successfully

2022-03-28 09:16:13 - [MESSAGE][PASSED] - Navigate to 'http://192.168.2.19:8380/saraweb' successfully

2022-03-28 09:16:13 - [TEST_STEP][PASSED] - a(): null

2022-03-28 09:16:13 - [TEST_STEP][PASSED] - setText(findTestObject("Login/input_USUARIO_loginusuario"), G_Usuario): Text 'saraadmin' is set on object 'Object Repository/Login/input_USUARIO_loginusuario'

2022-03-28 09:16:14 - [MESSAGE][PASSED] - Text 'saraadmin' is set on object 'Object Repository/Login/input_USUARIO_loginusuario'

2022-03-28 09:16:14 - [TEST_STEP][PASSED] - setEncryptedText(findTestObject("Login/input_CLAVE_loginpassword"), "MkG4/TYiCFC3cb2driP7+Q=="): Text ****** has been set on object 'Object Repository/Login/input_CLAVE_loginpassword'

2022-03-28 09:16:14 - [MESSAGE][PASSED] - Text ****** has been set on object 'Object Repository/Login/input_CLAVE_loginpassword'

2022-03-28 09:16:14 - [TEST_STEP][PASSED] - waitForElementClickable(findTestObject("Login/a_Ingresar"), G_TimeOut): Object 'Object Repository/Login/a_Ingresar' is clickable

2022-03-28 09:16:15 - [MESSAGE][PASSED] - Object 'Object Repository/Login/a_Ingresar' is clickable

2022-03-28 09:16:15 - [TEST_STEP][PASSED] - click(findTestObject("Login/a_Ingresar")): Object: 'Object Repository/Login/a_Ingresar' is clicked on

2022-03-28 09:16:16 - [MESSAGE][PASSED] - Object: 'Object Repository/Login/a_Ingresar' is clicked on

2022-03-28 09:16:16 - [TEST_STEP][PASSED] - element = findWebElement(findTestObject("Login/a_Ir"), 30): null

2022-03-28 09:16:17 - [TEST_STEP][PASSED] - executeJavaScript("arguments[0].click()", Arrays.asList(element)): Execute JavaScript 'arguments[0].click()' successfully

2022-03-28 09:16:17 - [MESSAGE][PASSED] - Execute JavaScript 'arguments[0].click()' successfully

2022-03-28 09:16:17 - [MESSAGE][PASSED] - Call Test Case 'Test Cases/0.1-Login' successfully

2022-03-28 09:16:17 - [TEST_STEP][PASSED] - setText(findTestObject("input_Empresa 1_form_templatej_idt24_input"), "listado persona"): Text 'listado persona' is set on object 'Object Repository/input_Empresa 1_form_templatej_idt24_input'

2022-03-28 09:16:18 - [MESSAGE][PASSED] - Text 'listado persona' is set on object 'Object Repository/input_Empresa 1_form_templatej_idt24_input'

2022-03-28 09:16:18 - [TEST_STEP][PASSED] - click(findTestObject("Modulo control tiempo/Dispositivo/span_Listado Persona")): Object: 'Object Repository/Modulo control tiempo/Dispositivo/span_Listado Persona' is clicked on

2022-03-28 09:16:19 - [MESSAGE][PASSED] - Object: 'Object Repository/Modulo control tiempo/Dispositivo/span_Listado Persona' is clicked on

2022-03-28 09:16:19 - [TEST_STEP][PASSED] - click(findTestObject("Modulo control tiempo/Dispositivo/td_1010220596")): Object: 'Object Repository/Modulo control tiempo/Dispositivo/td_1010220596' is clicked on

2022-03-28 09:16:20 - [MESSAGE][PASSED] - Object: 'Object Repository/Modulo control tiempo/Dispositivo/td_1010220596' is clicked on

2022-03-28 09:16:20 - [TEST_STEP][PASSED] - click(findTestObject("Modulo control tiempo/Dispositivo/a_dispositivo")): Object: 'Object Repository/Modulo control tiempo/Dispositivo/a_dispositivo' is clicked on

2022-03-28 09:16:21 - [MESSAGE][PASSED] - Object: 'Object Repository/Modulo control tiempo/Dispositivo/a_dispositivo' is clicked on

2022-03-28 09:16:21 - [TEST_STEP][PASSED] - if (waitForElementVisible(findTestObject("Modulo control tiempo/Dispositivo/td_-"), 1)): null

2022-03-28 09:16:22 - [MESSAGE][PASSED] - Object 'Object Repository/Modulo control tiempo/Dispositivo/td_-' is visible

2022-03-28 09:16:22 - [TEST_STEP][PASSED] - click(findTestObject("Modulo control tiempo/Dispositivo/td_-")): Object: 'Object Repository/Modulo control tiempo/Dispositivo/td_-' is clicked on

2022-03-28 09:16:22 - [MESSAGE][PASSED] - Object: 'Object Repository/Modulo control tiempo/Dispositivo/td_-' is clicked on

2022-03-28 09:16:22 - [TEST_STEP][PASSED] - element = findWebElement(findTestObject("Modulo control tiempo/Dispositivo/span_Remove All"), 30): null

2022-03-28 09:16:23 - [TEST_STEP][PASSED] - executeJavaScript("arguments[0].click()", Arrays.asList(element)): Execute JavaScript 'arguments[0].click()' successfully

2022-03-28 09:16:23 - [MESSAGE][PASSED] - Execute JavaScript 'arguments[0].click()' successfully

2022-03-28 09:16:23 - [TEST_STEP][PASSED] - click(findTestObject("Modulo control tiempo/Dispositivo/span_Huella Digital")): Object: 'Object Repository/Modulo control tiempo/Dispositivo/span_Huella Digital' is clicked on

2022-03-28 09:16:24 - [MESSAGE][PASSED] - Object: 'Object Repository/Modulo control tiempo/Dispositivo/span_Huella Digital' is clicked on

2022-03-28 09:16:24 - [TEST_STEP][PASSED] - click(findTestObject("Modulo control tiempo/Dispositivo/span_Huella Digital_ui-button-icon-left ui-icon ui-c ui-icon ui-icon-arrow-1-e")): Object: 'Object Repository/Modulo control tiempo/Dispositivo/span_Huella Digital_ui-button-icon-left ui-icon ui-c ui-icon ui-icon-arrow-1-e' is clicked on

2022-03-28 09:16:24 - [MESSAGE][PASSED] - Object: 'Object Repository/Modulo control tiempo/Dispositivo/span_Huella Digital_ui-button-icon-left ui-icon ui-c ui-icon ui-icon-arrow-1-e' is clicked on

2022-03-28 09:16:24 - [TEST_STEP][PASSED] - if (waitForElementVisible(findTestObject("Modulo control tiempo/Dispositivo/td_-"), 1)): null

2022-03-28 09:16:25 - [MESSAGE][PASSED] - Object 'Object Repository/Modulo control tiempo/Dispositivo/td_-' is visible

2022-03-28 09:16:25 - [TEST_STEP][PASSED] - closeBrowser(): Browser is closed

2022-03-28 09:16:27 - [MESSAGE][PASSED] - Browser is closed]]></system-out>
         <system-err><![CDATA[]]></system-err>
      </testcase>
      <testcase name="Test Cases/1.2-Tareas_Secundarias/A.3-Pruebas_control_tiempos/13.1.8-Funciones" time="13.847" classname="Test Cases/1.2-Tareas_Secundarias/A.3-Pruebas_control_tiempos/13.1.8-Funciones" status="PASSED">
         <system-out><![CDATA[2022-03-28 09:16:27 - [TEST_CASE][PASSED] - Test Cases/1.2-Tareas_Secundarias/A.3-Pruebas_control_tiempos/13.1.8-Funciones: Test Cases/1.2-Tareas_Secundarias/A.3-Pruebas_control_tiempos/13.1.8-Funciones

2022-03-28 09:16:27 - [TEST_STEP][PASSED] - callTestCase(findTestCase("0.1-Login"), [:], STOP_ON_FAILURE): Call Test Case 'Test Cases/0.1-Login' successfully

2022-03-28 09:16:27 - [TEST_CASE][PASSED] - Test Cases/0.1-Login: Test Cases/0.1-Login

2022-03-28 09:16:27 - [TEST_STEP][PASSED] - openBrowser(""): Browser is opened with url: ''

2022-03-28 09:16:27 - [MESSAGE][INFO] - Starting 'Chrome' driver

2022-03-28 09:16:27 - [MESSAGE][INFO] - Action delay is set to 50 milliseconds

2022-03-28 09:16:28 - [MESSAGE][PASSED] - Browser is opened with url: ''

2022-03-28 09:16:28 - [TEST_STEP][PASSED] - maximizeWindow(): Current window maximized

2022-03-28 09:16:29 - [MESSAGE][PASSED] - Current window maximized

2022-03-28 09:16:29 - [TEST_STEP][PASSED] - i = G_Login: null

2022-03-28 09:16:29 - [TEST_STEP][PASSED] - url = new java.net.URL(i): null

2022-03-28 09:16:29 - [TEST_STEP][PASSED] - println("URL: " + url.toString()): null

2022-03-28 09:16:29 - [TEST_STEP][PASSED] - connection = url.openConnection(): null

2022-03-28 09:16:29 - [TEST_STEP][PASSED] - connection.setRequestMethod("GET"): null

2022-03-28 09:16:29 - [TEST_STEP][PASSED] - connection.setReadTimeout(2 * 1000): null

2022-03-28 09:16:29 - [TEST_STEP][PASSED] - try: null

2022-03-28 09:16:29 - [TEST_STEP][PASSED] - connection.connect(): null

2022-03-28 09:16:29 - [TEST_STEP][PASSED] - flag = connected: null

2022-03-28 09:16:29 - [TEST_STEP][PASSED] - println("Valor_ori: " + flag): null

2022-03-28 09:16:29 - [TEST_STEP][PASSED] - if (flag): null

2022-03-28 09:16:29 - [TEST_STEP][PASSED] - navigateToUrl(i): Navigate to 'http://192.168.2.19:8380/saraweb' successfully

2022-03-28 09:16:29 - [MESSAGE][PASSED] - Navigate to 'http://192.168.2.19:8380/saraweb' successfully

2022-03-28 09:16:29 - [TEST_STEP][PASSED] - a(): null

2022-03-28 09:16:29 - [TEST_STEP][PASSED] - setText(findTestObject("Login/input_USUARIO_loginusuario"), G_Usuario): Text 'saraadmin' is set on object 'Object Repository/Login/input_USUARIO_loginusuario'

2022-03-28 09:16:30 - [MESSAGE][PASSED] - Text 'saraadmin' is set on object 'Object Repository/Login/input_USUARIO_loginusuario'

2022-03-28 09:16:30 - [TEST_STEP][PASSED] - setEncryptedText(findTestObject("Login/input_CLAVE_loginpassword"), "MkG4/TYiCFC3cb2driP7+Q=="): Text ****** has been set on object 'Object Repository/Login/input_CLAVE_loginpassword'

2022-03-28 09:16:30 - [MESSAGE][PASSED] - Text ****** has been set on object 'Object Repository/Login/input_CLAVE_loginpassword'

2022-03-28 09:16:30 - [TEST_STEP][PASSED] - waitForElementClickable(findTestObject("Login/a_Ingresar"), G_TimeOut): Object 'Object Repository/Login/a_Ingresar' is clickable

2022-03-28 09:16:31 - [MESSAGE][PASSED] - Object 'Object Repository/Login/a_Ingresar' is clickable

2022-03-28 09:16:31 - [TEST_STEP][PASSED] - click(findTestObject("Login/a_Ingresar")): Object: 'Object Repository/Login/a_Ingresar' is clicked on

2022-03-28 09:16:32 - [MESSAGE][PASSED] - Object: 'Object Repository/Login/a_Ingresar' is clicked on

2022-03-28 09:16:32 - [TEST_STEP][PASSED] - element = findWebElement(findTestObject("Login/a_Ir"), 30): null

2022-03-28 09:16:32 - [TEST_STEP][PASSED] - executeJavaScript("arguments[0].click()", Arrays.asList(element)): Execute JavaScript 'arguments[0].click()' successfully

2022-03-28 09:16:32 - [MESSAGE][PASSED] - Execute JavaScript 'arguments[0].click()' successfully

2022-03-28 09:16:32 - [MESSAGE][PASSED] - Call Test Case 'Test Cases/0.1-Login' successfully

2022-03-28 09:16:32 - [TEST_STEP][PASSED] - setText(findTestObject("input_Empresa 1_form_templatej_idt24_input"), "Listado persona"): Text 'Listado persona' is set on object 'Object Repository/input_Empresa 1_form_templatej_idt24_input'

2022-03-28 09:16:33 - [MESSAGE][PASSED] - Text 'Listado persona' is set on object 'Object Repository/input_Empresa 1_form_templatej_idt24_input'

2022-03-28 09:16:33 - [TEST_STEP][PASSED] - click(findTestObject("Modulo control tiempo/Funciones/span_Listado Persona")): Object: 'Object Repository/Modulo control tiempo/Funciones/span_Listado Persona' is clicked on

2022-03-28 09:16:35 - [MESSAGE][PASSED] - Object: 'Object Repository/Modulo control tiempo/Funciones/span_Listado Persona' is clicked on

2022-03-28 09:16:35 - [TEST_STEP][PASSED] - click(findTestObject("Modulo control tiempo/Funciones/td_1010220596")): Object: 'Object Repository/Modulo control tiempo/Funciones/td_1010220596' is clicked on

2022-03-28 09:16:36 - [MESSAGE][PASSED] - Object: 'Object Repository/Modulo control tiempo/Funciones/td_1010220596' is clicked on

2022-03-28 09:16:36 - [TEST_STEP][PASSED] - click(findTestObject("Modulo control tiempo/Funciones/a_Funciones")): Object: 'Object Repository/Modulo control tiempo/Funciones/a_Funciones' is clicked on

2022-03-28 09:16:37 - [MESSAGE][PASSED] - Object: 'Object Repository/Modulo control tiempo/Funciones/a_Funciones' is clicked on

2022-03-28 09:16:37 - [TEST_STEP][PASSED] - click(findTestObject("Modulo control tiempo/Funciones/td_1")): Object: 'Object Repository/Modulo control tiempo/Funciones/td_1' is clicked on

2022-03-28 09:16:38 - [MESSAGE][PASSED] - Object: 'Object Repository/Modulo control tiempo/Funciones/td_1' is clicked on

2022-03-28 09:16:38 - [TEST_STEP][PASSED] - waitForElementVisible(findTestObject("Modulo control tiempo/Funciones/a_Cancelar"), 2): Object 'Object Repository/Modulo control tiempo/Funciones/a_Cancelar' is visible

2022-03-28 09:16:39 - [MESSAGE][PASSED] - Object 'Object Repository/Modulo control tiempo/Funciones/a_Cancelar' is visible

2022-03-28 09:16:39 - [TEST_STEP][PASSED] - click(findTestObject("Modulo control tiempo/Funciones/a_Cancelar")): Object: 'Object Repository/Modulo control tiempo/Funciones/a_Cancelar' is clicked on

2022-03-28 09:16:39 - [MESSAGE][PASSED] - Object: 'Object Repository/Modulo control tiempo/Funciones/a_Cancelar' is clicked on

2022-03-28 09:16:39 - [TEST_STEP][PASSED] - if (waitForElementVisible(findTestObject("Modulo control tiempo/Funciones/td_1"), 1)): null

2022-03-28 09:16:40 - [MESSAGE][PASSED] - Object 'Object Repository/Modulo control tiempo/Funciones/td_1' is visible

2022-03-28 09:16:40 - [TEST_STEP][PASSED] - closeBrowser(): Browser is closed

2022-03-28 09:16:40 - [MESSAGE][PASSED] - Browser is closed]]></system-out>
         <system-err><![CDATA[]]></system-err>
      </testcase>
      <testcase name="Test Cases/1.2-Tareas_Secundarias/A.3-Pruebas_control_tiempos/13.2.2-Liquidación_reversar" time="153.389" classname="Test Cases/1.2-Tareas_Secundarias/A.3-Pruebas_control_tiempos/13.2.2-Liquidación_reversar" status="FAILED">
         <failure type="FAILED" message="Test Cases/1.2-Tareas_Secundarias/A.3-Pruebas_control_tiempos/13.2.2-Liquidación_reversar FAILED.
Reason:
com.kms.katalon.core.exception.StepFailedException: Unable to click on object 'Object Repository/Modulo control tiempo/liquidación/a_Nuevo'
	at com.kms.katalon.core.webui.keyword.internal.WebUIKeywordMain.stepFailed(WebUIKeywordMain.groovy:64)
	at com.kms.katalon.core.webui.keyword.internal.WebUIKeywordMain.runKeyword(WebUIKeywordMain.groovy:26)
	at com.kms.katalon.core.webui.keyword.builtin.ClickKeyword.click(ClickKeyword.groovy:74)
	at com.kms.katalon.core.webui.keyword.builtin.ClickKeyword.execute(ClickKeyword.groovy:40)
	at com.kms.katalon.core.keyword.internal.KeywordExecutor.executeKeywordForPlatform(KeywordExecutor.groovy:74)
	at com.kms.katalon.core.webui.keyword.WebUiBuiltInKeywords.click(WebUiBuiltInKeywords.groovy:620)
	at com.kms.katalon.core.webui.keyword.WebUiBuiltInKeywords$click$5.call(Unknown Source)
	at 13.2.2-Liquidación_reversar.run(13.2.2-Liquidación_reversar:43)
	at com.kms.katalon.core.main.ScriptEngine.run(ScriptEngine.java:194)
	at com.kms.katalon.core.main.ScriptEngine.runScriptAsRawText(ScriptEngine.java:119)
	at com.kms.katalon.core.main.TestCaseExecutor.runScript(TestCaseExecutor.java:442)
	at com.kms.katalon.core.main.TestCaseExecutor.doExecute(TestCaseExecutor.java:433)
	at com.kms.katalon.core.main.TestCaseExecutor.processExecutionPhase(TestCaseExecutor.java:412)
	at com.kms.katalon.core.main.TestCaseExecutor.accessMainPhase(TestCaseExecutor.java:404)
	at com.kms.katalon.core.main.TestCaseExecutor.execute(TestCaseExecutor.java:281)
	at com.kms.katalon.core.main.TestSuiteExecutor.accessTestCaseMainPhase(TestSuiteExecutor.java:202)
	at com.kms.katalon.core.main.TestSuiteExecutor.accessTestSuiteMainPhase(TestSuiteExecutor.java:164)
	at com.kms.katalon.core.main.TestSuiteExecutor.execute(TestSuiteExecutor.java:105)
	at com.kms.katalon.core.main.TestCaseMain.startTestSuite(TestCaseMain.java:185)
	at com.kms.katalon.core.main.TestCaseMain$startTestSuite$0.call(Unknown Source)
	at TempTestSuite1648476804923.run(TempTestSuite1648476804923.groovy:36)
Caused by: com.kms.katalon.core.webui.exception.WebElementNotFoundException: Web element with id: 'Object Repository/Modulo control tiempo/liquidación/a_Nuevo' located by '//a[contains(text(),'Nuevo')]' not found
	at com.kms.katalon.core.webui.common.WebUiCommonHelper.findWebElement(WebUiCommonHelper.java:1370)
	at com.kms.katalon.core.webui.keyword.internal.WebUIAbstractKeyword.findWebElement(WebUIAbstractKeyword.groovy:27)
	at com.kms.katalon.core.webui.keyword.builtin.ClickKeyword$_click_closure1.doCall(ClickKeyword.groovy:65)
	at com.kms.katalon.core.webui.keyword.builtin.ClickKeyword$_click_closure1.call(ClickKeyword.groovy)
	at com.kms.katalon.core.webui.keyword.internal.WebUIKeywordMain.runKeyword(WebUIKeywordMain.groovy:20)
	... 19 more
"/>
         <system-out><![CDATA[2022-03-28 09:16:40 - [TEST_CASE][FAILED] - Test Cases/1.2-Tareas_Secundarias/A.3-Pruebas_control_tiempos/13.2.2-Liquidación_reversar: Test Cases/1.2-Tareas_Secundarias/A.3-Pruebas_control_tiempos/13.2.2-Liquidación_reversar FAILED.
Reason:
com.kms.katalon.core.exception.StepFailedException: Unable to click on object 'Object Repository/Modulo control tiempo/liquidación/a_Nuevo'
	at com.kms.katalon.core.webui.keyword.internal.WebUIKeywordMain.stepFailed(WebUIKeywordMain.groovy:64)
	at com.kms.katalon.core.webui.keyword.internal.WebUIKeywordMain.runKeyword(WebUIKeywordMain.groovy:26)
	at com.kms.katalon.core.webui.keyword.builtin.ClickKeyword.click(ClickKeyword.groovy:74)
	at com.kms.katalon.core.webui.keyword.builtin.ClickKeyword.execute(ClickKeyword.groovy:40)
	at com.kms.katalon.core.keyword.internal.KeywordExecutor.executeKeywordForPlatform(KeywordExecutor.groovy:74)
	at com.kms.katalon.core.webui.keyword.WebUiBuiltInKeywords.click(WebUiBuiltInKeywords.groovy:620)
	at com.kms.katalon.core.webui.keyword.WebUiBuiltInKeywords$click$5.call(Unknown Source)
	at 13.2.2-Liquidación_reversar.run(13.2.2-Liquidación_reversar:43)
	at com.kms.katalon.core.main.ScriptEngine.run(ScriptEngine.java:194)
	at com.kms.katalon.core.main.ScriptEngine.runScriptAsRawText(ScriptEngine.java:119)
	at com.kms.katalon.core.main.TestCaseExecutor.runScript(TestCaseExecutor.java:442)
	at com.kms.katalon.core.main.TestCaseExecutor.doExecute(TestCaseExecutor.java:433)
	at com.kms.katalon.core.main.TestCaseExecutor.processExecutionPhase(TestCaseExecutor.java:412)
	at com.kms.katalon.core.main.TestCaseExecutor.accessMainPhase(TestCaseExecutor.java:404)
	at com.kms.katalon.core.main.TestCaseExecutor.execute(TestCaseExecutor.java:281)
	at com.kms.katalon.core.main.TestSuiteExecutor.accessTestCaseMainPhase(TestSuiteExecutor.java:202)
	at com.kms.katalon.core.main.TestSuiteExecutor.accessTestSuiteMainPhase(TestSuiteExecutor.java:164)
	at com.kms.katalon.core.main.TestSuiteExecutor.execute(TestSuiteExecutor.java:105)
	at com.kms.katalon.core.main.TestCaseMain.startTestSuite(TestCaseMain.java:185)
	at com.kms.katalon.core.main.TestCaseMain$startTestSuite$0.call(Unknown Source)
	at TempTestSuite1648476804923.run(TempTestSuite1648476804923.groovy:36)
Caused by: com.kms.katalon.core.webui.exception.WebElementNotFoundException: Web element with id: 'Object Repository/Modulo control tiempo/liquidación/a_Nuevo' located by '//a[contains(text(),'Nuevo')]' not found
	at com.kms.katalon.core.webui.common.WebUiCommonHelper.findWebElement(WebUiCommonHelper.java:1370)
	at com.kms.katalon.core.webui.keyword.internal.WebUIAbstractKeyword.findWebElement(WebUIAbstractKeyword.groovy:27)
	at com.kms.katalon.core.webui.keyword.builtin.ClickKeyword$_click_closure1.doCall(ClickKeyword.groovy:65)
	at com.kms.katalon.core.webui.keyword.builtin.ClickKeyword$_click_closure1.call(ClickKeyword.groovy)
	at com.kms.katalon.core.webui.keyword.internal.WebUIKeywordMain.runKeyword(WebUIKeywordMain.groovy:20)
	... 19 more


2022-03-28 09:16:41 - [TEST_STEP][PASSED] - callTestCase(findTestCase("0.1-Login"), [:], STOP_ON_FAILURE): Call Test Case 'Test Cases/0.1-Login' successfully

2022-03-28 09:16:41 - [TEST_CASE][PASSED] - Test Cases/0.1-Login: Test Cases/0.1-Login

2022-03-28 09:16:41 - [TEST_STEP][PASSED] - openBrowser(""): Browser is opened with url: ''

2022-03-28 09:16:41 - [MESSAGE][INFO] - Starting 'Chrome' driver

2022-03-28 09:16:41 - [MESSAGE][INFO] - Action delay is set to 50 milliseconds

2022-03-28 09:16:42 - [MESSAGE][PASSED] - Browser is opened with url: ''

2022-03-28 09:16:42 - [TEST_STEP][PASSED] - maximizeWindow(): Current window maximized

2022-03-28 09:16:42 - [MESSAGE][PASSED] - Current window maximized

2022-03-28 09:16:42 - [TEST_STEP][PASSED] - i = G_Login: null

2022-03-28 09:16:42 - [TEST_STEP][PASSED] - url = new java.net.URL(i): null

2022-03-28 09:16:42 - [TEST_STEP][PASSED] - println("URL: " + url.toString()): null

2022-03-28 09:16:42 - [TEST_STEP][PASSED] - connection = url.openConnection(): null

2022-03-28 09:16:42 - [TEST_STEP][PASSED] - connection.setRequestMethod("GET"): null

2022-03-28 09:16:42 - [TEST_STEP][PASSED] - connection.setReadTimeout(2 * 1000): null

2022-03-28 09:16:42 - [TEST_STEP][PASSED] - try: null

2022-03-28 09:16:42 - [TEST_STEP][PASSED] - connection.connect(): null

2022-03-28 09:16:42 - [TEST_STEP][PASSED] - flag = connected: null

2022-03-28 09:16:42 - [TEST_STEP][PASSED] - println("Valor_ori: " + flag): null

2022-03-28 09:16:42 - [TEST_STEP][PASSED] - if (flag): null

2022-03-28 09:16:42 - [TEST_STEP][PASSED] - navigateToUrl(i): Navigate to 'http://192.168.2.19:8380/saraweb' successfully

2022-03-28 09:16:43 - [MESSAGE][PASSED] - Navigate to 'http://192.168.2.19:8380/saraweb' successfully

2022-03-28 09:16:43 - [TEST_STEP][PASSED] - a(): null

2022-03-28 09:16:43 - [TEST_STEP][PASSED] - setText(findTestObject("Login/input_USUARIO_loginusuario"), G_Usuario): Text 'saraadmin' is set on object 'Object Repository/Login/input_USUARIO_loginusuario'

2022-03-28 09:16:43 - [MESSAGE][PASSED] - Text 'saraadmin' is set on object 'Object Repository/Login/input_USUARIO_loginusuario'

2022-03-28 09:16:43 - [TEST_STEP][PASSED] - setEncryptedText(findTestObject("Login/input_CLAVE_loginpassword"), "MkG4/TYiCFC3cb2driP7+Q=="): Text ****** has been set on object 'Object Repository/Login/input_CLAVE_loginpassword'

2022-03-28 09:16:44 - [MESSAGE][PASSED] - Text ****** has been set on object 'Object Repository/Login/input_CLAVE_loginpassword'

2022-03-28 09:16:44 - [TEST_STEP][PASSED] - waitForElementClickable(findTestObject("Login/a_Ingresar"), G_TimeOut): Object 'Object Repository/Login/a_Ingresar' is clickable

2022-03-28 09:16:44 - [MESSAGE][PASSED] - Object 'Object Repository/Login/a_Ingresar' is clickable

2022-03-28 09:16:44 - [TEST_STEP][PASSED] - click(findTestObject("Login/a_Ingresar")): Object: 'Object Repository/Login/a_Ingresar' is clicked on

2022-03-28 09:16:45 - [MESSAGE][PASSED] - Object: 'Object Repository/Login/a_Ingresar' is clicked on

2022-03-28 09:16:45 - [TEST_STEP][PASSED] - element = findWebElement(findTestObject("Login/a_Ir"), 30): null

2022-03-28 09:16:46 - [TEST_STEP][PASSED] - executeJavaScript("arguments[0].click()", Arrays.asList(element)): Execute JavaScript 'arguments[0].click()' successfully

2022-03-28 09:16:46 - [MESSAGE][PASSED] - Execute JavaScript 'arguments[0].click()' successfully

2022-03-28 09:16:46 - [MESSAGE][PASSED] - Call Test Case 'Test Cases/0.1-Login' successfully

2022-03-28 09:16:46 - [TEST_STEP][PASSED] - setText(findTestObject("Modulo control tiempo/liquidación/input_Empresa 1_form_templatej_idt24_input"), "Liquidacion (get)"): Text 'Liquidacion (get)' is set on object 'Object Repository/Modulo control tiempo/liquidación/input_Empresa 1_form_templatej_idt24_input'

2022-03-28 09:16:47 - [MESSAGE][PASSED] - Text 'Liquidacion (get)' is set on object 'Object Repository/Modulo control tiempo/liquidación/input_Empresa 1_form_templatej_idt24_input'

2022-03-28 09:16:47 - [TEST_STEP][PASSED] - click(findTestObject("Modulo control tiempo/liquidación/li_Liquidacion (get)")): Object: 'Object Repository/Modulo control tiempo/liquidación/li_Liquidacion (get)' is clicked on

2022-03-28 09:16:48 - [MESSAGE][PASSED] - Object: 'Object Repository/Modulo control tiempo/liquidación/li_Liquidacion (get)' is clicked on

2022-03-28 09:16:48 - [TEST_STEP][PASSED] - if (waitForElementVisible(findTestObject("Modulo control tiempo/liquidación/td_01072021"), 1)): null

2022-03-28 09:16:49 - [MESSAGE][PASSED] - Object 'Object Repository/Modulo control tiempo/liquidación/td_01072021' is visible

2022-03-28 09:16:49 - [TEST_STEP][PASSED] - click(findTestObject("Modulo control tiempo/liquidación/td_01072021")): Object: 'Object Repository/Modulo control tiempo/liquidación/td_01072021' is clicked on

2022-03-28 09:16:49 - [MESSAGE][PASSED] - Object: 'Object Repository/Modulo control tiempo/liquidación/td_01072021' is clicked on

2022-03-28 09:16:49 - [TEST_STEP][PASSED] - click(findTestObject("Modulo control tiempo/liquidación/a_Reversar")): Object: 'Object Repository/Modulo control tiempo/liquidación/a_Reversar' is clicked on

2022-03-28 09:16:50 - [MESSAGE][PASSED] - Object: 'Object Repository/Modulo control tiempo/liquidación/a_Reversar' is clicked on

2022-03-28 09:16:50 - [TEST_STEP][PASSED] - click(findTestObject("Modulo control tiempo/liquidación/a_Aceptar")): Object: 'Object Repository/Modulo control tiempo/liquidación/a_Aceptar' is clicked on

2022-03-28 09:16:51 - [MESSAGE][PASSED] - Object: 'Object Repository/Modulo control tiempo/liquidación/a_Aceptar' is clicked on

2022-03-28 09:16:51 - [TEST_STEP][PASSED] - waitForElementVisible(findTestObject("Modulo control tiempo/liquidación/a_Continuar"), 0): Web element with id: 'Object Repository/Modulo control tiempo/liquidación/a_Continuar' located by '//div[2]/table/tbody/tr[2]/td/div/a' not found

2022-03-28 09:16:51 - [MESSAGE][WARNING] - Timeout '0' is invalid. Using default page load timeout: '45'

2022-03-28 09:17:38 - [MESSAGE][INFO] - Unable to find the element located by 'By.xpath: //div[2]/table/tbody/tr[2]/td/div/a'. Please recheck the objects properties to make sure the desired element is located. 

2022-03-28 09:17:38 - [MESSAGE][WARNING] - Web element with id: 'Object Repository/Modulo control tiempo/liquidación/a_Continuar' located by '//div[2]/table/tbody/tr[2]/td/div/a' not found

2022-03-28 09:17:38 - [TEST_STEP][PASSED] - if (waitForElementVisible(findTestObject("Modulo control tiempo/liquidación/div_Reversin realizada con xito"), 1)): Web element with id: 'Object Repository/Modulo control tiempo/liquidación/div_Reversin realizada con xito' located by '//*/text()[normalize-space(.)='Reversión realizada con éxito.']/parent::*' not found

2022-03-28 09:17:41 - [MESSAGE][INFO] - Unable to find the element located by 'By.xpath: //*/text()[normalize-space(.)='Reversión realizada con éxito.']/parent::*'. Please recheck the objects properties to make sure the desired element is located. 

2022-03-28 09:17:41 - [MESSAGE][WARNING] - Web element with id: 'Object Repository/Modulo control tiempo/liquidación/div_Reversin realizada con xito' located by '//*/text()[normalize-space(.)='Reversión realizada con éxito.']/parent::*' not found

2022-03-28 09:17:41 - [TEST_STEP][PASSED] - waitForElementVisible(findTestObject("Modulo control tiempo/liquidación/a_Nuevo"), 0): Web element with id: 'Object Repository/Modulo control tiempo/liquidación/a_Nuevo' located by '//a[contains(text(),'Nuevo')]' not found

2022-03-28 09:17:41 - [MESSAGE][WARNING] - Timeout '0' is invalid. Using default page load timeout: '45'

2022-03-28 09:18:27 - [MESSAGE][INFO] - Unable to find the element located by 'By.xpath: //a[contains(text(),'Nuevo')]'. Please recheck the objects properties to make sure the desired element is located. 

2022-03-28 09:18:27 - [MESSAGE][WARNING] - Web element with id: 'Object Repository/Modulo control tiempo/liquidación/a_Nuevo' located by '//a[contains(text(),'Nuevo')]' not found

2022-03-28 09:18:27 - [TEST_STEP][FAILED] - click(findTestObject("Modulo control tiempo/liquidación/a_Nuevo")): Unable to click on object 'Object Repository/Modulo control tiempo/liquidación/a_Nuevo' (Root cause: com.kms.katalon.core.exception.StepFailedException: Unable to click on object 'Object Repository/Modulo control tiempo/liquidación/a_Nuevo'
	at com.kms.katalon.core.webui.keyword.internal.WebUIKeywordMain.stepFailed(WebUIKeywordMain.groovy:64)
	at com.kms.katalon.core.webui.keyword.internal.WebUIKeywordMain.runKeyword(WebUIKeywordMain.groovy:26)
	at com.kms.katalon.core.webui.keyword.builtin.ClickKeyword.click(ClickKeyword.groovy:74)
	at com.kms.katalon.core.webui.keyword.builtin.ClickKeyword.execute(ClickKeyword.groovy:40)
	at com.kms.katalon.core.keyword.internal.KeywordExecutor.executeKeywordForPlatform(KeywordExecutor.groovy:74)
	at com.kms.katalon.core.webui.keyword.WebUiBuiltInKeywords.click(WebUiBuiltInKeywords.groovy:620)
	at com.kms.katalon.core.webui.keyword.WebUiBuiltInKeywords$click$5.call(Unknown Source)
	at 13.2.2-Liquidación_reversar.run(13.2.2-Liquidación_reversar:43)
	at com.kms.katalon.core.main.ScriptEngine.run(ScriptEngine.java:194)
	at com.kms.katalon.core.main.ScriptEngine.runScriptAsRawText(ScriptEngine.java:119)
	at com.kms.katalon.core.main.TestCaseExecutor.runScript(TestCaseExecutor.java:442)
	at com.kms.katalon.core.main.TestCaseExecutor.doExecute(TestCaseExecutor.java:433)
	at com.kms.katalon.core.main.TestCaseExecutor.processExecutionPhase(TestCaseExecutor.java:412)
	at com.kms.katalon.core.main.TestCaseExecutor.accessMainPhase(TestCaseExecutor.java:404)
	at com.kms.katalon.core.main.TestCaseExecutor.execute(TestCaseExecutor.java:281)
	at com.kms.katalon.core.main.TestSuiteExecutor.accessTestCaseMainPhase(TestSuiteExecutor.java:202)
	at com.kms.katalon.core.main.TestSuiteExecutor.accessTestSuiteMainPhase(TestSuiteExecutor.java:164)
	at com.kms.katalon.core.main.TestSuiteExecutor.execute(TestSuiteExecutor.java:105)
	at com.kms.katalon.core.main.TestCaseMain.startTestSuite(TestCaseMain.java:185)
	at com.kms.katalon.core.main.TestCaseMain$startTestSuite$0.call(Unknown Source)
	at TempTestSuite1648476804923.run(TempTestSuite1648476804923.groovy:36)
Caused by: com.kms.katalon.core.webui.exception.WebElementNotFoundException: Web element with id: 'Object Repository/Modulo control tiempo/liquidación/a_Nuevo' located by '//a[contains(text(),'Nuevo')]' not found
	at com.kms.katalon.core.webui.common.WebUiCommonHelper.findWebElement(WebUiCommonHelper.java:1370)
	at com.kms.katalon.core.webui.keyword.internal.WebUIAbstractKeyword.findWebElement(WebUIAbstractKeyword.groovy:27)
	at com.kms.katalon.core.webui.keyword.builtin.ClickKeyword$_click_closure1.doCall(ClickKeyword.groovy:65)
	at com.kms.katalon.core.webui.keyword.builtin.ClickKeyword$_click_closure1.call(ClickKeyword.groovy)
	at com.kms.katalon.core.webui.keyword.internal.WebUIKeywordMain.runKeyword(WebUIKeywordMain.groovy:20)
	at com.kms.katalon.core.webui.keyword.builtin.ClickKeyword.click(ClickKeyword.groovy:74)
	at com.kms.katalon.core.webui.keyword.builtin.ClickKeyword.execute(ClickKeyword.groovy:40)
	at com.kms.katalon.core.keyword.internal.KeywordExecutor.executeKeywordForPlatform(KeywordExecutor.groovy:74)
	at com.kms.katalon.core.webui.keyword.WebUiBuiltInKeywords.click(WebUiBuiltInKeywords.groovy:620)
	at com.kms.katalon.core.webui.keyword.WebUiBuiltInKeywords$click$5.call(Unknown Source)
	at Script1648474023702.run(Script1648474023702.groovy:43)
	... 13 more
)

2022-03-28 09:19:13 - [MESSAGE][INFO] - Unable to find the element located by 'By.xpath: //a[contains(text(),'Nuevo')]'. Please recheck the objects properties to make sure the desired element is located. 

2022-03-28 09:19:14 - [MESSAGE][FAILED] - Unable to click on object 'Object Repository/Modulo control tiempo/liquidación/a_Nuevo' (Root cause: com.kms.katalon.core.exception.StepFailedException: Unable to click on object 'Object Repository/Modulo control tiempo/liquidación/a_Nuevo'
	at com.kms.katalon.core.webui.keyword.internal.WebUIKeywordMain.stepFailed(WebUIKeywordMain.groovy:64)
	at com.kms.katalon.core.webui.keyword.internal.WebUIKeywordMain.runKeyword(WebUIKeywordMain.groovy:26)
	at com.kms.katalon.core.webui.keyword.builtin.ClickKeyword.click(ClickKeyword.groovy:74)
	at com.kms.katalon.core.webui.keyword.builtin.ClickKeyword.execute(ClickKeyword.groovy:40)
	at com.kms.katalon.core.keyword.internal.KeywordExecutor.executeKeywordForPlatform(KeywordExecutor.groovy:74)
	at com.kms.katalon.core.webui.keyword.WebUiBuiltInKeywords.click(WebUiBuiltInKeywords.groovy:620)
	at com.kms.katalon.core.webui.keyword.WebUiBuiltInKeywords$click$5.call(Unknown Source)
	at 13.2.2-Liquidación_reversar.run(13.2.2-Liquidación_reversar:43)
	at com.kms.katalon.core.main.ScriptEngine.run(ScriptEngine.java:194)
	at com.kms.katalon.core.main.ScriptEngine.runScriptAsRawText(ScriptEngine.java:119)
	at com.kms.katalon.core.main.TestCaseExecutor.runScript(TestCaseExecutor.java:442)
	at com.kms.katalon.core.main.TestCaseExecutor.doExecute(TestCaseExecutor.java:433)
	at com.kms.katalon.core.main.TestCaseExecutor.processExecutionPhase(TestCaseExecutor.java:412)
	at com.kms.katalon.core.main.TestCaseExecutor.accessMainPhase(TestCaseExecutor.java:404)
	at com.kms.katalon.core.main.TestCaseExecutor.execute(TestCaseExecutor.java:281)
	at com.kms.katalon.core.main.TestSuiteExecutor.accessTestCaseMainPhase(TestSuiteExecutor.java:202)
	at com.kms.katalon.core.main.TestSuiteExecutor.accessTestSuiteMainPhase(TestSuiteExecutor.java:164)
	at com.kms.katalon.core.main.TestSuiteExecutor.execute(TestSuiteExecutor.java:105)
	at com.kms.katalon.core.main.TestCaseMain.startTestSuite(TestCaseMain.java:185)
	at com.kms.katalon.core.main.TestCaseMain$startTestSuite$0.call(Unknown Source)
	at TempTestSuite1648476804923.run(TempTestSuite1648476804923.groovy:36)
Caused by: com.kms.katalon.core.webui.exception.WebElementNotFoundException: Web element with id: 'Object Repository/Modulo control tiempo/liquidación/a_Nuevo' located by '//a[contains(text(),'Nuevo')]' not found
	at com.kms.katalon.core.webui.common.WebUiCommonHelper.findWebElement(WebUiCommonHelper.java:1370)
	at com.kms.katalon.core.webui.keyword.internal.WebUIAbstractKeyword.findWebElement(WebUIAbstractKeyword.groovy:27)
	at com.kms.katalon.core.webui.keyword.builtin.ClickKeyword$_click_closure1.doCall(ClickKeyword.groovy:65)
	at com.kms.katalon.core.webui.keyword.builtin.ClickKeyword$_click_closure1.call(ClickKeyword.groovy)
	at com.kms.katalon.core.webui.keyword.internal.WebUIKeywordMain.runKeyword(WebUIKeywordMain.groovy:20)
	at com.kms.katalon.core.webui.keyword.builtin.ClickKeyword.click(ClickKeyword.groovy:74)
	at com.kms.katalon.core.webui.keyword.builtin.ClickKeyword.execute(ClickKeyword.groovy:40)
	at com.kms.katalon.core.keyword.internal.KeywordExecutor.executeKeywordForPlatform(KeywordExecutor.groovy:74)
	at com.kms.katalon.core.webui.keyword.WebUiBuiltInKeywords.click(WebUiBuiltInKeywords.groovy:620)
	at com.kms.katalon.core.webui.keyword.WebUiBuiltInKeywords$click$5.call(Unknown Source)
	at Script1648474023702.run(Script1648474023702.groovy:43)
	... 13 more
)
[[ATTACHMENT|C:\\Users\\diego.rojas\\git\\Pruebas-Minimas\\Reports\\20220328_084605\\Test_Suite_Secundaria\\13-Pruebas_Control_Tiempos\\20220328_091324\\1648477153992.png]]]]></system-out>
         <system-err><![CDATA[2022-03-28 09:16:40 - [TEST_CASE][FAILED] - Test Cases/1.2-Tareas_Secundarias/A.3-Pruebas_control_tiempos/13.2.2-Liquidación_reversar: Test Cases/1.2-Tareas_Secundarias/A.3-Pruebas_control_tiempos/13.2.2-Liquidación_reversar FAILED.
Reason:
com.kms.katalon.core.exception.StepFailedException: Unable to click on object 'Object Repository/Modulo control tiempo/liquidación/a_Nuevo'
	at com.kms.katalon.core.webui.keyword.internal.WebUIKeywordMain.stepFailed(WebUIKeywordMain.groovy:64)
	at com.kms.katalon.core.webui.keyword.internal.WebUIKeywordMain.runKeyword(WebUIKeywordMain.groovy:26)
	at com.kms.katalon.core.webui.keyword.builtin.ClickKeyword.click(ClickKeyword.groovy:74)
	at com.kms.katalon.core.webui.keyword.builtin.ClickKeyword.execute(ClickKeyword.groovy:40)
	at com.kms.katalon.core.keyword.internal.KeywordExecutor.executeKeywordForPlatform(KeywordExecutor.groovy:74)
	at com.kms.katalon.core.webui.keyword.WebUiBuiltInKeywords.click(WebUiBuiltInKeywords.groovy:620)
	at com.kms.katalon.core.webui.keyword.WebUiBuiltInKeywords$click$5.call(Unknown Source)
	at 13.2.2-Liquidación_reversar.run(13.2.2-Liquidación_reversar:43)
	at com.kms.katalon.core.main.ScriptEngine.run(ScriptEngine.java:194)
	at com.kms.katalon.core.main.ScriptEngine.runScriptAsRawText(ScriptEngine.java:119)
	at com.kms.katalon.core.main.TestCaseExecutor.runScript(TestCaseExecutor.java:442)
	at com.kms.katalon.core.main.TestCaseExecutor.doExecute(TestCaseExecutor.java:433)
	at com.kms.katalon.core.main.TestCaseExecutor.processExecutionPhase(TestCaseExecutor.java:412)
	at com.kms.katalon.core.main.TestCaseExecutor.accessMainPhase(TestCaseExecutor.java:404)
	at com.kms.katalon.core.main.TestCaseExecutor.execute(TestCaseExecutor.java:281)
	at com.kms.katalon.core.main.TestSuiteExecutor.accessTestCaseMainPhase(TestSuiteExecutor.java:202)
	at com.kms.katalon.core.main.TestSuiteExecutor.accessTestSuiteMainPhase(TestSuiteExecutor.java:164)
	at com.kms.katalon.core.main.TestSuiteExecutor.execute(TestSuiteExecutor.java:105)
	at com.kms.katalon.core.main.TestCaseMain.startTestSuite(TestCaseMain.java:185)
	at com.kms.katalon.core.main.TestCaseMain$startTestSuite$0.call(Unknown Source)
	at TempTestSuite1648476804923.run(TempTestSuite1648476804923.groovy:36)
Caused by: com.kms.katalon.core.webui.exception.WebElementNotFoundException: Web element with id: 'Object Repository/Modulo control tiempo/liquidación/a_Nuevo' located by '//a[contains(text(),'Nuevo')]' not found
	at com.kms.katalon.core.webui.common.WebUiCommonHelper.findWebElement(WebUiCommonHelper.java:1370)
	at com.kms.katalon.core.webui.keyword.internal.WebUIAbstractKeyword.findWebElement(WebUIAbstractKeyword.groovy:27)
	at com.kms.katalon.core.webui.keyword.builtin.ClickKeyword$_click_closure1.doCall(ClickKeyword.groovy:65)
	at com.kms.katalon.core.webui.keyword.builtin.ClickKeyword$_click_closure1.call(ClickKeyword.groovy)
	at com.kms.katalon.core.webui.keyword.internal.WebUIKeywordMain.runKeyword(WebUIKeywordMain.groovy:20)
	... 19 more]]></system-err>
      </testcase>
      <testcase name="Test Cases/1.2-Tareas_Secundarias/A.3-Pruebas_control_tiempos/13.2.3-Aplicar" time="23.416" classname="Test Cases/1.2-Tareas_Secundarias/A.3-Pruebas_control_tiempos/13.2.3-Aplicar" status="PASSED">
         <system-out><![CDATA[2022-03-28 09:19:14 - [TEST_CASE][PASSED] - Test Cases/1.2-Tareas_Secundarias/A.3-Pruebas_control_tiempos/13.2.3-Aplicar: Test Cases/1.2-Tareas_Secundarias/A.3-Pruebas_control_tiempos/13.2.3-Aplicar

2022-03-28 09:19:15 - [TEST_STEP][PASSED] - callTestCase(findTestCase("0.1-Login"), [:], STOP_ON_FAILURE): Call Test Case 'Test Cases/0.1-Login' successfully

2022-03-28 09:19:15 - [TEST_CASE][PASSED] - Test Cases/0.1-Login: Test Cases/0.1-Login

2022-03-28 09:19:15 - [TEST_STEP][PASSED] - openBrowser(""): Browser is opened with url: ''

2022-03-28 09:19:15 - [MESSAGE][WARNING] - A browser is already opened. Closing browser and opening a new one

2022-03-28 09:19:17 - [MESSAGE][INFO] - Starting 'Chrome' driver

2022-03-28 09:19:17 - [MESSAGE][INFO] - Action delay is set to 50 milliseconds

2022-03-28 09:19:19 - [MESSAGE][PASSED] - Browser is opened with url: ''

2022-03-28 09:19:19 - [TEST_STEP][PASSED] - maximizeWindow(): Current window maximized

2022-03-28 09:19:19 - [MESSAGE][PASSED] - Current window maximized

2022-03-28 09:19:19 - [TEST_STEP][PASSED] - i = G_Login: null

2022-03-28 09:19:19 - [TEST_STEP][PASSED] - url = new java.net.URL(i): null

2022-03-28 09:19:19 - [TEST_STEP][PASSED] - println("URL: " + url.toString()): null

2022-03-28 09:19:19 - [TEST_STEP][PASSED] - connection = url.openConnection(): null

2022-03-28 09:19:19 - [TEST_STEP][PASSED] - connection.setRequestMethod("GET"): null

2022-03-28 09:19:19 - [TEST_STEP][PASSED] - connection.setReadTimeout(2 * 1000): null

2022-03-28 09:19:19 - [TEST_STEP][PASSED] - try: null

2022-03-28 09:19:19 - [TEST_STEP][PASSED] - connection.connect(): null

2022-03-28 09:19:19 - [TEST_STEP][PASSED] - flag = connected: null

2022-03-28 09:19:19 - [TEST_STEP][PASSED] - println("Valor_ori: " + flag): null

2022-03-28 09:19:19 - [TEST_STEP][PASSED] - if (flag): null

2022-03-28 09:19:19 - [TEST_STEP][PASSED] - navigateToUrl(i): Navigate to 'http://192.168.2.19:8380/saraweb' successfully

2022-03-28 09:19:20 - [MESSAGE][PASSED] - Navigate to 'http://192.168.2.19:8380/saraweb' successfully

2022-03-28 09:19:20 - [TEST_STEP][PASSED] - a(): null

2022-03-28 09:19:20 - [TEST_STEP][PASSED] - setText(findTestObject("Login/input_USUARIO_loginusuario"), G_Usuario): Text 'saraadmin' is set on object 'Object Repository/Login/input_USUARIO_loginusuario'

2022-03-28 09:19:21 - [MESSAGE][PASSED] - Text 'saraadmin' is set on object 'Object Repository/Login/input_USUARIO_loginusuario'

2022-03-28 09:19:21 - [TEST_STEP][PASSED] - setEncryptedText(findTestObject("Login/input_CLAVE_loginpassword"), "MkG4/TYiCFC3cb2driP7+Q=="): Text ****** has been set on object 'Object Repository/Login/input_CLAVE_loginpassword'

2022-03-28 09:19:21 - [MESSAGE][PASSED] - Text ****** has been set on object 'Object Repository/Login/input_CLAVE_loginpassword'

2022-03-28 09:19:21 - [TEST_STEP][PASSED] - waitForElementClickable(findTestObject("Login/a_Ingresar"), G_TimeOut): Object 'Object Repository/Login/a_Ingresar' is clickable

2022-03-28 09:19:22 - [MESSAGE][PASSED] - Object 'Object Repository/Login/a_Ingresar' is clickable

2022-03-28 09:19:22 - [TEST_STEP][PASSED] - click(findTestObject("Login/a_Ingresar")): Object: 'Object Repository/Login/a_Ingresar' is clicked on

2022-03-28 09:19:23 - [MESSAGE][PASSED] - Object: 'Object Repository/Login/a_Ingresar' is clicked on

2022-03-28 09:19:23 - [TEST_STEP][PASSED] - element = findWebElement(findTestObject("Login/a_Ir"), 30): null

2022-03-28 09:19:24 - [TEST_STEP][PASSED] - executeJavaScript("arguments[0].click()", Arrays.asList(element)): Execute JavaScript 'arguments[0].click()' successfully

2022-03-28 09:19:24 - [MESSAGE][PASSED] - Execute JavaScript 'arguments[0].click()' successfully

2022-03-28 09:19:24 - [MESSAGE][PASSED] - Call Test Case 'Test Cases/0.1-Login' successfully

2022-03-28 09:19:24 - [TEST_STEP][PASSED] - setText(findTestObject("input_Empresa 1_form_templatej_idt24_input"), "Liquidacion"): Text 'Liquidacion' is set on object 'Object Repository/input_Empresa 1_form_templatej_idt24_input'

2022-03-28 09:19:25 - [MESSAGE][PASSED] - Text 'Liquidacion' is set on object 'Object Repository/input_Empresa 1_form_templatej_idt24_input'

2022-03-28 09:19:25 - [TEST_STEP][PASSED] - click(findTestObject("Modulo control tiempo/Aplicar/span_Liquidacion")): Object: 'Object Repository/Modulo control tiempo/Aplicar/span_Liquidacion' is clicked on

2022-03-28 09:19:27 - [MESSAGE][PASSED] - Object: 'Object Repository/Modulo control tiempo/Aplicar/span_Liquidacion' is clicked on

2022-03-28 09:19:27 - [TEST_STEP][PASSED] - click(findTestObject("Modulo control tiempo/Aplicar/td_27022019")): Object: 'Object Repository/Modulo control tiempo/Aplicar/td_27022019' is clicked on

2022-03-28 09:19:28 - [MESSAGE][PASSED] - Object: 'Object Repository/Modulo control tiempo/Aplicar/td_27022019' is clicked on

2022-03-28 09:19:28 - [TEST_STEP][PASSED] - if (waitForElementVisible(findTestObject("Modulo control tiempo/Aplicar/a_Reversar Nomina"), 1)): Web element with id: 'Object Repository/Modulo control tiempo/Aplicar/a_Reversar Nomina' located by '//a[contains(text(),'Reversar Nomina')]' not found

2022-03-28 09:19:31 - [MESSAGE][INFO] - Unable to find the element located by 'By.xpath: //a[contains(text(),'Reversar Nomina')]'. Please recheck the objects properties to make sure the desired element is located. 

2022-03-28 09:19:31 - [MESSAGE][WARNING] - Web element with id: 'Object Repository/Modulo control tiempo/Aplicar/a_Reversar Nomina' located by '//a[contains(text(),'Reversar Nomina')]' not found

2022-03-28 09:19:31 - [TEST_STEP][PASSED] - click(findTestObject("Modulo control tiempo/Aplicar/a_Aplicar")): Object: 'Object Repository/Modulo control tiempo/Aplicar/a_Aplicar' is clicked on

2022-03-28 09:19:32 - [MESSAGE][PASSED] - Object: 'Object Repository/Modulo control tiempo/Aplicar/a_Aplicar' is clicked on

2022-03-28 09:19:32 - [TEST_STEP][PASSED] - click(findTestObject("Modulo control tiempo/Aplicar/a_Aceptar")): Object: 'Object Repository/Modulo control tiempo/Aplicar/a_Aceptar' is clicked on

2022-03-28 09:19:32 - [MESSAGE][PASSED] - Object: 'Object Repository/Modulo control tiempo/Aplicar/a_Aceptar' is clicked on

2022-03-28 09:19:32 - [TEST_STEP][PASSED] - click(findTestObject("Modulo control tiempo/Aplicar/a_Continuar")): Object: 'Object Repository/Modulo control tiempo/Aplicar/a_Continuar' is clicked on

2022-03-28 09:19:33 - [MESSAGE][PASSED] - Object: 'Object Repository/Modulo control tiempo/Aplicar/a_Continuar' is clicked on

2022-03-28 09:19:33 - [TEST_STEP][PASSED] - if (waitForElementVisible(findTestObject("Modulo control tiempo/Aplicar/a_Reversar Nomina"), 1)): null

2022-03-28 09:19:35 - [MESSAGE][PASSED] - Object 'Object Repository/Modulo control tiempo/Aplicar/a_Reversar Nomina' is visible

2022-03-28 09:19:35 - [TEST_STEP][PASSED] - closeBrowser(): Browser is closed

2022-03-28 09:19:37 - [MESSAGE][PASSED] - Browser is closed]]></system-out>
         <system-err><![CDATA[]]></system-err>
      </testcase>
      <testcase name="Test Cases/1.2-Tareas_Secundarias/A.3-Pruebas_control_tiempos/13.2.4-Histórico_Evento" time="18.721" classname="Test Cases/1.2-Tareas_Secundarias/A.3-Pruebas_control_tiempos/13.2.4-Histórico_Evento" status="PASSED">
         <system-out><![CDATA[2022-03-28 09:19:37 - [TEST_CASE][PASSED] - Test Cases/1.2-Tareas_Secundarias/A.3-Pruebas_control_tiempos/13.2.4-Histórico_Evento: Test Cases/1.2-Tareas_Secundarias/A.3-Pruebas_control_tiempos/13.2.4-Histórico_Evento

2022-03-28 09:19:38 - [TEST_STEP][PASSED] - callTestCase(findTestCase("0.1-Login"), [:], STOP_ON_FAILURE): Call Test Case 'Test Cases/0.1-Login' successfully

2022-03-28 09:19:38 - [TEST_CASE][PASSED] - Test Cases/0.1-Login: Test Cases/0.1-Login

2022-03-28 09:19:38 - [TEST_STEP][PASSED] - openBrowser(""): Browser is opened with url: ''

2022-03-28 09:19:38 - [MESSAGE][INFO] - Starting 'Chrome' driver

2022-03-28 09:19:38 - [MESSAGE][INFO] - Action delay is set to 50 milliseconds

2022-03-28 09:19:40 - [MESSAGE][PASSED] - Browser is opened with url: ''

2022-03-28 09:19:40 - [TEST_STEP][PASSED] - maximizeWindow(): Current window maximized

2022-03-28 09:19:40 - [MESSAGE][PASSED] - Current window maximized

2022-03-28 09:19:40 - [TEST_STEP][PASSED] - i = G_Login: null

2022-03-28 09:19:40 - [TEST_STEP][PASSED] - url = new java.net.URL(i): null

2022-03-28 09:19:40 - [TEST_STEP][PASSED] - println("URL: " + url.toString()): null

2022-03-28 09:19:40 - [TEST_STEP][PASSED] - connection = url.openConnection(): null

2022-03-28 09:19:40 - [TEST_STEP][PASSED] - connection.setRequestMethod("GET"): null

2022-03-28 09:19:40 - [TEST_STEP][PASSED] - connection.setReadTimeout(2 * 1000): null

2022-03-28 09:19:40 - [TEST_STEP][PASSED] - try: null

2022-03-28 09:19:40 - [TEST_STEP][PASSED] - connection.connect(): null

2022-03-28 09:19:40 - [TEST_STEP][PASSED] - flag = connected: null

2022-03-28 09:19:40 - [TEST_STEP][PASSED] - println("Valor_ori: " + flag): null

2022-03-28 09:19:40 - [TEST_STEP][PASSED] - if (flag): null

2022-03-28 09:19:40 - [TEST_STEP][PASSED] - navigateToUrl(i): Navigate to 'http://192.168.2.19:8380/saraweb' successfully

2022-03-28 09:19:41 - [MESSAGE][PASSED] - Navigate to 'http://192.168.2.19:8380/saraweb' successfully

2022-03-28 09:19:41 - [TEST_STEP][PASSED] - a(): null

2022-03-28 09:19:41 - [TEST_STEP][PASSED] - setText(findTestObject("Login/input_USUARIO_loginusuario"), G_Usuario): Text 'saraadmin' is set on object 'Object Repository/Login/input_USUARIO_loginusuario'

2022-03-28 09:19:42 - [MESSAGE][PASSED] - Text 'saraadmin' is set on object 'Object Repository/Login/input_USUARIO_loginusuario'

2022-03-28 09:19:42 - [TEST_STEP][PASSED] - setEncryptedText(findTestObject("Login/input_CLAVE_loginpassword"), "MkG4/TYiCFC3cb2driP7+Q=="): Text ****** has been set on object 'Object Repository/Login/input_CLAVE_loginpassword'

2022-03-28 09:19:43 - [MESSAGE][PASSED] - Text ****** has been set on object 'Object Repository/Login/input_CLAVE_loginpassword'

2022-03-28 09:19:43 - [TEST_STEP][PASSED] - waitForElementClickable(findTestObject("Login/a_Ingresar"), G_TimeOut): Object 'Object Repository/Login/a_Ingresar' is clickable

2022-03-28 09:19:43 - [MESSAGE][PASSED] - Object 'Object Repository/Login/a_Ingresar' is clickable

2022-03-28 09:19:43 - [TEST_STEP][PASSED] - click(findTestObject("Login/a_Ingresar")): Object: 'Object Repository/Login/a_Ingresar' is clicked on

2022-03-28 09:19:44 - [MESSAGE][PASSED] - Object: 'Object Repository/Login/a_Ingresar' is clicked on

2022-03-28 09:19:44 - [TEST_STEP][PASSED] - element = findWebElement(findTestObject("Login/a_Ir"), 30): null

2022-03-28 09:19:45 - [TEST_STEP][PASSED] - executeJavaScript("arguments[0].click()", Arrays.asList(element)): Execute JavaScript 'arguments[0].click()' successfully

2022-03-28 09:19:46 - [MESSAGE][PASSED] - Execute JavaScript 'arguments[0].click()' successfully

2022-03-28 09:19:46 - [MESSAGE][PASSED] - Call Test Case 'Test Cases/0.1-Login' successfully

2022-03-28 09:19:46 - [TEST_STEP][PASSED] - setText(findTestObject("Modulo control tiempo/Historico_Evento/input_Empresa 1_form_templatej_idt24_input"), "Historico Evento"): Text 'Historico Evento' is set on object 'Object Repository/Modulo control tiempo/Historico_Evento/input_Empresa 1_form_templatej_idt24_input'

2022-03-28 09:19:47 - [MESSAGE][PASSED] - Text 'Historico Evento' is set on object 'Object Repository/Modulo control tiempo/Historico_Evento/input_Empresa 1_form_templatej_idt24_input'

2022-03-28 09:19:47 - [TEST_STEP][PASSED] - click(findTestObject("Modulo control tiempo/Historico_Evento/li_Historico Evento (get)")): Object: 'Object Repository/Modulo control tiempo/Historico_Evento/li_Historico Evento (get)' is clicked on

2022-03-28 09:19:50 - [MESSAGE][PASSED] - Object: 'Object Repository/Modulo control tiempo/Historico_Evento/li_Historico Evento (get)' is clicked on

2022-03-28 09:19:50 - [TEST_STEP][PASSED] - scrollToElement(findTestObject("Modulo control tiempo/Historico_Evento/a_1"), 0): Scroll to object 'Object Repository/Modulo control tiempo/Historico_Evento/a_1' successfully

2022-03-28 09:19:50 - [MESSAGE][WARNING] - Timeout '0' is invalid. Using default page load timeout: '45'

2022-03-28 09:19:51 - [MESSAGE][PASSED] - Scroll to object 'Object Repository/Modulo control tiempo/Historico_Evento/a_1' successfully

2022-03-28 09:19:51 - [TEST_STEP][PASSED] - click(findTestObject("Modulo control tiempo/Historico_Evento/a_1")): Object: 'Object Repository/Modulo control tiempo/Historico_Evento/a_1' is clicked on

2022-03-28 09:19:52 - [MESSAGE][PASSED] - Object: 'Object Repository/Modulo control tiempo/Historico_Evento/a_1' is clicked on

2022-03-28 09:19:52 - [TEST_STEP][PASSED] - scrollToElement(findTestObject("Modulo control tiempo/Historico_Evento/a_Nombre Persona_eventoHistoricos_formj_idt71"), 0): Scroll to object 'Object Repository/Modulo control tiempo/Historico_Evento/a_Nombre Persona_eventoHistoricos_formj_idt71' successfully

2022-03-28 09:19:52 - [MESSAGE][WARNING] - Timeout '0' is invalid. Using default page load timeout: '45'

2022-03-28 09:19:53 - [MESSAGE][PASSED] - Scroll to object 'Object Repository/Modulo control tiempo/Historico_Evento/a_Nombre Persona_eventoHistoricos_formj_idt71' successfully

2022-03-28 09:19:53 - [TEST_STEP][PASSED] - scrollToElement(findTestObject("Modulo control tiempo/Historico_Evento/a_2"), 0): Scroll to object 'Object Repository/Modulo control tiempo/Historico_Evento/a_2' successfully

2022-03-28 09:19:53 - [MESSAGE][WARNING] - Timeout '0' is invalid. Using default page load timeout: '45'

2022-03-28 09:19:53 - [MESSAGE][PASSED] - Scroll to object 'Object Repository/Modulo control tiempo/Historico_Evento/a_2' successfully

2022-03-28 09:19:53 - [TEST_STEP][PASSED] - click(findTestObject("Modulo control tiempo/Historico_Evento/a_2")): Object: 'Object Repository/Modulo control tiempo/Historico_Evento/a_2' is clicked on

2022-03-28 09:19:54 - [MESSAGE][PASSED] - Object: 'Object Repository/Modulo control tiempo/Historico_Evento/a_2' is clicked on

2022-03-28 09:19:54 - [TEST_STEP][PASSED] - scrollToElement(findTestObject("Modulo control tiempo/Historico_Evento/a_Nombre Persona_eventoHistoricos_formj_idt71"), 0): Scroll to object 'Object Repository/Modulo control tiempo/Historico_Evento/a_Nombre Persona_eventoHistoricos_formj_idt71' successfully

2022-03-28 09:19:54 - [MESSAGE][WARNING] - Timeout '0' is invalid. Using default page load timeout: '45'

2022-03-28 09:19:55 - [MESSAGE][PASSED] - Scroll to object 'Object Repository/Modulo control tiempo/Historico_Evento/a_Nombre Persona_eventoHistoricos_formj_idt71' successfully

2022-03-28 09:19:55 - [TEST_STEP][PASSED] - closeBrowser(): Browser is closed

2022-03-28 09:19:56 - [MESSAGE][PASSED] - Browser is closed]]></system-out>
         <system-err><![CDATA[]]></system-err>
      </testcase>
      <testcase name="Test Cases/1.2-Tareas_Secundarias/A.3-Pruebas_control_tiempos/13.2.5-Inconsistencias_Evento" time="23.801" classname="Test Cases/1.2-Tareas_Secundarias/A.3-Pruebas_control_tiempos/13.2.5-Inconsistencias_Evento" status="PASSED">
         <system-out><![CDATA[2022-03-28 09:19:56 - [TEST_CASE][PASSED] - Test Cases/1.2-Tareas_Secundarias/A.3-Pruebas_control_tiempos/13.2.5-Inconsistencias_Evento: Test Cases/1.2-Tareas_Secundarias/A.3-Pruebas_control_tiempos/13.2.5-Inconsistencias_Evento

2022-03-28 09:19:57 - [TEST_STEP][PASSED] - callTestCase(findTestCase("0.1-Login"), [:], STOP_ON_FAILURE): Call Test Case 'Test Cases/0.1-Login' successfully

2022-03-28 09:19:57 - [TEST_CASE][PASSED] - Test Cases/0.1-Login: Test Cases/0.1-Login

2022-03-28 09:19:57 - [TEST_STEP][PASSED] - openBrowser(""): Browser is opened with url: ''

2022-03-28 09:19:57 - [MESSAGE][INFO] - Starting 'Chrome' driver

2022-03-28 09:19:57 - [MESSAGE][INFO] - Action delay is set to 50 milliseconds

2022-03-28 09:19:59 - [MESSAGE][PASSED] - Browser is opened with url: ''

2022-03-28 09:19:59 - [TEST_STEP][PASSED] - maximizeWindow(): Current window maximized

2022-03-28 09:19:59 - [MESSAGE][PASSED] - Current window maximized

2022-03-28 09:19:59 - [TEST_STEP][PASSED] - i = G_Login: null

2022-03-28 09:19:59 - [TEST_STEP][PASSED] - url = new java.net.URL(i): null

2022-03-28 09:19:59 - [TEST_STEP][PASSED] - println("URL: " + url.toString()): null

2022-03-28 09:19:59 - [TEST_STEP][PASSED] - connection = url.openConnection(): null

2022-03-28 09:19:59 - [TEST_STEP][PASSED] - connection.setRequestMethod("GET"): null

2022-03-28 09:19:59 - [TEST_STEP][PASSED] - connection.setReadTimeout(2 * 1000): null

2022-03-28 09:19:59 - [TEST_STEP][PASSED] - try: null

2022-03-28 09:19:59 - [TEST_STEP][PASSED] - connection.connect(): null

2022-03-28 09:19:59 - [TEST_STEP][PASSED] - flag = connected: null

2022-03-28 09:19:59 - [TEST_STEP][PASSED] - println("Valor_ori: " + flag): null

2022-03-28 09:19:59 - [TEST_STEP][PASSED] - if (flag): null

2022-03-28 09:19:59 - [TEST_STEP][PASSED] - navigateToUrl(i): Navigate to 'http://192.168.2.19:8380/saraweb' successfully

2022-03-28 09:20:00 - [MESSAGE][PASSED] - Navigate to 'http://192.168.2.19:8380/saraweb' successfully

2022-03-28 09:20:00 - [TEST_STEP][PASSED] - a(): null

2022-03-28 09:20:00 - [TEST_STEP][PASSED] - setText(findTestObject("Login/input_USUARIO_loginusuario"), G_Usuario): Text 'saraadmin' is set on object 'Object Repository/Login/input_USUARIO_loginusuario'

2022-03-28 09:20:01 - [MESSAGE][PASSED] - Text 'saraadmin' is set on object 'Object Repository/Login/input_USUARIO_loginusuario'

2022-03-28 09:20:01 - [TEST_STEP][PASSED] - setEncryptedText(findTestObject("Login/input_CLAVE_loginpassword"), "MkG4/TYiCFC3cb2driP7+Q=="): Text ****** has been set on object 'Object Repository/Login/input_CLAVE_loginpassword'

2022-03-28 09:20:01 - [MESSAGE][PASSED] - Text ****** has been set on object 'Object Repository/Login/input_CLAVE_loginpassword'

2022-03-28 09:20:01 - [TEST_STEP][PASSED] - waitForElementClickable(findTestObject("Login/a_Ingresar"), G_TimeOut): Object 'Object Repository/Login/a_Ingresar' is clickable

2022-03-28 09:20:02 - [MESSAGE][PASSED] - Object 'Object Repository/Login/a_Ingresar' is clickable

2022-03-28 09:20:02 - [TEST_STEP][PASSED] - click(findTestObject("Login/a_Ingresar")): Object: 'Object Repository/Login/a_Ingresar' is clicked on

2022-03-28 09:20:03 - [MESSAGE][PASSED] - Object: 'Object Repository/Login/a_Ingresar' is clicked on

2022-03-28 09:20:03 - [TEST_STEP][PASSED] - element = findWebElement(findTestObject("Login/a_Ir"), 30): null

2022-03-28 09:20:03 - [TEST_STEP][PASSED] - executeJavaScript("arguments[0].click()", Arrays.asList(element)): Execute JavaScript 'arguments[0].click()' successfully

2022-03-28 09:20:03 - [MESSAGE][PASSED] - Execute JavaScript 'arguments[0].click()' successfully

2022-03-28 09:20:03 - [MESSAGE][PASSED] - Call Test Case 'Test Cases/0.1-Login' successfully

2022-03-28 09:20:03 - [TEST_STEP][PASSED] - setText(findTestObject("input_Empresa 1_form_templatej_idt24_input"), "Inconsistencias Evento"): Text 'Inconsistencias Evento' is set on object 'Object Repository/input_Empresa 1_form_templatej_idt24_input'

2022-03-28 09:20:06 - [MESSAGE][PASSED] - Text 'Inconsistencias Evento' is set on object 'Object Repository/input_Empresa 1_form_templatej_idt24_input'

2022-03-28 09:20:06 - [TEST_STEP][PASSED] - click(findTestObject("Modulo control tiempo/Inconsistencias_Evento/li_Inconsistencias Evento (get)")): Object: 'Object Repository/Modulo control tiempo/Inconsistencias_Evento/li_Inconsistencias Evento (get)' is clicked on

2022-03-28 09:20:08 - [MESSAGE][PASSED] - Object: 'Object Repository/Modulo control tiempo/Inconsistencias_Evento/li_Inconsistencias Evento (get)' is clicked on

2022-03-28 09:20:08 - [TEST_STEP][PASSED] - click(findTestObject("Modulo control tiempo/Inconsistencias_Evento/a_Inconsistencia Marcacin")): Object: 'Object Repository/Modulo control tiempo/Inconsistencias_Evento/a_Inconsistencia Marcacin' is clicked on

2022-03-28 09:20:09 - [MESSAGE][PASSED] - Object: 'Object Repository/Modulo control tiempo/Inconsistencias_Evento/a_Inconsistencia Marcacin' is clicked on

2022-03-28 09:20:09 - [TEST_STEP][PASSED] - if (waitForElementVisible(findTestObject("Modulo control tiempo/Inconsistencias_Evento/td_ALMANZA ROSAS SILVIS"), 1)): null

2022-03-28 09:20:10 - [MESSAGE][PASSED] - Object 'Object Repository/Modulo control tiempo/Inconsistencias_Evento/td_ALMANZA ROSAS SILVIS' is visible

2022-03-28 09:20:10 - [TEST_STEP][PASSED] - click(findTestObject("Modulo control tiempo/Inconsistencias_Evento/td_ALMANZA ROSAS SILVIS")): Object: 'Object Repository/Modulo control tiempo/Inconsistencias_Evento/td_ALMANZA ROSAS SILVIS' is clicked on

2022-03-28 09:20:11 - [MESSAGE][PASSED] - Object: 'Object Repository/Modulo control tiempo/Inconsistencias_Evento/td_ALMANZA ROSAS SILVIS' is clicked on

2022-03-28 09:20:11 - [TEST_STEP][PASSED] - click(findTestObject("Modulo control tiempo/Inconsistencias_Evento/a_Solucionar")): Object: 'Object Repository/Modulo control tiempo/Inconsistencias_Evento/a_Solucionar' is clicked on

2022-03-28 09:20:12 - [MESSAGE][PASSED] - Object: 'Object Repository/Modulo control tiempo/Inconsistencias_Evento/a_Solucionar' is clicked on

2022-03-28 09:20:12 - [TEST_STEP][PASSED] - setText(findTestObject("Modulo control tiempo/Inconsistencias_Evento/input_Hora Final_formPopupSolucionInconsistenciahoraFin_input"), "23/03/2019"): Text '23/03/2019' is set on object 'Object Repository/Modulo control tiempo/Inconsistencias_Evento/input_Hora Final_formPopupSolucionInconsistenciahoraFin_input'

2022-03-28 09:20:17 - [MESSAGE][PASSED] - Text '23/03/2019' is set on object 'Object Repository/Modulo control tiempo/Inconsistencias_Evento/input_Hora Final_formPopupSolucionInconsistenciahoraFin_input'

2022-03-28 09:20:17 - [TEST_STEP][PASSED] - sendKeys(findTestObject("Modulo control tiempo/Inconsistencias_Evento/input_Hora Final_formPopupSolucionInconsistenciahoraFin_input"), Keys.chord(ENTER)): Keys 'ENTER + ' sent to object: 'Object Repository/Modulo control tiempo/Inconsistencias_Evento/input_Hora Final_formPopupSolucionInconsistenciahoraFin_input'

2022-03-28 09:20:18 - [MESSAGE][PASSED] - Keys 'ENTER + ' sent to object: 'Object Repository/Modulo control tiempo/Inconsistencias_Evento/input_Hora Final_formPopupSolucionInconsistenciahoraFin_input'

2022-03-28 09:20:18 - [TEST_STEP][PASSED] - waitForElementVisible(findTestObject("Modulo control tiempo/Inconsistencias_Evento/label_Inconsistencias"), 0): Object 'Object Repository/Modulo control tiempo/Inconsistencias_Evento/label_Inconsistencias' is visible

2022-03-28 09:20:18 - [MESSAGE][WARNING] - Timeout '0' is invalid. Using default page load timeout: '45'

2022-03-28 09:20:18 - [MESSAGE][PASSED] - Object 'Object Repository/Modulo control tiempo/Inconsistencias_Evento/label_Inconsistencias' is visible

2022-03-28 09:20:18 - [TEST_STEP][PASSED] - click(findTestObject("Modulo control tiempo/Inconsistencias_Evento/label_Inconsistencias")): Object: 'Object Repository/Modulo control tiempo/Inconsistencias_Evento/label_Inconsistencias' is clicked on

2022-03-28 09:20:19 - [MESSAGE][PASSED] - Object: 'Object Repository/Modulo control tiempo/Inconsistencias_Evento/label_Inconsistencias' is clicked on

2022-03-28 09:20:19 - [TEST_STEP][PASSED] - click(findTestObject("Modulo Parametros/Comprobar Parametros/a_Guardar")): Object: 'Object Repository/Modulo Parametros/Comprobar Parametros/a_Guardar' is clicked on

2022-03-28 09:20:20 - [MESSAGE][PASSED] - Object: 'Object Repository/Modulo Parametros/Comprobar Parametros/a_Guardar' is clicked on]]></system-out>
         <system-err><![CDATA[]]></system-err>
      </testcase>
      <system-out><![CDATA[2022-03-28 09:15:17 - [TEST_SUITE][FAILED] - 13-Pruebas_Control_Tiempos: Test Cases/1.2-Tareas_Secundarias/A.3-Pruebas_control_tiempos/13.2.2-Liquidación_reversar FAILED.
Reason:
com.kms.katalon.core.exception.StepFailedException: Unable to click on object 'Object Repository/Modulo control tiempo/liquidación/a_Nuevo'
	at com.kms.katalon.core.webui.keyword.internal.WebUIKeywordMain.stepFailed(WebUIKeywordMain.groovy:64)
	at com.kms.katalon.core.webui.keyword.internal.WebUIKeywordMain.runKeyword(WebUIKeywordMain.groovy:26)
	at com.kms.katalon.core.webui.keyword.builtin.ClickKeyword.click(ClickKeyword.groovy:74)
	at com.kms.katalon.core.webui.keyword.builtin.ClickKeyword.execute(ClickKeyword.groovy:40)
	at com.kms.katalon.core.keyword.internal.KeywordExecutor.executeKeywordForPlatform(KeywordExecutor.groovy:74)
	at com.kms.katalon.core.webui.keyword.WebUiBuiltInKeywords.click(WebUiBuiltInKeywords.groovy:620)
	at com.kms.katalon.core.webui.keyword.WebUiBuiltInKeywords$click$5.call(Unknown Source)
	at 13.2.2-Liquidación_reversar.run(13.2.2-Liquidación_reversar:43)
	at com.kms.katalon.core.main.ScriptEngine.run(ScriptEngine.java:194)
	at com.kms.katalon.core.main.ScriptEngine.runScriptAsRawText(ScriptEngine.java:119)
	at com.kms.katalon.core.main.TestCaseExecutor.runScript(TestCaseExecutor.java:442)
	at com.kms.katalon.core.main.TestCaseExecutor.doExecute(TestCaseExecutor.java:433)
	at com.kms.katalon.core.main.TestCaseExecutor.processExecutionPhase(TestCaseExecutor.java:412)
	at com.kms.katalon.core.main.TestCaseExecutor.accessMainPhase(TestCaseExecutor.java:404)
	at com.kms.katalon.core.main.TestCaseExecutor.execute(TestCaseExecutor.java:281)
	at com.kms.katalon.core.main.TestSuiteExecutor.accessTestCaseMainPhase(TestSuiteExecutor.java:202)
	at com.kms.katalon.core.main.TestSuiteExecutor.accessTestSuiteMainPhase(TestSuiteExecutor.java:164)
	at com.kms.katalon.core.main.TestSuiteExecutor.execute(TestSuiteExecutor.java:105)
	at com.kms.katalon.core.main.TestCaseMain.startTestSuite(TestCaseMain.java:185)
	at com.kms.katalon.core.main.TestCaseMain$startTestSuite$0.call(Unknown Source)
	at TempTestSuite1648476804923.run(TempTestSuite1648476804923.groovy:36)
Caused by: com.kms.katalon.core.webui.exception.WebElementNotFoundException: Web element with id: 'Object Repository/Modulo control tiempo/liquidación/a_Nuevo' located by '//a[contains(text(),'Nuevo')]' not found
	at com.kms.katalon.core.webui.common.WebUiCommonHelper.findWebElement(WebUiCommonHelper.java:1370)
	at com.kms.katalon.core.webui.keyword.internal.WebUIAbstractKeyword.findWebElement(WebUIAbstractKeyword.groovy:27)
	at com.kms.katalon.core.webui.keyword.builtin.ClickKeyword$_click_closure1.doCall(ClickKeyword.groovy:65)
	at com.kms.katalon.core.webui.keyword.builtin.ClickKeyword$_click_closure1.call(ClickKeyword.groovy)
	at com.kms.katalon.core.webui.keyword.internal.WebUIKeywordMain.runKeyword(WebUIKeywordMain.groovy:20)
	... 19 more]]></system-out>
      <system-err><![CDATA[2022-03-28 09:15:17 - [TEST_SUITE][FAILED] - 13-Pruebas_Control_Tiempos: Test Cases/1.2-Tareas_Secundarias/A.3-Pruebas_control_tiempos/13.2.2-Liquidación_reversar FAILED.
Reason:
com.kms.katalon.core.exception.StepFailedException: Unable to click on object 'Object Repository/Modulo control tiempo/liquidación/a_Nuevo'
	at com.kms.katalon.core.webui.keyword.internal.WebUIKeywordMain.stepFailed(WebUIKeywordMain.groovy:64)
	at com.kms.katalon.core.webui.keyword.internal.WebUIKeywordMain.runKeyword(WebUIKeywordMain.groovy:26)
	at com.kms.katalon.core.webui.keyword.builtin.ClickKeyword.click(ClickKeyword.groovy:74)
	at com.kms.katalon.core.webui.keyword.builtin.ClickKeyword.execute(ClickKeyword.groovy:40)
	at com.kms.katalon.core.keyword.internal.KeywordExecutor.executeKeywordForPlatform(KeywordExecutor.groovy:74)
	at com.kms.katalon.core.webui.keyword.WebUiBuiltInKeywords.click(WebUiBuiltInKeywords.groovy:620)
	at com.kms.katalon.core.webui.keyword.WebUiBuiltInKeywords$click$5.call(Unknown Source)
	at 13.2.2-Liquidación_reversar.run(13.2.2-Liquidación_reversar:43)
	at com.kms.katalon.core.main.ScriptEngine.run(ScriptEngine.java:194)
	at com.kms.katalon.core.main.ScriptEngine.runScriptAsRawText(ScriptEngine.java:119)
	at com.kms.katalon.core.main.TestCaseExecutor.runScript(TestCaseExecutor.java:442)
	at com.kms.katalon.core.main.TestCaseExecutor.doExecute(TestCaseExecutor.java:433)
	at com.kms.katalon.core.main.TestCaseExecutor.processExecutionPhase(TestCaseExecutor.java:412)
	at com.kms.katalon.core.main.TestCaseExecutor.accessMainPhase(TestCaseExecutor.java:404)
	at com.kms.katalon.core.main.TestCaseExecutor.execute(TestCaseExecutor.java:281)
	at com.kms.katalon.core.main.TestSuiteExecutor.accessTestCaseMainPhase(TestSuiteExecutor.java:202)
	at com.kms.katalon.core.main.TestSuiteExecutor.accessTestSuiteMainPhase(TestSuiteExecutor.java:164)
	at com.kms.katalon.core.main.TestSuiteExecutor.execute(TestSuiteExecutor.java:105)
	at com.kms.katalon.core.main.TestCaseMain.startTestSuite(TestCaseMain.java:185)
	at com.kms.katalon.core.main.TestCaseMain$startTestSuite$0.call(Unknown Source)
	at TempTestSuite1648476804923.run(TempTestSuite1648476804923.groovy:36)
Caused by: com.kms.katalon.core.webui.exception.WebElementNotFoundException: Web element with id: 'Object Repository/Modulo control tiempo/liquidación/a_Nuevo' located by '//a[contains(text(),'Nuevo')]' not found
	at com.kms.katalon.core.webui.common.WebUiCommonHelper.findWebElement(WebUiCommonHelper.java:1370)
	at com.kms.katalon.core.webui.keyword.internal.WebUIAbstractKeyword.findWebElement(WebUIAbstractKeyword.groovy:27)
	at com.kms.katalon.core.webui.keyword.builtin.ClickKeyword$_click_closure1.doCall(ClickKeyword.groovy:65)
	at com.kms.katalon.core.webui.keyword.builtin.ClickKeyword$_click_closure1.call(ClickKeyword.groovy)
	at com.kms.katalon.core.webui.keyword.internal.WebUIKeywordMain.runKeyword(WebUIKeywordMain.groovy:20)
	... 19 more]]></system-err>
   </testsuite>
</testsuites>
