<?xml version="1.0" encoding="UTF-8"?>
<testsuites name="A1-Pruebas_Compensaciones" time="292.527" tests="7" failures="3" errors="0">
   <testsuite name="A1-Pruebas_Compensaciones" tests="7" failures="3" errors="0" time="292.527" skipped="0" timestamp="2022-05-03 16:10:18" hostname="diego.rojas - US-AF-000371" id="Test Suites/Test_Suite_Secundaria/A1-Pruebas_Compensaciones">
      <properties>
         <property name="deviceName" value=""/>
         <property name="devicePlatform" value=""/>
         <property name="logFolder" value="C:\\Users\\diego.rojas\\git\\Pruebas-Minimas\\Reports\\20220503_161010\\Test_Suite_Secundaria\\A1-Pruebas_Compensaciones\\20220503_161010"/>
         <property name="logFiles" value="C:\\Users\\diego.rojas\\git\\Pruebas-Minimas\\Reports\\20220503_161010\\Test_Suite_Secundaria\\A1-Pruebas_Compensaciones\\20220503_161010\\execution0.log"/>
         <property name="attachments" value="C:\\Users\\diego.rojas\\git\\Pruebas-Minimas\\Reports\\20220503_161010\\Test_Suite_Secundaria\\A1-Pruebas_Compensaciones\\20220503_161010\\1651612388425.png, C:\\Users\\diego.rojas\\git\\Pruebas-Minimas\\Reports\\20220503_161010\\Test_Suite_Secundaria\\A1-Pruebas_Compensaciones\\20220503_161010\\1651612388540.png, C:\\Users\\diego.rojas\\git\\Pruebas-Minimas\\Reports\\20220503_161010\\Test_Suite_Secundaria\\A1-Pruebas_Compensaciones\\20220503_161010\\1651612455030.png, C:\\Users\\diego.rojas\\git\\Pruebas-Minimas\\Reports\\20220503_161010\\Test_Suite_Secundaria\\A1-Pruebas_Compensaciones\\20220503_161010\\1651612510710.png, C:\\Users\\diego.rojas\\git\\Pruebas-Minimas\\Reports\\20220503_161010\\Test_Suite_Secundaria\\A1-Pruebas_Compensaciones\\20220503_161010\\1651612510812.png"/>
         <property name="hostName" value="diego.rojas - US-AF-000371"/>
         <property name="os" value="Windows 10 64bit"/>
         <property name="katalonVersion" value="8.3.0.208"/>
         <property name="browser" value="Chrome 100.0.4896.127"/>
         <property name="hostAddress" value="192.168.56.1"/>
         <property name="sessionId" value="b709b9d75f4660e32be5c3a98a4f32c8"/>
         <property name="seleniumVersion" value="3.141.59"/>
         <property name="proxyInformation" value="ProxyInformation { proxyOption=NO_PROXY, proxyServerType=HTTP, username=, password=********, proxyServerAddress=, proxyServerPort=0, executionList=&quot;&quot;, isApplyToDesiredCapabilities=true }"/>
         <property name="platform" value="Windows 10"/>
      </properties>
      <testcase name="Test Cases/1.2-Tareas_Secundarias/A.1-Pruebas_compensaciones/11.1.1-Recálcular_nómina_por_empleado" time="17.943" classname="Test Cases/1.2-Tareas_Secundarias/A.1-Pruebas_compensaciones/11.1.1-Recálcular_nómina_por_empleado" status="PASSED">
         <system-out><![CDATA[2022-05-03 16:10:18 - [TEST_CASE][PASSED] - Test Cases/1.2-Tareas_Secundarias/A.1-Pruebas_compensaciones/11.1.1-Recálcular_nómina_por_empleado: Test Cases/1.2-Tareas_Secundarias/A.1-Pruebas_compensaciones/11.1.1-Recálcular_nómina_por_empleado

2022-05-03 16:10:19 - [TEST_STEP][PASSED] - callTestCase(findTestCase("0.1-Login"), [:], STOP_ON_FAILURE): Call Test Case 'Test Cases/0.1-Login' successfully

2022-05-03 16:10:19 - [TEST_CASE][PASSED] - Test Cases/0.1-Login: Test Cases/0.1-Login

2022-05-03 16:10:19 - [TEST_STEP][PASSED] - openBrowser(""): Browser is opened with url: ''

2022-05-03 16:10:20 - [MESSAGE][INFO] - Starting 'Chrome' driver

2022-05-03 16:10:20 - [MESSAGE][INFO] - Action delay is set to 0 milliseconds

2022-05-03 16:10:22 - [MESSAGE][PASSED] - Browser is opened with url: ''

2022-05-03 16:10:22 - [TEST_STEP][PASSED] - maximizeWindow(): Current window maximized

2022-05-03 16:10:22 - [MESSAGE][PASSED] - Current window maximized

2022-05-03 16:10:22 - [TEST_STEP][PASSED] - i = G_Login: null

2022-05-03 16:10:22 - [TEST_STEP][PASSED] - url = new java.net.URL(i): null

2022-05-03 16:10:22 - [TEST_STEP][PASSED] - println("URL: " + url.toString()): null

2022-05-03 16:10:22 - [TEST_STEP][PASSED] - connection = url.openConnection(): null

2022-05-03 16:10:23 - [TEST_STEP][PASSED] - connection.setRequestMethod("GET"): null

2022-05-03 16:10:23 - [TEST_STEP][PASSED] - connection.setReadTimeout(2 * 1000): null

2022-05-03 16:10:23 - [TEST_STEP][PASSED] - try: null

2022-05-03 16:10:23 - [TEST_STEP][PASSED] - connection.connect(): null

2022-05-03 16:10:23 - [TEST_STEP][PASSED] - flag = connected: null

2022-05-03 16:10:23 - [TEST_STEP][PASSED] - println("Valor_ori: " + flag): null

2022-05-03 16:10:23 - [TEST_STEP][PASSED] - if (flag): null

2022-05-03 16:10:23 - [TEST_STEP][PASSED] - navigateToUrl(i): Navigate to 'http://192.168.2.19:8380/saraweb' successfully

2022-05-03 16:10:23 - [MESSAGE][PASSED] - Navigate to 'http://192.168.2.19:8380/saraweb' successfully

2022-05-03 16:10:23 - [TEST_STEP][PASSED] - a(): null

2022-05-03 16:10:23 - [TEST_STEP][PASSED] - setText(findTestObject("3-OBJECTS UTILIDADES/Login/input_USUARIO_loginusuario"), G_Usuario): Text 'saraadmin' is set on object 'Object Repository/3-OBJECTS UTILIDADES/Login/input_USUARIO_loginusuario'

2022-05-03 16:10:24 - [MESSAGE][PASSED] - Text 'saraadmin' is set on object 'Object Repository/3-OBJECTS UTILIDADES/Login/input_USUARIO_loginusuario'

2022-05-03 16:10:24 - [TEST_STEP][PASSED] - setEncryptedText(findTestObject("3-OBJECTS UTILIDADES/Login/input_CLAVE_loginpassword"), "MkG4/TYiCFC3cb2driP7+Q=="): Text ****** has been set on object 'Object Repository/3-OBJECTS UTILIDADES/Login/input_CLAVE_loginpassword'

2022-05-03 16:10:24 - [MESSAGE][PASSED] - Text ****** has been set on object 'Object Repository/3-OBJECTS UTILIDADES/Login/input_CLAVE_loginpassword'

2022-05-03 16:10:24 - [TEST_STEP][PASSED] - waitForElementClickable(findTestObject("3-OBJECTS UTILIDADES/Login/a_Ingresar"), G_TimeOut): Object 'Object Repository/3-OBJECTS UTILIDADES/Login/a_Ingresar' is clickable

2022-05-03 16:10:25 - [MESSAGE][PASSED] - Object 'Object Repository/3-OBJECTS UTILIDADES/Login/a_Ingresar' is clickable

2022-05-03 16:10:25 - [TEST_STEP][PASSED] - click(findTestObject("3-OBJECTS UTILIDADES/Login/a_Ingresar")): Object: 'Object Repository/3-OBJECTS UTILIDADES/Login/a_Ingresar' is clicked on

2022-05-03 16:10:26 - [MESSAGE][PASSED] - Object: 'Object Repository/3-OBJECTS UTILIDADES/Login/a_Ingresar' is clicked on

2022-05-03 16:10:26 - [TEST_STEP][PASSED] - element = findWebElement(findTestObject("3-OBJECTS UTILIDADES/Login/a_Ir"), 30): null

2022-05-03 16:10:27 - [TEST_STEP][PASSED] - executeJavaScript("arguments[0].click()", Arrays.asList(element)): Execute JavaScript 'arguments[0].click()' successfully

2022-05-03 16:10:27 - [MESSAGE][PASSED] - Execute JavaScript 'arguments[0].click()' successfully

2022-05-03 16:10:27 - [MESSAGE][PASSED] - Call Test Case 'Test Cases/0.1-Login' successfully

2022-05-03 16:10:27 - [TEST_STEP][PASSED] - setText(findTestObject("2-OBJECTS TAREAS SECUNDARIAS/Pruebas Compensación/Recálcular_nómina_por_empleado/input_Empresa 1_form_templatej_idt24_input"), "liquidacion nomina"): Text 'liquidacion nomina' is set on object 'Object Repository/2-OBJECTS TAREAS SECUNDARIAS/Pruebas Compensación/Recálcular_nómina_por_empleado/input_Empresa 1_form_templatej_idt24_input'

2022-05-03 16:10:28 - [MESSAGE][PASSED] - Text 'liquidacion nomina' is set on object 'Object Repository/2-OBJECTS TAREAS SECUNDARIAS/Pruebas Compensación/Recálcular_nómina_por_empleado/input_Empresa 1_form_templatej_idt24_input'

2022-05-03 16:10:28 - [TEST_STEP][PASSED] - click(findTestObject("2-OBJECTS TAREAS SECUNDARIAS/Pruebas Compensación/Recálcular_nómina_por_empleado/li_Liquidacion Nomina (com)")): Object: 'Object Repository/2-OBJECTS TAREAS SECUNDARIAS/Pruebas Compensación/Recálcular_nómina_por_empleado/li_Liquidacion Nomina (com)' is clicked on

2022-05-03 16:10:29 - [MESSAGE][PASSED] - Object: 'Object Repository/2-OBJECTS TAREAS SECUNDARIAS/Pruebas Compensación/Recálcular_nómina_por_empleado/li_Liquidacion Nomina (com)' is clicked on

2022-05-03 16:10:29 - [TEST_STEP][PASSED] - click(findTestObject("2-OBJECTS TAREAS SECUNDARIAS/Pruebas Compensación/Recálcular_nómina_por_empleado/a_Periodo Nomina_LiquidacionNominaj_idt68")): Object: 'Object Repository/2-OBJECTS TAREAS SECUNDARIAS/Pruebas Compensación/Recálcular_nómina_por_empleado/a_Periodo Nomina_LiquidacionNominaj_idt68' is clicked on

2022-05-03 16:10:30 - [MESSAGE][PASSED] - Object: 'Object Repository/2-OBJECTS TAREAS SECUNDARIAS/Pruebas Compensación/Recálcular_nómina_por_empleado/a_Periodo Nomina_LiquidacionNominaj_idt68' is clicked on

2022-05-03 16:10:30 - [TEST_STEP][PASSED] - selectOptionByIndex(findTestObject("2-OBJECTS TAREAS SECUNDARIAS/Pruebas Compensación/Recálcular_nómina_por_empleado/select_--  Seleccione  --Periodo CerradoPeriodo en Proceso"), 2): All options with index in [2] are selected on object 'Object Repository/2-OBJECTS TAREAS SECUNDARIAS/Pruebas Compensación/Recálcular_nómina_por_empleado/select_--  Seleccione  --Periodo CerradoPeriodo en Proceso'

2022-05-03 16:10:32 - [MESSAGE][PASSED] - All options with index in [2] are selected on object 'Object Repository/2-OBJECTS TAREAS SECUNDARIAS/Pruebas Compensación/Recálcular_nómina_por_empleado/select_--  Seleccione  --Periodo CerradoPeriodo en Proceso'

2022-05-03 16:10:32 - [TEST_STEP][PASSED] - click(findTestObject("2-OBJECTS TAREAS SECUNDARIAS/Pruebas Compensación/Recálcular_nómina_por_empleado/span_P. MensualJunio2021")): Object: 'Object Repository/2-OBJECTS TAREAS SECUNDARIAS/Pruebas Compensación/Recálcular_nómina_por_empleado/span_P. MensualJunio2021' is clicked on

2022-05-03 16:10:32 - [MESSAGE][PASSED] - Object: 'Object Repository/2-OBJECTS TAREAS SECUNDARIAS/Pruebas Compensación/Recálcular_nómina_por_empleado/span_P. MensualJunio2021' is clicked on

2022-05-03 16:10:32 - [TEST_STEP][PASSED] - check(findTestObject("2-OBJECTS TAREAS SECUNDARIAS/Pruebas Compensación/Recálcular_nómina_por_empleado/div_Estado_ui-chkbox-box ui-widget ui-corner-all ui-state-default")): Object 'Object Repository/2-OBJECTS TAREAS SECUNDARIAS/Pruebas Compensación/Recálcular_nómina_por_empleado/div_Estado_ui-chkbox-box ui-widget ui-corner-all ui-state-default' is checked

2022-05-03 16:10:33 - [MESSAGE][PASSED] - Object 'Object Repository/2-OBJECTS TAREAS SECUNDARIAS/Pruebas Compensación/Recálcular_nómina_por_empleado/div_Estado_ui-chkbox-box ui-widget ui-corner-all ui-state-default' is checked

2022-05-03 16:10:33 - [TEST_STEP][PASSED] - click(findTestObject("2-OBJECTS TAREAS SECUNDARIAS/Pruebas Compensación/Recálcular_nómina_por_empleado/a_Reclculo Seleccin")): Object: 'Object Repository/2-OBJECTS TAREAS SECUNDARIAS/Pruebas Compensación/Recálcular_nómina_por_empleado/a_Reclculo Seleccin' is clicked on

2022-05-03 16:10:34 - [MESSAGE][PASSED] - Object: 'Object Repository/2-OBJECTS TAREAS SECUNDARIAS/Pruebas Compensación/Recálcular_nómina_por_empleado/a_Reclculo Seleccin' is clicked on

2022-05-03 16:10:34 - [TEST_STEP][PASSED] - click(findTestObject("2-OBJECTS TAREAS SECUNDARIAS/Pruebas Compensación/Recálcular_nómina_por_empleado/span_Si")): Object: 'Object Repository/2-OBJECTS TAREAS SECUNDARIAS/Pruebas Compensación/Recálcular_nómina_por_empleado/span_Si' is clicked on

2022-05-03 16:10:34 - [MESSAGE][PASSED] - Object: 'Object Repository/2-OBJECTS TAREAS SECUNDARIAS/Pruebas Compensación/Recálcular_nómina_por_empleado/span_Si' is clicked on

2022-05-03 16:10:34 - [TEST_STEP][PASSED] - Result = getText(findTestObject("3-OBJECTS UTILIDADES/Alerta/Alerta")): Text of object 'Object Repository/3-OBJECTS UTILIDADES/Alerta/Alerta' is: 'Recalculo Finalizado'

2022-05-03 16:10:35 - [MESSAGE][PASSED] - Text of object 'Object Repository/3-OBJECTS UTILIDADES/Alerta/Alerta' is: 'Recalculo Finalizado'

2022-05-03 16:10:35 - [TEST_STEP][PASSED] - if (Result == "Recalculo Finalizado"): Browser is closed

2022-05-03 16:10:35 - [TEST_STEP][PASSED] - Resultado = "PRUEBA OK": null

2022-05-03 16:10:35 - [TEST_STEP][PASSED] - closeBrowser(): Browser is closed

2022-05-03 16:10:36 - [MESSAGE][PASSED] - Browser is closed]]></system-out>
         <system-err><![CDATA[]]></system-err>
      </testcase>
      <testcase name="Test Cases/1.2-Tareas_Secundarias/A.1-Pruebas_compensaciones/11.1.2-Terminación_de_Contrato_Definitivo" time="110.218" classname="Test Cases/1.2-Tareas_Secundarias/A.1-Pruebas_compensaciones/11.1.2-Terminación_de_Contrato_Definitivo" status="PASSED">
         <system-out><![CDATA[2022-05-03 16:10:36 - [TEST_CASE][PASSED] - Test Cases/1.2-Tareas_Secundarias/A.1-Pruebas_compensaciones/11.1.2-Terminación_de_Contrato_Definitivo: Test Cases/1.2-Tareas_Secundarias/A.1-Pruebas_compensaciones/11.1.2-Terminación_de_Contrato_Definitivo

2022-05-03 16:10:37 - [TEST_STEP][PASSED] - random_double = Math.random() * 9999 + 999: null

2022-05-03 16:10:37 - [TEST_STEP][PASSED] - random_double = Math.round(random_double * 1000): null

2022-05-03 16:10:37 - [TEST_STEP][PASSED] - identificacion = toString().replace(".0", ""): null

2022-05-03 16:10:37 - [TEST_STEP][PASSED] - callTestCase(findTestCase("0.1-Login"), [:], STOP_ON_FAILURE): Call Test Case 'Test Cases/0.1-Login' successfully

2022-05-03 16:10:37 - [TEST_CASE][PASSED] - Test Cases/0.1-Login: Test Cases/0.1-Login

2022-05-03 16:10:37 - [TEST_STEP][PASSED] - openBrowser(""): Browser is opened with url: ''

2022-05-03 16:10:37 - [MESSAGE][INFO] - Starting 'Chrome' driver

2022-05-03 16:10:37 - [MESSAGE][INFO] - Action delay is set to 0 milliseconds

2022-05-03 16:10:38 - [MESSAGE][PASSED] - Browser is opened with url: ''

2022-05-03 16:10:38 - [TEST_STEP][PASSED] - maximizeWindow(): Current window maximized

2022-05-03 16:10:38 - [MESSAGE][PASSED] - Current window maximized

2022-05-03 16:10:38 - [TEST_STEP][PASSED] - i = G_Login: null

2022-05-03 16:10:38 - [TEST_STEP][PASSED] - url = new java.net.URL(i): null

2022-05-03 16:10:38 - [TEST_STEP][PASSED] - println("URL: " + url.toString()): null

2022-05-03 16:10:38 - [TEST_STEP][PASSED] - connection = url.openConnection(): null

2022-05-03 16:10:38 - [TEST_STEP][PASSED] - connection.setRequestMethod("GET"): null

2022-05-03 16:10:38 - [TEST_STEP][PASSED] - connection.setReadTimeout(2 * 1000): null

2022-05-03 16:10:38 - [TEST_STEP][PASSED] - try: null

2022-05-03 16:10:38 - [TEST_STEP][PASSED] - connection.connect(): null

2022-05-03 16:10:38 - [TEST_STEP][PASSED] - flag = connected: null

2022-05-03 16:10:38 - [TEST_STEP][PASSED] - println("Valor_ori: " + flag): null

2022-05-03 16:10:38 - [TEST_STEP][PASSED] - if (flag): null

2022-05-03 16:10:38 - [TEST_STEP][PASSED] - navigateToUrl(i): Navigate to 'http://192.168.2.19:8380/saraweb' successfully

2022-05-03 16:10:39 - [MESSAGE][PASSED] - Navigate to 'http://192.168.2.19:8380/saraweb' successfully

2022-05-03 16:10:39 - [TEST_STEP][PASSED] - a(): null

2022-05-03 16:10:39 - [TEST_STEP][PASSED] - setText(findTestObject("3-OBJECTS UTILIDADES/Login/input_USUARIO_loginusuario"), G_Usuario): Text 'saraadmin' is set on object 'Object Repository/3-OBJECTS UTILIDADES/Login/input_USUARIO_loginusuario'

2022-05-03 16:10:40 - [MESSAGE][PASSED] - Text 'saraadmin' is set on object 'Object Repository/3-OBJECTS UTILIDADES/Login/input_USUARIO_loginusuario'

2022-05-03 16:10:40 - [TEST_STEP][PASSED] - setEncryptedText(findTestObject("3-OBJECTS UTILIDADES/Login/input_CLAVE_loginpassword"), "MkG4/TYiCFC3cb2driP7+Q=="): Text ****** has been set on object 'Object Repository/3-OBJECTS UTILIDADES/Login/input_CLAVE_loginpassword'

2022-05-03 16:10:40 - [MESSAGE][PASSED] - Text ****** has been set on object 'Object Repository/3-OBJECTS UTILIDADES/Login/input_CLAVE_loginpassword'

2022-05-03 16:10:40 - [TEST_STEP][PASSED] - waitForElementClickable(findTestObject("3-OBJECTS UTILIDADES/Login/a_Ingresar"), G_TimeOut): Object 'Object Repository/3-OBJECTS UTILIDADES/Login/a_Ingresar' is clickable

2022-05-03 16:10:41 - [MESSAGE][PASSED] - Object 'Object Repository/3-OBJECTS UTILIDADES/Login/a_Ingresar' is clickable

2022-05-03 16:10:41 - [TEST_STEP][PASSED] - click(findTestObject("3-OBJECTS UTILIDADES/Login/a_Ingresar")): Object: 'Object Repository/3-OBJECTS UTILIDADES/Login/a_Ingresar' is clicked on

2022-05-03 16:10:41 - [MESSAGE][PASSED] - Object: 'Object Repository/3-OBJECTS UTILIDADES/Login/a_Ingresar' is clicked on

2022-05-03 16:10:41 - [TEST_STEP][PASSED] - element = findWebElement(findTestObject("3-OBJECTS UTILIDADES/Login/a_Ir"), 30): null

2022-05-03 16:10:42 - [TEST_STEP][PASSED] - executeJavaScript("arguments[0].click()", Arrays.asList(element)): Execute JavaScript 'arguments[0].click()' successfully

2022-05-03 16:10:42 - [MESSAGE][PASSED] - Execute JavaScript 'arguments[0].click()' successfully

2022-05-03 16:10:42 - [MESSAGE][PASSED] - Call Test Case 'Test Cases/0.1-Login' successfully

2022-05-03 16:10:42 - [TEST_STEP][PASSED] - setText(findTestObject("2-OBJECTS TAREAS SECUNDARIAS/Pruebas Compensación/Terminación_de_Contrato_Definitivo/input_Empresa 1_form_templatej_idt24_input"), "Listado Hojas de Vida"): Text 'Listado Hojas de Vida' is set on object 'Object Repository/2-OBJECTS TAREAS SECUNDARIAS/Pruebas Compensación/Terminación_de_Contrato_Definitivo/input_Empresa 1_form_templatej_idt24_input'

2022-05-03 16:10:43 - [MESSAGE][PASSED] - Text 'Listado Hojas de Vida' is set on object 'Object Repository/2-OBJECTS TAREAS SECUNDARIAS/Pruebas Compensación/Terminación_de_Contrato_Definitivo/input_Empresa 1_form_templatej_idt24_input'

2022-05-03 16:10:43 - [TEST_STEP][PASSED] - click(findTestObject("2-OBJECTS TAREAS SECUNDARIAS/Pruebas Compensación/Terminación_de_Contrato_Definitivo/li_Listado Hojas de Vida (hoj)")): Object: 'Object Repository/2-OBJECTS TAREAS SECUNDARIAS/Pruebas Compensación/Terminación_de_Contrato_Definitivo/li_Listado Hojas de Vida (hoj)' is clicked on

2022-05-03 16:10:45 - [MESSAGE][PASSED] - Object: 'Object Repository/2-OBJECTS TAREAS SECUNDARIAS/Pruebas Compensación/Terminación_de_Contrato_Definitivo/li_Listado Hojas de Vida (hoj)' is clicked on

2022-05-03 16:10:45 - [TEST_STEP][PASSED] - click(findTestObject("2-OBJECTS TAREAS SECUNDARIAS/Pruebas Compensación/Terminación_de_Contrato_Definitivo/a_Nueva HojaVida")): Object: 'Object Repository/2-OBJECTS TAREAS SECUNDARIAS/Pruebas Compensación/Terminación_de_Contrato_Definitivo/a_Nueva HojaVida' is clicked on

2022-05-03 16:10:46 - [MESSAGE][PASSED] - Object: 'Object Repository/2-OBJECTS TAREAS SECUNDARIAS/Pruebas Compensación/Terminación_de_Contrato_Definitivo/a_Nueva HojaVida' is clicked on

2022-05-03 16:10:46 - [TEST_STEP][PASSED] - setText(findTestObject("2-OBJECTS TAREAS SECUNDARIAS/Pruebas Compensación/Terminación_de_Contrato_Definitivo/input_Identificacin_nuevahoja_formcedula"), identificacion): Text '2806650' is set on object 'Object Repository/2-OBJECTS TAREAS SECUNDARIAS/Pruebas Compensación/Terminación_de_Contrato_Definitivo/input_Identificacin_nuevahoja_formcedula'

2022-05-03 16:10:47 - [MESSAGE][PASSED] - Text '2806650' is set on object 'Object Repository/2-OBJECTS TAREAS SECUNDARIAS/Pruebas Compensación/Terminación_de_Contrato_Definitivo/input_Identificacin_nuevahoja_formcedula'

2022-05-03 16:10:47 - [TEST_STEP][PASSED] - selectOptionByIndex(findTestObject("2-OBJECTS TAREAS SECUNDARIAS/Pruebas Compensación/Terminación_de_Contrato_Definitivo/select_-- Seleccione --.ASPIRANTEAspirante NPxEspaol Tipo Hoja EmpleadoIngles Tipo Hoja AspirantepruebaTcnico"), 4): All options with index in [4] are selected on object 'Object Repository/2-OBJECTS TAREAS SECUNDARIAS/Pruebas Compensación/Terminación_de_Contrato_Definitivo/select_-- Seleccione --.ASPIRANTEAspirante NPxEspaol Tipo Hoja EmpleadoIngles Tipo Hoja AspirantepruebaTcnico'

2022-05-03 16:10:48 - [MESSAGE][PASSED] - All options with index in [4] are selected on object 'Object Repository/2-OBJECTS TAREAS SECUNDARIAS/Pruebas Compensación/Terminación_de_Contrato_Definitivo/select_-- Seleccione --.ASPIRANTEAspirante NPxEspaol Tipo Hoja EmpleadoIngles Tipo Hoja AspirantepruebaTcnico'

2022-05-03 16:10:48 - [TEST_STEP][PASSED] - click(findTestObject("2-OBJECTS TAREAS SECUNDARIAS/Pruebas Compensación/Terminación_de_Contrato_Definitivo/a_Nueva Solicitud")): Object: 'Object Repository/2-OBJECTS TAREAS SECUNDARIAS/Pruebas Compensación/Terminación_de_Contrato_Definitivo/a_Nueva Solicitud' is clicked on

2022-05-03 16:10:48 - [MESSAGE][PASSED] - Object: 'Object Repository/2-OBJECTS TAREAS SECUNDARIAS/Pruebas Compensación/Terminación_de_Contrato_Definitivo/a_Nueva Solicitud' is clicked on

2022-05-03 16:10:48 - [TEST_STEP][PASSED] - setText(findTestObject("2-OBJECTS TAREAS SECUNDARIAS/Pruebas Compensación/Terminación_de_Contrato_Definitivo/input__hojaVidaseccionj_idt2140idTexto"), identificacion): Text '2806650' is set on object 'Object Repository/2-OBJECTS TAREAS SECUNDARIAS/Pruebas Compensación/Terminación_de_Contrato_Definitivo/input__hojaVidaseccionj_idt2140idTexto'

2022-05-03 16:10:50 - [MESSAGE][PASSED] - Text '2806650' is set on object 'Object Repository/2-OBJECTS TAREAS SECUNDARIAS/Pruebas Compensación/Terminación_de_Contrato_Definitivo/input__hojaVidaseccionj_idt2140idTexto'

2022-05-03 16:10:50 - [TEST_STEP][PASSED] - setText(findTestObject("2-OBJECTS TAREAS SECUNDARIAS/Pruebas Compensación/Terminación_de_Contrato_Definitivo/input__hojaVidaseccionj_idt2141idTexto"), "Francis " + identificacion): Text 'Francis 2806650' is set on object 'Object Repository/2-OBJECTS TAREAS SECUNDARIAS/Pruebas Compensación/Terminación_de_Contrato_Definitivo/input__hojaVidaseccionj_idt2141idTexto'

2022-05-03 16:10:50 - [MESSAGE][PASSED] - Text 'Francis 2806650' is set on object 'Object Repository/2-OBJECTS TAREAS SECUNDARIAS/Pruebas Compensación/Terminación_de_Contrato_Definitivo/input__hojaVidaseccionj_idt2141idTexto'

2022-05-03 16:10:50 - [TEST_STEP][PASSED] - setText(findTestObject("2-OBJECTS TAREAS SECUNDARIAS/Pruebas Compensación/Terminación_de_Contrato_Definitivo/input__hojaVidaseccionj_idt2142idTexto"), "Chandler"): Text 'Chandler' is set on object 'Object Repository/2-OBJECTS TAREAS SECUNDARIAS/Pruebas Compensación/Terminación_de_Contrato_Definitivo/input__hojaVidaseccionj_idt2142idTexto'

2022-05-03 16:10:51 - [MESSAGE][PASSED] - Text 'Chandler' is set on object 'Object Repository/2-OBJECTS TAREAS SECUNDARIAS/Pruebas Compensación/Terminación_de_Contrato_Definitivo/input__hojaVidaseccionj_idt2142idTexto'

2022-05-03 16:10:51 - [TEST_STEP][PASSED] - setText(findTestObject("2-OBJECTS TAREAS SECUNDARIAS/Pruebas Compensación/Terminación_de_Contrato_Definitivo/input__hojaVidaseccionj_idt2143fecha_input"), "08/10/1990"): Text '08/10/1990' is set on object 'Object Repository/2-OBJECTS TAREAS SECUNDARIAS/Pruebas Compensación/Terminación_de_Contrato_Definitivo/input__hojaVidaseccionj_idt2143fecha_input'

2022-05-03 16:10:52 - [MESSAGE][PASSED] - Text '08/10/1990' is set on object 'Object Repository/2-OBJECTS TAREAS SECUNDARIAS/Pruebas Compensación/Terminación_de_Contrato_Definitivo/input__hojaVidaseccionj_idt2143fecha_input'

2022-05-03 16:10:52 - [TEST_STEP][PASSED] - click(findTestObject("2-OBJECTS TAREAS SECUNDARIAS/Pruebas Compensación/Terminación_de_Contrato_Definitivo/a__hojaVidaseccionj_idt2144j_idt254")): Object: 'Object Repository/2-OBJECTS TAREAS SECUNDARIAS/Pruebas Compensación/Terminación_de_Contrato_Definitivo/a__hojaVidaseccionj_idt2144j_idt254' is clicked on

2022-05-03 16:10:53 - [MESSAGE][PASSED] - Object: 'Object Repository/2-OBJECTS TAREAS SECUNDARIAS/Pruebas Compensación/Terminación_de_Contrato_Definitivo/a__hojaVidaseccionj_idt2144j_idt254' is clicked on

2022-05-03 16:10:53 - [TEST_STEP][PASSED] - click(findTestObject("2-OBJECTS TAREAS SECUNDARIAS/Pruebas Compensación/Terminación_de_Contrato_Definitivo (2)/span_CEDULA CIUDADANIA")): Object: 'Object Repository/2-OBJECTS TAREAS SECUNDARIAS/Pruebas Compensación/Terminación_de_Contrato_Definitivo (2)/span_CEDULA CIUDADANIA' is clicked on

2022-05-03 16:10:54 - [MESSAGE][PASSED] - Object: 'Object Repository/2-OBJECTS TAREAS SECUNDARIAS/Pruebas Compensación/Terminación_de_Contrato_Definitivo (2)/span_CEDULA CIUDADANIA' is clicked on

2022-05-03 16:10:54 - [TEST_STEP][PASSED] - setText(findTestObject("2-OBJECTS TAREAS SECUNDARIAS/Pruebas Compensación/Terminación_de_Contrato_Definitivo/input_Fecha Expedicin_hojaVidaseccionj_idt2146fecha_input"), "08/10/2008"): Text '08/10/2008' is set on object 'Object Repository/2-OBJECTS TAREAS SECUNDARIAS/Pruebas Compensación/Terminación_de_Contrato_Definitivo/input_Fecha Expedicin_hojaVidaseccionj_idt2146fecha_input'

2022-05-03 16:10:55 - [MESSAGE][PASSED] - Text '08/10/2008' is set on object 'Object Repository/2-OBJECTS TAREAS SECUNDARIAS/Pruebas Compensación/Terminación_de_Contrato_Definitivo/input_Fecha Expedicin_hojaVidaseccionj_idt2146fecha_input'

2022-05-03 16:10:55 - [TEST_STEP][PASSED] - selectOptionByLabel(findTestObject("2-OBJECTS TAREAS SECUNDARIAS/Pruebas Compensación/Terminación_de_Contrato_Definitivo (1)/select_--Seleccione---- Seleccione--000000ABEJORRA"), "BOGOTÁ", false): All options with label 'BOGOTÁ' are selected in object 'Object Repository/2-OBJECTS TAREAS SECUNDARIAS/Pruebas Compensación/Terminación_de_Contrato_Definitivo (1)/select_--Seleccione---- Seleccione--000000ABEJORRA' 

2022-05-03 16:10:56 - [MESSAGE][PASSED] - All options with label 'BOGOTÁ' are selected in object 'Object Repository/2-OBJECTS TAREAS SECUNDARIAS/Pruebas Compensación/Terminación_de_Contrato_Definitivo (1)/select_--Seleccione---- Seleccione--000000ABEJORRA' 

2022-05-03 16:10:56 - [TEST_STEP][PASSED] - setText(findTestObject("2-OBJECTS TAREAS SECUNDARIAS/Pruebas Compensación/Terminación_de_Contrato_Definitivo/input__hojaVidaseccionj_idt2148idTexto"), "624564654684"): Text '624564654684' is set on object 'Object Repository/2-OBJECTS TAREAS SECUNDARIAS/Pruebas Compensación/Terminación_de_Contrato_Definitivo/input__hojaVidaseccionj_idt2148idTexto'

2022-05-03 16:10:57 - [MESSAGE][PASSED] - Text '624564654684' is set on object 'Object Repository/2-OBJECTS TAREAS SECUNDARIAS/Pruebas Compensación/Terminación_de_Contrato_Definitivo/input__hojaVidaseccionj_idt2148idTexto'

2022-05-03 16:10:57 - [TEST_STEP][PASSED] - setText(findTestObject("2-OBJECTS TAREAS SECUNDARIAS/Pruebas Compensación/Terminación_de_Contrato_Definitivo/input__hojaVidaseccionj_idt2149idTexto"), "noodle@gmail.com"): Text 'noodle@gmail.com' is set on object 'Object Repository/2-OBJECTS TAREAS SECUNDARIAS/Pruebas Compensación/Terminación_de_Contrato_Definitivo/input__hojaVidaseccionj_idt2149idTexto'

2022-05-03 16:10:57 - [MESSAGE][PASSED] - Text 'noodle@gmail.com' is set on object 'Object Repository/2-OBJECTS TAREAS SECUNDARIAS/Pruebas Compensación/Terminación_de_Contrato_Definitivo/input__hojaVidaseccionj_idt2149idTexto'

2022-05-03 16:10:57 - [TEST_STEP][PASSED] - selectOptionByIndex(findTestObject("2-OBJECTS TAREAS SECUNDARIAS/Pruebas Compensación/Terminación_de_Contrato_Definitivo (1)/select_--Seleccione--AA-ABAB-BB-OO-"), 8): All options with index in [8] are selected on object 'Object Repository/2-OBJECTS TAREAS SECUNDARIAS/Pruebas Compensación/Terminación_de_Contrato_Definitivo (1)/select_--Seleccione--AA-ABAB-BB-OO-'

2022-05-03 16:10:59 - [MESSAGE][PASSED] - All options with index in [8] are selected on object 'Object Repository/2-OBJECTS TAREAS SECUNDARIAS/Pruebas Compensación/Terminación_de_Contrato_Definitivo (1)/select_--Seleccione--AA-ABAB-BB-OO-'

2022-05-03 16:10:59 - [TEST_STEP][PASSED] - click(findTestObject("2-OBJECTS TAREAS SECUNDARIAS/Pruebas Compensación/Terminación_de_Contrato_Definitivo/a_Continuar")): Object: 'Object Repository/2-OBJECTS TAREAS SECUNDARIAS/Pruebas Compensación/Terminación_de_Contrato_Definitivo/a_Continuar' is clicked on

2022-05-03 16:10:59 - [MESSAGE][PASSED] - Object: 'Object Repository/2-OBJECTS TAREAS SECUNDARIAS/Pruebas Compensación/Terminación_de_Contrato_Definitivo/a_Continuar' is clicked on

2022-05-03 16:10:59 - [TEST_STEP][PASSED] - click(findTestObject("2-OBJECTS TAREAS SECUNDARIAS/Pruebas Compensación/Terminación_de_Contrato_Definitivo/a_Aceptar")): Object: 'Object Repository/2-OBJECTS TAREAS SECUNDARIAS/Pruebas Compensación/Terminación_de_Contrato_Definitivo/a_Aceptar' is clicked on

2022-05-03 16:11:00 - [MESSAGE][PASSED] - Object: 'Object Repository/2-OBJECTS TAREAS SECUNDARIAS/Pruebas Compensación/Terminación_de_Contrato_Definitivo/a_Aceptar' is clicked on

2022-05-03 16:11:00 - [TEST_STEP][PASSED] - Nombre = getText(findTestObject("2-OBJECTS TAREAS SECUNDARIAS/Pruebas Compensación/Terminación_de_Contrato_Definitivo/input__hojaVidaseccionj_idt2140idTexto")): Text of object 'Object Repository/2-OBJECTS TAREAS SECUNDARIAS/Pruebas Compensación/Terminación_de_Contrato_Definitivo/input__hojaVidaseccionj_idt2140idTexto' is: ''

2022-05-03 16:11:01 - [MESSAGE][PASSED] - Text of object 'Object Repository/2-OBJECTS TAREAS SECUNDARIAS/Pruebas Compensación/Terminación_de_Contrato_Definitivo/input__hojaVidaseccionj_idt2140idTexto' is: ''

2022-05-03 16:11:01 - [TEST_STEP][PASSED] - setText(findTestObject("2-OBJECTS TAREAS SECUNDARIAS/Pruebas Compensación/Terminación_de_Contrato_Definitivo/input_Empresa 1_form_templatej_idt24_input"), "Actos administrativos"): Text 'Actos administrativos' is set on object 'Object Repository/2-OBJECTS TAREAS SECUNDARIAS/Pruebas Compensación/Terminación_de_Contrato_Definitivo/input_Empresa 1_form_templatej_idt24_input'

2022-05-03 16:11:01 - [MESSAGE][PASSED] - Text 'Actos administrativos' is set on object 'Object Repository/2-OBJECTS TAREAS SECUNDARIAS/Pruebas Compensación/Terminación_de_Contrato_Definitivo/input_Empresa 1_form_templatej_idt24_input'

2022-05-03 16:11:01 - [TEST_STEP][PASSED] - click(findTestObject("2-OBJECTS TAREAS SECUNDARIAS/Pruebas Compensación/Terminación_de_Contrato_Definitivo/li_Listado Hojas de Vida (hoj)")): Object: 'Object Repository/2-OBJECTS TAREAS SECUNDARIAS/Pruebas Compensación/Terminación_de_Contrato_Definitivo/li_Listado Hojas de Vida (hoj)' is clicked on

2022-05-03 16:11:03 - [MESSAGE][PASSED] - Object: 'Object Repository/2-OBJECTS TAREAS SECUNDARIAS/Pruebas Compensación/Terminación_de_Contrato_Definitivo/li_Listado Hojas de Vida (hoj)' is clicked on

2022-05-03 16:11:03 - [TEST_STEP][PASSED] - click(findTestObject("2-OBJECTS TAREAS SECUNDARIAS/Pruebas Compensación/Terminación_de_Contrato_Definitivo/i_Actos_glyphicons glyphicons-group")): Object: 'Object Repository/2-OBJECTS TAREAS SECUNDARIAS/Pruebas Compensación/Terminación_de_Contrato_Definitivo/i_Actos_glyphicons glyphicons-group' is clicked on

2022-05-03 16:11:04 - [MESSAGE][PASSED] - Object: 'Object Repository/2-OBJECTS TAREAS SECUNDARIAS/Pruebas Compensación/Terminación_de_Contrato_Definitivo/i_Actos_glyphicons glyphicons-group' is clicked on

2022-05-03 16:11:04 - [TEST_STEP][PASSED] - click(findTestObject("2-OBJECTS TAREAS SECUNDARIAS/Pruebas Compensación/Terminación_de_Contrato_Definitivo/a_Actos de Retiro del empleado_form_ActosAdministrativostabla_principal_10j_idt79")): Object: 'Object Repository/2-OBJECTS TAREAS SECUNDARIAS/Pruebas Compensación/Terminación_de_Contrato_Definitivo/a_Actos de Retiro del empleado_form_ActosAdministrativostabla_principal_10j_idt79' is clicked on

2022-05-03 16:11:05 - [MESSAGE][PASSED] - Object: 'Object Repository/2-OBJECTS TAREAS SECUNDARIAS/Pruebas Compensación/Terminación_de_Contrato_Definitivo/a_Actos de Retiro del empleado_form_ActosAdministrativostabla_principal_10j_idt79' is clicked on

2022-05-03 16:11:05 - [TEST_STEP][PASSED] - click(findTestObject("2-OBJECTS TAREAS SECUNDARIAS/Pruebas Compensación/Terminación_de_Contrato_Definitivo (2)/span_Nomina")): Object: 'Object Repository/2-OBJECTS TAREAS SECUNDARIAS/Pruebas Compensación/Terminación_de_Contrato_Definitivo (2)/span_Nomina' is clicked on

2022-05-03 16:11:05 - [MESSAGE][PASSED] - Object: 'Object Repository/2-OBJECTS TAREAS SECUNDARIAS/Pruebas Compensación/Terminación_de_Contrato_Definitivo (2)/span_Nomina' is clicked on

2022-05-03 16:11:05 - [TEST_STEP][PASSED] - click(findTestObject("2-OBJECTS TAREAS SECUNDARIAS/Pruebas Compensación/Terminación_de_Contrato_Definitivo (2)/span_ingreso definitivo indefinido salario basico")): Object: 'Object Repository/2-OBJECTS TAREAS SECUNDARIAS/Pruebas Compensación/Terminación_de_Contrato_Definitivo (2)/span_ingreso definitivo indefinido salario basico' is clicked on

2022-05-03 16:11:06 - [MESSAGE][PASSED] - Object: 'Object Repository/2-OBJECTS TAREAS SECUNDARIAS/Pruebas Compensación/Terminación_de_Contrato_Definitivo (2)/span_ingreso definitivo indefinido salario basico' is clicked on

2022-05-03 16:11:06 - [TEST_STEP][PASSED] - click(findTestObject("2-OBJECTS TAREAS SECUNDARIAS/Pruebas Compensación/Terminación_de_Contrato_Definitivo/a_Elaboracin_glyphicons glyphicons-chronicle x2")): Object: 'Object Repository/2-OBJECTS TAREAS SECUNDARIAS/Pruebas Compensación/Terminación_de_Contrato_Definitivo/a_Elaboracin_glyphicons glyphicons-chronicle x2' is clicked on

2022-05-03 16:11:07 - [MESSAGE][PASSED] - Object: 'Object Repository/2-OBJECTS TAREAS SECUNDARIAS/Pruebas Compensación/Terminación_de_Contrato_Definitivo/a_Elaboracin_glyphicons glyphicons-chronicle x2' is clicked on

2022-05-03 16:11:07 - [TEST_STEP][PASSED] - click(findTestObject("2-OBJECTS TAREAS SECUNDARIAS/Pruebas Compensación/Terminación_de_Contrato_Definitivo/a_Identificacin_form_actoIngresoj_idt1250")): Object: 'Object Repository/2-OBJECTS TAREAS SECUNDARIAS/Pruebas Compensación/Terminación_de_Contrato_Definitivo/a_Identificacin_form_actoIngresoj_idt1250' is clicked on

2022-05-03 16:11:08 - [MESSAGE][PASSED] - Object: 'Object Repository/2-OBJECTS TAREAS SECUNDARIAS/Pruebas Compensación/Terminación_de_Contrato_Definitivo/a_Identificacin_form_actoIngresoj_idt1250' is clicked on

2022-05-03 16:11:08 - [TEST_STEP][PASSED] - setText(findTestObject("2-OBJECTS TAREAS SECUNDARIAS/Pruebas Compensación/Terminación_de_Contrato_Definitivo/input_Filtro Hoja de Vida_formPopupHojaVidaj_idt1762"), identificacion): Text '2806650' is set on object 'Object Repository/2-OBJECTS TAREAS SECUNDARIAS/Pruebas Compensación/Terminación_de_Contrato_Definitivo/input_Filtro Hoja de Vida_formPopupHojaVidaj_idt1762'

2022-05-03 16:11:09 - [MESSAGE][PASSED] - Text '2806650' is set on object 'Object Repository/2-OBJECTS TAREAS SECUNDARIAS/Pruebas Compensación/Terminación_de_Contrato_Definitivo/input_Filtro Hoja de Vida_formPopupHojaVidaj_idt1762'

2022-05-03 16:11:09 - [TEST_STEP][PASSED] - sendKeys(findTestObject("2-OBJECTS TAREAS SECUNDARIAS/Pruebas Compensación/Terminación_de_Contrato_Definitivo/input_Filtro Hoja de Vida_formPopupHojaVidaj_idt1762"), Keys.chord(ENTER)): Keys 'ENTER + ' sent to object: 'Object Repository/2-OBJECTS TAREAS SECUNDARIAS/Pruebas Compensación/Terminación_de_Contrato_Definitivo/input_Filtro Hoja de Vida_formPopupHojaVidaj_idt1762'

2022-05-03 16:11:10 - [MESSAGE][PASSED] - Keys 'ENTER + ' sent to object: 'Object Repository/2-OBJECTS TAREAS SECUNDARIAS/Pruebas Compensación/Terminación_de_Contrato_Definitivo/input_Filtro Hoja de Vida_formPopupHojaVidaj_idt1762'

2022-05-03 16:11:10 - [TEST_STEP][PASSED] - click(findTestObject("2-OBJECTS TAREAS SECUNDARIAS/Pruebas Compensación/Terminación_de_Contrato_Definitivo (2)/td_Chandler  Francis 1537948e7")): Object: 'Object Repository/2-OBJECTS TAREAS SECUNDARIAS/Pruebas Compensación/Terminación_de_Contrato_Definitivo (2)/td_Chandler  Francis 1537948e7' is clicked on

2022-05-03 16:11:10 - [MESSAGE][PASSED] - Object: 'Object Repository/2-OBJECTS TAREAS SECUNDARIAS/Pruebas Compensación/Terminación_de_Contrato_Definitivo (2)/td_Chandler  Francis 1537948e7' is clicked on

2022-05-03 16:11:10 - [TEST_STEP][PASSED] - click(findTestObject("2-OBJECTS TAREAS SECUNDARIAS/Pruebas Compensación/Terminación_de_Contrato_Definitivo/a_Continuar")): Object: 'Object Repository/2-OBJECTS TAREAS SECUNDARIAS/Pruebas Compensación/Terminación_de_Contrato_Definitivo/a_Continuar' is clicked on

2022-05-03 16:11:11 - [MESSAGE][PASSED] - Object: 'Object Repository/2-OBJECTS TAREAS SECUNDARIAS/Pruebas Compensación/Terminación_de_Contrato_Definitivo/a_Continuar' is clicked on

2022-05-03 16:11:11 - [TEST_STEP][PASSED] - setText(findTestObject("2-OBJECTS TAREAS SECUNDARIAS/Pruebas Compensación/Terminación_de_Contrato_Definitivo/input__form_actoIngresoj_idt12870fecha_input"), "01/07/2021"): Text '01/07/2021' is set on object 'Object Repository/2-OBJECTS TAREAS SECUNDARIAS/Pruebas Compensación/Terminación_de_Contrato_Definitivo/input__form_actoIngresoj_idt12870fecha_input'

2022-05-03 16:11:12 - [MESSAGE][PASSED] - Text '01/07/2021' is set on object 'Object Repository/2-OBJECTS TAREAS SECUNDARIAS/Pruebas Compensación/Terminación_de_Contrato_Definitivo/input__form_actoIngresoj_idt12870fecha_input'

2022-05-03 16:11:12 - [TEST_STEP][PASSED] - sendKeys(findTestObject("2-OBJECTS TAREAS SECUNDARIAS/Pruebas Compensación/Terminación_de_Contrato_Definitivo/input__form_actoIngresoj_idt12870fecha_input"), Keys.chord(ENTER)): Keys 'ENTER + ' sent to object: 'Object Repository/2-OBJECTS TAREAS SECUNDARIAS/Pruebas Compensación/Terminación_de_Contrato_Definitivo/input__form_actoIngresoj_idt12870fecha_input'

2022-05-03 16:11:13 - [MESSAGE][PASSED] - Keys 'ENTER + ' sent to object: 'Object Repository/2-OBJECTS TAREAS SECUNDARIAS/Pruebas Compensación/Terminación_de_Contrato_Definitivo/input__form_actoIngresoj_idt12870fecha_input'

2022-05-03 16:11:13 - [TEST_STEP][PASSED] - setText(findTestObject("2-OBJECTS TAREAS SECUNDARIAS/Pruebas Compensación/Terminación_de_Contrato_Definitivo/input__form_actoIngresoj_idt12871fecha_input"), "01/07/2021"): Text '01/07/2021' is set on object 'Object Repository/2-OBJECTS TAREAS SECUNDARIAS/Pruebas Compensación/Terminación_de_Contrato_Definitivo/input__form_actoIngresoj_idt12871fecha_input'

2022-05-03 16:11:14 - [MESSAGE][PASSED] - Text '01/07/2021' is set on object 'Object Repository/2-OBJECTS TAREAS SECUNDARIAS/Pruebas Compensación/Terminación_de_Contrato_Definitivo/input__form_actoIngresoj_idt12871fecha_input'

2022-05-03 16:11:14 - [TEST_STEP][PASSED] - sendKeys(findTestObject("2-OBJECTS TAREAS SECUNDARIAS/Pruebas Compensación/Terminación_de_Contrato_Definitivo/input__form_actoIngresoj_idt12871fecha_input"), Keys.chord(ENTER)): Keys 'ENTER + ' sent to object: 'Object Repository/2-OBJECTS TAREAS SECUNDARIAS/Pruebas Compensación/Terminación_de_Contrato_Definitivo/input__form_actoIngresoj_idt12871fecha_input'

2022-05-03 16:11:14 - [MESSAGE][PASSED] - Keys 'ENTER + ' sent to object: 'Object Repository/2-OBJECTS TAREAS SECUNDARIAS/Pruebas Compensación/Terminación_de_Contrato_Definitivo/input__form_actoIngresoj_idt12871fecha_input'

2022-05-03 16:11:14 - [TEST_STEP][PASSED] - selectOptionByIndex(findTestObject("2-OBJECTS TAREAS SECUNDARIAS/Pruebas Compensación/Terminación_de_Contrato_Definitivo (1)/select_10 - Ingreso Puesto Nuevo"), 1): All options with index in [1] are selected on object 'Object Repository/2-OBJECTS TAREAS SECUNDARIAS/Pruebas Compensación/Terminación_de_Contrato_Definitivo (1)/select_10 - Ingreso Puesto Nuevo'

2022-05-03 16:11:15 - [MESSAGE][PASSED] - All options with index in [1] are selected on object 'Object Repository/2-OBJECTS TAREAS SECUNDARIAS/Pruebas Compensación/Terminación_de_Contrato_Definitivo (1)/select_10 - Ingreso Puesto Nuevo'

2022-05-03 16:11:15 - [TEST_STEP][PASSED] - if (waitForElementVisible(findTestObject("2-OBJECTS TAREAS SECUNDARIAS/Pruebas Compensación/Terminación_de_Contrato_Definitivo (1)/select_DIAZ BLANCO GUISELL"), 1)): Web element with id: 'Object Repository/2-OBJECTS TAREAS SECUNDARIAS/Pruebas Compensación/Terminación_de_Contrato_Definitivo (1)/select_DIAZ BLANCO GUISELL' located by '//tr[4]/td[2]/table/tbody/tr/td/table/tbody/tr/td/select' not found

2022-05-03 16:11:17 - [MESSAGE][INFO] - Unable to find the element located by 'By.xpath: //tr[4]/td[2]/table/tbody/tr/td/table/tbody/tr/td/select'. Please recheck the objects properties to make sure the desired element is located. 

2022-05-03 16:11:17 - [MESSAGE][WARNING] - Web element with id: 'Object Repository/2-OBJECTS TAREAS SECUNDARIAS/Pruebas Compensación/Terminación_de_Contrato_Definitivo (1)/select_DIAZ BLANCO GUISELL' located by '//tr[4]/td[2]/table/tbody/tr/td/table/tbody/tr/td/select' not found

2022-05-03 16:11:17 - [TEST_STEP][PASSED] - setText(findTestObject("2-OBJECTS TAREAS SECUNDARIAS/Pruebas Compensación/Terminación_de_Contrato_Definitivo (2)/textarea__form_actoIngresoj_idt12874idTexto5"), "Magister en derecho penal"): Text 'Magister en derecho penal' is set on object 'Object Repository/2-OBJECTS TAREAS SECUNDARIAS/Pruebas Compensación/Terminación_de_Contrato_Definitivo (2)/textarea__form_actoIngresoj_idt12874idTexto5'

2022-05-03 16:11:18 - [MESSAGE][PASSED] - Text 'Magister en derecho penal' is set on object 'Object Repository/2-OBJECTS TAREAS SECUNDARIAS/Pruebas Compensación/Terminación_de_Contrato_Definitivo (2)/textarea__form_actoIngresoj_idt12874idTexto5'

2022-05-03 16:11:18 - [TEST_STEP][PASSED] - selectOptionByIndex(findTestObject("2-OBJECTS TAREAS SECUNDARIAS/Pruebas Compensación/Terminación_de_Contrato_Definitivo (1)/select_-- Seleccione --1. Actualizacin por Ascenso del Escalafn Origina2.Actualizacin por Ascenso"), 2): All options with index in [2] are selected on object 'Object Repository/2-OBJECTS TAREAS SECUNDARIAS/Pruebas Compensación/Terminación_de_Contrato_Definitivo (1)/select_-- Seleccione --1. Actualizacin por Ascenso del Escalafn Origina2.Actualizacin por Ascenso'

2022-05-03 16:11:19 - [MESSAGE][PASSED] - All options with index in [2] are selected on object 'Object Repository/2-OBJECTS TAREAS SECUNDARIAS/Pruebas Compensación/Terminación_de_Contrato_Definitivo (1)/select_-- Seleccione --1. Actualizacin por Ascenso del Escalafn Origina2.Actualizacin por Ascenso'

2022-05-03 16:11:19 - [TEST_STEP][PASSED] - setText(findTestObject("2-OBJECTS TAREAS SECUNDARIAS/Pruebas Compensación/Terminación_de_Contrato_Definitivo/input__form_actoIngresoj_idt12876idTexto"), "AAAAAA"): Text 'AAAAAA' is set on object 'Object Repository/2-OBJECTS TAREAS SECUNDARIAS/Pruebas Compensación/Terminación_de_Contrato_Definitivo/input__form_actoIngresoj_idt12876idTexto'

2022-05-03 16:11:20 - [MESSAGE][PASSED] - Text 'AAAAAA' is set on object 'Object Repository/2-OBJECTS TAREAS SECUNDARIAS/Pruebas Compensación/Terminación_de_Contrato_Definitivo/input__form_actoIngresoj_idt12876idTexto'

2022-05-03 16:11:20 - [TEST_STEP][PASSED] - click(findTestObject("2-OBJECTS TAREAS SECUNDARIAS/Pruebas Compensación/Terminación_de_Contrato_Definitivo/a__form_actoIngresoj_idt12877j_idt1327")): Object: 'Object Repository/2-OBJECTS TAREAS SECUNDARIAS/Pruebas Compensación/Terminación_de_Contrato_Definitivo/a__form_actoIngresoj_idt12877j_idt1327' is clicked on

2022-05-03 16:11:21 - [MESSAGE][PASSED] - Object: 'Object Repository/2-OBJECTS TAREAS SECUNDARIAS/Pruebas Compensación/Terminación_de_Contrato_Definitivo/a__form_actoIngresoj_idt12877j_idt1327' is clicked on

2022-05-03 16:11:21 - [TEST_STEP][PASSED] - setText(findTestObject("2-OBJECTS TAREAS SECUNDARIAS/Pruebas Compensación/Terminación_de_Contrato_Definitivo/input_Unidad_form_popupUnidadUsuarioj_idt1777"), "1"): Text '1' is set on object 'Object Repository/2-OBJECTS TAREAS SECUNDARIAS/Pruebas Compensación/Terminación_de_Contrato_Definitivo/input_Unidad_form_popupUnidadUsuarioj_idt1777'

2022-05-03 16:11:22 - [MESSAGE][PASSED] - Text '1' is set on object 'Object Repository/2-OBJECTS TAREAS SECUNDARIAS/Pruebas Compensación/Terminación_de_Contrato_Definitivo/input_Unidad_form_popupUnidadUsuarioj_idt1777'

2022-05-03 16:11:22 - [TEST_STEP][PASSED] - sendKeys(findTestObject("2-OBJECTS TAREAS SECUNDARIAS/Pruebas Compensación/Terminación_de_Contrato_Definitivo/input_Unidad_form_popupUnidadUsuarioj_idt1777"), Keys.chord(ENTER)): Keys 'ENTER + ' sent to object: 'Object Repository/2-OBJECTS TAREAS SECUNDARIAS/Pruebas Compensación/Terminación_de_Contrato_Definitivo/input_Unidad_form_popupUnidadUsuarioj_idt1777'

2022-05-03 16:11:22 - [MESSAGE][PASSED] - Keys 'ENTER + ' sent to object: 'Object Repository/2-OBJECTS TAREAS SECUNDARIAS/Pruebas Compensación/Terminación_de_Contrato_Definitivo/input_Unidad_form_popupUnidadUsuarioj_idt1777'

2022-05-03 16:11:22 - [TEST_STEP][PASSED] - click(findTestObject("2-OBJECTS TAREAS SECUNDARIAS/Pruebas Compensación/Terminación_de_Contrato_Definitivo (2)/span_ADMINISTRACION")): Object: 'Object Repository/2-OBJECTS TAREAS SECUNDARIAS/Pruebas Compensación/Terminación_de_Contrato_Definitivo (2)/span_ADMINISTRACION' is clicked on

2022-05-03 16:11:23 - [MESSAGE][PASSED] - Object: 'Object Repository/2-OBJECTS TAREAS SECUNDARIAS/Pruebas Compensación/Terminación_de_Contrato_Definitivo (2)/span_ADMINISTRACION' is clicked on

2022-05-03 16:11:23 - [TEST_STEP][PASSED] - click(findTestObject("2-OBJECTS TAREAS SECUNDARIAS/Pruebas Compensación/Terminación_de_Contrato_Definitivo/a__form_actoIngresoj_idt12878j_idt1327")): Object: 'Object Repository/2-OBJECTS TAREAS SECUNDARIAS/Pruebas Compensación/Terminación_de_Contrato_Definitivo/a__form_actoIngresoj_idt12878j_idt1327' is clicked on

2022-05-03 16:11:24 - [MESSAGE][PASSED] - Object: 'Object Repository/2-OBJECTS TAREAS SECUNDARIAS/Pruebas Compensación/Terminación_de_Contrato_Definitivo/a__form_actoIngresoj_idt12878j_idt1327' is clicked on

2022-05-03 16:11:24 - [TEST_STEP][PASSED] - click(findTestObject("2-OBJECTS TAREAS SECUNDARIAS/Pruebas Compensación/Terminación_de_Contrato_Definitivo (2)/span_APRENDIZ SENA PRODUCTIVA")): Object: 'Object Repository/2-OBJECTS TAREAS SECUNDARIAS/Pruebas Compensación/Terminación_de_Contrato_Definitivo (2)/span_APRENDIZ SENA PRODUCTIVA' is clicked on

2022-05-03 16:11:25 - [MESSAGE][PASSED] - Object: 'Object Repository/2-OBJECTS TAREAS SECUNDARIAS/Pruebas Compensación/Terminación_de_Contrato_Definitivo (2)/span_APRENDIZ SENA PRODUCTIVA' is clicked on

2022-05-03 16:11:25 - [TEST_STEP][PASSED] - setText(findTestObject("2-OBJECTS TAREAS SECUNDARIAS/Pruebas Compensación/Terminación_de_Contrato_Definitivo/input_VALOR4_form_actoIngresoj_idt12879idNumero1"), "3"): Text '3' is set on object 'Object Repository/2-OBJECTS TAREAS SECUNDARIAS/Pruebas Compensación/Terminación_de_Contrato_Definitivo/input_VALOR4_form_actoIngresoj_idt12879idNumero1'

2022-05-03 16:11:26 - [MESSAGE][PASSED] - Text '3' is set on object 'Object Repository/2-OBJECTS TAREAS SECUNDARIAS/Pruebas Compensación/Terminación_de_Contrato_Definitivo/input_VALOR4_form_actoIngresoj_idt12879idNumero1'

2022-05-03 16:11:26 - [TEST_STEP][PASSED] - click(findTestObject("2-OBJECTS TAREAS SECUNDARIAS/Pruebas Compensación/Terminación_de_Contrato_Definitivo (2)/td_ENTIDAD DE SALUD")): Object: 'Object Repository/2-OBJECTS TAREAS SECUNDARIAS/Pruebas Compensación/Terminación_de_Contrato_Definitivo (2)/td_ENTIDAD DE SALUD' is clicked on

2022-05-03 16:11:26 - [MESSAGE][PASSED] - Object: 'Object Repository/2-OBJECTS TAREAS SECUNDARIAS/Pruebas Compensación/Terminación_de_Contrato_Definitivo (2)/td_ENTIDAD DE SALUD' is clicked on

2022-05-03 16:11:26 - [TEST_STEP][PASSED] - click(findTestObject("2-OBJECTS TAREAS SECUNDARIAS/Pruebas Compensación/Terminación_de_Contrato_Definitivo (2)/span_Eps - Aliansalud Eps")): Object: 'Object Repository/2-OBJECTS TAREAS SECUNDARIAS/Pruebas Compensación/Terminación_de_Contrato_Definitivo (2)/span_Eps - Aliansalud Eps' is clicked on

2022-05-03 16:11:27 - [MESSAGE][PASSED] - Object: 'Object Repository/2-OBJECTS TAREAS SECUNDARIAS/Pruebas Compensación/Terminación_de_Contrato_Definitivo (2)/span_Eps - Aliansalud Eps' is clicked on

2022-05-03 16:11:27 - [TEST_STEP][PASSED] - click(findTestObject("2-OBJECTS TAREAS SECUNDARIAS/Pruebas Compensación/Terminación_de_Contrato_Definitivo (2)/td_FONDO DE PENSIONES")): Object: 'Object Repository/2-OBJECTS TAREAS SECUNDARIAS/Pruebas Compensación/Terminación_de_Contrato_Definitivo (2)/td_FONDO DE PENSIONES' is clicked on

2022-05-03 16:11:28 - [MESSAGE][PASSED] - Object: 'Object Repository/2-OBJECTS TAREAS SECUNDARIAS/Pruebas Compensación/Terminación_de_Contrato_Definitivo (2)/td_FONDO DE PENSIONES' is clicked on

2022-05-03 16:11:28 - [TEST_STEP][PASSED] - click(findTestObject("2-OBJECTS TAREAS SECUNDARIAS/Pruebas Compensación/Terminación_de_Contrato_Definitivo (2)/span_Afp - Colfondos")): Object: 'Object Repository/2-OBJECTS TAREAS SECUNDARIAS/Pruebas Compensación/Terminación_de_Contrato_Definitivo (2)/span_Afp - Colfondos' is clicked on

2022-05-03 16:11:29 - [MESSAGE][PASSED] - Object: 'Object Repository/2-OBJECTS TAREAS SECUNDARIAS/Pruebas Compensación/Terminación_de_Contrato_Definitivo (2)/span_Afp - Colfondos' is clicked on

2022-05-03 16:11:29 - [TEST_STEP][PASSED] - click(findTestObject("2-OBJECTS TAREAS SECUNDARIAS/Pruebas Compensación/Terminación_de_Contrato_Definitivo (2)/span_ASEG. RIESGOS PROFESIONALES")): Object: 'Object Repository/2-OBJECTS TAREAS SECUNDARIAS/Pruebas Compensación/Terminación_de_Contrato_Definitivo (2)/span_ASEG. RIESGOS PROFESIONALES' is clicked on

2022-05-03 16:11:29 - [MESSAGE][PASSED] - Object: 'Object Repository/2-OBJECTS TAREAS SECUNDARIAS/Pruebas Compensación/Terminación_de_Contrato_Definitivo (2)/span_ASEG. RIESGOS PROFESIONALES' is clicked on

2022-05-03 16:11:29 - [TEST_STEP][PASSED] - click(findTestObject("2-OBJECTS TAREAS SECUNDARIAS/Pruebas Compensación/Terminación_de_Contrato_Definitivo (2)/span_Arl - Seguros Bolivar")): Object: 'Object Repository/2-OBJECTS TAREAS SECUNDARIAS/Pruebas Compensación/Terminación_de_Contrato_Definitivo (2)/span_Arl - Seguros Bolivar' is clicked on

2022-05-03 16:11:30 - [MESSAGE][PASSED] - Object: 'Object Repository/2-OBJECTS TAREAS SECUNDARIAS/Pruebas Compensación/Terminación_de_Contrato_Definitivo (2)/span_Arl - Seguros Bolivar' is clicked on

2022-05-03 16:11:30 - [TEST_STEP][PASSED] - click(findTestObject("2-OBJECTS TAREAS SECUNDARIAS/Pruebas Compensación/Terminación_de_Contrato_Definitivo (2)/span_FONDO DE CESANTIAS")): Object: 'Object Repository/2-OBJECTS TAREAS SECUNDARIAS/Pruebas Compensación/Terminación_de_Contrato_Definitivo (2)/span_FONDO DE CESANTIAS' is clicked on

2022-05-03 16:11:31 - [MESSAGE][PASSED] - Object: 'Object Repository/2-OBJECTS TAREAS SECUNDARIAS/Pruebas Compensación/Terminación_de_Contrato_Definitivo (2)/span_FONDO DE CESANTIAS' is clicked on

2022-05-03 16:11:31 - [TEST_STEP][PASSED] - click(findTestObject("2-OBJECTS TAREAS SECUNDARIAS/Pruebas Compensación/Terminación_de_Contrato_Definitivo (2)/span_Fc - Colfondos")): Object: 'Object Repository/2-OBJECTS TAREAS SECUNDARIAS/Pruebas Compensación/Terminación_de_Contrato_Definitivo (2)/span_Fc - Colfondos' is clicked on

2022-05-03 16:11:32 - [MESSAGE][PASSED] - Object: 'Object Repository/2-OBJECTS TAREAS SECUNDARIAS/Pruebas Compensación/Terminación_de_Contrato_Definitivo (2)/span_Fc - Colfondos' is clicked on

2022-05-03 16:11:32 - [TEST_STEP][PASSED] - click(findTestObject("2-OBJECTS TAREAS SECUNDARIAS/Pruebas Compensación/Terminación_de_Contrato_Definitivo (2)/td_PAGO DE NOMINA")): Object: 'Object Repository/2-OBJECTS TAREAS SECUNDARIAS/Pruebas Compensación/Terminación_de_Contrato_Definitivo (2)/td_PAGO DE NOMINA' is clicked on

2022-05-03 16:11:32 - [MESSAGE][PASSED] - Object: 'Object Repository/2-OBJECTS TAREAS SECUNDARIAS/Pruebas Compensación/Terminación_de_Contrato_Definitivo (2)/td_PAGO DE NOMINA' is clicked on

2022-05-03 16:11:32 - [TEST_STEP][PASSED] - click(findTestObject("2-OBJECTS TAREAS SECUNDARIAS/Pruebas Compensación/Terminación_de_Contrato_Definitivo/a_Sucursal_entidadempleado_formtabj_idt1562")): Object: 'Object Repository/2-OBJECTS TAREAS SECUNDARIAS/Pruebas Compensación/Terminación_de_Contrato_Definitivo/a_Sucursal_entidadempleado_formtabj_idt1562' is clicked on

2022-05-03 16:11:33 - [MESSAGE][PASSED] - Object: 'Object Repository/2-OBJECTS TAREAS SECUNDARIAS/Pruebas Compensación/Terminación_de_Contrato_Definitivo/a_Sucursal_entidadempleado_formtabj_idt1562' is clicked on

2022-05-03 16:11:33 - [TEST_STEP][PASSED] - click(findTestObject("2-OBJECTS TAREAS SECUNDARIAS/Pruebas Compensación/Terminación_de_Contrato_Definitivo (2)/span_Ccf - Cafam")): Object: 'Object Repository/2-OBJECTS TAREAS SECUNDARIAS/Pruebas Compensación/Terminación_de_Contrato_Definitivo (2)/span_Ccf - Cafam' is clicked on

2022-05-03 16:11:34 - [MESSAGE][PASSED] - Object: 'Object Repository/2-OBJECTS TAREAS SECUNDARIAS/Pruebas Compensación/Terminación_de_Contrato_Definitivo (2)/span_Ccf - Cafam' is clicked on

2022-05-03 16:11:34 - [TEST_STEP][PASSED] - selectOptionByIndex(findTestObject("2-OBJECTS TAREAS SECUNDARIAS/Pruebas Compensación/Terminación_de_Contrato_Definitivo (1)/select_--Seleccione--003 Familia Popayan"), 2): All options with index in [2] are selected on object 'Object Repository/2-OBJECTS TAREAS SECUNDARIAS/Pruebas Compensación/Terminación_de_Contrato_Definitivo (1)/select_--Seleccione--003 Familia Popayan'

2022-05-03 16:11:35 - [MESSAGE][PASSED] - All options with index in [2] are selected on object 'Object Repository/2-OBJECTS TAREAS SECUNDARIAS/Pruebas Compensación/Terminación_de_Contrato_Definitivo (1)/select_--Seleccione--003 Familia Popayan'

2022-05-03 16:11:35 - [TEST_STEP][PASSED] - setText(findTestObject("2-OBJECTS TAREAS SECUNDARIAS/Pruebas Compensación/Terminación_de_Contrato_Definitivo/input_Cuenta_entidadempleado_formtabtablaCampos0referencia"), "12345678910"): Text '12345678910' is set on object 'Object Repository/2-OBJECTS TAREAS SECUNDARIAS/Pruebas Compensación/Terminación_de_Contrato_Definitivo/input_Cuenta_entidadempleado_formtabtablaCampos0referencia'

2022-05-03 16:11:36 - [MESSAGE][PASSED] - Text '12345678910' is set on object 'Object Repository/2-OBJECTS TAREAS SECUNDARIAS/Pruebas Compensación/Terminación_de_Contrato_Definitivo/input_Cuenta_entidadempleado_formtabtablaCampos0referencia'

2022-05-03 16:11:36 - [TEST_STEP][PASSED] - setText(findTestObject("2-OBJECTS TAREAS SECUNDARIAS/Pruebas Compensación/Terminación_de_Contrato_Definitivo/input_Bco Destino_entidadempleado_formtabtablaCampos1valor"), "5"): Text '5' is set on object 'Object Repository/2-OBJECTS TAREAS SECUNDARIAS/Pruebas Compensación/Terminación_de_Contrato_Definitivo/input_Bco Destino_entidadempleado_formtabtablaCampos1valor'

2022-05-03 16:11:37 - [MESSAGE][PASSED] - Text '5' is set on object 'Object Repository/2-OBJECTS TAREAS SECUNDARIAS/Pruebas Compensación/Terminación_de_Contrato_Definitivo/input_Bco Destino_entidadempleado_formtabtablaCampos1valor'

2022-05-03 16:11:37 - [TEST_STEP][PASSED] - setText(findTestObject("2-OBJECTS TAREAS SECUNDARIAS/Pruebas Compensación/Terminación_de_Contrato_Definitivo/input_Tipo de cuenta_entidadempleado_formtabtablaCampos2sucReferencia"), "Corriente"): Text 'Corriente' is set on object 'Object Repository/2-OBJECTS TAREAS SECUNDARIAS/Pruebas Compensación/Terminación_de_Contrato_Definitivo/input_Tipo de cuenta_entidadempleado_formtabtablaCampos2sucReferencia'

2022-05-03 16:11:38 - [MESSAGE][PASSED] - Text 'Corriente' is set on object 'Object Repository/2-OBJECTS TAREAS SECUNDARIAS/Pruebas Compensación/Terminación_de_Contrato_Definitivo/input_Tipo de cuenta_entidadempleado_formtabtablaCampos2sucReferencia'

2022-05-03 16:11:38 - [TEST_STEP][PASSED] - setText(findTestObject("2-OBJECTS TAREAS SECUNDARIAS/Pruebas Compensación/Terminación_de_Contrato_Definitivo/input_Tipo Cuenta 1ahorro 2 corr_entidadempleado_formtabtablaCampos4tipo"), "1"): Text '1' is set on object 'Object Repository/2-OBJECTS TAREAS SECUNDARIAS/Pruebas Compensación/Terminación_de_Contrato_Definitivo/input_Tipo Cuenta 1ahorro 2 corr_entidadempleado_formtabtablaCampos4tipo'

2022-05-03 16:11:38 - [MESSAGE][PASSED] - Text '1' is set on object 'Object Repository/2-OBJECTS TAREAS SECUNDARIAS/Pruebas Compensación/Terminación_de_Contrato_Definitivo/input_Tipo Cuenta 1ahorro 2 corr_entidadempleado_formtabtablaCampos4tipo'

2022-05-03 16:11:38 - [TEST_STEP][PASSED] - click(findTestObject("2-OBJECTS TAREAS SECUNDARIAS/Pruebas Compensación/Terminación_de_Contrato_Definitivo/a_Aplicar2")): Object: 'Object Repository/2-OBJECTS TAREAS SECUNDARIAS/Pruebas Compensación/Terminación_de_Contrato_Definitivo/a_Aplicar2' is clicked on

2022-05-03 16:11:39 - [MESSAGE][PASSED] - Object: 'Object Repository/2-OBJECTS TAREAS SECUNDARIAS/Pruebas Compensación/Terminación_de_Contrato_Definitivo/a_Aplicar2' is clicked on

2022-05-03 16:11:39 - [TEST_STEP][PASSED] - click(findTestObject("1-OBJECTS TAREAS PRINCIPALES/Modulo Tarea Actos Administrativos/Elaboracion Acto Cambio de Empleado/span_CAJA DE COMPENSACION")): Object: 'Object Repository/1-OBJECTS TAREAS PRINCIPALES/Modulo Tarea Actos Administrativos/Elaboracion Acto Cambio de Empleado/span_CAJA DE COMPENSACION' is clicked on

2022-05-03 16:11:40 - [MESSAGE][PASSED] - Object: 'Object Repository/1-OBJECTS TAREAS PRINCIPALES/Modulo Tarea Actos Administrativos/Elaboracion Acto Cambio de Empleado/span_CAJA DE COMPENSACION' is clicked on

2022-05-03 16:11:40 - [TEST_STEP][PASSED] - click(findTestObject("2-OBJECTS TAREAS SECUNDARIAS/Pruebas Compensación/Terminación_de_Contrato_Definitivo (2)/span_Ccf - Compensar")): Object: 'Object Repository/2-OBJECTS TAREAS SECUNDARIAS/Pruebas Compensación/Terminación_de_Contrato_Definitivo (2)/span_Ccf - Compensar' is clicked on

2022-05-03 16:11:40 - [MESSAGE][PASSED] - Object: 'Object Repository/2-OBJECTS TAREAS SECUNDARIAS/Pruebas Compensación/Terminación_de_Contrato_Definitivo (2)/span_Ccf - Compensar' is clicked on

2022-05-03 16:11:40 - [TEST_STEP][PASSED] - click(findTestObject("2-OBJECTS TAREAS SECUNDARIAS/Pruebas Compensación/Terminación_de_Contrato_Definitivo/a_Continuar")): Object: 'Object Repository/2-OBJECTS TAREAS SECUNDARIAS/Pruebas Compensación/Terminación_de_Contrato_Definitivo/a_Continuar' is clicked on

2022-05-03 16:11:41 - [MESSAGE][PASSED] - Object: 'Object Repository/2-OBJECTS TAREAS SECUNDARIAS/Pruebas Compensación/Terminación_de_Contrato_Definitivo/a_Continuar' is clicked on

2022-05-03 16:11:41 - [TEST_STEP][PASSED] - Puesto = getText(findTestObject("2-OBJECTS TAREAS SECUNDARIAS/Pruebas Compensación/Terminación_de_Contrato_Definitivo (2)/td_10247")): Text of object 'Object Repository/2-OBJECTS TAREAS SECUNDARIAS/Pruebas Compensación/Terminación_de_Contrato_Definitivo (2)/td_10247' is: '10485'

2022-05-03 16:11:42 - [MESSAGE][PASSED] - Text of object 'Object Repository/2-OBJECTS TAREAS SECUNDARIAS/Pruebas Compensación/Terminación_de_Contrato_Definitivo (2)/td_10247' is: '10485'

2022-05-03 16:11:42 - [TEST_STEP][PASSED] - click(findTestObject("2-OBJECTS TAREAS SECUNDARIAS/Pruebas Compensación/Terminación_de_Contrato_Definitivo (2)/td_10247")): Object: 'Object Repository/2-OBJECTS TAREAS SECUNDARIAS/Pruebas Compensación/Terminación_de_Contrato_Definitivo (2)/td_10247' is clicked on

2022-05-03 16:11:42 - [MESSAGE][PASSED] - Object: 'Object Repository/2-OBJECTS TAREAS SECUNDARIAS/Pruebas Compensación/Terminación_de_Contrato_Definitivo (2)/td_10247' is clicked on

2022-05-03 16:11:42 - [TEST_STEP][PASSED] - click(findTestObject("2-OBJECTS TAREAS SECUNDARIAS/Pruebas Compensación/Terminación_de_Contrato_Definitivo/a_Actualizar(1)")): Object: 'Object Repository/2-OBJECTS TAREAS SECUNDARIAS/Pruebas Compensación/Terminación_de_Contrato_Definitivo/a_Actualizar(1)' is clicked on

2022-05-03 16:11:43 - [MESSAGE][PASSED] - Object: 'Object Repository/2-OBJECTS TAREAS SECUNDARIAS/Pruebas Compensación/Terminación_de_Contrato_Definitivo/a_Actualizar(1)' is clicked on

2022-05-03 16:11:43 - [TEST_STEP][PASSED] - selectOptionByIndex(findTestObject("2-OBJECTS TAREAS SECUNDARIAS/Pruebas Compensación/Terminación_de_Contrato_Definitivo (1)/select_NOMINA MENSUALNOMINA QUINCENAL"), 2): All options with index in [2] are selected on object 'Object Repository/2-OBJECTS TAREAS SECUNDARIAS/Pruebas Compensación/Terminación_de_Contrato_Definitivo (1)/select_NOMINA MENSUALNOMINA QUINCENAL'

2022-05-03 16:11:45 - [MESSAGE][PASSED] - All options with index in [2] are selected on object 'Object Repository/2-OBJECTS TAREAS SECUNDARIAS/Pruebas Compensación/Terminación_de_Contrato_Definitivo (1)/select_NOMINA MENSUALNOMINA QUINCENAL'

2022-05-03 16:11:45 - [TEST_STEP][PASSED] - selectOptionByIndex(findTestObject("2-OBJECTS TAREAS SECUNDARIAS/Pruebas Compensación/Terminación_de_Contrato_Definitivo (1)/select_ADMINISTRATIVOSAPRENDICESEMPLEADOFBROLESTSMECANICOS"), 1): All options with index in [1] are selected on object 'Object Repository/2-OBJECTS TAREAS SECUNDARIAS/Pruebas Compensación/Terminación_de_Contrato_Definitivo (1)/select_ADMINISTRATIVOSAPRENDICESEMPLEADOFBROLESTSMECANICOS'

2022-05-03 16:11:46 - [MESSAGE][PASSED] - All options with index in [1] are selected on object 'Object Repository/2-OBJECTS TAREAS SECUNDARIAS/Pruebas Compensación/Terminación_de_Contrato_Definitivo (1)/select_ADMINISTRATIVOSAPRENDICESEMPLEADOFBROLESTSMECANICOS'

2022-05-03 16:11:46 - [TEST_STEP][PASSED] - click(findTestObject("2-OBJECTS TAREAS SECUNDARIAS/Pruebas Compensación/Terminación_de_Contrato_Definitivo/a_Continuar")): Object: 'Object Repository/2-OBJECTS TAREAS SECUNDARIAS/Pruebas Compensación/Terminación_de_Contrato_Definitivo/a_Continuar' is clicked on

2022-05-03 16:11:46 - [MESSAGE][PASSED] - Object: 'Object Repository/2-OBJECTS TAREAS SECUNDARIAS/Pruebas Compensación/Terminación_de_Contrato_Definitivo/a_Continuar' is clicked on

2022-05-03 16:11:46 - [TEST_STEP][PASSED] - click(findTestObject("2-OBJECTS TAREAS SECUNDARIAS/Pruebas Compensación/Terminación_de_Contrato_Definitivo/a_Descargar pdf")): Object: 'Object Repository/2-OBJECTS TAREAS SECUNDARIAS/Pruebas Compensación/Terminación_de_Contrato_Definitivo/a_Descargar pdf' is clicked on

2022-05-03 16:11:48 - [MESSAGE][PASSED] - Object: 'Object Repository/2-OBJECTS TAREAS SECUNDARIAS/Pruebas Compensación/Terminación_de_Contrato_Definitivo/a_Descargar pdf' is clicked on

2022-05-03 16:11:48 - [TEST_STEP][PASSED] - switchToWindowTitle("SARA"): Switched to window with title: 'SARA'

2022-05-03 16:11:48 - [MESSAGE][PASSED] - Switched to window with title: 'SARA'

2022-05-03 16:11:48 - [TEST_STEP][PASSED] - click(findTestObject("2-OBJECTS TAREAS SECUNDARIAS/Pruebas Compensación/Terminación_de_Contrato_Definitivo/a_Aplicar - Copy")): Object: 'Object Repository/2-OBJECTS TAREAS SECUNDARIAS/Pruebas Compensación/Terminación_de_Contrato_Definitivo/a_Aplicar - Copy' is clicked on

2022-05-03 16:11:49 - [MESSAGE][PASSED] - Object: 'Object Repository/2-OBJECTS TAREAS SECUNDARIAS/Pruebas Compensación/Terminación_de_Contrato_Definitivo/a_Aplicar - Copy' is clicked on

2022-05-03 16:11:49 - [TEST_STEP][PASSED] - if (waitForElementVisible(findTestObject("2-OBJECTS TAREAS SECUNDARIAS/Pruebas Compensación/Terminación_de_Contrato_Definitivo/p_Puesto de trabajo ocupado (A1           12)"), 1)): Web element with id: 'Object Repository/2-OBJECTS TAREAS SECUNDARIAS/Pruebas Compensación/Terminación_de_Contrato_Definitivo/p_Puesto de trabajo ocupado (A1           12)' located by '//p' not found

2022-05-03 16:11:51 - [MESSAGE][INFO] - Unable to find the element located by 'By.xpath: //p'. Please recheck the objects properties to make sure the desired element is located. 

2022-05-03 16:11:51 - [MESSAGE][WARNING] - Web element with id: 'Object Repository/2-OBJECTS TAREAS SECUNDARIAS/Pruebas Compensación/Terminación_de_Contrato_Definitivo/p_Puesto de trabajo ocupado (A1           12)' located by '//p' not found

2022-05-03 16:11:51 - [TEST_STEP][PASSED] - else: null

2022-05-03 16:11:51 - [TEST_STEP][PASSED] - click(findTestObject("2-OBJECTS TAREAS SECUNDARIAS/Pruebas Compensación/Terminación_de_Contrato_Definitivo/a_Cancelar")): Object: 'Object Repository/2-OBJECTS TAREAS SECUNDARIAS/Pruebas Compensación/Terminación_de_Contrato_Definitivo/a_Cancelar' is clicked on

2022-05-03 16:11:51 - [MESSAGE][PASSED] - Object: 'Object Repository/2-OBJECTS TAREAS SECUNDARIAS/Pruebas Compensación/Terminación_de_Contrato_Definitivo/a_Cancelar' is clicked on

2022-05-03 16:11:51 - [TEST_STEP][PASSED] - setText(findTestObject("2-OBJECTS TAREAS SECUNDARIAS/Pruebas Compensación/Terminación_de_Contrato_Definitivo/input_Empresa 1_form_templatej_idt24_input"), "Actos administrativos"): Text 'Actos administrativos' is set on object 'Object Repository/2-OBJECTS TAREAS SECUNDARIAS/Pruebas Compensación/Terminación_de_Contrato_Definitivo/input_Empresa 1_form_templatej_idt24_input'

2022-05-03 16:11:52 - [MESSAGE][PASSED] - Text 'Actos administrativos' is set on object 'Object Repository/2-OBJECTS TAREAS SECUNDARIAS/Pruebas Compensación/Terminación_de_Contrato_Definitivo/input_Empresa 1_form_templatej_idt24_input'

2022-05-03 16:11:52 - [TEST_STEP][PASSED] - click(findTestObject("2-OBJECTS TAREAS SECUNDARIAS/Pruebas Compensación/Terminación_de_Contrato_Definitivo (2)/span_Actos Administrativos")): Object: 'Object Repository/2-OBJECTS TAREAS SECUNDARIAS/Pruebas Compensación/Terminación_de_Contrato_Definitivo (2)/span_Actos Administrativos' is clicked on

2022-05-03 16:11:54 - [MESSAGE][PASSED] - Object: 'Object Repository/2-OBJECTS TAREAS SECUNDARIAS/Pruebas Compensación/Terminación_de_Contrato_Definitivo (2)/span_Actos Administrativos' is clicked on

2022-05-03 16:11:54 - [TEST_STEP][PASSED] - click(findTestObject("2-OBJECTS TAREAS SECUNDARIAS/Pruebas Compensación/Terminación_de_Contrato_Definitivo (2)/span_Actos de Retiro del empleado")): Object: 'Object Repository/2-OBJECTS TAREAS SECUNDARIAS/Pruebas Compensación/Terminación_de_Contrato_Definitivo (2)/span_Actos de Retiro del empleado' is clicked on

2022-05-03 16:11:55 - [MESSAGE][PASSED] - Object: 'Object Repository/2-OBJECTS TAREAS SECUNDARIAS/Pruebas Compensación/Terminación_de_Contrato_Definitivo (2)/span_Actos de Retiro del empleado' is clicked on

2022-05-03 16:11:55 - [TEST_STEP][PASSED] - click(findTestObject("2-OBJECTS TAREAS SECUNDARIAS/Pruebas Compensación/Terminación_de_Contrato_Definitivo/a_Actos de Retiro del empleado_form_ActosAdministrativostabla_principal_10j_idt79")): Object: 'Object Repository/2-OBJECTS TAREAS SECUNDARIAS/Pruebas Compensación/Terminación_de_Contrato_Definitivo/a_Actos de Retiro del empleado_form_ActosAdministrativostabla_principal_10j_idt79' is clicked on

2022-05-03 16:11:55 - [MESSAGE][PASSED] - Object: 'Object Repository/2-OBJECTS TAREAS SECUNDARIAS/Pruebas Compensación/Terminación_de_Contrato_Definitivo/a_Actos de Retiro del empleado_form_ActosAdministrativostabla_principal_10j_idt79' is clicked on

2022-05-03 16:11:55 - [TEST_STEP][PASSED] - click(findTestObject("2-OBJECTS TAREAS SECUNDARIAS/Pruebas Compensación/Terminación_de_Contrato_Definitivo (2)/span_terminacion de contrato")): Object: 'Object Repository/2-OBJECTS TAREAS SECUNDARIAS/Pruebas Compensación/Terminación_de_Contrato_Definitivo (2)/span_terminacion de contrato' is clicked on

2022-05-03 16:11:56 - [MESSAGE][PASSED] - Object: 'Object Repository/2-OBJECTS TAREAS SECUNDARIAS/Pruebas Compensación/Terminación_de_Contrato_Definitivo (2)/span_terminacion de contrato' is clicked on

2022-05-03 16:11:56 - [TEST_STEP][PASSED] - click(findTestObject("2-OBJECTS TAREAS SECUNDARIAS/Pruebas Compensación/Terminación_de_Contrato_Definitivo/a_Elaboracin_form_popupSeleccionDerogarj_idt138")): Object: 'Object Repository/2-OBJECTS TAREAS SECUNDARIAS/Pruebas Compensación/Terminación_de_Contrato_Definitivo/a_Elaboracin_form_popupSeleccionDerogarj_idt138' is clicked on

2022-05-03 16:11:56 - [MESSAGE][PASSED] - Object: 'Object Repository/2-OBJECTS TAREAS SECUNDARIAS/Pruebas Compensación/Terminación_de_Contrato_Definitivo/a_Elaboracin_form_popupSeleccionDerogarj_idt138' is clicked on

2022-05-03 16:11:56 - [TEST_STEP][PASSED] - click(findTestObject("2-OBJECTS TAREAS SECUNDARIAS/Pruebas Compensación/Terminación_de_Contrato_Definitivo/a_Identificacin_form_actoAusentismoj_idt938")): Object: 'Object Repository/2-OBJECTS TAREAS SECUNDARIAS/Pruebas Compensación/Terminación_de_Contrato_Definitivo/a_Identificacin_form_actoAusentismoj_idt938' is clicked on

2022-05-03 16:11:57 - [MESSAGE][PASSED] - Object: 'Object Repository/2-OBJECTS TAREAS SECUNDARIAS/Pruebas Compensación/Terminación_de_Contrato_Definitivo/a_Identificacin_form_actoAusentismoj_idt938' is clicked on

2022-05-03 16:11:57 - [TEST_STEP][PASSED] - setText(findTestObject("2-OBJECTS TAREAS SECUNDARIAS/Pruebas Compensación/Terminación_de_Contrato_Definitivo/input_Filtro Empleado_form_popupEmpleadoj_idt1208"), identificacion): Text '2806650' is set on object 'Object Repository/2-OBJECTS TAREAS SECUNDARIAS/Pruebas Compensación/Terminación_de_Contrato_Definitivo/input_Filtro Empleado_form_popupEmpleadoj_idt1208'

2022-05-03 16:11:58 - [MESSAGE][PASSED] - Text '2806650' is set on object 'Object Repository/2-OBJECTS TAREAS SECUNDARIAS/Pruebas Compensación/Terminación_de_Contrato_Definitivo/input_Filtro Empleado_form_popupEmpleadoj_idt1208'

2022-05-03 16:11:58 - [TEST_STEP][PASSED] - sendKeys(findTestObject("2-OBJECTS TAREAS SECUNDARIAS/Pruebas Compensación/Terminación_de_Contrato_Definitivo/input_Filtro Empleado_form_popupEmpleadoj_idt1208"), Keys.chord(ENTER)): Keys 'ENTER + ' sent to object: 'Object Repository/2-OBJECTS TAREAS SECUNDARIAS/Pruebas Compensación/Terminación_de_Contrato_Definitivo/input_Filtro Empleado_form_popupEmpleadoj_idt1208'

2022-05-03 16:11:58 - [MESSAGE][PASSED] - Keys 'ENTER + ' sent to object: 'Object Repository/2-OBJECTS TAREAS SECUNDARIAS/Pruebas Compensación/Terminación_de_Contrato_Definitivo/input_Filtro Empleado_form_popupEmpleadoj_idt1208'

2022-05-03 16:11:58 - [TEST_STEP][PASSED] - click(findTestObject("2-OBJECTS TAREAS SECUNDARIAS/Pruebas Compensación/Terminación_de_Contrato_Definitivo (2)/span_Chandler Francis 149223e7")): Object: 'Object Repository/2-OBJECTS TAREAS SECUNDARIAS/Pruebas Compensación/Terminación_de_Contrato_Definitivo (2)/span_Chandler Francis 149223e7' is clicked on

2022-05-03 16:11:59 - [MESSAGE][PASSED] - Object: 'Object Repository/2-OBJECTS TAREAS SECUNDARIAS/Pruebas Compensación/Terminación_de_Contrato_Definitivo (2)/span_Chandler Francis 149223e7' is clicked on

2022-05-03 16:11:59 - [TEST_STEP][PASSED] - click(findTestObject("2-OBJECTS TAREAS SECUNDARIAS/Pruebas Compensación/Terminación_de_Contrato_Definitivo/a_Continuar0")): Object: 'Object Repository/2-OBJECTS TAREAS SECUNDARIAS/Pruebas Compensación/Terminación_de_Contrato_Definitivo/a_Continuar0' is clicked on

2022-05-03 16:12:00 - [MESSAGE][PASSED] - Object: 'Object Repository/2-OBJECTS TAREAS SECUNDARIAS/Pruebas Compensación/Terminación_de_Contrato_Definitivo/a_Continuar0' is clicked on

2022-05-03 16:12:00 - [TEST_STEP][PASSED] - setText(findTestObject("2-OBJECTS TAREAS SECUNDARIAS/Pruebas Compensación/Terminación_de_Contrato_Definitivo/input__form_actoAusentismoj_idt15770fecha_input"), "02/07/2021"): Text '02/07/2021' is set on object 'Object Repository/2-OBJECTS TAREAS SECUNDARIAS/Pruebas Compensación/Terminación_de_Contrato_Definitivo/input__form_actoAusentismoj_idt15770fecha_input'

2022-05-03 16:12:01 - [MESSAGE][PASSED] - Text '02/07/2021' is set on object 'Object Repository/2-OBJECTS TAREAS SECUNDARIAS/Pruebas Compensación/Terminación_de_Contrato_Definitivo/input__form_actoAusentismoj_idt15770fecha_input'

2022-05-03 16:12:01 - [TEST_STEP][PASSED] - click(findTestObject("2-OBJECTS TAREAS SECUNDARIAS/Pruebas Compensación/Terminación_de_Contrato_Definitivo/a_Continuar1")): Object: 'Object Repository/2-OBJECTS TAREAS SECUNDARIAS/Pruebas Compensación/Terminación_de_Contrato_Definitivo/a_Continuar1' is clicked on

2022-05-03 16:12:01 - [MESSAGE][PASSED] - Object: 'Object Repository/2-OBJECTS TAREAS SECUNDARIAS/Pruebas Compensación/Terminación_de_Contrato_Definitivo/a_Continuar1' is clicked on

2022-05-03 16:12:01 - [TEST_STEP][PASSED] - click(findTestObject("2-OBJECTS TAREAS SECUNDARIAS/Pruebas Compensación/Terminación_de_Contrato_Definitivo/a_Aplicar1")): Object: 'Object Repository/2-OBJECTS TAREAS SECUNDARIAS/Pruebas Compensación/Terminación_de_Contrato_Definitivo/a_Aplicar1' is clicked on

2022-05-03 16:12:03 - [MESSAGE][PASSED] - Object: 'Object Repository/2-OBJECTS TAREAS SECUNDARIAS/Pruebas Compensación/Terminación_de_Contrato_Definitivo/a_Aplicar1' is clicked on

2022-05-03 16:12:03 - [TEST_STEP][PASSED] - click(findTestObject("2-OBJECTS TAREAS SECUNDARIAS/Pruebas Compensación/Terminación_de_Contrato_Definitivo (2)/span_Si1")): Object: 'Object Repository/2-OBJECTS TAREAS SECUNDARIAS/Pruebas Compensación/Terminación_de_Contrato_Definitivo (2)/span_Si1' is clicked on

2022-05-03 16:12:04 - [MESSAGE][PASSED] - Object: 'Object Repository/2-OBJECTS TAREAS SECUNDARIAS/Pruebas Compensación/Terminación_de_Contrato_Definitivo (2)/span_Si1' is clicked on

2022-05-03 16:12:04 - [TEST_STEP][PASSED] - click(findTestObject("2-OBJECTS TAREAS SECUNDARIAS/Pruebas Compensación/Terminación_de_Contrato_Definitivo/a_Aceptar1")): Object: 'Object Repository/2-OBJECTS TAREAS SECUNDARIAS/Pruebas Compensación/Terminación_de_Contrato_Definitivo/a_Aceptar1' is clicked on

2022-05-03 16:12:04 - [MESSAGE][PASSED] - Object: 'Object Repository/2-OBJECTS TAREAS SECUNDARIAS/Pruebas Compensación/Terminación_de_Contrato_Definitivo/a_Aceptar1' is clicked on

2022-05-03 16:12:04 - [TEST_STEP][PASSED] - click(findTestObject("2-OBJECTS TAREAS SECUNDARIAS/Pruebas Compensación/Terminación_de_Contrato_Definitivo/a_Eliminar_form_ActosAdministrativostabla_principal_12j_idt79")): Object: 'Object Repository/2-OBJECTS TAREAS SECUNDARIAS/Pruebas Compensación/Terminación_de_Contrato_Definitivo/a_Eliminar_form_ActosAdministrativostabla_principal_12j_idt79' is clicked on

2022-05-03 16:12:05 - [MESSAGE][PASSED] - Object: 'Object Repository/2-OBJECTS TAREAS SECUNDARIAS/Pruebas Compensación/Terminación_de_Contrato_Definitivo/a_Eliminar_form_ActosAdministrativostabla_principal_12j_idt79' is clicked on

2022-05-03 16:12:05 - [TEST_STEP][PASSED] - setText(findTestObject("2-OBJECTS TAREAS SECUNDARIAS/Pruebas Compensación/Terminación_de_Contrato_Definitivo/input_Filter by Identificacin_form_ActosAdministrativostabla_principal_actosj_idt118filter"), identificacion): Text '2806650' is set on object 'Object Repository/2-OBJECTS TAREAS SECUNDARIAS/Pruebas Compensación/Terminación_de_Contrato_Definitivo/input_Filter by Identificacin_form_ActosAdministrativostabla_principal_actosj_idt118filter'

2022-05-03 16:12:06 - [MESSAGE][PASSED] - Text '2806650' is set on object 'Object Repository/2-OBJECTS TAREAS SECUNDARIAS/Pruebas Compensación/Terminación_de_Contrato_Definitivo/input_Filter by Identificacin_form_ActosAdministrativostabla_principal_actosj_idt118filter'

2022-05-03 16:12:06 - [TEST_STEP][PASSED] - click(findTestObject("2-OBJECTS TAREAS SECUNDARIAS/Pruebas Compensación/Terminación_de_Contrato_Definitivo (2)/td_Cc")): Object: 'Object Repository/2-OBJECTS TAREAS SECUNDARIAS/Pruebas Compensación/Terminación_de_Contrato_Definitivo (2)/td_Cc' is clicked on

2022-05-03 16:12:07 - [MESSAGE][PASSED] - Object: 'Object Repository/2-OBJECTS TAREAS SECUNDARIAS/Pruebas Compensación/Terminación_de_Contrato_Definitivo (2)/td_Cc' is clicked on

2022-05-03 16:12:07 - [TEST_STEP][PASSED] - click(findTestObject("2-OBJECTS TAREAS SECUNDARIAS/Pruebas Compensación/Terminación_de_Contrato_Definitivo/a_Continuar3")): Object: 'Object Repository/2-OBJECTS TAREAS SECUNDARIAS/Pruebas Compensación/Terminación_de_Contrato_Definitivo/a_Continuar3' is clicked on

2022-05-03 16:12:07 - [MESSAGE][PASSED] - Object: 'Object Repository/2-OBJECTS TAREAS SECUNDARIAS/Pruebas Compensación/Terminación_de_Contrato_Definitivo/a_Continuar3' is clicked on

2022-05-03 16:12:07 - [TEST_STEP][PASSED] - click(findTestObject("2-OBJECTS TAREAS SECUNDARIAS/Pruebas Compensación/Terminación_de_Contrato_Definitivo/a_Aplicar3")): Object: 'Object Repository/2-OBJECTS TAREAS SECUNDARIAS/Pruebas Compensación/Terminación_de_Contrato_Definitivo/a_Aplicar3' is clicked on

2022-05-03 16:12:08 - [MESSAGE][PASSED] - Object: 'Object Repository/2-OBJECTS TAREAS SECUNDARIAS/Pruebas Compensación/Terminación_de_Contrato_Definitivo/a_Aplicar3' is clicked on

2022-05-03 16:12:08 - [TEST_STEP][PASSED] - click(findTestObject("2-OBJECTS TAREAS SECUNDARIAS/Pruebas Compensación/Terminación_de_Contrato_Definitivo (2)/span_Si3")): Object: 'Object Repository/2-OBJECTS TAREAS SECUNDARIAS/Pruebas Compensación/Terminación_de_Contrato_Definitivo (2)/span_Si3' is clicked on

2022-05-03 16:12:09 - [MESSAGE][PASSED] - Object: 'Object Repository/2-OBJECTS TAREAS SECUNDARIAS/Pruebas Compensación/Terminación_de_Contrato_Definitivo (2)/span_Si3' is clicked on

2022-05-03 16:12:09 - [TEST_STEP][PASSED] - click(findTestObject("2-OBJECTS TAREAS SECUNDARIAS/Pruebas Compensación/Terminación_de_Contrato_Definitivo/label_EL SISTEMA HA GENERADO EL ACTO ADMINISTRATIVO CORRECTAMENTE")): Object: 'Object Repository/2-OBJECTS TAREAS SECUNDARIAS/Pruebas Compensación/Terminación_de_Contrato_Definitivo/label_EL SISTEMA HA GENERADO EL ACTO ADMINISTRATIVO CORRECTAMENTE' is clicked on

2022-05-03 16:12:09 - [MESSAGE][PASSED] - Object: 'Object Repository/2-OBJECTS TAREAS SECUNDARIAS/Pruebas Compensación/Terminación_de_Contrato_Definitivo/label_EL SISTEMA HA GENERADO EL ACTO ADMINISTRATIVO CORRECTAMENTE' is clicked on

2022-05-03 16:12:09 - [TEST_STEP][PASSED] - click(findTestObject("2-OBJECTS TAREAS SECUNDARIAS/Pruebas Compensación/Terminación_de_Contrato_Definitivo/a_Aceptar3")): Object: 'Object Repository/2-OBJECTS TAREAS SECUNDARIAS/Pruebas Compensación/Terminación_de_Contrato_Definitivo/a_Aceptar3' is clicked on

2022-05-03 16:12:10 - [MESSAGE][PASSED] - Object: 'Object Repository/2-OBJECTS TAREAS SECUNDARIAS/Pruebas Compensación/Terminación_de_Contrato_Definitivo/a_Aceptar3' is clicked on

2022-05-03 16:12:10 - [TEST_STEP][PASSED] - setText(findTestObject("2-OBJECTS TAREAS SECUNDARIAS/Pruebas Compensación/Terminación_de_Contrato_Definitivo/input_Empresa 1_form_templatej_idt24_input"), "Listado de Empleados"): Text 'Listado de Empleados' is set on object 'Object Repository/2-OBJECTS TAREAS SECUNDARIAS/Pruebas Compensación/Terminación_de_Contrato_Definitivo/input_Empresa 1_form_templatej_idt24_input'

2022-05-03 16:12:11 - [MESSAGE][PASSED] - Text 'Listado de Empleados' is set on object 'Object Repository/2-OBJECTS TAREAS SECUNDARIAS/Pruebas Compensación/Terminación_de_Contrato_Definitivo/input_Empresa 1_form_templatej_idt24_input'

2022-05-03 16:12:11 - [TEST_STEP][PASSED] - click(findTestObject("2-OBJECTS TAREAS SECUNDARIAS/Pruebas Compensación/Terminación_de_Contrato_Definitivo (2)/span_Empleados")): Object: 'Object Repository/2-OBJECTS TAREAS SECUNDARIAS/Pruebas Compensación/Terminación_de_Contrato_Definitivo (2)/span_Empleados' is clicked on

2022-05-03 16:12:12 - [MESSAGE][PASSED] - Object: 'Object Repository/2-OBJECTS TAREAS SECUNDARIAS/Pruebas Compensación/Terminación_de_Contrato_Definitivo (2)/span_Empleados' is clicked on

2022-05-03 16:12:13 - [TEST_STEP][PASSED] - setText(findTestObject("2-OBJECTS TAREAS SECUNDARIAS/Pruebas Compensación/Terminación_de_Contrato_Definitivo/input_Identificacin_listadoEmpleadoIdentificacionEmpleado"), identificacion): Text '2806650' is set on object 'Object Repository/2-OBJECTS TAREAS SECUNDARIAS/Pruebas Compensación/Terminación_de_Contrato_Definitivo/input_Identificacin_listadoEmpleadoIdentificacionEmpleado'

2022-05-03 16:12:14 - [MESSAGE][PASSED] - Text '2806650' is set on object 'Object Repository/2-OBJECTS TAREAS SECUNDARIAS/Pruebas Compensación/Terminación_de_Contrato_Definitivo/input_Identificacin_listadoEmpleadoIdentificacionEmpleado'

2022-05-03 16:12:14 - [TEST_STEP][PASSED] - sendKeys(findTestObject("2-OBJECTS TAREAS SECUNDARIAS/Pruebas Compensación/Terminación_de_Contrato_Definitivo/input_Identificacin_listadoEmpleadoIdentificacionEmpleado"), Keys.chord(ENTER)): Keys 'ENTER + ' sent to object: 'Object Repository/2-OBJECTS TAREAS SECUNDARIAS/Pruebas Compensación/Terminación_de_Contrato_Definitivo/input_Identificacin_listadoEmpleadoIdentificacionEmpleado'

2022-05-03 16:12:14 - [MESSAGE][PASSED] - Keys 'ENTER + ' sent to object: 'Object Repository/2-OBJECTS TAREAS SECUNDARIAS/Pruebas Compensación/Terminación_de_Contrato_Definitivo/input_Identificacin_listadoEmpleadoIdentificacionEmpleado'

2022-05-03 16:12:14 - [TEST_STEP][PASSED] - click(findTestObject("2-OBJECTS TAREAS SECUNDARIAS/Pruebas Compensación/Terminación_de_Contrato_Definitivo (2)/span_Chandler Francis_listado empleados")): Object: 'Object Repository/2-OBJECTS TAREAS SECUNDARIAS/Pruebas Compensación/Terminación_de_Contrato_Definitivo (2)/span_Chandler Francis_listado empleados' is clicked on

2022-05-03 16:12:15 - [MESSAGE][PASSED] - Object: 'Object Repository/2-OBJECTS TAREAS SECUNDARIAS/Pruebas Compensación/Terminación_de_Contrato_Definitivo (2)/span_Chandler Francis_listado empleados' is clicked on

2022-05-03 16:12:15 - [TEST_STEP][PASSED] - click(findTestObject("2-OBJECTS TAREAS SECUNDARIAS/Pruebas Compensación/Terminación_de_Contrato_Definitivo/a_Terminar Contrato")): Object: 'Object Repository/2-OBJECTS TAREAS SECUNDARIAS/Pruebas Compensación/Terminación_de_Contrato_Definitivo/a_Terminar Contrato' is clicked on

2022-05-03 16:12:16 - [MESSAGE][PASSED] - Object: 'Object Repository/2-OBJECTS TAREAS SECUNDARIAS/Pruebas Compensación/Terminación_de_Contrato_Definitivo/a_Terminar Contrato' is clicked on

2022-05-03 16:12:16 - [TEST_STEP][PASSED] - click(findTestObject("2-OBJECTS TAREAS SECUNDARIAS/Pruebas Compensación/Terminación_de_Contrato_Definitivo (2)/span_Liquidar")): Object: 'Object Repository/2-OBJECTS TAREAS SECUNDARIAS/Pruebas Compensación/Terminación_de_Contrato_Definitivo (2)/span_Liquidar' is clicked on

2022-05-03 16:12:16 - [MESSAGE][PASSED] - Object: 'Object Repository/2-OBJECTS TAREAS SECUNDARIAS/Pruebas Compensación/Terminación_de_Contrato_Definitivo (2)/span_Liquidar' is clicked on

2022-05-03 16:12:16 - [TEST_STEP][PASSED] - selectOptionByIndex(findTestObject("2-OBJECTS TAREAS SECUNDARIAS/Pruebas Compensación/Terminación_de_Contrato_Definitivo (1)/select_SUSTITUCIN PATRONALUNILATERAL DEL EMPLEADOJUSTA CAUSATERMINACION DE CONTRATOSIN JUSTA CAUSAPENSIONMUTUO ACUERDO"), "5"): All options with index in [5] are selected on object 'Object Repository/2-OBJECTS TAREAS SECUNDARIAS/Pruebas Compensación/Terminación_de_Contrato_Definitivo (1)/select_SUSTITUCIN PATRONALUNILATERAL DEL EMPLEADOJUSTA CAUSATERMINACION DE CONTRATOSIN JUSTA CAUSAPENSIONMUTUO ACUERDO'

2022-05-03 16:12:18 - [MESSAGE][PASSED] - All options with index in [5] are selected on object 'Object Repository/2-OBJECTS TAREAS SECUNDARIAS/Pruebas Compensación/Terminación_de_Contrato_Definitivo (1)/select_SUSTITUCIN PATRONALUNILATERAL DEL EMPLEADOJUSTA CAUSATERMINACION DE CONTRATOSIN JUSTA CAUSAPENSIONMUTUO ACUERDO'

2022-05-03 16:12:18 - [TEST_STEP][PASSED] - selectOptionByIndex(findTestObject("2-OBJECTS TAREAS SECUNDARIAS/Pruebas Compensación/Terminación_de_Contrato_Definitivo (1)/select_---SELECCIONE ---DirectoEntidad de PagoPeriodo de Nomina"), 3): All options with index in [3] are selected on object 'Object Repository/2-OBJECTS TAREAS SECUNDARIAS/Pruebas Compensación/Terminación_de_Contrato_Definitivo (1)/select_---SELECCIONE ---DirectoEntidad de PagoPeriodo de Nomina'

2022-05-03 16:12:19 - [MESSAGE][PASSED] - All options with index in [3] are selected on object 'Object Repository/2-OBJECTS TAREAS SECUNDARIAS/Pruebas Compensación/Terminación_de_Contrato_Definitivo (1)/select_---SELECCIONE ---DirectoEntidad de PagoPeriodo de Nomina'

2022-05-03 16:12:19 - [TEST_STEP][PASSED] - selectOptionByIndex(findTestObject("2-OBJECTS TAREAS SECUNDARIAS/Pruebas Compensación/Terminación_de_Contrato_Definitivo (1)/select_--SELECCIONE--PM202106PM202107"), 2): All options with index in [2] are selected on object 'Object Repository/2-OBJECTS TAREAS SECUNDARIAS/Pruebas Compensación/Terminación_de_Contrato_Definitivo (1)/select_--SELECCIONE--PM202106PM202107'

2022-05-03 16:12:20 - [MESSAGE][PASSED] - All options with index in [2] are selected on object 'Object Repository/2-OBJECTS TAREAS SECUNDARIAS/Pruebas Compensación/Terminación_de_Contrato_Definitivo (1)/select_--SELECCIONE--PM202106PM202107'

2022-05-03 16:12:20 - [TEST_STEP][PASSED] - click(findTestObject("2-OBJECTS TAREAS SECUNDARIAS/Pruebas Compensación/Terminación_de_Contrato_Definitivo (2)/span_Calculo Nomina")): Object: 'Object Repository/2-OBJECTS TAREAS SECUNDARIAS/Pruebas Compensación/Terminación_de_Contrato_Definitivo (2)/span_Calculo Nomina' is clicked on

2022-05-03 16:12:21 - [MESSAGE][PASSED] - Object: 'Object Repository/2-OBJECTS TAREAS SECUNDARIAS/Pruebas Compensación/Terminación_de_Contrato_Definitivo (2)/span_Calculo Nomina' is clicked on

2022-05-03 16:12:21 - [TEST_STEP][PASSED] - click(findTestObject("2-OBJECTS TAREAS SECUNDARIAS/Pruebas Compensación/Terminación_de_Contrato_Definitivo/a_Prestaciones Sociales")): Object: 'Object Repository/2-OBJECTS TAREAS SECUNDARIAS/Pruebas Compensación/Terminación_de_Contrato_Definitivo/a_Prestaciones Sociales' is clicked on

2022-05-03 16:12:22 - [MESSAGE][PASSED] - Object: 'Object Repository/2-OBJECTS TAREAS SECUNDARIAS/Pruebas Compensación/Terminación_de_Contrato_Definitivo/a_Prestaciones Sociales' is clicked on

2022-05-03 16:12:22 - [TEST_STEP][PASSED] - click(findTestObject("2-OBJECTS TAREAS SECUNDARIAS/Pruebas Compensación/Terminación_de_Contrato_Definitivo (2)/span_Si")): Object: 'Object Repository/2-OBJECTS TAREAS SECUNDARIAS/Pruebas Compensación/Terminación_de_Contrato_Definitivo (2)/span_Si' is clicked on

2022-05-03 16:12:22 - [MESSAGE][PASSED] - Object: 'Object Repository/2-OBJECTS TAREAS SECUNDARIAS/Pruebas Compensación/Terminación_de_Contrato_Definitivo (2)/span_Si' is clicked on

2022-05-03 16:12:22 - [TEST_STEP][PASSED] - click(findTestObject("2-OBJECTS TAREAS SECUNDARIAS/Pruebas Compensación/Terminación_de_Contrato_Definitivo/a_Reporte")): Object: 'Object Repository/2-OBJECTS TAREAS SECUNDARIAS/Pruebas Compensación/Terminación_de_Contrato_Definitivo/a_Reporte' is clicked on

2022-05-03 16:12:24 - [MESSAGE][PASSED] - Object: 'Object Repository/2-OBJECTS TAREAS SECUNDARIAS/Pruebas Compensación/Terminación_de_Contrato_Definitivo/a_Reporte' is clicked on

2022-05-03 16:12:24 - [TEST_STEP][PASSED] - if (waitForElementVisible(findTestObject("2-OBJECTS TAREAS SECUNDARIAS/Pruebas Compensación/Terminación_de_Contrato_Definitivo/a_Regresar"), 1)): null

2022-05-03 16:12:26 - [MESSAGE][PASSED] - Object 'Object Repository/2-OBJECTS TAREAS SECUNDARIAS/Pruebas Compensación/Terminación_de_Contrato_Definitivo/a_Regresar' is visible

2022-05-03 16:12:26 - [TEST_STEP][PASSED] - closeBrowser(): Browser is closed

2022-05-03 16:12:26 - [MESSAGE][PASSED] - Browser is closed]]></system-out>
         <system-err><![CDATA[]]></system-err>
      </testcase>
      <testcase name="Test Cases/1.2-Tareas_Secundarias/A.1-Pruebas_compensaciones/11.1.3-Liquidación_Nomina" time="18.125" classname="Test Cases/1.2-Tareas_Secundarias/A.1-Pruebas_compensaciones/11.1.3-Liquidación_Nomina" status="PASSED">
         <system-out><![CDATA[2022-05-03 16:12:26 - [TEST_CASE][PASSED] - Test Cases/1.2-Tareas_Secundarias/A.1-Pruebas_compensaciones/11.1.3-Liquidación_Nomina: Test Cases/1.2-Tareas_Secundarias/A.1-Pruebas_compensaciones/11.1.3-Liquidación_Nomina

2022-05-03 16:12:27 - [TEST_STEP][PASSED] - callTestCase(findTestCase("0.1-Login"), [:], STOP_ON_FAILURE): Call Test Case 'Test Cases/0.1-Login' successfully

2022-05-03 16:12:27 - [TEST_CASE][PASSED] - Test Cases/0.1-Login: Test Cases/0.1-Login

2022-05-03 16:12:27 - [TEST_STEP][PASSED] - openBrowser(""): Browser is opened with url: ''

2022-05-03 16:12:27 - [MESSAGE][INFO] - Starting 'Chrome' driver

2022-05-03 16:12:27 - [MESSAGE][INFO] - Action delay is set to 0 milliseconds

2022-05-03 16:12:28 - [MESSAGE][PASSED] - Browser is opened with url: ''

2022-05-03 16:12:28 - [TEST_STEP][PASSED] - maximizeWindow(): Current window maximized

2022-05-03 16:12:28 - [MESSAGE][PASSED] - Current window maximized

2022-05-03 16:12:28 - [TEST_STEP][PASSED] - i = G_Login: null

2022-05-03 16:12:28 - [TEST_STEP][PASSED] - url = new java.net.URL(i): null

2022-05-03 16:12:28 - [TEST_STEP][PASSED] - println("URL: " + url.toString()): null

2022-05-03 16:12:28 - [TEST_STEP][PASSED] - connection = url.openConnection(): null

2022-05-03 16:12:28 - [TEST_STEP][PASSED] - connection.setRequestMethod("GET"): null

2022-05-03 16:12:28 - [TEST_STEP][PASSED] - connection.setReadTimeout(2 * 1000): null

2022-05-03 16:12:28 - [TEST_STEP][PASSED] - try: null

2022-05-03 16:12:28 - [TEST_STEP][PASSED] - connection.connect(): null

2022-05-03 16:12:28 - [TEST_STEP][PASSED] - flag = connected: null

2022-05-03 16:12:28 - [TEST_STEP][PASSED] - println("Valor_ori: " + flag): null

2022-05-03 16:12:28 - [TEST_STEP][PASSED] - if (flag): null

2022-05-03 16:12:28 - [TEST_STEP][PASSED] - navigateToUrl(i): Navigate to 'http://192.168.2.19:8380/saraweb' successfully

2022-05-03 16:12:29 - [MESSAGE][PASSED] - Navigate to 'http://192.168.2.19:8380/saraweb' successfully

2022-05-03 16:12:29 - [TEST_STEP][PASSED] - a(): null

2022-05-03 16:12:29 - [TEST_STEP][PASSED] - setText(findTestObject("3-OBJECTS UTILIDADES/Login/input_USUARIO_loginusuario"), G_Usuario): Text 'saraadmin' is set on object 'Object Repository/3-OBJECTS UTILIDADES/Login/input_USUARIO_loginusuario'

2022-05-03 16:12:30 - [MESSAGE][PASSED] - Text 'saraadmin' is set on object 'Object Repository/3-OBJECTS UTILIDADES/Login/input_USUARIO_loginusuario'

2022-05-03 16:12:30 - [TEST_STEP][PASSED] - setEncryptedText(findTestObject("3-OBJECTS UTILIDADES/Login/input_CLAVE_loginpassword"), "MkG4/TYiCFC3cb2driP7+Q=="): Text ****** has been set on object 'Object Repository/3-OBJECTS UTILIDADES/Login/input_CLAVE_loginpassword'

2022-05-03 16:12:30 - [MESSAGE][PASSED] - Text ****** has been set on object 'Object Repository/3-OBJECTS UTILIDADES/Login/input_CLAVE_loginpassword'

2022-05-03 16:12:30 - [TEST_STEP][PASSED] - waitForElementClickable(findTestObject("3-OBJECTS UTILIDADES/Login/a_Ingresar"), G_TimeOut): Object 'Object Repository/3-OBJECTS UTILIDADES/Login/a_Ingresar' is clickable

2022-05-03 16:12:30 - [MESSAGE][PASSED] - Object 'Object Repository/3-OBJECTS UTILIDADES/Login/a_Ingresar' is clickable

2022-05-03 16:12:30 - [TEST_STEP][PASSED] - click(findTestObject("3-OBJECTS UTILIDADES/Login/a_Ingresar")): Object: 'Object Repository/3-OBJECTS UTILIDADES/Login/a_Ingresar' is clicked on

2022-05-03 16:12:31 - [MESSAGE][PASSED] - Object: 'Object Repository/3-OBJECTS UTILIDADES/Login/a_Ingresar' is clicked on

2022-05-03 16:12:31 - [TEST_STEP][PASSED] - element = findWebElement(findTestObject("3-OBJECTS UTILIDADES/Login/a_Ir"), 30): null

2022-05-03 16:12:32 - [TEST_STEP][PASSED] - executeJavaScript("arguments[0].click()", Arrays.asList(element)): Execute JavaScript 'arguments[0].click()' successfully

2022-05-03 16:12:32 - [MESSAGE][PASSED] - Execute JavaScript 'arguments[0].click()' successfully

2022-05-03 16:12:32 - [MESSAGE][PASSED] - Call Test Case 'Test Cases/0.1-Login' successfully

2022-05-03 16:12:32 - [TEST_STEP][PASSED] - setText(findTestObject("2-OBJECTS TAREAS SECUNDARIAS/Pruebas Compensación/Liquidación_Nomina/input_Empresa 1_form_templatej_idt24_input"), "Liquidacion Nomina"): Text 'Liquidacion Nomina' is set on object 'Object Repository/2-OBJECTS TAREAS SECUNDARIAS/Pruebas Compensación/Liquidación_Nomina/input_Empresa 1_form_templatej_idt24_input'

2022-05-03 16:12:33 - [MESSAGE][PASSED] - Text 'Liquidacion Nomina' is set on object 'Object Repository/2-OBJECTS TAREAS SECUNDARIAS/Pruebas Compensación/Liquidación_Nomina/input_Empresa 1_form_templatej_idt24_input'

2022-05-03 16:12:33 - [TEST_STEP][PASSED] - click(findTestObject("2-OBJECTS TAREAS SECUNDARIAS/Pruebas Compensación/Liquidación_Nomina/li_Liquidacion Nomina (com)")): Object: 'Object Repository/2-OBJECTS TAREAS SECUNDARIAS/Pruebas Compensación/Liquidación_Nomina/li_Liquidacion Nomina (com)' is clicked on

2022-05-03 16:12:34 - [MESSAGE][PASSED] - Object: 'Object Repository/2-OBJECTS TAREAS SECUNDARIAS/Pruebas Compensación/Liquidación_Nomina/li_Liquidacion Nomina (com)' is clicked on

2022-05-03 16:12:34 - [TEST_STEP][PASSED] - click(findTestObject("2-OBJECTS TAREAS SECUNDARIAS/Pruebas Compensación/Liquidación_Nomina/a_Periodo Nomina_LiquidacionNominaj_idt68")): Object: 'Object Repository/2-OBJECTS TAREAS SECUNDARIAS/Pruebas Compensación/Liquidación_Nomina/a_Periodo Nomina_LiquidacionNominaj_idt68' is clicked on

2022-05-03 16:12:35 - [MESSAGE][PASSED] - Object: 'Object Repository/2-OBJECTS TAREAS SECUNDARIAS/Pruebas Compensación/Liquidación_Nomina/a_Periodo Nomina_LiquidacionNominaj_idt68' is clicked on

2022-05-03 16:12:35 - [TEST_STEP][PASSED] - selectOptionByIndex(findTestObject("2-OBJECTS TAREAS SECUNDARIAS/Pruebas Compensación/Liquidación_Nomina/select_--  Seleccione  --Periodo CerradoPeriodo en Proceso"), 2): All options with index in [2] are selected on object 'Object Repository/2-OBJECTS TAREAS SECUNDARIAS/Pruebas Compensación/Liquidación_Nomina/select_--  Seleccione  --Periodo CerradoPeriodo en Proceso'

2022-05-03 16:12:37 - [MESSAGE][PASSED] - All options with index in [2] are selected on object 'Object Repository/2-OBJECTS TAREAS SECUNDARIAS/Pruebas Compensación/Liquidación_Nomina/select_--  Seleccione  --Periodo CerradoPeriodo en Proceso'

2022-05-03 16:12:37 - [TEST_STEP][PASSED] - click(findTestObject("2-OBJECTS TAREAS SECUNDARIAS/Pruebas Compensación/Liquidación_Nomina/span_P. MensualJulio2021")): Object: 'Object Repository/2-OBJECTS TAREAS SECUNDARIAS/Pruebas Compensación/Liquidación_Nomina/span_P. MensualJulio2021' is clicked on

2022-05-03 16:12:37 - [MESSAGE][PASSED] - Object: 'Object Repository/2-OBJECTS TAREAS SECUNDARIAS/Pruebas Compensación/Liquidación_Nomina/span_P. MensualJulio2021' is clicked on

2022-05-03 16:12:37 - [TEST_STEP][PASSED] - setText(findTestObject("2-OBJECTS TAREAS SECUNDARIAS/Pruebas Compensación/Liquidación_Nomina/input_Nombre Persona_LiquidacionNominaj_idt124"), "1026588953"): Text '1026588953' is set on object 'Object Repository/2-OBJECTS TAREAS SECUNDARIAS/Pruebas Compensación/Liquidación_Nomina/input_Nombre Persona_LiquidacionNominaj_idt124'

2022-05-03 16:12:39 - [MESSAGE][PASSED] - Text '1026588953' is set on object 'Object Repository/2-OBJECTS TAREAS SECUNDARIAS/Pruebas Compensación/Liquidación_Nomina/input_Nombre Persona_LiquidacionNominaj_idt124'

2022-05-03 16:12:39 - [TEST_STEP][PASSED] - sendKeys(findTestObject("2-OBJECTS TAREAS SECUNDARIAS/Pruebas Compensación/Liquidación_Nomina/input_Nombre Persona_LiquidacionNominaj_idt124"), Keys.chord(ENTER)): Keys 'ENTER + ' sent to object: 'Object Repository/2-OBJECTS TAREAS SECUNDARIAS/Pruebas Compensación/Liquidación_Nomina/input_Nombre Persona_LiquidacionNominaj_idt124'

2022-05-03 16:12:39 - [MESSAGE][PASSED] - Keys 'ENTER + ' sent to object: 'Object Repository/2-OBJECTS TAREAS SECUNDARIAS/Pruebas Compensación/Liquidación_Nomina/input_Nombre Persona_LiquidacionNominaj_idt124'

2022-05-03 16:12:39 - [TEST_STEP][PASSED] - click(findTestObject("2-OBJECTS TAREAS SECUNDARIAS/Pruebas Compensación/Liquidación_Nomina/td_Aya Silva Cindy Ximena")): Object: 'Object Repository/2-OBJECTS TAREAS SECUNDARIAS/Pruebas Compensación/Liquidación_Nomina/td_Aya Silva Cindy Ximena' is clicked on

2022-05-03 16:12:40 - [MESSAGE][PASSED] - Object: 'Object Repository/2-OBJECTS TAREAS SECUNDARIAS/Pruebas Compensación/Liquidación_Nomina/td_Aya Silva Cindy Ximena' is clicked on

2022-05-03 16:12:40 - [TEST_STEP][PASSED] - click(findTestObject("2-OBJECTS TAREAS SECUNDARIAS/Pruebas Compensación/Liquidación_Nomina/a_Liquidacin Periodica")): Object: 'Object Repository/2-OBJECTS TAREAS SECUNDARIAS/Pruebas Compensación/Liquidación_Nomina/a_Liquidacin Periodica' is clicked on

2022-05-03 16:12:40 - [MESSAGE][PASSED] - Object: 'Object Repository/2-OBJECTS TAREAS SECUNDARIAS/Pruebas Compensación/Liquidación_Nomina/a_Liquidacin Periodica' is clicked on

2022-05-03 16:12:40 - [TEST_STEP][PASSED] - if (waitForElementVisible(findTestObject("2-OBJECTS TAREAS SECUNDARIAS/Pruebas Compensación/Liquidación_Nomina/span_Prestamo Compaa"), 1)): null

2022-05-03 16:12:41 - [MESSAGE][PASSED] - Object 'Object Repository/2-OBJECTS TAREAS SECUNDARIAS/Pruebas Compensación/Liquidación_Nomina/span_Prestamo Compaa' is visible

2022-05-03 16:12:41 - [TEST_STEP][PASSED] - click(findTestObject("2-OBJECTS TAREAS SECUNDARIAS/Pruebas Compensación/Liquidación_Nomina/span_Prestamo Compaa")): Object: 'Object Repository/2-OBJECTS TAREAS SECUNDARIAS/Pruebas Compensación/Liquidación_Nomina/span_Prestamo Compaa' is clicked on

2022-05-03 16:12:41 - [MESSAGE][PASSED] - Object: 'Object Repository/2-OBJECTS TAREAS SECUNDARIAS/Pruebas Compensación/Liquidación_Nomina/span_Prestamo Compaa' is clicked on

2022-05-03 16:12:41 - [TEST_STEP][PASSED] - click(findTestObject("2-OBJECTS TAREAS SECUNDARIAS/Pruebas Compensación/Liquidación_Nomina/a_Ver")): Object: 'Object Repository/2-OBJECTS TAREAS SECUNDARIAS/Pruebas Compensación/Liquidación_Nomina/a_Ver' is clicked on

2022-05-03 16:12:42 - [MESSAGE][PASSED] - Object: 'Object Repository/2-OBJECTS TAREAS SECUNDARIAS/Pruebas Compensación/Liquidación_Nomina/a_Ver' is clicked on

2022-05-03 16:12:42 - [TEST_STEP][PASSED] - if (waitForElementVisible(findTestObject("2-OBJECTS TAREAS SECUNDARIAS/Pruebas Compensación/Liquidación_Nomina/a_Pagos o Descuentos Extra"), 1)): null

2022-05-03 16:12:44 - [MESSAGE][PASSED] - Object 'Object Repository/2-OBJECTS TAREAS SECUNDARIAS/Pruebas Compensación/Liquidación_Nomina/a_Pagos o Descuentos Extra' is visible

2022-05-03 16:12:44 - [TEST_STEP][PASSED] - Resultado = "PRUEBA OK": null

2022-05-03 16:12:44 - [TEST_STEP][PASSED] - closeBrowser(): Browser is closed

2022-05-03 16:12:45 - [MESSAGE][PASSED] - Browser is closed]]></system-out>
         <system-err><![CDATA[]]></system-err>
      </testcase>
      <testcase name="Test Cases/1.2-Tareas_Secundarias/A.1-Pruebas_compensaciones/11.1.4-Fuente_General" time="23.594" classname="Test Cases/1.2-Tareas_Secundarias/A.1-Pruebas_compensaciones/11.1.4-Fuente_General" status="FAILED">
         <failure type="FAILED" message="Test Cases/1.2-Tareas_Secundarias/A.1-Pruebas_compensaciones/11.1.4-Fuente_General FAILED.
Reason:
com.kms.katalon.core.exception.StepFailedException: Unable to accept alert
	at com.kms.katalon.core.webui.keyword.internal.WebUIKeywordMain.stepFailed(WebUIKeywordMain.groovy:64)
	at com.kms.katalon.core.webui.keyword.internal.WebUIKeywordMain.runKeyword(WebUIKeywordMain.groovy:26)
	at com.kms.katalon.core.webui.keyword.builtin.AcceptAlertKeyword.acceptAlert(AcceptAlertKeyword.groovy:71)
	at com.kms.katalon.core.webui.keyword.builtin.AcceptAlertKeyword.execute(AcceptAlertKeyword.groovy:66)
	at com.kms.katalon.core.keyword.internal.KeywordExecutor.executeKeywordForPlatform(KeywordExecutor.groovy:74)
	at com.kms.katalon.core.webui.keyword.WebUiBuiltInKeywords.acceptAlert(WebUiBuiltInKeywords.groovy:1522)
	at com.kms.katalon.core.webui.keyword.WebUiBuiltInKeywords$acceptAlert$16.call(Unknown Source)
	at 11.1.4-Fuente_General.run(11.1.4-Fuente_General:58)
	at com.kms.katalon.core.main.ScriptEngine.run(ScriptEngine.java:194)
	at com.kms.katalon.core.main.ScriptEngine.runScriptAsRawText(ScriptEngine.java:119)
	at com.kms.katalon.core.main.TestCaseExecutor.runScript(TestCaseExecutor.java:445)
	at com.kms.katalon.core.main.TestCaseExecutor.doExecute(TestCaseExecutor.java:436)
	at com.kms.katalon.core.main.TestCaseExecutor.processExecutionPhase(TestCaseExecutor.java:415)
	at com.kms.katalon.core.main.TestCaseExecutor.accessMainPhase(TestCaseExecutor.java:407)
	at com.kms.katalon.core.main.TestCaseExecutor.execute(TestCaseExecutor.java:284)
	at com.kms.katalon.core.common.CommonExecutor.accessTestCaseMainPhase(CommonExecutor.java:65)
	at com.kms.katalon.core.main.TestSuiteExecutor.accessTestSuiteMainPhase(TestSuiteExecutor.java:144)
	at com.kms.katalon.core.main.TestSuiteExecutor.execute(TestSuiteExecutor.java:106)
	at com.kms.katalon.core.main.TestCaseMain.startTestSuite(TestCaseMain.java:185)
	at com.kms.katalon.core.main.TestCaseMain$startTestSuite$0.call(Unknown Source)
	at TempTestSuite1651612210355.run(TempTestSuite1651612210355.groovy:36)
Caused by: com.kms.katalon.core.exception.StepFailedException: No alert found
	at com.kms.katalon.core.webui.keyword.internal.WebUIKeywordMain.stepFailed(WebUIKeywordMain.groovy:64)
	at com.kms.katalon.core.webui.keyword.builtin.AcceptAlertKeyword$_acceptAlert_closure1.doCall(AcceptAlertKeyword.groovy:78)
	at com.kms.katalon.core.webui.keyword.builtin.AcceptAlertKeyword$_acceptAlert_closure1.call(AcceptAlertKeyword.groovy)
	at com.kms.katalon.core.webui.keyword.internal.WebUIKeywordMain.runKeyword(WebUIKeywordMain.groovy:20)
	... 19 more
"/>
         <system-out><![CDATA[2022-05-03 16:12:45 - [TEST_CASE][FAILED] - Test Cases/1.2-Tareas_Secundarias/A.1-Pruebas_compensaciones/11.1.4-Fuente_General: Test Cases/1.2-Tareas_Secundarias/A.1-Pruebas_compensaciones/11.1.4-Fuente_General FAILED.
Reason:
com.kms.katalon.core.exception.StepFailedException: Unable to accept alert
	at com.kms.katalon.core.webui.keyword.internal.WebUIKeywordMain.stepFailed(WebUIKeywordMain.groovy:64)
	at com.kms.katalon.core.webui.keyword.internal.WebUIKeywordMain.runKeyword(WebUIKeywordMain.groovy:26)
	at com.kms.katalon.core.webui.keyword.builtin.AcceptAlertKeyword.acceptAlert(AcceptAlertKeyword.groovy:71)
	at com.kms.katalon.core.webui.keyword.builtin.AcceptAlertKeyword.execute(AcceptAlertKeyword.groovy:66)
	at com.kms.katalon.core.keyword.internal.KeywordExecutor.executeKeywordForPlatform(KeywordExecutor.groovy:74)
	at com.kms.katalon.core.webui.keyword.WebUiBuiltInKeywords.acceptAlert(WebUiBuiltInKeywords.groovy:1522)
	at com.kms.katalon.core.webui.keyword.WebUiBuiltInKeywords$acceptAlert$16.call(Unknown Source)
	at 11.1.4-Fuente_General.run(11.1.4-Fuente_General:58)
	at com.kms.katalon.core.main.ScriptEngine.run(ScriptEngine.java:194)
	at com.kms.katalon.core.main.ScriptEngine.runScriptAsRawText(ScriptEngine.java:119)
	at com.kms.katalon.core.main.TestCaseExecutor.runScript(TestCaseExecutor.java:445)
	at com.kms.katalon.core.main.TestCaseExecutor.doExecute(TestCaseExecutor.java:436)
	at com.kms.katalon.core.main.TestCaseExecutor.processExecutionPhase(TestCaseExecutor.java:415)
	at com.kms.katalon.core.main.TestCaseExecutor.accessMainPhase(TestCaseExecutor.java:407)
	at com.kms.katalon.core.main.TestCaseExecutor.execute(TestCaseExecutor.java:284)
	at com.kms.katalon.core.common.CommonExecutor.accessTestCaseMainPhase(CommonExecutor.java:65)
	at com.kms.katalon.core.main.TestSuiteExecutor.accessTestSuiteMainPhase(TestSuiteExecutor.java:144)
	at com.kms.katalon.core.main.TestSuiteExecutor.execute(TestSuiteExecutor.java:106)
	at com.kms.katalon.core.main.TestCaseMain.startTestSuite(TestCaseMain.java:185)
	at com.kms.katalon.core.main.TestCaseMain$startTestSuite$0.call(Unknown Source)
	at TempTestSuite1651612210355.run(TempTestSuite1651612210355.groovy:36)
Caused by: com.kms.katalon.core.exception.StepFailedException: No alert found
	at com.kms.katalon.core.webui.keyword.internal.WebUIKeywordMain.stepFailed(WebUIKeywordMain.groovy:64)
	at com.kms.katalon.core.webui.keyword.builtin.AcceptAlertKeyword$_acceptAlert_closure1.doCall(AcceptAlertKeyword.groovy:78)
	at com.kms.katalon.core.webui.keyword.builtin.AcceptAlertKeyword$_acceptAlert_closure1.call(AcceptAlertKeyword.groovy)
	at com.kms.katalon.core.webui.keyword.internal.WebUIKeywordMain.runKeyword(WebUIKeywordMain.groovy:20)
	... 19 more


2022-05-03 16:12:45 - [TEST_STEP][PASSED] - callTestCase(findTestCase("0.1-Login"), [:], STOP_ON_FAILURE): Call Test Case 'Test Cases/0.1-Login' successfully

2022-05-03 16:12:45 - [TEST_CASE][PASSED] - Test Cases/0.1-Login: Test Cases/0.1-Login

2022-05-03 16:12:45 - [TEST_STEP][PASSED] - openBrowser(""): Browser is opened with url: ''

2022-05-03 16:12:45 - [MESSAGE][INFO] - Starting 'Chrome' driver

2022-05-03 16:12:45 - [MESSAGE][INFO] - Action delay is set to 0 milliseconds

2022-05-03 16:12:46 - [MESSAGE][PASSED] - Browser is opened with url: ''

2022-05-03 16:12:46 - [TEST_STEP][PASSED] - maximizeWindow(): Current window maximized

2022-05-03 16:12:46 - [MESSAGE][PASSED] - Current window maximized

2022-05-03 16:12:46 - [TEST_STEP][PASSED] - i = G_Login: null

2022-05-03 16:12:46 - [TEST_STEP][PASSED] - url = new java.net.URL(i): null

2022-05-03 16:12:46 - [TEST_STEP][PASSED] - println("URL: " + url.toString()): null

2022-05-03 16:12:46 - [TEST_STEP][PASSED] - connection = url.openConnection(): null

2022-05-03 16:12:46 - [TEST_STEP][PASSED] - connection.setRequestMethod("GET"): null

2022-05-03 16:12:46 - [TEST_STEP][PASSED] - connection.setReadTimeout(2 * 1000): null

2022-05-03 16:12:46 - [TEST_STEP][PASSED] - try: null

2022-05-03 16:12:46 - [TEST_STEP][PASSED] - connection.connect(): null

2022-05-03 16:12:46 - [TEST_STEP][PASSED] - flag = connected: null

2022-05-03 16:12:46 - [TEST_STEP][PASSED] - println("Valor_ori: " + flag): null

2022-05-03 16:12:46 - [TEST_STEP][PASSED] - if (flag): null

2022-05-03 16:12:46 - [TEST_STEP][PASSED] - navigateToUrl(i): Navigate to 'http://192.168.2.19:8380/saraweb' successfully

2022-05-03 16:12:47 - [MESSAGE][PASSED] - Navigate to 'http://192.168.2.19:8380/saraweb' successfully

2022-05-03 16:12:47 - [TEST_STEP][PASSED] - a(): null

2022-05-03 16:12:47 - [TEST_STEP][PASSED] - setText(findTestObject("3-OBJECTS UTILIDADES/Login/input_USUARIO_loginusuario"), G_Usuario): Text 'saraadmin' is set on object 'Object Repository/3-OBJECTS UTILIDADES/Login/input_USUARIO_loginusuario'

2022-05-03 16:12:48 - [MESSAGE][PASSED] - Text 'saraadmin' is set on object 'Object Repository/3-OBJECTS UTILIDADES/Login/input_USUARIO_loginusuario'

2022-05-03 16:12:48 - [TEST_STEP][PASSED] - setEncryptedText(findTestObject("3-OBJECTS UTILIDADES/Login/input_CLAVE_loginpassword"), "MkG4/TYiCFC3cb2driP7+Q=="): Text ****** has been set on object 'Object Repository/3-OBJECTS UTILIDADES/Login/input_CLAVE_loginpassword'

2022-05-03 16:12:48 - [MESSAGE][PASSED] - Text ****** has been set on object 'Object Repository/3-OBJECTS UTILIDADES/Login/input_CLAVE_loginpassword'

2022-05-03 16:12:48 - [TEST_STEP][PASSED] - waitForElementClickable(findTestObject("3-OBJECTS UTILIDADES/Login/a_Ingresar"), G_TimeOut): Object 'Object Repository/3-OBJECTS UTILIDADES/Login/a_Ingresar' is clickable

2022-05-03 16:12:49 - [MESSAGE][PASSED] - Object 'Object Repository/3-OBJECTS UTILIDADES/Login/a_Ingresar' is clickable

2022-05-03 16:12:49 - [TEST_STEP][PASSED] - click(findTestObject("3-OBJECTS UTILIDADES/Login/a_Ingresar")): Object: 'Object Repository/3-OBJECTS UTILIDADES/Login/a_Ingresar' is clicked on

2022-05-03 16:12:49 - [MESSAGE][PASSED] - Object: 'Object Repository/3-OBJECTS UTILIDADES/Login/a_Ingresar' is clicked on

2022-05-03 16:12:49 - [TEST_STEP][PASSED] - element = findWebElement(findTestObject("3-OBJECTS UTILIDADES/Login/a_Ir"), 30): null

2022-05-03 16:12:50 - [TEST_STEP][PASSED] - executeJavaScript("arguments[0].click()", Arrays.asList(element)): Execute JavaScript 'arguments[0].click()' successfully

2022-05-03 16:12:50 - [MESSAGE][PASSED] - Execute JavaScript 'arguments[0].click()' successfully

2022-05-03 16:12:50 - [MESSAGE][PASSED] - Call Test Case 'Test Cases/0.1-Login' successfully

2022-05-03 16:12:50 - [TEST_STEP][PASSED] - setText(findTestObject("2-OBJECTS TAREAS SECUNDARIAS/Pruebas Compensación/Fuente_General/input_Empresa 1_form_templatej_idt24_input"), "importar fuente general"): Text 'importar fuente general' is set on object 'Object Repository/2-OBJECTS TAREAS SECUNDARIAS/Pruebas Compensación/Fuente_General/input_Empresa 1_form_templatej_idt24_input'

2022-05-03 16:12:51 - [MESSAGE][PASSED] - Text 'importar fuente general' is set on object 'Object Repository/2-OBJECTS TAREAS SECUNDARIAS/Pruebas Compensación/Fuente_General/input_Empresa 1_form_templatej_idt24_input'

2022-05-03 16:12:51 - [TEST_STEP][PASSED] - click(findTestObject("2-OBJECTS TAREAS SECUNDARIAS/Pruebas Compensación/Fuente_General/li_fuente general (gna)")): Object: 'Object Repository/2-OBJECTS TAREAS SECUNDARIAS/Pruebas Compensación/Fuente_General/li_fuente general (gna)' is clicked on

2022-05-03 16:12:52 - [MESSAGE][PASSED] - Object: 'Object Repository/2-OBJECTS TAREAS SECUNDARIAS/Pruebas Compensación/Fuente_General/li_fuente general (gna)' is clicked on

2022-05-03 16:12:52 - [TEST_STEP][PASSED] - setText(findTestObject("1-OBJECTS TAREAS PRINCIPALES/Modulo Tarea Sara General/Importar Fuente General/input_Procesos Generados_formImportarListadoFuentej_idt67"), "Creación prestamos"): Text 'Creación prestamos' is set on object 'Object Repository/1-OBJECTS TAREAS PRINCIPALES/Modulo Tarea Sara General/Importar Fuente General/input_Procesos Generados_formImportarListadoFuentej_idt67'

2022-05-03 16:12:53 - [MESSAGE][PASSED] - Text 'Creación prestamos' is set on object 'Object Repository/1-OBJECTS TAREAS PRINCIPALES/Modulo Tarea Sara General/Importar Fuente General/input_Procesos Generados_formImportarListadoFuentej_idt67'

2022-05-03 16:12:53 - [TEST_STEP][PASSED] - sendKeys(findTestObject("1-OBJECTS TAREAS PRINCIPALES/Modulo Tarea Sara General/Importar Fuente General/input_Procesos Generados_formImportarListadoFuentej_idt67"), Keys.chord(ENTER)): Keys 'ENTER + ' sent to object: 'Object Repository/1-OBJECTS TAREAS PRINCIPALES/Modulo Tarea Sara General/Importar Fuente General/input_Procesos Generados_formImportarListadoFuentej_idt67'

2022-05-03 16:12:54 - [MESSAGE][PASSED] - Keys 'ENTER + ' sent to object: 'Object Repository/1-OBJECTS TAREAS PRINCIPALES/Modulo Tarea Sara General/Importar Fuente General/input_Procesos Generados_formImportarListadoFuentej_idt67'

2022-05-03 16:12:54 - [TEST_STEP][PASSED] - click(findTestObject("1-OBJECTS TAREAS PRINCIPALES/Modulo Tarea Sara General/Importar Fuente General/td_Creacin Prestamos")): Object: 'Object Repository/1-OBJECTS TAREAS PRINCIPALES/Modulo Tarea Sara General/Importar Fuente General/td_Creacin Prestamos' is clicked on

2022-05-03 16:12:55 - [MESSAGE][PASSED] - Object: 'Object Repository/1-OBJECTS TAREAS PRINCIPALES/Modulo Tarea Sara General/Importar Fuente General/td_Creacin Prestamos' is clicked on

2022-05-03 16:12:55 - [TEST_STEP][PASSED] - ruta = G_rutaarchivos + "carguePrestamo.txt": null

2022-05-03 16:12:55 - [TEST_STEP][PASSED] - uploadFile(findTestObject("1-OBJECTS TAREAS PRINCIPALES/Modulo Tarea Sara General/Importar Fuente General/input_Cargar_formImportarFuentetabarchivo_input"), ruta): File 'E:\unionweb14\carguePrestamo.txt' sent to object: 'Object Repository/1-OBJECTS TAREAS PRINCIPALES/Modulo Tarea Sara General/Importar Fuente General/input_Cargar_formImportarFuentetabarchivo_input'

2022-05-03 16:12:55 - [MESSAGE][PASSED] - File 'E:\unionweb14\carguePrestamo.txt' sent to object: 'Object Repository/1-OBJECTS TAREAS PRINCIPALES/Modulo Tarea Sara General/Importar Fuente General/input_Cargar_formImportarFuentetabarchivo_input'

2022-05-03 16:12:55 - [TEST_STEP][PASSED] - click(findTestObject("1-OBJECTS TAREAS PRINCIPALES/Modulo Tarea Sara General/Importar Fuente General/a_Importar")): Object: 'Object Repository/1-OBJECTS TAREAS PRINCIPALES/Modulo Tarea Sara General/Importar Fuente General/a_Importar' is clicked on

2022-05-03 16:12:56 - [MESSAGE][PASSED] - Object: 'Object Repository/1-OBJECTS TAREAS PRINCIPALES/Modulo Tarea Sara General/Importar Fuente General/a_Importar' is clicked on

2022-05-03 16:12:56 - [TEST_STEP][PASSED] - waitForElementVisible(findTestObject("2-OBJECTS TAREAS SECUNDARIAS/Pruebas Compensación/Fuente_General/a_Continuar"), 0): Object 'Object Repository/2-OBJECTS TAREAS SECUNDARIAS/Pruebas Compensación/Fuente_General/a_Continuar' is visible

2022-05-03 16:12:56 - [MESSAGE][WARNING] - Timeout '0' is invalid. Using default page load timeout: '45'

2022-05-03 16:13:00 - [MESSAGE][PASSED] - Object 'Object Repository/2-OBJECTS TAREAS SECUNDARIAS/Pruebas Compensación/Fuente_General/a_Continuar' is visible

2022-05-03 16:13:00 - [TEST_STEP][PASSED] - click(findTestObject("2-OBJECTS TAREAS SECUNDARIAS/Pruebas Compensación/Fuente_General/a_Continuar")): Object: 'Object Repository/2-OBJECTS TAREAS SECUNDARIAS/Pruebas Compensación/Fuente_General/a_Continuar' is clicked on

2022-05-03 16:13:00 - [MESSAGE][PASSED] - Object: 'Object Repository/2-OBJECTS TAREAS SECUNDARIAS/Pruebas Compensación/Fuente_General/a_Continuar' is clicked on

2022-05-03 16:13:00 - [TEST_STEP][PASSED] - click(findTestObject("2-OBJECTS TAREAS SECUNDARIAS/Pruebas Compensación/Fuente_General/a_Ejecutar")): Object: 'Object Repository/2-OBJECTS TAREAS SECUNDARIAS/Pruebas Compensación/Fuente_General/a_Ejecutar' is clicked on

2022-05-03 16:13:03 - [MESSAGE][PASSED] - Object: 'Object Repository/2-OBJECTS TAREAS SECUNDARIAS/Pruebas Compensación/Fuente_General/a_Ejecutar' is clicked on

2022-05-03 16:13:03 - [TEST_STEP][PASSED] - click(findTestObject("2-OBJECTS TAREAS SECUNDARIAS/Pruebas Compensación/Fuente_General/a_Continuar")): Object: 'Object Repository/2-OBJECTS TAREAS SECUNDARIAS/Pruebas Compensación/Fuente_General/a_Continuar' is clicked on

2022-05-03 16:13:07 - [MESSAGE][PASSED] - Object: 'Object Repository/2-OBJECTS TAREAS SECUNDARIAS/Pruebas Compensación/Fuente_General/a_Continuar' is clicked on

2022-05-03 16:13:07 - [TEST_STEP][PASSED] - Result = getText(findTestObject("2-OBJECTS TAREAS SECUNDARIAS/Pruebas Compensación/Fuente_General/mensaje")): Text of object 'Object Repository/2-OBJECTS TAREAS SECUNDARIAS/Pruebas Compensación/Fuente_General/mensaje' is: 'insertarprestamo:No valida (.,Registro ya existe-899)|'

2022-05-03 16:13:08 - [MESSAGE][PASSED] - Text of object 'Object Repository/2-OBJECTS TAREAS SECUNDARIAS/Pruebas Compensación/Fuente_General/mensaje' is: 'insertarprestamo:No valida (.,Registro ya existe-899)|'

2022-05-03 16:13:08 - [TEST_STEP][PASSED] - if (Result == ""): null

2022-05-03 16:13:08 - [TEST_STEP][FAILED] - else: Unable to accept alert (Root cause: com.kms.katalon.core.exception.StepFailedException: Unable to accept alert
	at com.kms.katalon.core.webui.keyword.internal.WebUIKeywordMain.stepFailed(WebUIKeywordMain.groovy:64)
	at com.kms.katalon.core.webui.keyword.internal.WebUIKeywordMain.runKeyword(WebUIKeywordMain.groovy:26)
	at com.kms.katalon.core.webui.keyword.builtin.AcceptAlertKeyword.acceptAlert(AcceptAlertKeyword.groovy:71)
	at com.kms.katalon.core.webui.keyword.builtin.AcceptAlertKeyword.execute(AcceptAlertKeyword.groovy:66)
	at com.kms.katalon.core.keyword.internal.KeywordExecutor.executeKeywordForPlatform(KeywordExecutor.groovy:74)
	at com.kms.katalon.core.webui.keyword.WebUiBuiltInKeywords.acceptAlert(WebUiBuiltInKeywords.groovy:1522)
	at com.kms.katalon.core.webui.keyword.WebUiBuiltInKeywords$acceptAlert$16.call(Unknown Source)
	at 11.1.4-Fuente_General.run(11.1.4-Fuente_General:58)
	at com.kms.katalon.core.main.ScriptEngine.run(ScriptEngine.java:194)
	at com.kms.katalon.core.main.ScriptEngine.runScriptAsRawText(ScriptEngine.java:119)
	at com.kms.katalon.core.main.TestCaseExecutor.runScript(TestCaseExecutor.java:445)
	at com.kms.katalon.core.main.TestCaseExecutor.doExecute(TestCaseExecutor.java:436)
	at com.kms.katalon.core.main.TestCaseExecutor.processExecutionPhase(TestCaseExecutor.java:415)
	at com.kms.katalon.core.main.TestCaseExecutor.accessMainPhase(TestCaseExecutor.java:407)
	at com.kms.katalon.core.main.TestCaseExecutor.execute(TestCaseExecutor.java:284)
	at com.kms.katalon.core.common.CommonExecutor.accessTestCaseMainPhase(CommonExecutor.java:65)
	at com.kms.katalon.core.main.TestSuiteExecutor.accessTestSuiteMainPhase(TestSuiteExecutor.java:144)
	at com.kms.katalon.core.main.TestSuiteExecutor.execute(TestSuiteExecutor.java:106)
	at com.kms.katalon.core.main.TestCaseMain.startTestSuite(TestCaseMain.java:185)
	at com.kms.katalon.core.main.TestCaseMain$startTestSuite$0.call(Unknown Source)
	at TempTestSuite1651612210355.run(TempTestSuite1651612210355.groovy:36)
Caused by: com.kms.katalon.core.exception.StepFailedException: No alert found
	at com.kms.katalon.core.webui.keyword.internal.WebUIKeywordMain.stepFailed(WebUIKeywordMain.groovy:64)
	at com.kms.katalon.core.webui.keyword.builtin.AcceptAlertKeyword$_acceptAlert_closure1.doCall(AcceptAlertKeyword.groovy:78)
	at com.kms.katalon.core.webui.keyword.builtin.AcceptAlertKeyword$_acceptAlert_closure1.call(AcceptAlertKeyword.groovy)
	at com.kms.katalon.core.webui.keyword.internal.WebUIKeywordMain.runKeyword(WebUIKeywordMain.groovy:20)
	... 19 more
)

2022-05-03 16:13:08 - [TEST_STEP][FAILED] - acceptAlert(): Unable to accept alert (Root cause: com.kms.katalon.core.exception.StepFailedException: Unable to accept alert
	at com.kms.katalon.core.webui.keyword.internal.WebUIKeywordMain.stepFailed(WebUIKeywordMain.groovy:64)
	at com.kms.katalon.core.webui.keyword.internal.WebUIKeywordMain.runKeyword(WebUIKeywordMain.groovy:26)
	at com.kms.katalon.core.webui.keyword.builtin.AcceptAlertKeyword.acceptAlert(AcceptAlertKeyword.groovy:71)
	at com.kms.katalon.core.webui.keyword.builtin.AcceptAlertKeyword.execute(AcceptAlertKeyword.groovy:66)
	at com.kms.katalon.core.keyword.internal.KeywordExecutor.executeKeywordForPlatform(KeywordExecutor.groovy:74)
	at com.kms.katalon.core.webui.keyword.WebUiBuiltInKeywords.acceptAlert(WebUiBuiltInKeywords.groovy:1522)
	at com.kms.katalon.core.webui.keyword.WebUiBuiltInKeywords$acceptAlert$16.call(Unknown Source)
	at 11.1.4-Fuente_General.run(11.1.4-Fuente_General:58)
	at com.kms.katalon.core.main.ScriptEngine.run(ScriptEngine.java:194)
	at com.kms.katalon.core.main.ScriptEngine.runScriptAsRawText(ScriptEngine.java:119)
	at com.kms.katalon.core.main.TestCaseExecutor.runScript(TestCaseExecutor.java:445)
	at com.kms.katalon.core.main.TestCaseExecutor.doExecute(TestCaseExecutor.java:436)
	at com.kms.katalon.core.main.TestCaseExecutor.processExecutionPhase(TestCaseExecutor.java:415)
	at com.kms.katalon.core.main.TestCaseExecutor.accessMainPhase(TestCaseExecutor.java:407)
	at com.kms.katalon.core.main.TestCaseExecutor.execute(TestCaseExecutor.java:284)
	at com.kms.katalon.core.common.CommonExecutor.accessTestCaseMainPhase(CommonExecutor.java:65)
	at com.kms.katalon.core.main.TestSuiteExecutor.accessTestSuiteMainPhase(TestSuiteExecutor.java:144)
	at com.kms.katalon.core.main.TestSuiteExecutor.execute(TestSuiteExecutor.java:106)
	at com.kms.katalon.core.main.TestCaseMain.startTestSuite(TestCaseMain.java:185)
	at com.kms.katalon.core.main.TestCaseMain$startTestSuite$0.call(Unknown Source)
	at TempTestSuite1651612210355.run(TempTestSuite1651612210355.groovy:36)
Caused by: com.kms.katalon.core.exception.StepFailedException: No alert found
	at com.kms.katalon.core.webui.keyword.internal.WebUIKeywordMain.stepFailed(WebUIKeywordMain.groovy:64)
	at com.kms.katalon.core.webui.keyword.builtin.AcceptAlertKeyword$_acceptAlert_closure1.doCall(AcceptAlertKeyword.groovy:78)
	at com.kms.katalon.core.webui.keyword.builtin.AcceptAlertKeyword$_acceptAlert_closure1.call(AcceptAlertKeyword.groovy)
	at com.kms.katalon.core.webui.keyword.internal.WebUIKeywordMain.runKeyword(WebUIKeywordMain.groovy:20)
	... 19 more
)

2022-05-03 16:13:08 - [MESSAGE][FAILED] - No alert found (Root cause: com.kms.katalon.core.exception.StepFailedException: No alert found
	at com.kms.katalon.core.webui.keyword.internal.WebUIKeywordMain.stepFailed(WebUIKeywordMain.groovy:64)
	at com.kms.katalon.core.webui.keyword.builtin.AcceptAlertKeyword$_acceptAlert_closure1.doCall(AcceptAlertKeyword.groovy:78)
	at com.kms.katalon.core.webui.keyword.builtin.AcceptAlertKeyword$_acceptAlert_closure1.call(AcceptAlertKeyword.groovy)
	at com.kms.katalon.core.webui.keyword.internal.WebUIKeywordMain.runKeyword(WebUIKeywordMain.groovy:20)
	at com.kms.katalon.core.webui.keyword.builtin.AcceptAlertKeyword.acceptAlert(AcceptAlertKeyword.groovy:71)
	at com.kms.katalon.core.webui.keyword.builtin.AcceptAlertKeyword.execute(AcceptAlertKeyword.groovy:66)
	at com.kms.katalon.core.keyword.internal.KeywordExecutor.executeKeywordForPlatform(KeywordExecutor.groovy:74)
	at com.kms.katalon.core.webui.keyword.WebUiBuiltInKeywords.acceptAlert(WebUiBuiltInKeywords.groovy:1522)
	at com.kms.katalon.core.webui.keyword.WebUiBuiltInKeywords$acceptAlert$16.call(Unknown Source)
	at 11.1.4-Fuente_General.run(11.1.4-Fuente_General:58)
	at com.kms.katalon.core.main.ScriptEngine.run(ScriptEngine.java:194)
	at com.kms.katalon.core.main.ScriptEngine.runScriptAsRawText(ScriptEngine.java:119)
	at com.kms.katalon.core.main.TestCaseExecutor.runScript(TestCaseExecutor.java:445)
	at com.kms.katalon.core.main.TestCaseExecutor.doExecute(TestCaseExecutor.java:436)
	at com.kms.katalon.core.main.TestCaseExecutor.processExecutionPhase(TestCaseExecutor.java:415)
	at com.kms.katalon.core.main.TestCaseExecutor.accessMainPhase(TestCaseExecutor.java:407)
	at com.kms.katalon.core.main.TestCaseExecutor.execute(TestCaseExecutor.java:284)
	at com.kms.katalon.core.common.CommonExecutor.accessTestCaseMainPhase(CommonExecutor.java:65)
	at com.kms.katalon.core.main.TestSuiteExecutor.accessTestSuiteMainPhase(TestSuiteExecutor.java:144)
	at com.kms.katalon.core.main.TestSuiteExecutor.execute(TestSuiteExecutor.java:106)
	at com.kms.katalon.core.main.TestCaseMain.startTestSuite(TestCaseMain.java:185)
	at com.kms.katalon.core.main.TestCaseMain$startTestSuite$0.call(Unknown Source)
	at TempTestSuite1651612210355.run(TempTestSuite1651612210355.groovy:36)
)
[[ATTACHMENT|C:\\Users\\diego.rojas\\git\\Pruebas-Minimas\\Reports\\20220503_161010\\Test_Suite_Secundaria\\A1-Pruebas_Compensaciones\\20220503_161010\\1651612388425.png]]

2022-05-03 16:13:08 - [MESSAGE][FAILED] - Unable to accept alert (Root cause: com.kms.katalon.core.exception.StepFailedException: Unable to accept alert
	at com.kms.katalon.core.webui.keyword.internal.WebUIKeywordMain.stepFailed(WebUIKeywordMain.groovy:64)
	at com.kms.katalon.core.webui.keyword.internal.WebUIKeywordMain.runKeyword(WebUIKeywordMain.groovy:26)
	at com.kms.katalon.core.webui.keyword.builtin.AcceptAlertKeyword.acceptAlert(AcceptAlertKeyword.groovy:71)
	at com.kms.katalon.core.webui.keyword.builtin.AcceptAlertKeyword.execute(AcceptAlertKeyword.groovy:66)
	at com.kms.katalon.core.keyword.internal.KeywordExecutor.executeKeywordForPlatform(KeywordExecutor.groovy:74)
	at com.kms.katalon.core.webui.keyword.WebUiBuiltInKeywords.acceptAlert(WebUiBuiltInKeywords.groovy:1522)
	at com.kms.katalon.core.webui.keyword.WebUiBuiltInKeywords$acceptAlert$16.call(Unknown Source)
	at 11.1.4-Fuente_General.run(11.1.4-Fuente_General:58)
	at com.kms.katalon.core.main.ScriptEngine.run(ScriptEngine.java:194)
	at com.kms.katalon.core.main.ScriptEngine.runScriptAsRawText(ScriptEngine.java:119)
	at com.kms.katalon.core.main.TestCaseExecutor.runScript(TestCaseExecutor.java:445)
	at com.kms.katalon.core.main.TestCaseExecutor.doExecute(TestCaseExecutor.java:436)
	at com.kms.katalon.core.main.TestCaseExecutor.processExecutionPhase(TestCaseExecutor.java:415)
	at com.kms.katalon.core.main.TestCaseExecutor.accessMainPhase(TestCaseExecutor.java:407)
	at com.kms.katalon.core.main.TestCaseExecutor.execute(TestCaseExecutor.java:284)
	at com.kms.katalon.core.common.CommonExecutor.accessTestCaseMainPhase(CommonExecutor.java:65)
	at com.kms.katalon.core.main.TestSuiteExecutor.accessTestSuiteMainPhase(TestSuiteExecutor.java:144)
	at com.kms.katalon.core.main.TestSuiteExecutor.execute(TestSuiteExecutor.java:106)
	at com.kms.katalon.core.main.TestCaseMain.startTestSuite(TestCaseMain.java:185)
	at com.kms.katalon.core.main.TestCaseMain$startTestSuite$0.call(Unknown Source)
	at TempTestSuite1651612210355.run(TempTestSuite1651612210355.groovy:36)
Caused by: com.kms.katalon.core.exception.StepFailedException: No alert found
	at com.kms.katalon.core.webui.keyword.internal.WebUIKeywordMain.stepFailed(WebUIKeywordMain.groovy:64)
	at com.kms.katalon.core.webui.keyword.builtin.AcceptAlertKeyword$_acceptAlert_closure1.doCall(AcceptAlertKeyword.groovy:78)
	at com.kms.katalon.core.webui.keyword.builtin.AcceptAlertKeyword$_acceptAlert_closure1.call(AcceptAlertKeyword.groovy)
	at com.kms.katalon.core.webui.keyword.internal.WebUIKeywordMain.runKeyword(WebUIKeywordMain.groovy:20)
	... 19 more
)
[[ATTACHMENT|C:\\Users\\diego.rojas\\git\\Pruebas-Minimas\\Reports\\20220503_161010\\Test_Suite_Secundaria\\A1-Pruebas_Compensaciones\\20220503_161010\\1651612388540.png]]]]></system-out>
         <system-err><![CDATA[2022-05-03 16:12:45 - [TEST_CASE][FAILED] - Test Cases/1.2-Tareas_Secundarias/A.1-Pruebas_compensaciones/11.1.4-Fuente_General: Test Cases/1.2-Tareas_Secundarias/A.1-Pruebas_compensaciones/11.1.4-Fuente_General FAILED.
Reason:
com.kms.katalon.core.exception.StepFailedException: Unable to accept alert
	at com.kms.katalon.core.webui.keyword.internal.WebUIKeywordMain.stepFailed(WebUIKeywordMain.groovy:64)
	at com.kms.katalon.core.webui.keyword.internal.WebUIKeywordMain.runKeyword(WebUIKeywordMain.groovy:26)
	at com.kms.katalon.core.webui.keyword.builtin.AcceptAlertKeyword.acceptAlert(AcceptAlertKeyword.groovy:71)
	at com.kms.katalon.core.webui.keyword.builtin.AcceptAlertKeyword.execute(AcceptAlertKeyword.groovy:66)
	at com.kms.katalon.core.keyword.internal.KeywordExecutor.executeKeywordForPlatform(KeywordExecutor.groovy:74)
	at com.kms.katalon.core.webui.keyword.WebUiBuiltInKeywords.acceptAlert(WebUiBuiltInKeywords.groovy:1522)
	at com.kms.katalon.core.webui.keyword.WebUiBuiltInKeywords$acceptAlert$16.call(Unknown Source)
	at 11.1.4-Fuente_General.run(11.1.4-Fuente_General:58)
	at com.kms.katalon.core.main.ScriptEngine.run(ScriptEngine.java:194)
	at com.kms.katalon.core.main.ScriptEngine.runScriptAsRawText(ScriptEngine.java:119)
	at com.kms.katalon.core.main.TestCaseExecutor.runScript(TestCaseExecutor.java:445)
	at com.kms.katalon.core.main.TestCaseExecutor.doExecute(TestCaseExecutor.java:436)
	at com.kms.katalon.core.main.TestCaseExecutor.processExecutionPhase(TestCaseExecutor.java:415)
	at com.kms.katalon.core.main.TestCaseExecutor.accessMainPhase(TestCaseExecutor.java:407)
	at com.kms.katalon.core.main.TestCaseExecutor.execute(TestCaseExecutor.java:284)
	at com.kms.katalon.core.common.CommonExecutor.accessTestCaseMainPhase(CommonExecutor.java:65)
	at com.kms.katalon.core.main.TestSuiteExecutor.accessTestSuiteMainPhase(TestSuiteExecutor.java:144)
	at com.kms.katalon.core.main.TestSuiteExecutor.execute(TestSuiteExecutor.java:106)
	at com.kms.katalon.core.main.TestCaseMain.startTestSuite(TestCaseMain.java:185)
	at com.kms.katalon.core.main.TestCaseMain$startTestSuite$0.call(Unknown Source)
	at TempTestSuite1651612210355.run(TempTestSuite1651612210355.groovy:36)
Caused by: com.kms.katalon.core.exception.StepFailedException: No alert found
	at com.kms.katalon.core.webui.keyword.internal.WebUIKeywordMain.stepFailed(WebUIKeywordMain.groovy:64)
	at com.kms.katalon.core.webui.keyword.builtin.AcceptAlertKeyword$_acceptAlert_closure1.doCall(AcceptAlertKeyword.groovy:78)
	at com.kms.katalon.core.webui.keyword.builtin.AcceptAlertKeyword$_acceptAlert_closure1.call(AcceptAlertKeyword.groovy)
	at com.kms.katalon.core.webui.keyword.internal.WebUIKeywordMain.runKeyword(WebUIKeywordMain.groovy:20)
	... 19 more]]></system-err>
      </testcase>
      <testcase name="Test Cases/1.2-Tareas_Secundarias/A.1-Pruebas_compensaciones/11.1.5-Listado_Empleados" time="66.493" classname="Test Cases/1.2-Tareas_Secundarias/A.1-Pruebas_compensaciones/11.1.5-Listado_Empleados" status="FAILED">
         <failure type="FAILED" message="Test Cases/1.2-Tareas_Secundarias/A.1-Pruebas_compensaciones/11.1.5-Listado_Empleados FAILED.
Reason:
com.kms.katalon.core.exception.StepFailedException: Unable to get text of object 'Object Repository/3-OBJECTS UTILIDADES/Alerta/Alerta'
	at com.kms.katalon.core.webui.keyword.internal.WebUIKeywordMain.stepFailed(WebUIKeywordMain.groovy:64)
	at com.kms.katalon.core.webui.keyword.internal.WebUIKeywordMain.runKeyword(WebUIKeywordMain.groovy:26)
	at com.kms.katalon.core.webui.keyword.builtin.GetTextKeyword.getText(GetTextKeyword.groovy:88)
	at com.kms.katalon.core.webui.keyword.builtin.GetTextKeyword.execute(GetTextKeyword.groovy:67)
	at com.kms.katalon.core.keyword.internal.KeywordExecutor.executeKeywordForPlatform(KeywordExecutor.groovy:74)
	at com.kms.katalon.core.webui.keyword.WebUiBuiltInKeywords.getText(WebUiBuiltInKeywords.groovy:918)
	at com.kms.katalon.core.webui.keyword.WebUiBuiltInKeywords$getText$9.call(Unknown Source)
	at 11.1.5-Listado_Empleados.run(11.1.5-Listado_Empleados:52)
	at com.kms.katalon.core.main.ScriptEngine.run(ScriptEngine.java:194)
	at com.kms.katalon.core.main.ScriptEngine.runScriptAsRawText(ScriptEngine.java:119)
	at com.kms.katalon.core.main.TestCaseExecutor.runScript(TestCaseExecutor.java:445)
	at com.kms.katalon.core.main.TestCaseExecutor.doExecute(TestCaseExecutor.java:436)
	at com.kms.katalon.core.main.TestCaseExecutor.processExecutionPhase(TestCaseExecutor.java:415)
	at com.kms.katalon.core.main.TestCaseExecutor.accessMainPhase(TestCaseExecutor.java:407)
	at com.kms.katalon.core.main.TestCaseExecutor.execute(TestCaseExecutor.java:284)
	at com.kms.katalon.core.common.CommonExecutor.accessTestCaseMainPhase(CommonExecutor.java:65)
	at com.kms.katalon.core.main.TestSuiteExecutor.accessTestSuiteMainPhase(TestSuiteExecutor.java:144)
	at com.kms.katalon.core.main.TestSuiteExecutor.execute(TestSuiteExecutor.java:106)
	at com.kms.katalon.core.main.TestCaseMain.startTestSuite(TestCaseMain.java:185)
	at com.kms.katalon.core.main.TestCaseMain$startTestSuite$0.call(Unknown Source)
	at TempTestSuite1651612210355.run(TempTestSuite1651612210355.groovy:36)
Caused by: com.kms.katalon.core.webui.exception.WebElementNotFoundException: Web element with id: 'Object Repository/3-OBJECTS UTILIDADES/Alerta/Alerta' located by '//div[@id='growl_container']/div/div/div[2]/p' not found
	at com.kms.katalon.core.webui.common.WebUiCommonHelper.findWebElement(WebUiCommonHelper.java:1370)
	at com.kms.katalon.core.webui.keyword.internal.WebUIAbstractKeyword.findWebElement(WebUIAbstractKeyword.groovy:27)
	at com.kms.katalon.core.webui.keyword.internal.WebUIAbstractKeyword.findWebElement(WebUIAbstractKeyword.groovy:26)
	at com.kms.katalon.core.webui.keyword.builtin.GetTextKeyword$_getText_closure1.doCall(GetTextKeyword.groovy:78)
	at com.kms.katalon.core.webui.keyword.builtin.GetTextKeyword$_getText_closure1.call(GetTextKeyword.groovy)
	at com.kms.katalon.core.webui.keyword.internal.WebUIKeywordMain.runKeyword(WebUIKeywordMain.groovy:20)
	... 19 more
"/>
         <system-out><![CDATA[2022-05-03 16:13:08 - [TEST_CASE][FAILED] - Test Cases/1.2-Tareas_Secundarias/A.1-Pruebas_compensaciones/11.1.5-Listado_Empleados: Test Cases/1.2-Tareas_Secundarias/A.1-Pruebas_compensaciones/11.1.5-Listado_Empleados FAILED.
Reason:
com.kms.katalon.core.exception.StepFailedException: Unable to get text of object 'Object Repository/3-OBJECTS UTILIDADES/Alerta/Alerta'
	at com.kms.katalon.core.webui.keyword.internal.WebUIKeywordMain.stepFailed(WebUIKeywordMain.groovy:64)
	at com.kms.katalon.core.webui.keyword.internal.WebUIKeywordMain.runKeyword(WebUIKeywordMain.groovy:26)
	at com.kms.katalon.core.webui.keyword.builtin.GetTextKeyword.getText(GetTextKeyword.groovy:88)
	at com.kms.katalon.core.webui.keyword.builtin.GetTextKeyword.execute(GetTextKeyword.groovy:67)
	at com.kms.katalon.core.keyword.internal.KeywordExecutor.executeKeywordForPlatform(KeywordExecutor.groovy:74)
	at com.kms.katalon.core.webui.keyword.WebUiBuiltInKeywords.getText(WebUiBuiltInKeywords.groovy:918)
	at com.kms.katalon.core.webui.keyword.WebUiBuiltInKeywords$getText$9.call(Unknown Source)
	at 11.1.5-Listado_Empleados.run(11.1.5-Listado_Empleados:52)
	at com.kms.katalon.core.main.ScriptEngine.run(ScriptEngine.java:194)
	at com.kms.katalon.core.main.ScriptEngine.runScriptAsRawText(ScriptEngine.java:119)
	at com.kms.katalon.core.main.TestCaseExecutor.runScript(TestCaseExecutor.java:445)
	at com.kms.katalon.core.main.TestCaseExecutor.doExecute(TestCaseExecutor.java:436)
	at com.kms.katalon.core.main.TestCaseExecutor.processExecutionPhase(TestCaseExecutor.java:415)
	at com.kms.katalon.core.main.TestCaseExecutor.accessMainPhase(TestCaseExecutor.java:407)
	at com.kms.katalon.core.main.TestCaseExecutor.execute(TestCaseExecutor.java:284)
	at com.kms.katalon.core.common.CommonExecutor.accessTestCaseMainPhase(CommonExecutor.java:65)
	at com.kms.katalon.core.main.TestSuiteExecutor.accessTestSuiteMainPhase(TestSuiteExecutor.java:144)
	at com.kms.katalon.core.main.TestSuiteExecutor.execute(TestSuiteExecutor.java:106)
	at com.kms.katalon.core.main.TestCaseMain.startTestSuite(TestCaseMain.java:185)
	at com.kms.katalon.core.main.TestCaseMain$startTestSuite$0.call(Unknown Source)
	at TempTestSuite1651612210355.run(TempTestSuite1651612210355.groovy:36)
Caused by: com.kms.katalon.core.webui.exception.WebElementNotFoundException: Web element with id: 'Object Repository/3-OBJECTS UTILIDADES/Alerta/Alerta' located by '//div[@id='growl_container']/div/div/div[2]/p' not found
	at com.kms.katalon.core.webui.common.WebUiCommonHelper.findWebElement(WebUiCommonHelper.java:1370)
	at com.kms.katalon.core.webui.keyword.internal.WebUIAbstractKeyword.findWebElement(WebUIAbstractKeyword.groovy:27)
	at com.kms.katalon.core.webui.keyword.internal.WebUIAbstractKeyword.findWebElement(WebUIAbstractKeyword.groovy:26)
	at com.kms.katalon.core.webui.keyword.builtin.GetTextKeyword$_getText_closure1.doCall(GetTextKeyword.groovy:78)
	at com.kms.katalon.core.webui.keyword.builtin.GetTextKeyword$_getText_closure1.call(GetTextKeyword.groovy)
	at com.kms.katalon.core.webui.keyword.internal.WebUIKeywordMain.runKeyword(WebUIKeywordMain.groovy:20)
	... 19 more


2022-05-03 16:13:09 - [TEST_STEP][PASSED] - callTestCase(findTestCase("0.1-Login"), [:], STOP_ON_FAILURE): Call Test Case 'Test Cases/0.1-Login' successfully

2022-05-03 16:13:09 - [TEST_CASE][PASSED] - Test Cases/0.1-Login: Test Cases/0.1-Login

2022-05-03 16:13:09 - [TEST_STEP][PASSED] - openBrowser(""): Browser is opened with url: ''

2022-05-03 16:13:09 - [MESSAGE][WARNING] - A browser is already opened. Closing browser and opening a new one

2022-05-03 16:13:09 - [MESSAGE][INFO] - Starting 'Chrome' driver

2022-05-03 16:13:09 - [MESSAGE][INFO] - Action delay is set to 0 milliseconds

2022-05-03 16:13:11 - [MESSAGE][PASSED] - Browser is opened with url: ''

2022-05-03 16:13:11 - [TEST_STEP][PASSED] - maximizeWindow(): Current window maximized

2022-05-03 16:13:11 - [MESSAGE][PASSED] - Current window maximized

2022-05-03 16:13:11 - [TEST_STEP][PASSED] - i = G_Login: null

2022-05-03 16:13:11 - [TEST_STEP][PASSED] - url = new java.net.URL(i): null

2022-05-03 16:13:11 - [TEST_STEP][PASSED] - println("URL: " + url.toString()): null

2022-05-03 16:13:11 - [TEST_STEP][PASSED] - connection = url.openConnection(): null

2022-05-03 16:13:11 - [TEST_STEP][PASSED] - connection.setRequestMethod("GET"): null

2022-05-03 16:13:11 - [TEST_STEP][PASSED] - connection.setReadTimeout(2 * 1000): null

2022-05-03 16:13:11 - [TEST_STEP][PASSED] - try: null

2022-05-03 16:13:11 - [TEST_STEP][PASSED] - connection.connect(): null

2022-05-03 16:13:11 - [TEST_STEP][PASSED] - flag = connected: null

2022-05-03 16:13:11 - [TEST_STEP][PASSED] - println("Valor_ori: " + flag): null

2022-05-03 16:13:11 - [TEST_STEP][PASSED] - if (flag): null

2022-05-03 16:13:11 - [TEST_STEP][PASSED] - navigateToUrl(i): Navigate to 'http://192.168.2.19:8380/saraweb' successfully

2022-05-03 16:13:11 - [MESSAGE][PASSED] - Navigate to 'http://192.168.2.19:8380/saraweb' successfully

2022-05-03 16:13:11 - [TEST_STEP][PASSED] - a(): null

2022-05-03 16:13:11 - [TEST_STEP][PASSED] - setText(findTestObject("3-OBJECTS UTILIDADES/Login/input_USUARIO_loginusuario"), G_Usuario): Text 'saraadmin' is set on object 'Object Repository/3-OBJECTS UTILIDADES/Login/input_USUARIO_loginusuario'

2022-05-03 16:13:12 - [MESSAGE][PASSED] - Text 'saraadmin' is set on object 'Object Repository/3-OBJECTS UTILIDADES/Login/input_USUARIO_loginusuario'

2022-05-03 16:13:12 - [TEST_STEP][PASSED] - setEncryptedText(findTestObject("3-OBJECTS UTILIDADES/Login/input_CLAVE_loginpassword"), "MkG4/TYiCFC3cb2driP7+Q=="): Text ****** has been set on object 'Object Repository/3-OBJECTS UTILIDADES/Login/input_CLAVE_loginpassword'

2022-05-03 16:13:13 - [MESSAGE][PASSED] - Text ****** has been set on object 'Object Repository/3-OBJECTS UTILIDADES/Login/input_CLAVE_loginpassword'

2022-05-03 16:13:13 - [TEST_STEP][PASSED] - waitForElementClickable(findTestObject("3-OBJECTS UTILIDADES/Login/a_Ingresar"), G_TimeOut): Object 'Object Repository/3-OBJECTS UTILIDADES/Login/a_Ingresar' is clickable

2022-05-03 16:13:13 - [MESSAGE][PASSED] - Object 'Object Repository/3-OBJECTS UTILIDADES/Login/a_Ingresar' is clickable

2022-05-03 16:13:13 - [TEST_STEP][PASSED] - click(findTestObject("3-OBJECTS UTILIDADES/Login/a_Ingresar")): Object: 'Object Repository/3-OBJECTS UTILIDADES/Login/a_Ingresar' is clicked on

2022-05-03 16:13:14 - [MESSAGE][PASSED] - Object: 'Object Repository/3-OBJECTS UTILIDADES/Login/a_Ingresar' is clicked on

2022-05-03 16:13:14 - [TEST_STEP][PASSED] - element = findWebElement(findTestObject("3-OBJECTS UTILIDADES/Login/a_Ir"), 30): null

2022-05-03 16:13:14 - [TEST_STEP][PASSED] - executeJavaScript("arguments[0].click()", Arrays.asList(element)): Execute JavaScript 'arguments[0].click()' successfully

2022-05-03 16:13:14 - [MESSAGE][PASSED] - Execute JavaScript 'arguments[0].click()' successfully

2022-05-03 16:13:14 - [MESSAGE][PASSED] - Call Test Case 'Test Cases/0.1-Login' successfully

2022-05-03 16:13:14 - [TEST_STEP][PASSED] - setText(findTestObject("2-OBJECTS TAREAS SECUNDARIAS/Pruebas Compensación/Listado_Empleados/input_Empresa 1_form_templatej_idt24_input"), "Listado de empleados"): Text 'Listado de empleados' is set on object 'Object Repository/2-OBJECTS TAREAS SECUNDARIAS/Pruebas Compensación/Listado_Empleados/input_Empresa 1_form_templatej_idt24_input'

2022-05-03 16:13:16 - [MESSAGE][PASSED] - Text 'Listado de empleados' is set on object 'Object Repository/2-OBJECTS TAREAS SECUNDARIAS/Pruebas Compensación/Listado_Empleados/input_Empresa 1_form_templatej_idt24_input'

2022-05-03 16:13:16 - [TEST_STEP][PASSED] - click(findTestObject("2-OBJECTS TAREAS SECUNDARIAS/Pruebas Compensación/Listado_Empleados/li_Listado de Empleados (com)")): Object: 'Object Repository/2-OBJECTS TAREAS SECUNDARIAS/Pruebas Compensación/Listado_Empleados/li_Listado de Empleados (com)' is clicked on

2022-05-03 16:13:17 - [MESSAGE][PASSED] - Object: 'Object Repository/2-OBJECTS TAREAS SECUNDARIAS/Pruebas Compensación/Listado_Empleados/li_Listado de Empleados (com)' is clicked on

2022-05-03 16:13:17 - [TEST_STEP][PASSED] - setText(findTestObject("2-OBJECTS TAREAS SECUNDARIAS/Pruebas Compensación/Listado_Empleados/input_Nombre Funcionario_listadoEmpleadoj_idt64"), "Aya Silva Cindy Ximena"): Text 'Aya Silva Cindy Ximena' is set on object 'Object Repository/2-OBJECTS TAREAS SECUNDARIAS/Pruebas Compensación/Listado_Empleados/input_Nombre Funcionario_listadoEmpleadoj_idt64'

2022-05-03 16:13:19 - [MESSAGE][PASSED] - Text 'Aya Silva Cindy Ximena' is set on object 'Object Repository/2-OBJECTS TAREAS SECUNDARIAS/Pruebas Compensación/Listado_Empleados/input_Nombre Funcionario_listadoEmpleadoj_idt64'

2022-05-03 16:13:19 - [TEST_STEP][PASSED] - sendKeys(findTestObject("2-OBJECTS TAREAS SECUNDARIAS/Pruebas Compensación/Listado_Empleados/input_Nombre Funcionario_listadoEmpleadoj_idt64"), Keys.chord(ENTER)): Keys 'ENTER + ' sent to object: 'Object Repository/2-OBJECTS TAREAS SECUNDARIAS/Pruebas Compensación/Listado_Empleados/input_Nombre Funcionario_listadoEmpleadoj_idt64'

2022-05-03 16:13:19 - [MESSAGE][PASSED] - Keys 'ENTER + ' sent to object: 'Object Repository/2-OBJECTS TAREAS SECUNDARIAS/Pruebas Compensación/Listado_Empleados/input_Nombre Funcionario_listadoEmpleadoj_idt64'

2022-05-03 16:13:19 - [TEST_STEP][PASSED] - click(findTestObject("2-OBJECTS TAREAS SECUNDARIAS/Pruebas Compensación/Listado_Empleados/span_Constantino Jhon")): Object: 'Object Repository/2-OBJECTS TAREAS SECUNDARIAS/Pruebas Compensación/Listado_Empleados/span_Constantino Jhon' is clicked on

2022-05-03 16:13:20 - [MESSAGE][PASSED] - Object: 'Object Repository/2-OBJECTS TAREAS SECUNDARIAS/Pruebas Compensación/Listado_Empleados/span_Constantino Jhon' is clicked on

2022-05-03 16:13:20 - [TEST_STEP][PASSED] - click(findTestObject("2-OBJECTS TAREAS SECUNDARIAS/Pruebas Compensación/Listado_Empleados/a_Liquidacin Periodica")): Object: 'Object Repository/2-OBJECTS TAREAS SECUNDARIAS/Pruebas Compensación/Listado_Empleados/a_Liquidacin Periodica' is clicked on

2022-05-03 16:13:21 - [MESSAGE][PASSED] - Object: 'Object Repository/2-OBJECTS TAREAS SECUNDARIAS/Pruebas Compensación/Listado_Empleados/a_Liquidacin Periodica' is clicked on

2022-05-03 16:13:21 - [TEST_STEP][PASSED] - selectOptionByIndex(findTestObject("2-OBJECTS TAREAS SECUNDARIAS/Pruebas Compensación/Listado_Empleados/select_-- seleccione --BC - PRESTAMO BANCOLOMBIAPC - PRESTAMO COMPAA"), 2): All options with index in [2] are selected on object 'Object Repository/2-OBJECTS TAREAS SECUNDARIAS/Pruebas Compensación/Listado_Empleados/select_-- seleccione --BC - PRESTAMO BANCOLOMBIAPC - PRESTAMO COMPAA'

2022-05-03 16:13:22 - [MESSAGE][PASSED] - All options with index in [2] are selected on object 'Object Repository/2-OBJECTS TAREAS SECUNDARIAS/Pruebas Compensación/Listado_Empleados/select_-- seleccione --BC - PRESTAMO BANCOLOMBIAPC - PRESTAMO COMPAA'

2022-05-03 16:13:22 - [TEST_STEP][PASSED] - if (waitForElementVisible(findTestObject("2-OBJECTS TAREAS SECUNDARIAS/Pruebas Compensación/Listado_Empleados/span_281"), 1)): null

2022-05-03 16:13:23 - [MESSAGE][PASSED] - Object 'Object Repository/2-OBJECTS TAREAS SECUNDARIAS/Pruebas Compensación/Listado_Empleados/span_281' is visible

2022-05-03 16:13:23 - [TEST_STEP][PASSED] - click(findTestObject("2-OBJECTS TAREAS SECUNDARIAS/Pruebas Compensación/Listado_Empleados/span_281")): Object: 'Object Repository/2-OBJECTS TAREAS SECUNDARIAS/Pruebas Compensación/Listado_Empleados/span_281' is clicked on

2022-05-03 16:13:23 - [MESSAGE][PASSED] - Object: 'Object Repository/2-OBJECTS TAREAS SECUNDARIAS/Pruebas Compensación/Listado_Empleados/span_281' is clicked on

2022-05-03 16:13:23 - [TEST_STEP][PASSED] - click(findTestObject("2-OBJECTS TAREAS SECUNDARIAS/Pruebas Compensación/Listado_Empleados/a_ReversarEliminar")): Object: 'Object Repository/2-OBJECTS TAREAS SECUNDARIAS/Pruebas Compensación/Listado_Empleados/a_ReversarEliminar' is clicked on

2022-05-03 16:13:24 - [MESSAGE][PASSED] - Object: 'Object Repository/2-OBJECTS TAREAS SECUNDARIAS/Pruebas Compensación/Listado_Empleados/a_ReversarEliminar' is clicked on

2022-05-03 16:13:24 - [TEST_STEP][PASSED] - click(findTestObject("2-OBJECTS TAREAS SECUNDARIAS/Pruebas Compensación/Listado_Empleados/a_Aceptar")): Object: 'Object Repository/2-OBJECTS TAREAS SECUNDARIAS/Pruebas Compensación/Listado_Empleados/a_Aceptar' is clicked on

2022-05-03 16:13:25 - [MESSAGE][PASSED] - Object: 'Object Repository/2-OBJECTS TAREAS SECUNDARIAS/Pruebas Compensación/Listado_Empleados/a_Aceptar' is clicked on

2022-05-03 16:13:25 - [TEST_STEP][PASSED] - if (waitForElementNotVisible(findTestObject("3-OBJECTS UTILIDADES/Alerta/Alerta"), 2)): Web element with id: 'Object Repository/3-OBJECTS UTILIDADES/Alerta/Alerta' located by '//div[@id='growl_container']/div/div/div[2]/p' not found

2022-05-03 16:13:28 - [MESSAGE][INFO] - Unable to find the element located by 'By.xpath: //div[@id='growl_container']/div/div/div[2]/p'. Please recheck the objects properties to make sure the desired element is located. 

2022-05-03 16:13:28 - [MESSAGE][WARNING] - Web element with id: 'Object Repository/3-OBJECTS UTILIDADES/Alerta/Alerta' located by '//div[@id='growl_container']/div/div/div[2]/p' not found

2022-05-03 16:13:28 - [TEST_STEP][FAILED] - Result = getText(findTestObject("3-OBJECTS UTILIDADES/Alerta/Alerta")): Unable to get text of object 'Object Repository/3-OBJECTS UTILIDADES/Alerta/Alerta' (Root cause: com.kms.katalon.core.exception.StepFailedException: Unable to get text of object 'Object Repository/3-OBJECTS UTILIDADES/Alerta/Alerta'
	at com.kms.katalon.core.webui.keyword.internal.WebUIKeywordMain.stepFailed(WebUIKeywordMain.groovy:64)
	at com.kms.katalon.core.webui.keyword.internal.WebUIKeywordMain.runKeyword(WebUIKeywordMain.groovy:26)
	at com.kms.katalon.core.webui.keyword.builtin.GetTextKeyword.getText(GetTextKeyword.groovy:88)
	at com.kms.katalon.core.webui.keyword.builtin.GetTextKeyword.execute(GetTextKeyword.groovy:67)
	at com.kms.katalon.core.keyword.internal.KeywordExecutor.executeKeywordForPlatform(KeywordExecutor.groovy:74)
	at com.kms.katalon.core.webui.keyword.WebUiBuiltInKeywords.getText(WebUiBuiltInKeywords.groovy:918)
	at com.kms.katalon.core.webui.keyword.WebUiBuiltInKeywords$getText$9.call(Unknown Source)
	at 11.1.5-Listado_Empleados.run(11.1.5-Listado_Empleados:52)
	at com.kms.katalon.core.main.ScriptEngine.run(ScriptEngine.java:194)
	at com.kms.katalon.core.main.ScriptEngine.runScriptAsRawText(ScriptEngine.java:119)
	at com.kms.katalon.core.main.TestCaseExecutor.runScript(TestCaseExecutor.java:445)
	at com.kms.katalon.core.main.TestCaseExecutor.doExecute(TestCaseExecutor.java:436)
	at com.kms.katalon.core.main.TestCaseExecutor.processExecutionPhase(TestCaseExecutor.java:415)
	at com.kms.katalon.core.main.TestCaseExecutor.accessMainPhase(TestCaseExecutor.java:407)
	at com.kms.katalon.core.main.TestCaseExecutor.execute(TestCaseExecutor.java:284)
	at com.kms.katalon.core.common.CommonExecutor.accessTestCaseMainPhase(CommonExecutor.java:65)
	at com.kms.katalon.core.main.TestSuiteExecutor.accessTestSuiteMainPhase(TestSuiteExecutor.java:144)
	at com.kms.katalon.core.main.TestSuiteExecutor.execute(TestSuiteExecutor.java:106)
	at com.kms.katalon.core.main.TestCaseMain.startTestSuite(TestCaseMain.java:185)
	at com.kms.katalon.core.main.TestCaseMain$startTestSuite$0.call(Unknown Source)
	at TempTestSuite1651612210355.run(TempTestSuite1651612210355.groovy:36)
Caused by: com.kms.katalon.core.webui.exception.WebElementNotFoundException: Web element with id: 'Object Repository/3-OBJECTS UTILIDADES/Alerta/Alerta' located by '//div[@id='growl_container']/div/div/div[2]/p' not found
	at com.kms.katalon.core.webui.common.WebUiCommonHelper.findWebElement(WebUiCommonHelper.java:1370)
	at com.kms.katalon.core.webui.keyword.internal.WebUIAbstractKeyword.findWebElement(WebUIAbstractKeyword.groovy:27)
	at com.kms.katalon.core.webui.keyword.internal.WebUIAbstractKeyword.findWebElement(WebUIAbstractKeyword.groovy:26)
	at com.kms.katalon.core.webui.keyword.builtin.GetTextKeyword$_getText_closure1.doCall(GetTextKeyword.groovy:78)
	at com.kms.katalon.core.webui.keyword.builtin.GetTextKeyword$_getText_closure1.call(GetTextKeyword.groovy)
	at com.kms.katalon.core.webui.keyword.internal.WebUIKeywordMain.runKeyword(WebUIKeywordMain.groovy:20)
	at com.kms.katalon.core.webui.keyword.builtin.GetTextKeyword.getText(GetTextKeyword.groovy:88)
	at com.kms.katalon.core.webui.keyword.builtin.GetTextKeyword.execute(GetTextKeyword.groovy:67)
	at com.kms.katalon.core.keyword.internal.KeywordExecutor.executeKeywordForPlatform(KeywordExecutor.groovy:74)
	at com.kms.katalon.core.webui.keyword.WebUiBuiltInKeywords.getText(WebUiBuiltInKeywords.groovy:918)
	at com.kms.katalon.core.webui.keyword.WebUiBuiltInKeywords$getText$9.call(Unknown Source)
	at Script1648473989083.run(Script1648473989083.groovy:52)
	... 13 more
)

2022-05-03 16:14:15 - [MESSAGE][INFO] - Unable to find the element located by 'By.xpath: //div[@id='growl_container']/div/div/div[2]/p'. Please recheck the objects properties to make sure the desired element is located. 

2022-05-03 16:14:15 - [MESSAGE][FAILED] - Unable to get text of object 'Object Repository/3-OBJECTS UTILIDADES/Alerta/Alerta' (Root cause: com.kms.katalon.core.exception.StepFailedException: Unable to get text of object 'Object Repository/3-OBJECTS UTILIDADES/Alerta/Alerta'
	at com.kms.katalon.core.webui.keyword.internal.WebUIKeywordMain.stepFailed(WebUIKeywordMain.groovy:64)
	at com.kms.katalon.core.webui.keyword.internal.WebUIKeywordMain.runKeyword(WebUIKeywordMain.groovy:26)
	at com.kms.katalon.core.webui.keyword.builtin.GetTextKeyword.getText(GetTextKeyword.groovy:88)
	at com.kms.katalon.core.webui.keyword.builtin.GetTextKeyword.execute(GetTextKeyword.groovy:67)
	at com.kms.katalon.core.keyword.internal.KeywordExecutor.executeKeywordForPlatform(KeywordExecutor.groovy:74)
	at com.kms.katalon.core.webui.keyword.WebUiBuiltInKeywords.getText(WebUiBuiltInKeywords.groovy:918)
	at com.kms.katalon.core.webui.keyword.WebUiBuiltInKeywords$getText$9.call(Unknown Source)
	at 11.1.5-Listado_Empleados.run(11.1.5-Listado_Empleados:52)
	at com.kms.katalon.core.main.ScriptEngine.run(ScriptEngine.java:194)
	at com.kms.katalon.core.main.ScriptEngine.runScriptAsRawText(ScriptEngine.java:119)
	at com.kms.katalon.core.main.TestCaseExecutor.runScript(TestCaseExecutor.java:445)
	at com.kms.katalon.core.main.TestCaseExecutor.doExecute(TestCaseExecutor.java:436)
	at com.kms.katalon.core.main.TestCaseExecutor.processExecutionPhase(TestCaseExecutor.java:415)
	at com.kms.katalon.core.main.TestCaseExecutor.accessMainPhase(TestCaseExecutor.java:407)
	at com.kms.katalon.core.main.TestCaseExecutor.execute(TestCaseExecutor.java:284)
	at com.kms.katalon.core.common.CommonExecutor.accessTestCaseMainPhase(CommonExecutor.java:65)
	at com.kms.katalon.core.main.TestSuiteExecutor.accessTestSuiteMainPhase(TestSuiteExecutor.java:144)
	at com.kms.katalon.core.main.TestSuiteExecutor.execute(TestSuiteExecutor.java:106)
	at com.kms.katalon.core.main.TestCaseMain.startTestSuite(TestCaseMain.java:185)
	at com.kms.katalon.core.main.TestCaseMain$startTestSuite$0.call(Unknown Source)
	at TempTestSuite1651612210355.run(TempTestSuite1651612210355.groovy:36)
Caused by: com.kms.katalon.core.webui.exception.WebElementNotFoundException: Web element with id: 'Object Repository/3-OBJECTS UTILIDADES/Alerta/Alerta' located by '//div[@id='growl_container']/div/div/div[2]/p' not found
	at com.kms.katalon.core.webui.common.WebUiCommonHelper.findWebElement(WebUiCommonHelper.java:1370)
	at com.kms.katalon.core.webui.keyword.internal.WebUIAbstractKeyword.findWebElement(WebUIAbstractKeyword.groovy:27)
	at com.kms.katalon.core.webui.keyword.internal.WebUIAbstractKeyword.findWebElement(WebUIAbstractKeyword.groovy:26)
	at com.kms.katalon.core.webui.keyword.builtin.GetTextKeyword$_getText_closure1.doCall(GetTextKeyword.groovy:78)
	at com.kms.katalon.core.webui.keyword.builtin.GetTextKeyword$_getText_closure1.call(GetTextKeyword.groovy)
	at com.kms.katalon.core.webui.keyword.internal.WebUIKeywordMain.runKeyword(WebUIKeywordMain.groovy:20)
	at com.kms.katalon.core.webui.keyword.builtin.GetTextKeyword.getText(GetTextKeyword.groovy:88)
	at com.kms.katalon.core.webui.keyword.builtin.GetTextKeyword.execute(GetTextKeyword.groovy:67)
	at com.kms.katalon.core.keyword.internal.KeywordExecutor.executeKeywordForPlatform(KeywordExecutor.groovy:74)
	at com.kms.katalon.core.webui.keyword.WebUiBuiltInKeywords.getText(WebUiBuiltInKeywords.groovy:918)
	at com.kms.katalon.core.webui.keyword.WebUiBuiltInKeywords$getText$9.call(Unknown Source)
	at Script1648473989083.run(Script1648473989083.groovy:52)
	... 13 more
)
[[ATTACHMENT|C:\\Users\\diego.rojas\\git\\Pruebas-Minimas\\Reports\\20220503_161010\\Test_Suite_Secundaria\\A1-Pruebas_Compensaciones\\20220503_161010\\1651612455030.png]]]]></system-out>
         <system-err><![CDATA[2022-05-03 16:13:08 - [TEST_CASE][FAILED] - Test Cases/1.2-Tareas_Secundarias/A.1-Pruebas_compensaciones/11.1.5-Listado_Empleados: Test Cases/1.2-Tareas_Secundarias/A.1-Pruebas_compensaciones/11.1.5-Listado_Empleados FAILED.
Reason:
com.kms.katalon.core.exception.StepFailedException: Unable to get text of object 'Object Repository/3-OBJECTS UTILIDADES/Alerta/Alerta'
	at com.kms.katalon.core.webui.keyword.internal.WebUIKeywordMain.stepFailed(WebUIKeywordMain.groovy:64)
	at com.kms.katalon.core.webui.keyword.internal.WebUIKeywordMain.runKeyword(WebUIKeywordMain.groovy:26)
	at com.kms.katalon.core.webui.keyword.builtin.GetTextKeyword.getText(GetTextKeyword.groovy:88)
	at com.kms.katalon.core.webui.keyword.builtin.GetTextKeyword.execute(GetTextKeyword.groovy:67)
	at com.kms.katalon.core.keyword.internal.KeywordExecutor.executeKeywordForPlatform(KeywordExecutor.groovy:74)
	at com.kms.katalon.core.webui.keyword.WebUiBuiltInKeywords.getText(WebUiBuiltInKeywords.groovy:918)
	at com.kms.katalon.core.webui.keyword.WebUiBuiltInKeywords$getText$9.call(Unknown Source)
	at 11.1.5-Listado_Empleados.run(11.1.5-Listado_Empleados:52)
	at com.kms.katalon.core.main.ScriptEngine.run(ScriptEngine.java:194)
	at com.kms.katalon.core.main.ScriptEngine.runScriptAsRawText(ScriptEngine.java:119)
	at com.kms.katalon.core.main.TestCaseExecutor.runScript(TestCaseExecutor.java:445)
	at com.kms.katalon.core.main.TestCaseExecutor.doExecute(TestCaseExecutor.java:436)
	at com.kms.katalon.core.main.TestCaseExecutor.processExecutionPhase(TestCaseExecutor.java:415)
	at com.kms.katalon.core.main.TestCaseExecutor.accessMainPhase(TestCaseExecutor.java:407)
	at com.kms.katalon.core.main.TestCaseExecutor.execute(TestCaseExecutor.java:284)
	at com.kms.katalon.core.common.CommonExecutor.accessTestCaseMainPhase(CommonExecutor.java:65)
	at com.kms.katalon.core.main.TestSuiteExecutor.accessTestSuiteMainPhase(TestSuiteExecutor.java:144)
	at com.kms.katalon.core.main.TestSuiteExecutor.execute(TestSuiteExecutor.java:106)
	at com.kms.katalon.core.main.TestCaseMain.startTestSuite(TestCaseMain.java:185)
	at com.kms.katalon.core.main.TestCaseMain$startTestSuite$0.call(Unknown Source)
	at TempTestSuite1651612210355.run(TempTestSuite1651612210355.groovy:36)
Caused by: com.kms.katalon.core.webui.exception.WebElementNotFoundException: Web element with id: 'Object Repository/3-OBJECTS UTILIDADES/Alerta/Alerta' located by '//div[@id='growl_container']/div/div/div[2]/p' not found
	at com.kms.katalon.core.webui.common.WebUiCommonHelper.findWebElement(WebUiCommonHelper.java:1370)
	at com.kms.katalon.core.webui.keyword.internal.WebUIAbstractKeyword.findWebElement(WebUIAbstractKeyword.groovy:27)
	at com.kms.katalon.core.webui.keyword.internal.WebUIAbstractKeyword.findWebElement(WebUIAbstractKeyword.groovy:26)
	at com.kms.katalon.core.webui.keyword.builtin.GetTextKeyword$_getText_closure1.doCall(GetTextKeyword.groovy:78)
	at com.kms.katalon.core.webui.keyword.builtin.GetTextKeyword$_getText_closure1.call(GetTextKeyword.groovy)
	at com.kms.katalon.core.webui.keyword.internal.WebUIKeywordMain.runKeyword(WebUIKeywordMain.groovy:20)
	... 19 more]]></system-err>
      </testcase>
      <testcase name="Test Cases/1.2-Tareas_Secundarias/A.1-Pruebas_compensaciones/11.1.6-Liquidación_Nomina" time="18.919" classname="Test Cases/1.2-Tareas_Secundarias/A.1-Pruebas_compensaciones/11.1.6-Liquidación_Nomina" status="PASSED">
         <system-out><![CDATA[2022-05-03 16:14:15 - [TEST_CASE][PASSED] - Test Cases/1.2-Tareas_Secundarias/A.1-Pruebas_compensaciones/11.1.6-Liquidación_Nomina: Test Cases/1.2-Tareas_Secundarias/A.1-Pruebas_compensaciones/11.1.6-Liquidación_Nomina

2022-05-03 16:14:15 - [TEST_STEP][PASSED] - callTestCase(findTestCase("0.1-Login"), [:], STOP_ON_FAILURE): Call Test Case 'Test Cases/0.1-Login' successfully

2022-05-03 16:14:15 - [TEST_CASE][PASSED] - Test Cases/0.1-Login: Test Cases/0.1-Login

2022-05-03 16:14:15 - [TEST_STEP][PASSED] - openBrowser(""): Browser is opened with url: ''

2022-05-03 16:14:15 - [MESSAGE][WARNING] - A browser is already opened. Closing browser and opening a new one

2022-05-03 16:14:16 - [MESSAGE][INFO] - Starting 'Chrome' driver

2022-05-03 16:14:16 - [MESSAGE][INFO] - Action delay is set to 0 milliseconds

2022-05-03 16:14:17 - [MESSAGE][PASSED] - Browser is opened with url: ''

2022-05-03 16:14:17 - [TEST_STEP][PASSED] - maximizeWindow(): Current window maximized

2022-05-03 16:14:17 - [MESSAGE][PASSED] - Current window maximized

2022-05-03 16:14:17 - [TEST_STEP][PASSED] - i = G_Login: null

2022-05-03 16:14:17 - [TEST_STEP][PASSED] - url = new java.net.URL(i): null

2022-05-03 16:14:17 - [TEST_STEP][PASSED] - println("URL: " + url.toString()): null

2022-05-03 16:14:17 - [TEST_STEP][PASSED] - connection = url.openConnection(): null

2022-05-03 16:14:17 - [TEST_STEP][PASSED] - connection.setRequestMethod("GET"): null

2022-05-03 16:14:17 - [TEST_STEP][PASSED] - connection.setReadTimeout(2 * 1000): null

2022-05-03 16:14:17 - [TEST_STEP][PASSED] - try: null

2022-05-03 16:14:17 - [TEST_STEP][PASSED] - connection.connect(): null

2022-05-03 16:14:17 - [TEST_STEP][PASSED] - flag = connected: null

2022-05-03 16:14:17 - [TEST_STEP][PASSED] - println("Valor_ori: " + flag): null

2022-05-03 16:14:17 - [TEST_STEP][PASSED] - if (flag): null

2022-05-03 16:14:17 - [TEST_STEP][PASSED] - navigateToUrl(i): Navigate to 'http://192.168.2.19:8380/saraweb' successfully

2022-05-03 16:14:18 - [MESSAGE][PASSED] - Navigate to 'http://192.168.2.19:8380/saraweb' successfully

2022-05-03 16:14:18 - [TEST_STEP][PASSED] - a(): null

2022-05-03 16:14:18 - [TEST_STEP][PASSED] - setText(findTestObject("3-OBJECTS UTILIDADES/Login/input_USUARIO_loginusuario"), G_Usuario): Text 'saraadmin' is set on object 'Object Repository/3-OBJECTS UTILIDADES/Login/input_USUARIO_loginusuario'

2022-05-03 16:14:19 - [MESSAGE][PASSED] - Text 'saraadmin' is set on object 'Object Repository/3-OBJECTS UTILIDADES/Login/input_USUARIO_loginusuario'

2022-05-03 16:14:19 - [TEST_STEP][PASSED] - setEncryptedText(findTestObject("3-OBJECTS UTILIDADES/Login/input_CLAVE_loginpassword"), "MkG4/TYiCFC3cb2driP7+Q=="): Text ****** has been set on object 'Object Repository/3-OBJECTS UTILIDADES/Login/input_CLAVE_loginpassword'

2022-05-03 16:14:19 - [MESSAGE][PASSED] - Text ****** has been set on object 'Object Repository/3-OBJECTS UTILIDADES/Login/input_CLAVE_loginpassword'

2022-05-03 16:14:19 - [TEST_STEP][PASSED] - waitForElementClickable(findTestObject("3-OBJECTS UTILIDADES/Login/a_Ingresar"), G_TimeOut): Object 'Object Repository/3-OBJECTS UTILIDADES/Login/a_Ingresar' is clickable

2022-05-03 16:14:20 - [MESSAGE][PASSED] - Object 'Object Repository/3-OBJECTS UTILIDADES/Login/a_Ingresar' is clickable

2022-05-03 16:14:20 - [TEST_STEP][PASSED] - click(findTestObject("3-OBJECTS UTILIDADES/Login/a_Ingresar")): Object: 'Object Repository/3-OBJECTS UTILIDADES/Login/a_Ingresar' is clicked on

2022-05-03 16:14:21 - [MESSAGE][PASSED] - Object: 'Object Repository/3-OBJECTS UTILIDADES/Login/a_Ingresar' is clicked on

2022-05-03 16:14:21 - [TEST_STEP][PASSED] - element = findWebElement(findTestObject("3-OBJECTS UTILIDADES/Login/a_Ir"), 30): null

2022-05-03 16:14:21 - [TEST_STEP][PASSED] - executeJavaScript("arguments[0].click()", Arrays.asList(element)): Execute JavaScript 'arguments[0].click()' successfully

2022-05-03 16:14:21 - [MESSAGE][PASSED] - Execute JavaScript 'arguments[0].click()' successfully

2022-05-03 16:14:21 - [MESSAGE][PASSED] - Call Test Case 'Test Cases/0.1-Login' successfully

2022-05-03 16:14:21 - [TEST_STEP][PASSED] - setText(findTestObject("2-OBJECTS TAREAS SECUNDARIAS/Pruebas Compensación/Liquidación_Nomina0/input_Empresa 1_form_templatej_idt24_input"), "liquidacion nomina"): Text 'liquidacion nomina' is set on object 'Object Repository/2-OBJECTS TAREAS SECUNDARIAS/Pruebas Compensación/Liquidación_Nomina0/input_Empresa 1_form_templatej_idt24_input'

2022-05-03 16:14:22 - [MESSAGE][PASSED] - Text 'liquidacion nomina' is set on object 'Object Repository/2-OBJECTS TAREAS SECUNDARIAS/Pruebas Compensación/Liquidación_Nomina0/input_Empresa 1_form_templatej_idt24_input'

2022-05-03 16:14:22 - [TEST_STEP][PASSED] - click(findTestObject("2-OBJECTS TAREAS SECUNDARIAS/Pruebas Compensación/Liquidación_Nomina0/li_Liquidacion Nomina (com)")): Object: 'Object Repository/2-OBJECTS TAREAS SECUNDARIAS/Pruebas Compensación/Liquidación_Nomina0/li_Liquidacion Nomina (com)' is clicked on

2022-05-03 16:14:24 - [MESSAGE][PASSED] - Object: 'Object Repository/2-OBJECTS TAREAS SECUNDARIAS/Pruebas Compensación/Liquidación_Nomina0/li_Liquidacion Nomina (com)' is clicked on

2022-05-03 16:14:24 - [TEST_STEP][PASSED] - click(findTestObject("2-OBJECTS TAREAS SECUNDARIAS/Pruebas Compensación/Liquidación_Nomina0/a_Periodo Nomina_LiquidacionNominaj_idt68")): Object: 'Object Repository/2-OBJECTS TAREAS SECUNDARIAS/Pruebas Compensación/Liquidación_Nomina0/a_Periodo Nomina_LiquidacionNominaj_idt68' is clicked on

2022-05-03 16:14:25 - [MESSAGE][PASSED] - Object: 'Object Repository/2-OBJECTS TAREAS SECUNDARIAS/Pruebas Compensación/Liquidación_Nomina0/a_Periodo Nomina_LiquidacionNominaj_idt68' is clicked on

2022-05-03 16:14:25 - [TEST_STEP][PASSED] - selectOptionByIndex(findTestObject("2-OBJECTS TAREAS SECUNDARIAS/Pruebas Compensación/Liquidación_Nomina0/select_--  Seleccione  --Periodo CerradoPeriodo en Proceso"), 2): All options with index in [2] are selected on object 'Object Repository/2-OBJECTS TAREAS SECUNDARIAS/Pruebas Compensación/Liquidación_Nomina0/select_--  Seleccione  --Periodo CerradoPeriodo en Proceso'

2022-05-03 16:14:27 - [MESSAGE][PASSED] - All options with index in [2] are selected on object 'Object Repository/2-OBJECTS TAREAS SECUNDARIAS/Pruebas Compensación/Liquidación_Nomina0/select_--  Seleccione  --Periodo CerradoPeriodo en Proceso'

2022-05-03 16:14:27 - [TEST_STEP][PASSED] - click(findTestObject("2-OBJECTS TAREAS SECUNDARIAS/Pruebas Compensación/Liquidación_Nomina0/span_P. MensualJulio2021")): Object: 'Object Repository/2-OBJECTS TAREAS SECUNDARIAS/Pruebas Compensación/Liquidación_Nomina0/span_P. MensualJulio2021' is clicked on

2022-05-03 16:14:27 - [MESSAGE][PASSED] - Object: 'Object Repository/2-OBJECTS TAREAS SECUNDARIAS/Pruebas Compensación/Liquidación_Nomina0/span_P. MensualJulio2021' is clicked on

2022-05-03 16:14:27 - [TEST_STEP][PASSED] - click(findTestObject("2-OBJECTS TAREAS SECUNDARIAS/Pruebas Compensación/Liquidación_Nomina0/a_Nombre Persona_LiquidacionNominaj_idt126")): Object: 'Object Repository/2-OBJECTS TAREAS SECUNDARIAS/Pruebas Compensación/Liquidación_Nomina0/a_Nombre Persona_LiquidacionNominaj_idt126' is clicked on

2022-05-03 16:14:28 - [MESSAGE][PASSED] - Object: 'Object Repository/2-OBJECTS TAREAS SECUNDARIAS/Pruebas Compensación/Liquidación_Nomina0/a_Nombre Persona_LiquidacionNominaj_idt126' is clicked on

2022-05-03 16:14:28 - [TEST_STEP][PASSED] - setText(findTestObject("2-OBJECTS TAREAS SECUNDARIAS/Pruebas Compensación/Liquidación_Nomina0/input_Filtro Empleado_form_popupEmpleadoj_idt2433"), "1026588953"): Text '1026588953' is set on object 'Object Repository/2-OBJECTS TAREAS SECUNDARIAS/Pruebas Compensación/Liquidación_Nomina0/input_Filtro Empleado_form_popupEmpleadoj_idt2433'

2022-05-03 16:14:30 - [MESSAGE][PASSED] - Text '1026588953' is set on object 'Object Repository/2-OBJECTS TAREAS SECUNDARIAS/Pruebas Compensación/Liquidación_Nomina0/input_Filtro Empleado_form_popupEmpleadoj_idt2433'

2022-05-03 16:14:30 - [TEST_STEP][PASSED] - sendKeys(findTestObject("2-OBJECTS TAREAS SECUNDARIAS/Pruebas Compensación/Liquidación_Nomina0/input_Filtro Empleado_form_popupEmpleadoj_idt2433"), Keys.chord(ENTER)): Keys 'ENTER + ' sent to object: 'Object Repository/2-OBJECTS TAREAS SECUNDARIAS/Pruebas Compensación/Liquidación_Nomina0/input_Filtro Empleado_form_popupEmpleadoj_idt2433'

2022-05-03 16:14:30 - [MESSAGE][PASSED] - Keys 'ENTER + ' sent to object: 'Object Repository/2-OBJECTS TAREAS SECUNDARIAS/Pruebas Compensación/Liquidación_Nomina0/input_Filtro Empleado_form_popupEmpleadoj_idt2433'

2022-05-03 16:14:30 - [TEST_STEP][PASSED] - click(findTestObject("2-OBJECTS TAREAS SECUNDARIAS/Pruebas Compensación/Liquidación_Nomina0/span_Constantino Jhon")): Object: 'Object Repository/2-OBJECTS TAREAS SECUNDARIAS/Pruebas Compensación/Liquidación_Nomina0/span_Constantino Jhon' is clicked on

2022-05-03 16:14:31 - [MESSAGE][PASSED] - Object: 'Object Repository/2-OBJECTS TAREAS SECUNDARIAS/Pruebas Compensación/Liquidación_Nomina0/span_Constantino Jhon' is clicked on

2022-05-03 16:14:31 - [TEST_STEP][PASSED] - click(findTestObject("2-OBJECTS TAREAS SECUNDARIAS/Pruebas Compensación/Liquidación_Nomina0/td_Aya Silva Cindy Ximena"), STOP_ON_FAILURE): Object: 'Object Repository/2-OBJECTS TAREAS SECUNDARIAS/Pruebas Compensación/Liquidación_Nomina0/td_Aya Silva Cindy Ximena' is clicked on

2022-05-03 16:14:31 - [MESSAGE][PASSED] - Object: 'Object Repository/2-OBJECTS TAREAS SECUNDARIAS/Pruebas Compensación/Liquidación_Nomina0/td_Aya Silva Cindy Ximena' is clicked on

2022-05-03 16:14:31 - [TEST_STEP][PASSED] - click(findTestObject("2-OBJECTS TAREAS SECUNDARIAS/Pruebas capacitacion/Comprobar Parametros/a_Guardar")): Object: 'Object Repository/2-OBJECTS TAREAS SECUNDARIAS/Pruebas capacitacion/Comprobar Parametros/a_Guardar' is clicked on

2022-05-03 16:14:32 - [MESSAGE][PASSED] - Object: 'Object Repository/2-OBJECTS TAREAS SECUNDARIAS/Pruebas capacitacion/Comprobar Parametros/a_Guardar' is clicked on

2022-05-03 16:14:32 - [TEST_STEP][PASSED] - Result = getText(findTestObject("3-OBJECTS UTILIDADES/Alerta/Alerta")): Text of object 'Object Repository/3-OBJECTS UTILIDADES/Alerta/Alerta' is: 'Se guardo el mensaje'

2022-05-03 16:14:33 - [MESSAGE][PASSED] - Text of object 'Object Repository/3-OBJECTS UTILIDADES/Alerta/Alerta' is: 'Se guardo el mensaje'

2022-05-03 16:14:33 - [TEST_STEP][PASSED] - if (Result == "Se guardo el mensaje"): Browser is closed

2022-05-03 16:14:33 - [TEST_STEP][PASSED] - Resultado = "PRUEBA OK": null

2022-05-03 16:14:33 - [TEST_STEP][PASSED] - closeBrowser(): Browser is closed

2022-05-03 16:14:34 - [MESSAGE][PASSED] - Browser is closed]]></system-out>
         <system-err><![CDATA[]]></system-err>
      </testcase>
      <testcase name="Test Cases/1.2-Tareas_Secundarias/A.1-Pruebas_compensaciones/11.1.7-Listado_Empleados" time="36.83" classname="Test Cases/1.2-Tareas_Secundarias/A.1-Pruebas_compensaciones/11.1.7-Listado_Empleados" status="FAILED">
         <failure type="FAILED" message="Test Cases/1.2-Tareas_Secundarias/A.1-Pruebas_compensaciones/11.1.7-Listado_Empleados FAILED.
Reason:
com.kms.katalon.core.exception.StepFailedException: Call Test Case 'Test Cases/1.2-Tareas_Secundarias/A.1-Pruebas_compensaciones/11.1.4-Fuente_General' failed
	at com.kms.katalon.core.keyword.builtin.CallTestCaseKeyword$_callTestCase_closure1.doCall(CallTestCaseKeyword.groovy:63)
	at com.kms.katalon.core.keyword.builtin.CallTestCaseKeyword$_callTestCase_closure1.call(CallTestCaseKeyword.groovy)
	at com.kms.katalon.core.keyword.internal.KeywordMain.runKeyword(KeywordMain.groovy:74)
	at com.kms.katalon.core.keyword.builtin.CallTestCaseKeyword.callTestCase(CallTestCaseKeyword.groovy:81)
	at com.kms.katalon.core.keyword.builtin.CallTestCaseKeyword.execute(CallTestCaseKeyword.groovy:44)
	at com.kms.katalon.core.keyword.internal.KeywordExecutor.executeKeywordForPlatform(KeywordExecutor.groovy:74)
	at com.kms.katalon.core.keyword.BuiltinKeywords.callTestCase(BuiltinKeywords.groovy:334)
	at 11.1.7-Listado_Empleados.run(11.1.7-Listado_Empleados:50)
	at com.kms.katalon.core.main.ScriptEngine.run(ScriptEngine.java:194)
	at com.kms.katalon.core.main.ScriptEngine.runScriptAsRawText(ScriptEngine.java:119)
	at com.kms.katalon.core.main.TestCaseExecutor.runScript(TestCaseExecutor.java:445)
	at com.kms.katalon.core.main.TestCaseExecutor.doExecute(TestCaseExecutor.java:436)
	at com.kms.katalon.core.main.TestCaseExecutor.processExecutionPhase(TestCaseExecutor.java:415)
	at com.kms.katalon.core.main.TestCaseExecutor.accessMainPhase(TestCaseExecutor.java:407)
	at com.kms.katalon.core.main.TestCaseExecutor.execute(TestCaseExecutor.java:284)
	at com.kms.katalon.core.common.CommonExecutor.accessTestCaseMainPhase(CommonExecutor.java:65)
	at com.kms.katalon.core.main.TestSuiteExecutor.accessTestSuiteMainPhase(TestSuiteExecutor.java:144)
	at com.kms.katalon.core.main.TestSuiteExecutor.execute(TestSuiteExecutor.java:106)
	at com.kms.katalon.core.main.TestCaseMain.startTestSuite(TestCaseMain.java:185)
	at com.kms.katalon.core.main.TestCaseMain$startTestSuite$0.call(Unknown Source)
	at TempTestSuite1651612210355.run(TempTestSuite1651612210355.groovy:36)
Caused by: com.kms.katalon.core.exception.StepFailedException: Unable to accept alert
	at com.kms.katalon.core.webui.keyword.internal.WebUIKeywordMain.stepFailed(WebUIKeywordMain.groovy:64)
	at com.kms.katalon.core.webui.keyword.internal.WebUIKeywordMain.runKeyword(WebUIKeywordMain.groovy:26)
	at com.kms.katalon.core.webui.keyword.builtin.AcceptAlertKeyword.acceptAlert(AcceptAlertKeyword.groovy:71)
	at com.kms.katalon.core.webui.keyword.builtin.AcceptAlertKeyword.execute(AcceptAlertKeyword.groovy:66)
	at com.kms.katalon.core.keyword.internal.KeywordExecutor.executeKeywordForPlatform(KeywordExecutor.groovy:74)
	at com.kms.katalon.core.webui.keyword.WebUiBuiltInKeywords.acceptAlert(WebUiBuiltInKeywords.groovy:1522)
	at com.kms.katalon.core.webui.keyword.WebUiBuiltInKeywords$acceptAlert$16.call(Unknown Source)
	at 11.1.4-Fuente_General.run(11.1.4-Fuente_General:58)
	at com.kms.katalon.core.main.ScriptEngine.run(ScriptEngine.java:194)
	at com.kms.katalon.core.main.ScriptEngine.runScriptAsRawText(ScriptEngine.java:119)
	at com.kms.katalon.core.main.TestCaseExecutor.runScript(TestCaseExecutor.java:445)
	at com.kms.katalon.core.main.TestCaseExecutor.doExecute(TestCaseExecutor.java:436)
	at com.kms.katalon.core.main.TestCaseExecutor.processExecutionPhase(TestCaseExecutor.java:415)
	at com.kms.katalon.core.main.TestCaseExecutor.accessMainPhase(TestCaseExecutor.java:407)
	at com.kms.katalon.core.main.TestCaseExecutor.execute(TestCaseExecutor.java:284)
	at com.kms.katalon.core.main.TestCaseMain.runTestCase(TestCaseMain.java:142)
	at com.kms.katalon.core.keyword.builtin.CallTestCaseKeyword$_callTestCase_closure1.doCall(CallTestCaseKeyword.groovy:59)
	... 20 more
Caused by: com.kms.katalon.core.exception.StepFailedException: No alert found
	at com.kms.katalon.core.webui.keyword.internal.WebUIKeywordMain.stepFailed(WebUIKeywordMain.groovy:64)
	at com.kms.katalon.core.webui.keyword.builtin.AcceptAlertKeyword$_acceptAlert_closure1.doCall(AcceptAlertKeyword.groovy:78)
	at com.kms.katalon.core.webui.keyword.builtin.AcceptAlertKeyword$_acceptAlert_closure1.call(AcceptAlertKeyword.groovy)
	at com.kms.katalon.core.webui.keyword.internal.WebUIKeywordMain.runKeyword(WebUIKeywordMain.groovy:20)
	... 35 more
"/>
         <system-out><![CDATA[2022-05-03 16:14:34 - [TEST_CASE][FAILED] - Test Cases/1.2-Tareas_Secundarias/A.1-Pruebas_compensaciones/11.1.7-Listado_Empleados: Test Cases/1.2-Tareas_Secundarias/A.1-Pruebas_compensaciones/11.1.7-Listado_Empleados FAILED.
Reason:
com.kms.katalon.core.exception.StepFailedException: Call Test Case 'Test Cases/1.2-Tareas_Secundarias/A.1-Pruebas_compensaciones/11.1.4-Fuente_General' failed
	at com.kms.katalon.core.keyword.builtin.CallTestCaseKeyword$_callTestCase_closure1.doCall(CallTestCaseKeyword.groovy:63)
	at com.kms.katalon.core.keyword.builtin.CallTestCaseKeyword$_callTestCase_closure1.call(CallTestCaseKeyword.groovy)
	at com.kms.katalon.core.keyword.internal.KeywordMain.runKeyword(KeywordMain.groovy:74)
	at com.kms.katalon.core.keyword.builtin.CallTestCaseKeyword.callTestCase(CallTestCaseKeyword.groovy:81)
	at com.kms.katalon.core.keyword.builtin.CallTestCaseKeyword.execute(CallTestCaseKeyword.groovy:44)
	at com.kms.katalon.core.keyword.internal.KeywordExecutor.executeKeywordForPlatform(KeywordExecutor.groovy:74)
	at com.kms.katalon.core.keyword.BuiltinKeywords.callTestCase(BuiltinKeywords.groovy:334)
	at 11.1.7-Listado_Empleados.run(11.1.7-Listado_Empleados:50)
	at com.kms.katalon.core.main.ScriptEngine.run(ScriptEngine.java:194)
	at com.kms.katalon.core.main.ScriptEngine.runScriptAsRawText(ScriptEngine.java:119)
	at com.kms.katalon.core.main.TestCaseExecutor.runScript(TestCaseExecutor.java:445)
	at com.kms.katalon.core.main.TestCaseExecutor.doExecute(TestCaseExecutor.java:436)
	at com.kms.katalon.core.main.TestCaseExecutor.processExecutionPhase(TestCaseExecutor.java:415)
	at com.kms.katalon.core.main.TestCaseExecutor.accessMainPhase(TestCaseExecutor.java:407)
	at com.kms.katalon.core.main.TestCaseExecutor.execute(TestCaseExecutor.java:284)
	at com.kms.katalon.core.common.CommonExecutor.accessTestCaseMainPhase(CommonExecutor.java:65)
	at com.kms.katalon.core.main.TestSuiteExecutor.accessTestSuiteMainPhase(TestSuiteExecutor.java:144)
	at com.kms.katalon.core.main.TestSuiteExecutor.execute(TestSuiteExecutor.java:106)
	at com.kms.katalon.core.main.TestCaseMain.startTestSuite(TestCaseMain.java:185)
	at com.kms.katalon.core.main.TestCaseMain$startTestSuite$0.call(Unknown Source)
	at TempTestSuite1651612210355.run(TempTestSuite1651612210355.groovy:36)
Caused by: com.kms.katalon.core.exception.StepFailedException: Unable to accept alert
	at com.kms.katalon.core.webui.keyword.internal.WebUIKeywordMain.stepFailed(WebUIKeywordMain.groovy:64)
	at com.kms.katalon.core.webui.keyword.internal.WebUIKeywordMain.runKeyword(WebUIKeywordMain.groovy:26)
	at com.kms.katalon.core.webui.keyword.builtin.AcceptAlertKeyword.acceptAlert(AcceptAlertKeyword.groovy:71)
	at com.kms.katalon.core.webui.keyword.builtin.AcceptAlertKeyword.execute(AcceptAlertKeyword.groovy:66)
	at com.kms.katalon.core.keyword.internal.KeywordExecutor.executeKeywordForPlatform(KeywordExecutor.groovy:74)
	at com.kms.katalon.core.webui.keyword.WebUiBuiltInKeywords.acceptAlert(WebUiBuiltInKeywords.groovy:1522)
	at com.kms.katalon.core.webui.keyword.WebUiBuiltInKeywords$acceptAlert$16.call(Unknown Source)
	at 11.1.4-Fuente_General.run(11.1.4-Fuente_General:58)
	at com.kms.katalon.core.main.ScriptEngine.run(ScriptEngine.java:194)
	at com.kms.katalon.core.main.ScriptEngine.runScriptAsRawText(ScriptEngine.java:119)
	at com.kms.katalon.core.main.TestCaseExecutor.runScript(TestCaseExecutor.java:445)
	at com.kms.katalon.core.main.TestCaseExecutor.doExecute(TestCaseExecutor.java:436)
	at com.kms.katalon.core.main.TestCaseExecutor.processExecutionPhase(TestCaseExecutor.java:415)
	at com.kms.katalon.core.main.TestCaseExecutor.accessMainPhase(TestCaseExecutor.java:407)
	at com.kms.katalon.core.main.TestCaseExecutor.execute(TestCaseExecutor.java:284)
	at com.kms.katalon.core.main.TestCaseMain.runTestCase(TestCaseMain.java:142)
	at com.kms.katalon.core.keyword.builtin.CallTestCaseKeyword$_callTestCase_closure1.doCall(CallTestCaseKeyword.groovy:59)
	... 20 more
Caused by: com.kms.katalon.core.exception.StepFailedException: No alert found
	at com.kms.katalon.core.webui.keyword.internal.WebUIKeywordMain.stepFailed(WebUIKeywordMain.groovy:64)
	at com.kms.katalon.core.webui.keyword.builtin.AcceptAlertKeyword$_acceptAlert_closure1.doCall(AcceptAlertKeyword.groovy:78)
	at com.kms.katalon.core.webui.keyword.builtin.AcceptAlertKeyword$_acceptAlert_closure1.call(AcceptAlertKeyword.groovy)
	at com.kms.katalon.core.webui.keyword.internal.WebUIKeywordMain.runKeyword(WebUIKeywordMain.groovy:20)
	... 35 more


2022-05-03 16:14:34 - [TEST_STEP][PASSED] - callTestCase(findTestCase("0.1-Login"), [:], STOP_ON_FAILURE): Call Test Case 'Test Cases/0.1-Login' successfully

2022-05-03 16:14:34 - [TEST_CASE][PASSED] - Test Cases/0.1-Login: Test Cases/0.1-Login

2022-05-03 16:14:34 - [TEST_STEP][PASSED] - openBrowser(""): Browser is opened with url: ''

2022-05-03 16:14:34 - [MESSAGE][INFO] - Starting 'Chrome' driver

2022-05-03 16:14:34 - [MESSAGE][INFO] - Action delay is set to 0 milliseconds

2022-05-03 16:14:35 - [MESSAGE][PASSED] - Browser is opened with url: ''

2022-05-03 16:14:35 - [TEST_STEP][PASSED] - maximizeWindow(): Current window maximized

2022-05-03 16:14:35 - [MESSAGE][PASSED] - Current window maximized

2022-05-03 16:14:35 - [TEST_STEP][PASSED] - i = G_Login: null

2022-05-03 16:14:35 - [TEST_STEP][PASSED] - url = new java.net.URL(i): null

2022-05-03 16:14:35 - [TEST_STEP][PASSED] - println("URL: " + url.toString()): null

2022-05-03 16:14:35 - [TEST_STEP][PASSED] - connection = url.openConnection(): null

2022-05-03 16:14:35 - [TEST_STEP][PASSED] - connection.setRequestMethod("GET"): null

2022-05-03 16:14:35 - [TEST_STEP][PASSED] - connection.setReadTimeout(2 * 1000): null

2022-05-03 16:14:35 - [TEST_STEP][PASSED] - try: null

2022-05-03 16:14:35 - [TEST_STEP][PASSED] - connection.connect(): null

2022-05-03 16:14:35 - [TEST_STEP][PASSED] - flag = connected: null

2022-05-03 16:14:35 - [TEST_STEP][PASSED] - println("Valor_ori: " + flag): null

2022-05-03 16:14:35 - [TEST_STEP][PASSED] - if (flag): null

2022-05-03 16:14:35 - [TEST_STEP][PASSED] - navigateToUrl(i): Navigate to 'http://192.168.2.19:8380/saraweb' successfully

2022-05-03 16:14:36 - [MESSAGE][PASSED] - Navigate to 'http://192.168.2.19:8380/saraweb' successfully

2022-05-03 16:14:36 - [TEST_STEP][PASSED] - a(): null

2022-05-03 16:14:36 - [TEST_STEP][PASSED] - setText(findTestObject("3-OBJECTS UTILIDADES/Login/input_USUARIO_loginusuario"), G_Usuario): Text 'saraadmin' is set on object 'Object Repository/3-OBJECTS UTILIDADES/Login/input_USUARIO_loginusuario'

2022-05-03 16:14:37 - [MESSAGE][PASSED] - Text 'saraadmin' is set on object 'Object Repository/3-OBJECTS UTILIDADES/Login/input_USUARIO_loginusuario'

2022-05-03 16:14:37 - [TEST_STEP][PASSED] - setEncryptedText(findTestObject("3-OBJECTS UTILIDADES/Login/input_CLAVE_loginpassword"), "MkG4/TYiCFC3cb2driP7+Q=="): Text ****** has been set on object 'Object Repository/3-OBJECTS UTILIDADES/Login/input_CLAVE_loginpassword'

2022-05-03 16:14:37 - [MESSAGE][PASSED] - Text ****** has been set on object 'Object Repository/3-OBJECTS UTILIDADES/Login/input_CLAVE_loginpassword'

2022-05-03 16:14:37 - [TEST_STEP][PASSED] - waitForElementClickable(findTestObject("3-OBJECTS UTILIDADES/Login/a_Ingresar"), G_TimeOut): Object 'Object Repository/3-OBJECTS UTILIDADES/Login/a_Ingresar' is clickable

2022-05-03 16:14:38 - [MESSAGE][PASSED] - Object 'Object Repository/3-OBJECTS UTILIDADES/Login/a_Ingresar' is clickable

2022-05-03 16:14:38 - [TEST_STEP][PASSED] - click(findTestObject("3-OBJECTS UTILIDADES/Login/a_Ingresar")): Object: 'Object Repository/3-OBJECTS UTILIDADES/Login/a_Ingresar' is clicked on

2022-05-03 16:14:39 - [MESSAGE][PASSED] - Object: 'Object Repository/3-OBJECTS UTILIDADES/Login/a_Ingresar' is clicked on

2022-05-03 16:14:39 - [TEST_STEP][PASSED] - element = findWebElement(findTestObject("3-OBJECTS UTILIDADES/Login/a_Ir"), 30): null

2022-05-03 16:14:39 - [TEST_STEP][PASSED] - executeJavaScript("arguments[0].click()", Arrays.asList(element)): Execute JavaScript 'arguments[0].click()' successfully

2022-05-03 16:14:39 - [MESSAGE][PASSED] - Execute JavaScript 'arguments[0].click()' successfully

2022-05-03 16:14:39 - [MESSAGE][PASSED] - Call Test Case 'Test Cases/0.1-Login' successfully

2022-05-03 16:14:39 - [TEST_STEP][PASSED] - setText(findTestObject("2-OBJECTS TAREAS SECUNDARIAS/Pruebas Compensación/Listado_Empleados/input_Empresa 1_form_templatej_idt24_input"), "Listado de Empleados"): Text 'Listado de Empleados' is set on object 'Object Repository/2-OBJECTS TAREAS SECUNDARIAS/Pruebas Compensación/Listado_Empleados/input_Empresa 1_form_templatej_idt24_input'

2022-05-03 16:14:40 - [MESSAGE][PASSED] - Text 'Listado de Empleados' is set on object 'Object Repository/2-OBJECTS TAREAS SECUNDARIAS/Pruebas Compensación/Listado_Empleados/input_Empresa 1_form_templatej_idt24_input'

2022-05-03 16:14:40 - [TEST_STEP][PASSED] - click(findTestObject("2-OBJECTS TAREAS SECUNDARIAS/Pruebas Compensación/Listado_Empleados/li_Listado de Empleados (com)")): Object: 'Object Repository/2-OBJECTS TAREAS SECUNDARIAS/Pruebas Compensación/Listado_Empleados/li_Listado de Empleados (com)' is clicked on

2022-05-03 16:14:42 - [MESSAGE][PASSED] - Object: 'Object Repository/2-OBJECTS TAREAS SECUNDARIAS/Pruebas Compensación/Listado_Empleados/li_Listado de Empleados (com)' is clicked on

2022-05-03 16:14:42 - [TEST_STEP][PASSED] - setText(findTestObject("2-OBJECTS TAREAS SECUNDARIAS/Pruebas Compensación/Listado_Empleados/input_Nombre Funcionario_listadoEmpleadoj_idt64"), "Aya Silva Cindy Ximena"): Text 'Aya Silva Cindy Ximena' is set on object 'Object Repository/2-OBJECTS TAREAS SECUNDARIAS/Pruebas Compensación/Listado_Empleados/input_Nombre Funcionario_listadoEmpleadoj_idt64'

2022-05-03 16:14:44 - [MESSAGE][PASSED] - Text 'Aya Silva Cindy Ximena' is set on object 'Object Repository/2-OBJECTS TAREAS SECUNDARIAS/Pruebas Compensación/Listado_Empleados/input_Nombre Funcionario_listadoEmpleadoj_idt64'

2022-05-03 16:14:44 - [TEST_STEP][PASSED] - sendKeys(findTestObject("2-OBJECTS TAREAS SECUNDARIAS/Pruebas Compensación/Listado_Empleados/input_Nombre Funcionario_listadoEmpleadoj_idt64"), Keys.chord(ENTER)): Keys 'ENTER + ' sent to object: 'Object Repository/2-OBJECTS TAREAS SECUNDARIAS/Pruebas Compensación/Listado_Empleados/input_Nombre Funcionario_listadoEmpleadoj_idt64'

2022-05-03 16:14:44 - [MESSAGE][PASSED] - Keys 'ENTER + ' sent to object: 'Object Repository/2-OBJECTS TAREAS SECUNDARIAS/Pruebas Compensación/Listado_Empleados/input_Nombre Funcionario_listadoEmpleadoj_idt64'

2022-05-03 16:14:44 - [TEST_STEP][PASSED] - click(findTestObject("2-OBJECTS TAREAS SECUNDARIAS/Pruebas Compensación/Listado_Empleados/span_Constantino Jhon")): Object: 'Object Repository/2-OBJECTS TAREAS SECUNDARIAS/Pruebas Compensación/Listado_Empleados/span_Constantino Jhon' is clicked on

2022-05-03 16:14:45 - [MESSAGE][PASSED] - Object: 'Object Repository/2-OBJECTS TAREAS SECUNDARIAS/Pruebas Compensación/Listado_Empleados/span_Constantino Jhon' is clicked on

2022-05-03 16:14:45 - [TEST_STEP][PASSED] - click(findTestObject("2-OBJECTS TAREAS SECUNDARIAS/Pruebas Compensación/Listado_Empleados/a_Liquidacin Periodica")): Object: 'Object Repository/2-OBJECTS TAREAS SECUNDARIAS/Pruebas Compensación/Listado_Empleados/a_Liquidacin Periodica' is clicked on

2022-05-03 16:14:46 - [MESSAGE][PASSED] - Object: 'Object Repository/2-OBJECTS TAREAS SECUNDARIAS/Pruebas Compensación/Listado_Empleados/a_Liquidacin Periodica' is clicked on

2022-05-03 16:14:46 - [TEST_STEP][PASSED] - selectOptionByIndex(findTestObject("2-OBJECTS TAREAS SECUNDARIAS/Pruebas Compensación/Listado_Empleados/select_-- seleccione --BC - PRESTAMO BANCOLOMBIAPC - PRESTAMO COMPAA"), 2): All options with index in [2] are selected on object 'Object Repository/2-OBJECTS TAREAS SECUNDARIAS/Pruebas Compensación/Listado_Empleados/select_-- seleccione --BC - PRESTAMO BANCOLOMBIAPC - PRESTAMO COMPAA'

2022-05-03 16:14:47 - [MESSAGE][PASSED] - All options with index in [2] are selected on object 'Object Repository/2-OBJECTS TAREAS SECUNDARIAS/Pruebas Compensación/Listado_Empleados/select_-- seleccione --BC - PRESTAMO BANCOLOMBIAPC - PRESTAMO COMPAA'

2022-05-03 16:14:47 - [TEST_STEP][PASSED] - click(findTestObject("2-OBJECTS TAREAS SECUNDARIAS/Pruebas Compensación/Listado_Empleados/span_Prestamo Compaa")): Object: 'Object Repository/2-OBJECTS TAREAS SECUNDARIAS/Pruebas Compensación/Listado_Empleados/span_Prestamo Compaa' is clicked on

2022-05-03 16:14:48 - [MESSAGE][PASSED] - Object: 'Object Repository/2-OBJECTS TAREAS SECUNDARIAS/Pruebas Compensación/Listado_Empleados/span_Prestamo Compaa' is clicked on

2022-05-03 16:14:48 - [TEST_STEP][PASSED] - totalA = getText(findTestObject("2-OBJECTS TAREAS SECUNDARIAS/Pruebas Compensación/Listado_Empleados/input_Total Abonado_form_liquidacionesPeriodicasEmpleadotabLiquidacionesPeriodicasabono"), STOP_ON_FAILURE): Text of object 'Object Repository/2-OBJECTS TAREAS SECUNDARIAS/Pruebas Compensación/Listado_Empleados/input_Total Abonado_form_liquidacionesPeriodicasEmpleadotabLiquidacionesPeriodicasabono' is: ''

2022-05-03 16:14:49 - [MESSAGE][PASSED] - Text of object 'Object Repository/2-OBJECTS TAREAS SECUNDARIAS/Pruebas Compensación/Listado_Empleados/input_Total Abonado_form_liquidacionesPeriodicasEmpleadotabLiquidacionesPeriodicasabono' is: ''

2022-05-03 16:14:49 - [TEST_STEP][PASSED] - if (totalA == "10.000,00"): null

2022-05-03 16:14:49 - [TEST_STEP][FAILED] - else: Unable to call Test Case 'Test Cases/1.2-Tareas_Secundarias/A.1-Pruebas_compensaciones/11.1.4-Fuente_General' (Root cause: com.kms.katalon.core.exception.StepFailedException: Call Test Case 'Test Cases/1.2-Tareas_Secundarias/A.1-Pruebas_compensaciones/11.1.4-Fuente_General' failed
	at com.kms.katalon.core.keyword.builtin.CallTestCaseKeyword$_callTestCase_closure1.doCall(CallTestCaseKeyword.groovy:63)
	at com.kms.katalon.core.keyword.builtin.CallTestCaseKeyword$_callTestCase_closure1.call(CallTestCaseKeyword.groovy)
	at com.kms.katalon.core.keyword.internal.KeywordMain.runKeyword(KeywordMain.groovy:74)
	at com.kms.katalon.core.keyword.builtin.CallTestCaseKeyword.callTestCase(CallTestCaseKeyword.groovy:81)
	at com.kms.katalon.core.keyword.builtin.CallTestCaseKeyword.execute(CallTestCaseKeyword.groovy:44)
	at com.kms.katalon.core.keyword.internal.KeywordExecutor.executeKeywordForPlatform(KeywordExecutor.groovy:74)
	at com.kms.katalon.core.keyword.BuiltinKeywords.callTestCase(BuiltinKeywords.groovy:334)
	at 11.1.7-Listado_Empleados.run(11.1.7-Listado_Empleados:50)
	at com.kms.katalon.core.main.ScriptEngine.run(ScriptEngine.java:194)
	at com.kms.katalon.core.main.ScriptEngine.runScriptAsRawText(ScriptEngine.java:119)
	at com.kms.katalon.core.main.TestCaseExecutor.runScript(TestCaseExecutor.java:445)
	at com.kms.katalon.core.main.TestCaseExecutor.doExecute(TestCaseExecutor.java:436)
	at com.kms.katalon.core.main.TestCaseExecutor.processExecutionPhase(TestCaseExecutor.java:415)
	at com.kms.katalon.core.main.TestCaseExecutor.accessMainPhase(TestCaseExecutor.java:407)
	at com.kms.katalon.core.main.TestCaseExecutor.execute(TestCaseExecutor.java:284)
	at com.kms.katalon.core.common.CommonExecutor.accessTestCaseMainPhase(CommonExecutor.java:65)
	at com.kms.katalon.core.main.TestSuiteExecutor.accessTestSuiteMainPhase(TestSuiteExecutor.java:144)
	at com.kms.katalon.core.main.TestSuiteExecutor.execute(TestSuiteExecutor.java:106)
	at com.kms.katalon.core.main.TestCaseMain.startTestSuite(TestCaseMain.java:185)
	at com.kms.katalon.core.main.TestCaseMain$startTestSuite$0.call(Unknown Source)
	at TempTestSuite1651612210355.run(TempTestSuite1651612210355.groovy:36)
Caused by: com.kms.katalon.core.exception.StepFailedException: Unable to accept alert
	at com.kms.katalon.core.webui.keyword.internal.WebUIKeywordMain.stepFailed(WebUIKeywordMain.groovy:64)
	at com.kms.katalon.core.webui.keyword.internal.WebUIKeywordMain.runKeyword(WebUIKeywordMain.groovy:26)
	at com.kms.katalon.core.webui.keyword.builtin.AcceptAlertKeyword.acceptAlert(AcceptAlertKeyword.groovy:71)
	at com.kms.katalon.core.webui.keyword.builtin.AcceptAlertKeyword.execute(AcceptAlertKeyword.groovy:66)
	at com.kms.katalon.core.keyword.internal.KeywordExecutor.executeKeywordForPlatform(KeywordExecutor.groovy:74)
	at com.kms.katalon.core.webui.keyword.WebUiBuiltInKeywords.acceptAlert(WebUiBuiltInKeywords.groovy:1522)
	at com.kms.katalon.core.webui.keyword.WebUiBuiltInKeywords$acceptAlert$16.call(Unknown Source)
	at 11.1.4-Fuente_General.run(11.1.4-Fuente_General:58)
	at com.kms.katalon.core.main.ScriptEngine.run(ScriptEngine.java:194)
	at com.kms.katalon.core.main.ScriptEngine.runScriptAsRawText(ScriptEngine.java:119)
	at com.kms.katalon.core.main.TestCaseExecutor.runScript(TestCaseExecutor.java:445)
	at com.kms.katalon.core.main.TestCaseExecutor.doExecute(TestCaseExecutor.java:436)
	at com.kms.katalon.core.main.TestCaseExecutor.processExecutionPhase(TestCaseExecutor.java:415)
	at com.kms.katalon.core.main.TestCaseExecutor.accessMainPhase(TestCaseExecutor.java:407)
	at com.kms.katalon.core.main.TestCaseExecutor.execute(TestCaseExecutor.java:284)
	at com.kms.katalon.core.main.TestCaseMain.runTestCase(TestCaseMain.java:142)
	at com.kms.katalon.core.keyword.builtin.CallTestCaseKeyword$_callTestCase_closure1.doCall(CallTestCaseKeyword.groovy:59)
	... 20 more
Caused by: com.kms.katalon.core.exception.StepFailedException: No alert found
	at com.kms.katalon.core.webui.keyword.internal.WebUIKeywordMain.stepFailed(WebUIKeywordMain.groovy:64)
	at com.kms.katalon.core.webui.keyword.builtin.AcceptAlertKeyword$_acceptAlert_closure1.doCall(AcceptAlertKeyword.groovy:78)
	at com.kms.katalon.core.webui.keyword.builtin.AcceptAlertKeyword$_acceptAlert_closure1.call(AcceptAlertKeyword.groovy)
	at com.kms.katalon.core.webui.keyword.internal.WebUIKeywordMain.runKeyword(WebUIKeywordMain.groovy:20)
	... 35 more
)

2022-05-03 16:14:49 - [TEST_STEP][FAILED] - callTestCase(findTestCase("1.2-Tareas_Secundarias/A.1-Pruebas_compensaciones/11.1.4-Fuente_General"), [:], STOP_ON_FAILURE): Unable to call Test Case 'Test Cases/1.2-Tareas_Secundarias/A.1-Pruebas_compensaciones/11.1.4-Fuente_General' (Root cause: com.kms.katalon.core.exception.StepFailedException: Call Test Case 'Test Cases/1.2-Tareas_Secundarias/A.1-Pruebas_compensaciones/11.1.4-Fuente_General' failed
	at com.kms.katalon.core.keyword.builtin.CallTestCaseKeyword$_callTestCase_closure1.doCall(CallTestCaseKeyword.groovy:63)
	at com.kms.katalon.core.keyword.builtin.CallTestCaseKeyword$_callTestCase_closure1.call(CallTestCaseKeyword.groovy)
	at com.kms.katalon.core.keyword.internal.KeywordMain.runKeyword(KeywordMain.groovy:74)
	at com.kms.katalon.core.keyword.builtin.CallTestCaseKeyword.callTestCase(CallTestCaseKeyword.groovy:81)
	at com.kms.katalon.core.keyword.builtin.CallTestCaseKeyword.execute(CallTestCaseKeyword.groovy:44)
	at com.kms.katalon.core.keyword.internal.KeywordExecutor.executeKeywordForPlatform(KeywordExecutor.groovy:74)
	at com.kms.katalon.core.keyword.BuiltinKeywords.callTestCase(BuiltinKeywords.groovy:334)
	at 11.1.7-Listado_Empleados.run(11.1.7-Listado_Empleados:50)
	at com.kms.katalon.core.main.ScriptEngine.run(ScriptEngine.java:194)
	at com.kms.katalon.core.main.ScriptEngine.runScriptAsRawText(ScriptEngine.java:119)
	at com.kms.katalon.core.main.TestCaseExecutor.runScript(TestCaseExecutor.java:445)
	at com.kms.katalon.core.main.TestCaseExecutor.doExecute(TestCaseExecutor.java:436)
	at com.kms.katalon.core.main.TestCaseExecutor.processExecutionPhase(TestCaseExecutor.java:415)
	at com.kms.katalon.core.main.TestCaseExecutor.accessMainPhase(TestCaseExecutor.java:407)
	at com.kms.katalon.core.main.TestCaseExecutor.execute(TestCaseExecutor.java:284)
	at com.kms.katalon.core.common.CommonExecutor.accessTestCaseMainPhase(CommonExecutor.java:65)
	at com.kms.katalon.core.main.TestSuiteExecutor.accessTestSuiteMainPhase(TestSuiteExecutor.java:144)
	at com.kms.katalon.core.main.TestSuiteExecutor.execute(TestSuiteExecutor.java:106)
	at com.kms.katalon.core.main.TestCaseMain.startTestSuite(TestCaseMain.java:185)
	at com.kms.katalon.core.main.TestCaseMain$startTestSuite$0.call(Unknown Source)
	at TempTestSuite1651612210355.run(TempTestSuite1651612210355.groovy:36)
Caused by: com.kms.katalon.core.exception.StepFailedException: Unable to accept alert
	at com.kms.katalon.core.webui.keyword.internal.WebUIKeywordMain.stepFailed(WebUIKeywordMain.groovy:64)
	at com.kms.katalon.core.webui.keyword.internal.WebUIKeywordMain.runKeyword(WebUIKeywordMain.groovy:26)
	at com.kms.katalon.core.webui.keyword.builtin.AcceptAlertKeyword.acceptAlert(AcceptAlertKeyword.groovy:71)
	at com.kms.katalon.core.webui.keyword.builtin.AcceptAlertKeyword.execute(AcceptAlertKeyword.groovy:66)
	at com.kms.katalon.core.keyword.internal.KeywordExecutor.executeKeywordForPlatform(KeywordExecutor.groovy:74)
	at com.kms.katalon.core.webui.keyword.WebUiBuiltInKeywords.acceptAlert(WebUiBuiltInKeywords.groovy:1522)
	at com.kms.katalon.core.webui.keyword.WebUiBuiltInKeywords$acceptAlert$16.call(Unknown Source)
	at 11.1.4-Fuente_General.run(11.1.4-Fuente_General:58)
	at com.kms.katalon.core.main.ScriptEngine.run(ScriptEngine.java:194)
	at com.kms.katalon.core.main.ScriptEngine.runScriptAsRawText(ScriptEngine.java:119)
	at com.kms.katalon.core.main.TestCaseExecutor.runScript(TestCaseExecutor.java:445)
	at com.kms.katalon.core.main.TestCaseExecutor.doExecute(TestCaseExecutor.java:436)
	at com.kms.katalon.core.main.TestCaseExecutor.processExecutionPhase(TestCaseExecutor.java:415)
	at com.kms.katalon.core.main.TestCaseExecutor.accessMainPhase(TestCaseExecutor.java:407)
	at com.kms.katalon.core.main.TestCaseExecutor.execute(TestCaseExecutor.java:284)
	at com.kms.katalon.core.main.TestCaseMain.runTestCase(TestCaseMain.java:142)
	at com.kms.katalon.core.keyword.builtin.CallTestCaseKeyword$_callTestCase_closure1.doCall(CallTestCaseKeyword.groovy:59)
	... 20 more
Caused by: com.kms.katalon.core.exception.StepFailedException: No alert found
	at com.kms.katalon.core.webui.keyword.internal.WebUIKeywordMain.stepFailed(WebUIKeywordMain.groovy:64)
	at com.kms.katalon.core.webui.keyword.builtin.AcceptAlertKeyword$_acceptAlert_closure1.doCall(AcceptAlertKeyword.groovy:78)
	at com.kms.katalon.core.webui.keyword.builtin.AcceptAlertKeyword$_acceptAlert_closure1.call(AcceptAlertKeyword.groovy)
	at com.kms.katalon.core.webui.keyword.internal.WebUIKeywordMain.runKeyword(WebUIKeywordMain.groovy:20)
	... 35 more
)

2022-05-03 16:14:49 - [TEST_CASE][FAILED] - Test Cases/1.2-Tareas_Secundarias/A.1-Pruebas_compensaciones/11.1.4-Fuente_General: Test Cases/1.2-Tareas_Secundarias/A.1-Pruebas_compensaciones/11.1.4-Fuente_General FAILED.
Reason:
com.kms.katalon.core.exception.StepFailedException: Unable to accept alert
	at com.kms.katalon.core.webui.keyword.internal.WebUIKeywordMain.stepFailed(WebUIKeywordMain.groovy:64)
	at com.kms.katalon.core.webui.keyword.internal.WebUIKeywordMain.runKeyword(WebUIKeywordMain.groovy:26)
	at com.kms.katalon.core.webui.keyword.builtin.AcceptAlertKeyword.acceptAlert(AcceptAlertKeyword.groovy:71)
	at com.kms.katalon.core.webui.keyword.builtin.AcceptAlertKeyword.execute(AcceptAlertKeyword.groovy:66)
	at com.kms.katalon.core.keyword.internal.KeywordExecutor.executeKeywordForPlatform(KeywordExecutor.groovy:74)
	at com.kms.katalon.core.webui.keyword.WebUiBuiltInKeywords.acceptAlert(WebUiBuiltInKeywords.groovy:1522)
	at com.kms.katalon.core.webui.keyword.WebUiBuiltInKeywords$acceptAlert$16.call(Unknown Source)
	at 11.1.4-Fuente_General.run(11.1.4-Fuente_General:58)
	at com.kms.katalon.core.main.ScriptEngine.run(ScriptEngine.java:194)
	at com.kms.katalon.core.main.ScriptEngine.runScriptAsRawText(ScriptEngine.java:119)
	at com.kms.katalon.core.main.TestCaseExecutor.runScript(TestCaseExecutor.java:445)
	at com.kms.katalon.core.main.TestCaseExecutor.doExecute(TestCaseExecutor.java:436)
	at com.kms.katalon.core.main.TestCaseExecutor.processExecutionPhase(TestCaseExecutor.java:415)
	at com.kms.katalon.core.main.TestCaseExecutor.accessMainPhase(TestCaseExecutor.java:407)
	at com.kms.katalon.core.main.TestCaseExecutor.execute(TestCaseExecutor.java:284)
	at com.kms.katalon.core.main.TestCaseMain.runTestCase(TestCaseMain.java:142)
	at com.kms.katalon.core.keyword.builtin.CallTestCaseKeyword$_callTestCase_closure1.doCall(CallTestCaseKeyword.groovy:59)
	at com.kms.katalon.core.keyword.builtin.CallTestCaseKeyword$_callTestCase_closure1.call(CallTestCaseKeyword.groovy)
	at com.kms.katalon.core.keyword.internal.KeywordMain.runKeyword(KeywordMain.groovy:74)
	at com.kms.katalon.core.keyword.builtin.CallTestCaseKeyword.callTestCase(CallTestCaseKeyword.groovy:81)
	at com.kms.katalon.core.keyword.builtin.CallTestCaseKeyword.execute(CallTestCaseKeyword.groovy:44)
	at com.kms.katalon.core.keyword.internal.KeywordExecutor.executeKeywordForPlatform(KeywordExecutor.groovy:74)
	at com.kms.katalon.core.keyword.BuiltinKeywords.callTestCase(BuiltinKeywords.groovy:334)
	at 11.1.7-Listado_Empleados.run(11.1.7-Listado_Empleados:50)
	at com.kms.katalon.core.main.ScriptEngine.run(ScriptEngine.java:194)
	at com.kms.katalon.core.main.ScriptEngine.runScriptAsRawText(ScriptEngine.java:119)
	at com.kms.katalon.core.main.TestCaseExecutor.runScript(TestCaseExecutor.java:445)
	at com.kms.katalon.core.main.TestCaseExecutor.doExecute(TestCaseExecutor.java:436)
	at com.kms.katalon.core.main.TestCaseExecutor.processExecutionPhase(TestCaseExecutor.java:415)
	at com.kms.katalon.core.main.TestCaseExecutor.accessMainPhase(TestCaseExecutor.java:407)
	at com.kms.katalon.core.main.TestCaseExecutor.execute(TestCaseExecutor.java:284)
	at com.kms.katalon.core.common.CommonExecutor.accessTestCaseMainPhase(CommonExecutor.java:65)
	at com.kms.katalon.core.main.TestSuiteExecutor.accessTestSuiteMainPhase(TestSuiteExecutor.java:144)
	at com.kms.katalon.core.main.TestSuiteExecutor.execute(TestSuiteExecutor.java:106)
	at com.kms.katalon.core.main.TestCaseMain.startTestSuite(TestCaseMain.java:185)
	at com.kms.katalon.core.main.TestCaseMain$startTestSuite$0.call(Unknown Source)
	at TempTestSuite1651612210355.run(TempTestSuite1651612210355.groovy:36)
Caused by: com.kms.katalon.core.exception.StepFailedException: No alert found
	at com.kms.katalon.core.webui.keyword.internal.WebUIKeywordMain.stepFailed(WebUIKeywordMain.groovy:64)
	at com.kms.katalon.core.webui.keyword.builtin.AcceptAlertKeyword$_acceptAlert_closure1.doCall(AcceptAlertKeyword.groovy:78)
	at com.kms.katalon.core.webui.keyword.builtin.AcceptAlertKeyword$_acceptAlert_closure1.call(AcceptAlertKeyword.groovy)
	at com.kms.katalon.core.webui.keyword.internal.WebUIKeywordMain.runKeyword(WebUIKeywordMain.groovy:20)
	... 35 more


2022-05-03 16:14:49 - [TEST_STEP][PASSED] - callTestCase(findTestCase("0.1-Login"), [:], STOP_ON_FAILURE): Call Test Case 'Test Cases/0.1-Login' successfully

2022-05-03 16:14:49 - [TEST_CASE][PASSED] - Test Cases/0.1-Login: Test Cases/0.1-Login

2022-05-03 16:14:49 - [TEST_STEP][PASSED] - openBrowser(""): Browser is opened with url: ''

2022-05-03 16:14:49 - [MESSAGE][WARNING] - A browser is already opened. Closing browser and opening a new one

2022-05-03 16:14:50 - [MESSAGE][INFO] - Starting 'Chrome' driver

2022-05-03 16:14:50 - [MESSAGE][INFO] - Action delay is set to 0 milliseconds

2022-05-03 16:14:51 - [MESSAGE][PASSED] - Browser is opened with url: ''

2022-05-03 16:14:51 - [TEST_STEP][PASSED] - maximizeWindow(): Current window maximized

2022-05-03 16:14:51 - [MESSAGE][PASSED] - Current window maximized

2022-05-03 16:14:51 - [TEST_STEP][PASSED] - i = G_Login: null

2022-05-03 16:14:51 - [TEST_STEP][PASSED] - url = new java.net.URL(i): null

2022-05-03 16:14:51 - [TEST_STEP][PASSED] - println("URL: " + url.toString()): null

2022-05-03 16:14:51 - [TEST_STEP][PASSED] - connection = url.openConnection(): null

2022-05-03 16:14:51 - [TEST_STEP][PASSED] - connection.setRequestMethod("GET"): null

2022-05-03 16:14:51 - [TEST_STEP][PASSED] - connection.setReadTimeout(2 * 1000): null

2022-05-03 16:14:51 - [TEST_STEP][PASSED] - try: null

2022-05-03 16:14:51 - [TEST_STEP][PASSED] - connection.connect(): null

2022-05-03 16:14:51 - [TEST_STEP][PASSED] - flag = connected: null

2022-05-03 16:14:51 - [TEST_STEP][PASSED] - println("Valor_ori: " + flag): null

2022-05-03 16:14:51 - [TEST_STEP][PASSED] - if (flag): null

2022-05-03 16:14:51 - [TEST_STEP][PASSED] - navigateToUrl(i): Navigate to 'http://192.168.2.19:8380/saraweb' successfully

2022-05-03 16:14:52 - [MESSAGE][PASSED] - Navigate to 'http://192.168.2.19:8380/saraweb' successfully

2022-05-03 16:14:52 - [TEST_STEP][PASSED] - a(): null

2022-05-03 16:14:52 - [TEST_STEP][PASSED] - setText(findTestObject("3-OBJECTS UTILIDADES/Login/input_USUARIO_loginusuario"), G_Usuario): Text 'saraadmin' is set on object 'Object Repository/3-OBJECTS UTILIDADES/Login/input_USUARIO_loginusuario'

2022-05-03 16:14:52 - [MESSAGE][PASSED] - Text 'saraadmin' is set on object 'Object Repository/3-OBJECTS UTILIDADES/Login/input_USUARIO_loginusuario'

2022-05-03 16:14:52 - [TEST_STEP][PASSED] - setEncryptedText(findTestObject("3-OBJECTS UTILIDADES/Login/input_CLAVE_loginpassword"), "MkG4/TYiCFC3cb2driP7+Q=="): Text ****** has been set on object 'Object Repository/3-OBJECTS UTILIDADES/Login/input_CLAVE_loginpassword'

2022-05-03 16:14:53 - [MESSAGE][PASSED] - Text ****** has been set on object 'Object Repository/3-OBJECTS UTILIDADES/Login/input_CLAVE_loginpassword'

2022-05-03 16:14:53 - [TEST_STEP][PASSED] - waitForElementClickable(findTestObject("3-OBJECTS UTILIDADES/Login/a_Ingresar"), G_TimeOut): Object 'Object Repository/3-OBJECTS UTILIDADES/Login/a_Ingresar' is clickable

2022-05-03 16:14:53 - [MESSAGE][PASSED] - Object 'Object Repository/3-OBJECTS UTILIDADES/Login/a_Ingresar' is clickable

2022-05-03 16:14:53 - [TEST_STEP][PASSED] - click(findTestObject("3-OBJECTS UTILIDADES/Login/a_Ingresar")): Object: 'Object Repository/3-OBJECTS UTILIDADES/Login/a_Ingresar' is clicked on

2022-05-03 16:14:54 - [MESSAGE][PASSED] - Object: 'Object Repository/3-OBJECTS UTILIDADES/Login/a_Ingresar' is clicked on

2022-05-03 16:14:54 - [TEST_STEP][PASSED] - element = findWebElement(findTestObject("3-OBJECTS UTILIDADES/Login/a_Ir"), 30): null

2022-05-03 16:14:55 - [TEST_STEP][PASSED] - executeJavaScript("arguments[0].click()", Arrays.asList(element)): Execute JavaScript 'arguments[0].click()' successfully

2022-05-03 16:14:55 - [MESSAGE][PASSED] - Execute JavaScript 'arguments[0].click()' successfully

2022-05-03 16:14:55 - [MESSAGE][PASSED] - Call Test Case 'Test Cases/0.1-Login' successfully

2022-05-03 16:14:55 - [TEST_STEP][PASSED] - setText(findTestObject("2-OBJECTS TAREAS SECUNDARIAS/Pruebas Compensación/Fuente_General/input_Empresa 1_form_templatej_idt24_input"), "importar fuente general"): Text 'importar fuente general' is set on object 'Object Repository/2-OBJECTS TAREAS SECUNDARIAS/Pruebas Compensación/Fuente_General/input_Empresa 1_form_templatej_idt24_input'

2022-05-03 16:14:56 - [MESSAGE][PASSED] - Text 'importar fuente general' is set on object 'Object Repository/2-OBJECTS TAREAS SECUNDARIAS/Pruebas Compensación/Fuente_General/input_Empresa 1_form_templatej_idt24_input'

2022-05-03 16:14:56 - [TEST_STEP][PASSED] - click(findTestObject("2-OBJECTS TAREAS SECUNDARIAS/Pruebas Compensación/Fuente_General/li_fuente general (gna)")): Object: 'Object Repository/2-OBJECTS TAREAS SECUNDARIAS/Pruebas Compensación/Fuente_General/li_fuente general (gna)' is clicked on

2022-05-03 16:14:57 - [MESSAGE][PASSED] - Object: 'Object Repository/2-OBJECTS TAREAS SECUNDARIAS/Pruebas Compensación/Fuente_General/li_fuente general (gna)' is clicked on

2022-05-03 16:14:57 - [TEST_STEP][PASSED] - setText(findTestObject("1-OBJECTS TAREAS PRINCIPALES/Modulo Tarea Sara General/Importar Fuente General/input_Procesos Generados_formImportarListadoFuentej_idt67"), "Creación prestamos"): Text 'Creación prestamos' is set on object 'Object Repository/1-OBJECTS TAREAS PRINCIPALES/Modulo Tarea Sara General/Importar Fuente General/input_Procesos Generados_formImportarListadoFuentej_idt67'

2022-05-03 16:14:58 - [MESSAGE][PASSED] - Text 'Creación prestamos' is set on object 'Object Repository/1-OBJECTS TAREAS PRINCIPALES/Modulo Tarea Sara General/Importar Fuente General/input_Procesos Generados_formImportarListadoFuentej_idt67'

2022-05-03 16:14:58 - [TEST_STEP][PASSED] - sendKeys(findTestObject("1-OBJECTS TAREAS PRINCIPALES/Modulo Tarea Sara General/Importar Fuente General/input_Procesos Generados_formImportarListadoFuentej_idt67"), Keys.chord(ENTER)): Keys 'ENTER + ' sent to object: 'Object Repository/1-OBJECTS TAREAS PRINCIPALES/Modulo Tarea Sara General/Importar Fuente General/input_Procesos Generados_formImportarListadoFuentej_idt67'

2022-05-03 16:14:59 - [MESSAGE][PASSED] - Keys 'ENTER + ' sent to object: 'Object Repository/1-OBJECTS TAREAS PRINCIPALES/Modulo Tarea Sara General/Importar Fuente General/input_Procesos Generados_formImportarListadoFuentej_idt67'

2022-05-03 16:14:59 - [TEST_STEP][PASSED] - click(findTestObject("1-OBJECTS TAREAS PRINCIPALES/Modulo Tarea Sara General/Importar Fuente General/td_Creacin Prestamos")): Object: 'Object Repository/1-OBJECTS TAREAS PRINCIPALES/Modulo Tarea Sara General/Importar Fuente General/td_Creacin Prestamos' is clicked on

2022-05-03 16:14:59 - [MESSAGE][PASSED] - Object: 'Object Repository/1-OBJECTS TAREAS PRINCIPALES/Modulo Tarea Sara General/Importar Fuente General/td_Creacin Prestamos' is clicked on

2022-05-03 16:14:59 - [TEST_STEP][PASSED] - ruta = G_rutaarchivos + "carguePrestamo.txt": null

2022-05-03 16:14:59 - [TEST_STEP][PASSED] - uploadFile(findTestObject("1-OBJECTS TAREAS PRINCIPALES/Modulo Tarea Sara General/Importar Fuente General/input_Cargar_formImportarFuentetabarchivo_input"), ruta): File 'E:\unionweb14\carguePrestamo.txt' sent to object: 'Object Repository/1-OBJECTS TAREAS PRINCIPALES/Modulo Tarea Sara General/Importar Fuente General/input_Cargar_formImportarFuentetabarchivo_input'

2022-05-03 16:15:00 - [MESSAGE][PASSED] - File 'E:\unionweb14\carguePrestamo.txt' sent to object: 'Object Repository/1-OBJECTS TAREAS PRINCIPALES/Modulo Tarea Sara General/Importar Fuente General/input_Cargar_formImportarFuentetabarchivo_input'

2022-05-03 16:15:00 - [TEST_STEP][PASSED] - click(findTestObject("1-OBJECTS TAREAS PRINCIPALES/Modulo Tarea Sara General/Importar Fuente General/a_Importar")): Object: 'Object Repository/1-OBJECTS TAREAS PRINCIPALES/Modulo Tarea Sara General/Importar Fuente General/a_Importar' is clicked on

2022-05-03 16:15:01 - [MESSAGE][PASSED] - Object: 'Object Repository/1-OBJECTS TAREAS PRINCIPALES/Modulo Tarea Sara General/Importar Fuente General/a_Importar' is clicked on

2022-05-03 16:15:01 - [TEST_STEP][PASSED] - waitForElementVisible(findTestObject("2-OBJECTS TAREAS SECUNDARIAS/Pruebas Compensación/Fuente_General/a_Continuar"), 0): Object 'Object Repository/2-OBJECTS TAREAS SECUNDARIAS/Pruebas Compensación/Fuente_General/a_Continuar' is visible

2022-05-03 16:15:01 - [MESSAGE][WARNING] - Timeout '0' is invalid. Using default page load timeout: '45'

2022-05-03 16:15:05 - [MESSAGE][PASSED] - Object 'Object Repository/2-OBJECTS TAREAS SECUNDARIAS/Pruebas Compensación/Fuente_General/a_Continuar' is visible

2022-05-03 16:15:05 - [TEST_STEP][PASSED] - click(findTestObject("2-OBJECTS TAREAS SECUNDARIAS/Pruebas Compensación/Fuente_General/a_Continuar")): Object: 'Object Repository/2-OBJECTS TAREAS SECUNDARIAS/Pruebas Compensación/Fuente_General/a_Continuar' is clicked on

2022-05-03 16:15:05 - [MESSAGE][PASSED] - Object: 'Object Repository/2-OBJECTS TAREAS SECUNDARIAS/Pruebas Compensación/Fuente_General/a_Continuar' is clicked on

2022-05-03 16:15:05 - [TEST_STEP][PASSED] - click(findTestObject("2-OBJECTS TAREAS SECUNDARIAS/Pruebas Compensación/Fuente_General/a_Ejecutar")): Object: 'Object Repository/2-OBJECTS TAREAS SECUNDARIAS/Pruebas Compensación/Fuente_General/a_Ejecutar' is clicked on

2022-05-03 16:15:06 - [MESSAGE][PASSED] - Object: 'Object Repository/2-OBJECTS TAREAS SECUNDARIAS/Pruebas Compensación/Fuente_General/a_Ejecutar' is clicked on

2022-05-03 16:15:06 - [TEST_STEP][PASSED] - click(findTestObject("2-OBJECTS TAREAS SECUNDARIAS/Pruebas Compensación/Fuente_General/a_Continuar")): Object: 'Object Repository/2-OBJECTS TAREAS SECUNDARIAS/Pruebas Compensación/Fuente_General/a_Continuar' is clicked on

2022-05-03 16:15:10 - [MESSAGE][PASSED] - Object: 'Object Repository/2-OBJECTS TAREAS SECUNDARIAS/Pruebas Compensación/Fuente_General/a_Continuar' is clicked on

2022-05-03 16:15:10 - [TEST_STEP][PASSED] - Result = getText(findTestObject("2-OBJECTS TAREAS SECUNDARIAS/Pruebas Compensación/Fuente_General/mensaje")): Text of object 'Object Repository/2-OBJECTS TAREAS SECUNDARIAS/Pruebas Compensación/Fuente_General/mensaje' is: 'insertarprestamo:No valida (.,Registro ya existe-899)|'

2022-05-03 16:15:10 - [MESSAGE][PASSED] - Text of object 'Object Repository/2-OBJECTS TAREAS SECUNDARIAS/Pruebas Compensación/Fuente_General/mensaje' is: 'insertarprestamo:No valida (.,Registro ya existe-899)|'

2022-05-03 16:15:10 - [TEST_STEP][PASSED] - if (Result == ""): null

2022-05-03 16:15:10 - [TEST_STEP][FAILED] - else: Unable to accept alert (Root cause: com.kms.katalon.core.exception.StepFailedException: Unable to accept alert
	at com.kms.katalon.core.webui.keyword.internal.WebUIKeywordMain.stepFailed(WebUIKeywordMain.groovy:64)
	at com.kms.katalon.core.webui.keyword.internal.WebUIKeywordMain.runKeyword(WebUIKeywordMain.groovy:26)
	at com.kms.katalon.core.webui.keyword.builtin.AcceptAlertKeyword.acceptAlert(AcceptAlertKeyword.groovy:71)
	at com.kms.katalon.core.webui.keyword.builtin.AcceptAlertKeyword.execute(AcceptAlertKeyword.groovy:66)
	at com.kms.katalon.core.keyword.internal.KeywordExecutor.executeKeywordForPlatform(KeywordExecutor.groovy:74)
	at com.kms.katalon.core.webui.keyword.WebUiBuiltInKeywords.acceptAlert(WebUiBuiltInKeywords.groovy:1522)
	at com.kms.katalon.core.webui.keyword.WebUiBuiltInKeywords$acceptAlert$16.call(Unknown Source)
	at 11.1.4-Fuente_General.run(11.1.4-Fuente_General:58)
	at com.kms.katalon.core.main.ScriptEngine.run(ScriptEngine.java:194)
	at com.kms.katalon.core.main.ScriptEngine.runScriptAsRawText(ScriptEngine.java:119)
	at com.kms.katalon.core.main.TestCaseExecutor.runScript(TestCaseExecutor.java:445)
	at com.kms.katalon.core.main.TestCaseExecutor.doExecute(TestCaseExecutor.java:436)
	at com.kms.katalon.core.main.TestCaseExecutor.processExecutionPhase(TestCaseExecutor.java:415)
	at com.kms.katalon.core.main.TestCaseExecutor.accessMainPhase(TestCaseExecutor.java:407)
	at com.kms.katalon.core.main.TestCaseExecutor.execute(TestCaseExecutor.java:284)
	at com.kms.katalon.core.main.TestCaseMain.runTestCase(TestCaseMain.java:142)
	at com.kms.katalon.core.keyword.builtin.CallTestCaseKeyword$_callTestCase_closure1.doCall(CallTestCaseKeyword.groovy:59)
	at com.kms.katalon.core.keyword.builtin.CallTestCaseKeyword$_callTestCase_closure1.call(CallTestCaseKeyword.groovy)
	at com.kms.katalon.core.keyword.internal.KeywordMain.runKeyword(KeywordMain.groovy:74)
	at com.kms.katalon.core.keyword.builtin.CallTestCaseKeyword.callTestCase(CallTestCaseKeyword.groovy:81)
	at com.kms.katalon.core.keyword.builtin.CallTestCaseKeyword.execute(CallTestCaseKeyword.groovy:44)
	at com.kms.katalon.core.keyword.internal.KeywordExecutor.executeKeywordForPlatform(KeywordExecutor.groovy:74)
	at com.kms.katalon.core.keyword.BuiltinKeywords.callTestCase(BuiltinKeywords.groovy:334)
	at 11.1.7-Listado_Empleados.run(11.1.7-Listado_Empleados:50)
	at com.kms.katalon.core.main.ScriptEngine.run(ScriptEngine.java:194)
	at com.kms.katalon.core.main.ScriptEngine.runScriptAsRawText(ScriptEngine.java:119)
	at com.kms.katalon.core.main.TestCaseExecutor.runScript(TestCaseExecutor.java:445)
	at com.kms.katalon.core.main.TestCaseExecutor.doExecute(TestCaseExecutor.java:436)
	at com.kms.katalon.core.main.TestCaseExecutor.processExecutionPhase(TestCaseExecutor.java:415)
	at com.kms.katalon.core.main.TestCaseExecutor.accessMainPhase(TestCaseExecutor.java:407)
	at com.kms.katalon.core.main.TestCaseExecutor.execute(TestCaseExecutor.java:284)
	at com.kms.katalon.core.common.CommonExecutor.accessTestCaseMainPhase(CommonExecutor.java:65)
	at com.kms.katalon.core.main.TestSuiteExecutor.accessTestSuiteMainPhase(TestSuiteExecutor.java:144)
	at com.kms.katalon.core.main.TestSuiteExecutor.execute(TestSuiteExecutor.java:106)
	at com.kms.katalon.core.main.TestCaseMain.startTestSuite(TestCaseMain.java:185)
	at com.kms.katalon.core.main.TestCaseMain$startTestSuite$0.call(Unknown Source)
	at TempTestSuite1651612210355.run(TempTestSuite1651612210355.groovy:36)
Caused by: com.kms.katalon.core.exception.StepFailedException: No alert found
	at com.kms.katalon.core.webui.keyword.internal.WebUIKeywordMain.stepFailed(WebUIKeywordMain.groovy:64)
	at com.kms.katalon.core.webui.keyword.builtin.AcceptAlertKeyword$_acceptAlert_closure1.doCall(AcceptAlertKeyword.groovy:78)
	at com.kms.katalon.core.webui.keyword.builtin.AcceptAlertKeyword$_acceptAlert_closure1.call(AcceptAlertKeyword.groovy)
	at com.kms.katalon.core.webui.keyword.internal.WebUIKeywordMain.runKeyword(WebUIKeywordMain.groovy:20)
	... 35 more
)

2022-05-03 16:15:10 - [TEST_STEP][FAILED] - acceptAlert(): Unable to accept alert (Root cause: com.kms.katalon.core.exception.StepFailedException: Unable to accept alert
	at com.kms.katalon.core.webui.keyword.internal.WebUIKeywordMain.stepFailed(WebUIKeywordMain.groovy:64)
	at com.kms.katalon.core.webui.keyword.internal.WebUIKeywordMain.runKeyword(WebUIKeywordMain.groovy:26)
	at com.kms.katalon.core.webui.keyword.builtin.AcceptAlertKeyword.acceptAlert(AcceptAlertKeyword.groovy:71)
	at com.kms.katalon.core.webui.keyword.builtin.AcceptAlertKeyword.execute(AcceptAlertKeyword.groovy:66)
	at com.kms.katalon.core.keyword.internal.KeywordExecutor.executeKeywordForPlatform(KeywordExecutor.groovy:74)
	at com.kms.katalon.core.webui.keyword.WebUiBuiltInKeywords.acceptAlert(WebUiBuiltInKeywords.groovy:1522)
	at com.kms.katalon.core.webui.keyword.WebUiBuiltInKeywords$acceptAlert$16.call(Unknown Source)
	at 11.1.4-Fuente_General.run(11.1.4-Fuente_General:58)
	at com.kms.katalon.core.main.ScriptEngine.run(ScriptEngine.java:194)
	at com.kms.katalon.core.main.ScriptEngine.runScriptAsRawText(ScriptEngine.java:119)
	at com.kms.katalon.core.main.TestCaseExecutor.runScript(TestCaseExecutor.java:445)
	at com.kms.katalon.core.main.TestCaseExecutor.doExecute(TestCaseExecutor.java:436)
	at com.kms.katalon.core.main.TestCaseExecutor.processExecutionPhase(TestCaseExecutor.java:415)
	at com.kms.katalon.core.main.TestCaseExecutor.accessMainPhase(TestCaseExecutor.java:407)
	at com.kms.katalon.core.main.TestCaseExecutor.execute(TestCaseExecutor.java:284)
	at com.kms.katalon.core.main.TestCaseMain.runTestCase(TestCaseMain.java:142)
	at com.kms.katalon.core.keyword.builtin.CallTestCaseKeyword$_callTestCase_closure1.doCall(CallTestCaseKeyword.groovy:59)
	at com.kms.katalon.core.keyword.builtin.CallTestCaseKeyword$_callTestCase_closure1.call(CallTestCaseKeyword.groovy)
	at com.kms.katalon.core.keyword.internal.KeywordMain.runKeyword(KeywordMain.groovy:74)
	at com.kms.katalon.core.keyword.builtin.CallTestCaseKeyword.callTestCase(CallTestCaseKeyword.groovy:81)
	at com.kms.katalon.core.keyword.builtin.CallTestCaseKeyword.execute(CallTestCaseKeyword.groovy:44)
	at com.kms.katalon.core.keyword.internal.KeywordExecutor.executeKeywordForPlatform(KeywordExecutor.groovy:74)
	at com.kms.katalon.core.keyword.BuiltinKeywords.callTestCase(BuiltinKeywords.groovy:334)
	at 11.1.7-Listado_Empleados.run(11.1.7-Listado_Empleados:50)
	at com.kms.katalon.core.main.ScriptEngine.run(ScriptEngine.java:194)
	at com.kms.katalon.core.main.ScriptEngine.runScriptAsRawText(ScriptEngine.java:119)
	at com.kms.katalon.core.main.TestCaseExecutor.runScript(TestCaseExecutor.java:445)
	at com.kms.katalon.core.main.TestCaseExecutor.doExecute(TestCaseExecutor.java:436)
	at com.kms.katalon.core.main.TestCaseExecutor.processExecutionPhase(TestCaseExecutor.java:415)
	at com.kms.katalon.core.main.TestCaseExecutor.accessMainPhase(TestCaseExecutor.java:407)
	at com.kms.katalon.core.main.TestCaseExecutor.execute(TestCaseExecutor.java:284)
	at com.kms.katalon.core.common.CommonExecutor.accessTestCaseMainPhase(CommonExecutor.java:65)
	at com.kms.katalon.core.main.TestSuiteExecutor.accessTestSuiteMainPhase(TestSuiteExecutor.java:144)
	at com.kms.katalon.core.main.TestSuiteExecutor.execute(TestSuiteExecutor.java:106)
	at com.kms.katalon.core.main.TestCaseMain.startTestSuite(TestCaseMain.java:185)
	at com.kms.katalon.core.main.TestCaseMain$startTestSuite$0.call(Unknown Source)
	at TempTestSuite1651612210355.run(TempTestSuite1651612210355.groovy:36)
Caused by: com.kms.katalon.core.exception.StepFailedException: No alert found
	at com.kms.katalon.core.webui.keyword.internal.WebUIKeywordMain.stepFailed(WebUIKeywordMain.groovy:64)
	at com.kms.katalon.core.webui.keyword.builtin.AcceptAlertKeyword$_acceptAlert_closure1.doCall(AcceptAlertKeyword.groovy:78)
	at com.kms.katalon.core.webui.keyword.builtin.AcceptAlertKeyword$_acceptAlert_closure1.call(AcceptAlertKeyword.groovy)
	at com.kms.katalon.core.webui.keyword.internal.WebUIKeywordMain.runKeyword(WebUIKeywordMain.groovy:20)
	... 35 more
)

2022-05-03 16:15:10 - [MESSAGE][FAILED] - No alert found (Root cause: com.kms.katalon.core.exception.StepFailedException: No alert found
	at com.kms.katalon.core.webui.keyword.internal.WebUIKeywordMain.stepFailed(WebUIKeywordMain.groovy:64)
	at com.kms.katalon.core.webui.keyword.builtin.AcceptAlertKeyword$_acceptAlert_closure1.doCall(AcceptAlertKeyword.groovy:78)
	at com.kms.katalon.core.webui.keyword.builtin.AcceptAlertKeyword$_acceptAlert_closure1.call(AcceptAlertKeyword.groovy)
	at com.kms.katalon.core.webui.keyword.internal.WebUIKeywordMain.runKeyword(WebUIKeywordMain.groovy:20)
	at com.kms.katalon.core.webui.keyword.builtin.AcceptAlertKeyword.acceptAlert(AcceptAlertKeyword.groovy:71)
	at com.kms.katalon.core.webui.keyword.builtin.AcceptAlertKeyword.execute(AcceptAlertKeyword.groovy:66)
	at com.kms.katalon.core.keyword.internal.KeywordExecutor.executeKeywordForPlatform(KeywordExecutor.groovy:74)
	at com.kms.katalon.core.webui.keyword.WebUiBuiltInKeywords.acceptAlert(WebUiBuiltInKeywords.groovy:1522)
	at com.kms.katalon.core.webui.keyword.WebUiBuiltInKeywords$acceptAlert$16.call(Unknown Source)
	at 11.1.4-Fuente_General.run(11.1.4-Fuente_General:58)
	at com.kms.katalon.core.main.ScriptEngine.run(ScriptEngine.java:194)
	at com.kms.katalon.core.main.ScriptEngine.runScriptAsRawText(ScriptEngine.java:119)
	at com.kms.katalon.core.main.TestCaseExecutor.runScript(TestCaseExecutor.java:445)
	at com.kms.katalon.core.main.TestCaseExecutor.doExecute(TestCaseExecutor.java:436)
	at com.kms.katalon.core.main.TestCaseExecutor.processExecutionPhase(TestCaseExecutor.java:415)
	at com.kms.katalon.core.main.TestCaseExecutor.accessMainPhase(TestCaseExecutor.java:407)
	at com.kms.katalon.core.main.TestCaseExecutor.execute(TestCaseExecutor.java:284)
	at com.kms.katalon.core.main.TestCaseMain.runTestCase(TestCaseMain.java:142)
	at com.kms.katalon.core.keyword.builtin.CallTestCaseKeyword$_callTestCase_closure1.doCall(CallTestCaseKeyword.groovy:59)
	at com.kms.katalon.core.keyword.builtin.CallTestCaseKeyword$_callTestCase_closure1.call(CallTestCaseKeyword.groovy)
	at com.kms.katalon.core.keyword.internal.KeywordMain.runKeyword(KeywordMain.groovy:74)
	at com.kms.katalon.core.keyword.builtin.CallTestCaseKeyword.callTestCase(CallTestCaseKeyword.groovy:81)
	at com.kms.katalon.core.keyword.builtin.CallTestCaseKeyword.execute(CallTestCaseKeyword.groovy:44)
	at com.kms.katalon.core.keyword.internal.KeywordExecutor.executeKeywordForPlatform(KeywordExecutor.groovy:74)
	at com.kms.katalon.core.keyword.BuiltinKeywords.callTestCase(BuiltinKeywords.groovy:334)
	at 11.1.7-Listado_Empleados.run(11.1.7-Listado_Empleados:50)
	at com.kms.katalon.core.main.ScriptEngine.run(ScriptEngine.java:194)
	at com.kms.katalon.core.main.ScriptEngine.runScriptAsRawText(ScriptEngine.java:119)
	at com.kms.katalon.core.main.TestCaseExecutor.runScript(TestCaseExecutor.java:445)
	at com.kms.katalon.core.main.TestCaseExecutor.doExecute(TestCaseExecutor.java:436)
	at com.kms.katalon.core.main.TestCaseExecutor.processExecutionPhase(TestCaseExecutor.java:415)
	at com.kms.katalon.core.main.TestCaseExecutor.accessMainPhase(TestCaseExecutor.java:407)
	at com.kms.katalon.core.main.TestCaseExecutor.execute(TestCaseExecutor.java:284)
	at com.kms.katalon.core.common.CommonExecutor.accessTestCaseMainPhase(CommonExecutor.java:65)
	at com.kms.katalon.core.main.TestSuiteExecutor.accessTestSuiteMainPhase(TestSuiteExecutor.java:144)
	at com.kms.katalon.core.main.TestSuiteExecutor.execute(TestSuiteExecutor.java:106)
	at com.kms.katalon.core.main.TestCaseMain.startTestSuite(TestCaseMain.java:185)
	at com.kms.katalon.core.main.TestCaseMain$startTestSuite$0.call(Unknown Source)
	at TempTestSuite1651612210355.run(TempTestSuite1651612210355.groovy:36)
)
[[ATTACHMENT|C:\\Users\\diego.rojas\\git\\Pruebas-Minimas\\Reports\\20220503_161010\\Test_Suite_Secundaria\\A1-Pruebas_Compensaciones\\20220503_161010\\1651612510710.png]]

2022-05-03 16:15:10 - [MESSAGE][FAILED] - Unable to accept alert (Root cause: com.kms.katalon.core.exception.StepFailedException: Unable to accept alert
	at com.kms.katalon.core.webui.keyword.internal.WebUIKeywordMain.stepFailed(WebUIKeywordMain.groovy:64)
	at com.kms.katalon.core.webui.keyword.internal.WebUIKeywordMain.runKeyword(WebUIKeywordMain.groovy:26)
	at com.kms.katalon.core.webui.keyword.builtin.AcceptAlertKeyword.acceptAlert(AcceptAlertKeyword.groovy:71)
	at com.kms.katalon.core.webui.keyword.builtin.AcceptAlertKeyword.execute(AcceptAlertKeyword.groovy:66)
	at com.kms.katalon.core.keyword.internal.KeywordExecutor.executeKeywordForPlatform(KeywordExecutor.groovy:74)
	at com.kms.katalon.core.webui.keyword.WebUiBuiltInKeywords.acceptAlert(WebUiBuiltInKeywords.groovy:1522)
	at com.kms.katalon.core.webui.keyword.WebUiBuiltInKeywords$acceptAlert$16.call(Unknown Source)
	at 11.1.4-Fuente_General.run(11.1.4-Fuente_General:58)
	at com.kms.katalon.core.main.ScriptEngine.run(ScriptEngine.java:194)
	at com.kms.katalon.core.main.ScriptEngine.runScriptAsRawText(ScriptEngine.java:119)
	at com.kms.katalon.core.main.TestCaseExecutor.runScript(TestCaseExecutor.java:445)
	at com.kms.katalon.core.main.TestCaseExecutor.doExecute(TestCaseExecutor.java:436)
	at com.kms.katalon.core.main.TestCaseExecutor.processExecutionPhase(TestCaseExecutor.java:415)
	at com.kms.katalon.core.main.TestCaseExecutor.accessMainPhase(TestCaseExecutor.java:407)
	at com.kms.katalon.core.main.TestCaseExecutor.execute(TestCaseExecutor.java:284)
	at com.kms.katalon.core.main.TestCaseMain.runTestCase(TestCaseMain.java:142)
	at com.kms.katalon.core.keyword.builtin.CallTestCaseKeyword$_callTestCase_closure1.doCall(CallTestCaseKeyword.groovy:59)
	at com.kms.katalon.core.keyword.builtin.CallTestCaseKeyword$_callTestCase_closure1.call(CallTestCaseKeyword.groovy)
	at com.kms.katalon.core.keyword.internal.KeywordMain.runKeyword(KeywordMain.groovy:74)
	at com.kms.katalon.core.keyword.builtin.CallTestCaseKeyword.callTestCase(CallTestCaseKeyword.groovy:81)
	at com.kms.katalon.core.keyword.builtin.CallTestCaseKeyword.execute(CallTestCaseKeyword.groovy:44)
	at com.kms.katalon.core.keyword.internal.KeywordExecutor.executeKeywordForPlatform(KeywordExecutor.groovy:74)
	at com.kms.katalon.core.keyword.BuiltinKeywords.callTestCase(BuiltinKeywords.groovy:334)
	at 11.1.7-Listado_Empleados.run(11.1.7-Listado_Empleados:50)
	at com.kms.katalon.core.main.ScriptEngine.run(ScriptEngine.java:194)
	at com.kms.katalon.core.main.ScriptEngine.runScriptAsRawText(ScriptEngine.java:119)
	at com.kms.katalon.core.main.TestCaseExecutor.runScript(TestCaseExecutor.java:445)
	at com.kms.katalon.core.main.TestCaseExecutor.doExecute(TestCaseExecutor.java:436)
	at com.kms.katalon.core.main.TestCaseExecutor.processExecutionPhase(TestCaseExecutor.java:415)
	at com.kms.katalon.core.main.TestCaseExecutor.accessMainPhase(TestCaseExecutor.java:407)
	at com.kms.katalon.core.main.TestCaseExecutor.execute(TestCaseExecutor.java:284)
	at com.kms.katalon.core.common.CommonExecutor.accessTestCaseMainPhase(CommonExecutor.java:65)
	at com.kms.katalon.core.main.TestSuiteExecutor.accessTestSuiteMainPhase(TestSuiteExecutor.java:144)
	at com.kms.katalon.core.main.TestSuiteExecutor.execute(TestSuiteExecutor.java:106)
	at com.kms.katalon.core.main.TestCaseMain.startTestSuite(TestCaseMain.java:185)
	at com.kms.katalon.core.main.TestCaseMain$startTestSuite$0.call(Unknown Source)
	at TempTestSuite1651612210355.run(TempTestSuite1651612210355.groovy:36)
Caused by: com.kms.katalon.core.exception.StepFailedException: No alert found
	at com.kms.katalon.core.webui.keyword.internal.WebUIKeywordMain.stepFailed(WebUIKeywordMain.groovy:64)
	at com.kms.katalon.core.webui.keyword.builtin.AcceptAlertKeyword$_acceptAlert_closure1.doCall(AcceptAlertKeyword.groovy:78)
	at com.kms.katalon.core.webui.keyword.builtin.AcceptAlertKeyword$_acceptAlert_closure1.call(AcceptAlertKeyword.groovy)
	at com.kms.katalon.core.webui.keyword.internal.WebUIKeywordMain.runKeyword(WebUIKeywordMain.groovy:20)
	... 35 more
)
[[ATTACHMENT|C:\\Users\\diego.rojas\\git\\Pruebas-Minimas\\Reports\\20220503_161010\\Test_Suite_Secundaria\\A1-Pruebas_Compensaciones\\20220503_161010\\1651612510812.png]]

2022-05-03 16:15:10 - [MESSAGE][FAILED] - Unable to call Test Case 'Test Cases/1.2-Tareas_Secundarias/A.1-Pruebas_compensaciones/11.1.4-Fuente_General' (Root cause: com.kms.katalon.core.exception.StepFailedException: Call Test Case 'Test Cases/1.2-Tareas_Secundarias/A.1-Pruebas_compensaciones/11.1.4-Fuente_General' failed
	at com.kms.katalon.core.keyword.builtin.CallTestCaseKeyword$_callTestCase_closure1.doCall(CallTestCaseKeyword.groovy:63)
	at com.kms.katalon.core.keyword.builtin.CallTestCaseKeyword$_callTestCase_closure1.call(CallTestCaseKeyword.groovy)
	at com.kms.katalon.core.keyword.internal.KeywordMain.runKeyword(KeywordMain.groovy:74)
	at com.kms.katalon.core.keyword.builtin.CallTestCaseKeyword.callTestCase(CallTestCaseKeyword.groovy:81)
	at com.kms.katalon.core.keyword.builtin.CallTestCaseKeyword.execute(CallTestCaseKeyword.groovy:44)
	at com.kms.katalon.core.keyword.internal.KeywordExecutor.executeKeywordForPlatform(KeywordExecutor.groovy:74)
	at com.kms.katalon.core.keyword.BuiltinKeywords.callTestCase(BuiltinKeywords.groovy:334)
	at 11.1.7-Listado_Empleados.run(11.1.7-Listado_Empleados:50)
	at com.kms.katalon.core.main.ScriptEngine.run(ScriptEngine.java:194)
	at com.kms.katalon.core.main.ScriptEngine.runScriptAsRawText(ScriptEngine.java:119)
	at com.kms.katalon.core.main.TestCaseExecutor.runScript(TestCaseExecutor.java:445)
	at com.kms.katalon.core.main.TestCaseExecutor.doExecute(TestCaseExecutor.java:436)
	at com.kms.katalon.core.main.TestCaseExecutor.processExecutionPhase(TestCaseExecutor.java:415)
	at com.kms.katalon.core.main.TestCaseExecutor.accessMainPhase(TestCaseExecutor.java:407)
	at com.kms.katalon.core.main.TestCaseExecutor.execute(TestCaseExecutor.java:284)
	at com.kms.katalon.core.common.CommonExecutor.accessTestCaseMainPhase(CommonExecutor.java:65)
	at com.kms.katalon.core.main.TestSuiteExecutor.accessTestSuiteMainPhase(TestSuiteExecutor.java:144)
	at com.kms.katalon.core.main.TestSuiteExecutor.execute(TestSuiteExecutor.java:106)
	at com.kms.katalon.core.main.TestCaseMain.startTestSuite(TestCaseMain.java:185)
	at com.kms.katalon.core.main.TestCaseMain$startTestSuite$0.call(Unknown Source)
	at TempTestSuite1651612210355.run(TempTestSuite1651612210355.groovy:36)
Caused by: com.kms.katalon.core.exception.StepFailedException: Unable to accept alert
	at com.kms.katalon.core.webui.keyword.internal.WebUIKeywordMain.stepFailed(WebUIKeywordMain.groovy:64)
	at com.kms.katalon.core.webui.keyword.internal.WebUIKeywordMain.runKeyword(WebUIKeywordMain.groovy:26)
	at com.kms.katalon.core.webui.keyword.builtin.AcceptAlertKeyword.acceptAlert(AcceptAlertKeyword.groovy:71)
	at com.kms.katalon.core.webui.keyword.builtin.AcceptAlertKeyword.execute(AcceptAlertKeyword.groovy:66)
	at com.kms.katalon.core.keyword.internal.KeywordExecutor.executeKeywordForPlatform(KeywordExecutor.groovy:74)
	at com.kms.katalon.core.webui.keyword.WebUiBuiltInKeywords.acceptAlert(WebUiBuiltInKeywords.groovy:1522)
	at com.kms.katalon.core.webui.keyword.WebUiBuiltInKeywords$acceptAlert$16.call(Unknown Source)
	at 11.1.4-Fuente_General.run(11.1.4-Fuente_General:58)
	at com.kms.katalon.core.main.ScriptEngine.run(ScriptEngine.java:194)
	at com.kms.katalon.core.main.ScriptEngine.runScriptAsRawText(ScriptEngine.java:119)
	at com.kms.katalon.core.main.TestCaseExecutor.runScript(TestCaseExecutor.java:445)
	at com.kms.katalon.core.main.TestCaseExecutor.doExecute(TestCaseExecutor.java:436)
	at com.kms.katalon.core.main.TestCaseExecutor.processExecutionPhase(TestCaseExecutor.java:415)
	at com.kms.katalon.core.main.TestCaseExecutor.accessMainPhase(TestCaseExecutor.java:407)
	at com.kms.katalon.core.main.TestCaseExecutor.execute(TestCaseExecutor.java:284)
	at com.kms.katalon.core.main.TestCaseMain.runTestCase(TestCaseMain.java:142)
	at com.kms.katalon.core.keyword.builtin.CallTestCaseKeyword$_callTestCase_closure1.doCall(CallTestCaseKeyword.groovy:59)
	... 20 more
Caused by: com.kms.katalon.core.exception.StepFailedException: No alert found
	at com.kms.katalon.core.webui.keyword.internal.WebUIKeywordMain.stepFailed(WebUIKeywordMain.groovy:64)
	at com.kms.katalon.core.webui.keyword.builtin.AcceptAlertKeyword$_acceptAlert_closure1.doCall(AcceptAlertKeyword.groovy:78)
	at com.kms.katalon.core.webui.keyword.builtin.AcceptAlertKeyword$_acceptAlert_closure1.call(AcceptAlertKeyword.groovy)
	at com.kms.katalon.core.webui.keyword.internal.WebUIKeywordMain.runKeyword(WebUIKeywordMain.groovy:20)
	... 35 more
)]]></system-out>
         <system-err><![CDATA[2022-05-03 16:14:34 - [TEST_CASE][FAILED] - Test Cases/1.2-Tareas_Secundarias/A.1-Pruebas_compensaciones/11.1.7-Listado_Empleados: Test Cases/1.2-Tareas_Secundarias/A.1-Pruebas_compensaciones/11.1.7-Listado_Empleados FAILED.
Reason:
com.kms.katalon.core.exception.StepFailedException: Call Test Case 'Test Cases/1.2-Tareas_Secundarias/A.1-Pruebas_compensaciones/11.1.4-Fuente_General' failed
	at com.kms.katalon.core.keyword.builtin.CallTestCaseKeyword$_callTestCase_closure1.doCall(CallTestCaseKeyword.groovy:63)
	at com.kms.katalon.core.keyword.builtin.CallTestCaseKeyword$_callTestCase_closure1.call(CallTestCaseKeyword.groovy)
	at com.kms.katalon.core.keyword.internal.KeywordMain.runKeyword(KeywordMain.groovy:74)
	at com.kms.katalon.core.keyword.builtin.CallTestCaseKeyword.callTestCase(CallTestCaseKeyword.groovy:81)
	at com.kms.katalon.core.keyword.builtin.CallTestCaseKeyword.execute(CallTestCaseKeyword.groovy:44)
	at com.kms.katalon.core.keyword.internal.KeywordExecutor.executeKeywordForPlatform(KeywordExecutor.groovy:74)
	at com.kms.katalon.core.keyword.BuiltinKeywords.callTestCase(BuiltinKeywords.groovy:334)
	at 11.1.7-Listado_Empleados.run(11.1.7-Listado_Empleados:50)
	at com.kms.katalon.core.main.ScriptEngine.run(ScriptEngine.java:194)
	at com.kms.katalon.core.main.ScriptEngine.runScriptAsRawText(ScriptEngine.java:119)
	at com.kms.katalon.core.main.TestCaseExecutor.runScript(TestCaseExecutor.java:445)
	at com.kms.katalon.core.main.TestCaseExecutor.doExecute(TestCaseExecutor.java:436)
	at com.kms.katalon.core.main.TestCaseExecutor.processExecutionPhase(TestCaseExecutor.java:415)
	at com.kms.katalon.core.main.TestCaseExecutor.accessMainPhase(TestCaseExecutor.java:407)
	at com.kms.katalon.core.main.TestCaseExecutor.execute(TestCaseExecutor.java:284)
	at com.kms.katalon.core.common.CommonExecutor.accessTestCaseMainPhase(CommonExecutor.java:65)
	at com.kms.katalon.core.main.TestSuiteExecutor.accessTestSuiteMainPhase(TestSuiteExecutor.java:144)
	at com.kms.katalon.core.main.TestSuiteExecutor.execute(TestSuiteExecutor.java:106)
	at com.kms.katalon.core.main.TestCaseMain.startTestSuite(TestCaseMain.java:185)
	at com.kms.katalon.core.main.TestCaseMain$startTestSuite$0.call(Unknown Source)
	at TempTestSuite1651612210355.run(TempTestSuite1651612210355.groovy:36)
Caused by: com.kms.katalon.core.exception.StepFailedException: Unable to accept alert
	at com.kms.katalon.core.webui.keyword.internal.WebUIKeywordMain.stepFailed(WebUIKeywordMain.groovy:64)
	at com.kms.katalon.core.webui.keyword.internal.WebUIKeywordMain.runKeyword(WebUIKeywordMain.groovy:26)
	at com.kms.katalon.core.webui.keyword.builtin.AcceptAlertKeyword.acceptAlert(AcceptAlertKeyword.groovy:71)
	at com.kms.katalon.core.webui.keyword.builtin.AcceptAlertKeyword.execute(AcceptAlertKeyword.groovy:66)
	at com.kms.katalon.core.keyword.internal.KeywordExecutor.executeKeywordForPlatform(KeywordExecutor.groovy:74)
	at com.kms.katalon.core.webui.keyword.WebUiBuiltInKeywords.acceptAlert(WebUiBuiltInKeywords.groovy:1522)
	at com.kms.katalon.core.webui.keyword.WebUiBuiltInKeywords$acceptAlert$16.call(Unknown Source)
	at 11.1.4-Fuente_General.run(11.1.4-Fuente_General:58)
	at com.kms.katalon.core.main.ScriptEngine.run(ScriptEngine.java:194)
	at com.kms.katalon.core.main.ScriptEngine.runScriptAsRawText(ScriptEngine.java:119)
	at com.kms.katalon.core.main.TestCaseExecutor.runScript(TestCaseExecutor.java:445)
	at com.kms.katalon.core.main.TestCaseExecutor.doExecute(TestCaseExecutor.java:436)
	at com.kms.katalon.core.main.TestCaseExecutor.processExecutionPhase(TestCaseExecutor.java:415)
	at com.kms.katalon.core.main.TestCaseExecutor.accessMainPhase(TestCaseExecutor.java:407)
	at com.kms.katalon.core.main.TestCaseExecutor.execute(TestCaseExecutor.java:284)
	at com.kms.katalon.core.main.TestCaseMain.runTestCase(TestCaseMain.java:142)
	at com.kms.katalon.core.keyword.builtin.CallTestCaseKeyword$_callTestCase_closure1.doCall(CallTestCaseKeyword.groovy:59)
	... 20 more
Caused by: com.kms.katalon.core.exception.StepFailedException: No alert found
	at com.kms.katalon.core.webui.keyword.internal.WebUIKeywordMain.stepFailed(WebUIKeywordMain.groovy:64)
	at com.kms.katalon.core.webui.keyword.builtin.AcceptAlertKeyword$_acceptAlert_closure1.doCall(AcceptAlertKeyword.groovy:78)
	at com.kms.katalon.core.webui.keyword.builtin.AcceptAlertKeyword$_acceptAlert_closure1.call(AcceptAlertKeyword.groovy)
	at com.kms.katalon.core.webui.keyword.internal.WebUIKeywordMain.runKeyword(WebUIKeywordMain.groovy:20)
	... 35 more]]></system-err>
      </testcase>
      <system-out><![CDATA[2022-05-03 16:10:18 - [TEST_SUITE][FAILED] - A1-Pruebas_Compensaciones: Test Cases/1.2-Tareas_Secundarias/A.1-Pruebas_compensaciones/11.1.4-Fuente_General FAILED.
Reason:
com.kms.katalon.core.exception.StepFailedException: Unable to accept alert
	at com.kms.katalon.core.webui.keyword.internal.WebUIKeywordMain.stepFailed(WebUIKeywordMain.groovy:64)
	at com.kms.katalon.core.webui.keyword.internal.WebUIKeywordMain.runKeyword(WebUIKeywordMain.groovy:26)
	at com.kms.katalon.core.webui.keyword.builtin.AcceptAlertKeyword.acceptAlert(AcceptAlertKeyword.groovy:71)
	at com.kms.katalon.core.webui.keyword.builtin.AcceptAlertKeyword.execute(AcceptAlertKeyword.groovy:66)
	at com.kms.katalon.core.keyword.internal.KeywordExecutor.executeKeywordForPlatform(KeywordExecutor.groovy:74)
	at com.kms.katalon.core.webui.keyword.WebUiBuiltInKeywords.acceptAlert(WebUiBuiltInKeywords.groovy:1522)
	at com.kms.katalon.core.webui.keyword.WebUiBuiltInKeywords$acceptAlert$16.call(Unknown Source)
	at 11.1.4-Fuente_General.run(11.1.4-Fuente_General:58)
	at com.kms.katalon.core.main.ScriptEngine.run(ScriptEngine.java:194)
	at com.kms.katalon.core.main.ScriptEngine.runScriptAsRawText(ScriptEngine.java:119)
	at com.kms.katalon.core.main.TestCaseExecutor.runScript(TestCaseExecutor.java:445)
	at com.kms.katalon.core.main.TestCaseExecutor.doExecute(TestCaseExecutor.java:436)
	at com.kms.katalon.core.main.TestCaseExecutor.processExecutionPhase(TestCaseExecutor.java:415)
	at com.kms.katalon.core.main.TestCaseExecutor.accessMainPhase(TestCaseExecutor.java:407)
	at com.kms.katalon.core.main.TestCaseExecutor.execute(TestCaseExecutor.java:284)
	at com.kms.katalon.core.common.CommonExecutor.accessTestCaseMainPhase(CommonExecutor.java:65)
	at com.kms.katalon.core.main.TestSuiteExecutor.accessTestSuiteMainPhase(TestSuiteExecutor.java:144)
	at com.kms.katalon.core.main.TestSuiteExecutor.execute(TestSuiteExecutor.java:106)
	at com.kms.katalon.core.main.TestCaseMain.startTestSuite(TestCaseMain.java:185)
	at com.kms.katalon.core.main.TestCaseMain$startTestSuite$0.call(Unknown Source)
	at TempTestSuite1651612210355.run(TempTestSuite1651612210355.groovy:36)
Caused by: com.kms.katalon.core.exception.StepFailedException: No alert found
	at com.kms.katalon.core.webui.keyword.internal.WebUIKeywordMain.stepFailed(WebUIKeywordMain.groovy:64)
	at com.kms.katalon.core.webui.keyword.builtin.AcceptAlertKeyword$_acceptAlert_closure1.doCall(AcceptAlertKeyword.groovy:78)
	at com.kms.katalon.core.webui.keyword.builtin.AcceptAlertKeyword$_acceptAlert_closure1.call(AcceptAlertKeyword.groovy)
	at com.kms.katalon.core.webui.keyword.internal.WebUIKeywordMain.runKeyword(WebUIKeywordMain.groovy:20)
	... 19 more]]></system-out>
      <system-err><![CDATA[2022-05-03 16:10:18 - [TEST_SUITE][FAILED] - A1-Pruebas_Compensaciones: Test Cases/1.2-Tareas_Secundarias/A.1-Pruebas_compensaciones/11.1.4-Fuente_General FAILED.
Reason:
com.kms.katalon.core.exception.StepFailedException: Unable to accept alert
	at com.kms.katalon.core.webui.keyword.internal.WebUIKeywordMain.stepFailed(WebUIKeywordMain.groovy:64)
	at com.kms.katalon.core.webui.keyword.internal.WebUIKeywordMain.runKeyword(WebUIKeywordMain.groovy:26)
	at com.kms.katalon.core.webui.keyword.builtin.AcceptAlertKeyword.acceptAlert(AcceptAlertKeyword.groovy:71)
	at com.kms.katalon.core.webui.keyword.builtin.AcceptAlertKeyword.execute(AcceptAlertKeyword.groovy:66)
	at com.kms.katalon.core.keyword.internal.KeywordExecutor.executeKeywordForPlatform(KeywordExecutor.groovy:74)
	at com.kms.katalon.core.webui.keyword.WebUiBuiltInKeywords.acceptAlert(WebUiBuiltInKeywords.groovy:1522)
	at com.kms.katalon.core.webui.keyword.WebUiBuiltInKeywords$acceptAlert$16.call(Unknown Source)
	at 11.1.4-Fuente_General.run(11.1.4-Fuente_General:58)
	at com.kms.katalon.core.main.ScriptEngine.run(ScriptEngine.java:194)
	at com.kms.katalon.core.main.ScriptEngine.runScriptAsRawText(ScriptEngine.java:119)
	at com.kms.katalon.core.main.TestCaseExecutor.runScript(TestCaseExecutor.java:445)
	at com.kms.katalon.core.main.TestCaseExecutor.doExecute(TestCaseExecutor.java:436)
	at com.kms.katalon.core.main.TestCaseExecutor.processExecutionPhase(TestCaseExecutor.java:415)
	at com.kms.katalon.core.main.TestCaseExecutor.accessMainPhase(TestCaseExecutor.java:407)
	at com.kms.katalon.core.main.TestCaseExecutor.execute(TestCaseExecutor.java:284)
	at com.kms.katalon.core.common.CommonExecutor.accessTestCaseMainPhase(CommonExecutor.java:65)
	at com.kms.katalon.core.main.TestSuiteExecutor.accessTestSuiteMainPhase(TestSuiteExecutor.java:144)
	at com.kms.katalon.core.main.TestSuiteExecutor.execute(TestSuiteExecutor.java:106)
	at com.kms.katalon.core.main.TestCaseMain.startTestSuite(TestCaseMain.java:185)
	at com.kms.katalon.core.main.TestCaseMain$startTestSuite$0.call(Unknown Source)
	at TempTestSuite1651612210355.run(TempTestSuite1651612210355.groovy:36)
Caused by: com.kms.katalon.core.exception.StepFailedException: No alert found
	at com.kms.katalon.core.webui.keyword.internal.WebUIKeywordMain.stepFailed(WebUIKeywordMain.groovy:64)
	at com.kms.katalon.core.webui.keyword.builtin.AcceptAlertKeyword$_acceptAlert_closure1.doCall(AcceptAlertKeyword.groovy:78)
	at com.kms.katalon.core.webui.keyword.builtin.AcceptAlertKeyword$_acceptAlert_closure1.call(AcceptAlertKeyword.groovy)
	at com.kms.katalon.core.webui.keyword.internal.WebUIKeywordMain.runKeyword(WebUIKeywordMain.groovy:20)
	... 19 more]]></system-err>
   </testsuite>
</testsuites>
