<?xml version="1.0" encoding="UTF-8"?>
<testsuites name="6-Pruebas_seguridad" time="77.921" tests="3" failures="0" errors="0">
   <testsuite name="6-Pruebas_seguridad" tests="3" failures="0" errors="0" time="77.921" skipped="0" timestamp="2022-03-08 14:33:34" hostname="diego.rojas - US-AF-000371" id="Test Suites/6-Pruebas_seguridad">
      <properties>
         <property name="deviceName" value=""/>
         <property name="devicePlatform" value=""/>
         <property name="logFolder" value="C:\\Users\\diego.rojas\\git\\Pruebas-Minimas\\Reports\\20220308_142515\\6-Pruebas_seguridad\\20220308_142547"/>
         <property name="logFiles" value="C:\\Users\\diego.rojas\\git\\Pruebas-Minimas\\Reports\\20220308_142515\\6-Pruebas_seguridad\\20220308_142547\\execution0.log"/>
         <property name="attachments" value=""/>
         <property name="hostName" value="diego.rojas - US-AF-000371"/>
         <property name="os" value="Windows 10 64bit"/>
         <property name="katalonVersion" value="8.2.5.208"/>
         <property name="browser" value="Chrome 98.0.4758.102"/>
         <property name="hostAddress" value="192.168.56.1"/>
         <property name="sessionId" value="effca8f0ef137b797d4e18bc1ed3fbae"/>
         <property name="seleniumVersion" value="3.141.59"/>
         <property name="proxyInformation" value="ProxyInformation { proxyOption=NO_PROXY, proxyServerType=HTTP, username=, password=********, proxyServerAddress=, proxyServerPort=0, executionList=&quot;&quot;, isApplyToDesiredCapabilities=true }"/>
         <property name="platform" value="Windows 10"/>
      </properties>
      <testcase name="Test Cases/6.1-Pruebas_Seguridad/6.1.1-Crear_Usuario,_contraseña,_Accesos_Particulares" time="33.927" classname="Test Cases/6.1-Pruebas_Seguridad/6.1.1-Crear_Usuario,_contraseña,_Accesos_Particulares" status="PASSED">
         <system-out><![CDATA[2022-03-08 14:33:35 - [TEST_CASE][PASSED] - Test Cases/6.1-Pruebas_Seguridad/6.1.1-Crear_Usuario,_contraseña,_Accesos_Particulares: Test Cases/6.1-Pruebas_Seguridad/6.1.1-Crear_Usuario,_contraseña,_Accesos_Particulares

2022-03-08 14:33:35 - [TEST_STEP][PASSED] - today = new java.util.Date(): null

2022-03-08 14:33:35 - [TEST_STEP][PASSED] - todaysDate = today.format("dd/MM/yyyy HH:mm"): null

2022-03-08 14:33:35 - [TEST_STEP][PASSED] - random_double = Math.random() * 9999 + 999: null

2022-03-08 14:33:35 - [TEST_STEP][PASSED] - random_double = Math.round(random_double * 1000): null

2022-03-08 14:33:35 - [TEST_STEP][PASSED] - identificacion = toString().replace(".0", ""): null

2022-03-08 14:33:35 - [TEST_STEP][PASSED] - callTestCase(findTestCase("Utilidades-(atajos_para _tareas)/Login_Seguridad/Login-Seguridad"), [:], STOP_ON_FAILURE): Call Test Case 'Test Cases/Utilidades-(atajos_para _tareas)/Login_Seguridad/Login-Seguridad' successfully

2022-03-08 14:33:36 - [TEST_CASE][PASSED] - Test Cases/Utilidades-(atajos_para _tareas)/Login_Seguridad/Login-Seguridad: Test Cases/Utilidades-(atajos_para _tareas)/Login_Seguridad/Login-Seguridad

2022-03-08 14:33:37 - [TEST_STEP][PASSED] - openBrowser(""): Browser is opened with url: ''

2022-03-08 14:33:37 - [MESSAGE][INFO] - Starting 'Chrome' driver

2022-03-08 14:33:37 - [MESSAGE][INFO] - Action delay is set to 0 milliseconds

2022-03-08 14:33:39 - [MESSAGE][PASSED] - Browser is opened with url: ''

2022-03-08 14:33:39 - [TEST_STEP][PASSED] - maximizeWindow(): Current window maximized

2022-03-08 14:33:40 - [MESSAGE][PASSED] - Current window maximized

2022-03-08 14:33:40 - [TEST_STEP][PASSED] - i = G_Login_Seguridad: null

2022-03-08 14:33:40 - [TEST_STEP][PASSED] - url = new java.net.URL(i): null

2022-03-08 14:33:40 - [TEST_STEP][PASSED] - println("URL: " + url.toString()): null

2022-03-08 14:33:40 - [TEST_STEP][PASSED] - connection = url.openConnection(): null

2022-03-08 14:33:40 - [TEST_STEP][PASSED] - connection.setRequestMethod("GET"): null

2022-03-08 14:33:40 - [TEST_STEP][PASSED] - connection.setReadTimeout(2 * 1000): null

2022-03-08 14:33:40 - [TEST_STEP][PASSED] - try: null

2022-03-08 14:33:40 - [TEST_STEP][PASSED] - connection.connect(): null

2022-03-08 14:33:40 - [TEST_STEP][PASSED] - flag = connected: null

2022-03-08 14:33:40 - [TEST_STEP][PASSED] - println("Valor_ori: " + flag): null

2022-03-08 14:33:40 - [TEST_STEP][PASSED] - if (flag): null

2022-03-08 14:33:40 - [TEST_STEP][PASSED] - navigateToUrl(i): Navigate to 'http://192.168.2.80:8380/seguridadweb/' successfully

2022-03-08 14:33:41 - [MESSAGE][PASSED] - Navigate to 'http://192.168.2.80:8380/seguridadweb/' successfully

2022-03-08 14:33:41 - [TEST_STEP][PASSED] - a(): null

2022-03-08 14:33:41 - [TEST_STEP][PASSED] - setText(findTestObject("Login/input_USUARIO_loginusuario"), G_Usuario): Text 'saraadmin' is set on object 'Object Repository/Login/input_USUARIO_loginusuario'

2022-03-08 14:33:43 - [MESSAGE][PASSED] - Text 'saraadmin' is set on object 'Object Repository/Login/input_USUARIO_loginusuario'

2022-03-08 14:33:43 - [TEST_STEP][PASSED] - setEncryptedText(findTestObject("Login/input_CLAVE_loginpassword"), "MkG4/TYiCFC3cb2driP7+Q=="): Text ****** has been set on object 'Object Repository/Login/input_CLAVE_loginpassword'

2022-03-08 14:33:44 - [MESSAGE][PASSED] - Text ****** has been set on object 'Object Repository/Login/input_CLAVE_loginpassword'

2022-03-08 14:33:44 - [TEST_STEP][PASSED] - waitForElementClickable(findTestObject("Login/a_Ingresar"), G_TimeOut): Object 'Object Repository/Login/a_Ingresar' is clickable

2022-03-08 14:33:44 - [MESSAGE][PASSED] - Object 'Object Repository/Login/a_Ingresar' is clickable

2022-03-08 14:33:44 - [TEST_STEP][PASSED] - click(findTestObject("Login/a_Ingresar")): Object: 'Object Repository/Login/a_Ingresar' is clicked on

2022-03-08 14:33:45 - [MESSAGE][PASSED] - Object: 'Object Repository/Login/a_Ingresar' is clicked on

2022-03-08 14:33:45 - [TEST_STEP][PASSED] - element = findWebElement(findTestObject("Login/a_Ir"), 30): null

2022-03-08 14:33:46 - [TEST_STEP][PASSED] - executeJavaScript("arguments[0].click()", Arrays.asList(element)): Execute JavaScript 'arguments[0].click()' successfully

2022-03-08 14:33:46 - [MESSAGE][PASSED] - Execute JavaScript 'arguments[0].click()' successfully

2022-03-08 14:33:46 - [MESSAGE][PASSED] - Call Test Case 'Test Cases/Utilidades-(atajos_para _tareas)/Login_Seguridad/Login-Seguridad' successfully

2022-03-08 14:33:46 - [TEST_STEP][PASSED] - setText(findTestObject("Modulo Pruebas Seguridad/Crear_Usuario,_contraseña,_Accesos_Particulares/input_Usuario_form_templatej_idt24_input"), "Usuario"): Text 'Usuario' is set on object 'Object Repository/Modulo Pruebas Seguridad/Crear_Usuario,_contraseña,_Accesos_Particulares/input_Usuario_form_templatej_idt24_input'

2022-03-08 14:33:47 - [MESSAGE][PASSED] - Text 'Usuario' is set on object 'Object Repository/Modulo Pruebas Seguridad/Crear_Usuario,_contraseña,_Accesos_Particulares/input_Usuario_form_templatej_idt24_input'

2022-03-08 14:33:47 - [TEST_STEP][PASSED] - click(findTestObject("Modulo Pruebas Seguridad/Crear_Usuario,_contraseña,_Accesos_Particulares/span_Usuario")): Object: 'Object Repository/Modulo Pruebas Seguridad/Crear_Usuario,_contraseña,_Accesos_Particulares/span_Usuario' is clicked on

2022-03-08 14:33:48 - [MESSAGE][PASSED] - Object: 'Object Repository/Modulo Pruebas Seguridad/Crear_Usuario,_contraseña,_Accesos_Particulares/span_Usuario' is clicked on

2022-03-08 14:33:48 - [TEST_STEP][PASSED] - if (waitForElementVisible(findTestObject("Modulo Pruebas Seguridad/Crear_Usuario,_contraseña,_Accesos_Particulares/span_Pruebas Katalon"), 1)): null

2022-03-08 14:33:50 - [MESSAGE][PASSED] - Object 'Object Repository/Modulo Pruebas Seguridad/Crear_Usuario,_contraseña,_Accesos_Particulares/span_Pruebas Katalon' is visible

2022-03-08 14:33:50 - [TEST_STEP][PASSED] - click(findTestObject("Modulo Pruebas Seguridad/Crear_Usuario,_contraseña,_Accesos_Particulares/span_Pruebas Katalon")): Object: 'Object Repository/Modulo Pruebas Seguridad/Crear_Usuario,_contraseña,_Accesos_Particulares/span_Pruebas Katalon' is clicked on

2022-03-08 14:33:50 - [MESSAGE][PASSED] - Object: 'Object Repository/Modulo Pruebas Seguridad/Crear_Usuario,_contraseña,_Accesos_Particulares/span_Pruebas Katalon' is clicked on

2022-03-08 14:33:50 - [TEST_STEP][PASSED] - click(findTestObject("Modulo Pruebas Seguridad/Crear_Usuario,_contraseña,_Accesos_Particulares/a_Acceso Particular")): Object: 'Object Repository/Modulo Pruebas Seguridad/Crear_Usuario,_contraseña,_Accesos_Particulares/a_Acceso Particular' is clicked on

2022-03-08 14:33:51 - [MESSAGE][PASSED] - Object: 'Object Repository/Modulo Pruebas Seguridad/Crear_Usuario,_contraseña,_Accesos_Particulares/a_Acceso Particular' is clicked on

2022-03-08 14:33:51 - [TEST_STEP][PASSED] - if (waitForElementPresent(findTestObject("Modulo Pruebas Seguridad/Crear_Usuario,_contraseña,_Accesos_Particulares/a_SARA_usuarioformatabtabla_roles0j_idt147"), 1)): null

2022-03-08 14:33:51 - [MESSAGE][PASSED] - Object 'Object Repository/Modulo Pruebas Seguridad/Crear_Usuario,_contraseña,_Accesos_Particulares/a_SARA_usuarioformatabtabla_roles0j_idt147' is present

2022-03-08 14:33:51 - [TEST_STEP][PASSED] - click(findTestObject("Modulo Pruebas Seguridad/Crear_Usuario,_contraseña,_Accesos_Particulares/a_SARA_usuarioformatabtabla_roles0j_idt147")): Object: 'Object Repository/Modulo Pruebas Seguridad/Crear_Usuario,_contraseña,_Accesos_Particulares/a_SARA_usuarioformatabtabla_roles0j_idt147' is clicked on

2022-03-08 14:33:52 - [MESSAGE][PASSED] - Object: 'Object Repository/Modulo Pruebas Seguridad/Crear_Usuario,_contraseña,_Accesos_Particulares/a_SARA_usuarioformatabtabla_roles0j_idt147' is clicked on

2022-03-08 14:33:52 - [TEST_STEP][PASSED] - click(findTestObject("Modulo Pruebas Seguridad/Crear_Usuario,_contraseña,_Accesos_Particulares/a_link_aceptar")): Object: 'Object Repository/Modulo Pruebas Seguridad/Crear_Usuario,_contraseña,_Accesos_Particulares/a_link_aceptar' is clicked on

2022-03-08 14:33:52 - [MESSAGE][PASSED] - Object: 'Object Repository/Modulo Pruebas Seguridad/Crear_Usuario,_contraseña,_Accesos_Particulares/a_link_aceptar' is clicked on

2022-03-08 14:33:52 - [TEST_STEP][PASSED] - click(findTestObject("Modulo Pruebas Seguridad/Crear_Usuario,_contraseña,_Accesos_Particulares/a_Informacin")): Object: 'Object Repository/Modulo Pruebas Seguridad/Crear_Usuario,_contraseña,_Accesos_Particulares/a_Informacin' is clicked on

2022-03-08 14:33:53 - [MESSAGE][PASSED] - Object: 'Object Repository/Modulo Pruebas Seguridad/Crear_Usuario,_contraseña,_Accesos_Particulares/a_Informacin' is clicked on

2022-03-08 14:33:53 - [TEST_STEP][PASSED] - click(findTestObject("Modulo Pruebas Seguridad/Crear_Usuario,_contraseña,_Accesos_Particulares/a_Eliminar")): Object: 'Object Repository/Modulo Pruebas Seguridad/Crear_Usuario,_contraseña,_Accesos_Particulares/a_Eliminar' is clicked on

2022-03-08 14:33:54 - [MESSAGE][PASSED] - Object: 'Object Repository/Modulo Pruebas Seguridad/Crear_Usuario,_contraseña,_Accesos_Particulares/a_Eliminar' is clicked on

2022-03-08 14:33:54 - [TEST_STEP][PASSED] - click(findTestObject("Modulo Pruebas Seguridad/Crear_Usuario,_contraseña,_Accesos_Particulares/a_link_aceptar")): Object: 'Object Repository/Modulo Pruebas Seguridad/Crear_Usuario,_contraseña,_Accesos_Particulares/a_link_aceptar' is clicked on

2022-03-08 14:33:55 - [MESSAGE][PASSED] - Object: 'Object Repository/Modulo Pruebas Seguridad/Crear_Usuario,_contraseña,_Accesos_Particulares/a_link_aceptar' is clicked on

2022-03-08 14:33:55 - [TEST_STEP][PASSED] - click(findTestObject("Modulo Pruebas Seguridad/Crear_Usuario,_contraseña,_Accesos_Particulares/a_Nuevo")): Object: 'Object Repository/Modulo Pruebas Seguridad/Crear_Usuario,_contraseña,_Accesos_Particulares/a_Nuevo' is clicked on

2022-03-08 14:33:55 - [MESSAGE][PASSED] - Object: 'Object Repository/Modulo Pruebas Seguridad/Crear_Usuario,_contraseña,_Accesos_Particulares/a_Nuevo' is clicked on

2022-03-08 14:33:55 - [TEST_STEP][PASSED] - setText(findTestObject("Modulo Pruebas Seguridad/Crear_Usuario,_contraseña,_Accesos_Particulares/input_Sesin_usuarioformatablogin"), todaysDate): Text '08/03/2022 14:33' is set on object 'Object Repository/Modulo Pruebas Seguridad/Crear_Usuario,_contraseña,_Accesos_Particulares/input_Sesin_usuarioformatablogin'

2022-03-08 14:33:57 - [MESSAGE][PASSED] - Text '08/03/2022 14:33' is set on object 'Object Repository/Modulo Pruebas Seguridad/Crear_Usuario,_contraseña,_Accesos_Particulares/input_Sesin_usuarioformatablogin'

2022-03-08 14:33:57 - [TEST_STEP][PASSED] - setText(findTestObject("Modulo Pruebas Seguridad/Crear_Usuario,_contraseña,_Accesos_Particulares/input_Documento_usuarioformatabdocumento"), identificacion): Text '8286425' is set on object 'Object Repository/Modulo Pruebas Seguridad/Crear_Usuario,_contraseña,_Accesos_Particulares/input_Documento_usuarioformatabdocumento'

2022-03-08 14:33:57 - [MESSAGE][PASSED] - Text '8286425' is set on object 'Object Repository/Modulo Pruebas Seguridad/Crear_Usuario,_contraseña,_Accesos_Particulares/input_Documento_usuarioformatabdocumento'

2022-03-08 14:33:57 - [TEST_STEP][PASSED] - setText(findTestObject("Modulo Pruebas Seguridad/Crear_Usuario,_contraseña,_Accesos_Particulares/input_Nombre_usuarioformatabnombre"), "Pruebas Katalon"): Text 'Pruebas Katalon' is set on object 'Object Repository/Modulo Pruebas Seguridad/Crear_Usuario,_contraseña,_Accesos_Particulares/input_Nombre_usuarioformatabnombre'

2022-03-08 14:33:58 - [MESSAGE][PASSED] - Text 'Pruebas Katalon' is set on object 'Object Repository/Modulo Pruebas Seguridad/Crear_Usuario,_contraseña,_Accesos_Particulares/input_Nombre_usuarioformatabnombre'

2022-03-08 14:33:58 - [TEST_STEP][PASSED] - setText(findTestObject("Modulo Pruebas Seguridad/Crear_Usuario,_contraseña,_Accesos_Particulares/input_Correo_usuarioformatabemail"), identificacion + "noodle@gmail.com"): Text '8286425noodle@gmail.com' is set on object 'Object Repository/Modulo Pruebas Seguridad/Crear_Usuario,_contraseña,_Accesos_Particulares/input_Correo_usuarioformatabemail'

2022-03-08 14:33:59 - [MESSAGE][PASSED] - Text '8286425noodle@gmail.com' is set on object 'Object Repository/Modulo Pruebas Seguridad/Crear_Usuario,_contraseña,_Accesos_Particulares/input_Correo_usuarioformatabemail'

2022-03-08 14:33:59 - [TEST_STEP][PASSED] - click(findTestObject("Modulo Pruebas Seguridad/Crear_Usuario,_contraseña,_Accesos_Particulares/label_Activo")): Object: 'Object Repository/Modulo Pruebas Seguridad/Crear_Usuario,_contraseña,_Accesos_Particulares/label_Activo' is clicked on

2022-03-08 14:33:59 - [MESSAGE][PASSED] - Object: 'Object Repository/Modulo Pruebas Seguridad/Crear_Usuario,_contraseña,_Accesos_Particulares/label_Activo' is clicked on

2022-03-08 14:33:59 - [TEST_STEP][PASSED] - selectOptionByIndex(findTestObject("Modulo Pruebas Seguridad/Crear_Usuario,_contraseña,_Accesos_Particulares/select_-- Seleccione --Grupo a"), 1): All options with index in [1] are selected on object 'Object Repository/Modulo Pruebas Seguridad/Crear_Usuario,_contraseña,_Accesos_Particulares/select_-- Seleccione --Grupo a'

2022-03-08 14:34:00 - [MESSAGE][PASSED] - All options with index in [1] are selected on object 'Object Repository/Modulo Pruebas Seguridad/Crear_Usuario,_contraseña,_Accesos_Particulares/select_-- Seleccione --Grupo a'

2022-03-08 14:34:00 - [TEST_STEP][PASSED] - click(findTestObject("Modulo Pruebas Seguridad/Crear_Usuario,_contraseña,_Accesos_Particulares/a_Guardar")): Object: 'Object Repository/Modulo Pruebas Seguridad/Crear_Usuario,_contraseña,_Accesos_Particulares/a_Guardar' is clicked on

2022-03-08 14:34:01 - [MESSAGE][PASSED] - Object: 'Object Repository/Modulo Pruebas Seguridad/Crear_Usuario,_contraseña,_Accesos_Particulares/a_Guardar' is clicked on

2022-03-08 14:34:01 - [TEST_STEP][PASSED] - click(findTestObject("Modulo Pruebas Seguridad/Crear_Usuario,_contraseña,_Accesos_Particulares/a_Contrasea")): Object: 'Object Repository/Modulo Pruebas Seguridad/Crear_Usuario,_contraseña,_Accesos_Particulares/a_Contrasea' is clicked on

2022-03-08 14:34:01 - [MESSAGE][PASSED] - Object: 'Object Repository/Modulo Pruebas Seguridad/Crear_Usuario,_contraseña,_Accesos_Particulares/a_Contrasea' is clicked on

2022-03-08 14:34:01 - [TEST_STEP][PASSED] - setEncryptedText(findTestObject("Modulo Pruebas Seguridad/Crear_Usuario,_contraseña,_Accesos_Particulares/input_Contrasea_usuarioformatabpasswordNuevo"), "MkG4/TYiCFC3cb2driP7+Q=="): Text ****** has been set on object 'Object Repository/Modulo Pruebas Seguridad/Crear_Usuario,_contraseña,_Accesos_Particulares/input_Contrasea_usuarioformatabpasswordNuevo'

2022-03-08 14:34:02 - [MESSAGE][PASSED] - Text ****** has been set on object 'Object Repository/Modulo Pruebas Seguridad/Crear_Usuario,_contraseña,_Accesos_Particulares/input_Contrasea_usuarioformatabpasswordNuevo'

2022-03-08 14:34:02 - [TEST_STEP][PASSED] - setEncryptedText(findTestObject("Modulo Pruebas Seguridad/Crear_Usuario,_contraseña,_Accesos_Particulares/input_Confirmar_usuarioformatabpasswordConfirma"), "MkG4/TYiCFC3cb2driP7+Q=="): Text ****** has been set on object 'Object Repository/Modulo Pruebas Seguridad/Crear_Usuario,_contraseña,_Accesos_Particulares/input_Confirmar_usuarioformatabpasswordConfirma'

2022-03-08 14:34:02 - [MESSAGE][PASSED] - Text ****** has been set on object 'Object Repository/Modulo Pruebas Seguridad/Crear_Usuario,_contraseña,_Accesos_Particulares/input_Confirmar_usuarioformatabpasswordConfirma'

2022-03-08 14:34:02 - [TEST_STEP][PASSED] - click(findTestObject("Modulo Pruebas Seguridad/Crear_Usuario,_contraseña,_Accesos_Particulares/a_Actualizar")): Object: 'Object Repository/Modulo Pruebas Seguridad/Crear_Usuario,_contraseña,_Accesos_Particulares/a_Actualizar' is clicked on

2022-03-08 14:34:03 - [MESSAGE][PASSED] - Object: 'Object Repository/Modulo Pruebas Seguridad/Crear_Usuario,_contraseña,_Accesos_Particulares/a_Actualizar' is clicked on

2022-03-08 14:34:03 - [TEST_STEP][PASSED] - click(findTestObject("Modulo Pruebas Seguridad/Crear_Usuario,_contraseña,_Accesos_Particulares/a_Acceso Particular")): Object: 'Object Repository/Modulo Pruebas Seguridad/Crear_Usuario,_contraseña,_Accesos_Particulares/a_Acceso Particular' is clicked on

2022-03-08 14:34:03 - [MESSAGE][PASSED] - Object: 'Object Repository/Modulo Pruebas Seguridad/Crear_Usuario,_contraseña,_Accesos_Particulares/a_Acceso Particular' is clicked on

2022-03-08 14:34:03 - [TEST_STEP][PASSED] - selectOptionByIndex(findTestObject("Modulo Pruebas Seguridad/Crear_Usuario,_contraseña,_Accesos_Particulares/select_Seleccione1ADMINISTRADORADMINISTRADOR_MASIVO"), 15): All options with index in [15] are selected on object 'Object Repository/Modulo Pruebas Seguridad/Crear_Usuario,_contraseña,_Accesos_Particulares/select_Seleccione1ADMINISTRADORADMINISTRADOR_MASIVO'

2022-03-08 14:34:04 - [MESSAGE][PASSED] - All options with index in [15] are selected on object 'Object Repository/Modulo Pruebas Seguridad/Crear_Usuario,_contraseña,_Accesos_Particulares/select_Seleccione1ADMINISTRADORADMINISTRADOR_MASIVO'

2022-03-08 14:34:04 - [TEST_STEP][PASSED] - selectOptionByIndex(findTestObject("Modulo Pruebas Seguridad/Crear_Usuario,_contraseña,_Accesos_Particulares/select_SeleccioneEmpresa 1Empresa 1"), 1): All options with index in [1] are selected on object 'Object Repository/Modulo Pruebas Seguridad/Crear_Usuario,_contraseña,_Accesos_Particulares/select_SeleccioneEmpresa 1Empresa 1'

2022-03-08 14:34:05 - [MESSAGE][PASSED] - All options with index in [1] are selected on object 'Object Repository/Modulo Pruebas Seguridad/Crear_Usuario,_contraseña,_Accesos_Particulares/select_SeleccioneEmpresa 1Empresa 1'

2022-03-08 14:34:05 - [TEST_STEP][PASSED] - selectOptionByIndex(findTestObject("Modulo Pruebas Seguridad/Crear_Usuario,_contraseña,_Accesos_Particulares/select_SeleccioneSaraDS_Jboss (CompensacionDS)SaraDS_weblogic (CompensacionDS)seguridad jdbcSeguridadDS_Jboss"), 1): All options with index in [1] are selected on object 'Object Repository/Modulo Pruebas Seguridad/Crear_Usuario,_contraseña,_Accesos_Particulares/select_SeleccioneSaraDS_Jboss (CompensacionDS)SaraDS_weblogic (CompensacionDS)seguridad jdbcSeguridadDS_Jboss'

2022-03-08 14:34:06 - [MESSAGE][PASSED] - All options with index in [1] are selected on object 'Object Repository/Modulo Pruebas Seguridad/Crear_Usuario,_contraseña,_Accesos_Particulares/select_SeleccioneSaraDS_Jboss (CompensacionDS)SaraDS_weblogic (CompensacionDS)seguridad jdbcSeguridadDS_Jboss'

2022-03-08 14:34:06 - [TEST_STEP][PASSED] - selectOptionByIndex(findTestObject("Modulo Pruebas Seguridad/Crear_Usuario,_contraseña,_Accesos_Particulares/select_--Seleccione--NUCLEO SISTEMASARAPORTAL SARASARA PRIMESARA APPSOFIASEGURIDADLMSSERVICIOSREGISTRO PERSONA"), 2): All options with index in [2] are selected on object 'Object Repository/Modulo Pruebas Seguridad/Crear_Usuario,_contraseña,_Accesos_Particulares/select_--Seleccione--NUCLEO SISTEMASARAPORTAL SARASARA PRIMESARA APPSOFIASEGURIDADLMSSERVICIOSREGISTRO PERSONA'

2022-03-08 14:34:08 - [MESSAGE][PASSED] - All options with index in [2] are selected on object 'Object Repository/Modulo Pruebas Seguridad/Crear_Usuario,_contraseña,_Accesos_Particulares/select_--Seleccione--NUCLEO SISTEMASARAPORTAL SARASARA PRIMESARA APPSOFIASEGURIDADLMSSERVICIOSREGISTRO PERSONA'

2022-03-08 14:34:08 - [TEST_STEP][PASSED] - click(findTestObject("Modulo Pruebas Seguridad/Crear_Usuario,_contraseña,_Accesos_Particulares/a_Aplicacin_usuarioformatabtabla_rolesj_idt148")): Object: 'Object Repository/Modulo Pruebas Seguridad/Crear_Usuario,_contraseña,_Accesos_Particulares/a_Aplicacin_usuarioformatabtabla_rolesj_idt148' is clicked on

2022-03-08 14:34:08 - [MESSAGE][PASSED] - Object: 'Object Repository/Modulo Pruebas Seguridad/Crear_Usuario,_contraseña,_Accesos_Particulares/a_Aplicacin_usuarioformatabtabla_rolesj_idt148' is clicked on

2022-03-08 14:34:08 - [TEST_STEP][PASSED] - closeBrowser(): Browser is closed

2022-03-08 14:34:09 - [MESSAGE][PASSED] - Browser is closed]]></system-out>
         <system-err><![CDATA[]]></system-err>
      </testcase>
      <testcase name="Test Cases/6.1-Pruebas_Seguridad/6.1.2-Crear_Rol_y_Acceso_Roles" time="25.819" classname="Test Cases/6.1-Pruebas_Seguridad/6.1.2-Crear_Rol_y_Acceso_Roles" status="PASSED">
         <system-out><![CDATA[2022-03-08 14:34:09 - [TEST_CASE][PASSED] - Test Cases/6.1-Pruebas_Seguridad/6.1.2-Crear_Rol_y_Acceso_Roles: Test Cases/6.1-Pruebas_Seguridad/6.1.2-Crear_Rol_y_Acceso_Roles

2022-03-08 14:34:09 - [TEST_STEP][PASSED] - callTestCase(findTestCase("Utilidades-(atajos_para _tareas)/Login_Seguridad/Login-Seguridad"), [:], STOP_ON_FAILURE): Call Test Case 'Test Cases/Utilidades-(atajos_para _tareas)/Login_Seguridad/Login-Seguridad' successfully

2022-03-08 14:34:09 - [TEST_CASE][PASSED] - Test Cases/Utilidades-(atajos_para _tareas)/Login_Seguridad/Login-Seguridad: Test Cases/Utilidades-(atajos_para _tareas)/Login_Seguridad/Login-Seguridad

2022-03-08 14:34:09 - [TEST_STEP][PASSED] - openBrowser(""): Browser is opened with url: ''

2022-03-08 14:34:09 - [MESSAGE][INFO] - Starting 'Chrome' driver

2022-03-08 14:34:09 - [MESSAGE][INFO] - Action delay is set to 0 milliseconds

2022-03-08 14:34:11 - [MESSAGE][PASSED] - Browser is opened with url: ''

2022-03-08 14:34:11 - [TEST_STEP][PASSED] - maximizeWindow(): Current window maximized

2022-03-08 14:34:11 - [MESSAGE][PASSED] - Current window maximized

2022-03-08 14:34:11 - [TEST_STEP][PASSED] - i = G_Login_Seguridad: null

2022-03-08 14:34:11 - [TEST_STEP][PASSED] - url = new java.net.URL(i): null

2022-03-08 14:34:11 - [TEST_STEP][PASSED] - println("URL: " + url.toString()): null

2022-03-08 14:34:11 - [TEST_STEP][PASSED] - connection = url.openConnection(): null

2022-03-08 14:34:11 - [TEST_STEP][PASSED] - connection.setRequestMethod("GET"): null

2022-03-08 14:34:11 - [TEST_STEP][PASSED] - connection.setReadTimeout(2 * 1000): null

2022-03-08 14:34:11 - [TEST_STEP][PASSED] - try: null

2022-03-08 14:34:11 - [TEST_STEP][PASSED] - connection.connect(): null

2022-03-08 14:34:11 - [TEST_STEP][PASSED] - flag = connected: null

2022-03-08 14:34:11 - [TEST_STEP][PASSED] - println("Valor_ori: " + flag): null

2022-03-08 14:34:11 - [TEST_STEP][PASSED] - if (flag): null

2022-03-08 14:34:11 - [TEST_STEP][PASSED] - navigateToUrl(i): Navigate to 'http://192.168.2.80:8380/seguridadweb/' successfully

2022-03-08 14:34:11 - [MESSAGE][PASSED] - Navigate to 'http://192.168.2.80:8380/seguridadweb/' successfully

2022-03-08 14:34:11 - [TEST_STEP][PASSED] - a(): null

2022-03-08 14:34:11 - [TEST_STEP][PASSED] - setText(findTestObject("Login/input_USUARIO_loginusuario"), G_Usuario): Text 'saraadmin' is set on object 'Object Repository/Login/input_USUARIO_loginusuario'

2022-03-08 14:34:12 - [MESSAGE][PASSED] - Text 'saraadmin' is set on object 'Object Repository/Login/input_USUARIO_loginusuario'

2022-03-08 14:34:12 - [TEST_STEP][PASSED] - setEncryptedText(findTestObject("Login/input_CLAVE_loginpassword"), "MkG4/TYiCFC3cb2driP7+Q=="): Text ****** has been set on object 'Object Repository/Login/input_CLAVE_loginpassword'

2022-03-08 14:34:12 - [MESSAGE][PASSED] - Text ****** has been set on object 'Object Repository/Login/input_CLAVE_loginpassword'

2022-03-08 14:34:12 - [TEST_STEP][PASSED] - waitForElementClickable(findTestObject("Login/a_Ingresar"), G_TimeOut): Object 'Object Repository/Login/a_Ingresar' is clickable

2022-03-08 14:34:13 - [MESSAGE][PASSED] - Object 'Object Repository/Login/a_Ingresar' is clickable

2022-03-08 14:34:13 - [TEST_STEP][PASSED] - click(findTestObject("Login/a_Ingresar")): Object: 'Object Repository/Login/a_Ingresar' is clicked on

2022-03-08 14:34:13 - [MESSAGE][PASSED] - Object: 'Object Repository/Login/a_Ingresar' is clicked on

2022-03-08 14:34:13 - [TEST_STEP][PASSED] - element = findWebElement(findTestObject("Login/a_Ir"), 30): null

2022-03-08 14:34:14 - [TEST_STEP][PASSED] - executeJavaScript("arguments[0].click()", Arrays.asList(element)): Execute JavaScript 'arguments[0].click()' successfully

2022-03-08 14:34:14 - [MESSAGE][PASSED] - Execute JavaScript 'arguments[0].click()' successfully

2022-03-08 14:34:14 - [MESSAGE][PASSED] - Call Test Case 'Test Cases/Utilidades-(atajos_para _tareas)/Login_Seguridad/Login-Seguridad' successfully

2022-03-08 14:34:14 - [TEST_STEP][PASSED] - setText(findTestObject("Modulo Pruebas Seguridad/Crear_Rol_y_Acceso_Roles/input_Usuario_form_templatej_idt24_input"), "Roles"): Text 'Roles' is set on object 'Object Repository/Modulo Pruebas Seguridad/Crear_Rol_y_Acceso_Roles/input_Usuario_form_templatej_idt24_input'

2022-03-08 14:34:15 - [MESSAGE][PASSED] - Text 'Roles' is set on object 'Object Repository/Modulo Pruebas Seguridad/Crear_Rol_y_Acceso_Roles/input_Usuario_form_templatej_idt24_input'

2022-03-08 14:34:15 - [TEST_STEP][PASSED] - click(findTestObject("Modulo Pruebas Seguridad/Crear_Rol_y_Acceso_Roles/li_Roles")): Object: 'Object Repository/Modulo Pruebas Seguridad/Crear_Rol_y_Acceso_Roles/li_Roles' is clicked on

2022-03-08 14:34:16 - [MESSAGE][PASSED] - Object: 'Object Repository/Modulo Pruebas Seguridad/Crear_Rol_y_Acceso_Roles/li_Roles' is clicked on

2022-03-08 14:34:16 - [TEST_STEP][PASSED] - setText(findTestObject("Modulo Pruebas Seguridad/Crear_Rol_y_Acceso_Roles/input_Portal_formj_idt61"), "pruebas katalon"): Text 'pruebas katalon' is set on object 'Object Repository/Modulo Pruebas Seguridad/Crear_Rol_y_Acceso_Roles/input_Portal_formj_idt61'

2022-03-08 14:34:18 - [MESSAGE][PASSED] - Text 'pruebas katalon' is set on object 'Object Repository/Modulo Pruebas Seguridad/Crear_Rol_y_Acceso_Roles/input_Portal_formj_idt61'

2022-03-08 14:34:18 - [TEST_STEP][PASSED] - sendKeys(findTestObject("Modulo Pruebas Seguridad/Crear_Rol_y_Acceso_Roles/input_Portal_formj_idt61"), Keys.chord(ENTER)): Keys 'ENTER + ' sent to object: 'Object Repository/Modulo Pruebas Seguridad/Crear_Rol_y_Acceso_Roles/input_Portal_formj_idt61'

2022-03-08 14:34:19 - [MESSAGE][PASSED] - Keys 'ENTER + ' sent to object: 'Object Repository/Modulo Pruebas Seguridad/Crear_Rol_y_Acceso_Roles/input_Portal_formj_idt61'

2022-03-08 14:34:19 - [TEST_STEP][PASSED] - if (waitForElementVisible(findTestObject("Modulo Pruebas Seguridad/Crear_Rol_y_Acceso_Roles/td_Pruebas katalon"), 1)): null

2022-03-08 14:34:19 - [MESSAGE][PASSED] - Object 'Object Repository/Modulo Pruebas Seguridad/Crear_Rol_y_Acceso_Roles/td_Pruebas katalon' is visible

2022-03-08 14:34:19 - [TEST_STEP][PASSED] - click(findTestObject("Modulo Pruebas Seguridad/Crear_Rol_y_Acceso_Roles/td_Pruebas katalon")): Object: 'Object Repository/Modulo Pruebas Seguridad/Crear_Rol_y_Acceso_Roles/td_Pruebas katalon' is clicked on

2022-03-08 14:34:20 - [MESSAGE][PASSED] - Object: 'Object Repository/Modulo Pruebas Seguridad/Crear_Rol_y_Acceso_Roles/td_Pruebas katalon' is clicked on

2022-03-08 14:34:20 - [TEST_STEP][PASSED] - click(findTestObject("Modulo Pruebas Seguridad/Crear_Rol_y_Acceso_Roles/a_Acceso Roles")): Object: 'Object Repository/Modulo Pruebas Seguridad/Crear_Rol_y_Acceso_Roles/a_Acceso Roles' is clicked on

2022-03-08 14:34:20 - [MESSAGE][PASSED] - Object: 'Object Repository/Modulo Pruebas Seguridad/Crear_Rol_y_Acceso_Roles/a_Acceso Roles' is clicked on

2022-03-08 14:34:20 - [TEST_STEP][PASSED] - if (waitForElementClickable(findTestObject("Modulo Pruebas Seguridad/Crear_Rol_y_Acceso_Roles/a_SARA_formtabtabla_roles0j_idt134"), 1)): null

2022-03-08 14:34:21 - [MESSAGE][PASSED] - Object 'Object Repository/Modulo Pruebas Seguridad/Crear_Rol_y_Acceso_Roles/a_SARA_formtabtabla_roles0j_idt134' is clickable

2022-03-08 14:34:21 - [TEST_STEP][PASSED] - click(findTestObject("Modulo Pruebas Seguridad/Crear_Rol_y_Acceso_Roles/a_SARA_formtabtabla_roles0j_idt134")): Object: 'Object Repository/Modulo Pruebas Seguridad/Crear_Rol_y_Acceso_Roles/a_SARA_formtabtabla_roles0j_idt134' is clicked on

2022-03-08 14:34:21 - [MESSAGE][PASSED] - Object: 'Object Repository/Modulo Pruebas Seguridad/Crear_Rol_y_Acceso_Roles/a_SARA_formtabtabla_roles0j_idt134' is clicked on

2022-03-08 14:34:21 - [TEST_STEP][PASSED] - click(findTestObject("Modulo Pruebas Seguridad/Crear_Rol_y_Acceso_Roles/a_link_aceptar")): Object: 'Object Repository/Modulo Pruebas Seguridad/Crear_Rol_y_Acceso_Roles/a_link_aceptar' is clicked on

2022-03-08 14:34:22 - [MESSAGE][PASSED] - Object: 'Object Repository/Modulo Pruebas Seguridad/Crear_Rol_y_Acceso_Roles/a_link_aceptar' is clicked on

2022-03-08 14:34:22 - [TEST_STEP][PASSED] - click(findTestObject("Modulo Pruebas Seguridad/Crear_Rol_y_Acceso_Roles/a_Roles")): Object: 'Object Repository/Modulo Pruebas Seguridad/Crear_Rol_y_Acceso_Roles/a_Roles' is clicked on

2022-03-08 14:34:23 - [MESSAGE][PASSED] - Object: 'Object Repository/Modulo Pruebas Seguridad/Crear_Rol_y_Acceso_Roles/a_Roles' is clicked on

2022-03-08 14:34:23 - [TEST_STEP][PASSED] - click(findTestObject("Modulo Pruebas Seguridad/Crear_Rol_y_Acceso_Roles/a_Eliminar")): Object: 'Object Repository/Modulo Pruebas Seguridad/Crear_Rol_y_Acceso_Roles/a_Eliminar' is clicked on

2022-03-08 14:34:23 - [MESSAGE][PASSED] - Object: 'Object Repository/Modulo Pruebas Seguridad/Crear_Rol_y_Acceso_Roles/a_Eliminar' is clicked on

2022-03-08 14:34:23 - [TEST_STEP][PASSED] - click(findTestObject("Modulo Pruebas Seguridad/Crear_Rol_y_Acceso_Roles/a_link_aceptar")): Object: 'Object Repository/Modulo Pruebas Seguridad/Crear_Rol_y_Acceso_Roles/a_link_aceptar' is clicked on

2022-03-08 14:34:24 - [MESSAGE][PASSED] - Object: 'Object Repository/Modulo Pruebas Seguridad/Crear_Rol_y_Acceso_Roles/a_link_aceptar' is clicked on

2022-03-08 14:34:24 - [TEST_STEP][PASSED] - click(findTestObject("Modulo Pruebas Seguridad/Crear_Rol_y_Acceso_Roles/a_Nuevo")): Object: 'Object Repository/Modulo Pruebas Seguridad/Crear_Rol_y_Acceso_Roles/a_Nuevo' is clicked on

2022-03-08 14:34:25 - [MESSAGE][PASSED] - Object: 'Object Repository/Modulo Pruebas Seguridad/Crear_Rol_y_Acceso_Roles/a_Nuevo' is clicked on

2022-03-08 14:34:25 - [TEST_STEP][PASSED] - setText(findTestObject("Modulo Pruebas Seguridad/Crear_Rol_y_Acceso_Roles/input_Descripcin_formtabdescripcion"), "Pruebas katalon"): Text 'Pruebas katalon' is set on object 'Object Repository/Modulo Pruebas Seguridad/Crear_Rol_y_Acceso_Roles/input_Descripcin_formtabdescripcion'

2022-03-08 14:34:26 - [MESSAGE][PASSED] - Text 'Pruebas katalon' is set on object 'Object Repository/Modulo Pruebas Seguridad/Crear_Rol_y_Acceso_Roles/input_Descripcin_formtabdescripcion'

2022-03-08 14:34:26 - [TEST_STEP][PASSED] - selectOptionByIndex(findTestObject("Modulo Pruebas Seguridad/Crear_Rol_y_Acceso_Roles/select_Seleccin Tipo TolRol ClienteRol Funcional"), 2): All options with index in [2] are selected on object 'Object Repository/Modulo Pruebas Seguridad/Crear_Rol_y_Acceso_Roles/select_Seleccin Tipo TolRol ClienteRol Funcional'

2022-03-08 14:34:27 - [MESSAGE][PASSED] - All options with index in [2] are selected on object 'Object Repository/Modulo Pruebas Seguridad/Crear_Rol_y_Acceso_Roles/select_Seleccin Tipo TolRol ClienteRol Funcional'

2022-03-08 14:34:27 - [TEST_STEP][PASSED] - setText(findTestObject("Modulo Pruebas Seguridad/Crear_Rol_y_Acceso_Roles/input_Alias_formtabalias"), "pruebas k"): Text 'pruebas k' is set on object 'Object Repository/Modulo Pruebas Seguridad/Crear_Rol_y_Acceso_Roles/input_Alias_formtabalias'

2022-03-08 14:34:28 - [MESSAGE][PASSED] - Text 'pruebas k' is set on object 'Object Repository/Modulo Pruebas Seguridad/Crear_Rol_y_Acceso_Roles/input_Alias_formtabalias'

2022-03-08 14:34:28 - [TEST_STEP][PASSED] - selectOptionByIndex(findTestObject("Modulo Pruebas Seguridad/Crear_Rol_y_Acceso_Roles/select_-- Seleccione --Grupo a"), 1): All options with index in [1] are selected on object 'Object Repository/Modulo Pruebas Seguridad/Crear_Rol_y_Acceso_Roles/select_-- Seleccione --Grupo a'

2022-03-08 14:34:29 - [MESSAGE][PASSED] - All options with index in [1] are selected on object 'Object Repository/Modulo Pruebas Seguridad/Crear_Rol_y_Acceso_Roles/select_-- Seleccione --Grupo a'

2022-03-08 14:34:29 - [TEST_STEP][PASSED] - click(findTestObject("Modulo Pruebas Seguridad/Crear_Rol_y_Acceso_Roles/a_Guardar")): Object: 'Object Repository/Modulo Pruebas Seguridad/Crear_Rol_y_Acceso_Roles/a_Guardar' is clicked on

2022-03-08 14:34:29 - [MESSAGE][PASSED] - Object: 'Object Repository/Modulo Pruebas Seguridad/Crear_Rol_y_Acceso_Roles/a_Guardar' is clicked on

2022-03-08 14:34:29 - [TEST_STEP][PASSED] - click(findTestObject("Modulo Pruebas Seguridad/Crear_Rol_y_Acceso_Roles/a_Acceso Roles")): Object: 'Object Repository/Modulo Pruebas Seguridad/Crear_Rol_y_Acceso_Roles/a_Acceso Roles' is clicked on

2022-03-08 14:34:30 - [MESSAGE][PASSED] - Object: 'Object Repository/Modulo Pruebas Seguridad/Crear_Rol_y_Acceso_Roles/a_Acceso Roles' is clicked on

2022-03-08 14:34:30 - [TEST_STEP][PASSED] - selectOptionByIndex(findTestObject("Modulo Pruebas Seguridad/Crear_Rol_y_Acceso_Roles/select_SeleccioneEmpresa 1Empresa 1"), 1): All options with index in [1] are selected on object 'Object Repository/Modulo Pruebas Seguridad/Crear_Rol_y_Acceso_Roles/select_SeleccioneEmpresa 1Empresa 1'

2022-03-08 14:34:31 - [MESSAGE][PASSED] - All options with index in [1] are selected on object 'Object Repository/Modulo Pruebas Seguridad/Crear_Rol_y_Acceso_Roles/select_SeleccioneEmpresa 1Empresa 1'

2022-03-08 14:34:31 - [TEST_STEP][PASSED] - selectOptionByIndex(findTestObject("Modulo Pruebas Seguridad/Crear_Rol_y_Acceso_Roles/select_SeleccioneSaraDS_Jboss (CompensacionDS)SaraDS_weblogic (CompensacionDS)seguridad jdbcSeguridadDS_Jboss"), 1): All options with index in [1] are selected on object 'Object Repository/Modulo Pruebas Seguridad/Crear_Rol_y_Acceso_Roles/select_SeleccioneSaraDS_Jboss (CompensacionDS)SaraDS_weblogic (CompensacionDS)seguridad jdbcSeguridadDS_Jboss'

2022-03-08 14:34:32 - [MESSAGE][PASSED] - All options with index in [1] are selected on object 'Object Repository/Modulo Pruebas Seguridad/Crear_Rol_y_Acceso_Roles/select_SeleccioneSaraDS_Jboss (CompensacionDS)SaraDS_weblogic (CompensacionDS)seguridad jdbcSeguridadDS_Jboss'

2022-03-08 14:34:32 - [TEST_STEP][PASSED] - selectOptionByIndex(findTestObject("Modulo Pruebas Seguridad/Crear_Rol_y_Acceso_Roles/select_--Seleccione--NUCLEO SISTEMASARAPORTAL SARASARA PRIMESARA APPSOFIASEGURIDADLMSSERVICIOSREGISTRO PERSONA"), 2): All options with index in [2] are selected on object 'Object Repository/Modulo Pruebas Seguridad/Crear_Rol_y_Acceso_Roles/select_--Seleccione--NUCLEO SISTEMASARAPORTAL SARASARA PRIMESARA APPSOFIASEGURIDADLMSSERVICIOSREGISTRO PERSONA'

2022-03-08 14:34:33 - [MESSAGE][PASSED] - All options with index in [2] are selected on object 'Object Repository/Modulo Pruebas Seguridad/Crear_Rol_y_Acceso_Roles/select_--Seleccione--NUCLEO SISTEMASARAPORTAL SARASARA PRIMESARA APPSOFIASEGURIDADLMSSERVICIOSREGISTRO PERSONA'

2022-03-08 14:34:33 - [TEST_STEP][PASSED] - click(findTestObject("Modulo Pruebas Seguridad/Crear_Rol_y_Acceso_Roles/a_Filter by Aplicacin_formtabtabla_rolesj_idt135")): Object: 'Object Repository/Modulo Pruebas Seguridad/Crear_Rol_y_Acceso_Roles/a_Filter by Aplicacin_formtabtabla_rolesj_idt135' is clicked on

2022-03-08 14:34:34 - [MESSAGE][PASSED] - Object: 'Object Repository/Modulo Pruebas Seguridad/Crear_Rol_y_Acceso_Roles/a_Filter by Aplicacin_formtabtabla_rolesj_idt135' is clicked on

2022-03-08 14:34:34 - [TEST_STEP][PASSED] - closeBrowser(): Browser is closed

2022-03-08 14:34:35 - [MESSAGE][PASSED] - Browser is closed]]></system-out>
         <system-err><![CDATA[]]></system-err>
      </testcase>
      <testcase name="Test Cases/6.1-Pruebas_Seguridad/6.1.6-Crear_Empresa" time="17.393" classname="Test Cases/6.1-Pruebas_Seguridad/6.1.6-Crear_Empresa" status="PASSED">
         <system-out><![CDATA[2022-03-08 14:34:35 - [TEST_CASE][PASSED] - Test Cases/6.1-Pruebas_Seguridad/6.1.6-Crear_Empresa: Test Cases/6.1-Pruebas_Seguridad/6.1.6-Crear_Empresa

2022-03-08 14:34:35 - [TEST_STEP][PASSED] - callTestCase(findTestCase("Utilidades-(atajos_para _tareas)/Login_Seguridad/Login-Seguridad"), [:], STOP_ON_FAILURE): Call Test Case 'Test Cases/Utilidades-(atajos_para _tareas)/Login_Seguridad/Login-Seguridad' successfully

2022-03-08 14:34:35 - [TEST_CASE][PASSED] - Test Cases/Utilidades-(atajos_para _tareas)/Login_Seguridad/Login-Seguridad: Test Cases/Utilidades-(atajos_para _tareas)/Login_Seguridad/Login-Seguridad

2022-03-08 14:34:35 - [TEST_STEP][PASSED] - openBrowser(""): Browser is opened with url: ''

2022-03-08 14:34:35 - [MESSAGE][INFO] - Starting 'Chrome' driver

2022-03-08 14:34:35 - [MESSAGE][INFO] - Action delay is set to 0 milliseconds

2022-03-08 14:34:36 - [MESSAGE][PASSED] - Browser is opened with url: ''

2022-03-08 14:34:36 - [TEST_STEP][PASSED] - maximizeWindow(): Current window maximized

2022-03-08 14:34:36 - [MESSAGE][PASSED] - Current window maximized

2022-03-08 14:34:36 - [TEST_STEP][PASSED] - i = G_Login_Seguridad: null

2022-03-08 14:34:36 - [TEST_STEP][PASSED] - url = new java.net.URL(i): null

2022-03-08 14:34:36 - [TEST_STEP][PASSED] - println("URL: " + url.toString()): null

2022-03-08 14:34:36 - [TEST_STEP][PASSED] - connection = url.openConnection(): null

2022-03-08 14:34:36 - [TEST_STEP][PASSED] - connection.setRequestMethod("GET"): null

2022-03-08 14:34:36 - [TEST_STEP][PASSED] - connection.setReadTimeout(2 * 1000): null

2022-03-08 14:34:36 - [TEST_STEP][PASSED] - try: null

2022-03-08 14:34:36 - [TEST_STEP][PASSED] - connection.connect(): null

2022-03-08 14:34:36 - [TEST_STEP][PASSED] - flag = connected: null

2022-03-08 14:34:36 - [TEST_STEP][PASSED] - println("Valor_ori: " + flag): null

2022-03-08 14:34:36 - [TEST_STEP][PASSED] - if (flag): null

2022-03-08 14:34:36 - [TEST_STEP][PASSED] - navigateToUrl(i): Navigate to 'http://192.168.2.80:8380/seguridadweb/' successfully

2022-03-08 14:34:37 - [MESSAGE][PASSED] - Navigate to 'http://192.168.2.80:8380/seguridadweb/' successfully

2022-03-08 14:34:37 - [TEST_STEP][PASSED] - a(): null

2022-03-08 14:34:37 - [TEST_STEP][PASSED] - setText(findTestObject("Login/input_USUARIO_loginusuario"), G_Usuario): Text 'saraadmin' is set on object 'Object Repository/Login/input_USUARIO_loginusuario'

2022-03-08 14:34:38 - [MESSAGE][PASSED] - Text 'saraadmin' is set on object 'Object Repository/Login/input_USUARIO_loginusuario'

2022-03-08 14:34:38 - [TEST_STEP][PASSED] - setEncryptedText(findTestObject("Login/input_CLAVE_loginpassword"), "MkG4/TYiCFC3cb2driP7+Q=="): Text ****** has been set on object 'Object Repository/Login/input_CLAVE_loginpassword'

2022-03-08 14:34:39 - [MESSAGE][PASSED] - Text ****** has been set on object 'Object Repository/Login/input_CLAVE_loginpassword'

2022-03-08 14:34:39 - [TEST_STEP][PASSED] - waitForElementClickable(findTestObject("Login/a_Ingresar"), G_TimeOut): Object 'Object Repository/Login/a_Ingresar' is clickable

2022-03-08 14:34:39 - [MESSAGE][PASSED] - Object 'Object Repository/Login/a_Ingresar' is clickable

2022-03-08 14:34:39 - [TEST_STEP][PASSED] - click(findTestObject("Login/a_Ingresar")): Object: 'Object Repository/Login/a_Ingresar' is clicked on

2022-03-08 14:34:40 - [MESSAGE][PASSED] - Object: 'Object Repository/Login/a_Ingresar' is clicked on

2022-03-08 14:34:40 - [TEST_STEP][PASSED] - element = findWebElement(findTestObject("Login/a_Ir"), 30): null

2022-03-08 14:34:40 - [TEST_STEP][PASSED] - executeJavaScript("arguments[0].click()", Arrays.asList(element)): Execute JavaScript 'arguments[0].click()' successfully

2022-03-08 14:34:40 - [MESSAGE][PASSED] - Execute JavaScript 'arguments[0].click()' successfully

2022-03-08 14:34:40 - [MESSAGE][PASSED] - Call Test Case 'Test Cases/Utilidades-(atajos_para _tareas)/Login_Seguridad/Login-Seguridad' successfully

2022-03-08 14:34:40 - [TEST_STEP][PASSED] - setText(findTestObject("Modulo Pruebas Seguridad/Crear_Empresa/input_ADMINISTRADOR DEL SISTEMA - SARA_form_templatej_idt24_input"), "Empresa"): Text 'Empresa' is set on object 'Object Repository/Modulo Pruebas Seguridad/Crear_Empresa/input_ADMINISTRADOR DEL SISTEMA - SARA_form_templatej_idt24_input'

2022-03-08 14:34:42 - [MESSAGE][PASSED] - Text 'Empresa' is set on object 'Object Repository/Modulo Pruebas Seguridad/Crear_Empresa/input_ADMINISTRADOR DEL SISTEMA - SARA_form_templatej_idt24_input'

2022-03-08 14:34:42 - [TEST_STEP][PASSED] - click(findTestObject("Modulo Pruebas Seguridad/Crear_Empresa/span_Empresa")): Object: 'Object Repository/Modulo Pruebas Seguridad/Crear_Empresa/span_Empresa' is clicked on

2022-03-08 14:34:43 - [MESSAGE][PASSED] - Object: 'Object Repository/Modulo Pruebas Seguridad/Crear_Empresa/span_Empresa' is clicked on

2022-03-08 14:34:43 - [TEST_STEP][PASSED] - waitForElementVisible(findTestObject("Modulo Pruebas Seguridad/Crear_Empresa/td_Pruebas katalon"), 0): Object 'Object Repository/Modulo Pruebas Seguridad/Crear_Empresa/td_Pruebas katalon' is visible

2022-03-08 14:34:43 - [MESSAGE][WARNING] - Timeout '0' is invalid. Using default page load timeout: '30'

2022-03-08 14:34:44 - [MESSAGE][PASSED] - Object 'Object Repository/Modulo Pruebas Seguridad/Crear_Empresa/td_Pruebas katalon' is visible

2022-03-08 14:34:44 - [TEST_STEP][PASSED] - click(findTestObject("Modulo Pruebas Seguridad/Crear_Empresa/td_Pruebas katalon")): Object: 'Object Repository/Modulo Pruebas Seguridad/Crear_Empresa/td_Pruebas katalon' is clicked on

2022-03-08 14:34:44 - [MESSAGE][PASSED] - Object: 'Object Repository/Modulo Pruebas Seguridad/Crear_Empresa/td_Pruebas katalon' is clicked on

2022-03-08 14:34:44 - [TEST_STEP][PASSED] - click(findTestObject("Modulo Pruebas Seguridad/Crear_Empresa/a_Eliminar")): Object: 'Object Repository/Modulo Pruebas Seguridad/Crear_Empresa/a_Eliminar' is clicked on

2022-03-08 14:34:45 - [MESSAGE][PASSED] - Object: 'Object Repository/Modulo Pruebas Seguridad/Crear_Empresa/a_Eliminar' is clicked on

2022-03-08 14:34:45 - [TEST_STEP][PASSED] - click(findTestObject("Modulo Pruebas Seguridad/Crear_Empresa/a_link_aceptar")): Object: 'Object Repository/Modulo Pruebas Seguridad/Crear_Empresa/a_link_aceptar' is clicked on

2022-03-08 14:34:46 - [MESSAGE][PASSED] - Object: 'Object Repository/Modulo Pruebas Seguridad/Crear_Empresa/a_link_aceptar' is clicked on

2022-03-08 14:34:46 - [TEST_STEP][PASSED] - click(findTestObject("Modulo Pruebas Seguridad/Crear_Empresa/a_Nuevo")): Object: 'Object Repository/Modulo Pruebas Seguridad/Crear_Empresa/a_Nuevo' is clicked on

2022-03-08 14:34:46 - [MESSAGE][PASSED] - Object: 'Object Repository/Modulo Pruebas Seguridad/Crear_Empresa/a_Nuevo' is clicked on

2022-03-08 14:34:46 - [TEST_STEP][PASSED] - setText(findTestObject("Modulo Pruebas Seguridad/Crear_Empresa/input_Cdigo_empresa_formcodigoEmpresa"), "5"): Text '5' is set on object 'Object Repository/Modulo Pruebas Seguridad/Crear_Empresa/input_Cdigo_empresa_formcodigoEmpresa'

2022-03-08 14:34:47 - [MESSAGE][PASSED] - Text '5' is set on object 'Object Repository/Modulo Pruebas Seguridad/Crear_Empresa/input_Cdigo_empresa_formcodigoEmpresa'

2022-03-08 14:34:47 - [TEST_STEP][PASSED] - setText(findTestObject("Modulo Pruebas Seguridad/Crear_Empresa/input_Nombre_empresa_formnombreEmpresa"), "Pruebas katalon"): Text 'Pruebas katalon' is set on object 'Object Repository/Modulo Pruebas Seguridad/Crear_Empresa/input_Nombre_empresa_formnombreEmpresa'

2022-03-08 14:34:48 - [MESSAGE][PASSED] - Text 'Pruebas katalon' is set on object 'Object Repository/Modulo Pruebas Seguridad/Crear_Empresa/input_Nombre_empresa_formnombreEmpresa'

2022-03-08 14:34:48 - [TEST_STEP][PASSED] - selectOptionByIndex(findTestObject("Modulo Pruebas Seguridad/Crear_Empresa/select_-- Seleccione --generalMexico"), 1): All options with index in [1] are selected on object 'Object Repository/Modulo Pruebas Seguridad/Crear_Empresa/select_-- Seleccione --generalMexico'

2022-03-08 14:34:49 - [MESSAGE][PASSED] - All options with index in [1] are selected on object 'Object Repository/Modulo Pruebas Seguridad/Crear_Empresa/select_-- Seleccione --generalMexico'

2022-03-08 14:34:49 - [TEST_STEP][PASSED] - selectOptionByIndex(findTestObject("Modulo Pruebas Seguridad/Crear_Empresa/select_-- Seleccione --Aspirantes CALIDADSitio Calidad"), 1): All options with index in [1] are selected on object 'Object Repository/Modulo Pruebas Seguridad/Crear_Empresa/select_-- Seleccione --Aspirantes CALIDADSitio Calidad'

2022-03-08 14:34:51 - [MESSAGE][PASSED] - All options with index in [1] are selected on object 'Object Repository/Modulo Pruebas Seguridad/Crear_Empresa/select_-- Seleccione --Aspirantes CALIDADSitio Calidad'

2022-03-08 14:34:51 - [TEST_STEP][PASSED] - selectOptionByIndex(findTestObject("Modulo Pruebas Seguridad/Crear_Empresa/select_-- Seleccione --Grupo a"), 1): All options with index in [1] are selected on object 'Object Repository/Modulo Pruebas Seguridad/Crear_Empresa/select_-- Seleccione --Grupo a'

2022-03-08 14:34:52 - [MESSAGE][PASSED] - All options with index in [1] are selected on object 'Object Repository/Modulo Pruebas Seguridad/Crear_Empresa/select_-- Seleccione --Grupo a'

2022-03-08 14:34:52 - [TEST_STEP][PASSED] - click(findTestObject("Modulo Pruebas Seguridad/Crear_Empresa/a_Actualizar")): Object: 'Object Repository/Modulo Pruebas Seguridad/Crear_Empresa/a_Actualizar' is clicked on

2022-03-08 14:34:52 - [MESSAGE][PASSED] - Object: 'Object Repository/Modulo Pruebas Seguridad/Crear_Empresa/a_Actualizar' is clicked on]]></system-out>
         <system-err><![CDATA[]]></system-err>
      </testcase>
      <system-out><![CDATA[2022-03-08 14:33:34 - [TEST_SUITE][PASSED] - 6-Pruebas_seguridad: Test Cases/6.1-Pruebas_Seguridad/6.1.6-Crear_Empresa]]></system-out>
      <system-err><![CDATA[]]></system-err>
   </testsuite>
</testsuites>
