<?xml version="1.0" encoding="UTF-8"?>
<testsuites name="8-Pruebas_Auditoria" time="195.167" tests="5" failures="0" errors="0">
   <testsuite name="8-Pruebas_Auditoria" tests="5" failures="0" errors="0" time="195.167" skipped="0" timestamp="2022-03-24 17:58:51" hostname="diego.rojas - US-AF-000371" id="Test Suites/8-Pruebas_Auditoria">
      <properties>
         <property name="deviceName" value=""/>
         <property name="devicePlatform" value=""/>
         <property name="logFolder" value="C:\\Users\\diego.rojas\\git\\Pruebas-Minimas\\Reports\\20220324_174734\\8-Pruebas_Auditoria\\20220324_174812"/>
         <property name="logFiles" value="C:\\Users\\diego.rojas\\git\\Pruebas-Minimas\\Reports\\20220324_174734\\8-Pruebas_Auditoria\\20220324_174812\\execution0.log"/>
         <property name="attachments" value=""/>
         <property name="hostName" value="diego.rojas - US-AF-000371"/>
         <property name="os" value="Windows 10 64bit"/>
         <property name="katalonVersion" value="8.2.5.208"/>
         <property name="browser" value="Chrome 99.0.4844.82"/>
         <property name="hostAddress" value="192.168.56.1"/>
         <property name="sessionId" value="6cda1e4eea77151e965c675f8ceb0f90"/>
         <property name="seleniumVersion" value="3.141.59"/>
         <property name="proxyInformation" value="ProxyInformation { proxyOption=NO_PROXY, proxyServerType=HTTP, username=, password=********, proxyServerAddress=, proxyServerPort=0, executionList=&quot;&quot;, isApplyToDesiredCapabilities=true }"/>
         <property name="platform" value="Windows 10"/>
      </properties>
      <testcase name="Test Cases/1.2-Tareas_Secundarias/8.1-Pruebas_Auditoria/8.1.1-Seguimiento_a_objeto_Succeso_Adicion" time="21.797" classname="Test Cases/1.2-Tareas_Secundarias/8.1-Pruebas_Auditoria/8.1.1-Seguimiento_a_objeto_Succeso_Adicion" status="PASSED">
         <system-out><![CDATA[2022-03-24 17:58:52 - [TEST_CASE][PASSED] - Test Cases/1.2-Tareas_Secundarias/8.1-Pruebas_Auditoria/8.1.1-Seguimiento_a_objeto_Succeso_Adicion: Test Cases/1.2-Tareas_Secundarias/8.1-Pruebas_Auditoria/8.1.1-Seguimiento_a_objeto_Succeso_Adicion

2022-03-24 17:58:53 - [TEST_STEP][PASSED] - callTestCase(findTestCase("Utilidades-(atajos_para _tareas)/Modulos/Modulo Auditoria"), [:], STOP_ON_FAILURE): Call Test Case 'Test Cases/Utilidades-(atajos_para _tareas)/Modulos/Modulo Auditoria' successfully

2022-03-24 17:58:53 - [TEST_CASE][PASSED] - Test Cases/Utilidades-(atajos_para _tareas)/Modulos/Modulo Auditoria: Test Cases/Utilidades-(atajos_para _tareas)/Modulos/Modulo Auditoria

2022-03-24 17:58:54 - [TEST_STEP][PASSED] - callTestCase(findTestCase("0.1-Login"), [:], STOP_ON_FAILURE): Call Test Case 'Test Cases/0.1-Login' successfully

2022-03-24 17:58:55 - [TEST_CASE][PASSED] - Test Cases/0.1-Login: Test Cases/0.1-Login

2022-03-24 17:58:55 - [TEST_STEP][PASSED] - openBrowser(""): Browser is opened with url: ''

2022-03-24 17:58:56 - [MESSAGE][INFO] - Starting 'Chrome' driver

2022-03-24 17:58:56 - [MESSAGE][INFO] - Action delay is set to 0 milliseconds

2022-03-24 17:58:59 - [MESSAGE][PASSED] - Browser is opened with url: ''

2022-03-24 17:58:59 - [TEST_STEP][PASSED] - maximizeWindow(): Current window maximized

2022-03-24 17:58:59 - [MESSAGE][PASSED] - Current window maximized

2022-03-24 17:58:59 - [TEST_STEP][PASSED] - i = G_Login: null

2022-03-24 17:59:00 - [TEST_STEP][PASSED] - url = new java.net.URL(i): null

2022-03-24 17:59:00 - [TEST_STEP][PASSED] - println("URL: " + url.toString()): null

2022-03-24 17:59:00 - [TEST_STEP][PASSED] - connection = url.openConnection(): null

2022-03-24 17:59:00 - [TEST_STEP][PASSED] - connection.setRequestMethod("GET"): null

2022-03-24 17:59:00 - [TEST_STEP][PASSED] - connection.setReadTimeout(2 * 1000): null

2022-03-24 17:59:00 - [TEST_STEP][PASSED] - try: null

2022-03-24 17:59:00 - [TEST_STEP][PASSED] - connection.connect(): null

2022-03-24 17:59:00 - [TEST_STEP][PASSED] - flag = connected: null

2022-03-24 17:59:00 - [TEST_STEP][PASSED] - println("Valor_ori: " + flag): null

2022-03-24 17:59:00 - [TEST_STEP][PASSED] - if (flag): null

2022-03-24 17:59:00 - [TEST_STEP][PASSED] - navigateToUrl(i): Navigate to 'http://192.168.2.19:8380/saraweb' successfully

2022-03-24 17:59:00 - [MESSAGE][PASSED] - Navigate to 'http://192.168.2.19:8380/saraweb' successfully

2022-03-24 17:59:00 - [TEST_STEP][PASSED] - a(): null

2022-03-24 17:59:00 - [TEST_STEP][PASSED] - setText(findTestObject("Login/input_USUARIO_loginusuario"), G_Usuario): Text 'saraadmin' is set on object 'Object Repository/Login/input_USUARIO_loginusuario'

2022-03-24 17:59:01 - [MESSAGE][PASSED] - Text 'saraadmin' is set on object 'Object Repository/Login/input_USUARIO_loginusuario'

2022-03-24 17:59:01 - [TEST_STEP][PASSED] - setEncryptedText(findTestObject("Login/input_CLAVE_loginpassword"), "MkG4/TYiCFC3cb2driP7+Q=="): Text ****** has been set on object 'Object Repository/Login/input_CLAVE_loginpassword'

2022-03-24 17:59:01 - [MESSAGE][PASSED] - Text ****** has been set on object 'Object Repository/Login/input_CLAVE_loginpassword'

2022-03-24 17:59:01 - [TEST_STEP][PASSED] - waitForElementClickable(findTestObject("Login/a_Ingresar"), G_TimeOut): Object 'Object Repository/Login/a_Ingresar' is clickable

2022-03-24 17:59:02 - [MESSAGE][PASSED] - Object 'Object Repository/Login/a_Ingresar' is clickable

2022-03-24 17:59:02 - [TEST_STEP][PASSED] - click(findTestObject("Login/a_Ingresar")): Object: 'Object Repository/Login/a_Ingresar' is clicked on

2022-03-24 17:59:03 - [MESSAGE][PASSED] - Object: 'Object Repository/Login/a_Ingresar' is clicked on

2022-03-24 17:59:03 - [TEST_STEP][PASSED] - element = findWebElement(findTestObject("Login/a_Ir"), 30): null

2022-03-24 17:59:04 - [TEST_STEP][PASSED] - executeJavaScript("arguments[0].click()", Arrays.asList(element)): Execute JavaScript 'arguments[0].click()' successfully

2022-03-24 17:59:04 - [MESSAGE][PASSED] - Execute JavaScript 'arguments[0].click()' successfully

2022-03-24 17:59:04 - [MESSAGE][PASSED] - Call Test Case 'Test Cases/0.1-Login' successfully

2022-03-24 17:59:04 - [TEST_STEP][PASSED] - setText(findTestObject("Modulo Auditoria/input_Empresa 1_form_templatej_idt24_input"), "Auditoria"): Text 'Auditoria' is set on object 'Object Repository/Modulo Auditoria/input_Empresa 1_form_templatej_idt24_input'

2022-03-24 17:59:05 - [MESSAGE][PASSED] - Text 'Auditoria' is set on object 'Object Repository/Modulo Auditoria/input_Empresa 1_form_templatej_idt24_input'

2022-03-24 17:59:05 - [TEST_STEP][PASSED] - click(findTestObject("Modulo Auditoria/li_Auditoria (com)")): Object: 'Object Repository/Modulo Auditoria/li_Auditoria (com)' is clicked on

2022-03-24 17:59:06 - [MESSAGE][PASSED] - Object: 'Object Repository/Modulo Auditoria/li_Auditoria (com)' is clicked on

2022-03-24 17:59:06 - [MESSAGE][PASSED] - Call Test Case 'Test Cases/Utilidades-(atajos_para _tareas)/Modulos/Modulo Auditoria' successfully

2022-03-24 17:59:06 - [TEST_STEP][PASSED] - click(findTestObject("Modulo Pruebas Auditoria/Seguimiento_a_objeto_Succeso_Adicion/a_Suceso Adicion")): Object: 'Object Repository/Modulo Pruebas Auditoria/Seguimiento_a_objeto_Succeso_Adicion/a_Suceso Adicion' is clicked on

2022-03-24 17:59:08 - [MESSAGE][PASSED] - Object: 'Object Repository/Modulo Pruebas Auditoria/Seguimiento_a_objeto_Succeso_Adicion/a_Suceso Adicion' is clicked on

2022-03-24 17:59:08 - [TEST_STEP][PASSED] - click(findTestObject("Modulo Pruebas Auditoria/Seguimiento_a_objeto_Succeso_Adicion/td_concepto_con")): Object: 'Object Repository/Modulo Pruebas Auditoria/Seguimiento_a_objeto_Succeso_Adicion/td_concepto_con' is clicked on

2022-03-24 17:59:08 - [MESSAGE][PASSED] - Object: 'Object Repository/Modulo Pruebas Auditoria/Seguimiento_a_objeto_Succeso_Adicion/td_concepto_con' is clicked on

2022-03-24 17:59:08 - [TEST_STEP][PASSED] - click(findTestObject("Modulo Pruebas Auditoria/Seguimiento_a_objeto_Succeso_Adicion/a_Aplicar")): Object: 'Object Repository/Modulo Pruebas Auditoria/Seguimiento_a_objeto_Succeso_Adicion/a_Aplicar' is clicked on

2022-03-24 17:59:10 - [MESSAGE][PASSED] - Object: 'Object Repository/Modulo Pruebas Auditoria/Seguimiento_a_objeto_Succeso_Adicion/a_Aplicar' is clicked on

2022-03-24 17:59:10 - [TEST_STEP][PASSED] - codigo = getText(findTestObject("Modulo Pruebas Auditoria/Seguimiento_a_objeto_Succeso_Adicion/td_123456")): Text of object 'Object Repository/Modulo Pruebas Auditoria/Seguimiento_a_objeto_Succeso_Adicion/td_123456' is: '123456'

2022-03-24 17:59:10 - [MESSAGE][PASSED] - Text of object 'Object Repository/Modulo Pruebas Auditoria/Seguimiento_a_objeto_Succeso_Adicion/td_123456' is: '123456'

2022-03-24 17:59:10 - [TEST_STEP][PASSED] - setText(findTestObject("Modulo Pruebas Auditoria/Seguimiento_a_objeto_Succeso_Adicion/input_codigo_form_sucesoadiciontablaFiltros0j_idt234"), codigo): Text '123456' is set on object 'Object Repository/Modulo Pruebas Auditoria/Seguimiento_a_objeto_Succeso_Adicion/input_codigo_form_sucesoadiciontablaFiltros0j_idt234'

2022-03-24 17:59:11 - [MESSAGE][PASSED] - Text '123456' is set on object 'Object Repository/Modulo Pruebas Auditoria/Seguimiento_a_objeto_Succeso_Adicion/input_codigo_form_sucesoadiciontablaFiltros0j_idt234'

2022-03-24 17:59:11 - [TEST_STEP][PASSED] - click(findTestObject("Modulo Pruebas Auditoria/Seguimiento_a_objeto_Succeso_Adicion/a_Aplicar")): Object: 'Object Repository/Modulo Pruebas Auditoria/Seguimiento_a_objeto_Succeso_Adicion/a_Aplicar' is clicked on

2022-03-24 17:59:12 - [MESSAGE][PASSED] - Object: 'Object Repository/Modulo Pruebas Auditoria/Seguimiento_a_objeto_Succeso_Adicion/a_Aplicar' is clicked on

2022-03-24 17:59:12 - [TEST_STEP][PASSED] - codigoR = getText(findTestObject("Modulo Pruebas Auditoria/Seguimiento_a_objeto_Succeso_Adicion/td_123456")): Text of object 'Object Repository/Modulo Pruebas Auditoria/Seguimiento_a_objeto_Succeso_Adicion/td_123456' is: '123456'

2022-03-24 17:59:13 - [MESSAGE][PASSED] - Text of object 'Object Repository/Modulo Pruebas Auditoria/Seguimiento_a_objeto_Succeso_Adicion/td_123456' is: '123456'

2022-03-24 17:59:13 - [TEST_STEP][PASSED] - if (codigo == codigoR): Browser is closed

2022-03-24 17:59:13 - [TEST_STEP][PASSED] - closeBrowser(): Browser is closed

2022-03-24 17:59:14 - [MESSAGE][PASSED] - Browser is closed]]></system-out>
         <system-err><![CDATA[]]></system-err>
      </testcase>
      <testcase name="Test Cases/1.2-Tareas_Secundarias/8.1-Pruebas_Auditoria/8.1.2-Seguimiento_a_objeto_Succeso_Actualización" time="15.826" classname="Test Cases/1.2-Tareas_Secundarias/8.1-Pruebas_Auditoria/8.1.2-Seguimiento_a_objeto_Succeso_Actualización" status="PASSED">
         <system-out><![CDATA[2022-03-24 17:59:14 - [TEST_CASE][PASSED] - Test Cases/1.2-Tareas_Secundarias/8.1-Pruebas_Auditoria/8.1.2-Seguimiento_a_objeto_Succeso_Actualización: Test Cases/1.2-Tareas_Secundarias/8.1-Pruebas_Auditoria/8.1.2-Seguimiento_a_objeto_Succeso_Actualización

2022-03-24 17:59:14 - [TEST_STEP][PASSED] - callTestCase(findTestCase("Utilidades-(atajos_para _tareas)/Modulos/Modulo Auditoria"), [:], STOP_ON_FAILURE): Call Test Case 'Test Cases/Utilidades-(atajos_para _tareas)/Modulos/Modulo Auditoria' successfully

2022-03-24 17:59:14 - [TEST_CASE][PASSED] - Test Cases/Utilidades-(atajos_para _tareas)/Modulos/Modulo Auditoria: Test Cases/Utilidades-(atajos_para _tareas)/Modulos/Modulo Auditoria

2022-03-24 17:59:14 - [TEST_STEP][PASSED] - callTestCase(findTestCase("0.1-Login"), [:], STOP_ON_FAILURE): Call Test Case 'Test Cases/0.1-Login' successfully

2022-03-24 17:59:14 - [TEST_CASE][PASSED] - Test Cases/0.1-Login: Test Cases/0.1-Login

2022-03-24 17:59:14 - [TEST_STEP][PASSED] - openBrowser(""): Browser is opened with url: ''

2022-03-24 17:59:14 - [MESSAGE][INFO] - Starting 'Chrome' driver

2022-03-24 17:59:14 - [MESSAGE][INFO] - Action delay is set to 0 milliseconds

2022-03-24 17:59:17 - [MESSAGE][PASSED] - Browser is opened with url: ''

2022-03-24 17:59:17 - [TEST_STEP][PASSED] - maximizeWindow(): Current window maximized

2022-03-24 17:59:17 - [MESSAGE][PASSED] - Current window maximized

2022-03-24 17:59:17 - [TEST_STEP][PASSED] - i = G_Login: null

2022-03-24 17:59:17 - [TEST_STEP][PASSED] - url = new java.net.URL(i): null

2022-03-24 17:59:17 - [TEST_STEP][PASSED] - println("URL: " + url.toString()): null

2022-03-24 17:59:17 - [TEST_STEP][PASSED] - connection = url.openConnection(): null

2022-03-24 17:59:17 - [TEST_STEP][PASSED] - connection.setRequestMethod("GET"): null

2022-03-24 17:59:17 - [TEST_STEP][PASSED] - connection.setReadTimeout(2 * 1000): null

2022-03-24 17:59:17 - [TEST_STEP][PASSED] - try: null

2022-03-24 17:59:17 - [TEST_STEP][PASSED] - connection.connect(): null

2022-03-24 17:59:17 - [TEST_STEP][PASSED] - flag = connected: null

2022-03-24 17:59:17 - [TEST_STEP][PASSED] - println("Valor_ori: " + flag): null

2022-03-24 17:59:17 - [TEST_STEP][PASSED] - if (flag): null

2022-03-24 17:59:17 - [TEST_STEP][PASSED] - navigateToUrl(i): Navigate to 'http://192.168.2.19:8380/saraweb' successfully

2022-03-24 17:59:18 - [MESSAGE][PASSED] - Navigate to 'http://192.168.2.19:8380/saraweb' successfully

2022-03-24 17:59:18 - [TEST_STEP][PASSED] - a(): null

2022-03-24 17:59:18 - [TEST_STEP][PASSED] - setText(findTestObject("Login/input_USUARIO_loginusuario"), G_Usuario): Text 'saraadmin' is set on object 'Object Repository/Login/input_USUARIO_loginusuario'

2022-03-24 17:59:18 - [MESSAGE][PASSED] - Text 'saraadmin' is set on object 'Object Repository/Login/input_USUARIO_loginusuario'

2022-03-24 17:59:18 - [TEST_STEP][PASSED] - setEncryptedText(findTestObject("Login/input_CLAVE_loginpassword"), "MkG4/TYiCFC3cb2driP7+Q=="): Text ****** has been set on object 'Object Repository/Login/input_CLAVE_loginpassword'

2022-03-24 17:59:19 - [MESSAGE][PASSED] - Text ****** has been set on object 'Object Repository/Login/input_CLAVE_loginpassword'

2022-03-24 17:59:19 - [TEST_STEP][PASSED] - waitForElementClickable(findTestObject("Login/a_Ingresar"), G_TimeOut): Object 'Object Repository/Login/a_Ingresar' is clickable

2022-03-24 17:59:19 - [MESSAGE][PASSED] - Object 'Object Repository/Login/a_Ingresar' is clickable

2022-03-24 17:59:19 - [TEST_STEP][PASSED] - click(findTestObject("Login/a_Ingresar")): Object: 'Object Repository/Login/a_Ingresar' is clicked on

2022-03-24 17:59:21 - [MESSAGE][PASSED] - Object: 'Object Repository/Login/a_Ingresar' is clicked on

2022-03-24 17:59:21 - [TEST_STEP][PASSED] - element = findWebElement(findTestObject("Login/a_Ir"), 30): null

2022-03-24 17:59:21 - [TEST_STEP][PASSED] - executeJavaScript("arguments[0].click()", Arrays.asList(element)): Execute JavaScript 'arguments[0].click()' successfully

2022-03-24 17:59:21 - [MESSAGE][PASSED] - Execute JavaScript 'arguments[0].click()' successfully

2022-03-24 17:59:21 - [MESSAGE][PASSED] - Call Test Case 'Test Cases/0.1-Login' successfully

2022-03-24 17:59:21 - [TEST_STEP][PASSED] - setText(findTestObject("Modulo Auditoria/input_Empresa 1_form_templatej_idt24_input"), "Auditoria"): Text 'Auditoria' is set on object 'Object Repository/Modulo Auditoria/input_Empresa 1_form_templatej_idt24_input'

2022-03-24 17:59:23 - [MESSAGE][PASSED] - Text 'Auditoria' is set on object 'Object Repository/Modulo Auditoria/input_Empresa 1_form_templatej_idt24_input'

2022-03-24 17:59:23 - [TEST_STEP][PASSED] - click(findTestObject("Modulo Auditoria/li_Auditoria (com)")): Object: 'Object Repository/Modulo Auditoria/li_Auditoria (com)' is clicked on

2022-03-24 17:59:25 - [MESSAGE][PASSED] - Object: 'Object Repository/Modulo Auditoria/li_Auditoria (com)' is clicked on

2022-03-24 17:59:25 - [MESSAGE][PASSED] - Call Test Case 'Test Cases/Utilidades-(atajos_para _tareas)/Modulos/Modulo Auditoria' successfully

2022-03-24 17:59:25 - [TEST_STEP][PASSED] - click(findTestObject("Modulo Pruebas Auditoria/Seguimiento_a_objeto_Succeso_Actualización/a_Suceso Actualizacin")): Object: 'Object Repository/Modulo Pruebas Auditoria/Seguimiento_a_objeto_Succeso_Actualización/a_Suceso Actualizacin' is clicked on

2022-03-24 17:59:25 - [MESSAGE][PASSED] - Object: 'Object Repository/Modulo Pruebas Auditoria/Seguimiento_a_objeto_Succeso_Actualización/a_Suceso Actualizacin' is clicked on

2022-03-24 17:59:25 - [TEST_STEP][PASSED] - setText(findTestObject("Modulo Pruebas Auditoria/Seguimiento_a_objeto_Succeso_Actualización/input_Fecha Inicial_form_visorj_idt253fechaInicial_input"), "10/12/2018 10:34:00"): Text '10/12/2018 10:34:00' is set on object 'Object Repository/Modulo Pruebas Auditoria/Seguimiento_a_objeto_Succeso_Actualización/input_Fecha Inicial_form_visorj_idt253fechaInicial_input'

2022-03-24 17:59:27 - [MESSAGE][PASSED] - Text '10/12/2018 10:34:00' is set on object 'Object Repository/Modulo Pruebas Auditoria/Seguimiento_a_objeto_Succeso_Actualización/input_Fecha Inicial_form_visorj_idt253fechaInicial_input'

2022-03-24 17:59:27 - [TEST_STEP][PASSED] - setText(findTestObject("Modulo Pruebas Auditoria/Seguimiento_a_objeto_Succeso_Actualización/input_Fecha Final_form_visorj_idt253fechaFinal_input"), "10/12/2018 10:35:00"): Text '10/12/2018 10:35:00' is set on object 'Object Repository/Modulo Pruebas Auditoria/Seguimiento_a_objeto_Succeso_Actualización/input_Fecha Final_form_visorj_idt253fechaFinal_input'

2022-03-24 17:59:28 - [MESSAGE][PASSED] - Text '10/12/2018 10:35:00' is set on object 'Object Repository/Modulo Pruebas Auditoria/Seguimiento_a_objeto_Succeso_Actualización/input_Fecha Final_form_visorj_idt253fechaFinal_input'

2022-03-24 17:59:28 - [TEST_STEP][PASSED] - sendKeys(findTestObject("Modulo Pruebas Auditoria/Seguimiento_a_objeto_Succeso_Actualización/input_Fecha Final_form_visorj_idt253fechaFinal_input"), Keys.chord(ENTER)): Keys 'ENTER + ' sent to object: 'Object Repository/Modulo Pruebas Auditoria/Seguimiento_a_objeto_Succeso_Actualización/input_Fecha Final_form_visorj_idt253fechaFinal_input'

2022-03-24 17:59:28 - [MESSAGE][PASSED] - Keys 'ENTER + ' sent to object: 'Object Repository/Modulo Pruebas Auditoria/Seguimiento_a_objeto_Succeso_Actualización/input_Fecha Final_form_visorj_idt253fechaFinal_input'

2022-03-24 17:59:28 - [TEST_STEP][PASSED] - closeBrowser(): Browser is closed

2022-03-24 17:59:29 - [MESSAGE][PASSED] - Browser is closed]]></system-out>
         <system-err><![CDATA[]]></system-err>
      </testcase>
      <testcase name="Test Cases/1.2-Tareas_Secundarias/8.1-Pruebas_Auditoria/8.1.3-Seguimiento_a_objeto_Succeso_Borrado" time="14.096" classname="Test Cases/1.2-Tareas_Secundarias/8.1-Pruebas_Auditoria/8.1.3-Seguimiento_a_objeto_Succeso_Borrado" status="PASSED">
         <system-out><![CDATA[2022-03-24 17:59:29 - [TEST_CASE][PASSED] - Test Cases/1.2-Tareas_Secundarias/8.1-Pruebas_Auditoria/8.1.3-Seguimiento_a_objeto_Succeso_Borrado: Test Cases/1.2-Tareas_Secundarias/8.1-Pruebas_Auditoria/8.1.3-Seguimiento_a_objeto_Succeso_Borrado

2022-03-24 17:59:30 - [TEST_STEP][PASSED] - callTestCase(findTestCase("Utilidades-(atajos_para _tareas)/Modulos/Modulo Auditoria"), [:], STOP_ON_FAILURE): Call Test Case 'Test Cases/Utilidades-(atajos_para _tareas)/Modulos/Modulo Auditoria' successfully

2022-03-24 17:59:30 - [TEST_CASE][PASSED] - Test Cases/Utilidades-(atajos_para _tareas)/Modulos/Modulo Auditoria: Test Cases/Utilidades-(atajos_para _tareas)/Modulos/Modulo Auditoria

2022-03-24 17:59:30 - [TEST_STEP][PASSED] - callTestCase(findTestCase("0.1-Login"), [:], STOP_ON_FAILURE): Call Test Case 'Test Cases/0.1-Login' successfully

2022-03-24 17:59:30 - [TEST_CASE][PASSED] - Test Cases/0.1-Login: Test Cases/0.1-Login

2022-03-24 17:59:30 - [TEST_STEP][PASSED] - openBrowser(""): Browser is opened with url: ''

2022-03-24 17:59:30 - [MESSAGE][INFO] - Starting 'Chrome' driver

2022-03-24 17:59:30 - [MESSAGE][INFO] - Action delay is set to 0 milliseconds

2022-03-24 17:59:31 - [MESSAGE][PASSED] - Browser is opened with url: ''

2022-03-24 17:59:31 - [TEST_STEP][PASSED] - maximizeWindow(): Current window maximized

2022-03-24 17:59:31 - [MESSAGE][PASSED] - Current window maximized

2022-03-24 17:59:31 - [TEST_STEP][PASSED] - i = G_Login: null

2022-03-24 17:59:31 - [TEST_STEP][PASSED] - url = new java.net.URL(i): null

2022-03-24 17:59:31 - [TEST_STEP][PASSED] - println("URL: " + url.toString()): null

2022-03-24 17:59:31 - [TEST_STEP][PASSED] - connection = url.openConnection(): null

2022-03-24 17:59:31 - [TEST_STEP][PASSED] - connection.setRequestMethod("GET"): null

2022-03-24 17:59:31 - [TEST_STEP][PASSED] - connection.setReadTimeout(2 * 1000): null

2022-03-24 17:59:31 - [TEST_STEP][PASSED] - try: null

2022-03-24 17:59:31 - [TEST_STEP][PASSED] - connection.connect(): null

2022-03-24 17:59:31 - [TEST_STEP][PASSED] - flag = connected: null

2022-03-24 17:59:31 - [TEST_STEP][PASSED] - println("Valor_ori: " + flag): null

2022-03-24 17:59:31 - [TEST_STEP][PASSED] - if (flag): null

2022-03-24 17:59:31 - [TEST_STEP][PASSED] - navigateToUrl(i): Navigate to 'http://192.168.2.19:8380/saraweb' successfully

2022-03-24 17:59:32 - [MESSAGE][PASSED] - Navigate to 'http://192.168.2.19:8380/saraweb' successfully

2022-03-24 17:59:32 - [TEST_STEP][PASSED] - a(): null

2022-03-24 17:59:32 - [TEST_STEP][PASSED] - setText(findTestObject("Login/input_USUARIO_loginusuario"), G_Usuario): Text 'saraadmin' is set on object 'Object Repository/Login/input_USUARIO_loginusuario'

2022-03-24 17:59:33 - [MESSAGE][PASSED] - Text 'saraadmin' is set on object 'Object Repository/Login/input_USUARIO_loginusuario'

2022-03-24 17:59:33 - [TEST_STEP][PASSED] - setEncryptedText(findTestObject("Login/input_CLAVE_loginpassword"), "MkG4/TYiCFC3cb2driP7+Q=="): Text ****** has been set on object 'Object Repository/Login/input_CLAVE_loginpassword'

2022-03-24 17:59:33 - [MESSAGE][PASSED] - Text ****** has been set on object 'Object Repository/Login/input_CLAVE_loginpassword'

2022-03-24 17:59:33 - [TEST_STEP][PASSED] - waitForElementClickable(findTestObject("Login/a_Ingresar"), G_TimeOut): Object 'Object Repository/Login/a_Ingresar' is clickable

2022-03-24 17:59:33 - [MESSAGE][PASSED] - Object 'Object Repository/Login/a_Ingresar' is clickable

2022-03-24 17:59:33 - [TEST_STEP][PASSED] - click(findTestObject("Login/a_Ingresar")): Object: 'Object Repository/Login/a_Ingresar' is clicked on

2022-03-24 17:59:35 - [MESSAGE][PASSED] - Object: 'Object Repository/Login/a_Ingresar' is clicked on

2022-03-24 17:59:35 - [TEST_STEP][PASSED] - element = findWebElement(findTestObject("Login/a_Ir"), 30): null

2022-03-24 17:59:36 - [TEST_STEP][PASSED] - executeJavaScript("arguments[0].click()", Arrays.asList(element)): Execute JavaScript 'arguments[0].click()' successfully

2022-03-24 17:59:36 - [MESSAGE][PASSED] - Execute JavaScript 'arguments[0].click()' successfully

2022-03-24 17:59:36 - [MESSAGE][PASSED] - Call Test Case 'Test Cases/0.1-Login' successfully

2022-03-24 17:59:36 - [TEST_STEP][PASSED] - setText(findTestObject("Modulo Auditoria/input_Empresa 1_form_templatej_idt24_input"), "Auditoria"): Text 'Auditoria' is set on object 'Object Repository/Modulo Auditoria/input_Empresa 1_form_templatej_idt24_input'

2022-03-24 17:59:37 - [MESSAGE][PASSED] - Text 'Auditoria' is set on object 'Object Repository/Modulo Auditoria/input_Empresa 1_form_templatej_idt24_input'

2022-03-24 17:59:37 - [TEST_STEP][PASSED] - click(findTestObject("Modulo Auditoria/li_Auditoria (com)")): Object: 'Object Repository/Modulo Auditoria/li_Auditoria (com)' is clicked on

2022-03-24 17:59:38 - [MESSAGE][PASSED] - Object: 'Object Repository/Modulo Auditoria/li_Auditoria (com)' is clicked on

2022-03-24 17:59:38 - [MESSAGE][PASSED] - Call Test Case 'Test Cases/Utilidades-(atajos_para _tareas)/Modulos/Modulo Auditoria' successfully

2022-03-24 17:59:38 - [TEST_STEP][PASSED] - click(findTestObject("Modulo Pruebas Auditoria/Seguimiento_a_objeto_Succeso_Borrado/a_Suceso Borrado")): Object: 'Object Repository/Modulo Pruebas Auditoria/Seguimiento_a_objeto_Succeso_Borrado/a_Suceso Borrado' is clicked on

2022-03-24 17:59:39 - [MESSAGE][PASSED] - Object: 'Object Repository/Modulo Pruebas Auditoria/Seguimiento_a_objeto_Succeso_Borrado/a_Suceso Borrado' is clicked on

2022-03-24 17:59:39 - [TEST_STEP][PASSED] - setText(findTestObject("Modulo Pruebas Auditoria/Seguimiento_a_objeto_Succeso_Borrado/input_Filtro_form_visorj_idt253j_idt257"), "saraadmin"): Text 'saraadmin' is set on object 'Object Repository/Modulo Pruebas Auditoria/Seguimiento_a_objeto_Succeso_Borrado/input_Filtro_form_visorj_idt253j_idt257'

2022-03-24 17:59:40 - [MESSAGE][PASSED] - Text 'saraadmin' is set on object 'Object Repository/Modulo Pruebas Auditoria/Seguimiento_a_objeto_Succeso_Borrado/input_Filtro_form_visorj_idt253j_idt257'

2022-03-24 17:59:40 - [TEST_STEP][PASSED] - sendKeys(findTestObject("Modulo Pruebas Auditoria/Seguimiento_a_objeto_Succeso_Borrado/input_Filtro_form_visorj_idt253j_idt257"), Keys.chord(ENTER)): Keys 'ENTER + ' sent to object: 'Object Repository/Modulo Pruebas Auditoria/Seguimiento_a_objeto_Succeso_Borrado/input_Filtro_form_visorj_idt253j_idt257'

2022-03-24 17:59:41 - [MESSAGE][PASSED] - Keys 'ENTER + ' sent to object: 'Object Repository/Modulo Pruebas Auditoria/Seguimiento_a_objeto_Succeso_Borrado/input_Filtro_form_visorj_idt253j_idt257'

2022-03-24 17:59:41 - [TEST_STEP][PASSED] - scrollToElement(findTestObject("Modulo Pruebas Auditoria/Seguimiento_a_objeto_Succeso_Borrado/td_06122021 075237"), 0): Scroll to object 'Object Repository/Modulo Pruebas Auditoria/Seguimiento_a_objeto_Succeso_Borrado/td_06122021 075237' successfully

2022-03-24 17:59:41 - [MESSAGE][WARNING] - Timeout '0' is invalid. Using default page load timeout: '45'

2022-03-24 17:59:42 - [MESSAGE][PASSED] - Scroll to object 'Object Repository/Modulo Pruebas Auditoria/Seguimiento_a_objeto_Succeso_Borrado/td_06122021 075237' successfully

2022-03-24 17:59:42 - [TEST_STEP][PASSED] - setText(findTestObject("Modulo Pruebas Auditoria/Seguimiento_a_objeto_Succeso_Borrado/input_Filtro_form_visorj_idt253j_idt257"), "weblogic"): Text 'weblogic' is set on object 'Object Repository/Modulo Pruebas Auditoria/Seguimiento_a_objeto_Succeso_Borrado/input_Filtro_form_visorj_idt253j_idt257'

2022-03-24 17:59:43 - [MESSAGE][PASSED] - Text 'weblogic' is set on object 'Object Repository/Modulo Pruebas Auditoria/Seguimiento_a_objeto_Succeso_Borrado/input_Filtro_form_visorj_idt253j_idt257'

2022-03-24 17:59:43 - [TEST_STEP][PASSED] - sendKeys(findTestObject("Modulo Pruebas Auditoria/Seguimiento_a_objeto_Succeso_Borrado/input_Filtro_form_visorj_idt253j_idt257"), Keys.chord(ENTER)): Keys 'ENTER + ' sent to object: 'Object Repository/Modulo Pruebas Auditoria/Seguimiento_a_objeto_Succeso_Borrado/input_Filtro_form_visorj_idt253j_idt257'

2022-03-24 17:59:43 - [MESSAGE][PASSED] - Keys 'ENTER + ' sent to object: 'Object Repository/Modulo Pruebas Auditoria/Seguimiento_a_objeto_Succeso_Borrado/input_Filtro_form_visorj_idt253j_idt257'

2022-03-24 17:59:43 - [TEST_STEP][PASSED] - scrollToElement(findTestObject("Modulo Pruebas Auditoria/Seguimiento_a_objeto_Succeso_Borrado/td_14012022 093405"), 0): Scroll to object 'Object Repository/Modulo Pruebas Auditoria/Seguimiento_a_objeto_Succeso_Borrado/td_14012022 093405' successfully

2022-03-24 17:59:43 - [MESSAGE][WARNING] - Timeout '0' is invalid. Using default page load timeout: '45'

2022-03-24 17:59:44 - [MESSAGE][PASSED] - Scroll to object 'Object Repository/Modulo Pruebas Auditoria/Seguimiento_a_objeto_Succeso_Borrado/td_14012022 093405' successfully]]></system-out>
         <system-err><![CDATA[]]></system-err>
      </testcase>
      <testcase name="Test Cases/1.2-Tareas_Secundarias/8.1-Pruebas_Auditoria/8.1.4-Seguimiento_a_objeto_Succeso_Acceso" time="116.381" classname="Test Cases/1.2-Tareas_Secundarias/8.1-Pruebas_Auditoria/8.1.4-Seguimiento_a_objeto_Succeso_Acceso" status="PASSED">
         <system-out><![CDATA[2022-03-24 17:59:44 - [TEST_CASE][PASSED] - Test Cases/1.2-Tareas_Secundarias/8.1-Pruebas_Auditoria/8.1.4-Seguimiento_a_objeto_Succeso_Acceso: Test Cases/1.2-Tareas_Secundarias/8.1-Pruebas_Auditoria/8.1.4-Seguimiento_a_objeto_Succeso_Acceso

2022-03-24 17:59:44 - [TEST_STEP][PASSED] - callTestCase(findTestCase("Utilidades-(atajos_para _tareas)/Modulos/Modulo Auditoria"), [:], STOP_ON_FAILURE): Call Test Case 'Test Cases/Utilidades-(atajos_para _tareas)/Modulos/Modulo Auditoria' successfully

2022-03-24 17:59:44 - [TEST_CASE][PASSED] - Test Cases/Utilidades-(atajos_para _tareas)/Modulos/Modulo Auditoria: Test Cases/Utilidades-(atajos_para _tareas)/Modulos/Modulo Auditoria

2022-03-24 17:59:44 - [TEST_STEP][PASSED] - callTestCase(findTestCase("0.1-Login"), [:], STOP_ON_FAILURE): Call Test Case 'Test Cases/0.1-Login' successfully

2022-03-24 17:59:44 - [TEST_CASE][PASSED] - Test Cases/0.1-Login: Test Cases/0.1-Login

2022-03-24 17:59:44 - [TEST_STEP][PASSED] - openBrowser(""): Browser is opened with url: ''

2022-03-24 17:59:44 - [MESSAGE][WARNING] - A browser is already opened. Closing browser and opening a new one

2022-03-24 17:59:45 - [MESSAGE][INFO] - Starting 'Chrome' driver

2022-03-24 17:59:45 - [MESSAGE][INFO] - Action delay is set to 0 milliseconds

2022-03-24 17:59:47 - [MESSAGE][PASSED] - Browser is opened with url: ''

2022-03-24 17:59:47 - [TEST_STEP][PASSED] - maximizeWindow(): Current window maximized

2022-03-24 17:59:47 - [MESSAGE][PASSED] - Current window maximized

2022-03-24 17:59:47 - [TEST_STEP][PASSED] - i = G_Login: null

2022-03-24 17:59:47 - [TEST_STEP][PASSED] - url = new java.net.URL(i): null

2022-03-24 17:59:47 - [TEST_STEP][PASSED] - println("URL: " + url.toString()): null

2022-03-24 17:59:47 - [TEST_STEP][PASSED] - connection = url.openConnection(): null

2022-03-24 17:59:47 - [TEST_STEP][PASSED] - connection.setRequestMethod("GET"): null

2022-03-24 17:59:47 - [TEST_STEP][PASSED] - connection.setReadTimeout(2 * 1000): null

2022-03-24 17:59:47 - [TEST_STEP][PASSED] - try: null

2022-03-24 17:59:47 - [TEST_STEP][PASSED] - connection.connect(): null

2022-03-24 17:59:47 - [TEST_STEP][PASSED] - flag = connected: null

2022-03-24 17:59:47 - [TEST_STEP][PASSED] - println("Valor_ori: " + flag): null

2022-03-24 17:59:47 - [TEST_STEP][PASSED] - if (flag): null

2022-03-24 17:59:47 - [TEST_STEP][PASSED] - navigateToUrl(i): Navigate to 'http://192.168.2.19:8380/saraweb' successfully

2022-03-24 17:59:47 - [MESSAGE][PASSED] - Navigate to 'http://192.168.2.19:8380/saraweb' successfully

2022-03-24 17:59:47 - [TEST_STEP][PASSED] - a(): null

2022-03-24 17:59:47 - [TEST_STEP][PASSED] - setText(findTestObject("Login/input_USUARIO_loginusuario"), G_Usuario): Text 'saraadmin' is set on object 'Object Repository/Login/input_USUARIO_loginusuario'

2022-03-24 17:59:48 - [MESSAGE][PASSED] - Text 'saraadmin' is set on object 'Object Repository/Login/input_USUARIO_loginusuario'

2022-03-24 17:59:48 - [TEST_STEP][PASSED] - setEncryptedText(findTestObject("Login/input_CLAVE_loginpassword"), "MkG4/TYiCFC3cb2driP7+Q=="): Text ****** has been set on object 'Object Repository/Login/input_CLAVE_loginpassword'

2022-03-24 17:59:48 - [MESSAGE][PASSED] - Text ****** has been set on object 'Object Repository/Login/input_CLAVE_loginpassword'

2022-03-24 17:59:48 - [TEST_STEP][PASSED] - waitForElementClickable(findTestObject("Login/a_Ingresar"), G_TimeOut): Object 'Object Repository/Login/a_Ingresar' is clickable

2022-03-24 17:59:49 - [MESSAGE][PASSED] - Object 'Object Repository/Login/a_Ingresar' is clickable

2022-03-24 17:59:49 - [TEST_STEP][PASSED] - click(findTestObject("Login/a_Ingresar")): Object: 'Object Repository/Login/a_Ingresar' is clicked on

2022-03-24 17:59:49 - [MESSAGE][PASSED] - Object: 'Object Repository/Login/a_Ingresar' is clicked on

2022-03-24 17:59:49 - [TEST_STEP][PASSED] - element = findWebElement(findTestObject("Login/a_Ir"), 30): null

2022-03-24 17:59:50 - [TEST_STEP][PASSED] - executeJavaScript("arguments[0].click()", Arrays.asList(element)): Execute JavaScript 'arguments[0].click()' successfully

2022-03-24 17:59:50 - [MESSAGE][PASSED] - Execute JavaScript 'arguments[0].click()' successfully

2022-03-24 17:59:50 - [MESSAGE][PASSED] - Call Test Case 'Test Cases/0.1-Login' successfully

2022-03-24 17:59:50 - [TEST_STEP][PASSED] - setText(findTestObject("Modulo Auditoria/input_Empresa 1_form_templatej_idt24_input"), "Auditoria"): Text 'Auditoria' is set on object 'Object Repository/Modulo Auditoria/input_Empresa 1_form_templatej_idt24_input'

2022-03-24 17:59:51 - [MESSAGE][PASSED] - Text 'Auditoria' is set on object 'Object Repository/Modulo Auditoria/input_Empresa 1_form_templatej_idt24_input'

2022-03-24 17:59:51 - [TEST_STEP][PASSED] - click(findTestObject("Modulo Auditoria/li_Auditoria (com)")): Object: 'Object Repository/Modulo Auditoria/li_Auditoria (com)' is clicked on

2022-03-24 17:59:53 - [MESSAGE][PASSED] - Object: 'Object Repository/Modulo Auditoria/li_Auditoria (com)' is clicked on

2022-03-24 17:59:53 - [MESSAGE][PASSED] - Call Test Case 'Test Cases/Utilidades-(atajos_para _tareas)/Modulos/Modulo Auditoria' successfully

2022-03-24 17:59:53 - [TEST_STEP][PASSED] - click(findTestObject("Modulo Pruebas Auditoria/Seguimiento_a_objeto_Succeso_Acceso/a_Suceso Acceso")): Object: 'Object Repository/Modulo Pruebas Auditoria/Seguimiento_a_objeto_Succeso_Acceso/a_Suceso Acceso' is clicked on

2022-03-24 17:59:54 - [MESSAGE][PASSED] - Object: 'Object Repository/Modulo Pruebas Auditoria/Seguimiento_a_objeto_Succeso_Acceso/a_Suceso Acceso' is clicked on

2022-03-24 17:59:54 - [TEST_STEP][PASSED] - setText(findTestObject("Modulo Pruebas Auditoria/Seguimiento_a_objeto_Succeso_Acceso/input_Vista Suceso Acceso Sistema_form_visorj_idt253j_idt306"), "saraadmin"): Text 'saraadmin' is set on object 'Object Repository/Modulo Pruebas Auditoria/Seguimiento_a_objeto_Succeso_Acceso/input_Vista Suceso Acceso Sistema_form_visorj_idt253j_idt306'

2022-03-24 17:59:56 - [MESSAGE][PASSED] - Text 'saraadmin' is set on object 'Object Repository/Modulo Pruebas Auditoria/Seguimiento_a_objeto_Succeso_Acceso/input_Vista Suceso Acceso Sistema_form_visorj_idt253j_idt306'

2022-03-24 17:59:56 - [TEST_STEP][PASSED] - waitForElementVisible(findTestObject("Modulo Pruebas Auditoria/Seguimiento_a_objeto_Succeso_Acceso/td_18012022 092902"), 0): Web element with id: 'Object Repository/Modulo Pruebas Auditoria/Seguimiento_a_objeto_Succeso_Acceso/td_18012022 092902' located by '//*/text()[normalize-space(.)='18/01/2022 09:29:02']/parent::*' not found

2022-03-24 17:59:56 - [MESSAGE][WARNING] - Timeout '0' is invalid. Using default page load timeout: '45'

2022-03-24 18:00:42 - [MESSAGE][INFO] - Unable to find the element located by 'By.xpath: //*/text()[normalize-space(.)='18/01/2022 09:29:02']/parent::*'. Please recheck the objects properties to make sure the desired element is located. 

2022-03-24 18:00:42 - [MESSAGE][WARNING] - Web element with id: 'Object Repository/Modulo Pruebas Auditoria/Seguimiento_a_objeto_Succeso_Acceso/td_18012022 092902' located by '//*/text()[normalize-space(.)='18/01/2022 09:29:02']/parent::*' not found

2022-03-24 18:00:42 - [TEST_STEP][PASSED] - click(findTestObject("Modulo Pruebas Auditoria/Seguimiento_a_objeto_Succeso_Acceso/div_Fecha_ui-chkbox-box ui-widget ui-corner-all ui-state-default ui-state-hover")): Object: 'Object Repository/Modulo Pruebas Auditoria/Seguimiento_a_objeto_Succeso_Acceso/div_Fecha_ui-chkbox-box ui-widget ui-corner-all ui-state-default ui-state-hover' is clicked on

2022-03-24 18:00:43 - [MESSAGE][PASSED] - Object: 'Object Repository/Modulo Pruebas Auditoria/Seguimiento_a_objeto_Succeso_Acceso/div_Fecha_ui-chkbox-box ui-widget ui-corner-all ui-state-default ui-state-hover' is clicked on

2022-03-24 18:00:43 - [TEST_STEP][PASSED] - click(findTestObject("Modulo Pruebas Auditoria/Seguimiento_a_objeto_Succeso_Acceso/img_csv")): Object: 'Object Repository/Modulo Pruebas Auditoria/Seguimiento_a_objeto_Succeso_Acceso/img_csv' is clicked on

2022-03-24 18:00:44 - [MESSAGE][PASSED] - Object: 'Object Repository/Modulo Pruebas Auditoria/Seguimiento_a_objeto_Succeso_Acceso/img_csv' is clicked on

2022-03-24 18:00:44 - [TEST_STEP][PASSED] - click(findTestObject("Modulo Pruebas Auditoria/Seguimiento_a_objeto_Succeso_Acceso/img_PDF")): Object: 'Object Repository/Modulo Pruebas Auditoria/Seguimiento_a_objeto_Succeso_Acceso/img_PDF' is clicked on

2022-03-24 18:00:46 - [MESSAGE][PASSED] - Object: 'Object Repository/Modulo Pruebas Auditoria/Seguimiento_a_objeto_Succeso_Acceso/img_PDF' is clicked on

2022-03-24 18:00:46 - [TEST_STEP][PASSED] - click(findTestObject("Modulo Pruebas Auditoria/Seguimiento_a_objeto_Succeso_Acceso/img_xls")): Object: 'Object Repository/Modulo Pruebas Auditoria/Seguimiento_a_objeto_Succeso_Acceso/img_xls' is clicked on

2022-03-24 18:00:48 - [MESSAGE][PASSED] - Object: 'Object Repository/Modulo Pruebas Auditoria/Seguimiento_a_objeto_Succeso_Acceso/img_xls' is clicked on

2022-03-24 18:00:48 - [TEST_STEP][PASSED] - setText(findTestObject("Modulo Pruebas Auditoria/Seguimiento_a_objeto_Succeso_Acceso/input_Vista Suceso Acceso Sistema_form_visorj_idt253j_idt306"), "weblogic"): Text 'weblogic' is set on object 'Object Repository/Modulo Pruebas Auditoria/Seguimiento_a_objeto_Succeso_Acceso/input_Vista Suceso Acceso Sistema_form_visorj_idt253j_idt306'

2022-03-24 18:00:50 - [MESSAGE][PASSED] - Text 'weblogic' is set on object 'Object Repository/Modulo Pruebas Auditoria/Seguimiento_a_objeto_Succeso_Acceso/input_Vista Suceso Acceso Sistema_form_visorj_idt253j_idt306'

2022-03-24 18:00:50 - [TEST_STEP][PASSED] - sendKeys(findTestObject("Modulo Pruebas Auditoria/Seguimiento_a_objeto_Succeso_Acceso/input_Vista Suceso Acceso Sistema_form_visorj_idt253j_idt306"), Keys.chord(ENTER)): Keys 'ENTER + ' sent to object: 'Object Repository/Modulo Pruebas Auditoria/Seguimiento_a_objeto_Succeso_Acceso/input_Vista Suceso Acceso Sistema_form_visorj_idt253j_idt306'

2022-03-24 18:00:50 - [MESSAGE][PASSED] - Keys 'ENTER + ' sent to object: 'Object Repository/Modulo Pruebas Auditoria/Seguimiento_a_objeto_Succeso_Acceso/input_Vista Suceso Acceso Sistema_form_visorj_idt253j_idt306'

2022-03-24 18:00:50 - [TEST_STEP][PASSED] - waitForElementVisible(findTestObject("Modulo Pruebas Auditoria/Seguimiento_a_objeto_Succeso_Acceso/td_17012022 031118"), 0): Web element with id: 'Object Repository/Modulo Pruebas Auditoria/Seguimiento_a_objeto_Succeso_Acceso/td_17012022 031118' located by '//*/text()[normalize-space(.)='17/01/2022 03:11:18']/parent::*' not found

2022-03-24 18:00:50 - [MESSAGE][WARNING] - Timeout '0' is invalid. Using default page load timeout: '45'

2022-03-24 18:01:37 - [MESSAGE][INFO] - Unable to find the element located by 'By.xpath: //*/text()[normalize-space(.)='17/01/2022 03:11:18']/parent::*'. Please recheck the objects properties to make sure the desired element is located. 

2022-03-24 18:01:37 - [MESSAGE][WARNING] - Web element with id: 'Object Repository/Modulo Pruebas Auditoria/Seguimiento_a_objeto_Succeso_Acceso/td_17012022 031118' located by '//*/text()[normalize-space(.)='17/01/2022 03:11:18']/parent::*' not found

2022-03-24 18:01:37 - [TEST_STEP][PASSED] - click(findTestObject("Modulo Pruebas Auditoria/Seguimiento_a_objeto_Succeso_Acceso/input_Vista Suceso Acceso Sistema_form_visorj_idt253j_idt306")): Object: 'Object Repository/Modulo Pruebas Auditoria/Seguimiento_a_objeto_Succeso_Acceso/input_Vista Suceso Acceso Sistema_form_visorj_idt253j_idt306' is clicked on

2022-03-24 18:01:37 - [MESSAGE][PASSED] - Object: 'Object Repository/Modulo Pruebas Auditoria/Seguimiento_a_objeto_Succeso_Acceso/input_Vista Suceso Acceso Sistema_form_visorj_idt253j_idt306' is clicked on

2022-03-24 18:01:37 - [TEST_STEP][PASSED] - click(findTestObject("Modulo Pruebas Auditoria/Seguimiento_a_objeto_Succeso_Acceso/img_csv")): Object: 'Object Repository/Modulo Pruebas Auditoria/Seguimiento_a_objeto_Succeso_Acceso/img_csv' is clicked on

2022-03-24 18:01:38 - [MESSAGE][PASSED] - Object: 'Object Repository/Modulo Pruebas Auditoria/Seguimiento_a_objeto_Succeso_Acceso/img_csv' is clicked on

2022-03-24 18:01:38 - [TEST_STEP][PASSED] - click(findTestObject("Modulo Pruebas Auditoria/Seguimiento_a_objeto_Succeso_Acceso/img_PDF")): Object: 'Object Repository/Modulo Pruebas Auditoria/Seguimiento_a_objeto_Succeso_Acceso/img_PDF' is clicked on

2022-03-24 18:01:38 - [MESSAGE][PASSED] - Object: 'Object Repository/Modulo Pruebas Auditoria/Seguimiento_a_objeto_Succeso_Acceso/img_PDF' is clicked on

2022-03-24 18:01:38 - [TEST_STEP][PASSED] - click(findTestObject("Modulo Pruebas Auditoria/Seguimiento_a_objeto_Succeso_Acceso/img_xls")): Object: 'Object Repository/Modulo Pruebas Auditoria/Seguimiento_a_objeto_Succeso_Acceso/img_xls' is clicked on

2022-03-24 18:01:39 - [MESSAGE][PASSED] - Object: 'Object Repository/Modulo Pruebas Auditoria/Seguimiento_a_objeto_Succeso_Acceso/img_xls' is clicked on

2022-03-24 18:01:39 - [TEST_STEP][PASSED] - closeBrowser(): Browser is closed

2022-03-24 18:01:40 - [MESSAGE][PASSED] - Browser is closed]]></system-out>
         <system-err><![CDATA[]]></system-err>
      </testcase>
      <testcase name="Test Cases/1.2-Tareas_Secundarias/8.1-Pruebas_Auditoria/8.1.5-Seguimiento_a_objeto_Succeso_Petición" time="26.367" classname="Test Cases/1.2-Tareas_Secundarias/8.1-Pruebas_Auditoria/8.1.5-Seguimiento_a_objeto_Succeso_Petición" status="PASSED">
         <system-out><![CDATA[2022-03-24 18:01:40 - [TEST_CASE][PASSED] - Test Cases/1.2-Tareas_Secundarias/8.1-Pruebas_Auditoria/8.1.5-Seguimiento_a_objeto_Succeso_Petición: Test Cases/1.2-Tareas_Secundarias/8.1-Pruebas_Auditoria/8.1.5-Seguimiento_a_objeto_Succeso_Petición

2022-03-24 18:01:41 - [TEST_STEP][PASSED] - callTestCase(findTestCase("Utilidades-(atajos_para _tareas)/Modulos/Modulo Auditoria"), [:], STOP_ON_FAILURE): Call Test Case 'Test Cases/Utilidades-(atajos_para _tareas)/Modulos/Modulo Auditoria' successfully

2022-03-24 18:01:41 - [TEST_CASE][PASSED] - Test Cases/Utilidades-(atajos_para _tareas)/Modulos/Modulo Auditoria: Test Cases/Utilidades-(atajos_para _tareas)/Modulos/Modulo Auditoria

2022-03-24 18:01:41 - [TEST_STEP][PASSED] - callTestCase(findTestCase("0.1-Login"), [:], STOP_ON_FAILURE): Call Test Case 'Test Cases/0.1-Login' successfully

2022-03-24 18:01:41 - [TEST_CASE][PASSED] - Test Cases/0.1-Login: Test Cases/0.1-Login

2022-03-24 18:01:41 - [TEST_STEP][PASSED] - openBrowser(""): Browser is opened with url: ''

2022-03-24 18:01:41 - [MESSAGE][INFO] - Starting 'Chrome' driver

2022-03-24 18:01:41 - [MESSAGE][INFO] - Action delay is set to 0 milliseconds

2022-03-24 18:01:43 - [MESSAGE][PASSED] - Browser is opened with url: ''

2022-03-24 18:01:43 - [TEST_STEP][PASSED] - maximizeWindow(): Current window maximized

2022-03-24 18:01:43 - [MESSAGE][PASSED] - Current window maximized

2022-03-24 18:01:43 - [TEST_STEP][PASSED] - i = G_Login: null

2022-03-24 18:01:43 - [TEST_STEP][PASSED] - url = new java.net.URL(i): null

2022-03-24 18:01:43 - [TEST_STEP][PASSED] - println("URL: " + url.toString()): null

2022-03-24 18:01:43 - [TEST_STEP][PASSED] - connection = url.openConnection(): null

2022-03-24 18:01:43 - [TEST_STEP][PASSED] - connection.setRequestMethod("GET"): null

2022-03-24 18:01:43 - [TEST_STEP][PASSED] - connection.setReadTimeout(2 * 1000): null

2022-03-24 18:01:43 - [TEST_STEP][PASSED] - try: null

2022-03-24 18:01:43 - [TEST_STEP][PASSED] - connection.connect(): null

2022-03-24 18:01:43 - [TEST_STEP][PASSED] - flag = connected: null

2022-03-24 18:01:43 - [TEST_STEP][PASSED] - println("Valor_ori: " + flag): null

2022-03-24 18:01:43 - [TEST_STEP][PASSED] - if (flag): null

2022-03-24 18:01:43 - [TEST_STEP][PASSED] - navigateToUrl(i): Navigate to 'http://192.168.2.19:8380/saraweb' successfully

2022-03-24 18:01:43 - [MESSAGE][PASSED] - Navigate to 'http://192.168.2.19:8380/saraweb' successfully

2022-03-24 18:01:43 - [TEST_STEP][PASSED] - a(): null

2022-03-24 18:01:43 - [TEST_STEP][PASSED] - setText(findTestObject("Login/input_USUARIO_loginusuario"), G_Usuario): Text 'saraadmin' is set on object 'Object Repository/Login/input_USUARIO_loginusuario'

2022-03-24 18:01:44 - [MESSAGE][PASSED] - Text 'saraadmin' is set on object 'Object Repository/Login/input_USUARIO_loginusuario'

2022-03-24 18:01:44 - [TEST_STEP][PASSED] - setEncryptedText(findTestObject("Login/input_CLAVE_loginpassword"), "MkG4/TYiCFC3cb2driP7+Q=="): Text ****** has been set on object 'Object Repository/Login/input_CLAVE_loginpassword'

2022-03-24 18:01:44 - [MESSAGE][PASSED] - Text ****** has been set on object 'Object Repository/Login/input_CLAVE_loginpassword'

2022-03-24 18:01:44 - [TEST_STEP][PASSED] - waitForElementClickable(findTestObject("Login/a_Ingresar"), G_TimeOut): Object 'Object Repository/Login/a_Ingresar' is clickable

2022-03-24 18:01:45 - [MESSAGE][PASSED] - Object 'Object Repository/Login/a_Ingresar' is clickable

2022-03-24 18:01:45 - [TEST_STEP][PASSED] - click(findTestObject("Login/a_Ingresar")): Object: 'Object Repository/Login/a_Ingresar' is clicked on

2022-03-24 18:01:46 - [MESSAGE][PASSED] - Object: 'Object Repository/Login/a_Ingresar' is clicked on

2022-03-24 18:01:46 - [TEST_STEP][PASSED] - element = findWebElement(findTestObject("Login/a_Ir"), 30): null

2022-03-24 18:01:47 - [TEST_STEP][PASSED] - executeJavaScript("arguments[0].click()", Arrays.asList(element)): Execute JavaScript 'arguments[0].click()' successfully

2022-03-24 18:01:47 - [MESSAGE][PASSED] - Execute JavaScript 'arguments[0].click()' successfully

2022-03-24 18:01:47 - [MESSAGE][PASSED] - Call Test Case 'Test Cases/0.1-Login' successfully

2022-03-24 18:01:47 - [TEST_STEP][PASSED] - setText(findTestObject("Modulo Auditoria/input_Empresa 1_form_templatej_idt24_input"), "Auditoria"): Text 'Auditoria' is set on object 'Object Repository/Modulo Auditoria/input_Empresa 1_form_templatej_idt24_input'

2022-03-24 18:01:48 - [MESSAGE][PASSED] - Text 'Auditoria' is set on object 'Object Repository/Modulo Auditoria/input_Empresa 1_form_templatej_idt24_input'

2022-03-24 18:01:48 - [TEST_STEP][PASSED] - click(findTestObject("Modulo Auditoria/li_Auditoria (com)")): Object: 'Object Repository/Modulo Auditoria/li_Auditoria (com)' is clicked on

2022-03-24 18:01:50 - [MESSAGE][PASSED] - Object: 'Object Repository/Modulo Auditoria/li_Auditoria (com)' is clicked on

2022-03-24 18:01:50 - [MESSAGE][PASSED] - Call Test Case 'Test Cases/Utilidades-(atajos_para _tareas)/Modulos/Modulo Auditoria' successfully

2022-03-24 18:01:50 - [TEST_STEP][PASSED] - click(findTestObject("Modulo Pruebas Auditoria/Seguimiento_a_objeto_Succeso_Petición/a_Suceso Peticin"), STOP_ON_FAILURE): Object: 'Object Repository/Modulo Pruebas Auditoria/Seguimiento_a_objeto_Succeso_Petición/a_Suceso Peticin' is clicked on

2022-03-24 18:01:51 - [MESSAGE][PASSED] - Object: 'Object Repository/Modulo Pruebas Auditoria/Seguimiento_a_objeto_Succeso_Petición/a_Suceso Peticin' is clicked on

2022-03-24 18:01:51 - [TEST_STEP][PASSED] - Cedula = getText(findTestObject("Modulo Pruebas Auditoria/Seguimiento_a_objeto_Succeso_Petición/td_712854829")): Text of object 'Object Repository/Modulo Pruebas Auditoria/Seguimiento_a_objeto_Succeso_Petición/td_712854829' is: '1647136770'

2022-03-24 18:01:56 - [MESSAGE][PASSED] - Text of object 'Object Repository/Modulo Pruebas Auditoria/Seguimiento_a_objeto_Succeso_Petición/td_712854829' is: '1647136770'

2022-03-24 18:01:56 - [TEST_STEP][PASSED] - setText(findTestObject("Modulo Pruebas Auditoria/Seguimiento_a_objeto_Succeso_Petición/input_Vista Suceso Acceso Peticion_form_peticionj_idt337j_idt340"), Cedula): Text '1647136770' is set on object 'Object Repository/Modulo Pruebas Auditoria/Seguimiento_a_objeto_Succeso_Petición/input_Vista Suceso Acceso Peticion_form_peticionj_idt337j_idt340'

2022-03-24 18:01:57 - [MESSAGE][PASSED] - Text '1647136770' is set on object 'Object Repository/Modulo Pruebas Auditoria/Seguimiento_a_objeto_Succeso_Petición/input_Vista Suceso Acceso Peticion_form_peticionj_idt337j_idt340'

2022-03-24 18:01:57 - [TEST_STEP][PASSED] - sendKeys(findTestObject("Modulo Pruebas Auditoria/Seguimiento_a_objeto_Succeso_Petición/input_Vista Suceso Acceso Peticion_form_peticionj_idt337j_idt340"), Keys.chord(ENTER)): Keys 'ENTER + ' sent to object: 'Object Repository/Modulo Pruebas Auditoria/Seguimiento_a_objeto_Succeso_Petición/input_Vista Suceso Acceso Peticion_form_peticionj_idt337j_idt340'

2022-03-24 18:01:57 - [MESSAGE][PASSED] - Keys 'ENTER + ' sent to object: 'Object Repository/Modulo Pruebas Auditoria/Seguimiento_a_objeto_Succeso_Petición/input_Vista Suceso Acceso Peticion_form_peticionj_idt337j_idt340'

2022-03-24 18:01:57 - [TEST_STEP][PASSED] - waitForElementVisible(findTestObject("Modulo Pruebas Auditoria/Seguimiento_a_objeto_Succeso_Petición/a_Conexin_btn-limpiar-campo"), 0): Object 'Object Repository/Modulo Pruebas Auditoria/Seguimiento_a_objeto_Succeso_Petición/a_Conexin_btn-limpiar-campo' is visible

2022-03-24 18:01:58 - [MESSAGE][WARNING] - Timeout '0' is invalid. Using default page load timeout: '45'

2022-03-24 18:02:01 - [MESSAGE][PASSED] - Object 'Object Repository/Modulo Pruebas Auditoria/Seguimiento_a_objeto_Succeso_Petición/a_Conexin_btn-limpiar-campo' is visible

2022-03-24 18:02:01 - [TEST_STEP][PASSED] - click(findTestObject("Modulo Pruebas Auditoria/Seguimiento_a_objeto_Succeso_Petición/a_Conexin_btn-limpiar-campo")): Object: 'Object Repository/Modulo Pruebas Auditoria/Seguimiento_a_objeto_Succeso_Petición/a_Conexin_btn-limpiar-campo' is clicked on

2022-03-24 18:02:04 - [MESSAGE][PASSED] - Object: 'Object Repository/Modulo Pruebas Auditoria/Seguimiento_a_objeto_Succeso_Petición/a_Conexin_btn-limpiar-campo' is clicked on

2022-03-24 18:02:04 - [TEST_STEP][PASSED] - Cedula1 = getText(findTestObject("Modulo Pruebas Auditoria/Seguimiento_a_objeto_Succeso_Petición/td_1907626860")): Text of object 'Object Repository/Modulo Pruebas Auditoria/Seguimiento_a_objeto_Succeso_Petición/td_1907626860' is: '1696962706'

2022-03-24 18:02:04 - [MESSAGE][PASSED] - Text of object 'Object Repository/Modulo Pruebas Auditoria/Seguimiento_a_objeto_Succeso_Petición/td_1907626860' is: '1696962706'

2022-03-24 18:02:04 - [TEST_STEP][PASSED] - setText(findTestObject("Modulo Pruebas Auditoria/Seguimiento_a_objeto_Succeso_Petición/input_Vista Suceso Acceso Peticion_form_peticionj_idt337j_idt340"), Cedula1): Text '1696962706' is set on object 'Object Repository/Modulo Pruebas Auditoria/Seguimiento_a_objeto_Succeso_Petición/input_Vista Suceso Acceso Peticion_form_peticionj_idt337j_idt340'

2022-03-24 18:02:05 - [MESSAGE][PASSED] - Text '1696962706' is set on object 'Object Repository/Modulo Pruebas Auditoria/Seguimiento_a_objeto_Succeso_Petición/input_Vista Suceso Acceso Peticion_form_peticionj_idt337j_idt340'

2022-03-24 18:02:05 - [TEST_STEP][PASSED] - sendKeys(findTestObject("Modulo Pruebas Auditoria/Seguimiento_a_objeto_Succeso_Petición/input_Vista Suceso Acceso Peticion_form_peticionj_idt337j_idt340"), Keys.chord(ENTER)): Keys 'ENTER + ' sent to object: 'Object Repository/Modulo Pruebas Auditoria/Seguimiento_a_objeto_Succeso_Petición/input_Vista Suceso Acceso Peticion_form_peticionj_idt337j_idt340'

2022-03-24 18:02:05 - [MESSAGE][PASSED] - Keys 'ENTER + ' sent to object: 'Object Repository/Modulo Pruebas Auditoria/Seguimiento_a_objeto_Succeso_Petición/input_Vista Suceso Acceso Peticion_form_peticionj_idt337j_idt340'

2022-03-24 18:02:05 - [TEST_STEP][PASSED] - closeBrowser(): Browser is closed

2022-03-24 18:02:06 - [MESSAGE][PASSED] - Browser is closed]]></system-out>
         <system-err><![CDATA[]]></system-err>
      </testcase>
      <system-out><![CDATA[2022-03-24 17:58:51 - [TEST_SUITE][PASSED] - 8-Pruebas_Auditoria: Test Cases/1.2-Tareas_Secundarias/8.1-Pruebas_Auditoria/8.1.5-Seguimiento_a_objeto_Succeso_Petición]]></system-out>
      <system-err><![CDATA[]]></system-err>
   </testsuite>
</testsuites>
