<?xml version="1.0" encoding="UTF-8"?>
<testsuites name="9-Pruebas_Evaluaciones" time="132.159" tests="5" failures="0" errors="0">
   <testsuite name="9-Pruebas_Evaluaciones" tests="5" failures="0" errors="0" time="132.159" skipped="0" timestamp="2022-03-28 08:59:17" hostname="diego.rojas - US-AF-000371" id="Test Suites/Test_Suite_Secundaria/9-Pruebas_Evaluaciones">
      <properties>
         <property name="deviceName" value=""/>
         <property name="devicePlatform" value=""/>
         <property name="logFolder" value="C:\\Users\\diego.rojas\\git\\Pruebas-Minimas\\Reports\\20220328_084605\\Test_Suite_Secundaria\\9-Pruebas_Evaluaciones\\20220328_084644"/>
         <property name="logFiles" value="C:\\Users\\diego.rojas\\git\\Pruebas-Minimas\\Reports\\20220328_084605\\Test_Suite_Secundaria\\9-Pruebas_Evaluaciones\\20220328_084644\\execution0.log"/>
         <property name="attachments" value=""/>
         <property name="hostName" value="diego.rojas - US-AF-000371"/>
         <property name="os" value="Windows 10 64bit"/>
         <property name="katalonVersion" value="8.2.5.208"/>
         <property name="browser" value="Chrome 99.0.4844.82"/>
         <property name="hostAddress" value="192.168.56.1"/>
         <property name="sessionId" value="56c71e72f858a46afd934126c43e5c2f"/>
         <property name="seleniumVersion" value="3.141.59"/>
         <property name="proxyInformation" value="ProxyInformation { proxyOption=NO_PROXY, proxyServerType=HTTP, username=, password=********, proxyServerAddress=, proxyServerPort=0, executionList=&quot;&quot;, isApplyToDesiredCapabilities=true }"/>
         <property name="platform" value="Windows 10"/>
      </properties>
      <testcase name="Test Cases/1.2-Tareas_Secundarias/9.1-Pruebas_Evaluaciones/9.1.1-Crear_un_periodo_de_evaluación" time="22.22" classname="Test Cases/1.2-Tareas_Secundarias/9.1-Pruebas_Evaluaciones/9.1.1-Crear_un_periodo_de_evaluación" status="PASSED">
         <system-out><![CDATA[2022-03-28 08:59:18 - [TEST_CASE][PASSED] - Test Cases/1.2-Tareas_Secundarias/9.1-Pruebas_Evaluaciones/9.1.1-Crear_un_periodo_de_evaluación: Test Cases/1.2-Tareas_Secundarias/9.1-Pruebas_Evaluaciones/9.1.1-Crear_un_periodo_de_evaluación

2022-03-28 08:59:19 - [TEST_STEP][PASSED] - callTestCase(findTestCase("0.1-Login"), [:], STOP_ON_FAILURE): Call Test Case 'Test Cases/0.1-Login' successfully

2022-03-28 08:59:19 - [TEST_CASE][PASSED] - Test Cases/0.1-Login: Test Cases/0.1-Login

2022-03-28 08:59:20 - [TEST_STEP][PASSED] - openBrowser(""): Browser is opened with url: ''

2022-03-28 08:59:20 - [MESSAGE][INFO] - Starting 'Chrome' driver

2022-03-28 08:59:20 - [MESSAGE][INFO] - Action delay is set to 50 milliseconds

2022-03-28 08:59:23 - [MESSAGE][PASSED] - Browser is opened with url: ''

2022-03-28 08:59:23 - [TEST_STEP][PASSED] - maximizeWindow(): Current window maximized

2022-03-28 08:59:23 - [MESSAGE][PASSED] - Current window maximized

2022-03-28 08:59:23 - [TEST_STEP][PASSED] - i = G_Login: null

2022-03-28 08:59:24 - [TEST_STEP][PASSED] - url = new java.net.URL(i): null

2022-03-28 08:59:24 - [TEST_STEP][PASSED] - println("URL: " + url.toString()): null

2022-03-28 08:59:24 - [TEST_STEP][PASSED] - connection = url.openConnection(): null

2022-03-28 08:59:24 - [TEST_STEP][PASSED] - connection.setRequestMethod("GET"): null

2022-03-28 08:59:24 - [TEST_STEP][PASSED] - connection.setReadTimeout(2 * 1000): null

2022-03-28 08:59:24 - [TEST_STEP][PASSED] - try: null

2022-03-28 08:59:24 - [TEST_STEP][PASSED] - connection.connect(): null

2022-03-28 08:59:24 - [TEST_STEP][PASSED] - flag = connected: null

2022-03-28 08:59:24 - [TEST_STEP][PASSED] - println("Valor_ori: " + flag): null

2022-03-28 08:59:24 - [TEST_STEP][PASSED] - if (flag): null

2022-03-28 08:59:24 - [TEST_STEP][PASSED] - navigateToUrl(i): Navigate to 'http://192.168.2.19:8380/saraweb' successfully

2022-03-28 08:59:24 - [MESSAGE][PASSED] - Navigate to 'http://192.168.2.19:8380/saraweb' successfully

2022-03-28 08:59:24 - [TEST_STEP][PASSED] - a(): null

2022-03-28 08:59:24 - [TEST_STEP][PASSED] - setText(findTestObject("Login/input_USUARIO_loginusuario"), G_Usuario): Text 'saraadmin' is set on object 'Object Repository/Login/input_USUARIO_loginusuario'

2022-03-28 08:59:25 - [MESSAGE][PASSED] - Text 'saraadmin' is set on object 'Object Repository/Login/input_USUARIO_loginusuario'

2022-03-28 08:59:25 - [TEST_STEP][PASSED] - setEncryptedText(findTestObject("Login/input_CLAVE_loginpassword"), "MkG4/TYiCFC3cb2driP7+Q=="): Text ****** has been set on object 'Object Repository/Login/input_CLAVE_loginpassword'

2022-03-28 08:59:26 - [MESSAGE][PASSED] - Text ****** has been set on object 'Object Repository/Login/input_CLAVE_loginpassword'

2022-03-28 08:59:26 - [TEST_STEP][PASSED] - waitForElementClickable(findTestObject("Login/a_Ingresar"), G_TimeOut): Object 'Object Repository/Login/a_Ingresar' is clickable

2022-03-28 08:59:26 - [MESSAGE][PASSED] - Object 'Object Repository/Login/a_Ingresar' is clickable

2022-03-28 08:59:26 - [TEST_STEP][PASSED] - click(findTestObject("Login/a_Ingresar")): Object: 'Object Repository/Login/a_Ingresar' is clicked on

2022-03-28 08:59:28 - [MESSAGE][PASSED] - Object: 'Object Repository/Login/a_Ingresar' is clicked on

2022-03-28 08:59:28 - [TEST_STEP][PASSED] - element = findWebElement(findTestObject("Login/a_Ir"), 30): null

2022-03-28 08:59:28 - [TEST_STEP][PASSED] - executeJavaScript("arguments[0].click()", Arrays.asList(element)): Execute JavaScript 'arguments[0].click()' successfully

2022-03-28 08:59:28 - [MESSAGE][PASSED] - Execute JavaScript 'arguments[0].click()' successfully

2022-03-28 08:59:28 - [MESSAGE][PASSED] - Call Test Case 'Test Cases/0.1-Login' successfully

2022-03-28 08:59:28 - [TEST_STEP][PASSED] - setText(findTestObject("Modulo Pruebas Evaluaciones/Crear_un_periodo_de_evaluación/input_Empresa 1_form_templatej_idt24_input"), "Periodo evaluaciones"): Text 'Periodo evaluaciones' is set on object 'Object Repository/Modulo Pruebas Evaluaciones/Crear_un_periodo_de_evaluación/input_Empresa 1_form_templatej_idt24_input'

2022-03-28 08:59:30 - [MESSAGE][PASSED] - Text 'Periodo evaluaciones' is set on object 'Object Repository/Modulo Pruebas Evaluaciones/Crear_un_periodo_de_evaluación/input_Empresa 1_form_templatej_idt24_input'

2022-03-28 08:59:30 - [TEST_STEP][PASSED] - click(findTestObject("Modulo Pruebas Evaluaciones/Crear_un_periodo_de_evaluación/span_Periodo Evaluaciones")): Object: 'Object Repository/Modulo Pruebas Evaluaciones/Crear_un_periodo_de_evaluación/span_Periodo Evaluaciones' is clicked on

2022-03-28 08:59:31 - [MESSAGE][PASSED] - Object: 'Object Repository/Modulo Pruebas Evaluaciones/Crear_un_periodo_de_evaluación/span_Periodo Evaluaciones' is clicked on

2022-03-28 08:59:31 - [TEST_STEP][PASSED] - click(findTestObject("Modulo Pruebas Evaluaciones/Crear_un_periodo_de_evaluación/td_Pruebas katalon")): Object: 'Object Repository/Modulo Pruebas Evaluaciones/Crear_un_periodo_de_evaluación/td_Pruebas katalon' is clicked on

2022-03-28 08:59:33 - [MESSAGE][PASSED] - Object: 'Object Repository/Modulo Pruebas Evaluaciones/Crear_un_periodo_de_evaluación/td_Pruebas katalon' is clicked on

2022-03-28 08:59:33 - [TEST_STEP][PASSED] - if (waitForElementPresent(findTestObject("Modulo Pruebas Evaluaciones/Crear_un_periodo_de_evaluación/span_PRUEBAS K"), 1)): null

2022-03-28 08:59:34 - [MESSAGE][PASSED] - Object 'Object Repository/Modulo Pruebas Evaluaciones/Crear_un_periodo_de_evaluación/span_PRUEBAS K' is present

2022-03-28 08:59:34 - [TEST_STEP][PASSED] - click(findTestObject("Modulo Pruebas Evaluaciones/Crear_un_periodo_de_evaluación/span_PRUEBAS K")): Object: 'Object Repository/Modulo Pruebas Evaluaciones/Crear_un_periodo_de_evaluación/span_PRUEBAS K' is clicked on

2022-03-28 08:59:34 - [MESSAGE][PASSED] - Object: 'Object Repository/Modulo Pruebas Evaluaciones/Crear_un_periodo_de_evaluación/span_PRUEBAS K' is clicked on

2022-03-28 08:59:34 - [TEST_STEP][PASSED] - click(findTestObject("Modulo Pruebas Evaluaciones/Crear_un_periodo_de_evaluación/a_Eliminar")): Object: 'Object Repository/Modulo Pruebas Evaluaciones/Crear_un_periodo_de_evaluación/a_Eliminar' is clicked on

2022-03-28 08:59:35 - [MESSAGE][PASSED] - Object: 'Object Repository/Modulo Pruebas Evaluaciones/Crear_un_periodo_de_evaluación/a_Eliminar' is clicked on

2022-03-28 08:59:35 - [TEST_STEP][PASSED] - click(findTestObject("Modulo Pruebas Evaluaciones/Crear_un_periodo_de_evaluación/a_Aceptar")): Object: 'Object Repository/Modulo Pruebas Evaluaciones/Crear_un_periodo_de_evaluación/a_Aceptar' is clicked on

2022-03-28 08:59:36 - [MESSAGE][PASSED] - Object: 'Object Repository/Modulo Pruebas Evaluaciones/Crear_un_periodo_de_evaluación/a_Aceptar' is clicked on

2022-03-28 08:59:36 - [TEST_STEP][PASSED] - click(findTestObject("Modulo Pruebas Evaluaciones/Crear_un_periodo_de_evaluación/a_Nuevo")): Object: 'Object Repository/Modulo Pruebas Evaluaciones/Crear_un_periodo_de_evaluación/a_Nuevo' is clicked on

2022-03-28 08:59:37 - [MESSAGE][PASSED] - Object: 'Object Repository/Modulo Pruebas Evaluaciones/Crear_un_periodo_de_evaluación/a_Nuevo' is clicked on

2022-03-28 08:59:37 - [TEST_STEP][PASSED] - setText(findTestObject("Modulo Pruebas Evaluaciones/Crear_un_periodo_de_evaluación/input_Descripcin_form_popupperiodoevaluaciondescripcion"), "PRUEBAS K"): Text 'PRUEBAS K' is set on object 'Object Repository/Modulo Pruebas Evaluaciones/Crear_un_periodo_de_evaluación/input_Descripcin_form_popupperiodoevaluaciondescripcion'

2022-03-28 08:59:38 - [MESSAGE][PASSED] - Text 'PRUEBAS K' is set on object 'Object Repository/Modulo Pruebas Evaluaciones/Crear_un_periodo_de_evaluación/input_Descripcin_form_popupperiodoevaluaciondescripcion'

2022-03-28 08:59:38 - [TEST_STEP][PASSED] - selectOptionByIndex(findTestObject("Modulo Pruebas Evaluaciones/Crear_un_periodo_de_evaluación/select_Periodo fijo, control de fechaPeriodo fijo de tiempoNo hay un rango definido"), 2): All options with index in [2] are selected on object 'Object Repository/Modulo Pruebas Evaluaciones/Crear_un_periodo_de_evaluación/select_Periodo fijo, control de fechaPeriodo fijo de tiempoNo hay un rango definido'

2022-03-28 08:59:40 - [MESSAGE][PASSED] - All options with index in [2] are selected on object 'Object Repository/Modulo Pruebas Evaluaciones/Crear_un_periodo_de_evaluación/select_Periodo fijo, control de fechaPeriodo fijo de tiempoNo hay un rango definido'

2022-03-28 08:59:40 - [TEST_STEP][PASSED] - click(findTestObject("Modulo Pruebas Evaluaciones/Crear_un_periodo_de_evaluación/a_Guardar")): Object: 'Object Repository/Modulo Pruebas Evaluaciones/Crear_un_periodo_de_evaluación/a_Guardar' is clicked on

2022-03-28 08:59:40 - [MESSAGE][PASSED] - Object: 'Object Repository/Modulo Pruebas Evaluaciones/Crear_un_periodo_de_evaluación/a_Guardar' is clicked on]]></system-out>
         <system-err><![CDATA[]]></system-err>
      </testcase>
      <testcase name="Test Cases/1.2-Tareas_Secundarias/9.1-Pruebas_Evaluaciones/9.1.2-Crear_una_Fase" time="32.722" classname="Test Cases/1.2-Tareas_Secundarias/9.1-Pruebas_Evaluaciones/9.1.2-Crear_una_Fase" status="PASSED">
         <system-out><![CDATA[2022-03-28 08:59:40 - [TEST_CASE][PASSED] - Test Cases/1.2-Tareas_Secundarias/9.1-Pruebas_Evaluaciones/9.1.2-Crear_una_Fase: Test Cases/1.2-Tareas_Secundarias/9.1-Pruebas_Evaluaciones/9.1.2-Crear_una_Fase

2022-03-28 08:59:41 - [TEST_STEP][PASSED] - callTestCase(findTestCase("0.1-Login"), [:], STOP_ON_FAILURE): Call Test Case 'Test Cases/0.1-Login' successfully

2022-03-28 08:59:41 - [TEST_CASE][PASSED] - Test Cases/0.1-Login: Test Cases/0.1-Login

2022-03-28 08:59:41 - [TEST_STEP][PASSED] - openBrowser(""): Browser is opened with url: ''

2022-03-28 08:59:41 - [MESSAGE][WARNING] - A browser is already opened. Closing browser and opening a new one

2022-03-28 08:59:42 - [MESSAGE][INFO] - Starting 'Chrome' driver

2022-03-28 08:59:42 - [MESSAGE][INFO] - Action delay is set to 50 milliseconds

2022-03-28 08:59:43 - [MESSAGE][PASSED] - Browser is opened with url: ''

2022-03-28 08:59:43 - [TEST_STEP][PASSED] - maximizeWindow(): Current window maximized

2022-03-28 08:59:43 - [MESSAGE][PASSED] - Current window maximized

2022-03-28 08:59:43 - [TEST_STEP][PASSED] - i = G_Login: null

2022-03-28 08:59:43 - [TEST_STEP][PASSED] - url = new java.net.URL(i): null

2022-03-28 08:59:43 - [TEST_STEP][PASSED] - println("URL: " + url.toString()): null

2022-03-28 08:59:43 - [TEST_STEP][PASSED] - connection = url.openConnection(): null

2022-03-28 08:59:43 - [TEST_STEP][PASSED] - connection.setRequestMethod("GET"): null

2022-03-28 08:59:43 - [TEST_STEP][PASSED] - connection.setReadTimeout(2 * 1000): null

2022-03-28 08:59:43 - [TEST_STEP][PASSED] - try: null

2022-03-28 08:59:43 - [TEST_STEP][PASSED] - connection.connect(): null

2022-03-28 08:59:43 - [TEST_STEP][PASSED] - flag = connected: null

2022-03-28 08:59:43 - [TEST_STEP][PASSED] - println("Valor_ori: " + flag): null

2022-03-28 08:59:43 - [TEST_STEP][PASSED] - if (flag): null

2022-03-28 08:59:43 - [TEST_STEP][PASSED] - navigateToUrl(i): Navigate to 'http://192.168.2.19:8380/saraweb' successfully

2022-03-28 08:59:44 - [MESSAGE][PASSED] - Navigate to 'http://192.168.2.19:8380/saraweb' successfully

2022-03-28 08:59:44 - [TEST_STEP][PASSED] - a(): null

2022-03-28 08:59:44 - [TEST_STEP][PASSED] - setText(findTestObject("Login/input_USUARIO_loginusuario"), G_Usuario): Text 'saraadmin' is set on object 'Object Repository/Login/input_USUARIO_loginusuario'

2022-03-28 08:59:45 - [MESSAGE][PASSED] - Text 'saraadmin' is set on object 'Object Repository/Login/input_USUARIO_loginusuario'

2022-03-28 08:59:45 - [TEST_STEP][PASSED] - setEncryptedText(findTestObject("Login/input_CLAVE_loginpassword"), "MkG4/TYiCFC3cb2driP7+Q=="): Text ****** has been set on object 'Object Repository/Login/input_CLAVE_loginpassword'

2022-03-28 08:59:46 - [MESSAGE][PASSED] - Text ****** has been set on object 'Object Repository/Login/input_CLAVE_loginpassword'

2022-03-28 08:59:46 - [TEST_STEP][PASSED] - waitForElementClickable(findTestObject("Login/a_Ingresar"), G_TimeOut): Object 'Object Repository/Login/a_Ingresar' is clickable

2022-03-28 08:59:46 - [MESSAGE][PASSED] - Object 'Object Repository/Login/a_Ingresar' is clickable

2022-03-28 08:59:46 - [TEST_STEP][PASSED] - click(findTestObject("Login/a_Ingresar")): Object: 'Object Repository/Login/a_Ingresar' is clicked on

2022-03-28 08:59:47 - [MESSAGE][PASSED] - Object: 'Object Repository/Login/a_Ingresar' is clicked on

2022-03-28 08:59:47 - [TEST_STEP][PASSED] - element = findWebElement(findTestObject("Login/a_Ir"), 30): null

2022-03-28 08:59:48 - [TEST_STEP][PASSED] - executeJavaScript("arguments[0].click()", Arrays.asList(element)): Execute JavaScript 'arguments[0].click()' successfully

2022-03-28 08:59:48 - [MESSAGE][PASSED] - Execute JavaScript 'arguments[0].click()' successfully

2022-03-28 08:59:48 - [MESSAGE][PASSED] - Call Test Case 'Test Cases/0.1-Login' successfully

2022-03-28 08:59:48 - [TEST_STEP][PASSED] - setText(findTestObject("Modulo Pruebas Evaluaciones/Crear_una_Fase/input_Empresa 1_form_templatej_idt24_input"), "gestion herramientas"): Text 'gestion herramientas' is set on object 'Object Repository/Modulo Pruebas Evaluaciones/Crear_una_Fase/input_Empresa 1_form_templatej_idt24_input'

2022-03-28 08:59:49 - [MESSAGE][PASSED] - Text 'gestion herramientas' is set on object 'Object Repository/Modulo Pruebas Evaluaciones/Crear_una_Fase/input_Empresa 1_form_templatej_idt24_input'

2022-03-28 08:59:49 - [TEST_STEP][PASSED] - click(findTestObject("Modulo Pruebas Evaluaciones/Crear_una_Fase/li_Gestion Herramientas (tal)")): Object: 'Object Repository/Modulo Pruebas Evaluaciones/Crear_una_Fase/li_Gestion Herramientas (tal)' is clicked on

2022-03-28 08:59:51 - [MESSAGE][PASSED] - Object: 'Object Repository/Modulo Pruebas Evaluaciones/Crear_una_Fase/li_Gestion Herramientas (tal)' is clicked on

2022-03-28 08:59:51 - [TEST_STEP][PASSED] - if (waitForElementNotVisible(findTestObject("Modulo Pruebas Evaluaciones/Crear_una_Fase/td_Pruebas katalon"), 1)): Object 'Object Repository/Modulo Pruebas Evaluaciones/Crear_una_Fase/td_Pruebas katalon' is visible after 1 second(s)

2022-03-28 08:59:54 - [MESSAGE][WARNING] - Object 'Object Repository/Modulo Pruebas Evaluaciones/Crear_una_Fase/td_Pruebas katalon' is visible after 1 second(s)

2022-03-28 08:59:54 - [TEST_STEP][PASSED] - else: Browser is closed

2022-03-28 08:59:54 - [TEST_STEP][PASSED] - click(findTestObject("Modulo Pruebas Evaluaciones/Crear_una_Fase/td_Pruebas katalon")): Object: 'Object Repository/Modulo Pruebas Evaluaciones/Crear_una_Fase/td_Pruebas katalon' is clicked on

2022-03-28 08:59:55 - [MESSAGE][PASSED] - Object: 'Object Repository/Modulo Pruebas Evaluaciones/Crear_una_Fase/td_Pruebas katalon' is clicked on

2022-03-28 08:59:55 - [TEST_STEP][PASSED] - click(findTestObject("Modulo Pruebas Evaluaciones/Crear_una_Fase/a_Tipo Evaluador")): Object: 'Object Repository/Modulo Pruebas Evaluaciones/Crear_una_Fase/a_Tipo Evaluador' is clicked on

2022-03-28 08:59:56 - [MESSAGE][PASSED] - Object: 'Object Repository/Modulo Pruebas Evaluaciones/Crear_una_Fase/a_Tipo Evaluador' is clicked on

2022-03-28 08:59:56 - [TEST_STEP][PASSED] - if (waitForElementVisible(findTestObject("Modulo Pruebas Evaluaciones/Crear_una_Fase/td_pr.katalon"), 1)): null

2022-03-28 08:59:57 - [MESSAGE][PASSED] - Object 'Object Repository/Modulo Pruebas Evaluaciones/Crear_una_Fase/td_pr.katalon' is visible

2022-03-28 08:59:57 - [TEST_STEP][PASSED] - click(findTestObject("Modulo Pruebas Evaluaciones/Crear_una_Fase/td_pr.katalon")): Object: 'Object Repository/Modulo Pruebas Evaluaciones/Crear_una_Fase/td_pr.katalon' is clicked on

2022-03-28 08:59:57 - [MESSAGE][PASSED] - Object: 'Object Repository/Modulo Pruebas Evaluaciones/Crear_una_Fase/td_pr.katalon' is clicked on

2022-03-28 08:59:57 - [TEST_STEP][PASSED] - click(findTestObject("Modulo Pruebas Evaluaciones/Crear_una_Fase/a_Eliminar_Tipo evaluador")): Object: 'Object Repository/Modulo Pruebas Evaluaciones/Crear_una_Fase/a_Eliminar_Tipo evaluador' is clicked on

2022-03-28 08:59:58 - [MESSAGE][PASSED] - Object: 'Object Repository/Modulo Pruebas Evaluaciones/Crear_una_Fase/a_Eliminar_Tipo evaluador' is clicked on

2022-03-28 08:59:58 - [TEST_STEP][PASSED] - click(findTestObject("Modulo Pruebas Evaluaciones/Crear_una_Fase/a_Aceptar_Tipo evaluador")): Object: 'Object Repository/Modulo Pruebas Evaluaciones/Crear_una_Fase/a_Aceptar_Tipo evaluador' is clicked on

2022-03-28 08:59:59 - [MESSAGE][PASSED] - Object: 'Object Repository/Modulo Pruebas Evaluaciones/Crear_una_Fase/a_Aceptar_Tipo evaluador' is clicked on

2022-03-28 08:59:59 - [TEST_STEP][PASSED] - click(findTestObject("Modulo Pruebas Evaluaciones/Crear_una_Fase/a_Fase Evaluacin")): Object: 'Object Repository/Modulo Pruebas Evaluaciones/Crear_una_Fase/a_Fase Evaluacin' is clicked on

2022-03-28 09:00:00 - [MESSAGE][PASSED] - Object: 'Object Repository/Modulo Pruebas Evaluaciones/Crear_una_Fase/a_Fase Evaluacin' is clicked on

2022-03-28 09:00:00 - [TEST_STEP][PASSED] - if (waitForElementVisible(findTestObject("Modulo Pruebas Evaluaciones/Crear_una_Fase/td_PRUEBAS K"), 1)): null

2022-03-28 09:00:00 - [MESSAGE][PASSED] - Object 'Object Repository/Modulo Pruebas Evaluaciones/Crear_una_Fase/td_PRUEBAS K' is visible

2022-03-28 09:00:00 - [TEST_STEP][PASSED] - click(findTestObject("Modulo Pruebas Evaluaciones/Crear_una_Fase/td_PRUEBAS K")): Object: 'Object Repository/Modulo Pruebas Evaluaciones/Crear_una_Fase/td_PRUEBAS K' is clicked on

2022-03-28 09:00:01 - [MESSAGE][PASSED] - Object: 'Object Repository/Modulo Pruebas Evaluaciones/Crear_una_Fase/td_PRUEBAS K' is clicked on

2022-03-28 09:00:01 - [TEST_STEP][PASSED] - click(findTestObject("Modulo Pruebas Evaluaciones/Crear_una_Fase/a_Etapa")): Object: 'Object Repository/Modulo Pruebas Evaluaciones/Crear_una_Fase/a_Etapa' is clicked on

2022-03-28 09:00:02 - [MESSAGE][PASSED] - Object: 'Object Repository/Modulo Pruebas Evaluaciones/Crear_una_Fase/a_Etapa' is clicked on

2022-03-28 09:00:02 - [TEST_STEP][PASSED] - if (waitForElementVisible(findTestObject("Modulo Pruebas Evaluaciones/Crear_una_Fase/span_Pruebas Ka_Etapa"), 1)): null

2022-03-28 09:00:02 - [MESSAGE][PASSED] - Object 'Object Repository/Modulo Pruebas Evaluaciones/Crear_una_Fase/span_Pruebas Ka_Etapa' is visible

2022-03-28 09:00:02 - [TEST_STEP][PASSED] - click(findTestObject("Modulo Pruebas Evaluaciones/Crear_una_Fase/span_Pruebas Ka_Etapa")): Object: 'Object Repository/Modulo Pruebas Evaluaciones/Crear_una_Fase/span_Pruebas Ka_Etapa' is clicked on

2022-03-28 09:00:03 - [MESSAGE][PASSED] - Object: 'Object Repository/Modulo Pruebas Evaluaciones/Crear_una_Fase/span_Pruebas Ka_Etapa' is clicked on

2022-03-28 09:00:03 - [TEST_STEP][PASSED] - click(findTestObject("Modulo Pruebas Evaluaciones/Crear_una_Fase/a_Eliminar_Etapa")): Object: 'Object Repository/Modulo Pruebas Evaluaciones/Crear_una_Fase/a_Eliminar_Etapa' is clicked on

2022-03-28 09:00:04 - [MESSAGE][PASSED] - Object: 'Object Repository/Modulo Pruebas Evaluaciones/Crear_una_Fase/a_Eliminar_Etapa' is clicked on

2022-03-28 09:00:04 - [TEST_STEP][PASSED] - click(findTestObject("Modulo Pruebas Evaluaciones/Crear_una_Fase/span_Si_Etapa")): Object: 'Object Repository/Modulo Pruebas Evaluaciones/Crear_una_Fase/span_Si_Etapa' is clicked on

2022-03-28 09:00:04 - [MESSAGE][PASSED] - Object: 'Object Repository/Modulo Pruebas Evaluaciones/Crear_una_Fase/span_Si_Etapa' is clicked on

2022-03-28 09:00:04 - [TEST_STEP][PASSED] - click(findTestObject("Modulo Pruebas Evaluaciones/Crear_una_Fase/a_Detalle")): Object: 'Object Repository/Modulo Pruebas Evaluaciones/Crear_una_Fase/a_Detalle' is clicked on

2022-03-28 09:00:05 - [MESSAGE][PASSED] - Object: 'Object Repository/Modulo Pruebas Evaluaciones/Crear_una_Fase/a_Detalle' is clicked on

2022-03-28 09:00:05 - [TEST_STEP][PASSED] - click(findTestObject("Modulo Pruebas Evaluaciones/Crear_una_Fase/a_Eliminar")): Object: 'Object Repository/Modulo Pruebas Evaluaciones/Crear_una_Fase/a_Eliminar' is clicked on

2022-03-28 09:00:06 - [MESSAGE][PASSED] - Object: 'Object Repository/Modulo Pruebas Evaluaciones/Crear_una_Fase/a_Eliminar' is clicked on

2022-03-28 09:00:06 - [TEST_STEP][PASSED] - click(findTestObject("Modulo Pruebas Evaluaciones/Crear_una_Fase/a_Aceptar")): Object: 'Object Repository/Modulo Pruebas Evaluaciones/Crear_una_Fase/a_Aceptar' is clicked on

2022-03-28 09:00:07 - [MESSAGE][PASSED] - Object: 'Object Repository/Modulo Pruebas Evaluaciones/Crear_una_Fase/a_Aceptar' is clicked on

2022-03-28 09:00:07 - [TEST_STEP][PASSED] - click(findTestObject("Modulo Pruebas Evaluaciones/Crear_una_Fase/a_Nuevo1")): Object: 'Object Repository/Modulo Pruebas Evaluaciones/Crear_una_Fase/a_Nuevo1' is clicked on

2022-03-28 09:00:08 - [MESSAGE][PASSED] - Object: 'Object Repository/Modulo Pruebas Evaluaciones/Crear_una_Fase/a_Nuevo1' is clicked on

2022-03-28 09:00:08 - [TEST_STEP][PASSED] - setText(findTestObject("Modulo Pruebas Evaluaciones/Crear_una_Fase/input_Cdigo_formGestionHerramientaspanelTabFasecodigo"), "5"): Text '5' is set on object 'Object Repository/Modulo Pruebas Evaluaciones/Crear_una_Fase/input_Cdigo_formGestionHerramientaspanelTabFasecodigo'

2022-03-28 09:00:09 - [MESSAGE][PASSED] - Text '5' is set on object 'Object Repository/Modulo Pruebas Evaluaciones/Crear_una_Fase/input_Cdigo_formGestionHerramientaspanelTabFasecodigo'

2022-03-28 09:00:09 - [TEST_STEP][PASSED] - setText(findTestObject("Modulo Pruebas Evaluaciones/Crear_una_Fase/input_Descripcin_formGestionHerramientaspanelTabFasedescripcion"), "PRUEBAS K"): Text 'PRUEBAS K' is set on object 'Object Repository/Modulo Pruebas Evaluaciones/Crear_una_Fase/input_Descripcin_formGestionHerramientaspanelTabFasedescripcion'

2022-03-28 09:00:10 - [MESSAGE][PASSED] - Text 'PRUEBAS K' is set on object 'Object Repository/Modulo Pruebas Evaluaciones/Crear_una_Fase/input_Descripcin_formGestionHerramientaspanelTabFasedescripcion'

2022-03-28 09:00:10 - [TEST_STEP][PASSED] - setText(findTestObject("Modulo Pruebas Evaluaciones/Crear_una_Fase/input_Orden_formGestionHerramientaspanelTabFaseorden"), "5"): Text '5' is set on object 'Object Repository/Modulo Pruebas Evaluaciones/Crear_una_Fase/input_Orden_formGestionHerramientaspanelTabFaseorden'

2022-03-28 09:00:11 - [MESSAGE][PASSED] - Text '5' is set on object 'Object Repository/Modulo Pruebas Evaluaciones/Crear_una_Fase/input_Orden_formGestionHerramientaspanelTabFaseorden'

2022-03-28 09:00:11 - [TEST_STEP][PASSED] - setText(findTestObject("Modulo Pruebas Evaluaciones/Crear_una_Fase/input_Nmero Seguimiento_formGestionHerramientaspanelTabFaseseguimiento"), "5"): Text '5' is set on object 'Object Repository/Modulo Pruebas Evaluaciones/Crear_una_Fase/input_Nmero Seguimiento_formGestionHerramientaspanelTabFaseseguimiento'

2022-03-28 09:00:12 - [MESSAGE][PASSED] - Text '5' is set on object 'Object Repository/Modulo Pruebas Evaluaciones/Crear_una_Fase/input_Nmero Seguimiento_formGestionHerramientaspanelTabFaseseguimiento'

2022-03-28 09:00:12 - [TEST_STEP][PASSED] - click(findTestObject("Modulo Pruebas Evaluaciones/Crear_una_Fase/a_Guardar1")): Object: 'Object Repository/Modulo Pruebas Evaluaciones/Crear_una_Fase/a_Guardar1' is clicked on

2022-03-28 09:00:12 - [MESSAGE][PASSED] - Object: 'Object Repository/Modulo Pruebas Evaluaciones/Crear_una_Fase/a_Guardar1' is clicked on

2022-03-28 09:00:12 - [TEST_STEP][PASSED] - closeBrowser(): Browser is closed

2022-03-28 09:00:13 - [MESSAGE][PASSED] - Browser is closed]]></system-out>
         <system-err><![CDATA[]]></system-err>
      </testcase>
      <testcase name="Test Cases/1.2-Tareas_Secundarias/9.1-Pruebas_Evaluaciones/9.1.3-Crear_una_Etapa" time="26.045" classname="Test Cases/1.2-Tareas_Secundarias/9.1-Pruebas_Evaluaciones/9.1.3-Crear_una_Etapa" status="PASSED">
         <system-out><![CDATA[2022-03-28 09:00:13 - [TEST_CASE][PASSED] - Test Cases/1.2-Tareas_Secundarias/9.1-Pruebas_Evaluaciones/9.1.3-Crear_una_Etapa: Test Cases/1.2-Tareas_Secundarias/9.1-Pruebas_Evaluaciones/9.1.3-Crear_una_Etapa

2022-03-28 09:00:13 - [TEST_STEP][PASSED] - callTestCase(findTestCase("0.1-Login"), [:], STOP_ON_FAILURE): Call Test Case 'Test Cases/0.1-Login' successfully

2022-03-28 09:00:13 - [TEST_CASE][PASSED] - Test Cases/0.1-Login: Test Cases/0.1-Login

2022-03-28 09:00:14 - [TEST_STEP][PASSED] - openBrowser(""): Browser is opened with url: ''

2022-03-28 09:00:14 - [MESSAGE][INFO] - Starting 'Chrome' driver

2022-03-28 09:00:14 - [MESSAGE][INFO] - Action delay is set to 50 milliseconds

2022-03-28 09:00:15 - [MESSAGE][PASSED] - Browser is opened with url: ''

2022-03-28 09:00:15 - [TEST_STEP][PASSED] - maximizeWindow(): Current window maximized

2022-03-28 09:00:15 - [MESSAGE][PASSED] - Current window maximized

2022-03-28 09:00:15 - [TEST_STEP][PASSED] - i = G_Login: null

2022-03-28 09:00:15 - [TEST_STEP][PASSED] - url = new java.net.URL(i): null

2022-03-28 09:00:15 - [TEST_STEP][PASSED] - println("URL: " + url.toString()): null

2022-03-28 09:00:15 - [TEST_STEP][PASSED] - connection = url.openConnection(): null

2022-03-28 09:00:15 - [TEST_STEP][PASSED] - connection.setRequestMethod("GET"): null

2022-03-28 09:00:15 - [TEST_STEP][PASSED] - connection.setReadTimeout(2 * 1000): null

2022-03-28 09:00:15 - [TEST_STEP][PASSED] - try: null

2022-03-28 09:00:15 - [TEST_STEP][PASSED] - connection.connect(): null

2022-03-28 09:00:15 - [TEST_STEP][PASSED] - flag = connected: null

2022-03-28 09:00:15 - [TEST_STEP][PASSED] - println("Valor_ori: " + flag): null

2022-03-28 09:00:15 - [TEST_STEP][PASSED] - if (flag): null

2022-03-28 09:00:15 - [TEST_STEP][PASSED] - navigateToUrl(i): Navigate to 'http://192.168.2.19:8380/saraweb' successfully

2022-03-28 09:00:15 - [MESSAGE][PASSED] - Navigate to 'http://192.168.2.19:8380/saraweb' successfully

2022-03-28 09:00:15 - [TEST_STEP][PASSED] - a(): null

2022-03-28 09:00:15 - [TEST_STEP][PASSED] - setText(findTestObject("Login/input_USUARIO_loginusuario"), G_Usuario): Text 'saraadmin' is set on object 'Object Repository/Login/input_USUARIO_loginusuario'

2022-03-28 09:00:16 - [MESSAGE][PASSED] - Text 'saraadmin' is set on object 'Object Repository/Login/input_USUARIO_loginusuario'

2022-03-28 09:00:16 - [TEST_STEP][PASSED] - setEncryptedText(findTestObject("Login/input_CLAVE_loginpassword"), "MkG4/TYiCFC3cb2driP7+Q=="): Text ****** has been set on object 'Object Repository/Login/input_CLAVE_loginpassword'

2022-03-28 09:00:17 - [MESSAGE][PASSED] - Text ****** has been set on object 'Object Repository/Login/input_CLAVE_loginpassword'

2022-03-28 09:00:17 - [TEST_STEP][PASSED] - waitForElementClickable(findTestObject("Login/a_Ingresar"), G_TimeOut): Object 'Object Repository/Login/a_Ingresar' is clickable

2022-03-28 09:00:17 - [MESSAGE][PASSED] - Object 'Object Repository/Login/a_Ingresar' is clickable

2022-03-28 09:00:17 - [TEST_STEP][PASSED] - click(findTestObject("Login/a_Ingresar")): Object: 'Object Repository/Login/a_Ingresar' is clicked on

2022-03-28 09:00:19 - [MESSAGE][PASSED] - Object: 'Object Repository/Login/a_Ingresar' is clicked on

2022-03-28 09:00:19 - [TEST_STEP][PASSED] - element = findWebElement(findTestObject("Login/a_Ir"), 30): null

2022-03-28 09:00:19 - [TEST_STEP][PASSED] - executeJavaScript("arguments[0].click()", Arrays.asList(element)): Execute JavaScript 'arguments[0].click()' successfully

2022-03-28 09:00:19 - [MESSAGE][PASSED] - Execute JavaScript 'arguments[0].click()' successfully

2022-03-28 09:00:19 - [MESSAGE][PASSED] - Call Test Case 'Test Cases/0.1-Login' successfully

2022-03-28 09:00:19 - [TEST_STEP][PASSED] - setText(findTestObject("Modulo Pruebas Evaluaciones/Crear_una_Etapa/input_Empresa 1_form_templatej_idt24_input"), "gestion herramientas"): Text 'gestion herramientas' is set on object 'Object Repository/Modulo Pruebas Evaluaciones/Crear_una_Etapa/input_Empresa 1_form_templatej_idt24_input'

2022-03-28 09:00:21 - [MESSAGE][PASSED] - Text 'gestion herramientas' is set on object 'Object Repository/Modulo Pruebas Evaluaciones/Crear_una_Etapa/input_Empresa 1_form_templatej_idt24_input'

2022-03-28 09:00:21 - [TEST_STEP][PASSED] - click(findTestObject("Modulo Pruebas Evaluaciones/Crear_una_Etapa/span_Gestion Herramientas")): Object: 'Object Repository/Modulo Pruebas Evaluaciones/Crear_una_Etapa/span_Gestion Herramientas' is clicked on

2022-03-28 09:00:23 - [MESSAGE][PASSED] - Object: 'Object Repository/Modulo Pruebas Evaluaciones/Crear_una_Etapa/span_Gestion Herramientas' is clicked on

2022-03-28 09:00:23 - [TEST_STEP][PASSED] - if (waitForElementVisible(findTestObject("Modulo Pruebas Evaluaciones/Crear_una_Etapa/td_Pruebas katalon"), 1)): null

2022-03-28 09:00:24 - [MESSAGE][PASSED] - Object 'Object Repository/Modulo Pruebas Evaluaciones/Crear_una_Etapa/td_Pruebas katalon' is visible

2022-03-28 09:00:24 - [TEST_STEP][PASSED] - click(findTestObject("Modulo Pruebas Evaluaciones/Crear_una_Etapa/td_Pruebas katalon")): Object: 'Object Repository/Modulo Pruebas Evaluaciones/Crear_una_Etapa/td_Pruebas katalon' is clicked on

2022-03-28 09:00:25 - [MESSAGE][PASSED] - Object: 'Object Repository/Modulo Pruebas Evaluaciones/Crear_una_Etapa/td_Pruebas katalon' is clicked on

2022-03-28 09:00:25 - [TEST_STEP][PASSED] - click(findTestObject("Modulo Pruebas Evaluaciones/Crear_una_Etapa/a_Fase Evaluacin")): Object: 'Object Repository/Modulo Pruebas Evaluaciones/Crear_una_Etapa/a_Fase Evaluacin' is clicked on

2022-03-28 09:00:25 - [MESSAGE][PASSED] - Object: 'Object Repository/Modulo Pruebas Evaluaciones/Crear_una_Etapa/a_Fase Evaluacin' is clicked on

2022-03-28 09:00:25 - [TEST_STEP][PASSED] - if (waitForElementVisible(findTestObject("Modulo Pruebas Evaluaciones/Crear_una_Etapa/td_PRUEBAS K"), 1)): null

2022-03-28 09:00:27 - [MESSAGE][PASSED] - Object 'Object Repository/Modulo Pruebas Evaluaciones/Crear_una_Etapa/td_PRUEBAS K' is visible

2022-03-28 09:00:27 - [TEST_STEP][PASSED] - click(findTestObject("Modulo Pruebas Evaluaciones/Crear_una_Etapa/td_PRUEBAS K")): Object: 'Object Repository/Modulo Pruebas Evaluaciones/Crear_una_Etapa/td_PRUEBAS K' is clicked on

2022-03-28 09:00:27 - [MESSAGE][PASSED] - Object: 'Object Repository/Modulo Pruebas Evaluaciones/Crear_una_Etapa/td_PRUEBAS K' is clicked on

2022-03-28 09:00:28 - [TEST_STEP][PASSED] - click(findTestObject("Modulo Pruebas Evaluaciones/Crear_una_Etapa/a_Etapa")): Object: 'Object Repository/Modulo Pruebas Evaluaciones/Crear_una_Etapa/a_Etapa' is clicked on

2022-03-28 09:00:28 - [MESSAGE][PASSED] - Object: 'Object Repository/Modulo Pruebas Evaluaciones/Crear_una_Etapa/a_Etapa' is clicked on

2022-03-28 09:00:28 - [TEST_STEP][PASSED] - if (waitForElementVisible(findTestObject("Modulo Pruebas Evaluaciones/Crear_una_Etapa/span_Pruebas Ka"), 1)): Web element with id: 'Object Repository/Modulo Pruebas Evaluaciones/Crear_una_Etapa/span_Pruebas Ka' located by '//*/text()[normalize-space(.)='Pruebas Ka']/parent::*' not found

2022-03-28 09:00:31 - [MESSAGE][INFO] - Unable to find the element located by 'By.xpath: //*/text()[normalize-space(.)='Pruebas Ka']/parent::*'. Please recheck the objects properties to make sure the desired element is located. 

2022-03-28 09:00:31 - [MESSAGE][WARNING] - Web element with id: 'Object Repository/Modulo Pruebas Evaluaciones/Crear_una_Etapa/span_Pruebas Ka' located by '//*/text()[normalize-space(.)='Pruebas Ka']/parent::*' not found

2022-03-28 09:00:31 - [TEST_STEP][PASSED] - click(findTestObject("Modulo Pruebas Evaluaciones/Crear_una_Etapa/a_Nuevo")): Object: 'Object Repository/Modulo Pruebas Evaluaciones/Crear_una_Etapa/a_Nuevo' is clicked on

2022-03-28 09:00:31 - [MESSAGE][PASSED] - Object: 'Object Repository/Modulo Pruebas Evaluaciones/Crear_una_Etapa/a_Nuevo' is clicked on

2022-03-28 09:00:31 - [TEST_STEP][PASSED] - setText(findTestObject("Modulo Pruebas Evaluaciones/Crear_una_Etapa/input_Descripcin_formGestionHerramientaspanelTabFasepanelDetalleEtapadescripcion"), "Pruebas Ka"): Text 'Pruebas Ka' is set on object 'Object Repository/Modulo Pruebas Evaluaciones/Crear_una_Etapa/input_Descripcin_formGestionHerramientaspanelTabFasepanelDetalleEtapadescripcion'

2022-03-28 09:00:33 - [MESSAGE][PASSED] - Text 'Pruebas Ka' is set on object 'Object Repository/Modulo Pruebas Evaluaciones/Crear_una_Etapa/input_Descripcin_formGestionHerramientaspanelTabFasepanelDetalleEtapadescripcion'

2022-03-28 09:00:33 - [TEST_STEP][PASSED] - selectOptionByIndex(findTestObject("Modulo Pruebas Evaluaciones/Crear_una_Etapa/select_-- Seleccione --CapacitacionEncuestaMetaPlan AccionSeguimiento Competencias"), 2): All options with index in [2] are selected on object 'Object Repository/Modulo Pruebas Evaluaciones/Crear_una_Etapa/select_-- Seleccione --CapacitacionEncuestaMetaPlan AccionSeguimiento Competencias'

2022-03-28 09:00:34 - [MESSAGE][PASSED] - All options with index in [2] are selected on object 'Object Repository/Modulo Pruebas Evaluaciones/Crear_una_Etapa/select_-- Seleccione --CapacitacionEncuestaMetaPlan AccionSeguimiento Competencias'

2022-03-28 09:00:34 - [TEST_STEP][PASSED] - selectOptionByIndex(findTestObject("Modulo Pruebas Evaluaciones/Crear_una_Etapa/select_-- Seleccione --NoSi"), 1): All options with index in [1] are selected on object 'Object Repository/Modulo Pruebas Evaluaciones/Crear_una_Etapa/select_-- Seleccione --NoSi'

2022-03-28 09:00:35 - [MESSAGE][PASSED] - All options with index in [1] are selected on object 'Object Repository/Modulo Pruebas Evaluaciones/Crear_una_Etapa/select_-- Seleccione --NoSi'

2022-03-28 09:00:35 - [TEST_STEP][PASSED] - setText(findTestObject("Modulo Pruebas Evaluaciones/Crear_una_Etapa/input_Orden_formGestionHerramientaspanelTabFasepanelDetalleEtapaorden"), "5"): Text '5' is set on object 'Object Repository/Modulo Pruebas Evaluaciones/Crear_una_Etapa/input_Orden_formGestionHerramientaspanelTabFasepanelDetalleEtapaorden'

2022-03-28 09:00:36 - [MESSAGE][PASSED] - Text '5' is set on object 'Object Repository/Modulo Pruebas Evaluaciones/Crear_una_Etapa/input_Orden_formGestionHerramientaspanelTabFasepanelDetalleEtapaorden'

2022-03-28 09:00:36 - [TEST_STEP][PASSED] - click(findTestObject("Modulo Pruebas Evaluaciones/Crear_una_Etapa/a_Guardar")): Object: 'Object Repository/Modulo Pruebas Evaluaciones/Crear_una_Etapa/a_Guardar' is clicked on

2022-03-28 09:00:37 - [MESSAGE][PASSED] - Object: 'Object Repository/Modulo Pruebas Evaluaciones/Crear_una_Etapa/a_Guardar' is clicked on

2022-03-28 09:00:37 - [TEST_STEP][PASSED] - closeBrowser(): Browser is closed

2022-03-28 09:00:39 - [MESSAGE][PASSED] - Browser is closed]]></system-out>
         <system-err><![CDATA[]]></system-err>
      </testcase>
      <testcase name="Test Cases/1.2-Tareas_Secundarias/9.1-Pruebas_Evaluaciones/9.1.4-Crear_modelos_de_evaluaciones 360º 180º 90º" time="20.429" classname="Test Cases/1.2-Tareas_Secundarias/9.1-Pruebas_Evaluaciones/9.1.4-Crear_modelos_de_evaluaciones 360º 180º 90º" status="PASSED">
         <system-out><![CDATA[2022-03-28 09:00:39 - [TEST_CASE][PASSED] - Test Cases/1.2-Tareas_Secundarias/9.1-Pruebas_Evaluaciones/9.1.4-Crear_modelos_de_evaluaciones 360º 180º 90º: Test Cases/1.2-Tareas_Secundarias/9.1-Pruebas_Evaluaciones/9.1.4-Crear_modelos_de_evaluaciones 360º 180º 90º

2022-03-28 09:00:40 - [TEST_STEP][PASSED] - callTestCase(findTestCase("0.1-Login"), [:], STOP_ON_FAILURE): Call Test Case 'Test Cases/0.1-Login' successfully

2022-03-28 09:00:40 - [TEST_CASE][PASSED] - Test Cases/0.1-Login: Test Cases/0.1-Login

2022-03-28 09:00:40 - [TEST_STEP][PASSED] - openBrowser(""): Browser is opened with url: ''

2022-03-28 09:00:40 - [MESSAGE][INFO] - Starting 'Chrome' driver

2022-03-28 09:00:40 - [MESSAGE][INFO] - Action delay is set to 50 milliseconds

2022-03-28 09:00:42 - [MESSAGE][PASSED] - Browser is opened with url: ''

2022-03-28 09:00:42 - [TEST_STEP][PASSED] - maximizeWindow(): Current window maximized

2022-03-28 09:00:42 - [MESSAGE][PASSED] - Current window maximized

2022-03-28 09:00:42 - [TEST_STEP][PASSED] - i = G_Login: null

2022-03-28 09:00:42 - [TEST_STEP][PASSED] - url = new java.net.URL(i): null

2022-03-28 09:00:42 - [TEST_STEP][PASSED] - println("URL: " + url.toString()): null

2022-03-28 09:00:42 - [TEST_STEP][PASSED] - connection = url.openConnection(): null

2022-03-28 09:00:42 - [TEST_STEP][PASSED] - connection.setRequestMethod("GET"): null

2022-03-28 09:00:42 - [TEST_STEP][PASSED] - connection.setReadTimeout(2 * 1000): null

2022-03-28 09:00:42 - [TEST_STEP][PASSED] - try: null

2022-03-28 09:00:42 - [TEST_STEP][PASSED] - connection.connect(): null

2022-03-28 09:00:42 - [TEST_STEP][PASSED] - flag = connected: null

2022-03-28 09:00:42 - [TEST_STEP][PASSED] - println("Valor_ori: " + flag): null

2022-03-28 09:00:42 - [TEST_STEP][PASSED] - if (flag): null

2022-03-28 09:00:42 - [TEST_STEP][PASSED] - navigateToUrl(i): Navigate to 'http://192.168.2.19:8380/saraweb' successfully

2022-03-28 09:00:42 - [MESSAGE][PASSED] - Navigate to 'http://192.168.2.19:8380/saraweb' successfully

2022-03-28 09:00:42 - [TEST_STEP][PASSED] - a(): null

2022-03-28 09:00:42 - [TEST_STEP][PASSED] - setText(findTestObject("Login/input_USUARIO_loginusuario"), G_Usuario): Text 'saraadmin' is set on object 'Object Repository/Login/input_USUARIO_loginusuario'

2022-03-28 09:00:43 - [MESSAGE][PASSED] - Text 'saraadmin' is set on object 'Object Repository/Login/input_USUARIO_loginusuario'

2022-03-28 09:00:43 - [TEST_STEP][PASSED] - setEncryptedText(findTestObject("Login/input_CLAVE_loginpassword"), "MkG4/TYiCFC3cb2driP7+Q=="): Text ****** has been set on object 'Object Repository/Login/input_CLAVE_loginpassword'

2022-03-28 09:00:44 - [MESSAGE][PASSED] - Text ****** has been set on object 'Object Repository/Login/input_CLAVE_loginpassword'

2022-03-28 09:00:44 - [TEST_STEP][PASSED] - waitForElementClickable(findTestObject("Login/a_Ingresar"), G_TimeOut): Object 'Object Repository/Login/a_Ingresar' is clickable

2022-03-28 09:00:44 - [MESSAGE][PASSED] - Object 'Object Repository/Login/a_Ingresar' is clickable

2022-03-28 09:00:44 - [TEST_STEP][PASSED] - click(findTestObject("Login/a_Ingresar")): Object: 'Object Repository/Login/a_Ingresar' is clicked on

2022-03-28 09:00:46 - [MESSAGE][PASSED] - Object: 'Object Repository/Login/a_Ingresar' is clicked on

2022-03-28 09:00:46 - [TEST_STEP][PASSED] - element = findWebElement(findTestObject("Login/a_Ir"), 30): null

2022-03-28 09:00:46 - [TEST_STEP][PASSED] - executeJavaScript("arguments[0].click()", Arrays.asList(element)): Execute JavaScript 'arguments[0].click()' successfully

2022-03-28 09:00:46 - [MESSAGE][PASSED] - Execute JavaScript 'arguments[0].click()' successfully

2022-03-28 09:00:46 - [MESSAGE][PASSED] - Call Test Case 'Test Cases/0.1-Login' successfully

2022-03-28 09:00:46 - [TEST_STEP][PASSED] - setText(findTestObject("Modulo Pruebas Evaluaciones/Crear_modelos_de_evaluaciones 360º 180º 90º/input_Empresa 1_form_templatej_idt24_input"), "gestion herramientas"): Text 'gestion herramientas' is set on object 'Object Repository/Modulo Pruebas Evaluaciones/Crear_modelos_de_evaluaciones 360º 180º 90º/input_Empresa 1_form_templatej_idt24_input'

2022-03-28 09:00:49 - [MESSAGE][PASSED] - Text 'gestion herramientas' is set on object 'Object Repository/Modulo Pruebas Evaluaciones/Crear_modelos_de_evaluaciones 360º 180º 90º/input_Empresa 1_form_templatej_idt24_input'

2022-03-28 09:00:49 - [TEST_STEP][PASSED] - click(findTestObject("Modulo Pruebas Evaluaciones/Crear_modelos_de_evaluaciones 360º 180º 90º/span_Gestion Herramientas")): Object: 'Object Repository/Modulo Pruebas Evaluaciones/Crear_modelos_de_evaluaciones 360º 180º 90º/span_Gestion Herramientas' is clicked on

2022-03-28 09:00:51 - [MESSAGE][PASSED] - Object: 'Object Repository/Modulo Pruebas Evaluaciones/Crear_modelos_de_evaluaciones 360º 180º 90º/span_Gestion Herramientas' is clicked on

2022-03-28 09:00:51 - [TEST_STEP][PASSED] - if (waitForElementVisible(findTestObject("Modulo Pruebas Evaluaciones/Crear_modelos_de_evaluaciones 360º 180º 90º/td_Pruebas katalon"), 1)): null

2022-03-28 09:00:51 - [MESSAGE][PASSED] - Object 'Object Repository/Modulo Pruebas Evaluaciones/Crear_modelos_de_evaluaciones 360º 180º 90º/td_Pruebas katalon' is visible

2022-03-28 09:00:51 - [TEST_STEP][PASSED] - click(findTestObject("Modulo Pruebas Evaluaciones/Crear_modelos_de_evaluaciones 360º 180º 90º/td_Pruebas katalon")): Object: 'Object Repository/Modulo Pruebas Evaluaciones/Crear_modelos_de_evaluaciones 360º 180º 90º/td_Pruebas katalon' is clicked on

2022-03-28 09:00:52 - [MESSAGE][PASSED] - Object: 'Object Repository/Modulo Pruebas Evaluaciones/Crear_modelos_de_evaluaciones 360º 180º 90º/td_Pruebas katalon' is clicked on

2022-03-28 09:00:52 - [TEST_STEP][PASSED] - click(findTestObject("Modulo Pruebas Evaluaciones/Crear_modelos_de_evaluaciones 360º 180º 90º/a_Tipo Evaluador")): Object: 'Object Repository/Modulo Pruebas Evaluaciones/Crear_modelos_de_evaluaciones 360º 180º 90º/a_Tipo Evaluador' is clicked on

2022-03-28 09:00:53 - [MESSAGE][PASSED] - Object: 'Object Repository/Modulo Pruebas Evaluaciones/Crear_modelos_de_evaluaciones 360º 180º 90º/a_Tipo Evaluador' is clicked on

2022-03-28 09:00:53 - [TEST_STEP][PASSED] - if (waitForElementVisible(findTestObject("Modulo Pruebas Evaluaciones/Crear_modelos_de_evaluaciones 360º 180º 90º/td_pr.katalon"), 1)): Web element with id: 'Object Repository/Modulo Pruebas Evaluaciones/Crear_modelos_de_evaluaciones 360º 180º 90º/td_pr.katalon' located by '//*/text()[normalize-space(.)='pr.katalon']/parent::*' not found

2022-03-28 09:00:55 - [MESSAGE][INFO] - Unable to find the element located by 'By.xpath: //*/text()[normalize-space(.)='pr.katalon']/parent::*'. Please recheck the objects properties to make sure the desired element is located. 

2022-03-28 09:00:55 - [MESSAGE][WARNING] - Web element with id: 'Object Repository/Modulo Pruebas Evaluaciones/Crear_modelos_de_evaluaciones 360º 180º 90º/td_pr.katalon' located by '//*/text()[normalize-space(.)='pr.katalon']/parent::*' not found

2022-03-28 09:00:55 - [TEST_STEP][PASSED] - click(findTestObject("Modulo Pruebas Evaluaciones/Crear_modelos_de_evaluaciones 360º 180º 90º/a_Nuevo")): Object: 'Object Repository/Modulo Pruebas Evaluaciones/Crear_modelos_de_evaluaciones 360º 180º 90º/a_Nuevo' is clicked on

2022-03-28 09:00:55 - [MESSAGE][PASSED] - Object: 'Object Repository/Modulo Pruebas Evaluaciones/Crear_modelos_de_evaluaciones 360º 180º 90º/a_Nuevo' is clicked on

2022-03-28 09:00:55 - [TEST_STEP][PASSED] - setText(findTestObject("Modulo Pruebas Evaluaciones/Crear_modelos_de_evaluaciones 360º 180º 90º/input_Descripcin_form_planillaGestiondescripcion"), "pr.katalon"): Text 'pr.katalon' is set on object 'Object Repository/Modulo Pruebas Evaluaciones/Crear_modelos_de_evaluaciones 360º 180º 90º/input_Descripcin_form_planillaGestiondescripcion'

2022-03-28 09:00:57 - [MESSAGE][PASSED] - Text 'pr.katalon' is set on object 'Object Repository/Modulo Pruebas Evaluaciones/Crear_modelos_de_evaluaciones 360º 180º 90º/input_Descripcin_form_planillaGestiondescripcion'

2022-03-28 09:00:57 - [TEST_STEP][PASSED] - selectOptionByIndex(findTestObject("Modulo Pruebas Evaluaciones/Crear_modelos_de_evaluaciones 360º 180º 90º/select_--Seleccione--AutoevaluacinCompaeroJefeOtroSubalterno"), 1): All options with index in [1] are selected on object 'Object Repository/Modulo Pruebas Evaluaciones/Crear_modelos_de_evaluaciones 360º 180º 90º/select_--Seleccione--AutoevaluacinCompaeroJefeOtroSubalterno'

2022-03-28 09:00:58 - [MESSAGE][PASSED] - All options with index in [1] are selected on object 'Object Repository/Modulo Pruebas Evaluaciones/Crear_modelos_de_evaluaciones 360º 180º 90º/select_--Seleccione--AutoevaluacinCompaeroJefeOtroSubalterno'

2022-03-28 09:00:58 - [TEST_STEP][PASSED] - click(findTestObject("Modulo Pruebas Evaluaciones/Crear_modelos_de_evaluaciones 360º 180º 90º/a_Guardar")): Object: 'Object Repository/Modulo Pruebas Evaluaciones/Crear_modelos_de_evaluaciones 360º 180º 90º/a_Guardar' is clicked on

2022-03-28 09:00:58 - [MESSAGE][PASSED] - Object: 'Object Repository/Modulo Pruebas Evaluaciones/Crear_modelos_de_evaluaciones 360º 180º 90º/a_Guardar' is clicked on

2022-03-28 09:00:58 - [TEST_STEP][PASSED] - closeBrowser(): Browser is closed

2022-03-28 09:00:59 - [MESSAGE][PASSED] - Browser is closed]]></system-out>
         <system-err><![CDATA[]]></system-err>
      </testcase>
      <testcase name="Test Cases/1.2-Tareas_Secundarias/9.1-Pruebas_Evaluaciones/9.1.5-Programar_la_evaluación_Individual" time="30.11" classname="Test Cases/1.2-Tareas_Secundarias/9.1-Pruebas_Evaluaciones/9.1.5-Programar_la_evaluación_Individual" status="PASSED">
         <system-out><![CDATA[2022-03-28 09:00:59 - [TEST_CASE][PASSED] - Test Cases/1.2-Tareas_Secundarias/9.1-Pruebas_Evaluaciones/9.1.5-Programar_la_evaluación_Individual: Test Cases/1.2-Tareas_Secundarias/9.1-Pruebas_Evaluaciones/9.1.5-Programar_la_evaluación_Individual

2022-03-28 09:01:00 - [TEST_STEP][PASSED] - callTestCase(findTestCase("0.1-Login"), [:], STOP_ON_FAILURE): Call Test Case 'Test Cases/0.1-Login' successfully

2022-03-28 09:01:00 - [TEST_CASE][PASSED] - Test Cases/0.1-Login: Test Cases/0.1-Login

2022-03-28 09:01:00 - [TEST_STEP][PASSED] - openBrowser(""): Browser is opened with url: ''

2022-03-28 09:01:00 - [MESSAGE][INFO] - Starting 'Chrome' driver

2022-03-28 09:01:00 - [MESSAGE][INFO] - Action delay is set to 50 milliseconds

2022-03-28 09:01:01 - [MESSAGE][PASSED] - Browser is opened with url: ''

2022-03-28 09:01:01 - [TEST_STEP][PASSED] - maximizeWindow(): Current window maximized

2022-03-28 09:01:02 - [MESSAGE][PASSED] - Current window maximized

2022-03-28 09:01:02 - [TEST_STEP][PASSED] - i = G_Login: null

2022-03-28 09:01:02 - [TEST_STEP][PASSED] - url = new java.net.URL(i): null

2022-03-28 09:01:02 - [TEST_STEP][PASSED] - println("URL: " + url.toString()): null

2022-03-28 09:01:02 - [TEST_STEP][PASSED] - connection = url.openConnection(): null

2022-03-28 09:01:02 - [TEST_STEP][PASSED] - connection.setRequestMethod("GET"): null

2022-03-28 09:01:02 - [TEST_STEP][PASSED] - connection.setReadTimeout(2 * 1000): null

2022-03-28 09:01:02 - [TEST_STEP][PASSED] - try: null

2022-03-28 09:01:02 - [TEST_STEP][PASSED] - connection.connect(): null

2022-03-28 09:01:02 - [TEST_STEP][PASSED] - flag = connected: null

2022-03-28 09:01:02 - [TEST_STEP][PASSED] - println("Valor_ori: " + flag): null

2022-03-28 09:01:02 - [TEST_STEP][PASSED] - if (flag): null

2022-03-28 09:01:02 - [TEST_STEP][PASSED] - navigateToUrl(i): Navigate to 'http://192.168.2.19:8380/saraweb' successfully

2022-03-28 09:01:02 - [MESSAGE][PASSED] - Navigate to 'http://192.168.2.19:8380/saraweb' successfully

2022-03-28 09:01:02 - [TEST_STEP][PASSED] - a(): null

2022-03-28 09:01:02 - [TEST_STEP][PASSED] - setText(findTestObject("Login/input_USUARIO_loginusuario"), G_Usuario): Text 'saraadmin' is set on object 'Object Repository/Login/input_USUARIO_loginusuario'

2022-03-28 09:01:03 - [MESSAGE][PASSED] - Text 'saraadmin' is set on object 'Object Repository/Login/input_USUARIO_loginusuario'

2022-03-28 09:01:03 - [TEST_STEP][PASSED] - setEncryptedText(findTestObject("Login/input_CLAVE_loginpassword"), "MkG4/TYiCFC3cb2driP7+Q=="): Text ****** has been set on object 'Object Repository/Login/input_CLAVE_loginpassword'

2022-03-28 09:01:03 - [MESSAGE][PASSED] - Text ****** has been set on object 'Object Repository/Login/input_CLAVE_loginpassword'

2022-03-28 09:01:03 - [TEST_STEP][PASSED] - waitForElementClickable(findTestObject("Login/a_Ingresar"), G_TimeOut): Object 'Object Repository/Login/a_Ingresar' is clickable

2022-03-28 09:01:04 - [MESSAGE][PASSED] - Object 'Object Repository/Login/a_Ingresar' is clickable

2022-03-28 09:01:04 - [TEST_STEP][PASSED] - click(findTestObject("Login/a_Ingresar")): Object: 'Object Repository/Login/a_Ingresar' is clicked on

2022-03-28 09:01:05 - [MESSAGE][PASSED] - Object: 'Object Repository/Login/a_Ingresar' is clicked on

2022-03-28 09:01:05 - [TEST_STEP][PASSED] - element = findWebElement(findTestObject("Login/a_Ir"), 30): null

2022-03-28 09:01:05 - [TEST_STEP][PASSED] - executeJavaScript("arguments[0].click()", Arrays.asList(element)): Execute JavaScript 'arguments[0].click()' successfully

2022-03-28 09:01:05 - [MESSAGE][PASSED] - Execute JavaScript 'arguments[0].click()' successfully

2022-03-28 09:01:05 - [MESSAGE][PASSED] - Call Test Case 'Test Cases/0.1-Login' successfully

2022-03-28 09:01:05 - [TEST_STEP][PASSED] - setText(findTestObject("Modulo Pruebas Evaluaciones/Programar_la_evaluación_Individual/input_Empresa 1_form_templatej_idt24_input"), "listado herramientas"): Text 'listado herramientas' is set on object 'Object Repository/Modulo Pruebas Evaluaciones/Programar_la_evaluación_Individual/input_Empresa 1_form_templatej_idt24_input'

2022-03-28 09:01:07 - [MESSAGE][PASSED] - Text 'listado herramientas' is set on object 'Object Repository/Modulo Pruebas Evaluaciones/Programar_la_evaluación_Individual/input_Empresa 1_form_templatej_idt24_input'

2022-03-28 09:01:07 - [TEST_STEP][PASSED] - click(findTestObject("Modulo Pruebas Evaluaciones/Programar_la_evaluación_Individual/li_Listado Herramientas (tal)")): Object: 'Object Repository/Modulo Pruebas Evaluaciones/Programar_la_evaluación_Individual/li_Listado Herramientas (tal)' is clicked on

2022-03-28 09:01:08 - [MESSAGE][PASSED] - Object: 'Object Repository/Modulo Pruebas Evaluaciones/Programar_la_evaluación_Individual/li_Listado Herramientas (tal)' is clicked on

2022-03-28 09:01:08 - [TEST_STEP][PASSED] - click(findTestObject("Modulo Pruebas Evaluaciones/Programar_la_evaluación_Individual/div_Contratacion_ui-radiobutton-box ui-widget ui-corner-all ui-state-default ui-state-hover")): Object: 'Object Repository/Modulo Pruebas Evaluaciones/Programar_la_evaluación_Individual/div_Contratacion_ui-radiobutton-box ui-widget ui-corner-all ui-state-default ui-state-hover' is clicked on

2022-03-28 09:01:09 - [MESSAGE][PASSED] - Object: 'Object Repository/Modulo Pruebas Evaluaciones/Programar_la_evaluación_Individual/div_Contratacion_ui-radiobutton-box ui-widget ui-corner-all ui-state-default ui-state-hover' is clicked on

2022-03-28 09:01:09 - [TEST_STEP][PASSED] - selectOptionByIndex(findTestObject("Modulo Pruebas Evaluaciones/Programar_la_evaluación_Individual/select_--- Seleccione Herramienta ---ENCUESTA DE RETIROEVALUACION 2011"), 2): All options with index in [2] are selected on object 'Object Repository/Modulo Pruebas Evaluaciones/Programar_la_evaluación_Individual/select_--- Seleccione Herramienta ---ENCUESTA DE RETIROEVALUACION 2011'

2022-03-28 09:01:10 - [MESSAGE][PASSED] - All options with index in [2] are selected on object 'Object Repository/Modulo Pruebas Evaluaciones/Programar_la_evaluación_Individual/select_--- Seleccione Herramienta ---ENCUESTA DE RETIROEVALUACION 2011'

2022-03-28 09:01:10 - [TEST_STEP][PASSED] - if (waitForElementVisible(findTestObject("Modulo Pruebas Evaluaciones/Programar_la_evaluación_Individual/span_A A A"), 1)): null

2022-03-28 09:01:11 - [MESSAGE][PASSED] - Object 'Object Repository/Modulo Pruebas Evaluaciones/Programar_la_evaluación_Individual/span_A A A' is visible

2022-03-28 09:01:11 - [TEST_STEP][PASSED] - click(findTestObject("Modulo Pruebas Evaluaciones/Programar_la_evaluación_Individual/span_A A A")): Object: 'Object Repository/Modulo Pruebas Evaluaciones/Programar_la_evaluación_Individual/span_A A A' is clicked on

2022-03-28 09:01:12 - [MESSAGE][PASSED] - Object: 'Object Repository/Modulo Pruebas Evaluaciones/Programar_la_evaluación_Individual/span_A A A' is clicked on

2022-03-28 09:01:12 - [TEST_STEP][PASSED] - click(findTestObject("Modulo Pruebas Evaluaciones/Programar_la_evaluación_Individual/span_Eliminar")): Object: 'Object Repository/Modulo Pruebas Evaluaciones/Programar_la_evaluación_Individual/span_Eliminar' is clicked on

2022-03-28 09:01:13 - [MESSAGE][PASSED] - Object: 'Object Repository/Modulo Pruebas Evaluaciones/Programar_la_evaluación_Individual/span_Eliminar' is clicked on

2022-03-28 09:01:13 - [TEST_STEP][PASSED] - click(findTestObject("Modulo Pruebas Evaluaciones/Programar_la_evaluación_Individual/span_Si")): Object: 'Object Repository/Modulo Pruebas Evaluaciones/Programar_la_evaluación_Individual/span_Si' is clicked on

2022-03-28 09:01:14 - [MESSAGE][PASSED] - Object: 'Object Repository/Modulo Pruebas Evaluaciones/Programar_la_evaluación_Individual/span_Si' is clicked on

2022-03-28 09:01:14 - [TEST_STEP][PASSED] - click(findTestObject("Modulo Pruebas Evaluaciones/Programar_la_evaluación_Individual/span_Regresar")): Object: 'Object Repository/Modulo Pruebas Evaluaciones/Programar_la_evaluación_Individual/span_Regresar' is clicked on

2022-03-28 09:01:15 - [MESSAGE][PASSED] - Object: 'Object Repository/Modulo Pruebas Evaluaciones/Programar_la_evaluación_Individual/span_Regresar' is clicked on

2022-03-28 09:01:15 - [TEST_STEP][PASSED] - click(findTestObject("Modulo Pruebas Evaluaciones/Programar_la_evaluación_Individual/a_Nuevo")): Object: 'Object Repository/Modulo Pruebas Evaluaciones/Programar_la_evaluación_Individual/a_Nuevo' is clicked on

2022-03-28 09:01:15 - [MESSAGE][PASSED] - Object: 'Object Repository/Modulo Pruebas Evaluaciones/Programar_la_evaluación_Individual/a_Nuevo' is clicked on

2022-03-28 09:01:15 - [TEST_STEP][PASSED] - selectOptionByIndex(findTestObject("Modulo Pruebas Evaluaciones/Programar_la_evaluación_Individual/select_--- Seleccione Herramienta ---ENCUESTA DE RETIROEVALUACION 2011 - Copy"), 2): All options with index in [2] are selected on object 'Object Repository/Modulo Pruebas Evaluaciones/Programar_la_evaluación_Individual/select_--- Seleccione Herramienta ---ENCUESTA DE RETIROEVALUACION 2011 - Copy'

2022-03-28 09:01:17 - [MESSAGE][PASSED] - All options with index in [2] are selected on object 'Object Repository/Modulo Pruebas Evaluaciones/Programar_la_evaluación_Individual/select_--- Seleccione Herramienta ---ENCUESTA DE RETIROEVALUACION 2011 - Copy'

2022-03-28 09:01:17 - [TEST_STEP][PASSED] - click(findTestObject("Modulo Pruebas Evaluaciones/Programar_la_evaluación_Individual/a_Identificacion Evaluado_form_popupDetalleEvaluacionj_idt215")): Object: 'Object Repository/Modulo Pruebas Evaluaciones/Programar_la_evaluación_Individual/a_Identificacion Evaluado_form_popupDetalleEvaluacionj_idt215' is clicked on

2022-03-28 09:01:18 - [MESSAGE][PASSED] - Object: 'Object Repository/Modulo Pruebas Evaluaciones/Programar_la_evaluación_Individual/a_Identificacion Evaluado_form_popupDetalleEvaluacionj_idt215' is clicked on

2022-03-28 09:01:18 - [TEST_STEP][PASSED] - setText(findTestObject("Modulo Pruebas Evaluaciones/Programar_la_evaluación_Individual/input_Filtro Hoja de Vida_formPopupHojaVidaj_idt723"), "A"): Text 'A' is set on object 'Object Repository/Modulo Pruebas Evaluaciones/Programar_la_evaluación_Individual/input_Filtro Hoja de Vida_formPopupHojaVidaj_idt723'

2022-03-28 09:01:19 - [MESSAGE][PASSED] - Text 'A' is set on object 'Object Repository/Modulo Pruebas Evaluaciones/Programar_la_evaluación_Individual/input_Filtro Hoja de Vida_formPopupHojaVidaj_idt723'

2022-03-28 09:01:19 - [TEST_STEP][PASSED] - sendKeys(findTestObject("Modulo Pruebas Evaluaciones/Programar_la_evaluación_Individual/input_Filtro Hoja de Vida_formPopupHojaVidaj_idt723"), Keys.chord(ENTER)): Keys 'ENTER + ' sent to object: 'Object Repository/Modulo Pruebas Evaluaciones/Programar_la_evaluación_Individual/input_Filtro Hoja de Vida_formPopupHojaVidaj_idt723'

2022-03-28 09:01:20 - [MESSAGE][PASSED] - Keys 'ENTER + ' sent to object: 'Object Repository/Modulo Pruebas Evaluaciones/Programar_la_evaluación_Individual/input_Filtro Hoja de Vida_formPopupHojaVidaj_idt723'

2022-03-28 09:01:20 - [TEST_STEP][PASSED] - click(findTestObject("Modulo Pruebas Evaluaciones/Programar_la_evaluación_Individual/span_A A A")): Object: 'Object Repository/Modulo Pruebas Evaluaciones/Programar_la_evaluación_Individual/span_A A A' is clicked on

2022-03-28 09:01:20 - [MESSAGE][PASSED] - Object: 'Object Repository/Modulo Pruebas Evaluaciones/Programar_la_evaluación_Individual/span_A A A' is clicked on

2022-03-28 09:01:20 - [TEST_STEP][PASSED] - selectOptionByIndex(findTestObject("Modulo Pruebas Evaluaciones/Programar_la_evaluación_Individual/select_--Seleccione--CALIDADMENSUAL ABCMODELO EMPRESA QUINCENALPANSIONADOSPENSIONADOS BASEPRUEBAS"), "1"): All options with index in [1] are selected on object 'Object Repository/Modulo Pruebas Evaluaciones/Programar_la_evaluación_Individual/select_--Seleccione--CALIDADMENSUAL ABCMODELO EMPRESA QUINCENALPANSIONADOSPENSIONADOS BASEPRUEBAS'

2022-03-28 09:01:24 - [MESSAGE][PASSED] - All options with index in [1] are selected on object 'Object Repository/Modulo Pruebas Evaluaciones/Programar_la_evaluación_Individual/select_--Seleccione--CALIDADMENSUAL ABCMODELO EMPRESA QUINCENALPANSIONADOSPENSIONADOS BASEPRUEBAS'

2022-03-28 09:01:24 - [TEST_STEP][PASSED] - selectOptionByIndex(findTestObject("Modulo Pruebas Evaluaciones/Programar_la_evaluación_Individual/select_--- Seleccione Unidad Organizacional ---1111123456ADMINISTRACIONADMINISTRACIONAnalista"), 4): All options with index in [4] are selected on object 'Object Repository/Modulo Pruebas Evaluaciones/Programar_la_evaluación_Individual/select_--- Seleccione Unidad Organizacional ---1111123456ADMINISTRACIONADMINISTRACIONAnalista'

2022-03-28 09:01:25 - [MESSAGE][PASSED] - All options with index in [4] are selected on object 'Object Repository/Modulo Pruebas Evaluaciones/Programar_la_evaluación_Individual/select_--- Seleccione Unidad Organizacional ---1111123456ADMINISTRACIONADMINISTRACIONAnalista'

2022-03-28 09:01:25 - [TEST_STEP][PASSED] - selectOptionByIndex(findTestObject("Modulo Pruebas Evaluaciones/Programar_la_evaluación_Individual/select_--- Seleccione Cargo ---20145   -40 MIL STAFF20139   -ABOGADO20117   -ABOGADO JUNIOR10"), 2): All options with index in [2] are selected on object 'Object Repository/Modulo Pruebas Evaluaciones/Programar_la_evaluación_Individual/select_--- Seleccione Cargo ---20145   -40 MIL STAFF20139   -ABOGADO20117   -ABOGADO JUNIOR10'

2022-03-28 09:01:26 - [MESSAGE][PASSED] - All options with index in [2] are selected on object 'Object Repository/Modulo Pruebas Evaluaciones/Programar_la_evaluación_Individual/select_--- Seleccione Cargo ---20145   -40 MIL STAFF20139   -ABOGADO20117   -ABOGADO JUNIOR10'

2022-03-28 09:01:26 - [TEST_STEP][PASSED] - selectOptionByIndex(findTestObject("Modulo Pruebas Evaluaciones/Programar_la_evaluación_Individual/select_ADMINISTRATIVOSAPRENDICESEMPLEADOFBROLESTSMECANICOSNO APLICANOMINA 40 MIL"), 6): All options with index in [6] are selected on object 'Object Repository/Modulo Pruebas Evaluaciones/Programar_la_evaluación_Individual/select_ADMINISTRATIVOSAPRENDICESEMPLEADOFBROLESTSMECANICOSNO APLICANOMINA 40 MIL'

2022-03-28 09:01:27 - [MESSAGE][PASSED] - All options with index in [6] are selected on object 'Object Repository/Modulo Pruebas Evaluaciones/Programar_la_evaluación_Individual/select_ADMINISTRATIVOSAPRENDICESEMPLEADOFBROLESTSMECANICOSNO APLICANOMINA 40 MIL'

2022-03-28 09:01:27 - [TEST_STEP][PASSED] - click(findTestObject("Modulo Pruebas Evaluaciones/Programar_la_evaluación_Individual/a_Periodo_form_popupDetalleEvaluacionj_idt208")): Object: 'Object Repository/Modulo Pruebas Evaluaciones/Programar_la_evaluación_Individual/a_Periodo_form_popupDetalleEvaluacionj_idt208' is clicked on

2022-03-28 09:01:28 - [MESSAGE][PASSED] - Object: 'Object Repository/Modulo Pruebas Evaluaciones/Programar_la_evaluación_Individual/a_Periodo_form_popupDetalleEvaluacionj_idt208' is clicked on

2022-03-28 09:01:28 - [TEST_STEP][PASSED] - click(findTestObject("Modulo Pruebas Evaluaciones/Programar_la_evaluación_Individual/span_PERIODO DE PRUEBA")): Object: 'Object Repository/Modulo Pruebas Evaluaciones/Programar_la_evaluación_Individual/span_PERIODO DE PRUEBA' is clicked on

2022-03-28 09:01:29 - [MESSAGE][PASSED] - Object: 'Object Repository/Modulo Pruebas Evaluaciones/Programar_la_evaluación_Individual/span_PERIODO DE PRUEBA' is clicked on

2022-03-28 09:01:29 - [TEST_STEP][PASSED] - click(findTestObject("Modulo Pruebas Evaluaciones/Programar_la_evaluación_Individual/span_Guardar")): Object: 'Object Repository/Modulo Pruebas Evaluaciones/Programar_la_evaluación_Individual/span_Guardar' is clicked on

2022-03-28 09:01:29 - [MESSAGE][PASSED] - Object: 'Object Repository/Modulo Pruebas Evaluaciones/Programar_la_evaluación_Individual/span_Guardar' is clicked on]]></system-out>
         <system-err><![CDATA[]]></system-err>
      </testcase>
      <system-out><![CDATA[2022-03-28 08:59:17 - [TEST_SUITE][PASSED] - 9-Pruebas_Evaluaciones: Test Cases/1.2-Tareas_Secundarias/9.1-Pruebas_Evaluaciones/9.1.5-Programar_la_evaluación_Individual]]></system-out>
      <system-err><![CDATA[]]></system-err>
   </testsuite>
</testsuites>
