<?xml version="1.0" encoding="UTF-8"?>
<testsuites name="9-Pruebas_Evaluaciones" time="168.861" tests="5" failures="2" errors="0">
   <testsuite name="9-Pruebas_Evaluaciones" tests="5" failures="2" errors="0" time="168.861" skipped="0" timestamp="2022-02-22 15:56:36" hostname="diego.rojas - US-AF-000371" id="Test Suites/9-Pruebas_Evaluaciones">
      <properties>
         <property name="deviceName" value=""/>
         <property name="devicePlatform" value=""/>
         <property name="logFolder" value="C:\\Users\\diego.rojas\\git\\Pruebas-Minimas\\Reports\\20220222_155629\\9-Pruebas_Evaluaciones\\20220222_155629"/>
         <property name="logFiles" value="C:\\Users\\diego.rojas\\git\\Pruebas-Minimas\\Reports\\20220222_155629\\9-Pruebas_Evaluaciones\\20220222_155629\\execution0.log"/>
         <property name="attachments" value="C:\\Users\\diego.rojas\\git\\Pruebas-Minimas\\Reports\\20220222_155629\\9-Pruebas_Evaluaciones\\20220222_155629\\1645563441823.png, C:\\Users\\diego.rojas\\git\\Pruebas-Minimas\\Reports\\20220222_155629\\9-Pruebas_Evaluaciones\\20220222_155629\\1645563492817.png"/>
         <property name="hostName" value="diego.rojas - US-AF-000371"/>
         <property name="os" value="Windows 10 64bit"/>
         <property name="katalonVersion" value="8.2.5.208"/>
         <property name="browser" value="Chrome 98.0.4758.102"/>
         <property name="hostAddress" value="192.168.56.1"/>
         <property name="sessionId" value="b7586fffb06a58ada22a1b2d1367a8e7"/>
         <property name="seleniumVersion" value="3.141.59"/>
         <property name="proxyInformation" value="ProxyInformation { proxyOption=NO_PROXY, proxyServerType=HTTP, username=, password=********, proxyServerAddress=, proxyServerPort=0, executionList=&quot;&quot;, isApplyToDesiredCapabilities=true }"/>
         <property name="platform" value="Windows 10"/>
      </properties>
      <testcase name="Test Cases/9.1-Pruebas_Evaluaciones/9.1.1-Crear_un_periodo_de_evaluación" time="44.712" classname="Test Cases/9.1-Pruebas_Evaluaciones/9.1.1-Crear_un_periodo_de_evaluación" status="FAILED">
         <failure type="FAILED" message="Test Cases/9.1-Pruebas_Evaluaciones/9.1.1-Crear_un_periodo_de_evaluación FAILED.
Reason:
com.kms.katalon.core.exception.StepFailedException: Unable to click on object 'Object Repository/Modulo Pruebas Evaluaciones/Crear_un_periodo_de_evaluación/td_Pruebas katalon'
	at com.kms.katalon.core.webui.keyword.internal.WebUIKeywordMain.stepFailed(WebUIKeywordMain.groovy:64)
	at com.kms.katalon.core.webui.keyword.internal.WebUIKeywordMain.runKeyword(WebUIKeywordMain.groovy:26)
	at com.kms.katalon.core.webui.keyword.builtin.ClickKeyword.click(ClickKeyword.groovy:74)
	at com.kms.katalon.core.webui.keyword.builtin.ClickKeyword.execute(ClickKeyword.groovy:40)
	at com.kms.katalon.core.keyword.internal.KeywordExecutor.executeKeywordForPlatform(KeywordExecutor.groovy:74)
	at com.kms.katalon.core.webui.keyword.WebUiBuiltInKeywords.click(WebUiBuiltInKeywords.groovy:620)
	at com.kms.katalon.core.webui.keyword.WebUiBuiltInKeywords$click$5.call(Unknown Source)
	at 9.1.1-Crear_un_periodo_de_evaluación.run(9.1.1-Crear_un_periodo_de_evaluación:27)
	at com.kms.katalon.core.main.ScriptEngine.run(ScriptEngine.java:194)
	at com.kms.katalon.core.main.ScriptEngine.runScriptAsRawText(ScriptEngine.java:119)
	at com.kms.katalon.core.main.TestCaseExecutor.runScript(TestCaseExecutor.java:442)
	at com.kms.katalon.core.main.TestCaseExecutor.doExecute(TestCaseExecutor.java:433)
	at com.kms.katalon.core.main.TestCaseExecutor.processExecutionPhase(TestCaseExecutor.java:412)
	at com.kms.katalon.core.main.TestCaseExecutor.accessMainPhase(TestCaseExecutor.java:404)
	at com.kms.katalon.core.main.TestCaseExecutor.execute(TestCaseExecutor.java:281)
	at com.kms.katalon.core.main.TestSuiteExecutor.accessTestCaseMainPhase(TestSuiteExecutor.java:202)
	at com.kms.katalon.core.main.TestSuiteExecutor.accessTestSuiteMainPhase(TestSuiteExecutor.java:164)
	at com.kms.katalon.core.main.TestSuiteExecutor.execute(TestSuiteExecutor.java:105)
	at com.kms.katalon.core.main.TestCaseMain.startTestSuite(TestCaseMain.java:185)
	at com.kms.katalon.core.main.TestCaseMain$startTestSuite$0.call(Unknown Source)
	at TempTestSuite1645563389265.run(TempTestSuite1645563389265.groovy:36)
Caused by: com.kms.katalon.core.webui.exception.WebElementNotFoundException: Web element with id: 'Object Repository/Modulo Pruebas Evaluaciones/Crear_un_periodo_de_evaluación/td_Pruebas katalon' located by '//*/text()[normalize-space(.)='Pruebas katalon']/parent::*' not found
	at com.kms.katalon.core.webui.common.WebUiCommonHelper.findWebElement(WebUiCommonHelper.java:1370)
	at com.kms.katalon.core.webui.keyword.internal.WebUIAbstractKeyword.findWebElement(WebUIAbstractKeyword.groovy:27)
	at com.kms.katalon.core.webui.keyword.builtin.ClickKeyword$_click_closure1.doCall(ClickKeyword.groovy:65)
	at com.kms.katalon.core.webui.keyword.builtin.ClickKeyword$_click_closure1.call(ClickKeyword.groovy)
	at com.kms.katalon.core.webui.keyword.internal.WebUIKeywordMain.runKeyword(WebUIKeywordMain.groovy:20)
	... 19 more
"/>
         <system-out><![CDATA[2022-02-22 15:56:37 - [TEST_CASE][FAILED] - Test Cases/9.1-Pruebas_Evaluaciones/9.1.1-Crear_un_periodo_de_evaluación: Test Cases/9.1-Pruebas_Evaluaciones/9.1.1-Crear_un_periodo_de_evaluación FAILED.
Reason:
com.kms.katalon.core.exception.StepFailedException: Unable to click on object 'Object Repository/Modulo Pruebas Evaluaciones/Crear_un_periodo_de_evaluación/td_Pruebas katalon'
	at com.kms.katalon.core.webui.keyword.internal.WebUIKeywordMain.stepFailed(WebUIKeywordMain.groovy:64)
	at com.kms.katalon.core.webui.keyword.internal.WebUIKeywordMain.runKeyword(WebUIKeywordMain.groovy:26)
	at com.kms.katalon.core.webui.keyword.builtin.ClickKeyword.click(ClickKeyword.groovy:74)
	at com.kms.katalon.core.webui.keyword.builtin.ClickKeyword.execute(ClickKeyword.groovy:40)
	at com.kms.katalon.core.keyword.internal.KeywordExecutor.executeKeywordForPlatform(KeywordExecutor.groovy:74)
	at com.kms.katalon.core.webui.keyword.WebUiBuiltInKeywords.click(WebUiBuiltInKeywords.groovy:620)
	at com.kms.katalon.core.webui.keyword.WebUiBuiltInKeywords$click$5.call(Unknown Source)
	at 9.1.1-Crear_un_periodo_de_evaluación.run(9.1.1-Crear_un_periodo_de_evaluación:27)
	at com.kms.katalon.core.main.ScriptEngine.run(ScriptEngine.java:194)
	at com.kms.katalon.core.main.ScriptEngine.runScriptAsRawText(ScriptEngine.java:119)
	at com.kms.katalon.core.main.TestCaseExecutor.runScript(TestCaseExecutor.java:442)
	at com.kms.katalon.core.main.TestCaseExecutor.doExecute(TestCaseExecutor.java:433)
	at com.kms.katalon.core.main.TestCaseExecutor.processExecutionPhase(TestCaseExecutor.java:412)
	at com.kms.katalon.core.main.TestCaseExecutor.accessMainPhase(TestCaseExecutor.java:404)
	at com.kms.katalon.core.main.TestCaseExecutor.execute(TestCaseExecutor.java:281)
	at com.kms.katalon.core.main.TestSuiteExecutor.accessTestCaseMainPhase(TestSuiteExecutor.java:202)
	at com.kms.katalon.core.main.TestSuiteExecutor.accessTestSuiteMainPhase(TestSuiteExecutor.java:164)
	at com.kms.katalon.core.main.TestSuiteExecutor.execute(TestSuiteExecutor.java:105)
	at com.kms.katalon.core.main.TestCaseMain.startTestSuite(TestCaseMain.java:185)
	at com.kms.katalon.core.main.TestCaseMain$startTestSuite$0.call(Unknown Source)
	at TempTestSuite1645563389265.run(TempTestSuite1645563389265.groovy:36)
Caused by: com.kms.katalon.core.webui.exception.WebElementNotFoundException: Web element with id: 'Object Repository/Modulo Pruebas Evaluaciones/Crear_un_periodo_de_evaluación/td_Pruebas katalon' located by '//*/text()[normalize-space(.)='Pruebas katalon']/parent::*' not found
	at com.kms.katalon.core.webui.common.WebUiCommonHelper.findWebElement(WebUiCommonHelper.java:1370)
	at com.kms.katalon.core.webui.keyword.internal.WebUIAbstractKeyword.findWebElement(WebUIAbstractKeyword.groovy:27)
	at com.kms.katalon.core.webui.keyword.builtin.ClickKeyword$_click_closure1.doCall(ClickKeyword.groovy:65)
	at com.kms.katalon.core.webui.keyword.builtin.ClickKeyword$_click_closure1.call(ClickKeyword.groovy)
	at com.kms.katalon.core.webui.keyword.internal.WebUIKeywordMain.runKeyword(WebUIKeywordMain.groovy:20)
	... 19 more


2022-02-22 15:56:37 - [TEST_STEP][PASSED] - callTestCase(findTestCase("0.1-Login"), [:], STOP_ON_FAILURE): Call Test Case 'Test Cases/0.1-Login' successfully

2022-02-22 15:56:38 - [TEST_CASE][PASSED] - Test Cases/0.1-Login: Test Cases/0.1-Login

2022-02-22 15:56:38 - [TEST_STEP][PASSED] - openBrowser(""): Browser is opened with url: ''

2022-02-22 15:56:38 - [MESSAGE][INFO] - Starting 'Chrome' driver

2022-02-22 15:56:39 - [MESSAGE][INFO] - Action delay is set to 0 milliseconds

2022-02-22 15:56:41 - [MESSAGE][PASSED] - Browser is opened with url: ''

2022-02-22 15:56:41 - [TEST_STEP][PASSED] - maximizeWindow(): Current window maximized

2022-02-22 15:56:41 - [MESSAGE][PASSED] - Current window maximized

2022-02-22 15:56:41 - [TEST_STEP][PASSED] - i = G_Login: null

2022-02-22 15:56:41 - [TEST_STEP][PASSED] - url = new java.net.URL(i): null

2022-02-22 15:56:41 - [TEST_STEP][PASSED] - println("URL: " + url.toString()): null

2022-02-22 15:56:41 - [TEST_STEP][PASSED] - connection = url.openConnection(): null

2022-02-22 15:56:41 - [TEST_STEP][PASSED] - connection.setRequestMethod("GET"): null

2022-02-22 15:56:41 - [TEST_STEP][PASSED] - connection.setReadTimeout(2 * 1000): null

2022-02-22 15:56:41 - [TEST_STEP][PASSED] - try: null

2022-02-22 15:56:41 - [TEST_STEP][PASSED] - connection.connect(): null

2022-02-22 15:56:41 - [TEST_STEP][PASSED] - flag = connected: null

2022-02-22 15:56:41 - [TEST_STEP][PASSED] - println("Valor_ori: " + flag): null

2022-02-22 15:56:41 - [TEST_STEP][PASSED] - if (flag): null

2022-02-22 15:56:41 - [TEST_STEP][PASSED] - navigateToUrl(i): Navigate to 'http://192.168.2.80:8380/saraweb' successfully

2022-02-22 15:56:42 - [MESSAGE][PASSED] - Navigate to 'http://192.168.2.80:8380/saraweb' successfully

2022-02-22 15:56:42 - [TEST_STEP][PASSED] - a(): null

2022-02-22 15:56:42 - [TEST_STEP][PASSED] - setText(findTestObject("Login/input_USUARIO_loginusuario"), G_Usuario): Text 'saraadmin' is set on object 'Object Repository/Login/input_USUARIO_loginusuario'

2022-02-22 15:56:43 - [MESSAGE][PASSED] - Text 'saraadmin' is set on object 'Object Repository/Login/input_USUARIO_loginusuario'

2022-02-22 15:56:43 - [TEST_STEP][PASSED] - setEncryptedText(findTestObject("Login/input_CLAVE_loginpassword"), "MkG4/TYiCFC3cb2driP7+Q=="): Text ****** has been set on object 'Object Repository/Login/input_CLAVE_loginpassword'

2022-02-22 15:56:44 - [MESSAGE][PASSED] - Text ****** has been set on object 'Object Repository/Login/input_CLAVE_loginpassword'

2022-02-22 15:56:44 - [TEST_STEP][PASSED] - waitForElementClickable(findTestObject("Login/a_Ingresar"), G_TimeOut): Object 'Object Repository/Login/a_Ingresar' is clickable

2022-02-22 15:56:44 - [MESSAGE][PASSED] - Object 'Object Repository/Login/a_Ingresar' is clickable

2022-02-22 15:56:44 - [TEST_STEP][PASSED] - click(findTestObject("Login/a_Ingresar")): Object: 'Object Repository/Login/a_Ingresar' is clicked on

2022-02-22 15:56:47 - [MESSAGE][PASSED] - Object: 'Object Repository/Login/a_Ingresar' is clicked on

2022-02-22 15:56:47 - [TEST_STEP][PASSED] - element = findWebElement(findTestObject("Login/a_Ir"), 30): null

2022-02-22 15:56:47 - [TEST_STEP][PASSED] - executeJavaScript("arguments[0].click()", Arrays.asList(element)): Execute JavaScript 'arguments[0].click()' successfully

2022-02-22 15:56:47 - [MESSAGE][PASSED] - Execute JavaScript 'arguments[0].click()' successfully

2022-02-22 15:56:47 - [MESSAGE][PASSED] - Call Test Case 'Test Cases/0.1-Login' successfully

2022-02-22 15:56:47 - [TEST_STEP][PASSED] - setText(findTestObject("Modulo Pruebas Evaluaciones/Crear_un_periodo_de_evaluación/input_Empresa 1_form_templatej_idt24_input"), "Periodo evaluaciones"): Text 'Periodo evaluaciones' is set on object 'Object Repository/Modulo Pruebas Evaluaciones/Crear_un_periodo_de_evaluación/input_Empresa 1_form_templatej_idt24_input'

2022-02-22 15:56:49 - [MESSAGE][PASSED] - Text 'Periodo evaluaciones' is set on object 'Object Repository/Modulo Pruebas Evaluaciones/Crear_un_periodo_de_evaluación/input_Empresa 1_form_templatej_idt24_input'

2022-02-22 15:56:49 - [TEST_STEP][PASSED] - click(findTestObject("Modulo Pruebas Evaluaciones/Crear_un_periodo_de_evaluación/span_Periodo Evaluaciones")): Object: 'Object Repository/Modulo Pruebas Evaluaciones/Crear_un_periodo_de_evaluación/span_Periodo Evaluaciones' is clicked on

2022-02-22 15:56:50 - [MESSAGE][PASSED] - Object: 'Object Repository/Modulo Pruebas Evaluaciones/Crear_un_periodo_de_evaluación/span_Periodo Evaluaciones' is clicked on

2022-02-22 15:56:50 - [TEST_STEP][FAILED] - click(findTestObject("Modulo Pruebas Evaluaciones/Crear_un_periodo_de_evaluación/td_Pruebas katalon")): Unable to click on object 'Object Repository/Modulo Pruebas Evaluaciones/Crear_un_periodo_de_evaluación/td_Pruebas katalon' (Root cause: com.kms.katalon.core.exception.StepFailedException: Unable to click on object 'Object Repository/Modulo Pruebas Evaluaciones/Crear_un_periodo_de_evaluación/td_Pruebas katalon'
	at com.kms.katalon.core.webui.keyword.internal.WebUIKeywordMain.stepFailed(WebUIKeywordMain.groovy:64)
	at com.kms.katalon.core.webui.keyword.internal.WebUIKeywordMain.runKeyword(WebUIKeywordMain.groovy:26)
	at com.kms.katalon.core.webui.keyword.builtin.ClickKeyword.click(ClickKeyword.groovy:74)
	at com.kms.katalon.core.webui.keyword.builtin.ClickKeyword.execute(ClickKeyword.groovy:40)
	at com.kms.katalon.core.keyword.internal.KeywordExecutor.executeKeywordForPlatform(KeywordExecutor.groovy:74)
	at com.kms.katalon.core.webui.keyword.WebUiBuiltInKeywords.click(WebUiBuiltInKeywords.groovy:620)
	at com.kms.katalon.core.webui.keyword.WebUiBuiltInKeywords$click$5.call(Unknown Source)
	at 9.1.1-Crear_un_periodo_de_evaluación.run(9.1.1-Crear_un_periodo_de_evaluación:27)
	at com.kms.katalon.core.main.ScriptEngine.run(ScriptEngine.java:194)
	at com.kms.katalon.core.main.ScriptEngine.runScriptAsRawText(ScriptEngine.java:119)
	at com.kms.katalon.core.main.TestCaseExecutor.runScript(TestCaseExecutor.java:442)
	at com.kms.katalon.core.main.TestCaseExecutor.doExecute(TestCaseExecutor.java:433)
	at com.kms.katalon.core.main.TestCaseExecutor.processExecutionPhase(TestCaseExecutor.java:412)
	at com.kms.katalon.core.main.TestCaseExecutor.accessMainPhase(TestCaseExecutor.java:404)
	at com.kms.katalon.core.main.TestCaseExecutor.execute(TestCaseExecutor.java:281)
	at com.kms.katalon.core.main.TestSuiteExecutor.accessTestCaseMainPhase(TestSuiteExecutor.java:202)
	at com.kms.katalon.core.main.TestSuiteExecutor.accessTestSuiteMainPhase(TestSuiteExecutor.java:164)
	at com.kms.katalon.core.main.TestSuiteExecutor.execute(TestSuiteExecutor.java:105)
	at com.kms.katalon.core.main.TestCaseMain.startTestSuite(TestCaseMain.java:185)
	at com.kms.katalon.core.main.TestCaseMain$startTestSuite$0.call(Unknown Source)
	at TempTestSuite1645563389265.run(TempTestSuite1645563389265.groovy:36)
Caused by: com.kms.katalon.core.webui.exception.WebElementNotFoundException: Web element with id: 'Object Repository/Modulo Pruebas Evaluaciones/Crear_un_periodo_de_evaluación/td_Pruebas katalon' located by '//*/text()[normalize-space(.)='Pruebas katalon']/parent::*' not found
	at com.kms.katalon.core.webui.common.WebUiCommonHelper.findWebElement(WebUiCommonHelper.java:1370)
	at com.kms.katalon.core.webui.keyword.internal.WebUIAbstractKeyword.findWebElement(WebUIAbstractKeyword.groovy:27)
	at com.kms.katalon.core.webui.keyword.builtin.ClickKeyword$_click_closure1.doCall(ClickKeyword.groovy:65)
	at com.kms.katalon.core.webui.keyword.builtin.ClickKeyword$_click_closure1.call(ClickKeyword.groovy)
	at com.kms.katalon.core.webui.keyword.internal.WebUIKeywordMain.runKeyword(WebUIKeywordMain.groovy:20)
	at com.kms.katalon.core.webui.keyword.builtin.ClickKeyword.click(ClickKeyword.groovy:74)
	at com.kms.katalon.core.webui.keyword.builtin.ClickKeyword.execute(ClickKeyword.groovy:40)
	at com.kms.katalon.core.keyword.internal.KeywordExecutor.executeKeywordForPlatform(KeywordExecutor.groovy:74)
	at com.kms.katalon.core.webui.keyword.WebUiBuiltInKeywords.click(WebUiBuiltInKeywords.groovy:620)
	at com.kms.katalon.core.webui.keyword.WebUiBuiltInKeywords$click$5.call(Unknown Source)
	at Script1642522944359.run(Script1642522944359.groovy:27)
	... 13 more
)

2022-02-22 15:57:21 - [MESSAGE][INFO] - Unable to find the element located by 'By.xpath: //*/text()[normalize-space(.)='Pruebas katalon']/parent::*'. Please recheck the objects properties to make sure the desired element is located. 

2022-02-22 15:57:21 - [MESSAGE][FAILED] - Unable to click on object 'Object Repository/Modulo Pruebas Evaluaciones/Crear_un_periodo_de_evaluación/td_Pruebas katalon' (Root cause: com.kms.katalon.core.exception.StepFailedException: Unable to click on object 'Object Repository/Modulo Pruebas Evaluaciones/Crear_un_periodo_de_evaluación/td_Pruebas katalon'
	at com.kms.katalon.core.webui.keyword.internal.WebUIKeywordMain.stepFailed(WebUIKeywordMain.groovy:64)
	at com.kms.katalon.core.webui.keyword.internal.WebUIKeywordMain.runKeyword(WebUIKeywordMain.groovy:26)
	at com.kms.katalon.core.webui.keyword.builtin.ClickKeyword.click(ClickKeyword.groovy:74)
	at com.kms.katalon.core.webui.keyword.builtin.ClickKeyword.execute(ClickKeyword.groovy:40)
	at com.kms.katalon.core.keyword.internal.KeywordExecutor.executeKeywordForPlatform(KeywordExecutor.groovy:74)
	at com.kms.katalon.core.webui.keyword.WebUiBuiltInKeywords.click(WebUiBuiltInKeywords.groovy:620)
	at com.kms.katalon.core.webui.keyword.WebUiBuiltInKeywords$click$5.call(Unknown Source)
	at 9.1.1-Crear_un_periodo_de_evaluación.run(9.1.1-Crear_un_periodo_de_evaluación:27)
	at com.kms.katalon.core.main.ScriptEngine.run(ScriptEngine.java:194)
	at com.kms.katalon.core.main.ScriptEngine.runScriptAsRawText(ScriptEngine.java:119)
	at com.kms.katalon.core.main.TestCaseExecutor.runScript(TestCaseExecutor.java:442)
	at com.kms.katalon.core.main.TestCaseExecutor.doExecute(TestCaseExecutor.java:433)
	at com.kms.katalon.core.main.TestCaseExecutor.processExecutionPhase(TestCaseExecutor.java:412)
	at com.kms.katalon.core.main.TestCaseExecutor.accessMainPhase(TestCaseExecutor.java:404)
	at com.kms.katalon.core.main.TestCaseExecutor.execute(TestCaseExecutor.java:281)
	at com.kms.katalon.core.main.TestSuiteExecutor.accessTestCaseMainPhase(TestSuiteExecutor.java:202)
	at com.kms.katalon.core.main.TestSuiteExecutor.accessTestSuiteMainPhase(TestSuiteExecutor.java:164)
	at com.kms.katalon.core.main.TestSuiteExecutor.execute(TestSuiteExecutor.java:105)
	at com.kms.katalon.core.main.TestCaseMain.startTestSuite(TestCaseMain.java:185)
	at com.kms.katalon.core.main.TestCaseMain$startTestSuite$0.call(Unknown Source)
	at TempTestSuite1645563389265.run(TempTestSuite1645563389265.groovy:36)
Caused by: com.kms.katalon.core.webui.exception.WebElementNotFoundException: Web element with id: 'Object Repository/Modulo Pruebas Evaluaciones/Crear_un_periodo_de_evaluación/td_Pruebas katalon' located by '//*/text()[normalize-space(.)='Pruebas katalon']/parent::*' not found
	at com.kms.katalon.core.webui.common.WebUiCommonHelper.findWebElement(WebUiCommonHelper.java:1370)
	at com.kms.katalon.core.webui.keyword.internal.WebUIAbstractKeyword.findWebElement(WebUIAbstractKeyword.groovy:27)
	at com.kms.katalon.core.webui.keyword.builtin.ClickKeyword$_click_closure1.doCall(ClickKeyword.groovy:65)
	at com.kms.katalon.core.webui.keyword.builtin.ClickKeyword$_click_closure1.call(ClickKeyword.groovy)
	at com.kms.katalon.core.webui.keyword.internal.WebUIKeywordMain.runKeyword(WebUIKeywordMain.groovy:20)
	at com.kms.katalon.core.webui.keyword.builtin.ClickKeyword.click(ClickKeyword.groovy:74)
	at com.kms.katalon.core.webui.keyword.builtin.ClickKeyword.execute(ClickKeyword.groovy:40)
	at com.kms.katalon.core.keyword.internal.KeywordExecutor.executeKeywordForPlatform(KeywordExecutor.groovy:74)
	at com.kms.katalon.core.webui.keyword.WebUiBuiltInKeywords.click(WebUiBuiltInKeywords.groovy:620)
	at com.kms.katalon.core.webui.keyword.WebUiBuiltInKeywords$click$5.call(Unknown Source)
	at Script1642522944359.run(Script1642522944359.groovy:27)
	... 13 more
)
[[ATTACHMENT|C:\\Users\\diego.rojas\\git\\Pruebas-Minimas\\Reports\\20220222_155629\\9-Pruebas_Evaluaciones\\20220222_155629\\1645563441823.png]]]]></system-out>
         <system-err><![CDATA[2022-02-22 15:56:37 - [TEST_CASE][FAILED] - Test Cases/9.1-Pruebas_Evaluaciones/9.1.1-Crear_un_periodo_de_evaluación: Test Cases/9.1-Pruebas_Evaluaciones/9.1.1-Crear_un_periodo_de_evaluación FAILED.
Reason:
com.kms.katalon.core.exception.StepFailedException: Unable to click on object 'Object Repository/Modulo Pruebas Evaluaciones/Crear_un_periodo_de_evaluación/td_Pruebas katalon'
	at com.kms.katalon.core.webui.keyword.internal.WebUIKeywordMain.stepFailed(WebUIKeywordMain.groovy:64)
	at com.kms.katalon.core.webui.keyword.internal.WebUIKeywordMain.runKeyword(WebUIKeywordMain.groovy:26)
	at com.kms.katalon.core.webui.keyword.builtin.ClickKeyword.click(ClickKeyword.groovy:74)
	at com.kms.katalon.core.webui.keyword.builtin.ClickKeyword.execute(ClickKeyword.groovy:40)
	at com.kms.katalon.core.keyword.internal.KeywordExecutor.executeKeywordForPlatform(KeywordExecutor.groovy:74)
	at com.kms.katalon.core.webui.keyword.WebUiBuiltInKeywords.click(WebUiBuiltInKeywords.groovy:620)
	at com.kms.katalon.core.webui.keyword.WebUiBuiltInKeywords$click$5.call(Unknown Source)
	at 9.1.1-Crear_un_periodo_de_evaluación.run(9.1.1-Crear_un_periodo_de_evaluación:27)
	at com.kms.katalon.core.main.ScriptEngine.run(ScriptEngine.java:194)
	at com.kms.katalon.core.main.ScriptEngine.runScriptAsRawText(ScriptEngine.java:119)
	at com.kms.katalon.core.main.TestCaseExecutor.runScript(TestCaseExecutor.java:442)
	at com.kms.katalon.core.main.TestCaseExecutor.doExecute(TestCaseExecutor.java:433)
	at com.kms.katalon.core.main.TestCaseExecutor.processExecutionPhase(TestCaseExecutor.java:412)
	at com.kms.katalon.core.main.TestCaseExecutor.accessMainPhase(TestCaseExecutor.java:404)
	at com.kms.katalon.core.main.TestCaseExecutor.execute(TestCaseExecutor.java:281)
	at com.kms.katalon.core.main.TestSuiteExecutor.accessTestCaseMainPhase(TestSuiteExecutor.java:202)
	at com.kms.katalon.core.main.TestSuiteExecutor.accessTestSuiteMainPhase(TestSuiteExecutor.java:164)
	at com.kms.katalon.core.main.TestSuiteExecutor.execute(TestSuiteExecutor.java:105)
	at com.kms.katalon.core.main.TestCaseMain.startTestSuite(TestCaseMain.java:185)
	at com.kms.katalon.core.main.TestCaseMain$startTestSuite$0.call(Unknown Source)
	at TempTestSuite1645563389265.run(TempTestSuite1645563389265.groovy:36)
Caused by: com.kms.katalon.core.webui.exception.WebElementNotFoundException: Web element with id: 'Object Repository/Modulo Pruebas Evaluaciones/Crear_un_periodo_de_evaluación/td_Pruebas katalon' located by '//*/text()[normalize-space(.)='Pruebas katalon']/parent::*' not found
	at com.kms.katalon.core.webui.common.WebUiCommonHelper.findWebElement(WebUiCommonHelper.java:1370)
	at com.kms.katalon.core.webui.keyword.internal.WebUIAbstractKeyword.findWebElement(WebUIAbstractKeyword.groovy:27)
	at com.kms.katalon.core.webui.keyword.builtin.ClickKeyword$_click_closure1.doCall(ClickKeyword.groovy:65)
	at com.kms.katalon.core.webui.keyword.builtin.ClickKeyword$_click_closure1.call(ClickKeyword.groovy)
	at com.kms.katalon.core.webui.keyword.internal.WebUIKeywordMain.runKeyword(WebUIKeywordMain.groovy:20)
	... 19 more]]></system-err>
      </testcase>
      <testcase name="Test Cases/9.1-Pruebas_Evaluaciones/9.1.2-Crear_una_Fase" time="50.966" classname="Test Cases/9.1-Pruebas_Evaluaciones/9.1.2-Crear_una_Fase" status="FAILED">
         <failure type="FAILED" message="Test Cases/9.1-Pruebas_Evaluaciones/9.1.2-Crear_una_Fase FAILED.
Reason:
com.kms.katalon.core.exception.StepFailedException: Unable to click on object 'Object Repository/Modulo Pruebas Evaluaciones/Crear_una_Fase/span_Pruebas Ka_Etapa'
	at com.kms.katalon.core.webui.keyword.internal.WebUIKeywordMain.stepFailed(WebUIKeywordMain.groovy:64)
	at com.kms.katalon.core.webui.keyword.internal.WebUIKeywordMain.runKeyword(WebUIKeywordMain.groovy:26)
	at com.kms.katalon.core.webui.keyword.builtin.ClickKeyword.click(ClickKeyword.groovy:74)
	at com.kms.katalon.core.webui.keyword.builtin.ClickKeyword.execute(ClickKeyword.groovy:40)
	at com.kms.katalon.core.keyword.internal.KeywordExecutor.executeKeywordForPlatform(KeywordExecutor.groovy:74)
	at com.kms.katalon.core.webui.keyword.WebUiBuiltInKeywords.click(WebUiBuiltInKeywords.groovy:620)
	at com.kms.katalon.core.webui.keyword.WebUiBuiltInKeywords$click$5.call(Unknown Source)
	at 9.1.2-Crear_una_Fase.run(9.1.2-Crear_una_Fase:90)
	at com.kms.katalon.core.main.ScriptEngine.run(ScriptEngine.java:194)
	at com.kms.katalon.core.main.ScriptEngine.runScriptAsRawText(ScriptEngine.java:119)
	at com.kms.katalon.core.main.TestCaseExecutor.runScript(TestCaseExecutor.java:442)
	at com.kms.katalon.core.main.TestCaseExecutor.doExecute(TestCaseExecutor.java:433)
	at com.kms.katalon.core.main.TestCaseExecutor.processExecutionPhase(TestCaseExecutor.java:412)
	at com.kms.katalon.core.main.TestCaseExecutor.accessMainPhase(TestCaseExecutor.java:404)
	at com.kms.katalon.core.main.TestCaseExecutor.execute(TestCaseExecutor.java:281)
	at com.kms.katalon.core.main.TestSuiteExecutor.accessTestCaseMainPhase(TestSuiteExecutor.java:202)
	at com.kms.katalon.core.main.TestSuiteExecutor.accessTestSuiteMainPhase(TestSuiteExecutor.java:164)
	at com.kms.katalon.core.main.TestSuiteExecutor.execute(TestSuiteExecutor.java:105)
	at com.kms.katalon.core.main.TestCaseMain.startTestSuite(TestCaseMain.java:185)
	at com.kms.katalon.core.main.TestCaseMain$startTestSuite$0.call(Unknown Source)
	at TempTestSuite1645563389265.run(TempTestSuite1645563389265.groovy:36)
Caused by: com.kms.katalon.core.webui.exception.WebElementNotFoundException: Web element with id: 'Object Repository/Modulo Pruebas Evaluaciones/Crear_una_Fase/span_Pruebas Ka_Etapa' located by '//*/text()[normalize-space(.)='Pruebas Ka']/parent::*' not found
	at com.kms.katalon.core.webui.common.WebUiCommonHelper.findWebElement(WebUiCommonHelper.java:1370)
	at com.kms.katalon.core.webui.keyword.internal.WebUIAbstractKeyword.findWebElement(WebUIAbstractKeyword.groovy:27)
	at com.kms.katalon.core.webui.keyword.builtin.ClickKeyword$_click_closure1.doCall(ClickKeyword.groovy:65)
	at com.kms.katalon.core.webui.keyword.builtin.ClickKeyword$_click_closure1.call(ClickKeyword.groovy)
	at com.kms.katalon.core.webui.keyword.internal.WebUIKeywordMain.runKeyword(WebUIKeywordMain.groovy:20)
	... 19 more
"/>
         <system-out><![CDATA[2022-02-22 15:57:21 - [TEST_CASE][FAILED] - Test Cases/9.1-Pruebas_Evaluaciones/9.1.2-Crear_una_Fase: Test Cases/9.1-Pruebas_Evaluaciones/9.1.2-Crear_una_Fase FAILED.
Reason:
com.kms.katalon.core.exception.StepFailedException: Unable to click on object 'Object Repository/Modulo Pruebas Evaluaciones/Crear_una_Fase/span_Pruebas Ka_Etapa'
	at com.kms.katalon.core.webui.keyword.internal.WebUIKeywordMain.stepFailed(WebUIKeywordMain.groovy:64)
	at com.kms.katalon.core.webui.keyword.internal.WebUIKeywordMain.runKeyword(WebUIKeywordMain.groovy:26)
	at com.kms.katalon.core.webui.keyword.builtin.ClickKeyword.click(ClickKeyword.groovy:74)
	at com.kms.katalon.core.webui.keyword.builtin.ClickKeyword.execute(ClickKeyword.groovy:40)
	at com.kms.katalon.core.keyword.internal.KeywordExecutor.executeKeywordForPlatform(KeywordExecutor.groovy:74)
	at com.kms.katalon.core.webui.keyword.WebUiBuiltInKeywords.click(WebUiBuiltInKeywords.groovy:620)
	at com.kms.katalon.core.webui.keyword.WebUiBuiltInKeywords$click$5.call(Unknown Source)
	at 9.1.2-Crear_una_Fase.run(9.1.2-Crear_una_Fase:90)
	at com.kms.katalon.core.main.ScriptEngine.run(ScriptEngine.java:194)
	at com.kms.katalon.core.main.ScriptEngine.runScriptAsRawText(ScriptEngine.java:119)
	at com.kms.katalon.core.main.TestCaseExecutor.runScript(TestCaseExecutor.java:442)
	at com.kms.katalon.core.main.TestCaseExecutor.doExecute(TestCaseExecutor.java:433)
	at com.kms.katalon.core.main.TestCaseExecutor.processExecutionPhase(TestCaseExecutor.java:412)
	at com.kms.katalon.core.main.TestCaseExecutor.accessMainPhase(TestCaseExecutor.java:404)
	at com.kms.katalon.core.main.TestCaseExecutor.execute(TestCaseExecutor.java:281)
	at com.kms.katalon.core.main.TestSuiteExecutor.accessTestCaseMainPhase(TestSuiteExecutor.java:202)
	at com.kms.katalon.core.main.TestSuiteExecutor.accessTestSuiteMainPhase(TestSuiteExecutor.java:164)
	at com.kms.katalon.core.main.TestSuiteExecutor.execute(TestSuiteExecutor.java:105)
	at com.kms.katalon.core.main.TestCaseMain.startTestSuite(TestCaseMain.java:185)
	at com.kms.katalon.core.main.TestCaseMain$startTestSuite$0.call(Unknown Source)
	at TempTestSuite1645563389265.run(TempTestSuite1645563389265.groovy:36)
Caused by: com.kms.katalon.core.webui.exception.WebElementNotFoundException: Web element with id: 'Object Repository/Modulo Pruebas Evaluaciones/Crear_una_Fase/span_Pruebas Ka_Etapa' located by '//*/text()[normalize-space(.)='Pruebas Ka']/parent::*' not found
	at com.kms.katalon.core.webui.common.WebUiCommonHelper.findWebElement(WebUiCommonHelper.java:1370)
	at com.kms.katalon.core.webui.keyword.internal.WebUIAbstractKeyword.findWebElement(WebUIAbstractKeyword.groovy:27)
	at com.kms.katalon.core.webui.keyword.builtin.ClickKeyword$_click_closure1.doCall(ClickKeyword.groovy:65)
	at com.kms.katalon.core.webui.keyword.builtin.ClickKeyword$_click_closure1.call(ClickKeyword.groovy)
	at com.kms.katalon.core.webui.keyword.internal.WebUIKeywordMain.runKeyword(WebUIKeywordMain.groovy:20)
	... 19 more


2022-02-22 15:57:22 - [TEST_STEP][PASSED] - callTestCase(findTestCase("0.1-Login"), [:], STOP_ON_FAILURE): Call Test Case 'Test Cases/0.1-Login' successfully

2022-02-22 15:57:22 - [TEST_CASE][PASSED] - Test Cases/0.1-Login: Test Cases/0.1-Login

2022-02-22 15:57:22 - [TEST_STEP][PASSED] - openBrowser(""): Browser is opened with url: ''

2022-02-22 15:57:22 - [MESSAGE][WARNING] - A browser is already opened. Closing browser and opening a new one

2022-02-22 15:57:23 - [MESSAGE][INFO] - Starting 'Chrome' driver

2022-02-22 15:57:23 - [MESSAGE][INFO] - Action delay is set to 0 milliseconds

2022-02-22 15:57:24 - [MESSAGE][PASSED] - Browser is opened with url: ''

2022-02-22 15:57:24 - [TEST_STEP][PASSED] - maximizeWindow(): Current window maximized

2022-02-22 15:57:24 - [MESSAGE][PASSED] - Current window maximized

2022-02-22 15:57:24 - [TEST_STEP][PASSED] - i = G_Login: null

2022-02-22 15:57:24 - [TEST_STEP][PASSED] - url = new java.net.URL(i): null

2022-02-22 15:57:24 - [TEST_STEP][PASSED] - println("URL: " + url.toString()): null

2022-02-22 15:57:24 - [TEST_STEP][PASSED] - connection = url.openConnection(): null

2022-02-22 15:57:24 - [TEST_STEP][PASSED] - connection.setRequestMethod("GET"): null

2022-02-22 15:57:24 - [TEST_STEP][PASSED] - connection.setReadTimeout(2 * 1000): null

2022-02-22 15:57:24 - [TEST_STEP][PASSED] - try: null

2022-02-22 15:57:24 - [TEST_STEP][PASSED] - connection.connect(): null

2022-02-22 15:57:24 - [TEST_STEP][PASSED] - flag = connected: null

2022-02-22 15:57:24 - [TEST_STEP][PASSED] - println("Valor_ori: " + flag): null

2022-02-22 15:57:24 - [TEST_STEP][PASSED] - if (flag): null

2022-02-22 15:57:24 - [TEST_STEP][PASSED] - navigateToUrl(i): Navigate to 'http://192.168.2.80:8380/saraweb' successfully

2022-02-22 15:57:25 - [MESSAGE][PASSED] - Navigate to 'http://192.168.2.80:8380/saraweb' successfully

2022-02-22 15:57:25 - [TEST_STEP][PASSED] - a(): null

2022-02-22 15:57:25 - [TEST_STEP][PASSED] - setText(findTestObject("Login/input_USUARIO_loginusuario"), G_Usuario): Text 'saraadmin' is set on object 'Object Repository/Login/input_USUARIO_loginusuario'

2022-02-22 15:57:26 - [MESSAGE][PASSED] - Text 'saraadmin' is set on object 'Object Repository/Login/input_USUARIO_loginusuario'

2022-02-22 15:57:26 - [TEST_STEP][PASSED] - setEncryptedText(findTestObject("Login/input_CLAVE_loginpassword"), "MkG4/TYiCFC3cb2driP7+Q=="): Text ****** has been set on object 'Object Repository/Login/input_CLAVE_loginpassword'

2022-02-22 15:57:26 - [MESSAGE][PASSED] - Text ****** has been set on object 'Object Repository/Login/input_CLAVE_loginpassword'

2022-02-22 15:57:26 - [TEST_STEP][PASSED] - waitForElementClickable(findTestObject("Login/a_Ingresar"), G_TimeOut): Object 'Object Repository/Login/a_Ingresar' is clickable

2022-02-22 15:57:27 - [MESSAGE][PASSED] - Object 'Object Repository/Login/a_Ingresar' is clickable

2022-02-22 15:57:27 - [TEST_STEP][PASSED] - click(findTestObject("Login/a_Ingresar")): Object: 'Object Repository/Login/a_Ingresar' is clicked on

2022-02-22 15:57:29 - [MESSAGE][PASSED] - Object: 'Object Repository/Login/a_Ingresar' is clicked on

2022-02-22 15:57:29 - [TEST_STEP][PASSED] - element = findWebElement(findTestObject("Login/a_Ir"), 30): null

2022-02-22 15:57:29 - [TEST_STEP][PASSED] - executeJavaScript("arguments[0].click()", Arrays.asList(element)): Execute JavaScript 'arguments[0].click()' successfully

2022-02-22 15:57:29 - [MESSAGE][PASSED] - Execute JavaScript 'arguments[0].click()' successfully

2022-02-22 15:57:29 - [MESSAGE][PASSED] - Call Test Case 'Test Cases/0.1-Login' successfully

2022-02-22 15:57:29 - [TEST_STEP][PASSED] - setText(findTestObject("Modulo Pruebas Evaluaciones/Crear_una_Fase/input_Empresa 1_form_templatej_idt24_input"), "gestion herramientas"): Text 'gestion herramientas' is set on object 'Object Repository/Modulo Pruebas Evaluaciones/Crear_una_Fase/input_Empresa 1_form_templatej_idt24_input'

2022-02-22 15:57:31 - [MESSAGE][PASSED] - Text 'gestion herramientas' is set on object 'Object Repository/Modulo Pruebas Evaluaciones/Crear_una_Fase/input_Empresa 1_form_templatej_idt24_input'

2022-02-22 15:57:31 - [TEST_STEP][PASSED] - click(findTestObject("Modulo Pruebas Evaluaciones/Crear_una_Fase/li_Gestion Herramientas (tal)")): Object: 'Object Repository/Modulo Pruebas Evaluaciones/Crear_una_Fase/li_Gestion Herramientas (tal)' is clicked on

2022-02-22 15:57:32 - [MESSAGE][PASSED] - Object: 'Object Repository/Modulo Pruebas Evaluaciones/Crear_una_Fase/li_Gestion Herramientas (tal)' is clicked on

2022-02-22 15:57:32 - [TEST_STEP][PASSED] - if (waitForElementNotVisible(findTestObject("Modulo Pruebas Evaluaciones/Crear_una_Fase/td_Pruebas katalon"), 1)): Object 'Object Repository/Modulo Pruebas Evaluaciones/Crear_una_Fase/td_Pruebas katalon' is visible after 1 second(s)

2022-02-22 15:57:35 - [MESSAGE][WARNING] - Object 'Object Repository/Modulo Pruebas Evaluaciones/Crear_una_Fase/td_Pruebas katalon' is visible after 1 second(s)

2022-02-22 15:57:35 - [TEST_STEP][PASSED] - else: null

2022-02-22 15:57:35 - [TEST_STEP][PASSED] - click(findTestObject("Modulo Pruebas Evaluaciones/Crear_una_Fase/td_Pruebas katalon")): Object: 'Object Repository/Modulo Pruebas Evaluaciones/Crear_una_Fase/td_Pruebas katalon' is clicked on

2022-02-22 15:57:35 - [MESSAGE][PASSED] - Object: 'Object Repository/Modulo Pruebas Evaluaciones/Crear_una_Fase/td_Pruebas katalon' is clicked on

2022-02-22 15:57:35 - [TEST_STEP][PASSED] - click(findTestObject("Modulo Pruebas Evaluaciones/Crear_una_Fase/a_Tipo Evaluador")): Object: 'Object Repository/Modulo Pruebas Evaluaciones/Crear_una_Fase/a_Tipo Evaluador' is clicked on

2022-02-22 15:57:37 - [MESSAGE][PASSED] - Object: 'Object Repository/Modulo Pruebas Evaluaciones/Crear_una_Fase/a_Tipo Evaluador' is clicked on

2022-02-22 15:57:37 - [TEST_STEP][PASSED] - if (waitForElementVisible(findTestObject("Modulo Pruebas Evaluaciones/Crear_una_Fase/td_pr.katalon"), 1)): Web element with id: 'Object Repository/Modulo Pruebas Evaluaciones/Crear_una_Fase/td_pr.katalon' located by '//*/text()[normalize-space(.)='pr.katalon']/parent::*' not found

2022-02-22 15:57:39 - [MESSAGE][INFO] - Unable to find the element located by 'By.xpath: //*/text()[normalize-space(.)='pr.katalon']/parent::*'. Please recheck the objects properties to make sure the desired element is located. 

2022-02-22 15:57:39 - [MESSAGE][WARNING] - Web element with id: 'Object Repository/Modulo Pruebas Evaluaciones/Crear_una_Fase/td_pr.katalon' located by '//*/text()[normalize-space(.)='pr.katalon']/parent::*' not found

2022-02-22 15:57:39 - [TEST_STEP][PASSED] - click(findTestObject("Modulo Pruebas Evaluaciones/Crear_una_Fase/a_Fase Evaluacin")): Object: 'Object Repository/Modulo Pruebas Evaluaciones/Crear_una_Fase/a_Fase Evaluacin' is clicked on

2022-02-22 15:57:39 - [MESSAGE][PASSED] - Object: 'Object Repository/Modulo Pruebas Evaluaciones/Crear_una_Fase/a_Fase Evaluacin' is clicked on

2022-02-22 15:57:39 - [TEST_STEP][PASSED] - if (waitForElementVisible(findTestObject("Modulo Pruebas Evaluaciones/Crear_una_Fase/td_PRUEBAS K"), 1)): null

2022-02-22 15:57:40 - [MESSAGE][PASSED] - Object 'Object Repository/Modulo Pruebas Evaluaciones/Crear_una_Fase/td_PRUEBAS K' is visible

2022-02-22 15:57:40 - [TEST_STEP][PASSED] - click(findTestObject("Modulo Pruebas Evaluaciones/Crear_una_Fase/td_PRUEBAS K")): Object: 'Object Repository/Modulo Pruebas Evaluaciones/Crear_una_Fase/td_PRUEBAS K' is clicked on

2022-02-22 15:57:40 - [MESSAGE][PASSED] - Object: 'Object Repository/Modulo Pruebas Evaluaciones/Crear_una_Fase/td_PRUEBAS K' is clicked on

2022-02-22 15:57:40 - [TEST_STEP][PASSED] - click(findTestObject("Modulo Pruebas Evaluaciones/Crear_una_Fase/a_Etapa")): Object: 'Object Repository/Modulo Pruebas Evaluaciones/Crear_una_Fase/a_Etapa' is clicked on

2022-02-22 15:57:41 - [MESSAGE][PASSED] - Object: 'Object Repository/Modulo Pruebas Evaluaciones/Crear_una_Fase/a_Etapa' is clicked on

2022-02-22 15:57:41 - [TEST_STEP][FAILED] - click(findTestObject("Modulo Pruebas Evaluaciones/Crear_una_Fase/span_Pruebas Ka_Etapa")): Unable to click on object 'Object Repository/Modulo Pruebas Evaluaciones/Crear_una_Fase/span_Pruebas Ka_Etapa' (Root cause: com.kms.katalon.core.exception.StepFailedException: Unable to click on object 'Object Repository/Modulo Pruebas Evaluaciones/Crear_una_Fase/span_Pruebas Ka_Etapa'
	at com.kms.katalon.core.webui.keyword.internal.WebUIKeywordMain.stepFailed(WebUIKeywordMain.groovy:64)
	at com.kms.katalon.core.webui.keyword.internal.WebUIKeywordMain.runKeyword(WebUIKeywordMain.groovy:26)
	at com.kms.katalon.core.webui.keyword.builtin.ClickKeyword.click(ClickKeyword.groovy:74)
	at com.kms.katalon.core.webui.keyword.builtin.ClickKeyword.execute(ClickKeyword.groovy:40)
	at com.kms.katalon.core.keyword.internal.KeywordExecutor.executeKeywordForPlatform(KeywordExecutor.groovy:74)
	at com.kms.katalon.core.webui.keyword.WebUiBuiltInKeywords.click(WebUiBuiltInKeywords.groovy:620)
	at com.kms.katalon.core.webui.keyword.WebUiBuiltInKeywords$click$5.call(Unknown Source)
	at 9.1.2-Crear_una_Fase.run(9.1.2-Crear_una_Fase:90)
	at com.kms.katalon.core.main.ScriptEngine.run(ScriptEngine.java:194)
	at com.kms.katalon.core.main.ScriptEngine.runScriptAsRawText(ScriptEngine.java:119)
	at com.kms.katalon.core.main.TestCaseExecutor.runScript(TestCaseExecutor.java:442)
	at com.kms.katalon.core.main.TestCaseExecutor.doExecute(TestCaseExecutor.java:433)
	at com.kms.katalon.core.main.TestCaseExecutor.processExecutionPhase(TestCaseExecutor.java:412)
	at com.kms.katalon.core.main.TestCaseExecutor.accessMainPhase(TestCaseExecutor.java:404)
	at com.kms.katalon.core.main.TestCaseExecutor.execute(TestCaseExecutor.java:281)
	at com.kms.katalon.core.main.TestSuiteExecutor.accessTestCaseMainPhase(TestSuiteExecutor.java:202)
	at com.kms.katalon.core.main.TestSuiteExecutor.accessTestSuiteMainPhase(TestSuiteExecutor.java:164)
	at com.kms.katalon.core.main.TestSuiteExecutor.execute(TestSuiteExecutor.java:105)
	at com.kms.katalon.core.main.TestCaseMain.startTestSuite(TestCaseMain.java:185)
	at com.kms.katalon.core.main.TestCaseMain$startTestSuite$0.call(Unknown Source)
	at TempTestSuite1645563389265.run(TempTestSuite1645563389265.groovy:36)
Caused by: com.kms.katalon.core.webui.exception.WebElementNotFoundException: Web element with id: 'Object Repository/Modulo Pruebas Evaluaciones/Crear_una_Fase/span_Pruebas Ka_Etapa' located by '//*/text()[normalize-space(.)='Pruebas Ka']/parent::*' not found
	at com.kms.katalon.core.webui.common.WebUiCommonHelper.findWebElement(WebUiCommonHelper.java:1370)
	at com.kms.katalon.core.webui.keyword.internal.WebUIAbstractKeyword.findWebElement(WebUIAbstractKeyword.groovy:27)
	at com.kms.katalon.core.webui.keyword.builtin.ClickKeyword$_click_closure1.doCall(ClickKeyword.groovy:65)
	at com.kms.katalon.core.webui.keyword.builtin.ClickKeyword$_click_closure1.call(ClickKeyword.groovy)
	at com.kms.katalon.core.webui.keyword.internal.WebUIKeywordMain.runKeyword(WebUIKeywordMain.groovy:20)
	at com.kms.katalon.core.webui.keyword.builtin.ClickKeyword.click(ClickKeyword.groovy:74)
	at com.kms.katalon.core.webui.keyword.builtin.ClickKeyword.execute(ClickKeyword.groovy:40)
	at com.kms.katalon.core.keyword.internal.KeywordExecutor.executeKeywordForPlatform(KeywordExecutor.groovy:74)
	at com.kms.katalon.core.webui.keyword.WebUiBuiltInKeywords.click(WebUiBuiltInKeywords.groovy:620)
	at com.kms.katalon.core.webui.keyword.WebUiBuiltInKeywords$click$5.call(Unknown Source)
	at Script1642523534317.run(Script1642523534317.groovy:90)
	... 13 more
)

2022-02-22 15:58:12 - [MESSAGE][INFO] - Unable to find the element located by 'By.xpath: //*/text()[normalize-space(.)='Pruebas Ka']/parent::*'. Please recheck the objects properties to make sure the desired element is located. 

2022-02-22 15:58:12 - [MESSAGE][FAILED] - Unable to click on object 'Object Repository/Modulo Pruebas Evaluaciones/Crear_una_Fase/span_Pruebas Ka_Etapa' (Root cause: com.kms.katalon.core.exception.StepFailedException: Unable to click on object 'Object Repository/Modulo Pruebas Evaluaciones/Crear_una_Fase/span_Pruebas Ka_Etapa'
	at com.kms.katalon.core.webui.keyword.internal.WebUIKeywordMain.stepFailed(WebUIKeywordMain.groovy:64)
	at com.kms.katalon.core.webui.keyword.internal.WebUIKeywordMain.runKeyword(WebUIKeywordMain.groovy:26)
	at com.kms.katalon.core.webui.keyword.builtin.ClickKeyword.click(ClickKeyword.groovy:74)
	at com.kms.katalon.core.webui.keyword.builtin.ClickKeyword.execute(ClickKeyword.groovy:40)
	at com.kms.katalon.core.keyword.internal.KeywordExecutor.executeKeywordForPlatform(KeywordExecutor.groovy:74)
	at com.kms.katalon.core.webui.keyword.WebUiBuiltInKeywords.click(WebUiBuiltInKeywords.groovy:620)
	at com.kms.katalon.core.webui.keyword.WebUiBuiltInKeywords$click$5.call(Unknown Source)
	at 9.1.2-Crear_una_Fase.run(9.1.2-Crear_una_Fase:90)
	at com.kms.katalon.core.main.ScriptEngine.run(ScriptEngine.java:194)
	at com.kms.katalon.core.main.ScriptEngine.runScriptAsRawText(ScriptEngine.java:119)
	at com.kms.katalon.core.main.TestCaseExecutor.runScript(TestCaseExecutor.java:442)
	at com.kms.katalon.core.main.TestCaseExecutor.doExecute(TestCaseExecutor.java:433)
	at com.kms.katalon.core.main.TestCaseExecutor.processExecutionPhase(TestCaseExecutor.java:412)
	at com.kms.katalon.core.main.TestCaseExecutor.accessMainPhase(TestCaseExecutor.java:404)
	at com.kms.katalon.core.main.TestCaseExecutor.execute(TestCaseExecutor.java:281)
	at com.kms.katalon.core.main.TestSuiteExecutor.accessTestCaseMainPhase(TestSuiteExecutor.java:202)
	at com.kms.katalon.core.main.TestSuiteExecutor.accessTestSuiteMainPhase(TestSuiteExecutor.java:164)
	at com.kms.katalon.core.main.TestSuiteExecutor.execute(TestSuiteExecutor.java:105)
	at com.kms.katalon.core.main.TestCaseMain.startTestSuite(TestCaseMain.java:185)
	at com.kms.katalon.core.main.TestCaseMain$startTestSuite$0.call(Unknown Source)
	at TempTestSuite1645563389265.run(TempTestSuite1645563389265.groovy:36)
Caused by: com.kms.katalon.core.webui.exception.WebElementNotFoundException: Web element with id: 'Object Repository/Modulo Pruebas Evaluaciones/Crear_una_Fase/span_Pruebas Ka_Etapa' located by '//*/text()[normalize-space(.)='Pruebas Ka']/parent::*' not found
	at com.kms.katalon.core.webui.common.WebUiCommonHelper.findWebElement(WebUiCommonHelper.java:1370)
	at com.kms.katalon.core.webui.keyword.internal.WebUIAbstractKeyword.findWebElement(WebUIAbstractKeyword.groovy:27)
	at com.kms.katalon.core.webui.keyword.builtin.ClickKeyword$_click_closure1.doCall(ClickKeyword.groovy:65)
	at com.kms.katalon.core.webui.keyword.builtin.ClickKeyword$_click_closure1.call(ClickKeyword.groovy)
	at com.kms.katalon.core.webui.keyword.internal.WebUIKeywordMain.runKeyword(WebUIKeywordMain.groovy:20)
	at com.kms.katalon.core.webui.keyword.builtin.ClickKeyword.click(ClickKeyword.groovy:74)
	at com.kms.katalon.core.webui.keyword.builtin.ClickKeyword.execute(ClickKeyword.groovy:40)
	at com.kms.katalon.core.keyword.internal.KeywordExecutor.executeKeywordForPlatform(KeywordExecutor.groovy:74)
	at com.kms.katalon.core.webui.keyword.WebUiBuiltInKeywords.click(WebUiBuiltInKeywords.groovy:620)
	at com.kms.katalon.core.webui.keyword.WebUiBuiltInKeywords$click$5.call(Unknown Source)
	at Script1642523534317.run(Script1642523534317.groovy:90)
	... 13 more
)
[[ATTACHMENT|C:\\Users\\diego.rojas\\git\\Pruebas-Minimas\\Reports\\20220222_155629\\9-Pruebas_Evaluaciones\\20220222_155629\\1645563492817.png]]]]></system-out>
         <system-err><![CDATA[2022-02-22 15:57:21 - [TEST_CASE][FAILED] - Test Cases/9.1-Pruebas_Evaluaciones/9.1.2-Crear_una_Fase: Test Cases/9.1-Pruebas_Evaluaciones/9.1.2-Crear_una_Fase FAILED.
Reason:
com.kms.katalon.core.exception.StepFailedException: Unable to click on object 'Object Repository/Modulo Pruebas Evaluaciones/Crear_una_Fase/span_Pruebas Ka_Etapa'
	at com.kms.katalon.core.webui.keyword.internal.WebUIKeywordMain.stepFailed(WebUIKeywordMain.groovy:64)
	at com.kms.katalon.core.webui.keyword.internal.WebUIKeywordMain.runKeyword(WebUIKeywordMain.groovy:26)
	at com.kms.katalon.core.webui.keyword.builtin.ClickKeyword.click(ClickKeyword.groovy:74)
	at com.kms.katalon.core.webui.keyword.builtin.ClickKeyword.execute(ClickKeyword.groovy:40)
	at com.kms.katalon.core.keyword.internal.KeywordExecutor.executeKeywordForPlatform(KeywordExecutor.groovy:74)
	at com.kms.katalon.core.webui.keyword.WebUiBuiltInKeywords.click(WebUiBuiltInKeywords.groovy:620)
	at com.kms.katalon.core.webui.keyword.WebUiBuiltInKeywords$click$5.call(Unknown Source)
	at 9.1.2-Crear_una_Fase.run(9.1.2-Crear_una_Fase:90)
	at com.kms.katalon.core.main.ScriptEngine.run(ScriptEngine.java:194)
	at com.kms.katalon.core.main.ScriptEngine.runScriptAsRawText(ScriptEngine.java:119)
	at com.kms.katalon.core.main.TestCaseExecutor.runScript(TestCaseExecutor.java:442)
	at com.kms.katalon.core.main.TestCaseExecutor.doExecute(TestCaseExecutor.java:433)
	at com.kms.katalon.core.main.TestCaseExecutor.processExecutionPhase(TestCaseExecutor.java:412)
	at com.kms.katalon.core.main.TestCaseExecutor.accessMainPhase(TestCaseExecutor.java:404)
	at com.kms.katalon.core.main.TestCaseExecutor.execute(TestCaseExecutor.java:281)
	at com.kms.katalon.core.main.TestSuiteExecutor.accessTestCaseMainPhase(TestSuiteExecutor.java:202)
	at com.kms.katalon.core.main.TestSuiteExecutor.accessTestSuiteMainPhase(TestSuiteExecutor.java:164)
	at com.kms.katalon.core.main.TestSuiteExecutor.execute(TestSuiteExecutor.java:105)
	at com.kms.katalon.core.main.TestCaseMain.startTestSuite(TestCaseMain.java:185)
	at com.kms.katalon.core.main.TestCaseMain$startTestSuite$0.call(Unknown Source)
	at TempTestSuite1645563389265.run(TempTestSuite1645563389265.groovy:36)
Caused by: com.kms.katalon.core.webui.exception.WebElementNotFoundException: Web element with id: 'Object Repository/Modulo Pruebas Evaluaciones/Crear_una_Fase/span_Pruebas Ka_Etapa' located by '//*/text()[normalize-space(.)='Pruebas Ka']/parent::*' not found
	at com.kms.katalon.core.webui.common.WebUiCommonHelper.findWebElement(WebUiCommonHelper.java:1370)
	at com.kms.katalon.core.webui.keyword.internal.WebUIAbstractKeyword.findWebElement(WebUIAbstractKeyword.groovy:27)
	at com.kms.katalon.core.webui.keyword.builtin.ClickKeyword$_click_closure1.doCall(ClickKeyword.groovy:65)
	at com.kms.katalon.core.webui.keyword.builtin.ClickKeyword$_click_closure1.call(ClickKeyword.groovy)
	at com.kms.katalon.core.webui.keyword.internal.WebUIKeywordMain.runKeyword(WebUIKeywordMain.groovy:20)
	... 19 more]]></system-err>
      </testcase>
      <testcase name="Test Cases/9.1-Pruebas_Evaluaciones/9.1.3-Crear_una_Etapa" time="23.354" classname="Test Cases/9.1-Pruebas_Evaluaciones/9.1.3-Crear_una_Etapa" status="PASSED">
         <system-out><![CDATA[2022-02-22 15:58:12 - [TEST_CASE][PASSED] - Test Cases/9.1-Pruebas_Evaluaciones/9.1.3-Crear_una_Etapa: Test Cases/9.1-Pruebas_Evaluaciones/9.1.3-Crear_una_Etapa

2022-02-22 15:58:13 - [TEST_STEP][PASSED] - callTestCase(findTestCase("0.1-Login"), [:], STOP_ON_FAILURE): Call Test Case 'Test Cases/0.1-Login' successfully

2022-02-22 15:58:13 - [TEST_CASE][PASSED] - Test Cases/0.1-Login: Test Cases/0.1-Login

2022-02-22 15:58:13 - [TEST_STEP][PASSED] - openBrowser(""): Browser is opened with url: ''

2022-02-22 15:58:13 - [MESSAGE][WARNING] - A browser is already opened. Closing browser and opening a new one

2022-02-22 15:58:14 - [MESSAGE][INFO] - Starting 'Chrome' driver

2022-02-22 15:58:14 - [MESSAGE][INFO] - Action delay is set to 0 milliseconds

2022-02-22 15:58:15 - [MESSAGE][PASSED] - Browser is opened with url: ''

2022-02-22 15:58:15 - [TEST_STEP][PASSED] - maximizeWindow(): Current window maximized

2022-02-22 15:58:15 - [MESSAGE][PASSED] - Current window maximized

2022-02-22 15:58:15 - [TEST_STEP][PASSED] - i = G_Login: null

2022-02-22 15:58:15 - [TEST_STEP][PASSED] - url = new java.net.URL(i): null

2022-02-22 15:58:15 - [TEST_STEP][PASSED] - println("URL: " + url.toString()): null

2022-02-22 15:58:15 - [TEST_STEP][PASSED] - connection = url.openConnection(): null

2022-02-22 15:58:15 - [TEST_STEP][PASSED] - connection.setRequestMethod("GET"): null

2022-02-22 15:58:15 - [TEST_STEP][PASSED] - connection.setReadTimeout(2 * 1000): null

2022-02-22 15:58:15 - [TEST_STEP][PASSED] - try: null

2022-02-22 15:58:15 - [TEST_STEP][PASSED] - connection.connect(): null

2022-02-22 15:58:15 - [TEST_STEP][PASSED] - flag = connected: null

2022-02-22 15:58:15 - [TEST_STEP][PASSED] - println("Valor_ori: " + flag): null

2022-02-22 15:58:15 - [TEST_STEP][PASSED] - if (flag): null

2022-02-22 15:58:15 - [TEST_STEP][PASSED] - navigateToUrl(i): Navigate to 'http://192.168.2.80:8380/saraweb' successfully

2022-02-22 15:58:16 - [MESSAGE][PASSED] - Navigate to 'http://192.168.2.80:8380/saraweb' successfully

2022-02-22 15:58:16 - [TEST_STEP][PASSED] - a(): null

2022-02-22 15:58:16 - [TEST_STEP][PASSED] - setText(findTestObject("Login/input_USUARIO_loginusuario"), G_Usuario): Text 'saraadmin' is set on object 'Object Repository/Login/input_USUARIO_loginusuario'

2022-02-22 15:58:17 - [MESSAGE][PASSED] - Text 'saraadmin' is set on object 'Object Repository/Login/input_USUARIO_loginusuario'

2022-02-22 15:58:17 - [TEST_STEP][PASSED] - setEncryptedText(findTestObject("Login/input_CLAVE_loginpassword"), "MkG4/TYiCFC3cb2driP7+Q=="): Text ****** has been set on object 'Object Repository/Login/input_CLAVE_loginpassword'

2022-02-22 15:58:17 - [MESSAGE][PASSED] - Text ****** has been set on object 'Object Repository/Login/input_CLAVE_loginpassword'

2022-02-22 15:58:17 - [TEST_STEP][PASSED] - waitForElementClickable(findTestObject("Login/a_Ingresar"), G_TimeOut): Object 'Object Repository/Login/a_Ingresar' is clickable

2022-02-22 15:58:18 - [MESSAGE][PASSED] - Object 'Object Repository/Login/a_Ingresar' is clickable

2022-02-22 15:58:18 - [TEST_STEP][PASSED] - click(findTestObject("Login/a_Ingresar")): Object: 'Object Repository/Login/a_Ingresar' is clicked on

2022-02-22 15:58:20 - [MESSAGE][PASSED] - Object: 'Object Repository/Login/a_Ingresar' is clicked on

2022-02-22 15:58:20 - [TEST_STEP][PASSED] - element = findWebElement(findTestObject("Login/a_Ir"), 30): null

2022-02-22 15:58:20 - [TEST_STEP][PASSED] - executeJavaScript("arguments[0].click()", Arrays.asList(element)): Execute JavaScript 'arguments[0].click()' successfully

2022-02-22 15:58:20 - [MESSAGE][PASSED] - Execute JavaScript 'arguments[0].click()' successfully

2022-02-22 15:58:20 - [MESSAGE][PASSED] - Call Test Case 'Test Cases/0.1-Login' successfully

2022-02-22 15:58:20 - [TEST_STEP][PASSED] - setText(findTestObject("Modulo Pruebas Evaluaciones/Crear_una_Etapa/input_Empresa 1_form_templatej_idt24_input"), "gestion herramientas"): Text 'gestion herramientas' is set on object 'Object Repository/Modulo Pruebas Evaluaciones/Crear_una_Etapa/input_Empresa 1_form_templatej_idt24_input'

2022-02-22 15:58:22 - [MESSAGE][PASSED] - Text 'gestion herramientas' is set on object 'Object Repository/Modulo Pruebas Evaluaciones/Crear_una_Etapa/input_Empresa 1_form_templatej_idt24_input'

2022-02-22 15:58:22 - [TEST_STEP][PASSED] - click(findTestObject("Modulo Pruebas Evaluaciones/Crear_una_Etapa/span_Gestion Herramientas")): Object: 'Object Repository/Modulo Pruebas Evaluaciones/Crear_una_Etapa/span_Gestion Herramientas' is clicked on

2022-02-22 15:58:23 - [MESSAGE][PASSED] - Object: 'Object Repository/Modulo Pruebas Evaluaciones/Crear_una_Etapa/span_Gestion Herramientas' is clicked on

2022-02-22 15:58:23 - [TEST_STEP][PASSED] - if (waitForElementVisible(findTestObject("Modulo Pruebas Evaluaciones/Crear_una_Etapa/td_Pruebas katalon"), 1)): null

2022-02-22 15:58:24 - [MESSAGE][PASSED] - Object 'Object Repository/Modulo Pruebas Evaluaciones/Crear_una_Etapa/td_Pruebas katalon' is visible

2022-02-22 15:58:24 - [TEST_STEP][PASSED] - click(findTestObject("Modulo Pruebas Evaluaciones/Crear_una_Etapa/td_Pruebas katalon")): Object: 'Object Repository/Modulo Pruebas Evaluaciones/Crear_una_Etapa/td_Pruebas katalon' is clicked on

2022-02-22 15:58:25 - [MESSAGE][PASSED] - Object: 'Object Repository/Modulo Pruebas Evaluaciones/Crear_una_Etapa/td_Pruebas katalon' is clicked on

2022-02-22 15:58:25 - [TEST_STEP][PASSED] - click(findTestObject("Modulo Pruebas Evaluaciones/Crear_una_Etapa/a_Fase Evaluacin")): Object: 'Object Repository/Modulo Pruebas Evaluaciones/Crear_una_Etapa/a_Fase Evaluacin' is clicked on

2022-02-22 15:58:26 - [MESSAGE][PASSED] - Object: 'Object Repository/Modulo Pruebas Evaluaciones/Crear_una_Etapa/a_Fase Evaluacin' is clicked on

2022-02-22 15:58:26 - [TEST_STEP][PASSED] - if (waitForElementVisible(findTestObject("Modulo Pruebas Evaluaciones/Crear_una_Etapa/td_PRUEBAS K"), 1)): null

2022-02-22 15:58:26 - [MESSAGE][PASSED] - Object 'Object Repository/Modulo Pruebas Evaluaciones/Crear_una_Etapa/td_PRUEBAS K' is visible

2022-02-22 15:58:26 - [TEST_STEP][PASSED] - click(findTestObject("Modulo Pruebas Evaluaciones/Crear_una_Etapa/td_PRUEBAS K")): Object: 'Object Repository/Modulo Pruebas Evaluaciones/Crear_una_Etapa/td_PRUEBAS K' is clicked on

2022-02-22 15:58:27 - [MESSAGE][PASSED] - Object: 'Object Repository/Modulo Pruebas Evaluaciones/Crear_una_Etapa/td_PRUEBAS K' is clicked on

2022-02-22 15:58:27 - [TEST_STEP][PASSED] - click(findTestObject("Modulo Pruebas Evaluaciones/Crear_una_Etapa/a_Etapa")): Object: 'Object Repository/Modulo Pruebas Evaluaciones/Crear_una_Etapa/a_Etapa' is clicked on

2022-02-22 15:58:28 - [MESSAGE][PASSED] - Object: 'Object Repository/Modulo Pruebas Evaluaciones/Crear_una_Etapa/a_Etapa' is clicked on

2022-02-22 15:58:28 - [TEST_STEP][PASSED] - if (waitForElementVisible(findTestObject("Modulo Pruebas Evaluaciones/Crear_una_Etapa/span_Pruebas Ka"), 1)): Web element with id: 'Object Repository/Modulo Pruebas Evaluaciones/Crear_una_Etapa/span_Pruebas Ka' located by '//*/text()[normalize-space(.)='Pruebas Ka']/parent::*' not found

2022-02-22 15:58:30 - [MESSAGE][INFO] - Unable to find the element located by 'By.xpath: //*/text()[normalize-space(.)='Pruebas Ka']/parent::*'. Please recheck the objects properties to make sure the desired element is located. 

2022-02-22 15:58:30 - [MESSAGE][WARNING] - Web element with id: 'Object Repository/Modulo Pruebas Evaluaciones/Crear_una_Etapa/span_Pruebas Ka' located by '//*/text()[normalize-space(.)='Pruebas Ka']/parent::*' not found

2022-02-22 15:58:30 - [TEST_STEP][PASSED] - click(findTestObject("Modulo Pruebas Evaluaciones/Crear_una_Etapa/a_Nuevo")): Object: 'Object Repository/Modulo Pruebas Evaluaciones/Crear_una_Etapa/a_Nuevo' is clicked on

2022-02-22 15:58:30 - [MESSAGE][PASSED] - Object: 'Object Repository/Modulo Pruebas Evaluaciones/Crear_una_Etapa/a_Nuevo' is clicked on

2022-02-22 15:58:30 - [TEST_STEP][PASSED] - setText(findTestObject("Modulo Pruebas Evaluaciones/Crear_una_Etapa/input_Descripcin_formGestionHerramientaspanelTabFasepanelDetalleEtapadescripcion"), "Pruebas Ka"): Text 'Pruebas Ka' is set on object 'Object Repository/Modulo Pruebas Evaluaciones/Crear_una_Etapa/input_Descripcin_formGestionHerramientaspanelTabFasepanelDetalleEtapadescripcion'

2022-02-22 15:58:31 - [MESSAGE][PASSED] - Text 'Pruebas Ka' is set on object 'Object Repository/Modulo Pruebas Evaluaciones/Crear_una_Etapa/input_Descripcin_formGestionHerramientaspanelTabFasepanelDetalleEtapadescripcion'

2022-02-22 15:58:31 - [TEST_STEP][PASSED] - selectOptionByIndex(findTestObject("Modulo Pruebas Evaluaciones/Crear_una_Etapa/select_-- Seleccione --CapacitacionEncuestaMetaPlan AccionSeguimiento Competencias"), 2): All options with index in [2] are selected on object 'Object Repository/Modulo Pruebas Evaluaciones/Crear_una_Etapa/select_-- Seleccione --CapacitacionEncuestaMetaPlan AccionSeguimiento Competencias'

2022-02-22 15:58:32 - [MESSAGE][PASSED] - All options with index in [2] are selected on object 'Object Repository/Modulo Pruebas Evaluaciones/Crear_una_Etapa/select_-- Seleccione --CapacitacionEncuestaMetaPlan AccionSeguimiento Competencias'

2022-02-22 15:58:32 - [TEST_STEP][PASSED] - selectOptionByIndex(findTestObject("Modulo Pruebas Evaluaciones/Crear_una_Etapa/select_-- Seleccione --NoSi"), 1): All options with index in [1] are selected on object 'Object Repository/Modulo Pruebas Evaluaciones/Crear_una_Etapa/select_-- Seleccione --NoSi'

2022-02-22 15:58:34 - [MESSAGE][PASSED] - All options with index in [1] are selected on object 'Object Repository/Modulo Pruebas Evaluaciones/Crear_una_Etapa/select_-- Seleccione --NoSi'

2022-02-22 15:58:34 - [TEST_STEP][PASSED] - setText(findTestObject("Modulo Pruebas Evaluaciones/Crear_una_Etapa/input_Orden_formGestionHerramientaspanelTabFasepanelDetalleEtapaorden"), "5"): Text '5' is set on object 'Object Repository/Modulo Pruebas Evaluaciones/Crear_una_Etapa/input_Orden_formGestionHerramientaspanelTabFasepanelDetalleEtapaorden'

2022-02-22 15:58:35 - [MESSAGE][PASSED] - Text '5' is set on object 'Object Repository/Modulo Pruebas Evaluaciones/Crear_una_Etapa/input_Orden_formGestionHerramientaspanelTabFasepanelDetalleEtapaorden'

2022-02-22 15:58:35 - [TEST_STEP][PASSED] - click(findTestObject("Modulo Pruebas Evaluaciones/Crear_una_Etapa/a_Guardar")): Object: 'Object Repository/Modulo Pruebas Evaluaciones/Crear_una_Etapa/a_Guardar' is clicked on

2022-02-22 15:58:35 - [MESSAGE][PASSED] - Object: 'Object Repository/Modulo Pruebas Evaluaciones/Crear_una_Etapa/a_Guardar' is clicked on

2022-02-22 15:58:35 - [TEST_STEP][PASSED] - closeBrowser(): Browser is closed

2022-02-22 15:58:36 - [MESSAGE][PASSED] - Browser is closed]]></system-out>
         <system-err><![CDATA[]]></system-err>
      </testcase>
      <testcase name="Test Cases/9.1-Pruebas_Evaluaciones/9.1.4-Crear_modelos_de_evaluaciones 360º 180º 90º" time="17.499" classname="Test Cases/9.1-Pruebas_Evaluaciones/9.1.4-Crear_modelos_de_evaluaciones 360º 180º 90º" status="PASSED">
         <system-out><![CDATA[2022-02-22 15:58:36 - [TEST_CASE][PASSED] - Test Cases/9.1-Pruebas_Evaluaciones/9.1.4-Crear_modelos_de_evaluaciones 360º 180º 90º: Test Cases/9.1-Pruebas_Evaluaciones/9.1.4-Crear_modelos_de_evaluaciones 360º 180º 90º

2022-02-22 15:58:36 - [TEST_STEP][PASSED] - callTestCase(findTestCase("0.1-Login"), [:], STOP_ON_FAILURE): Call Test Case 'Test Cases/0.1-Login' successfully

2022-02-22 15:58:36 - [TEST_CASE][PASSED] - Test Cases/0.1-Login: Test Cases/0.1-Login

2022-02-22 15:58:36 - [TEST_STEP][PASSED] - openBrowser(""): Browser is opened with url: ''

2022-02-22 15:58:36 - [MESSAGE][INFO] - Starting 'Chrome' driver

2022-02-22 15:58:36 - [MESSAGE][INFO] - Action delay is set to 0 milliseconds

2022-02-22 15:58:38 - [MESSAGE][PASSED] - Browser is opened with url: ''

2022-02-22 15:58:38 - [TEST_STEP][PASSED] - maximizeWindow(): Current window maximized

2022-02-22 15:58:38 - [MESSAGE][PASSED] - Current window maximized

2022-02-22 15:58:38 - [TEST_STEP][PASSED] - i = G_Login: null

2022-02-22 15:58:38 - [TEST_STEP][PASSED] - url = new java.net.URL(i): null

2022-02-22 15:58:38 - [TEST_STEP][PASSED] - println("URL: " + url.toString()): null

2022-02-22 15:58:38 - [TEST_STEP][PASSED] - connection = url.openConnection(): null

2022-02-22 15:58:38 - [TEST_STEP][PASSED] - connection.setRequestMethod("GET"): null

2022-02-22 15:58:38 - [TEST_STEP][PASSED] - connection.setReadTimeout(2 * 1000): null

2022-02-22 15:58:38 - [TEST_STEP][PASSED] - try: null

2022-02-22 15:58:38 - [TEST_STEP][PASSED] - connection.connect(): null

2022-02-22 15:58:38 - [TEST_STEP][PASSED] - flag = connected: null

2022-02-22 15:58:38 - [TEST_STEP][PASSED] - println("Valor_ori: " + flag): null

2022-02-22 15:58:38 - [TEST_STEP][PASSED] - if (flag): null

2022-02-22 15:58:38 - [TEST_STEP][PASSED] - navigateToUrl(i): Navigate to 'http://192.168.2.80:8380/saraweb' successfully

2022-02-22 15:58:38 - [MESSAGE][PASSED] - Navigate to 'http://192.168.2.80:8380/saraweb' successfully

2022-02-22 15:58:38 - [TEST_STEP][PASSED] - a(): null

2022-02-22 15:58:38 - [TEST_STEP][PASSED] - setText(findTestObject("Login/input_USUARIO_loginusuario"), G_Usuario): Text 'saraadmin' is set on object 'Object Repository/Login/input_USUARIO_loginusuario'

2022-02-22 15:58:39 - [MESSAGE][PASSED] - Text 'saraadmin' is set on object 'Object Repository/Login/input_USUARIO_loginusuario'

2022-02-22 15:58:39 - [TEST_STEP][PASSED] - setEncryptedText(findTestObject("Login/input_CLAVE_loginpassword"), "MkG4/TYiCFC3cb2driP7+Q=="): Text ****** has been set on object 'Object Repository/Login/input_CLAVE_loginpassword'

2022-02-22 15:58:39 - [MESSAGE][PASSED] - Text ****** has been set on object 'Object Repository/Login/input_CLAVE_loginpassword'

2022-02-22 15:58:39 - [TEST_STEP][PASSED] - waitForElementClickable(findTestObject("Login/a_Ingresar"), G_TimeOut): Object 'Object Repository/Login/a_Ingresar' is clickable

2022-02-22 15:58:40 - [MESSAGE][PASSED] - Object 'Object Repository/Login/a_Ingresar' is clickable

2022-02-22 15:58:40 - [TEST_STEP][PASSED] - click(findTestObject("Login/a_Ingresar")): Object: 'Object Repository/Login/a_Ingresar' is clicked on

2022-02-22 15:58:42 - [MESSAGE][PASSED] - Object: 'Object Repository/Login/a_Ingresar' is clicked on

2022-02-22 15:58:42 - [TEST_STEP][PASSED] - element = findWebElement(findTestObject("Login/a_Ir"), 30): null

2022-02-22 15:58:42 - [TEST_STEP][PASSED] - executeJavaScript("arguments[0].click()", Arrays.asList(element)): Execute JavaScript 'arguments[0].click()' successfully

2022-02-22 15:58:42 - [MESSAGE][PASSED] - Execute JavaScript 'arguments[0].click()' successfully

2022-02-22 15:58:42 - [MESSAGE][PASSED] - Call Test Case 'Test Cases/0.1-Login' successfully

2022-02-22 15:58:43 - [TEST_STEP][PASSED] - setText(findTestObject("Modulo Pruebas Evaluaciones/Crear_modelos_de_evaluaciones 360º 180º 90º/input_Empresa 1_form_templatej_idt24_input"), "gestion herramientas"): Text 'gestion herramientas' is set on object 'Object Repository/Modulo Pruebas Evaluaciones/Crear_modelos_de_evaluaciones 360º 180º 90º/input_Empresa 1_form_templatej_idt24_input'

2022-02-22 15:58:44 - [MESSAGE][PASSED] - Text 'gestion herramientas' is set on object 'Object Repository/Modulo Pruebas Evaluaciones/Crear_modelos_de_evaluaciones 360º 180º 90º/input_Empresa 1_form_templatej_idt24_input'

2022-02-22 15:58:44 - [TEST_STEP][PASSED] - click(findTestObject("Modulo Pruebas Evaluaciones/Crear_modelos_de_evaluaciones 360º 180º 90º/span_Gestion Herramientas")): Object: 'Object Repository/Modulo Pruebas Evaluaciones/Crear_modelos_de_evaluaciones 360º 180º 90º/span_Gestion Herramientas' is clicked on

2022-02-22 15:58:45 - [MESSAGE][PASSED] - Object: 'Object Repository/Modulo Pruebas Evaluaciones/Crear_modelos_de_evaluaciones 360º 180º 90º/span_Gestion Herramientas' is clicked on

2022-02-22 15:58:45 - [TEST_STEP][PASSED] - if (waitForElementVisible(findTestObject("Modulo Pruebas Evaluaciones/Crear_modelos_de_evaluaciones 360º 180º 90º/td_Pruebas katalon"), 1)): null

2022-02-22 15:58:46 - [MESSAGE][PASSED] - Object 'Object Repository/Modulo Pruebas Evaluaciones/Crear_modelos_de_evaluaciones 360º 180º 90º/td_Pruebas katalon' is visible

2022-02-22 15:58:46 - [TEST_STEP][PASSED] - click(findTestObject("Modulo Pruebas Evaluaciones/Crear_modelos_de_evaluaciones 360º 180º 90º/td_Pruebas katalon")): Object: 'Object Repository/Modulo Pruebas Evaluaciones/Crear_modelos_de_evaluaciones 360º 180º 90º/td_Pruebas katalon' is clicked on

2022-02-22 15:58:46 - [MESSAGE][PASSED] - Object: 'Object Repository/Modulo Pruebas Evaluaciones/Crear_modelos_de_evaluaciones 360º 180º 90º/td_Pruebas katalon' is clicked on

2022-02-22 15:58:46 - [TEST_STEP][PASSED] - click(findTestObject("Modulo Pruebas Evaluaciones/Crear_modelos_de_evaluaciones 360º 180º 90º/a_Tipo Evaluador")): Object: 'Object Repository/Modulo Pruebas Evaluaciones/Crear_modelos_de_evaluaciones 360º 180º 90º/a_Tipo Evaluador' is clicked on

2022-02-22 15:58:47 - [MESSAGE][PASSED] - Object: 'Object Repository/Modulo Pruebas Evaluaciones/Crear_modelos_de_evaluaciones 360º 180º 90º/a_Tipo Evaluador' is clicked on

2022-02-22 15:58:47 - [TEST_STEP][PASSED] - if (waitForElementVisible(findTestObject("Modulo Pruebas Evaluaciones/Crear_modelos_de_evaluaciones 360º 180º 90º/td_pr.katalon"), 1)): Web element with id: 'Object Repository/Modulo Pruebas Evaluaciones/Crear_modelos_de_evaluaciones 360º 180º 90º/td_pr.katalon' located by '//*/text()[normalize-space(.)='pr.katalon']/parent::*' not found

2022-02-22 15:58:49 - [MESSAGE][INFO] - Unable to find the element located by 'By.xpath: //*/text()[normalize-space(.)='pr.katalon']/parent::*'. Please recheck the objects properties to make sure the desired element is located. 

2022-02-22 15:58:49 - [MESSAGE][WARNING] - Web element with id: 'Object Repository/Modulo Pruebas Evaluaciones/Crear_modelos_de_evaluaciones 360º 180º 90º/td_pr.katalon' located by '//*/text()[normalize-space(.)='pr.katalon']/parent::*' not found

2022-02-22 15:58:49 - [TEST_STEP][PASSED] - click(findTestObject("Modulo Pruebas Evaluaciones/Crear_modelos_de_evaluaciones 360º 180º 90º/a_Nuevo")): Object: 'Object Repository/Modulo Pruebas Evaluaciones/Crear_modelos_de_evaluaciones 360º 180º 90º/a_Nuevo' is clicked on

2022-02-22 15:58:50 - [MESSAGE][PASSED] - Object: 'Object Repository/Modulo Pruebas Evaluaciones/Crear_modelos_de_evaluaciones 360º 180º 90º/a_Nuevo' is clicked on

2022-02-22 15:58:50 - [TEST_STEP][PASSED] - setText(findTestObject("Modulo Pruebas Evaluaciones/Crear_modelos_de_evaluaciones 360º 180º 90º/input_Descripcin_form_planillaGestiondescripcion"), "pr.katalon"): Text 'pr.katalon' is set on object 'Object Repository/Modulo Pruebas Evaluaciones/Crear_modelos_de_evaluaciones 360º 180º 90º/input_Descripcin_form_planillaGestiondescripcion'

2022-02-22 15:58:51 - [MESSAGE][PASSED] - Text 'pr.katalon' is set on object 'Object Repository/Modulo Pruebas Evaluaciones/Crear_modelos_de_evaluaciones 360º 180º 90º/input_Descripcin_form_planillaGestiondescripcion'

2022-02-22 15:58:51 - [TEST_STEP][PASSED] - selectOptionByIndex(findTestObject("Modulo Pruebas Evaluaciones/Crear_modelos_de_evaluaciones 360º 180º 90º/select_--Seleccione--AutoevaluacinCompaeroJefeOtroSubalterno"), 1): All options with index in [1] are selected on object 'Object Repository/Modulo Pruebas Evaluaciones/Crear_modelos_de_evaluaciones 360º 180º 90º/select_--Seleccione--AutoevaluacinCompaeroJefeOtroSubalterno'

2022-02-22 15:58:52 - [MESSAGE][PASSED] - All options with index in [1] are selected on object 'Object Repository/Modulo Pruebas Evaluaciones/Crear_modelos_de_evaluaciones 360º 180º 90º/select_--Seleccione--AutoevaluacinCompaeroJefeOtroSubalterno'

2022-02-22 15:58:52 - [TEST_STEP][PASSED] - click(findTestObject("Modulo Pruebas Evaluaciones/Crear_modelos_de_evaluaciones 360º 180º 90º/a_Guardar")): Object: 'Object Repository/Modulo Pruebas Evaluaciones/Crear_modelos_de_evaluaciones 360º 180º 90º/a_Guardar' is clicked on

2022-02-22 15:58:53 - [MESSAGE][PASSED] - Object: 'Object Repository/Modulo Pruebas Evaluaciones/Crear_modelos_de_evaluaciones 360º 180º 90º/a_Guardar' is clicked on

2022-02-22 15:58:53 - [TEST_STEP][PASSED] - closeBrowser(): Browser is closed

2022-02-22 15:58:53 - [MESSAGE][PASSED] - Browser is closed]]></system-out>
         <system-err><![CDATA[]]></system-err>
      </testcase>
      <testcase name="Test Cases/9.1-Pruebas_Evaluaciones/9.1.5-Programar_la_evaluación_Individual" time="31.859" classname="Test Cases/9.1-Pruebas_Evaluaciones/9.1.5-Programar_la_evaluación_Individual" status="PASSED">
         <system-out><![CDATA[2022-02-22 15:58:53 - [TEST_CASE][PASSED] - Test Cases/9.1-Pruebas_Evaluaciones/9.1.5-Programar_la_evaluación_Individual: Test Cases/9.1-Pruebas_Evaluaciones/9.1.5-Programar_la_evaluación_Individual

2022-02-22 15:58:54 - [TEST_STEP][PASSED] - callTestCase(findTestCase("0.1-Login"), [:], STOP_ON_FAILURE): Call Test Case 'Test Cases/0.1-Login' successfully

2022-02-22 15:58:54 - [TEST_CASE][PASSED] - Test Cases/0.1-Login: Test Cases/0.1-Login

2022-02-22 15:58:54 - [TEST_STEP][PASSED] - openBrowser(""): Browser is opened with url: ''

2022-02-22 15:58:54 - [MESSAGE][INFO] - Starting 'Chrome' driver

2022-02-22 15:58:54 - [MESSAGE][INFO] - Action delay is set to 0 milliseconds

2022-02-22 15:58:55 - [MESSAGE][PASSED] - Browser is opened with url: ''

2022-02-22 15:58:55 - [TEST_STEP][PASSED] - maximizeWindow(): Current window maximized

2022-02-22 15:58:55 - [MESSAGE][PASSED] - Current window maximized

2022-02-22 15:58:55 - [TEST_STEP][PASSED] - i = G_Login: null

2022-02-22 15:58:55 - [TEST_STEP][PASSED] - url = new java.net.URL(i): null

2022-02-22 15:58:55 - [TEST_STEP][PASSED] - println("URL: " + url.toString()): null

2022-02-22 15:58:55 - [TEST_STEP][PASSED] - connection = url.openConnection(): null

2022-02-22 15:58:55 - [TEST_STEP][PASSED] - connection.setRequestMethod("GET"): null

2022-02-22 15:58:55 - [TEST_STEP][PASSED] - connection.setReadTimeout(2 * 1000): null

2022-02-22 15:58:55 - [TEST_STEP][PASSED] - try: null

2022-02-22 15:58:55 - [TEST_STEP][PASSED] - connection.connect(): null

2022-02-22 15:58:55 - [TEST_STEP][PASSED] - flag = connected: null

2022-02-22 15:58:55 - [TEST_STEP][PASSED] - println("Valor_ori: " + flag): null

2022-02-22 15:58:55 - [TEST_STEP][PASSED] - if (flag): null

2022-02-22 15:58:55 - [TEST_STEP][PASSED] - navigateToUrl(i): Navigate to 'http://192.168.2.80:8380/saraweb' successfully

2022-02-22 15:58:56 - [MESSAGE][PASSED] - Navigate to 'http://192.168.2.80:8380/saraweb' successfully

2022-02-22 15:58:56 - [TEST_STEP][PASSED] - a(): null

2022-02-22 15:58:56 - [TEST_STEP][PASSED] - setText(findTestObject("Login/input_USUARIO_loginusuario"), G_Usuario): Text 'saraadmin' is set on object 'Object Repository/Login/input_USUARIO_loginusuario'

2022-02-22 15:58:57 - [MESSAGE][PASSED] - Text 'saraadmin' is set on object 'Object Repository/Login/input_USUARIO_loginusuario'

2022-02-22 15:58:57 - [TEST_STEP][PASSED] - setEncryptedText(findTestObject("Login/input_CLAVE_loginpassword"), "MkG4/TYiCFC3cb2driP7+Q=="): Text ****** has been set on object 'Object Repository/Login/input_CLAVE_loginpassword'

2022-02-22 15:58:58 - [MESSAGE][PASSED] - Text ****** has been set on object 'Object Repository/Login/input_CLAVE_loginpassword'

2022-02-22 15:58:58 - [TEST_STEP][PASSED] - waitForElementClickable(findTestObject("Login/a_Ingresar"), G_TimeOut): Object 'Object Repository/Login/a_Ingresar' is clickable

2022-02-22 15:58:58 - [MESSAGE][PASSED] - Object 'Object Repository/Login/a_Ingresar' is clickable

2022-02-22 15:58:58 - [TEST_STEP][PASSED] - click(findTestObject("Login/a_Ingresar")): Object: 'Object Repository/Login/a_Ingresar' is clicked on

2022-02-22 15:59:00 - [MESSAGE][PASSED] - Object: 'Object Repository/Login/a_Ingresar' is clicked on

2022-02-22 15:59:00 - [TEST_STEP][PASSED] - element = findWebElement(findTestObject("Login/a_Ir"), 30): null

2022-02-22 15:59:00 - [TEST_STEP][PASSED] - executeJavaScript("arguments[0].click()", Arrays.asList(element)): Execute JavaScript 'arguments[0].click()' successfully

2022-02-22 15:59:01 - [MESSAGE][PASSED] - Execute JavaScript 'arguments[0].click()' successfully

2022-02-22 15:59:01 - [MESSAGE][PASSED] - Call Test Case 'Test Cases/0.1-Login' successfully

2022-02-22 15:59:01 - [TEST_STEP][PASSED] - setText(findTestObject("Modulo Pruebas Evaluaciones/Programar_la_evaluación_Individual/input_Empresa 1_form_templatej_idt24_input"), "listado herramientas"): Text 'listado herramientas' is set on object 'Object Repository/Modulo Pruebas Evaluaciones/Programar_la_evaluación_Individual/input_Empresa 1_form_templatej_idt24_input'

2022-02-22 15:59:02 - [MESSAGE][PASSED] - Text 'listado herramientas' is set on object 'Object Repository/Modulo Pruebas Evaluaciones/Programar_la_evaluación_Individual/input_Empresa 1_form_templatej_idt24_input'

2022-02-22 15:59:02 - [TEST_STEP][PASSED] - click(findTestObject("Modulo Pruebas Evaluaciones/Programar_la_evaluación_Individual/li_Listado Herramientas (tal)")): Object: 'Object Repository/Modulo Pruebas Evaluaciones/Programar_la_evaluación_Individual/li_Listado Herramientas (tal)' is clicked on

2022-02-22 15:59:03 - [MESSAGE][PASSED] - Object: 'Object Repository/Modulo Pruebas Evaluaciones/Programar_la_evaluación_Individual/li_Listado Herramientas (tal)' is clicked on

2022-02-22 15:59:03 - [TEST_STEP][PASSED] - click(findTestObject("Modulo Pruebas Evaluaciones/Programar_la_evaluación_Individual/div_Contratacion_ui-radiobutton-box ui-widget ui-corner-all ui-state-default ui-state-hover")): Object: 'Object Repository/Modulo Pruebas Evaluaciones/Programar_la_evaluación_Individual/div_Contratacion_ui-radiobutton-box ui-widget ui-corner-all ui-state-default ui-state-hover' is clicked on

2022-02-22 15:59:04 - [MESSAGE][PASSED] - Object: 'Object Repository/Modulo Pruebas Evaluaciones/Programar_la_evaluación_Individual/div_Contratacion_ui-radiobutton-box ui-widget ui-corner-all ui-state-default ui-state-hover' is clicked on

2022-02-22 15:59:04 - [TEST_STEP][PASSED] - selectOptionByIndex(findTestObject("Modulo Pruebas Evaluaciones/Programar_la_evaluación_Individual/select_--- Seleccione Herramienta ---ENCUESTA DE RETIROEVALUACION 2011"), 2): All options with index in [2] are selected on object 'Object Repository/Modulo Pruebas Evaluaciones/Programar_la_evaluación_Individual/select_--- Seleccione Herramienta ---ENCUESTA DE RETIROEVALUACION 2011'

2022-02-22 15:59:06 - [MESSAGE][PASSED] - All options with index in [2] are selected on object 'Object Repository/Modulo Pruebas Evaluaciones/Programar_la_evaluación_Individual/select_--- Seleccione Herramienta ---ENCUESTA DE RETIROEVALUACION 2011'

2022-02-22 15:59:06 - [TEST_STEP][PASSED] - if (waitForElementVisible(findTestObject("Modulo Pruebas Evaluaciones/Programar_la_evaluación_Individual/span_A A A"), 1)): null

2022-02-22 15:59:07 - [MESSAGE][PASSED] - Object 'Object Repository/Modulo Pruebas Evaluaciones/Programar_la_evaluación_Individual/span_A A A' is visible

2022-02-22 15:59:07 - [TEST_STEP][PASSED] - click(findTestObject("Modulo Pruebas Evaluaciones/Programar_la_evaluación_Individual/span_A A A")): Object: 'Object Repository/Modulo Pruebas Evaluaciones/Programar_la_evaluación_Individual/span_A A A' is clicked on

2022-02-22 15:59:07 - [MESSAGE][PASSED] - Object: 'Object Repository/Modulo Pruebas Evaluaciones/Programar_la_evaluación_Individual/span_A A A' is clicked on

2022-02-22 15:59:07 - [TEST_STEP][PASSED] - click(findTestObject("Modulo Pruebas Evaluaciones/Programar_la_evaluación_Individual/span_Eliminar")): Object: 'Object Repository/Modulo Pruebas Evaluaciones/Programar_la_evaluación_Individual/span_Eliminar' is clicked on

2022-02-22 15:59:08 - [MESSAGE][PASSED] - Object: 'Object Repository/Modulo Pruebas Evaluaciones/Programar_la_evaluación_Individual/span_Eliminar' is clicked on

2022-02-22 15:59:08 - [TEST_STEP][PASSED] - click(findTestObject("Modulo Pruebas Evaluaciones/Programar_la_evaluación_Individual/span_Si")): Object: 'Object Repository/Modulo Pruebas Evaluaciones/Programar_la_evaluación_Individual/span_Si' is clicked on

2022-02-22 15:59:09 - [MESSAGE][PASSED] - Object: 'Object Repository/Modulo Pruebas Evaluaciones/Programar_la_evaluación_Individual/span_Si' is clicked on

2022-02-22 15:59:09 - [TEST_STEP][PASSED] - click(findTestObject("Modulo Pruebas Evaluaciones/Programar_la_evaluación_Individual/span_Regresar")): Object: 'Object Repository/Modulo Pruebas Evaluaciones/Programar_la_evaluación_Individual/span_Regresar' is clicked on

2022-02-22 15:59:10 - [MESSAGE][PASSED] - Object: 'Object Repository/Modulo Pruebas Evaluaciones/Programar_la_evaluación_Individual/span_Regresar' is clicked on

2022-02-22 15:59:10 - [TEST_STEP][PASSED] - click(findTestObject("Modulo Pruebas Evaluaciones/Programar_la_evaluación_Individual/a_Nuevo")): Object: 'Object Repository/Modulo Pruebas Evaluaciones/Programar_la_evaluación_Individual/a_Nuevo' is clicked on

2022-02-22 15:59:11 - [MESSAGE][PASSED] - Object: 'Object Repository/Modulo Pruebas Evaluaciones/Programar_la_evaluación_Individual/a_Nuevo' is clicked on

2022-02-22 15:59:11 - [TEST_STEP][PASSED] - selectOptionByIndex(findTestObject("Modulo Pruebas Evaluaciones/Programar_la_evaluación_Individual/select_--- Seleccione Herramienta ---ENCUESTA DE RETIROEVALUACION 2011 - Copy"), 2): All options with index in [2] are selected on object 'Object Repository/Modulo Pruebas Evaluaciones/Programar_la_evaluación_Individual/select_--- Seleccione Herramienta ---ENCUESTA DE RETIROEVALUACION 2011 - Copy'

2022-02-22 15:59:12 - [MESSAGE][PASSED] - All options with index in [2] are selected on object 'Object Repository/Modulo Pruebas Evaluaciones/Programar_la_evaluación_Individual/select_--- Seleccione Herramienta ---ENCUESTA DE RETIROEVALUACION 2011 - Copy'

2022-02-22 15:59:12 - [TEST_STEP][PASSED] - click(findTestObject("Modulo Pruebas Evaluaciones/Programar_la_evaluación_Individual/a_Identificacion Evaluado_form_popupDetalleEvaluacionj_idt215")): Object: 'Object Repository/Modulo Pruebas Evaluaciones/Programar_la_evaluación_Individual/a_Identificacion Evaluado_form_popupDetalleEvaluacionj_idt215' is clicked on

2022-02-22 15:59:13 - [MESSAGE][PASSED] - Object: 'Object Repository/Modulo Pruebas Evaluaciones/Programar_la_evaluación_Individual/a_Identificacion Evaluado_form_popupDetalleEvaluacionj_idt215' is clicked on

2022-02-22 15:59:13 - [TEST_STEP][PASSED] - setText(findTestObject("Modulo Pruebas Evaluaciones/Programar_la_evaluación_Individual/input_Filtro Hoja de Vida_formPopupHojaVidaj_idt723"), "A"): Text 'A' is set on object 'Object Repository/Modulo Pruebas Evaluaciones/Programar_la_evaluación_Individual/input_Filtro Hoja de Vida_formPopupHojaVidaj_idt723'

2022-02-22 15:59:14 - [MESSAGE][PASSED] - Text 'A' is set on object 'Object Repository/Modulo Pruebas Evaluaciones/Programar_la_evaluación_Individual/input_Filtro Hoja de Vida_formPopupHojaVidaj_idt723'

2022-02-22 15:59:14 - [TEST_STEP][PASSED] - sendKeys(findTestObject("Modulo Pruebas Evaluaciones/Programar_la_evaluación_Individual/input_Filtro Hoja de Vida_formPopupHojaVidaj_idt723"), Keys.chord(ENTER)): Keys 'ENTER + ' sent to object: 'Object Repository/Modulo Pruebas Evaluaciones/Programar_la_evaluación_Individual/input_Filtro Hoja de Vida_formPopupHojaVidaj_idt723'

2022-02-22 15:59:14 - [MESSAGE][PASSED] - Keys 'ENTER + ' sent to object: 'Object Repository/Modulo Pruebas Evaluaciones/Programar_la_evaluación_Individual/input_Filtro Hoja de Vida_formPopupHojaVidaj_idt723'

2022-02-22 15:59:14 - [TEST_STEP][PASSED] - click(findTestObject("Modulo Pruebas Evaluaciones/Programar_la_evaluación_Individual/span_A A A")): Object: 'Object Repository/Modulo Pruebas Evaluaciones/Programar_la_evaluación_Individual/span_A A A' is clicked on

2022-02-22 15:59:15 - [MESSAGE][PASSED] - Object: 'Object Repository/Modulo Pruebas Evaluaciones/Programar_la_evaluación_Individual/span_A A A' is clicked on

2022-02-22 15:59:15 - [TEST_STEP][PASSED] - selectOptionByIndex(findTestObject("Modulo Pruebas Evaluaciones/Programar_la_evaluación_Individual/select_--Seleccione--CALIDADMENSUAL ABCMODELO EMPRESA QUINCENALPANSIONADOSPENSIONADOS BASEPRUEBAS"), "1"): All options with index in [1] are selected on object 'Object Repository/Modulo Pruebas Evaluaciones/Programar_la_evaluación_Individual/select_--Seleccione--CALIDADMENSUAL ABCMODELO EMPRESA QUINCENALPANSIONADOSPENSIONADOS BASEPRUEBAS'

2022-02-22 15:59:19 - [MESSAGE][PASSED] - All options with index in [1] are selected on object 'Object Repository/Modulo Pruebas Evaluaciones/Programar_la_evaluación_Individual/select_--Seleccione--CALIDADMENSUAL ABCMODELO EMPRESA QUINCENALPANSIONADOSPENSIONADOS BASEPRUEBAS'

2022-02-22 15:59:19 - [TEST_STEP][PASSED] - selectOptionByIndex(findTestObject("Modulo Pruebas Evaluaciones/Programar_la_evaluación_Individual/select_--- Seleccione Unidad Organizacional ---1111123456ADMINISTRACIONADMINISTRACIONAnalista"), 4): All options with index in [4] are selected on object 'Object Repository/Modulo Pruebas Evaluaciones/Programar_la_evaluación_Individual/select_--- Seleccione Unidad Organizacional ---1111123456ADMINISTRACIONADMINISTRACIONAnalista'

2022-02-22 15:59:21 - [MESSAGE][PASSED] - All options with index in [4] are selected on object 'Object Repository/Modulo Pruebas Evaluaciones/Programar_la_evaluación_Individual/select_--- Seleccione Unidad Organizacional ---1111123456ADMINISTRACIONADMINISTRACIONAnalista'

2022-02-22 15:59:21 - [TEST_STEP][PASSED] - selectOptionByIndex(findTestObject("Modulo Pruebas Evaluaciones/Programar_la_evaluación_Individual/select_--- Seleccione Cargo ---20145   -40 MIL STAFF20139   -ABOGADO20117   -ABOGADO JUNIOR10"), 2): All options with index in [2] are selected on object 'Object Repository/Modulo Pruebas Evaluaciones/Programar_la_evaluación_Individual/select_--- Seleccione Cargo ---20145   -40 MIL STAFF20139   -ABOGADO20117   -ABOGADO JUNIOR10'

2022-02-22 15:59:22 - [MESSAGE][PASSED] - All options with index in [2] are selected on object 'Object Repository/Modulo Pruebas Evaluaciones/Programar_la_evaluación_Individual/select_--- Seleccione Cargo ---20145   -40 MIL STAFF20139   -ABOGADO20117   -ABOGADO JUNIOR10'

2022-02-22 15:59:22 - [TEST_STEP][PASSED] - selectOptionByIndex(findTestObject("Modulo Pruebas Evaluaciones/Programar_la_evaluación_Individual/select_ADMINISTRATIVOSAPRENDICESEMPLEADOFBROLESTSMECANICOSNO APLICANOMINA 40 MIL"), 6): All options with index in [6] are selected on object 'Object Repository/Modulo Pruebas Evaluaciones/Programar_la_evaluación_Individual/select_ADMINISTRATIVOSAPRENDICESEMPLEADOFBROLESTSMECANICOSNO APLICANOMINA 40 MIL'

2022-02-22 15:59:23 - [MESSAGE][PASSED] - All options with index in [6] are selected on object 'Object Repository/Modulo Pruebas Evaluaciones/Programar_la_evaluación_Individual/select_ADMINISTRATIVOSAPRENDICESEMPLEADOFBROLESTSMECANICOSNO APLICANOMINA 40 MIL'

2022-02-22 15:59:23 - [TEST_STEP][PASSED] - click(findTestObject("Modulo Pruebas Evaluaciones/Programar_la_evaluación_Individual/a_Periodo_form_popupDetalleEvaluacionj_idt208")): Object: 'Object Repository/Modulo Pruebas Evaluaciones/Programar_la_evaluación_Individual/a_Periodo_form_popupDetalleEvaluacionj_idt208' is clicked on

2022-02-22 15:59:24 - [MESSAGE][PASSED] - Object: 'Object Repository/Modulo Pruebas Evaluaciones/Programar_la_evaluación_Individual/a_Periodo_form_popupDetalleEvaluacionj_idt208' is clicked on

2022-02-22 15:59:24 - [TEST_STEP][PASSED] - click(findTestObject("Modulo Pruebas Evaluaciones/Programar_la_evaluación_Individual/span_PERIODO DE PRUEBA")): Object: 'Object Repository/Modulo Pruebas Evaluaciones/Programar_la_evaluación_Individual/span_PERIODO DE PRUEBA' is clicked on

2022-02-22 15:59:24 - [MESSAGE][PASSED] - Object: 'Object Repository/Modulo Pruebas Evaluaciones/Programar_la_evaluación_Individual/span_PERIODO DE PRUEBA' is clicked on

2022-02-22 15:59:24 - [TEST_STEP][PASSED] - click(findTestObject("Modulo Pruebas Evaluaciones/Programar_la_evaluación_Individual/span_Guardar")): Object: 'Object Repository/Modulo Pruebas Evaluaciones/Programar_la_evaluación_Individual/span_Guardar' is clicked on

2022-02-22 15:59:25 - [MESSAGE][PASSED] - Object: 'Object Repository/Modulo Pruebas Evaluaciones/Programar_la_evaluación_Individual/span_Guardar' is clicked on]]></system-out>
         <system-err><![CDATA[]]></system-err>
      </testcase>
      <system-out><![CDATA[2022-02-22 15:56:36 - [TEST_SUITE][FAILED] - 9-Pruebas_Evaluaciones: Test Cases/9.1-Pruebas_Evaluaciones/9.1.1-Crear_un_periodo_de_evaluación FAILED.
Reason:
com.kms.katalon.core.exception.StepFailedException: Unable to click on object 'Object Repository/Modulo Pruebas Evaluaciones/Crear_un_periodo_de_evaluación/td_Pruebas katalon'
	at com.kms.katalon.core.webui.keyword.internal.WebUIKeywordMain.stepFailed(WebUIKeywordMain.groovy:64)
	at com.kms.katalon.core.webui.keyword.internal.WebUIKeywordMain.runKeyword(WebUIKeywordMain.groovy:26)
	at com.kms.katalon.core.webui.keyword.builtin.ClickKeyword.click(ClickKeyword.groovy:74)
	at com.kms.katalon.core.webui.keyword.builtin.ClickKeyword.execute(ClickKeyword.groovy:40)
	at com.kms.katalon.core.keyword.internal.KeywordExecutor.executeKeywordForPlatform(KeywordExecutor.groovy:74)
	at com.kms.katalon.core.webui.keyword.WebUiBuiltInKeywords.click(WebUiBuiltInKeywords.groovy:620)
	at com.kms.katalon.core.webui.keyword.WebUiBuiltInKeywords$click$5.call(Unknown Source)
	at 9.1.1-Crear_un_periodo_de_evaluación.run(9.1.1-Crear_un_periodo_de_evaluación:27)
	at com.kms.katalon.core.main.ScriptEngine.run(ScriptEngine.java:194)
	at com.kms.katalon.core.main.ScriptEngine.runScriptAsRawText(ScriptEngine.java:119)
	at com.kms.katalon.core.main.TestCaseExecutor.runScript(TestCaseExecutor.java:442)
	at com.kms.katalon.core.main.TestCaseExecutor.doExecute(TestCaseExecutor.java:433)
	at com.kms.katalon.core.main.TestCaseExecutor.processExecutionPhase(TestCaseExecutor.java:412)
	at com.kms.katalon.core.main.TestCaseExecutor.accessMainPhase(TestCaseExecutor.java:404)
	at com.kms.katalon.core.main.TestCaseExecutor.execute(TestCaseExecutor.java:281)
	at com.kms.katalon.core.main.TestSuiteExecutor.accessTestCaseMainPhase(TestSuiteExecutor.java:202)
	at com.kms.katalon.core.main.TestSuiteExecutor.accessTestSuiteMainPhase(TestSuiteExecutor.java:164)
	at com.kms.katalon.core.main.TestSuiteExecutor.execute(TestSuiteExecutor.java:105)
	at com.kms.katalon.core.main.TestCaseMain.startTestSuite(TestCaseMain.java:185)
	at com.kms.katalon.core.main.TestCaseMain$startTestSuite$0.call(Unknown Source)
	at TempTestSuite1645563389265.run(TempTestSuite1645563389265.groovy:36)
Caused by: com.kms.katalon.core.webui.exception.WebElementNotFoundException: Web element with id: 'Object Repository/Modulo Pruebas Evaluaciones/Crear_un_periodo_de_evaluación/td_Pruebas katalon' located by '//*/text()[normalize-space(.)='Pruebas katalon']/parent::*' not found
	at com.kms.katalon.core.webui.common.WebUiCommonHelper.findWebElement(WebUiCommonHelper.java:1370)
	at com.kms.katalon.core.webui.keyword.internal.WebUIAbstractKeyword.findWebElement(WebUIAbstractKeyword.groovy:27)
	at com.kms.katalon.core.webui.keyword.builtin.ClickKeyword$_click_closure1.doCall(ClickKeyword.groovy:65)
	at com.kms.katalon.core.webui.keyword.builtin.ClickKeyword$_click_closure1.call(ClickKeyword.groovy)
	at com.kms.katalon.core.webui.keyword.internal.WebUIKeywordMain.runKeyword(WebUIKeywordMain.groovy:20)
	... 19 more]]></system-out>
      <system-err><![CDATA[2022-02-22 15:56:36 - [TEST_SUITE][FAILED] - 9-Pruebas_Evaluaciones: Test Cases/9.1-Pruebas_Evaluaciones/9.1.1-Crear_un_periodo_de_evaluación FAILED.
Reason:
com.kms.katalon.core.exception.StepFailedException: Unable to click on object 'Object Repository/Modulo Pruebas Evaluaciones/Crear_un_periodo_de_evaluación/td_Pruebas katalon'
	at com.kms.katalon.core.webui.keyword.internal.WebUIKeywordMain.stepFailed(WebUIKeywordMain.groovy:64)
	at com.kms.katalon.core.webui.keyword.internal.WebUIKeywordMain.runKeyword(WebUIKeywordMain.groovy:26)
	at com.kms.katalon.core.webui.keyword.builtin.ClickKeyword.click(ClickKeyword.groovy:74)
	at com.kms.katalon.core.webui.keyword.builtin.ClickKeyword.execute(ClickKeyword.groovy:40)
	at com.kms.katalon.core.keyword.internal.KeywordExecutor.executeKeywordForPlatform(KeywordExecutor.groovy:74)
	at com.kms.katalon.core.webui.keyword.WebUiBuiltInKeywords.click(WebUiBuiltInKeywords.groovy:620)
	at com.kms.katalon.core.webui.keyword.WebUiBuiltInKeywords$click$5.call(Unknown Source)
	at 9.1.1-Crear_un_periodo_de_evaluación.run(9.1.1-Crear_un_periodo_de_evaluación:27)
	at com.kms.katalon.core.main.ScriptEngine.run(ScriptEngine.java:194)
	at com.kms.katalon.core.main.ScriptEngine.runScriptAsRawText(ScriptEngine.java:119)
	at com.kms.katalon.core.main.TestCaseExecutor.runScript(TestCaseExecutor.java:442)
	at com.kms.katalon.core.main.TestCaseExecutor.doExecute(TestCaseExecutor.java:433)
	at com.kms.katalon.core.main.TestCaseExecutor.processExecutionPhase(TestCaseExecutor.java:412)
	at com.kms.katalon.core.main.TestCaseExecutor.accessMainPhase(TestCaseExecutor.java:404)
	at com.kms.katalon.core.main.TestCaseExecutor.execute(TestCaseExecutor.java:281)
	at com.kms.katalon.core.main.TestSuiteExecutor.accessTestCaseMainPhase(TestSuiteExecutor.java:202)
	at com.kms.katalon.core.main.TestSuiteExecutor.accessTestSuiteMainPhase(TestSuiteExecutor.java:164)
	at com.kms.katalon.core.main.TestSuiteExecutor.execute(TestSuiteExecutor.java:105)
	at com.kms.katalon.core.main.TestCaseMain.startTestSuite(TestCaseMain.java:185)
	at com.kms.katalon.core.main.TestCaseMain$startTestSuite$0.call(Unknown Source)
	at TempTestSuite1645563389265.run(TempTestSuite1645563389265.groovy:36)
Caused by: com.kms.katalon.core.webui.exception.WebElementNotFoundException: Web element with id: 'Object Repository/Modulo Pruebas Evaluaciones/Crear_un_periodo_de_evaluación/td_Pruebas katalon' located by '//*/text()[normalize-space(.)='Pruebas katalon']/parent::*' not found
	at com.kms.katalon.core.webui.common.WebUiCommonHelper.findWebElement(WebUiCommonHelper.java:1370)
	at com.kms.katalon.core.webui.keyword.internal.WebUIAbstractKeyword.findWebElement(WebUIAbstractKeyword.groovy:27)
	at com.kms.katalon.core.webui.keyword.builtin.ClickKeyword$_click_closure1.doCall(ClickKeyword.groovy:65)
	at com.kms.katalon.core.webui.keyword.builtin.ClickKeyword$_click_closure1.call(ClickKeyword.groovy)
	at com.kms.katalon.core.webui.keyword.internal.WebUIKeywordMain.runKeyword(WebUIKeywordMain.groovy:20)
	... 19 more]]></system-err>
   </testsuite>
</testsuites>
