<?xml version="1.0" encoding="UTF-8"?>
<testsuites name="8-Pruebas_Auditoria" time="133.015" tests="5" failures="0" errors="0">
   <testsuite name="8-Pruebas_Auditoria" tests="5" failures="0" errors="0" time="133.015" skipped="0" timestamp="2022-02-22 15:52:28" hostname="diego.rojas - US-AF-000371" id="Test Suites/8-Pruebas_Auditoria">
      <properties>
         <property name="deviceName" value=""/>
         <property name="devicePlatform" value=""/>
         <property name="logFolder" value="C:\\Users\\diego.rojas\\git\\Pruebas-Minimas\\Reports\\20220222_155221\\8-Pruebas_Auditoria\\20220222_155221"/>
         <property name="logFiles" value="C:\\Users\\diego.rojas\\git\\Pruebas-Minimas\\Reports\\20220222_155221\\8-Pruebas_Auditoria\\20220222_155221\\execution0.log"/>
         <property name="attachments" value=""/>
         <property name="hostName" value="diego.rojas - US-AF-000371"/>
         <property name="os" value="Windows 10 64bit"/>
         <property name="katalonVersion" value="8.2.5.208"/>
         <property name="browser" value="Chrome 98.0.4758.102"/>
         <property name="hostAddress" value="192.168.56.1"/>
         <property name="sessionId" value="240344a49ba2dcc8c34e11f5c46ce1e6"/>
         <property name="seleniumVersion" value="3.141.59"/>
         <property name="proxyInformation" value="ProxyInformation { proxyOption=NO_PROXY, proxyServerType=HTTP, username=, password=********, proxyServerAddress=, proxyServerPort=0, executionList=&quot;&quot;, isApplyToDesiredCapabilities=true }"/>
         <property name="platform" value="Windows 10"/>
      </properties>
      <testcase name="Test Cases/8.1-Pruebas_Auditoria/8.1.1-Seguimiento_a_objeto_Succeso_Adicion" time="19.325" classname="Test Cases/8.1-Pruebas_Auditoria/8.1.1-Seguimiento_a_objeto_Succeso_Adicion" status="PASSED">
         <system-out><![CDATA[2022-02-22 15:52:28 - [TEST_CASE][PASSED] - Test Cases/8.1-Pruebas_Auditoria/8.1.1-Seguimiento_a_objeto_Succeso_Adicion: Test Cases/8.1-Pruebas_Auditoria/8.1.1-Seguimiento_a_objeto_Succeso_Adicion

2022-02-22 15:52:29 - [TEST_STEP][PASSED] - callTestCase(findTestCase("Utilidades-(atajos_para _tareas)/Modulos/Modulo Auditoria"), [:], STOP_ON_FAILURE): Call Test Case 'Test Cases/Utilidades-(atajos_para _tareas)/Modulos/Modulo Auditoria' successfully

2022-02-22 15:52:29 - [TEST_CASE][PASSED] - Test Cases/Utilidades-(atajos_para _tareas)/Modulos/Modulo Auditoria: Test Cases/Utilidades-(atajos_para _tareas)/Modulos/Modulo Auditoria

2022-02-22 15:52:29 - [TEST_STEP][PASSED] - callTestCase(findTestCase("0.1-Login"), [:], STOP_ON_FAILURE): Call Test Case 'Test Cases/0.1-Login' successfully

2022-02-22 15:52:29 - [TEST_CASE][PASSED] - Test Cases/0.1-Login: Test Cases/0.1-Login

2022-02-22 15:52:30 - [TEST_STEP][PASSED] - openBrowser(""): Browser is opened with url: ''

2022-02-22 15:52:30 - [MESSAGE][INFO] - Starting 'Chrome' driver

2022-02-22 15:52:30 - [MESSAGE][INFO] - Action delay is set to 0 milliseconds

2022-02-22 15:52:32 - [MESSAGE][PASSED] - Browser is opened with url: ''

2022-02-22 15:52:32 - [TEST_STEP][PASSED] - maximizeWindow(): Current window maximized

2022-02-22 15:52:32 - [MESSAGE][PASSED] - Current window maximized

2022-02-22 15:52:32 - [TEST_STEP][PASSED] - i = G_Login: null

2022-02-22 15:52:33 - [TEST_STEP][PASSED] - url = new java.net.URL(i): null

2022-02-22 15:52:33 - [TEST_STEP][PASSED] - println("URL: " + url.toString()): null

2022-02-22 15:52:33 - [TEST_STEP][PASSED] - connection = url.openConnection(): null

2022-02-22 15:52:33 - [TEST_STEP][PASSED] - connection.setRequestMethod("GET"): null

2022-02-22 15:52:33 - [TEST_STEP][PASSED] - connection.setReadTimeout(2 * 1000): null

2022-02-22 15:52:33 - [TEST_STEP][PASSED] - try: null

2022-02-22 15:52:33 - [TEST_STEP][PASSED] - connection.connect(): null

2022-02-22 15:52:33 - [TEST_STEP][PASSED] - flag = connected: null

2022-02-22 15:52:33 - [TEST_STEP][PASSED] - println("Valor_ori: " + flag): null

2022-02-22 15:52:33 - [TEST_STEP][PASSED] - if (flag): null

2022-02-22 15:52:33 - [TEST_STEP][PASSED] - navigateToUrl(i): Navigate to 'http://192.168.2.80:8380/saraweb' successfully

2022-02-22 15:52:34 - [MESSAGE][PASSED] - Navigate to 'http://192.168.2.80:8380/saraweb' successfully

2022-02-22 15:52:34 - [TEST_STEP][PASSED] - a(): null

2022-02-22 15:52:34 - [TEST_STEP][PASSED] - setText(findTestObject("Login/input_USUARIO_loginusuario"), G_Usuario): Text 'saraadmin' is set on object 'Object Repository/Login/input_USUARIO_loginusuario'

2022-02-22 15:52:35 - [MESSAGE][PASSED] - Text 'saraadmin' is set on object 'Object Repository/Login/input_USUARIO_loginusuario'

2022-02-22 15:52:35 - [TEST_STEP][PASSED] - setEncryptedText(findTestObject("Login/input_CLAVE_loginpassword"), "MkG4/TYiCFC3cb2driP7+Q=="): Text ****** has been set on object 'Object Repository/Login/input_CLAVE_loginpassword'

2022-02-22 15:52:35 - [MESSAGE][PASSED] - Text ****** has been set on object 'Object Repository/Login/input_CLAVE_loginpassword'

2022-02-22 15:52:35 - [TEST_STEP][PASSED] - waitForElementClickable(findTestObject("Login/a_Ingresar"), G_TimeOut): Object 'Object Repository/Login/a_Ingresar' is clickable

2022-02-22 15:52:36 - [MESSAGE][PASSED] - Object 'Object Repository/Login/a_Ingresar' is clickable

2022-02-22 15:52:36 - [TEST_STEP][PASSED] - click(findTestObject("Login/a_Ingresar")): Object: 'Object Repository/Login/a_Ingresar' is clicked on

2022-02-22 15:52:38 - [MESSAGE][PASSED] - Object: 'Object Repository/Login/a_Ingresar' is clicked on

2022-02-22 15:52:38 - [TEST_STEP][PASSED] - element = findWebElement(findTestObject("Login/a_Ir"), 30): null

2022-02-22 15:52:39 - [TEST_STEP][PASSED] - executeJavaScript("arguments[0].click()", Arrays.asList(element)): Execute JavaScript 'arguments[0].click()' successfully

2022-02-22 15:52:39 - [MESSAGE][PASSED] - Execute JavaScript 'arguments[0].click()' successfully

2022-02-22 15:52:39 - [MESSAGE][PASSED] - Call Test Case 'Test Cases/0.1-Login' successfully

2022-02-22 15:52:39 - [TEST_STEP][PASSED] - setText(findTestObject("Modulo Auditoria/input_Empresa 1_form_templatej_idt24_input"), "Auditoria"): Text 'Auditoria' is set on object 'Object Repository/Modulo Auditoria/input_Empresa 1_form_templatej_idt24_input'

2022-02-22 15:52:40 - [MESSAGE][PASSED] - Text 'Auditoria' is set on object 'Object Repository/Modulo Auditoria/input_Empresa 1_form_templatej_idt24_input'

2022-02-22 15:52:40 - [TEST_STEP][PASSED] - click(findTestObject("Modulo Auditoria/li_Auditoria (com)")): Object: 'Object Repository/Modulo Auditoria/li_Auditoria (com)' is clicked on

2022-02-22 15:52:41 - [MESSAGE][PASSED] - Object: 'Object Repository/Modulo Auditoria/li_Auditoria (com)' is clicked on

2022-02-22 15:52:41 - [MESSAGE][PASSED] - Call Test Case 'Test Cases/Utilidades-(atajos_para _tareas)/Modulos/Modulo Auditoria' successfully

2022-02-22 15:52:41 - [TEST_STEP][PASSED] - click(findTestObject("Modulo Pruebas Auditoria/Seguimiento_a_objeto_Succeso_Adicion/a_Suceso Adicion")): Object: 'Object Repository/Modulo Pruebas Auditoria/Seguimiento_a_objeto_Succeso_Adicion/a_Suceso Adicion' is clicked on

2022-02-22 15:52:42 - [MESSAGE][PASSED] - Object: 'Object Repository/Modulo Pruebas Auditoria/Seguimiento_a_objeto_Succeso_Adicion/a_Suceso Adicion' is clicked on

2022-02-22 15:52:42 - [TEST_STEP][PASSED] - click(findTestObject("Modulo Pruebas Auditoria/Seguimiento_a_objeto_Succeso_Adicion/td_concepto_con")): Object: 'Object Repository/Modulo Pruebas Auditoria/Seguimiento_a_objeto_Succeso_Adicion/td_concepto_con' is clicked on

2022-02-22 15:52:43 - [MESSAGE][PASSED] - Object: 'Object Repository/Modulo Pruebas Auditoria/Seguimiento_a_objeto_Succeso_Adicion/td_concepto_con' is clicked on

2022-02-22 15:52:43 - [TEST_STEP][PASSED] - click(findTestObject("Modulo Pruebas Auditoria/Seguimiento_a_objeto_Succeso_Adicion/a_Aplicar")): Object: 'Object Repository/Modulo Pruebas Auditoria/Seguimiento_a_objeto_Succeso_Adicion/a_Aplicar' is clicked on

2022-02-22 15:52:44 - [MESSAGE][PASSED] - Object: 'Object Repository/Modulo Pruebas Auditoria/Seguimiento_a_objeto_Succeso_Adicion/a_Aplicar' is clicked on

2022-02-22 15:52:44 - [TEST_STEP][PASSED] - codigo = getText(findTestObject("Modulo Pruebas Auditoria/Seguimiento_a_objeto_Succeso_Adicion/td_123456")): Text of object 'Object Repository/Modulo Pruebas Auditoria/Seguimiento_a_objeto_Succeso_Adicion/td_123456' is: '123456'

2022-02-22 15:52:45 - [MESSAGE][PASSED] - Text of object 'Object Repository/Modulo Pruebas Auditoria/Seguimiento_a_objeto_Succeso_Adicion/td_123456' is: '123456'

2022-02-22 15:52:45 - [TEST_STEP][PASSED] - setText(findTestObject("Modulo Pruebas Auditoria/Seguimiento_a_objeto_Succeso_Adicion/input_codigo_form_sucesoadiciontablaFiltros0j_idt234"), codigo): Text '123456' is set on object 'Object Repository/Modulo Pruebas Auditoria/Seguimiento_a_objeto_Succeso_Adicion/input_codigo_form_sucesoadiciontablaFiltros0j_idt234'

2022-02-22 15:52:45 - [MESSAGE][PASSED] - Text '123456' is set on object 'Object Repository/Modulo Pruebas Auditoria/Seguimiento_a_objeto_Succeso_Adicion/input_codigo_form_sucesoadiciontablaFiltros0j_idt234'

2022-02-22 15:52:45 - [TEST_STEP][PASSED] - click(findTestObject("Modulo Pruebas Auditoria/Seguimiento_a_objeto_Succeso_Adicion/a_Aplicar")): Object: 'Object Repository/Modulo Pruebas Auditoria/Seguimiento_a_objeto_Succeso_Adicion/a_Aplicar' is clicked on

2022-02-22 15:52:46 - [MESSAGE][PASSED] - Object: 'Object Repository/Modulo Pruebas Auditoria/Seguimiento_a_objeto_Succeso_Adicion/a_Aplicar' is clicked on

2022-02-22 15:52:46 - [TEST_STEP][PASSED] - codigoR = getText(findTestObject("Modulo Pruebas Auditoria/Seguimiento_a_objeto_Succeso_Adicion/td_123456")): Text of object 'Object Repository/Modulo Pruebas Auditoria/Seguimiento_a_objeto_Succeso_Adicion/td_123456' is: '123456'

2022-02-22 15:52:47 - [MESSAGE][PASSED] - Text of object 'Object Repository/Modulo Pruebas Auditoria/Seguimiento_a_objeto_Succeso_Adicion/td_123456' is: '123456'

2022-02-22 15:52:47 - [TEST_STEP][PASSED] - if (codigo == codigoR): Browser is closed

2022-02-22 15:52:47 - [TEST_STEP][PASSED] - closeBrowser(): Browser is closed

2022-02-22 15:52:48 - [MESSAGE][PASSED] - Browser is closed]]></system-out>
         <system-err><![CDATA[]]></system-err>
      </testcase>
      <testcase name="Test Cases/8.1-Pruebas_Auditoria/8.1.2-Seguimiento_a_objeto_Succeso_Actualización" time="16.828" classname="Test Cases/8.1-Pruebas_Auditoria/8.1.2-Seguimiento_a_objeto_Succeso_Actualización" status="PASSED">
         <system-out><![CDATA[2022-02-22 15:52:48 - [TEST_CASE][PASSED] - Test Cases/8.1-Pruebas_Auditoria/8.1.2-Seguimiento_a_objeto_Succeso_Actualización: Test Cases/8.1-Pruebas_Auditoria/8.1.2-Seguimiento_a_objeto_Succeso_Actualización

2022-02-22 15:52:48 - [TEST_STEP][PASSED] - callTestCase(findTestCase("Utilidades-(atajos_para _tareas)/Modulos/Modulo Auditoria"), [:], STOP_ON_FAILURE): Call Test Case 'Test Cases/Utilidades-(atajos_para _tareas)/Modulos/Modulo Auditoria' successfully

2022-02-22 15:52:48 - [TEST_CASE][PASSED] - Test Cases/Utilidades-(atajos_para _tareas)/Modulos/Modulo Auditoria: Test Cases/Utilidades-(atajos_para _tareas)/Modulos/Modulo Auditoria

2022-02-22 15:52:48 - [TEST_STEP][PASSED] - callTestCase(findTestCase("0.1-Login"), [:], STOP_ON_FAILURE): Call Test Case 'Test Cases/0.1-Login' successfully

2022-02-22 15:52:48 - [TEST_CASE][PASSED] - Test Cases/0.1-Login: Test Cases/0.1-Login

2022-02-22 15:52:48 - [TEST_STEP][PASSED] - openBrowser(""): Browser is opened with url: ''

2022-02-22 15:52:48 - [MESSAGE][INFO] - Starting 'Chrome' driver

2022-02-22 15:52:48 - [MESSAGE][INFO] - Action delay is set to 0 milliseconds

2022-02-22 15:52:49 - [MESSAGE][PASSED] - Browser is opened with url: ''

2022-02-22 15:52:49 - [TEST_STEP][PASSED] - maximizeWindow(): Current window maximized

2022-02-22 15:52:50 - [MESSAGE][PASSED] - Current window maximized

2022-02-22 15:52:50 - [TEST_STEP][PASSED] - i = G_Login: null

2022-02-22 15:52:50 - [TEST_STEP][PASSED] - url = new java.net.URL(i): null

2022-02-22 15:52:50 - [TEST_STEP][PASSED] - println("URL: " + url.toString()): null

2022-02-22 15:52:50 - [TEST_STEP][PASSED] - connection = url.openConnection(): null

2022-02-22 15:52:50 - [TEST_STEP][PASSED] - connection.setRequestMethod("GET"): null

2022-02-22 15:52:50 - [TEST_STEP][PASSED] - connection.setReadTimeout(2 * 1000): null

2022-02-22 15:52:50 - [TEST_STEP][PASSED] - try: null

2022-02-22 15:52:50 - [TEST_STEP][PASSED] - connection.connect(): null

2022-02-22 15:52:50 - [TEST_STEP][PASSED] - flag = connected: null

2022-02-22 15:52:50 - [TEST_STEP][PASSED] - println("Valor_ori: " + flag): null

2022-02-22 15:52:50 - [TEST_STEP][PASSED] - if (flag): null

2022-02-22 15:52:50 - [TEST_STEP][PASSED] - navigateToUrl(i): Navigate to 'http://192.168.2.80:8380/saraweb' successfully

2022-02-22 15:52:50 - [MESSAGE][PASSED] - Navigate to 'http://192.168.2.80:8380/saraweb' successfully

2022-02-22 15:52:50 - [TEST_STEP][PASSED] - a(): null

2022-02-22 15:52:50 - [TEST_STEP][PASSED] - setText(findTestObject("Login/input_USUARIO_loginusuario"), G_Usuario): Text 'saraadmin' is set on object 'Object Repository/Login/input_USUARIO_loginusuario'

2022-02-22 15:52:51 - [MESSAGE][PASSED] - Text 'saraadmin' is set on object 'Object Repository/Login/input_USUARIO_loginusuario'

2022-02-22 15:52:51 - [TEST_STEP][PASSED] - setEncryptedText(findTestObject("Login/input_CLAVE_loginpassword"), "MkG4/TYiCFC3cb2driP7+Q=="): Text ****** has been set on object 'Object Repository/Login/input_CLAVE_loginpassword'

2022-02-22 15:52:51 - [MESSAGE][PASSED] - Text ****** has been set on object 'Object Repository/Login/input_CLAVE_loginpassword'

2022-02-22 15:52:51 - [TEST_STEP][PASSED] - waitForElementClickable(findTestObject("Login/a_Ingresar"), G_TimeOut): Object 'Object Repository/Login/a_Ingresar' is clickable

2022-02-22 15:52:52 - [MESSAGE][PASSED] - Object 'Object Repository/Login/a_Ingresar' is clickable

2022-02-22 15:52:52 - [TEST_STEP][PASSED] - click(findTestObject("Login/a_Ingresar")): Object: 'Object Repository/Login/a_Ingresar' is clicked on

2022-02-22 15:52:53 - [MESSAGE][PASSED] - Object: 'Object Repository/Login/a_Ingresar' is clicked on

2022-02-22 15:52:53 - [TEST_STEP][PASSED] - element = findWebElement(findTestObject("Login/a_Ir"), 30): null

2022-02-22 15:52:53 - [TEST_STEP][PASSED] - executeJavaScript("arguments[0].click()", Arrays.asList(element)): Execute JavaScript 'arguments[0].click()' successfully

2022-02-22 15:52:53 - [MESSAGE][PASSED] - Execute JavaScript 'arguments[0].click()' successfully

2022-02-22 15:52:53 - [MESSAGE][PASSED] - Call Test Case 'Test Cases/0.1-Login' successfully

2022-02-22 15:52:53 - [TEST_STEP][PASSED] - setText(findTestObject("Modulo Auditoria/input_Empresa 1_form_templatej_idt24_input"), "Auditoria"): Text 'Auditoria' is set on object 'Object Repository/Modulo Auditoria/input_Empresa 1_form_templatej_idt24_input'

2022-02-22 15:52:54 - [MESSAGE][PASSED] - Text 'Auditoria' is set on object 'Object Repository/Modulo Auditoria/input_Empresa 1_form_templatej_idt24_input'

2022-02-22 15:52:54 - [TEST_STEP][PASSED] - click(findTestObject("Modulo Auditoria/li_Auditoria (com)")): Object: 'Object Repository/Modulo Auditoria/li_Auditoria (com)' is clicked on

2022-02-22 15:52:56 - [MESSAGE][PASSED] - Object: 'Object Repository/Modulo Auditoria/li_Auditoria (com)' is clicked on

2022-02-22 15:52:56 - [MESSAGE][PASSED] - Call Test Case 'Test Cases/Utilidades-(atajos_para _tareas)/Modulos/Modulo Auditoria' successfully

2022-02-22 15:52:56 - [TEST_STEP][PASSED] - click(findTestObject("Modulo Pruebas Auditoria/Seguimiento_a_objeto_Succeso_Actualización/a_Suceso Actualizacin")): Object: 'Object Repository/Modulo Pruebas Auditoria/Seguimiento_a_objeto_Succeso_Actualización/a_Suceso Actualizacin' is clicked on

2022-02-22 15:52:57 - [MESSAGE][PASSED] - Object: 'Object Repository/Modulo Pruebas Auditoria/Seguimiento_a_objeto_Succeso_Actualización/a_Suceso Actualizacin' is clicked on

2022-02-22 15:52:57 - [TEST_STEP][PASSED] - setText(findTestObject("Modulo Pruebas Auditoria/Seguimiento_a_objeto_Succeso_Actualización/input_Fecha Inicial_form_visorj_idt253fechaInicial_input"), "10/12/2018 10:34:00"): Text '10/12/2018 10:34:00' is set on object 'Object Repository/Modulo Pruebas Auditoria/Seguimiento_a_objeto_Succeso_Actualización/input_Fecha Inicial_form_visorj_idt253fechaInicial_input'

2022-02-22 15:52:58 - [MESSAGE][PASSED] - Text '10/12/2018 10:34:00' is set on object 'Object Repository/Modulo Pruebas Auditoria/Seguimiento_a_objeto_Succeso_Actualización/input_Fecha Inicial_form_visorj_idt253fechaInicial_input'

2022-02-22 15:52:58 - [TEST_STEP][PASSED] - setText(findTestObject("Modulo Pruebas Auditoria/Seguimiento_a_objeto_Succeso_Actualización/input_Fecha Final_form_visorj_idt253fechaFinal_input"), "10/12/2018 10:35:00"): Text '10/12/2018 10:35:00' is set on object 'Object Repository/Modulo Pruebas Auditoria/Seguimiento_a_objeto_Succeso_Actualización/input_Fecha Final_form_visorj_idt253fechaFinal_input'

2022-02-22 15:53:00 - [MESSAGE][PASSED] - Text '10/12/2018 10:35:00' is set on object 'Object Repository/Modulo Pruebas Auditoria/Seguimiento_a_objeto_Succeso_Actualización/input_Fecha Final_form_visorj_idt253fechaFinal_input'

2022-02-22 15:53:00 - [TEST_STEP][PASSED] - sendKeys(findTestObject("Modulo Pruebas Auditoria/Seguimiento_a_objeto_Succeso_Actualización/input_Fecha Final_form_visorj_idt253fechaFinal_input"), Keys.chord(ENTER)): Keys 'ENTER + ' sent to object: 'Object Repository/Modulo Pruebas Auditoria/Seguimiento_a_objeto_Succeso_Actualización/input_Fecha Final_form_visorj_idt253fechaFinal_input'

2022-02-22 15:53:01 - [MESSAGE][PASSED] - Keys 'ENTER + ' sent to object: 'Object Repository/Modulo Pruebas Auditoria/Seguimiento_a_objeto_Succeso_Actualización/input_Fecha Final_form_visorj_idt253fechaFinal_input'

2022-02-22 15:53:01 - [TEST_STEP][PASSED] - delay(3): Delayed 3 second(s)

2022-02-22 15:53:04 - [MESSAGE][PASSED] - Delayed 3 second(s)

2022-02-22 15:53:04 - [TEST_STEP][PASSED] - closeBrowser(): Browser is closed

2022-02-22 15:53:04 - [MESSAGE][PASSED] - Browser is closed]]></system-out>
         <system-err><![CDATA[]]></system-err>
      </testcase>
      <testcase name="Test Cases/8.1-Pruebas_Auditoria/8.1.3-Seguimiento_a_objeto_Succeso_Borrado" time="14.662" classname="Test Cases/8.1-Pruebas_Auditoria/8.1.3-Seguimiento_a_objeto_Succeso_Borrado" status="PASSED">
         <system-out><![CDATA[2022-02-22 15:53:04 - [TEST_CASE][PASSED] - Test Cases/8.1-Pruebas_Auditoria/8.1.3-Seguimiento_a_objeto_Succeso_Borrado: Test Cases/8.1-Pruebas_Auditoria/8.1.3-Seguimiento_a_objeto_Succeso_Borrado

2022-02-22 15:53:05 - [TEST_STEP][PASSED] - callTestCase(findTestCase("Utilidades-(atajos_para _tareas)/Modulos/Modulo Auditoria"), [:], STOP_ON_FAILURE): Call Test Case 'Test Cases/Utilidades-(atajos_para _tareas)/Modulos/Modulo Auditoria' successfully

2022-02-22 15:53:05 - [TEST_CASE][PASSED] - Test Cases/Utilidades-(atajos_para _tareas)/Modulos/Modulo Auditoria: Test Cases/Utilidades-(atajos_para _tareas)/Modulos/Modulo Auditoria

2022-02-22 15:53:05 - [TEST_STEP][PASSED] - callTestCase(findTestCase("0.1-Login"), [:], STOP_ON_FAILURE): Call Test Case 'Test Cases/0.1-Login' successfully

2022-02-22 15:53:05 - [TEST_CASE][PASSED] - Test Cases/0.1-Login: Test Cases/0.1-Login

2022-02-22 15:53:05 - [TEST_STEP][PASSED] - openBrowser(""): Browser is opened with url: ''

2022-02-22 15:53:05 - [MESSAGE][INFO] - Starting 'Chrome' driver

2022-02-22 15:53:05 - [MESSAGE][INFO] - Action delay is set to 0 milliseconds

2022-02-22 15:53:06 - [MESSAGE][PASSED] - Browser is opened with url: ''

2022-02-22 15:53:06 - [TEST_STEP][PASSED] - maximizeWindow(): Current window maximized

2022-02-22 15:53:06 - [MESSAGE][PASSED] - Current window maximized

2022-02-22 15:53:06 - [TEST_STEP][PASSED] - i = G_Login: null

2022-02-22 15:53:06 - [TEST_STEP][PASSED] - url = new java.net.URL(i): null

2022-02-22 15:53:06 - [TEST_STEP][PASSED] - println("URL: " + url.toString()): null

2022-02-22 15:53:06 - [TEST_STEP][PASSED] - connection = url.openConnection(): null

2022-02-22 15:53:06 - [TEST_STEP][PASSED] - connection.setRequestMethod("GET"): null

2022-02-22 15:53:06 - [TEST_STEP][PASSED] - connection.setReadTimeout(2 * 1000): null

2022-02-22 15:53:06 - [TEST_STEP][PASSED] - try: null

2022-02-22 15:53:06 - [TEST_STEP][PASSED] - connection.connect(): null

2022-02-22 15:53:06 - [TEST_STEP][PASSED] - flag = connected: null

2022-02-22 15:53:06 - [TEST_STEP][PASSED] - println("Valor_ori: " + flag): null

2022-02-22 15:53:06 - [TEST_STEP][PASSED] - if (flag): null

2022-02-22 15:53:06 - [TEST_STEP][PASSED] - navigateToUrl(i): Navigate to 'http://192.168.2.80:8380/saraweb' successfully

2022-02-22 15:53:07 - [MESSAGE][PASSED] - Navigate to 'http://192.168.2.80:8380/saraweb' successfully

2022-02-22 15:53:07 - [TEST_STEP][PASSED] - a(): null

2022-02-22 15:53:07 - [TEST_STEP][PASSED] - setText(findTestObject("Login/input_USUARIO_loginusuario"), G_Usuario): Text 'saraadmin' is set on object 'Object Repository/Login/input_USUARIO_loginusuario'

2022-02-22 15:53:08 - [MESSAGE][PASSED] - Text 'saraadmin' is set on object 'Object Repository/Login/input_USUARIO_loginusuario'

2022-02-22 15:53:08 - [TEST_STEP][PASSED] - setEncryptedText(findTestObject("Login/input_CLAVE_loginpassword"), "MkG4/TYiCFC3cb2driP7+Q=="): Text ****** has been set on object 'Object Repository/Login/input_CLAVE_loginpassword'

2022-02-22 15:53:08 - [MESSAGE][PASSED] - Text ****** has been set on object 'Object Repository/Login/input_CLAVE_loginpassword'

2022-02-22 15:53:08 - [TEST_STEP][PASSED] - waitForElementClickable(findTestObject("Login/a_Ingresar"), G_TimeOut): Object 'Object Repository/Login/a_Ingresar' is clickable

2022-02-22 15:53:08 - [MESSAGE][PASSED] - Object 'Object Repository/Login/a_Ingresar' is clickable

2022-02-22 15:53:08 - [TEST_STEP][PASSED] - click(findTestObject("Login/a_Ingresar")): Object: 'Object Repository/Login/a_Ingresar' is clicked on

2022-02-22 15:53:10 - [MESSAGE][PASSED] - Object: 'Object Repository/Login/a_Ingresar' is clicked on

2022-02-22 15:53:10 - [TEST_STEP][PASSED] - element = findWebElement(findTestObject("Login/a_Ir"), 30): null

2022-02-22 15:53:11 - [TEST_STEP][PASSED] - executeJavaScript("arguments[0].click()", Arrays.asList(element)): Execute JavaScript 'arguments[0].click()' successfully

2022-02-22 15:53:11 - [MESSAGE][PASSED] - Execute JavaScript 'arguments[0].click()' successfully

2022-02-22 15:53:11 - [MESSAGE][PASSED] - Call Test Case 'Test Cases/0.1-Login' successfully

2022-02-22 15:53:11 - [TEST_STEP][PASSED] - setText(findTestObject("Modulo Auditoria/input_Empresa 1_form_templatej_idt24_input"), "Auditoria"): Text 'Auditoria' is set on object 'Object Repository/Modulo Auditoria/input_Empresa 1_form_templatej_idt24_input'

2022-02-22 15:53:12 - [MESSAGE][PASSED] - Text 'Auditoria' is set on object 'Object Repository/Modulo Auditoria/input_Empresa 1_form_templatej_idt24_input'

2022-02-22 15:53:12 - [TEST_STEP][PASSED] - click(findTestObject("Modulo Auditoria/li_Auditoria (com)")): Object: 'Object Repository/Modulo Auditoria/li_Auditoria (com)' is clicked on

2022-02-22 15:53:13 - [MESSAGE][PASSED] - Object: 'Object Repository/Modulo Auditoria/li_Auditoria (com)' is clicked on

2022-02-22 15:53:13 - [MESSAGE][PASSED] - Call Test Case 'Test Cases/Utilidades-(atajos_para _tareas)/Modulos/Modulo Auditoria' successfully

2022-02-22 15:53:13 - [TEST_STEP][PASSED] - click(findTestObject("Modulo Pruebas Auditoria/Seguimiento_a_objeto_Succeso_Borrado/a_Suceso Borrado")): Object: 'Object Repository/Modulo Pruebas Auditoria/Seguimiento_a_objeto_Succeso_Borrado/a_Suceso Borrado' is clicked on

2022-02-22 15:53:14 - [MESSAGE][PASSED] - Object: 'Object Repository/Modulo Pruebas Auditoria/Seguimiento_a_objeto_Succeso_Borrado/a_Suceso Borrado' is clicked on

2022-02-22 15:53:14 - [TEST_STEP][PASSED] - setText(findTestObject("Modulo Pruebas Auditoria/Seguimiento_a_objeto_Succeso_Borrado/input_Filtro_form_visorj_idt253j_idt257"), "saraadmin"): Text 'saraadmin' is set on object 'Object Repository/Modulo Pruebas Auditoria/Seguimiento_a_objeto_Succeso_Borrado/input_Filtro_form_visorj_idt253j_idt257'

2022-02-22 15:53:15 - [MESSAGE][PASSED] - Text 'saraadmin' is set on object 'Object Repository/Modulo Pruebas Auditoria/Seguimiento_a_objeto_Succeso_Borrado/input_Filtro_form_visorj_idt253j_idt257'

2022-02-22 15:53:15 - [TEST_STEP][PASSED] - sendKeys(findTestObject("Modulo Pruebas Auditoria/Seguimiento_a_objeto_Succeso_Borrado/input_Filtro_form_visorj_idt253j_idt257"), Keys.chord(ENTER)): Keys 'ENTER + ' sent to object: 'Object Repository/Modulo Pruebas Auditoria/Seguimiento_a_objeto_Succeso_Borrado/input_Filtro_form_visorj_idt253j_idt257'

2022-02-22 15:53:16 - [MESSAGE][PASSED] - Keys 'ENTER + ' sent to object: 'Object Repository/Modulo Pruebas Auditoria/Seguimiento_a_objeto_Succeso_Borrado/input_Filtro_form_visorj_idt253j_idt257'

2022-02-22 15:53:16 - [TEST_STEP][PASSED] - scrollToElement(findTestObject("Modulo Pruebas Auditoria/Seguimiento_a_objeto_Succeso_Borrado/td_06122021 075237"), 0): Scroll to object 'Object Repository/Modulo Pruebas Auditoria/Seguimiento_a_objeto_Succeso_Borrado/td_06122021 075237' successfully

2022-02-22 15:53:16 - [MESSAGE][WARNING] - Timeout '0' is invalid. Using default page load timeout: '30'

2022-02-22 15:53:17 - [MESSAGE][PASSED] - Scroll to object 'Object Repository/Modulo Pruebas Auditoria/Seguimiento_a_objeto_Succeso_Borrado/td_06122021 075237' successfully

2022-02-22 15:53:17 - [TEST_STEP][PASSED] - setText(findTestObject("Modulo Pruebas Auditoria/Seguimiento_a_objeto_Succeso_Borrado/input_Filtro_form_visorj_idt253j_idt257"), "weblogic"): Text 'weblogic' is set on object 'Object Repository/Modulo Pruebas Auditoria/Seguimiento_a_objeto_Succeso_Borrado/input_Filtro_form_visorj_idt253j_idt257'

2022-02-22 15:53:18 - [MESSAGE][PASSED] - Text 'weblogic' is set on object 'Object Repository/Modulo Pruebas Auditoria/Seguimiento_a_objeto_Succeso_Borrado/input_Filtro_form_visorj_idt253j_idt257'

2022-02-22 15:53:18 - [TEST_STEP][PASSED] - sendKeys(findTestObject("Modulo Pruebas Auditoria/Seguimiento_a_objeto_Succeso_Borrado/input_Filtro_form_visorj_idt253j_idt257"), Keys.chord(ENTER)): Keys 'ENTER + ' sent to object: 'Object Repository/Modulo Pruebas Auditoria/Seguimiento_a_objeto_Succeso_Borrado/input_Filtro_form_visorj_idt253j_idt257'

2022-02-22 15:53:18 - [MESSAGE][PASSED] - Keys 'ENTER + ' sent to object: 'Object Repository/Modulo Pruebas Auditoria/Seguimiento_a_objeto_Succeso_Borrado/input_Filtro_form_visorj_idt253j_idt257'

2022-02-22 15:53:18 - [TEST_STEP][PASSED] - scrollToElement(findTestObject("Modulo Pruebas Auditoria/Seguimiento_a_objeto_Succeso_Borrado/td_14012022 093405"), 0): Scroll to object 'Object Repository/Modulo Pruebas Auditoria/Seguimiento_a_objeto_Succeso_Borrado/td_14012022 093405' successfully

2022-02-22 15:53:19 - [MESSAGE][WARNING] - Timeout '0' is invalid. Using default page load timeout: '30'

2022-02-22 15:53:19 - [MESSAGE][PASSED] - Scroll to object 'Object Repository/Modulo Pruebas Auditoria/Seguimiento_a_objeto_Succeso_Borrado/td_14012022 093405' successfully]]></system-out>
         <system-err><![CDATA[]]></system-err>
      </testcase>
      <testcase name="Test Cases/8.1-Pruebas_Auditoria/8.1.4-Seguimiento_a_objeto_Succeso_Acceso" time="60.98" classname="Test Cases/8.1-Pruebas_Auditoria/8.1.4-Seguimiento_a_objeto_Succeso_Acceso" status="PASSED">
         <system-out><![CDATA[2022-02-22 15:53:19 - [TEST_CASE][PASSED] - Test Cases/8.1-Pruebas_Auditoria/8.1.4-Seguimiento_a_objeto_Succeso_Acceso: Test Cases/8.1-Pruebas_Auditoria/8.1.4-Seguimiento_a_objeto_Succeso_Acceso

2022-02-22 15:53:19 - [TEST_STEP][PASSED] - callTestCase(findTestCase("Utilidades-(atajos_para _tareas)/Modulos/Modulo Auditoria"), [:], STOP_ON_FAILURE): Call Test Case 'Test Cases/Utilidades-(atajos_para _tareas)/Modulos/Modulo Auditoria' successfully

2022-02-22 15:53:20 - [TEST_CASE][PASSED] - Test Cases/Utilidades-(atajos_para _tareas)/Modulos/Modulo Auditoria: Test Cases/Utilidades-(atajos_para _tareas)/Modulos/Modulo Auditoria

2022-02-22 15:53:20 - [TEST_STEP][PASSED] - callTestCase(findTestCase("0.1-Login"), [:], STOP_ON_FAILURE): Call Test Case 'Test Cases/0.1-Login' successfully

2022-02-22 15:53:20 - [TEST_CASE][PASSED] - Test Cases/0.1-Login: Test Cases/0.1-Login

2022-02-22 15:53:20 - [TEST_STEP][PASSED] - openBrowser(""): Browser is opened with url: ''

2022-02-22 15:53:20 - [MESSAGE][WARNING] - A browser is already opened. Closing browser and opening a new one

2022-02-22 15:53:20 - [MESSAGE][INFO] - Starting 'Chrome' driver

2022-02-22 15:53:20 - [MESSAGE][INFO] - Action delay is set to 0 milliseconds

2022-02-22 15:53:22 - [MESSAGE][PASSED] - Browser is opened with url: ''

2022-02-22 15:53:22 - [TEST_STEP][PASSED] - maximizeWindow(): Current window maximized

2022-02-22 15:53:22 - [MESSAGE][PASSED] - Current window maximized

2022-02-22 15:53:22 - [TEST_STEP][PASSED] - i = G_Login: null

2022-02-22 15:53:22 - [TEST_STEP][PASSED] - url = new java.net.URL(i): null

2022-02-22 15:53:22 - [TEST_STEP][PASSED] - println("URL: " + url.toString()): null

2022-02-22 15:53:22 - [TEST_STEP][PASSED] - connection = url.openConnection(): null

2022-02-22 15:53:22 - [TEST_STEP][PASSED] - connection.setRequestMethod("GET"): null

2022-02-22 15:53:22 - [TEST_STEP][PASSED] - connection.setReadTimeout(2 * 1000): null

2022-02-22 15:53:22 - [TEST_STEP][PASSED] - try: null

2022-02-22 15:53:22 - [TEST_STEP][PASSED] - connection.connect(): null

2022-02-22 15:53:22 - [TEST_STEP][PASSED] - flag = connected: null

2022-02-22 15:53:22 - [TEST_STEP][PASSED] - println("Valor_ori: " + flag): null

2022-02-22 15:53:22 - [TEST_STEP][PASSED] - if (flag): null

2022-02-22 15:53:22 - [TEST_STEP][PASSED] - navigateToUrl(i): Navigate to 'http://192.168.2.80:8380/saraweb' successfully

2022-02-22 15:53:22 - [MESSAGE][PASSED] - Navigate to 'http://192.168.2.80:8380/saraweb' successfully

2022-02-22 15:53:22 - [TEST_STEP][PASSED] - a(): null

2022-02-22 15:53:22 - [TEST_STEP][PASSED] - setText(findTestObject("Login/input_USUARIO_loginusuario"), G_Usuario): Text 'saraadmin' is set on object 'Object Repository/Login/input_USUARIO_loginusuario'

2022-02-22 15:53:23 - [MESSAGE][PASSED] - Text 'saraadmin' is set on object 'Object Repository/Login/input_USUARIO_loginusuario'

2022-02-22 15:53:23 - [TEST_STEP][PASSED] - setEncryptedText(findTestObject("Login/input_CLAVE_loginpassword"), "MkG4/TYiCFC3cb2driP7+Q=="): Text ****** has been set on object 'Object Repository/Login/input_CLAVE_loginpassword'

2022-02-22 15:53:24 - [MESSAGE][PASSED] - Text ****** has been set on object 'Object Repository/Login/input_CLAVE_loginpassword'

2022-02-22 15:53:24 - [TEST_STEP][PASSED] - waitForElementClickable(findTestObject("Login/a_Ingresar"), G_TimeOut): Object 'Object Repository/Login/a_Ingresar' is clickable

2022-02-22 15:53:24 - [MESSAGE][PASSED] - Object 'Object Repository/Login/a_Ingresar' is clickable

2022-02-22 15:53:24 - [TEST_STEP][PASSED] - click(findTestObject("Login/a_Ingresar")): Object: 'Object Repository/Login/a_Ingresar' is clicked on

2022-02-22 15:53:26 - [MESSAGE][PASSED] - Object: 'Object Repository/Login/a_Ingresar' is clicked on

2022-02-22 15:53:26 - [TEST_STEP][PASSED] - element = findWebElement(findTestObject("Login/a_Ir"), 30): null

2022-02-22 15:53:27 - [TEST_STEP][PASSED] - executeJavaScript("arguments[0].click()", Arrays.asList(element)): Execute JavaScript 'arguments[0].click()' successfully

2022-02-22 15:53:27 - [MESSAGE][PASSED] - Execute JavaScript 'arguments[0].click()' successfully

2022-02-22 15:53:27 - [MESSAGE][PASSED] - Call Test Case 'Test Cases/0.1-Login' successfully

2022-02-22 15:53:27 - [TEST_STEP][PASSED] - setText(findTestObject("Modulo Auditoria/input_Empresa 1_form_templatej_idt24_input"), "Auditoria"): Text 'Auditoria' is set on object 'Object Repository/Modulo Auditoria/input_Empresa 1_form_templatej_idt24_input'

2022-02-22 15:53:28 - [MESSAGE][PASSED] - Text 'Auditoria' is set on object 'Object Repository/Modulo Auditoria/input_Empresa 1_form_templatej_idt24_input'

2022-02-22 15:53:28 - [TEST_STEP][PASSED] - click(findTestObject("Modulo Auditoria/li_Auditoria (com)")): Object: 'Object Repository/Modulo Auditoria/li_Auditoria (com)' is clicked on

2022-02-22 15:53:29 - [MESSAGE][PASSED] - Object: 'Object Repository/Modulo Auditoria/li_Auditoria (com)' is clicked on

2022-02-22 15:53:29 - [MESSAGE][PASSED] - Call Test Case 'Test Cases/Utilidades-(atajos_para _tareas)/Modulos/Modulo Auditoria' successfully

2022-02-22 15:53:29 - [TEST_STEP][PASSED] - click(findTestObject("Modulo Pruebas Auditoria/Seguimiento_a_objeto_Succeso_Acceso/a_Suceso Acceso")): Object: 'Object Repository/Modulo Pruebas Auditoria/Seguimiento_a_objeto_Succeso_Acceso/a_Suceso Acceso' is clicked on

2022-02-22 15:53:30 - [MESSAGE][PASSED] - Object: 'Object Repository/Modulo Pruebas Auditoria/Seguimiento_a_objeto_Succeso_Acceso/a_Suceso Acceso' is clicked on

2022-02-22 15:53:30 - [TEST_STEP][PASSED] - setText(findTestObject("Modulo Pruebas Auditoria/Seguimiento_a_objeto_Succeso_Acceso/input_Vista Suceso Acceso Sistema_form_visorj_idt253j_idt306"), "saraadmin"): Text 'saraadmin' is set on object 'Object Repository/Modulo Pruebas Auditoria/Seguimiento_a_objeto_Succeso_Acceso/input_Vista Suceso Acceso Sistema_form_visorj_idt253j_idt306'

2022-02-22 15:53:32 - [MESSAGE][PASSED] - Text 'saraadmin' is set on object 'Object Repository/Modulo Pruebas Auditoria/Seguimiento_a_objeto_Succeso_Acceso/input_Vista Suceso Acceso Sistema_form_visorj_idt253j_idt306'

2022-02-22 15:53:32 - [TEST_STEP][PASSED] - waitForElementVisible(findTestObject("Modulo Pruebas Auditoria/Seguimiento_a_objeto_Succeso_Acceso/td_18012022 092902"), 0): Web element with id: 'Object Repository/Modulo Pruebas Auditoria/Seguimiento_a_objeto_Succeso_Acceso/td_18012022 092902' located by '//*/text()[normalize-space(.)='18/01/2022 09:29:02']/parent::*' not found

2022-02-22 15:53:32 - [MESSAGE][WARNING] - Timeout '0' is invalid. Using default page load timeout: '30'

2022-02-22 15:54:03 - [MESSAGE][INFO] - Unable to find the element located by 'By.xpath: //*/text()[normalize-space(.)='18/01/2022 09:29:02']/parent::*'. Please recheck the objects properties to make sure the desired element is located. 

2022-02-22 15:54:03 - [MESSAGE][WARNING] - Web element with id: 'Object Repository/Modulo Pruebas Auditoria/Seguimiento_a_objeto_Succeso_Acceso/td_18012022 092902' located by '//*/text()[normalize-space(.)='18/01/2022 09:29:02']/parent::*' not found

2022-02-22 15:54:03 - [TEST_STEP][PASSED] - click(findTestObject("Modulo Pruebas Auditoria/Seguimiento_a_objeto_Succeso_Acceso/div_Fecha_ui-chkbox-box ui-widget ui-corner-all ui-state-default ui-state-hover")): Object: 'Object Repository/Modulo Pruebas Auditoria/Seguimiento_a_objeto_Succeso_Acceso/div_Fecha_ui-chkbox-box ui-widget ui-corner-all ui-state-default ui-state-hover' is clicked on

2022-02-22 15:54:04 - [MESSAGE][PASSED] - Object: 'Object Repository/Modulo Pruebas Auditoria/Seguimiento_a_objeto_Succeso_Acceso/div_Fecha_ui-chkbox-box ui-widget ui-corner-all ui-state-default ui-state-hover' is clicked on

2022-02-22 15:54:04 - [TEST_STEP][PASSED] - click(findTestObject("Modulo Pruebas Auditoria/Seguimiento_a_objeto_Succeso_Acceso/img_csv")): Object: 'Object Repository/Modulo Pruebas Auditoria/Seguimiento_a_objeto_Succeso_Acceso/img_csv' is clicked on

2022-02-22 15:54:06 - [MESSAGE][PASSED] - Object: 'Object Repository/Modulo Pruebas Auditoria/Seguimiento_a_objeto_Succeso_Acceso/img_csv' is clicked on

2022-02-22 15:54:06 - [TEST_STEP][PASSED] - click(findTestObject("Modulo Pruebas Auditoria/Seguimiento_a_objeto_Succeso_Acceso/img_PDF")): Object: 'Object Repository/Modulo Pruebas Auditoria/Seguimiento_a_objeto_Succeso_Acceso/img_PDF' is clicked on

2022-02-22 15:54:08 - [MESSAGE][PASSED] - Object: 'Object Repository/Modulo Pruebas Auditoria/Seguimiento_a_objeto_Succeso_Acceso/img_PDF' is clicked on

2022-02-22 15:54:08 - [TEST_STEP][PASSED] - click(findTestObject("Modulo Pruebas Auditoria/Seguimiento_a_objeto_Succeso_Acceso/img_xls")): Object: 'Object Repository/Modulo Pruebas Auditoria/Seguimiento_a_objeto_Succeso_Acceso/img_xls' is clicked on

2022-02-22 15:54:13 - [MESSAGE][PASSED] - Object: 'Object Repository/Modulo Pruebas Auditoria/Seguimiento_a_objeto_Succeso_Acceso/img_xls' is clicked on

2022-02-22 15:54:13 - [TEST_STEP][PASSED] - setText(findTestObject("Modulo Pruebas Auditoria/Seguimiento_a_objeto_Succeso_Acceso/input_Vista Suceso Acceso Sistema_form_visorj_idt253j_idt306"), "weblogic"): Text 'weblogic' is set on object 'Object Repository/Modulo Pruebas Auditoria/Seguimiento_a_objeto_Succeso_Acceso/input_Vista Suceso Acceso Sistema_form_visorj_idt253j_idt306'

2022-02-22 15:54:14 - [MESSAGE][PASSED] - Text 'weblogic' is set on object 'Object Repository/Modulo Pruebas Auditoria/Seguimiento_a_objeto_Succeso_Acceso/input_Vista Suceso Acceso Sistema_form_visorj_idt253j_idt306'

2022-02-22 15:54:14 - [TEST_STEP][PASSED] - sendKeys(findTestObject("Modulo Pruebas Auditoria/Seguimiento_a_objeto_Succeso_Acceso/input_Vista Suceso Acceso Sistema_form_visorj_idt253j_idt306"), Keys.chord(ENTER)): Keys 'ENTER + ' sent to object: 'Object Repository/Modulo Pruebas Auditoria/Seguimiento_a_objeto_Succeso_Acceso/input_Vista Suceso Acceso Sistema_form_visorj_idt253j_idt306'

2022-02-22 15:54:15 - [MESSAGE][PASSED] - Keys 'ENTER + ' sent to object: 'Object Repository/Modulo Pruebas Auditoria/Seguimiento_a_objeto_Succeso_Acceso/input_Vista Suceso Acceso Sistema_form_visorj_idt253j_idt306'

2022-02-22 15:54:15 - [TEST_STEP][PASSED] - waitForElementVisible(findTestObject("Modulo Pruebas Auditoria/Seguimiento_a_objeto_Succeso_Acceso/td_17012022 031118"), 0): Object 'Object Repository/Modulo Pruebas Auditoria/Seguimiento_a_objeto_Succeso_Acceso/td_17012022 031118' is visible

2022-02-22 15:54:15 - [MESSAGE][WARNING] - Timeout '0' is invalid. Using default page load timeout: '30'

2022-02-22 15:54:15 - [MESSAGE][PASSED] - Object 'Object Repository/Modulo Pruebas Auditoria/Seguimiento_a_objeto_Succeso_Acceso/td_17012022 031118' is visible

2022-02-22 15:54:15 - [TEST_STEP][PASSED] - click(findTestObject("Modulo Pruebas Auditoria/Seguimiento_a_objeto_Succeso_Acceso/input_Vista Suceso Acceso Sistema_form_visorj_idt253j_idt306")): Object: 'Object Repository/Modulo Pruebas Auditoria/Seguimiento_a_objeto_Succeso_Acceso/input_Vista Suceso Acceso Sistema_form_visorj_idt253j_idt306' is clicked on

2022-02-22 15:54:16 - [MESSAGE][PASSED] - Object: 'Object Repository/Modulo Pruebas Auditoria/Seguimiento_a_objeto_Succeso_Acceso/input_Vista Suceso Acceso Sistema_form_visorj_idt253j_idt306' is clicked on

2022-02-22 15:54:16 - [TEST_STEP][PASSED] - click(findTestObject("Modulo Pruebas Auditoria/Seguimiento_a_objeto_Succeso_Acceso/img_csv")): Object: 'Object Repository/Modulo Pruebas Auditoria/Seguimiento_a_objeto_Succeso_Acceso/img_csv' is clicked on

2022-02-22 15:54:17 - [MESSAGE][PASSED] - Object: 'Object Repository/Modulo Pruebas Auditoria/Seguimiento_a_objeto_Succeso_Acceso/img_csv' is clicked on

2022-02-22 15:54:17 - [TEST_STEP][PASSED] - click(findTestObject("Modulo Pruebas Auditoria/Seguimiento_a_objeto_Succeso_Acceso/img_PDF")): Object: 'Object Repository/Modulo Pruebas Auditoria/Seguimiento_a_objeto_Succeso_Acceso/img_PDF' is clicked on

2022-02-22 15:54:17 - [MESSAGE][PASSED] - Object: 'Object Repository/Modulo Pruebas Auditoria/Seguimiento_a_objeto_Succeso_Acceso/img_PDF' is clicked on

2022-02-22 15:54:17 - [TEST_STEP][PASSED] - click(findTestObject("Modulo Pruebas Auditoria/Seguimiento_a_objeto_Succeso_Acceso/img_xls")): Object: 'Object Repository/Modulo Pruebas Auditoria/Seguimiento_a_objeto_Succeso_Acceso/img_xls' is clicked on

2022-02-22 15:54:18 - [MESSAGE][PASSED] - Object: 'Object Repository/Modulo Pruebas Auditoria/Seguimiento_a_objeto_Succeso_Acceso/img_xls' is clicked on

2022-02-22 15:54:18 - [TEST_STEP][PASSED] - delay(1): Delayed 1 second(s)

2022-02-22 15:54:19 - [MESSAGE][PASSED] - Delayed 1 second(s)

2022-02-22 15:54:19 - [TEST_STEP][PASSED] - closeBrowser(): Browser is closed

2022-02-22 15:54:20 - [MESSAGE][PASSED] - Browser is closed]]></system-out>
         <system-err><![CDATA[]]></system-err>
      </testcase>
      <testcase name="Test Cases/8.1-Pruebas_Auditoria/8.1.5-Seguimiento_a_objeto_Succeso_Petición" time="20.816" classname="Test Cases/8.1-Pruebas_Auditoria/8.1.5-Seguimiento_a_objeto_Succeso_Petición" status="PASSED">
         <system-out><![CDATA[2022-02-22 15:54:20 - [TEST_CASE][PASSED] - Test Cases/8.1-Pruebas_Auditoria/8.1.5-Seguimiento_a_objeto_Succeso_Petición: Test Cases/8.1-Pruebas_Auditoria/8.1.5-Seguimiento_a_objeto_Succeso_Petición

2022-02-22 15:54:20 - [TEST_STEP][PASSED] - callTestCase(findTestCase("Utilidades-(atajos_para _tareas)/Modulos/Modulo Auditoria"), [:], STOP_ON_FAILURE): Call Test Case 'Test Cases/Utilidades-(atajos_para _tareas)/Modulos/Modulo Auditoria' successfully

2022-02-22 15:54:21 - [TEST_CASE][PASSED] - Test Cases/Utilidades-(atajos_para _tareas)/Modulos/Modulo Auditoria: Test Cases/Utilidades-(atajos_para _tareas)/Modulos/Modulo Auditoria

2022-02-22 15:54:21 - [TEST_STEP][PASSED] - callTestCase(findTestCase("0.1-Login"), [:], STOP_ON_FAILURE): Call Test Case 'Test Cases/0.1-Login' successfully

2022-02-22 15:54:21 - [TEST_CASE][PASSED] - Test Cases/0.1-Login: Test Cases/0.1-Login

2022-02-22 15:54:21 - [TEST_STEP][PASSED] - openBrowser(""): Browser is opened with url: ''

2022-02-22 15:54:21 - [MESSAGE][INFO] - Starting 'Chrome' driver

2022-02-22 15:54:21 - [MESSAGE][INFO] - Action delay is set to 0 milliseconds

2022-02-22 15:54:22 - [MESSAGE][PASSED] - Browser is opened with url: ''

2022-02-22 15:54:22 - [TEST_STEP][PASSED] - maximizeWindow(): Current window maximized

2022-02-22 15:54:22 - [MESSAGE][PASSED] - Current window maximized

2022-02-22 15:54:22 - [TEST_STEP][PASSED] - i = G_Login: null

2022-02-22 15:54:22 - [TEST_STEP][PASSED] - url = new java.net.URL(i): null

2022-02-22 15:54:22 - [TEST_STEP][PASSED] - println("URL: " + url.toString()): null

2022-02-22 15:54:22 - [TEST_STEP][PASSED] - connection = url.openConnection(): null

2022-02-22 15:54:22 - [TEST_STEP][PASSED] - connection.setRequestMethod("GET"): null

2022-02-22 15:54:22 - [TEST_STEP][PASSED] - connection.setReadTimeout(2 * 1000): null

2022-02-22 15:54:22 - [TEST_STEP][PASSED] - try: null

2022-02-22 15:54:22 - [TEST_STEP][PASSED] - connection.connect(): null

2022-02-22 15:54:22 - [TEST_STEP][PASSED] - flag = connected: null

2022-02-22 15:54:22 - [TEST_STEP][PASSED] - println("Valor_ori: " + flag): null

2022-02-22 15:54:22 - [TEST_STEP][PASSED] - if (flag): null

2022-02-22 15:54:22 - [TEST_STEP][PASSED] - navigateToUrl(i): Navigate to 'http://192.168.2.80:8380/saraweb' successfully

2022-02-22 15:54:23 - [MESSAGE][PASSED] - Navigate to 'http://192.168.2.80:8380/saraweb' successfully

2022-02-22 15:54:23 - [TEST_STEP][PASSED] - a(): null

2022-02-22 15:54:23 - [TEST_STEP][PASSED] - setText(findTestObject("Login/input_USUARIO_loginusuario"), G_Usuario): Text 'saraadmin' is set on object 'Object Repository/Login/input_USUARIO_loginusuario'

2022-02-22 15:54:24 - [MESSAGE][PASSED] - Text 'saraadmin' is set on object 'Object Repository/Login/input_USUARIO_loginusuario'

2022-02-22 15:54:24 - [TEST_STEP][PASSED] - setEncryptedText(findTestObject("Login/input_CLAVE_loginpassword"), "MkG4/TYiCFC3cb2driP7+Q=="): Text ****** has been set on object 'Object Repository/Login/input_CLAVE_loginpassword'

2022-02-22 15:54:24 - [MESSAGE][PASSED] - Text ****** has been set on object 'Object Repository/Login/input_CLAVE_loginpassword'

2022-02-22 15:54:24 - [TEST_STEP][PASSED] - waitForElementClickable(findTestObject("Login/a_Ingresar"), G_TimeOut): Object 'Object Repository/Login/a_Ingresar' is clickable

2022-02-22 15:54:25 - [MESSAGE][PASSED] - Object 'Object Repository/Login/a_Ingresar' is clickable

2022-02-22 15:54:25 - [TEST_STEP][PASSED] - click(findTestObject("Login/a_Ingresar")): Object: 'Object Repository/Login/a_Ingresar' is clicked on

2022-02-22 15:54:26 - [MESSAGE][PASSED] - Object: 'Object Repository/Login/a_Ingresar' is clicked on

2022-02-22 15:54:26 - [TEST_STEP][PASSED] - element = findWebElement(findTestObject("Login/a_Ir"), 30): null

2022-02-22 15:54:27 - [TEST_STEP][PASSED] - executeJavaScript("arguments[0].click()", Arrays.asList(element)): Execute JavaScript 'arguments[0].click()' successfully

2022-02-22 15:54:27 - [MESSAGE][PASSED] - Execute JavaScript 'arguments[0].click()' successfully

2022-02-22 15:54:27 - [MESSAGE][PASSED] - Call Test Case 'Test Cases/0.1-Login' successfully

2022-02-22 15:54:27 - [TEST_STEP][PASSED] - setText(findTestObject("Modulo Auditoria/input_Empresa 1_form_templatej_idt24_input"), "Auditoria"): Text 'Auditoria' is set on object 'Object Repository/Modulo Auditoria/input_Empresa 1_form_templatej_idt24_input'

2022-02-22 15:54:28 - [MESSAGE][PASSED] - Text 'Auditoria' is set on object 'Object Repository/Modulo Auditoria/input_Empresa 1_form_templatej_idt24_input'

2022-02-22 15:54:28 - [TEST_STEP][PASSED] - click(findTestObject("Modulo Auditoria/li_Auditoria (com)")): Object: 'Object Repository/Modulo Auditoria/li_Auditoria (com)' is clicked on

2022-02-22 15:54:30 - [MESSAGE][PASSED] - Object: 'Object Repository/Modulo Auditoria/li_Auditoria (com)' is clicked on

2022-02-22 15:54:30 - [MESSAGE][PASSED] - Call Test Case 'Test Cases/Utilidades-(atajos_para _tareas)/Modulos/Modulo Auditoria' successfully

2022-02-22 15:54:30 - [TEST_STEP][PASSED] - click(findTestObject("Modulo Pruebas Auditoria/Seguimiento_a_objeto_Succeso_Petición/a_Suceso Peticin"), STOP_ON_FAILURE): Object: 'Object Repository/Modulo Pruebas Auditoria/Seguimiento_a_objeto_Succeso_Petición/a_Suceso Peticin' is clicked on

2022-02-22 15:54:30 - [MESSAGE][PASSED] - Object: 'Object Repository/Modulo Pruebas Auditoria/Seguimiento_a_objeto_Succeso_Petición/a_Suceso Peticin' is clicked on

2022-02-22 15:54:30 - [TEST_STEP][PASSED] - Cedula = getText(findTestObject("Modulo Pruebas Auditoria/Seguimiento_a_objeto_Succeso_Petición/td_712854829")): Text of object 'Object Repository/Modulo Pruebas Auditoria/Seguimiento_a_objeto_Succeso_Petición/td_712854829' is: '471728107'

2022-02-22 15:54:32 - [MESSAGE][PASSED] - Text of object 'Object Repository/Modulo Pruebas Auditoria/Seguimiento_a_objeto_Succeso_Petición/td_712854829' is: '471728107'

2022-02-22 15:54:32 - [TEST_STEP][PASSED] - setText(findTestObject("Modulo Pruebas Auditoria/Seguimiento_a_objeto_Succeso_Petición/input_Vista Suceso Acceso Peticion_form_peticionj_idt337j_idt340"), Cedula): Text '471728107' is set on object 'Object Repository/Modulo Pruebas Auditoria/Seguimiento_a_objeto_Succeso_Petición/input_Vista Suceso Acceso Peticion_form_peticionj_idt337j_idt340'

2022-02-22 15:54:33 - [MESSAGE][PASSED] - Text '471728107' is set on object 'Object Repository/Modulo Pruebas Auditoria/Seguimiento_a_objeto_Succeso_Petición/input_Vista Suceso Acceso Peticion_form_peticionj_idt337j_idt340'

2022-02-22 15:54:33 - [TEST_STEP][PASSED] - sendKeys(findTestObject("Modulo Pruebas Auditoria/Seguimiento_a_objeto_Succeso_Petición/input_Vista Suceso Acceso Peticion_form_peticionj_idt337j_idt340"), Keys.chord(ENTER)): Keys 'ENTER + ' sent to object: 'Object Repository/Modulo Pruebas Auditoria/Seguimiento_a_objeto_Succeso_Petición/input_Vista Suceso Acceso Peticion_form_peticionj_idt337j_idt340'

2022-02-22 15:54:33 - [MESSAGE][PASSED] - Keys 'ENTER + ' sent to object: 'Object Repository/Modulo Pruebas Auditoria/Seguimiento_a_objeto_Succeso_Petición/input_Vista Suceso Acceso Peticion_form_peticionj_idt337j_idt340'

2022-02-22 15:54:33 - [TEST_STEP][PASSED] - delay(1): Delayed 1 second(s)

2022-02-22 15:54:34 - [MESSAGE][PASSED] - Delayed 1 second(s)

2022-02-22 15:54:34 - [TEST_STEP][PASSED] - click(findTestObject("Modulo Pruebas Auditoria/Seguimiento_a_objeto_Succeso_Petición/a_Conexin_btn-limpiar-campo")): Object: 'Object Repository/Modulo Pruebas Auditoria/Seguimiento_a_objeto_Succeso_Petición/a_Conexin_btn-limpiar-campo' is clicked on

2022-02-22 15:54:37 - [MESSAGE][PASSED] - Object: 'Object Repository/Modulo Pruebas Auditoria/Seguimiento_a_objeto_Succeso_Petición/a_Conexin_btn-limpiar-campo' is clicked on

2022-02-22 15:54:37 - [TEST_STEP][PASSED] - Cedula1 = getText(findTestObject("Modulo Pruebas Auditoria/Seguimiento_a_objeto_Succeso_Petición/td_1907626860")): Text of object 'Object Repository/Modulo Pruebas Auditoria/Seguimiento_a_objeto_Succeso_Petición/td_1907626860' is: '1907626860'

2022-02-22 15:54:38 - [MESSAGE][PASSED] - Text of object 'Object Repository/Modulo Pruebas Auditoria/Seguimiento_a_objeto_Succeso_Petición/td_1907626860' is: '1907626860'

2022-02-22 15:54:38 - [TEST_STEP][PASSED] - setText(findTestObject("Modulo Pruebas Auditoria/Seguimiento_a_objeto_Succeso_Petición/input_Vista Suceso Acceso Peticion_form_peticionj_idt337j_idt340"), Cedula1): Text '1907626860' is set on object 'Object Repository/Modulo Pruebas Auditoria/Seguimiento_a_objeto_Succeso_Petición/input_Vista Suceso Acceso Peticion_form_peticionj_idt337j_idt340'

2022-02-22 15:54:39 - [MESSAGE][PASSED] - Text '1907626860' is set on object 'Object Repository/Modulo Pruebas Auditoria/Seguimiento_a_objeto_Succeso_Petición/input_Vista Suceso Acceso Peticion_form_peticionj_idt337j_idt340'

2022-02-22 15:54:39 - [TEST_STEP][PASSED] - sendKeys(findTestObject("Modulo Pruebas Auditoria/Seguimiento_a_objeto_Succeso_Petición/input_Vista Suceso Acceso Peticion_form_peticionj_idt337j_idt340"), Keys.chord(ENTER)): Keys 'ENTER + ' sent to object: 'Object Repository/Modulo Pruebas Auditoria/Seguimiento_a_objeto_Succeso_Petición/input_Vista Suceso Acceso Peticion_form_peticionj_idt337j_idt340'

2022-02-22 15:54:39 - [MESSAGE][PASSED] - Keys 'ENTER + ' sent to object: 'Object Repository/Modulo Pruebas Auditoria/Seguimiento_a_objeto_Succeso_Petición/input_Vista Suceso Acceso Peticion_form_peticionj_idt337j_idt340'

2022-02-22 15:54:39 - [TEST_STEP][PASSED] - delay(1): Delayed 1 second(s)

2022-02-22 15:54:40 - [MESSAGE][PASSED] - Delayed 1 second(s)

2022-02-22 15:54:40 - [TEST_STEP][PASSED] - closeBrowser(): Browser is closed

2022-02-22 15:54:41 - [MESSAGE][PASSED] - Browser is closed]]></system-out>
         <system-err><![CDATA[]]></system-err>
      </testcase>
      <system-out><![CDATA[2022-02-22 15:52:28 - [TEST_SUITE][PASSED] - 8-Pruebas_Auditoria: Test Cases/8.1-Pruebas_Auditoria/8.1.5-Seguimiento_a_objeto_Succeso_Petición]]></system-out>
      <system-err><![CDATA[]]></system-err>
   </testsuite>
</testsuites>
