<?xml version="1.0" encoding="UTF-8"?>
<testsuites name="10-Pruebas_Selección" time="336.972" tests="10" failures="2" errors="0">
   <testsuite name="10-Pruebas_Selección" tests="10" failures="2" errors="0" time="336.972" skipped="0" timestamp="2022-03-22 14:25:29" hostname="diego.rojas - US-AF-000371" id="Test Suites/10-Pruebas_Selección">
      <properties>
         <property name="deviceName" value=""/>
         <property name="devicePlatform" value=""/>
         <property name="logFolder" value="C:\\Users\\diego.rojas\\git\\Pruebas-Minimas\\Reports\\20220322_142522\\10-Pruebas_Selecci\u00F3n\\20220322_142522"/>
         <property name="logFiles" value="C:\\Users\\diego.rojas\\git\\Pruebas-Minimas\\Reports\\20220322_142522\\10-Pruebas_Selecci\u00F3n\\20220322_142522\\execution0.log"/>
         <property name="attachments" value="C:\\Users\\diego.rojas\\git\\Pruebas-Minimas\\Reports\\20220322_142522\\10-Pruebas_Selecci\u00F3n\\20220322_142522\\1647977409062.png, C:\\Users\\diego.rojas\\git\\Pruebas-Minimas\\Reports\\20220322_142522\\10-Pruebas_Selecci\u00F3n\\20220322_142522\\1647977466807.png"/>
         <property name="hostName" value="diego.rojas - US-AF-000371"/>
         <property name="os" value="Windows 10 64bit"/>
         <property name="katalonVersion" value="8.2.5.208"/>
         <property name="browser" value="Chrome 99.0.4844.74"/>
         <property name="hostAddress" value="192.168.56.1"/>
         <property name="sessionId" value="d8c930136a6498c71dbf9b10aa08f654"/>
         <property name="seleniumVersion" value="3.141.59"/>
         <property name="proxyInformation" value="ProxyInformation { proxyOption=NO_PROXY, proxyServerType=HTTP, username=, password=********, proxyServerAddress=, proxyServerPort=0, executionList=&quot;&quot;, isApplyToDesiredCapabilities=true }"/>
         <property name="platform" value="Windows 10"/>
      </properties>
      <testcase name="Test Cases/10.1-Pruebas_Selección/10.1.1-Crear_un_requerimiento_según_motivo_y_formato" time="24.826" classname="Test Cases/10.1-Pruebas_Selección/10.1.1-Crear_un_requerimiento_según_motivo_y_formato" status="PASSED">
         <system-out><![CDATA[2022-03-22 14:25:30 - [TEST_CASE][PASSED] - Test Cases/10.1-Pruebas_Selección/10.1.1-Crear_un_requerimiento_según_motivo_y_formato: Test Cases/10.1-Pruebas_Selección/10.1.1-Crear_un_requerimiento_según_motivo_y_formato

2022-03-22 14:25:30 - [TEST_STEP][PASSED] - callTestCase(findTestCase("0.1-Login"), [:], STOP_ON_FAILURE): Call Test Case 'Test Cases/0.1-Login' successfully

2022-03-22 14:25:30 - [TEST_CASE][PASSED] - Test Cases/0.1-Login: Test Cases/0.1-Login

2022-03-22 14:25:31 - [TEST_STEP][PASSED] - openBrowser(""): Browser is opened with url: ''

2022-03-22 14:25:31 - [MESSAGE][INFO] - Starting 'Chrome' driver

2022-03-22 14:25:31 - [MESSAGE][INFO] - Action delay is set to 0 milliseconds

2022-03-22 14:25:33 - [MESSAGE][PASSED] - Browser is opened with url: ''

2022-03-22 14:25:33 - [TEST_STEP][PASSED] - maximizeWindow(): Current window maximized

2022-03-22 14:25:34 - [MESSAGE][PASSED] - Current window maximized

2022-03-22 14:25:34 - [TEST_STEP][PASSED] - i = G_Login: null

2022-03-22 14:25:34 - [TEST_STEP][PASSED] - url = new java.net.URL(i): null

2022-03-22 14:25:34 - [TEST_STEP][PASSED] - println("URL: " + url.toString()): null

2022-03-22 14:25:34 - [TEST_STEP][PASSED] - connection = url.openConnection(): null

2022-03-22 14:25:34 - [TEST_STEP][PASSED] - connection.setRequestMethod("GET"): null

2022-03-22 14:25:34 - [TEST_STEP][PASSED] - connection.setReadTimeout(2 * 1000): null

2022-03-22 14:25:34 - [TEST_STEP][PASSED] - try: null

2022-03-22 14:25:34 - [TEST_STEP][PASSED] - connection.connect(): null

2022-03-22 14:25:34 - [TEST_STEP][PASSED] - flag = connected: null

2022-03-22 14:25:34 - [TEST_STEP][PASSED] - println("Valor_ori: " + flag): null

2022-03-22 14:25:34 - [TEST_STEP][PASSED] - if (flag): null

2022-03-22 14:25:34 - [TEST_STEP][PASSED] - navigateToUrl(i): Navigate to 'http://192.168.2.19:8380/saraweb' successfully

2022-03-22 14:25:34 - [MESSAGE][PASSED] - Navigate to 'http://192.168.2.19:8380/saraweb' successfully

2022-03-22 14:25:34 - [TEST_STEP][PASSED] - a(): null

2022-03-22 14:25:34 - [TEST_STEP][PASSED] - setText(findTestObject("Login/input_USUARIO_loginusuario"), G_Usuario): Text 'saraadmin' is set on object 'Object Repository/Login/input_USUARIO_loginusuario'

2022-03-22 14:25:35 - [MESSAGE][PASSED] - Text 'saraadmin' is set on object 'Object Repository/Login/input_USUARIO_loginusuario'

2022-03-22 14:25:35 - [TEST_STEP][PASSED] - setEncryptedText(findTestObject("Login/input_CLAVE_loginpassword"), "MkG4/TYiCFC3cb2driP7+Q=="): Text ****** has been set on object 'Object Repository/Login/input_CLAVE_loginpassword'

2022-03-22 14:25:36 - [MESSAGE][PASSED] - Text ****** has been set on object 'Object Repository/Login/input_CLAVE_loginpassword'

2022-03-22 14:25:36 - [TEST_STEP][PASSED] - waitForElementClickable(findTestObject("Login/a_Ingresar"), G_TimeOut): Object 'Object Repository/Login/a_Ingresar' is clickable

2022-03-22 14:25:36 - [MESSAGE][PASSED] - Object 'Object Repository/Login/a_Ingresar' is clickable

2022-03-22 14:25:36 - [TEST_STEP][PASSED] - click(findTestObject("Login/a_Ingresar")): Object: 'Object Repository/Login/a_Ingresar' is clicked on

2022-03-22 14:25:38 - [MESSAGE][PASSED] - Object: 'Object Repository/Login/a_Ingresar' is clicked on

2022-03-22 14:25:38 - [TEST_STEP][PASSED] - element = findWebElement(findTestObject("Login/a_Ir"), 30): null

2022-03-22 14:25:38 - [TEST_STEP][PASSED] - executeJavaScript("arguments[0].click()", Arrays.asList(element)): Execute JavaScript 'arguments[0].click()' successfully

2022-03-22 14:25:38 - [MESSAGE][PASSED] - Execute JavaScript 'arguments[0].click()' successfully

2022-03-22 14:25:38 - [MESSAGE][PASSED] - Call Test Case 'Test Cases/0.1-Login' successfully

2022-03-22 14:25:38 - [TEST_STEP][PASSED] - setText(findTestObject("Modulo Selección/Crear_un_requerimiento_según_motivo_y_formato/input_Empresa 1_form_templatej_idt24_input"), "requerimiento personal"): Text 'requerimiento personal' is set on object 'Object Repository/Modulo Selección/Crear_un_requerimiento_según_motivo_y_formato/input_Empresa 1_form_templatej_idt24_input'

2022-03-22 14:25:40 - [MESSAGE][PASSED] - Text 'requerimiento personal' is set on object 'Object Repository/Modulo Selección/Crear_un_requerimiento_según_motivo_y_formato/input_Empresa 1_form_templatej_idt24_input'

2022-03-22 14:25:40 - [TEST_STEP][PASSED] - click(findTestObject("Modulo Selección/Crear_un_requerimiento_según_motivo_y_formato/span_Requerimiento Personal")): Object: 'Object Repository/Modulo Selección/Crear_un_requerimiento_según_motivo_y_formato/span_Requerimiento Personal' is clicked on

2022-03-22 14:25:41 - [MESSAGE][PASSED] - Object: 'Object Repository/Modulo Selección/Crear_un_requerimiento_según_motivo_y_formato/span_Requerimiento Personal' is clicked on

2022-03-22 14:25:41 - [TEST_STEP][PASSED] - if (waitForElementVisible(findTestObject("Modulo Selección/Crear_un_requerimiento_según_motivo_y_formato/span_PRUEBA"), 1)): Web element with id: 'Object Repository/Modulo Selección/Crear_un_requerimiento_según_motivo_y_formato/span_PRUEBA' located by '//*/text()[normalize-space(.)='PRUEBA']/parent::*' not found

2022-03-22 14:25:43 - [MESSAGE][INFO] - Unable to find the element located by 'By.xpath: //*/text()[normalize-space(.)='PRUEBA']/parent::*'. Please recheck the objects properties to make sure the desired element is located. 

2022-03-22 14:25:43 - [MESSAGE][WARNING] - Web element with id: 'Object Repository/Modulo Selección/Crear_un_requerimiento_según_motivo_y_formato/span_PRUEBA' located by '//*/text()[normalize-space(.)='PRUEBA']/parent::*' not found

2022-03-22 14:25:43 - [TEST_STEP][PASSED] - else: Object: 'Object Repository/Modulo Selección/Crear_un_requerimiento_según_motivo_y_formato/span_PRUEBA' is clicked on

2022-03-22 14:25:43 - [TEST_STEP][PASSED] - click(findTestObject("Modulo Selección/Crear_un_requerimiento_según_motivo_y_formato/a_2")): Object: 'Object Repository/Modulo Selección/Crear_un_requerimiento_según_motivo_y_formato/a_2' is clicked on

2022-03-22 14:25:44 - [MESSAGE][PASSED] - Object: 'Object Repository/Modulo Selección/Crear_un_requerimiento_según_motivo_y_formato/a_2' is clicked on

2022-03-22 14:25:44 - [TEST_STEP][PASSED] - click(findTestObject("Modulo Selección/Crear_un_requerimiento_según_motivo_y_formato/span_PRUEBA")): Object: 'Object Repository/Modulo Selección/Crear_un_requerimiento_según_motivo_y_formato/span_PRUEBA' is clicked on

2022-03-22 14:25:44 - [MESSAGE][PASSED] - Object: 'Object Repository/Modulo Selección/Crear_un_requerimiento_según_motivo_y_formato/span_PRUEBA' is clicked on

2022-03-22 14:25:44 - [TEST_STEP][PASSED] - if (waitForElementVisible(findTestObject("Modulo Selección/Crear_un_requerimiento_según_motivo_y_formato/a_Modificar Motivo"), 1)): null

2022-03-22 14:25:45 - [MESSAGE][PASSED] - Object 'Object Repository/Modulo Selección/Crear_un_requerimiento_según_motivo_y_formato/a_Modificar Motivo' is visible

2022-03-22 14:25:45 - [TEST_STEP][PASSED] - click(findTestObject("Modulo Selección/Crear_un_requerimiento_según_motivo_y_formato/a_Modificar Motivo")): Object: 'Object Repository/Modulo Selección/Crear_un_requerimiento_según_motivo_y_formato/a_Modificar Motivo' is clicked on

2022-03-22 14:25:46 - [MESSAGE][PASSED] - Object: 'Object Repository/Modulo Selección/Crear_un_requerimiento_según_motivo_y_formato/a_Modificar Motivo' is clicked on

2022-03-22 14:25:46 - [TEST_STEP][PASSED] - selectOptionByIndex(findTestObject("Modulo Selección/Crear_un_requerimiento_según_motivo_y_formato/select_2120 HORAS1240 HORAS0NO DEFINIDO61Pensin Convencional62"), 3): All options with index in [3] are selected on object 'Object Repository/Modulo Selección/Crear_un_requerimiento_según_motivo_y_formato/select_2120 HORAS1240 HORAS0NO DEFINIDO61Pensin Convencional62'

2022-03-22 14:25:48 - [MESSAGE][PASSED] - All options with index in [3] are selected on object 'Object Repository/Modulo Selección/Crear_un_requerimiento_según_motivo_y_formato/select_2120 HORAS1240 HORAS0NO DEFINIDO61Pensin Convencional62'

2022-03-22 14:25:48 - [TEST_STEP][PASSED] - selectOptionByIndex(findTestObject("Modulo Selección/Crear_un_requerimiento_según_motivo_y_formato/select_Tcnico AdministrativoOperativo"), 2): All options with index in [2] are selected on object 'Object Repository/Modulo Selección/Crear_un_requerimiento_según_motivo_y_formato/select_Tcnico AdministrativoOperativo'

2022-03-22 14:25:49 - [MESSAGE][PASSED] - All options with index in [2] are selected on object 'Object Repository/Modulo Selección/Crear_un_requerimiento_según_motivo_y_formato/select_Tcnico AdministrativoOperativo'

2022-03-22 14:25:49 - [TEST_STEP][PASSED] - selectOptionByIndex(findTestObject("Modulo Selección/Crear_un_requerimiento_según_motivo_y_formato/select_1 mes2 meses3 meses6 mesesNo aplicaOtro"), 4): All options with index in [4] are selected on object 'Object Repository/Modulo Selección/Crear_un_requerimiento_según_motivo_y_formato/select_1 mes2 meses3 meses6 mesesNo aplicaOtro'

2022-03-22 14:25:50 - [MESSAGE][PASSED] - All options with index in [4] are selected on object 'Object Repository/Modulo Selección/Crear_un_requerimiento_según_motivo_y_formato/select_1 mes2 meses3 meses6 mesesNo aplicaOtro'

2022-03-22 14:25:50 - [TEST_STEP][PASSED] - setText(findTestObject("Modulo Selección/Crear_un_requerimiento_según_motivo_y_formato/input_Horario_requerimientoPersonalPM_formj_idt11990tablaCamHijo8j_idt1209"), "454"): Text '454' is set on object 'Object Repository/Modulo Selección/Crear_un_requerimiento_según_motivo_y_formato/input_Horario_requerimientoPersonalPM_formj_idt11990tablaCamHijo8j_idt1209'

2022-03-22 14:25:51 - [MESSAGE][PASSED] - Text '454' is set on object 'Object Repository/Modulo Selección/Crear_un_requerimiento_según_motivo_y_formato/input_Horario_requerimientoPersonalPM_formj_idt11990tablaCamHijo8j_idt1209'

2022-03-22 14:25:51 - [TEST_STEP][PASSED] - selectOptionByIndex(findTestObject("Modulo Selección/Crear_un_requerimiento_según_motivo_y_formato/select_1. volumenes de venta2. Carga en volumenes de operacin3"), 3): All options with index in [3] are selected on object 'Object Repository/Modulo Selección/Crear_un_requerimiento_según_motivo_y_formato/select_1. volumenes de venta2. Carga en volumenes de operacin3'

2022-03-22 14:25:52 - [MESSAGE][PASSED] - All options with index in [3] are selected on object 'Object Repository/Modulo Selección/Crear_un_requerimiento_según_motivo_y_formato/select_1. volumenes de venta2. Carga en volumenes de operacin3'

2022-03-22 14:25:52 - [TEST_STEP][PASSED] - selectOptionByIndex(findTestObject("Modulo Selección/Crear_un_requerimiento_según_motivo_y_formato/select_Interna AbiertaInterna CerradaExternaInterna y Externa"), 1): All options with index in [1] are selected on object 'Object Repository/Modulo Selección/Crear_un_requerimiento_según_motivo_y_formato/select_Interna AbiertaInterna CerradaExternaInterna y Externa'

2022-03-22 14:25:53 - [MESSAGE][PASSED] - All options with index in [1] are selected on object 'Object Repository/Modulo Selección/Crear_un_requerimiento_según_motivo_y_formato/select_Interna AbiertaInterna CerradaExternaInterna y Externa'

2022-03-22 14:25:53 - [TEST_STEP][PASSED] - click(findTestObject("Modulo Selección/Crear_un_requerimiento_según_motivo_y_formato/a_Guardar Directo")): Object: 'Object Repository/Modulo Selección/Crear_un_requerimiento_según_motivo_y_formato/a_Guardar Directo' is clicked on

2022-03-22 14:25:54 - [MESSAGE][PASSED] - Object: 'Object Repository/Modulo Selección/Crear_un_requerimiento_según_motivo_y_formato/a_Guardar Directo' is clicked on

2022-03-22 14:25:54 - [TEST_STEP][PASSED] - closeBrowser(): Browser is closed

2022-03-22 14:25:55 - [MESSAGE][PASSED] - Browser is closed]]></system-out>
         <system-err><![CDATA[]]></system-err>
      </testcase>
      <testcase name="Test Cases/10.1-Pruebas_Selección/10.1.2-Flujo_aprobación_requerimiento" time="11.059" classname="Test Cases/10.1-Pruebas_Selección/10.1.2-Flujo_aprobación_requerimiento" status="PASSED">
         <system-out><![CDATA[2022-03-22 14:25:55 - [TEST_CASE][PASSED] - Test Cases/10.1-Pruebas_Selección/10.1.2-Flujo_aprobación_requerimiento: Test Cases/10.1-Pruebas_Selección/10.1.2-Flujo_aprobación_requerimiento

2022-03-22 14:25:55 - [TEST_STEP][PASSED] - callTestCase(findTestCase("0.1-Login"), [:], STOP_ON_FAILURE): Call Test Case 'Test Cases/0.1-Login' successfully

2022-03-22 14:25:55 - [TEST_CASE][PASSED] - Test Cases/0.1-Login: Test Cases/0.1-Login

2022-03-22 14:25:55 - [TEST_STEP][PASSED] - openBrowser(""): Browser is opened with url: ''

2022-03-22 14:25:55 - [MESSAGE][INFO] - Starting 'Chrome' driver

2022-03-22 14:25:55 - [MESSAGE][INFO] - Action delay is set to 0 milliseconds

2022-03-22 14:25:56 - [MESSAGE][PASSED] - Browser is opened with url: ''

2022-03-22 14:25:56 - [TEST_STEP][PASSED] - maximizeWindow(): Current window maximized

2022-03-22 14:25:57 - [MESSAGE][PASSED] - Current window maximized

2022-03-22 14:25:57 - [TEST_STEP][PASSED] - i = G_Login: null

2022-03-22 14:25:57 - [TEST_STEP][PASSED] - url = new java.net.URL(i): null

2022-03-22 14:25:57 - [TEST_STEP][PASSED] - println("URL: " + url.toString()): null

2022-03-22 14:25:57 - [TEST_STEP][PASSED] - connection = url.openConnection(): null

2022-03-22 14:25:57 - [TEST_STEP][PASSED] - connection.setRequestMethod("GET"): null

2022-03-22 14:25:57 - [TEST_STEP][PASSED] - connection.setReadTimeout(2 * 1000): null

2022-03-22 14:25:57 - [TEST_STEP][PASSED] - try: null

2022-03-22 14:25:57 - [TEST_STEP][PASSED] - connection.connect(): null

2022-03-22 14:25:57 - [TEST_STEP][PASSED] - flag = connected: null

2022-03-22 14:25:57 - [TEST_STEP][PASSED] - println("Valor_ori: " + flag): null

2022-03-22 14:25:57 - [TEST_STEP][PASSED] - if (flag): null

2022-03-22 14:25:57 - [TEST_STEP][PASSED] - navigateToUrl(i): Navigate to 'http://192.168.2.19:8380/saraweb' successfully

2022-03-22 14:25:57 - [MESSAGE][PASSED] - Navigate to 'http://192.168.2.19:8380/saraweb' successfully

2022-03-22 14:25:57 - [TEST_STEP][PASSED] - a(): null

2022-03-22 14:25:57 - [TEST_STEP][PASSED] - setText(findTestObject("Login/input_USUARIO_loginusuario"), G_Usuario): Text 'saraadmin' is set on object 'Object Repository/Login/input_USUARIO_loginusuario'

2022-03-22 14:25:58 - [MESSAGE][PASSED] - Text 'saraadmin' is set on object 'Object Repository/Login/input_USUARIO_loginusuario'

2022-03-22 14:25:58 - [TEST_STEP][PASSED] - setEncryptedText(findTestObject("Login/input_CLAVE_loginpassword"), "MkG4/TYiCFC3cb2driP7+Q=="): Text ****** has been set on object 'Object Repository/Login/input_CLAVE_loginpassword'

2022-03-22 14:25:58 - [MESSAGE][PASSED] - Text ****** has been set on object 'Object Repository/Login/input_CLAVE_loginpassword'

2022-03-22 14:25:58 - [TEST_STEP][PASSED] - waitForElementClickable(findTestObject("Login/a_Ingresar"), G_TimeOut): Object 'Object Repository/Login/a_Ingresar' is clickable

2022-03-22 14:25:59 - [MESSAGE][PASSED] - Object 'Object Repository/Login/a_Ingresar' is clickable

2022-03-22 14:25:59 - [TEST_STEP][PASSED] - click(findTestObject("Login/a_Ingresar")): Object: 'Object Repository/Login/a_Ingresar' is clicked on

2022-03-22 14:26:00 - [MESSAGE][PASSED] - Object: 'Object Repository/Login/a_Ingresar' is clicked on

2022-03-22 14:26:00 - [TEST_STEP][PASSED] - element = findWebElement(findTestObject("Login/a_Ir"), 30): null

2022-03-22 14:26:00 - [TEST_STEP][PASSED] - executeJavaScript("arguments[0].click()", Arrays.asList(element)): Execute JavaScript 'arguments[0].click()' successfully

2022-03-22 14:26:00 - [MESSAGE][PASSED] - Execute JavaScript 'arguments[0].click()' successfully

2022-03-22 14:26:00 - [MESSAGE][PASSED] - Call Test Case 'Test Cases/0.1-Login' successfully

2022-03-22 14:26:00 - [TEST_STEP][PASSED] - setText(findTestObject("Modulo Selección/Flujo_aprobación_requerimiento/input_Empresa 1_form_templatej_idt24_input"), "Manejo proceso"): Text 'Manejo proceso' is set on object 'Object Repository/Modulo Selección/Flujo_aprobación_requerimiento/input_Empresa 1_form_templatej_idt24_input'

2022-03-22 14:26:02 - [MESSAGE][PASSED] - Text 'Manejo proceso' is set on object 'Object Repository/Modulo Selección/Flujo_aprobación_requerimiento/input_Empresa 1_form_templatej_idt24_input'

2022-03-22 14:26:02 - [TEST_STEP][PASSED] - click(findTestObject("Modulo Selección/Flujo_aprobación_requerimiento/li_Manejo Proceso (gna)")): Object: 'Object Repository/Modulo Selección/Flujo_aprobación_requerimiento/li_Manejo Proceso (gna)' is clicked on

2022-03-22 14:26:03 - [MESSAGE][PASSED] - Object: 'Object Repository/Modulo Selección/Flujo_aprobación_requerimiento/li_Manejo Proceso (gna)' is clicked on

2022-03-22 14:26:03 - [TEST_STEP][PASSED] - click(findTestObject("Modulo Selección/Flujo_aprobación_requerimiento/a_Requerimiento")): Object: 'Object Repository/Modulo Selección/Flujo_aprobación_requerimiento/a_Requerimiento' is clicked on

2022-03-22 14:26:04 - [MESSAGE][PASSED] - Object: 'Object Repository/Modulo Selección/Flujo_aprobación_requerimiento/a_Requerimiento' is clicked on

2022-03-22 14:26:04 - [TEST_STEP][PASSED] - click(findTestObject("Modulo Selección/Flujo_aprobación_requerimiento/td_MOD1-Requerimiento de personal")): Object: 'Object Repository/Modulo Selección/Flujo_aprobación_requerimiento/td_MOD1-Requerimiento de personal' is clicked on

2022-03-22 14:26:05 - [MESSAGE][PASSED] - Object: 'Object Repository/Modulo Selección/Flujo_aprobación_requerimiento/td_MOD1-Requerimiento de personal' is clicked on

2022-03-22 14:26:05 - [TEST_STEP][PASSED] - closeBrowser(): Browser is closed

2022-03-22 14:26:06 - [MESSAGE][PASSED] - Browser is closed]]></system-out>
         <system-err><![CDATA[]]></system-err>
      </testcase>
      <testcase name="Test Cases/10.1-Pruebas_Selección/10.1.3-Crear_proceso_de_selección_por_BPM" time="42.209" classname="Test Cases/10.1-Pruebas_Selección/10.1.3-Crear_proceso_de_selección_por_BPM" status="PASSED">
         <system-out><![CDATA[2022-03-22 14:26:06 - [TEST_CASE][PASSED] - Test Cases/10.1-Pruebas_Selección/10.1.3-Crear_proceso_de_selección_por_BPM: Test Cases/10.1-Pruebas_Selección/10.1.3-Crear_proceso_de_selección_por_BPM

2022-03-22 14:26:06 - [TEST_STEP][PASSED] - comment("NO SE PUEDE ELIMINAR REGISTROS"): NO SE PUEDE ELIMINAR REGISTROS

2022-03-22 14:26:06 - [MESSAGE][INFO] - NO SE PUEDE ELIMINAR REGISTROS

2022-03-22 14:26:06 - [TEST_STEP][PASSED] - callTestCase(findTestCase("0.1-Login"), [:], STOP_ON_FAILURE): Call Test Case 'Test Cases/0.1-Login' successfully

2022-03-22 14:26:06 - [TEST_CASE][PASSED] - Test Cases/0.1-Login: Test Cases/0.1-Login

2022-03-22 14:26:06 - [TEST_STEP][PASSED] - openBrowser(""): Browser is opened with url: ''

2022-03-22 14:26:06 - [MESSAGE][INFO] - Starting 'Chrome' driver

2022-03-22 14:26:06 - [MESSAGE][INFO] - Action delay is set to 0 milliseconds

2022-03-22 14:26:08 - [MESSAGE][PASSED] - Browser is opened with url: ''

2022-03-22 14:26:08 - [TEST_STEP][PASSED] - maximizeWindow(): Current window maximized

2022-03-22 14:26:08 - [MESSAGE][PASSED] - Current window maximized

2022-03-22 14:26:08 - [TEST_STEP][PASSED] - i = G_Login: null

2022-03-22 14:26:08 - [TEST_STEP][PASSED] - url = new java.net.URL(i): null

2022-03-22 14:26:08 - [TEST_STEP][PASSED] - println("URL: " + url.toString()): null

2022-03-22 14:26:08 - [TEST_STEP][PASSED] - connection = url.openConnection(): null

2022-03-22 14:26:08 - [TEST_STEP][PASSED] - connection.setRequestMethod("GET"): null

2022-03-22 14:26:08 - [TEST_STEP][PASSED] - connection.setReadTimeout(2 * 1000): null

2022-03-22 14:26:08 - [TEST_STEP][PASSED] - try: null

2022-03-22 14:26:08 - [TEST_STEP][PASSED] - connection.connect(): null

2022-03-22 14:26:08 - [TEST_STEP][PASSED] - flag = connected: null

2022-03-22 14:26:08 - [TEST_STEP][PASSED] - println("Valor_ori: " + flag): null

2022-03-22 14:26:08 - [TEST_STEP][PASSED] - if (flag): null

2022-03-22 14:26:08 - [TEST_STEP][PASSED] - navigateToUrl(i): Navigate to 'http://192.168.2.19:8380/saraweb' successfully

2022-03-22 14:26:08 - [MESSAGE][PASSED] - Navigate to 'http://192.168.2.19:8380/saraweb' successfully

2022-03-22 14:26:08 - [TEST_STEP][PASSED] - a(): null

2022-03-22 14:26:08 - [TEST_STEP][PASSED] - setText(findTestObject("Login/input_USUARIO_loginusuario"), G_Usuario): Text 'saraadmin' is set on object 'Object Repository/Login/input_USUARIO_loginusuario'

2022-03-22 14:26:09 - [MESSAGE][PASSED] - Text 'saraadmin' is set on object 'Object Repository/Login/input_USUARIO_loginusuario'

2022-03-22 14:26:09 - [TEST_STEP][PASSED] - setEncryptedText(findTestObject("Login/input_CLAVE_loginpassword"), "MkG4/TYiCFC3cb2driP7+Q=="): Text ****** has been set on object 'Object Repository/Login/input_CLAVE_loginpassword'

2022-03-22 14:26:10 - [MESSAGE][PASSED] - Text ****** has been set on object 'Object Repository/Login/input_CLAVE_loginpassword'

2022-03-22 14:26:10 - [TEST_STEP][PASSED] - waitForElementClickable(findTestObject("Login/a_Ingresar"), G_TimeOut): Object 'Object Repository/Login/a_Ingresar' is clickable

2022-03-22 14:26:10 - [MESSAGE][PASSED] - Object 'Object Repository/Login/a_Ingresar' is clickable

2022-03-22 14:26:10 - [TEST_STEP][PASSED] - click(findTestObject("Login/a_Ingresar")): Object: 'Object Repository/Login/a_Ingresar' is clicked on

2022-03-22 14:26:11 - [MESSAGE][PASSED] - Object: 'Object Repository/Login/a_Ingresar' is clicked on

2022-03-22 14:26:11 - [TEST_STEP][PASSED] - element = findWebElement(findTestObject("Login/a_Ir"), 30): null

2022-03-22 14:26:12 - [TEST_STEP][PASSED] - executeJavaScript("arguments[0].click()", Arrays.asList(element)): Execute JavaScript 'arguments[0].click()' successfully

2022-03-22 14:26:12 - [MESSAGE][PASSED] - Execute JavaScript 'arguments[0].click()' successfully

2022-03-22 14:26:12 - [MESSAGE][PASSED] - Call Test Case 'Test Cases/0.1-Login' successfully

2022-03-22 14:26:12 - [TEST_STEP][PASSED] - setText(findTestObject("Modulo Selección/Crear_proceso_de_selección_por_BPM/input_Empresa 1_form_templatej_idt24_input"), "proceso de seleccion"): Text 'proceso de seleccion' is set on object 'Object Repository/Modulo Selección/Crear_proceso_de_selección_por_BPM/input_Empresa 1_form_templatej_idt24_input'

2022-03-22 14:26:13 - [MESSAGE][PASSED] - Text 'proceso de seleccion' is set on object 'Object Repository/Modulo Selección/Crear_proceso_de_selección_por_BPM/input_Empresa 1_form_templatej_idt24_input'

2022-03-22 14:26:13 - [TEST_STEP][PASSED] - click(findTestObject("Modulo Selección/Crear_proceso_de_selección_por_BPM/span_Proceso de Sele")): Object: 'Object Repository/Modulo Selección/Crear_proceso_de_selección_por_BPM/span_Proceso de Sele' is clicked on

2022-03-22 14:26:14 - [MESSAGE][PASSED] - Object: 'Object Repository/Modulo Selección/Crear_proceso_de_selección_por_BPM/span_Proceso de Sele' is clicked on

2022-03-22 14:26:14 - [TEST_STEP][PASSED] - setText(findTestObject("Modulo Selección/Crear_proceso_de_selección_por_BPM/input_Fecha Inicial_filtro_procesoseleccionfechaps_input"), "29/06/2017"): Text '29/06/2017' is set on object 'Object Repository/Modulo Selección/Crear_proceso_de_selección_por_BPM/input_Fecha Inicial_filtro_procesoseleccionfechaps_input'

2022-03-22 14:26:16 - [MESSAGE][PASSED] - Text '29/06/2017' is set on object 'Object Repository/Modulo Selección/Crear_proceso_de_selección_por_BPM/input_Fecha Inicial_filtro_procesoseleccionfechaps_input'

2022-03-22 14:26:16 - [TEST_STEP][PASSED] - setText(findTestObject("Modulo Selección/Crear_proceso_de_selección_por_BPM/input_Fecha Final_filtro_procesoseleccionfechaps1_input"), "10/07/2017"): Text '10/07/2017' is set on object 'Object Repository/Modulo Selección/Crear_proceso_de_selección_por_BPM/input_Fecha Final_filtro_procesoseleccionfechaps1_input'

2022-03-22 14:26:17 - [MESSAGE][PASSED] - Text '10/07/2017' is set on object 'Object Repository/Modulo Selección/Crear_proceso_de_selección_por_BPM/input_Fecha Final_filtro_procesoseleccionfechaps1_input'

2022-03-22 14:26:17 - [TEST_STEP][PASSED] - if (waitForElementVisible(findTestObject("Modulo Selección/Crear_proceso_de_selección_por_BPM/td_8028     - Analista De Sistemas"), 1)): null

2022-03-22 14:26:18 - [MESSAGE][PASSED] - Object 'Object Repository/Modulo Selección/Crear_proceso_de_selección_por_BPM/td_8028     - Analista De Sistemas' is visible

2022-03-22 14:26:18 - [TEST_STEP][PASSED] - waitForElementVisible(findTestObject("Modulo Selección/Crear_proceso_de_selección_por_BPM/td_8028     - Analista De Sistemas"), 0): Object 'Object Repository/Modulo Selección/Crear_proceso_de_selección_por_BPM/td_8028     - Analista De Sistemas' is visible

2022-03-22 14:26:18 - [MESSAGE][WARNING] - Timeout '0' is invalid. Using default page load timeout: '45'

2022-03-22 14:26:18 - [MESSAGE][PASSED] - Object 'Object Repository/Modulo Selección/Crear_proceso_de_selección_por_BPM/td_8028     - Analista De Sistemas' is visible

2022-03-22 14:26:18 - [TEST_STEP][PASSED] - click(findTestObject("Modulo Selección/Crear_proceso_de_selección_por_BPM/td_8028     - Analista De Sistemas")): Object: 'Object Repository/Modulo Selección/Crear_proceso_de_selección_por_BPM/td_8028     - Analista De Sistemas' is clicked on

2022-03-22 14:26:19 - [MESSAGE][PASSED] - Object: 'Object Repository/Modulo Selección/Crear_proceso_de_selección_por_BPM/td_8028     - Analista De Sistemas' is clicked on

2022-03-22 14:26:19 - [TEST_STEP][PASSED] - click(findTestObject("Modulo Selección/Crear_proceso_de_selección_por_BPM/a_Etapa")): Object: 'Object Repository/Modulo Selección/Crear_proceso_de_selección_por_BPM/a_Etapa' is clicked on

2022-03-22 14:26:21 - [MESSAGE][PASSED] - Object: 'Object Repository/Modulo Selección/Crear_proceso_de_selección_por_BPM/a_Etapa' is clicked on

2022-03-22 14:26:21 - [TEST_STEP][PASSED] - if (waitForElementVisible(findTestObject("Modulo Selección/Crear_proceso_de_selección_por_BPM/td_PRUEBA"), 1)): null

2022-03-22 14:26:23 - [MESSAGE][PASSED] - Object 'Object Repository/Modulo Selección/Crear_proceso_de_selección_por_BPM/td_PRUEBA' is visible

2022-03-22 14:26:23 - [TEST_STEP][PASSED] - click(findTestObject("Modulo Selección/Crear_proceso_de_selección_por_BPM/td_PRUEBA")): Object: 'Object Repository/Modulo Selección/Crear_proceso_de_selección_por_BPM/td_PRUEBA' is clicked on

2022-03-22 14:26:23 - [MESSAGE][PASSED] - Object: 'Object Repository/Modulo Selección/Crear_proceso_de_selección_por_BPM/td_PRUEBA' is clicked on

2022-03-22 14:26:23 - [TEST_STEP][PASSED] - click(findTestObject("Modulo Selección/Crear_proceso_de_selección_por_BPM/a_Eliminar")): Object: 'Object Repository/Modulo Selección/Crear_proceso_de_selección_por_BPM/a_Eliminar' is clicked on

2022-03-22 14:26:24 - [MESSAGE][PASSED] - Object: 'Object Repository/Modulo Selección/Crear_proceso_de_selección_por_BPM/a_Eliminar' is clicked on

2022-03-22 14:26:24 - [TEST_STEP][PASSED] - click(findTestObject("Modulo Selección/Crear_proceso_de_selección_por_BPM/span_Si")): Object: 'Object Repository/Modulo Selección/Crear_proceso_de_selección_por_BPM/span_Si' is clicked on

2022-03-22 14:26:25 - [MESSAGE][PASSED] - Object: 'Object Repository/Modulo Selección/Crear_proceso_de_selección_por_BPM/span_Si' is clicked on

2022-03-22 14:26:25 - [TEST_STEP][PASSED] - click(findTestObject("Modulo Selección/Crear_proceso_de_selección_por_BPM/a_Nuevo1")): Object: 'Object Repository/Modulo Selección/Crear_proceso_de_selección_por_BPM/a_Nuevo1' is clicked on

2022-03-22 14:26:26 - [MESSAGE][PASSED] - Object: 'Object Repository/Modulo Selección/Crear_proceso_de_selección_por_BPM/a_Nuevo1' is clicked on

2022-03-22 14:26:26 - [TEST_STEP][PASSED] - selectOptionByIndex(findTestObject("Modulo Selección/Crear_proceso_de_selección_por_BPM/select_--Seleccione--Ajuste al cargoContacto"), 9): All options with index in [9] are selected on object 'Object Repository/Modulo Selección/Crear_proceso_de_selección_por_BPM/select_--Seleccione--Ajuste al cargoContacto'

2022-03-22 14:26:28 - [MESSAGE][PASSED] - All options with index in [9] are selected on object 'Object Repository/Modulo Selección/Crear_proceso_de_selección_por_BPM/select_--Seleccione--Ajuste al cargoContacto'

2022-03-22 14:26:28 - [TEST_STEP][PASSED] - setText(findTestObject("Modulo Selección/Crear_proceso_de_selección_por_BPM/input_Nmero_popupEtapaSeleccion_formorden"), "11"): Text '11' is set on object 'Object Repository/Modulo Selección/Crear_proceso_de_selección_por_BPM/input_Nmero_popupEtapaSeleccion_formorden'

2022-03-22 14:26:30 - [MESSAGE][PASSED] - Text '11' is set on object 'Object Repository/Modulo Selección/Crear_proceso_de_selección_por_BPM/input_Nmero_popupEtapaSeleccion_formorden'

2022-03-22 14:26:30 - [TEST_STEP][PASSED] - click(findTestObject("Modulo Selección/Crear_proceso_de_selección_por_BPM/div_INFORME FINAL_ui-chkbox-box ui-widget ui-corner-all ui-state-default ui-state-hover1")): Object: 'Object Repository/Modulo Selección/Crear_proceso_de_selección_por_BPM/div_INFORME FINAL_ui-chkbox-box ui-widget ui-corner-all ui-state-default ui-state-hover1' is clicked on

2022-03-22 14:26:30 - [MESSAGE][PASSED] - Object: 'Object Repository/Modulo Selección/Crear_proceso_de_selección_por_BPM/div_INFORME FINAL_ui-chkbox-box ui-widget ui-corner-all ui-state-default ui-state-hover1' is clicked on

2022-03-22 14:26:30 - [TEST_STEP][PASSED] - selectOptionByIndex(findTestObject("Modulo Selección/Crear_proceso_de_selección_por_BPM/select_SeleccioneClasificatoriaEliminatoriaNo Aplica"), 3): All options with index in [3] are selected on object 'Object Repository/Modulo Selección/Crear_proceso_de_selección_por_BPM/select_SeleccioneClasificatoriaEliminatoriaNo Aplica'

2022-03-22 14:26:31 - [MESSAGE][PASSED] - All options with index in [3] are selected on object 'Object Repository/Modulo Selección/Crear_proceso_de_selección_por_BPM/select_SeleccioneClasificatoriaEliminatoriaNo Aplica'

2022-03-22 14:26:31 - [TEST_STEP][PASSED] - setText(findTestObject("Modulo Selección/Crear_proceso_de_selección_por_BPM/input_Evaluacin Artstica_popupEtapaSeleccion_formtabla1peso"), "15"): Text '15' is set on object 'Object Repository/Modulo Selección/Crear_proceso_de_selección_por_BPM/input_Evaluacin Artstica_popupEtapaSeleccion_formtabla1peso'

2022-03-22 14:26:32 - [MESSAGE][PASSED] - Text '15' is set on object 'Object Repository/Modulo Selección/Crear_proceso_de_selección_por_BPM/input_Evaluacin Artstica_popupEtapaSeleccion_formtabla1peso'

2022-03-22 14:26:32 - [TEST_STEP][PASSED] - setText(findTestObject("Modulo Selección/Crear_proceso_de_selección_por_BPM/input_Evaluacin Artstica_popupEtapaSeleccion_formtabla1minimo"), "3"): Text '3' is set on object 'Object Repository/Modulo Selección/Crear_proceso_de_selección_por_BPM/input_Evaluacin Artstica_popupEtapaSeleccion_formtabla1minimo'

2022-03-22 14:26:33 - [MESSAGE][PASSED] - Text '3' is set on object 'Object Repository/Modulo Selección/Crear_proceso_de_selección_por_BPM/input_Evaluacin Artstica_popupEtapaSeleccion_formtabla1minimo'

2022-03-22 14:26:33 - [TEST_STEP][PASSED] - setText(findTestObject("Modulo Selección/Crear_proceso_de_selección_por_BPM/input_Evaluacin Artstica_popupEtapaSeleccion_formtabla1maximo"), "10"): Text '10' is set on object 'Object Repository/Modulo Selección/Crear_proceso_de_selección_por_BPM/input_Evaluacin Artstica_popupEtapaSeleccion_formtabla1maximo'

2022-03-22 14:26:34 - [MESSAGE][PASSED] - Text '10' is set on object 'Object Repository/Modulo Selección/Crear_proceso_de_selección_por_BPM/input_Evaluacin Artstica_popupEtapaSeleccion_formtabla1maximo'

2022-03-22 14:26:34 - [TEST_STEP][PASSED] - click(findTestObject("Modulo Selección/Crear_proceso_de_selección_por_BPM/a_Guardar1")): Object: 'Object Repository/Modulo Selección/Crear_proceso_de_selección_por_BPM/a_Guardar1' is clicked on

2022-03-22 14:26:35 - [MESSAGE][PASSED] - Object: 'Object Repository/Modulo Selección/Crear_proceso_de_selección_por_BPM/a_Guardar1' is clicked on

2022-03-22 14:26:35 - [TEST_STEP][PASSED] - click(findTestObject("Modulo Selección/Crear_proceso_de_selección_por_BPM/a_Medio")): Object: 'Object Repository/Modulo Selección/Crear_proceso_de_selección_por_BPM/a_Medio' is clicked on

2022-03-22 14:26:36 - [MESSAGE][PASSED] - Object: 'Object Repository/Modulo Selección/Crear_proceso_de_selección_por_BPM/a_Medio' is clicked on

2022-03-22 14:26:36 - [TEST_STEP][PASSED] - if (waitForElementVisible(findTestObject("Modulo Selección/Crear_proceso_de_selección_por_BPM/td_Evaluacin Artstica"), 1)): null

2022-03-22 14:26:37 - [MESSAGE][PASSED] - Object 'Object Repository/Modulo Selección/Crear_proceso_de_selección_por_BPM/td_Evaluacin Artstica' is visible

2022-03-22 14:26:37 - [TEST_STEP][PASSED] - click(findTestObject("Modulo Selección/Crear_proceso_de_selección_por_BPM/td_Evaluacin Artstica")): Object: 'Object Repository/Modulo Selección/Crear_proceso_de_selección_por_BPM/td_Evaluacin Artstica' is clicked on

2022-03-22 14:26:38 - [MESSAGE][PASSED] - Object: 'Object Repository/Modulo Selección/Crear_proceso_de_selección_por_BPM/td_Evaluacin Artstica' is clicked on

2022-03-22 14:26:38 - [TEST_STEP][PASSED] - click(findTestObject("Modulo Selección/Crear_proceso_de_selección_por_BPM/a_Eliminar2")): Object: 'Object Repository/Modulo Selección/Crear_proceso_de_selección_por_BPM/a_Eliminar2' is clicked on

2022-03-22 14:26:38 - [MESSAGE][PASSED] - Object: 'Object Repository/Modulo Selección/Crear_proceso_de_selección_por_BPM/a_Eliminar2' is clicked on

2022-03-22 14:26:38 - [TEST_STEP][PASSED] - click(findTestObject("Modulo Selección/Crear_proceso_de_selección_por_BPM/span_Si")): Object: 'Object Repository/Modulo Selección/Crear_proceso_de_selección_por_BPM/span_Si' is clicked on

2022-03-22 14:26:39 - [MESSAGE][PASSED] - Object: 'Object Repository/Modulo Selección/Crear_proceso_de_selección_por_BPM/span_Si' is clicked on

2022-03-22 14:26:39 - [TEST_STEP][PASSED] - click(findTestObject("Modulo Selección/Crear_proceso_de_selección_por_BPM/a_Nuevo")): Object: 'Object Repository/Modulo Selección/Crear_proceso_de_selección_por_BPM/a_Nuevo' is clicked on

2022-03-22 14:26:40 - [MESSAGE][PASSED] - Object: 'Object Repository/Modulo Selección/Crear_proceso_de_selección_por_BPM/a_Nuevo' is clicked on

2022-03-22 14:26:40 - [TEST_STEP][PASSED] - selectOptionByIndex(findTestObject("Modulo Selección/Crear_proceso_de_selección_por_BPM/select_--Seleccione--Evaluacin ArtsticaINFORME FINAL"), 1): All options with index in [1] are selected on object 'Object Repository/Modulo Selección/Crear_proceso_de_selección_por_BPM/select_--Seleccione--Evaluacin ArtsticaINFORME FINAL'

2022-03-22 14:26:41 - [MESSAGE][PASSED] - All options with index in [1] are selected on object 'Object Repository/Modulo Selección/Crear_proceso_de_selección_por_BPM/select_--Seleccione--Evaluacin ArtsticaINFORME FINAL'

2022-03-22 14:26:41 - [TEST_STEP][PASSED] - selectOptionByIndex(findTestObject("Modulo Selección/Crear_proceso_de_selección_por_BPM/select_--Seleccione--ClasificatoriaEliminatoriaNo Aplica"), 3): All options with index in [3] are selected on object 'Object Repository/Modulo Selección/Crear_proceso_de_selección_por_BPM/select_--Seleccione--ClasificatoriaEliminatoriaNo Aplica'

2022-03-22 14:26:43 - [MESSAGE][PASSED] - All options with index in [3] are selected on object 'Object Repository/Modulo Selección/Crear_proceso_de_selección_por_BPM/select_--Seleccione--ClasificatoriaEliminatoriaNo Aplica'

2022-03-22 14:26:43 - [TEST_STEP][PASSED] - setText(findTestObject("Modulo Selección/Crear_proceso_de_selección_por_BPM/input_Peso_popupMedioSeleccion_formpeso"), "10"): Text '10' is set on object 'Object Repository/Modulo Selección/Crear_proceso_de_selección_por_BPM/input_Peso_popupMedioSeleccion_formpeso'

2022-03-22 14:26:44 - [MESSAGE][PASSED] - Text '10' is set on object 'Object Repository/Modulo Selección/Crear_proceso_de_selección_por_BPM/input_Peso_popupMedioSeleccion_formpeso'

2022-03-22 14:26:44 - [TEST_STEP][PASSED] - setText(findTestObject("Modulo Selección/Crear_proceso_de_selección_por_BPM/input_Mnimo_popupMedioSeleccion_formminimo"), "3"): Text '3' is set on object 'Object Repository/Modulo Selección/Crear_proceso_de_selección_por_BPM/input_Mnimo_popupMedioSeleccion_formminimo'

2022-03-22 14:26:45 - [MESSAGE][PASSED] - Text '3' is set on object 'Object Repository/Modulo Selección/Crear_proceso_de_selección_por_BPM/input_Mnimo_popupMedioSeleccion_formminimo'

2022-03-22 14:26:45 - [TEST_STEP][PASSED] - setText(findTestObject("Modulo Selección/Crear_proceso_de_selección_por_BPM/input_Mximo_popupMedioSeleccion_formmaximo"), "10"): Text '10' is set on object 'Object Repository/Modulo Selección/Crear_proceso_de_selección_por_BPM/input_Mximo_popupMedioSeleccion_formmaximo'

2022-03-22 14:26:45 - [MESSAGE][PASSED] - Text '10' is set on object 'Object Repository/Modulo Selección/Crear_proceso_de_selección_por_BPM/input_Mximo_popupMedioSeleccion_formmaximo'

2022-03-22 14:26:45 - [TEST_STEP][PASSED] - click(findTestObject("Modulo Selección/Crear_proceso_de_selección_por_BPM/a_Guardar2")): Object: 'Object Repository/Modulo Selección/Crear_proceso_de_selección_por_BPM/a_Guardar2' is clicked on

2022-03-22 14:26:46 - [MESSAGE][PASSED] - Object: 'Object Repository/Modulo Selección/Crear_proceso_de_selección_por_BPM/a_Guardar2' is clicked on

2022-03-22 14:26:46 - [TEST_STEP][PASSED] - waitForElementVisible(findTestObject("Modulo Selección/Crear_proceso_de_selección_por_BPM/p_La etapa ha sido actualizada correctamente"), 0): Object 'Object Repository/Modulo Selección/Crear_proceso_de_selección_por_BPM/p_La etapa ha sido actualizada correctamente' is visible

2022-03-22 14:26:46 - [MESSAGE][WARNING] - Timeout '0' is invalid. Using default page load timeout: '45'

2022-03-22 14:26:47 - [MESSAGE][PASSED] - Object 'Object Repository/Modulo Selección/Crear_proceso_de_selección_por_BPM/p_La etapa ha sido actualizada correctamente' is visible

2022-03-22 14:26:47 - [TEST_STEP][PASSED] - closeBrowser(): Browser is closed

2022-03-22 14:26:48 - [MESSAGE][PASSED] - Browser is closed]]></system-out>
         <system-err><![CDATA[]]></system-err>
      </testcase>
      <testcase name="Test Cases/10.1-Pruebas_Selección/10.1.4-Condición_de_derecho" time="25.664" classname="Test Cases/10.1-Pruebas_Selección/10.1.4-Condición_de_derecho" status="PASSED">
         <system-out><![CDATA[2022-03-22 14:26:48 - [TEST_CASE][PASSED] - Test Cases/10.1-Pruebas_Selección/10.1.4-Condición_de_derecho: Test Cases/10.1-Pruebas_Selección/10.1.4-Condición_de_derecho

2022-03-22 14:26:48 - [TEST_STEP][PASSED] - callTestCase(findTestCase("0.1-Login"), [:], STOP_ON_FAILURE): Call Test Case 'Test Cases/0.1-Login' successfully

2022-03-22 14:26:48 - [TEST_CASE][PASSED] - Test Cases/0.1-Login: Test Cases/0.1-Login

2022-03-22 14:26:48 - [TEST_STEP][PASSED] - openBrowser(""): Browser is opened with url: ''

2022-03-22 14:26:48 - [MESSAGE][INFO] - Starting 'Chrome' driver

2022-03-22 14:26:48 - [MESSAGE][INFO] - Action delay is set to 0 milliseconds

2022-03-22 14:26:50 - [MESSAGE][PASSED] - Browser is opened with url: ''

2022-03-22 14:26:50 - [TEST_STEP][PASSED] - maximizeWindow(): Current window maximized

2022-03-22 14:26:50 - [MESSAGE][PASSED] - Current window maximized

2022-03-22 14:26:50 - [TEST_STEP][PASSED] - i = G_Login: null

2022-03-22 14:26:50 - [TEST_STEP][PASSED] - url = new java.net.URL(i): null

2022-03-22 14:26:50 - [TEST_STEP][PASSED] - println("URL: " + url.toString()): null

2022-03-22 14:26:50 - [TEST_STEP][PASSED] - connection = url.openConnection(): null

2022-03-22 14:26:50 - [TEST_STEP][PASSED] - connection.setRequestMethod("GET"): null

2022-03-22 14:26:50 - [TEST_STEP][PASSED] - connection.setReadTimeout(2 * 1000): null

2022-03-22 14:26:50 - [TEST_STEP][PASSED] - try: null

2022-03-22 14:26:50 - [TEST_STEP][PASSED] - connection.connect(): null

2022-03-22 14:26:50 - [TEST_STEP][PASSED] - flag = connected: null

2022-03-22 14:26:50 - [TEST_STEP][PASSED] - println("Valor_ori: " + flag): null

2022-03-22 14:26:50 - [TEST_STEP][PASSED] - if (flag): null

2022-03-22 14:26:50 - [TEST_STEP][PASSED] - navigateToUrl(i): Navigate to 'http://192.168.2.19:8380/saraweb' successfully

2022-03-22 14:26:50 - [MESSAGE][PASSED] - Navigate to 'http://192.168.2.19:8380/saraweb' successfully

2022-03-22 14:26:50 - [TEST_STEP][PASSED] - a(): null

2022-03-22 14:26:50 - [TEST_STEP][PASSED] - setText(findTestObject("Login/input_USUARIO_loginusuario"), G_Usuario): Text 'saraadmin' is set on object 'Object Repository/Login/input_USUARIO_loginusuario'

2022-03-22 14:26:51 - [MESSAGE][PASSED] - Text 'saraadmin' is set on object 'Object Repository/Login/input_USUARIO_loginusuario'

2022-03-22 14:26:51 - [TEST_STEP][PASSED] - setEncryptedText(findTestObject("Login/input_CLAVE_loginpassword"), "MkG4/TYiCFC3cb2driP7+Q=="): Text ****** has been set on object 'Object Repository/Login/input_CLAVE_loginpassword'

2022-03-22 14:26:52 - [MESSAGE][PASSED] - Text ****** has been set on object 'Object Repository/Login/input_CLAVE_loginpassword'

2022-03-22 14:26:52 - [TEST_STEP][PASSED] - waitForElementClickable(findTestObject("Login/a_Ingresar"), G_TimeOut): Object 'Object Repository/Login/a_Ingresar' is clickable

2022-03-22 14:26:52 - [MESSAGE][PASSED] - Object 'Object Repository/Login/a_Ingresar' is clickable

2022-03-22 14:26:52 - [TEST_STEP][PASSED] - click(findTestObject("Login/a_Ingresar")): Object: 'Object Repository/Login/a_Ingresar' is clicked on

2022-03-22 14:26:54 - [MESSAGE][PASSED] - Object: 'Object Repository/Login/a_Ingresar' is clicked on

2022-03-22 14:26:54 - [TEST_STEP][PASSED] - element = findWebElement(findTestObject("Login/a_Ir"), 30): null

2022-03-22 14:26:54 - [TEST_STEP][PASSED] - executeJavaScript("arguments[0].click()", Arrays.asList(element)): Execute JavaScript 'arguments[0].click()' successfully

2022-03-22 14:26:54 - [MESSAGE][PASSED] - Execute JavaScript 'arguments[0].click()' successfully

2022-03-22 14:26:54 - [MESSAGE][PASSED] - Call Test Case 'Test Cases/0.1-Login' successfully

2022-03-22 14:26:54 - [TEST_STEP][PASSED] - setText(findTestObject("Modulo Selección/Condición_de_derecho/input_Empresa 1_form_templatej_idt24_input"), "proceso de seleccion"): Text 'proceso de seleccion' is set on object 'Object Repository/Modulo Selección/Condición_de_derecho/input_Empresa 1_form_templatej_idt24_input'

2022-03-22 14:26:55 - [MESSAGE][PASSED] - Text 'proceso de seleccion' is set on object 'Object Repository/Modulo Selección/Condición_de_derecho/input_Empresa 1_form_templatej_idt24_input'

2022-03-22 14:26:55 - [TEST_STEP][PASSED] - waitForElementVisible(findTestObject("Modulo Selección/Condición_de_derecho/span_Proceso de Se"), 0): Object 'Object Repository/Modulo Selección/Condición_de_derecho/span_Proceso de Se' is visible

2022-03-22 14:26:55 - [MESSAGE][WARNING] - Timeout '0' is invalid. Using default page load timeout: '45'

2022-03-22 14:26:56 - [MESSAGE][PASSED] - Object 'Object Repository/Modulo Selección/Condición_de_derecho/span_Proceso de Se' is visible

2022-03-22 14:26:56 - [TEST_STEP][PASSED] - click(findTestObject("Modulo Selección/Condición_de_derecho/span_Proceso de Se")): Object: 'Object Repository/Modulo Selección/Condición_de_derecho/span_Proceso de Se' is clicked on

2022-03-22 14:26:57 - [MESSAGE][PASSED] - Object: 'Object Repository/Modulo Selección/Condición_de_derecho/span_Proceso de Se' is clicked on

2022-03-22 14:26:57 - [TEST_STEP][PASSED] - click(findTestObject("Modulo Selección/Condición_de_derecho/td_8028     - Analista De Sistemas")): Object: 'Object Repository/Modulo Selección/Condición_de_derecho/td_8028     - Analista De Sistemas' is clicked on

2022-03-22 14:26:58 - [MESSAGE][PASSED] - Object: 'Object Repository/Modulo Selección/Condición_de_derecho/td_8028     - Analista De Sistemas' is clicked on

2022-03-22 14:26:58 - [TEST_STEP][PASSED] - click(findTestObject("Modulo Selección/Condición_de_derecho/a_Condicin de Derecho")): Object: 'Object Repository/Modulo Selección/Condición_de_derecho/a_Condicin de Derecho' is clicked on

2022-03-22 14:26:59 - [MESSAGE][PASSED] - Object: 'Object Repository/Modulo Selección/Condición_de_derecho/a_Condicin de Derecho' is clicked on

2022-03-22 14:26:59 - [TEST_STEP][PASSED] - if (waitForElementVisible(findTestObject("Modulo Selección/Condición_de_derecho/a_Edad_seleccion_procesotabla_ventanaCDTB1j_idt15812"), 1)): null

2022-03-22 14:27:00 - [MESSAGE][PASSED] - Object 'Object Repository/Modulo Selección/Condición_de_derecho/a_Edad_seleccion_procesotabla_ventanaCDTB1j_idt15812' is visible

2022-03-22 14:27:00 - [TEST_STEP][PASSED] - click(findTestObject("Modulo Selección/Condición_de_derecho/a_Edad_seleccion_procesotabla_ventanaCDTB1j_idt15812")): Object: 'Object Repository/Modulo Selección/Condición_de_derecho/a_Edad_seleccion_procesotabla_ventanaCDTB1j_idt15812' is clicked on

2022-03-22 14:27:01 - [MESSAGE][PASSED] - Object: 'Object Repository/Modulo Selección/Condición_de_derecho/a_Edad_seleccion_procesotabla_ventanaCDTB1j_idt15812' is clicked on

2022-03-22 14:27:01 - [TEST_STEP][PASSED] - click(findTestObject("Modulo Selección/Condición_de_derecho/a_Aceptar")): Object: 'Object Repository/Modulo Selección/Condición_de_derecho/a_Aceptar' is clicked on

2022-03-22 14:27:02 - [MESSAGE][PASSED] - Object: 'Object Repository/Modulo Selección/Condición_de_derecho/a_Aceptar' is clicked on

2022-03-22 14:27:02 - [TEST_STEP][PASSED] - if (waitForElementVisible(findTestObject("Modulo Selección/Condición_de_derecho/a_BOGOT_seleccion_procesotabla_ventanaCDTB0j_idt1581"), 1)): null

2022-03-22 14:27:03 - [MESSAGE][PASSED] - Object 'Object Repository/Modulo Selección/Condición_de_derecho/a_BOGOT_seleccion_procesotabla_ventanaCDTB0j_idt1581' is visible

2022-03-22 14:27:03 - [TEST_STEP][PASSED] - click(findTestObject("Modulo Selección/Condición_de_derecho/a_BOGOT_seleccion_procesotabla_ventanaCDTB0j_idt1581")): Object: 'Object Repository/Modulo Selección/Condición_de_derecho/a_BOGOT_seleccion_procesotabla_ventanaCDTB0j_idt1581' is clicked on

2022-03-22 14:27:03 - [MESSAGE][PASSED] - Object: 'Object Repository/Modulo Selección/Condición_de_derecho/a_BOGOT_seleccion_procesotabla_ventanaCDTB0j_idt1581' is clicked on

2022-03-22 14:27:03 - [TEST_STEP][PASSED] - click(findTestObject("Modulo Selección/Condición_de_derecho/a_Aceptar")): Object: 'Object Repository/Modulo Selección/Condición_de_derecho/a_Aceptar' is clicked on

2022-03-22 14:27:04 - [MESSAGE][PASSED] - Object: 'Object Repository/Modulo Selección/Condición_de_derecho/a_Aceptar' is clicked on

2022-03-22 14:27:04 - [TEST_STEP][PASSED] - selectOptionByIndex(findTestObject("Modulo Selección/Condición_de_derecho/select_-- Seleccione --CargoCargos MultiplesCategoriaCiudad"), 4): All options with index in [4] are selected on object 'Object Repository/Modulo Selección/Condición_de_derecho/select_-- Seleccione --CargoCargos MultiplesCategoriaCiudad'

2022-03-22 14:27:05 - [MESSAGE][PASSED] - All options with index in [4] are selected on object 'Object Repository/Modulo Selección/Condición_de_derecho/select_-- Seleccione --CargoCargos MultiplesCategoriaCiudad'

2022-03-22 14:27:05 - [TEST_STEP][PASSED] - click(findTestObject("Modulo Selección/Condición_de_derecho/a_No se encontr registros_seleccion_procesotabla_ventanaCDTBj_idt1504")): Object: 'Object Repository/Modulo Selección/Condición_de_derecho/a_No se encontr registros_seleccion_procesotabla_ventanaCDTBj_idt1504' is clicked on

2022-03-22 14:27:06 - [MESSAGE][PASSED] - Object: 'Object Repository/Modulo Selección/Condición_de_derecho/a_No se encontr registros_seleccion_procesotabla_ventanaCDTBj_idt1504' is clicked on

2022-03-22 14:27:06 - [TEST_STEP][PASSED] - setText(findTestObject("Modulo Selección/Condición_de_derecho/input_Ubicacin Geogrfica_formPopUpUbicacionj_idt2630"), "bogotá"): Text 'bogotá' is set on object 'Object Repository/Modulo Selección/Condición_de_derecho/input_Ubicacin Geogrfica_formPopUpUbicacionj_idt2630'

2022-03-22 14:27:07 - [MESSAGE][PASSED] - Text 'bogotá' is set on object 'Object Repository/Modulo Selección/Condición_de_derecho/input_Ubicacin Geogrfica_formPopUpUbicacionj_idt2630'

2022-03-22 14:27:07 - [TEST_STEP][PASSED] - sendKeys(findTestObject("Modulo Selección/Condición_de_derecho/input_Ubicacin Geogrfica_formPopUpUbicacionj_idt2630"), Keys.chord(ENTER)): Keys 'ENTER + ' sent to object: 'Object Repository/Modulo Selección/Condición_de_derecho/input_Ubicacin Geogrfica_formPopUpUbicacionj_idt2630'

2022-03-22 14:27:08 - [MESSAGE][PASSED] - Keys 'ENTER + ' sent to object: 'Object Repository/Modulo Selección/Condición_de_derecho/input_Ubicacin Geogrfica_formPopUpUbicacionj_idt2630'

2022-03-22 14:27:08 - [TEST_STEP][PASSED] - click(findTestObject("Modulo Selección/Condición_de_derecho/td_11001     BOGOT")): Object: 'Object Repository/Modulo Selección/Condición_de_derecho/td_11001     BOGOT' is clicked on

2022-03-22 14:27:09 - [MESSAGE][PASSED] - Object: 'Object Repository/Modulo Selección/Condición_de_derecho/td_11001     BOGOT' is clicked on

2022-03-22 14:27:09 - [TEST_STEP][PASSED] - click(findTestObject("Modulo Selección/Condición_de_derecho/a_No se encontr registros_seleccion_procesotabla_ventanaCDTBj_idt1582")): Object: 'Object Repository/Modulo Selección/Condición_de_derecho/a_No se encontr registros_seleccion_procesotabla_ventanaCDTBj_idt1582' is clicked on

2022-03-22 14:27:09 - [MESSAGE][PASSED] - Object: 'Object Repository/Modulo Selección/Condición_de_derecho/a_No se encontr registros_seleccion_procesotabla_ventanaCDTBj_idt1582' is clicked on

2022-03-22 14:27:09 - [TEST_STEP][PASSED] - selectOptionByIndex(findTestObject("Modulo Selección/Condición_de_derecho/select_-- Seleccione --CargoCargos MultiplesCategoriaCiudad"), 6): All options with index in [6] are selected on object 'Object Repository/Modulo Selección/Condición_de_derecho/select_-- Seleccione --CargoCargos MultiplesCategoriaCiudad'

2022-03-22 14:27:11 - [MESSAGE][PASSED] - All options with index in [6] are selected on object 'Object Repository/Modulo Selección/Condición_de_derecho/select_-- Seleccione --CargoCargos MultiplesCategoriaCiudad'

2022-03-22 14:27:11 - [TEST_STEP][PASSED] - setText(findTestObject("Modulo Selección/Condición_de_derecho/input_BOGOT_seleccion_procesotabla_ventanaCDTBedadMinima"), "20"): Text '20' is set on object 'Object Repository/Modulo Selección/Condición_de_derecho/input_BOGOT_seleccion_procesotabla_ventanaCDTBedadMinima'

2022-03-22 14:27:12 - [MESSAGE][PASSED] - Text '20' is set on object 'Object Repository/Modulo Selección/Condición_de_derecho/input_BOGOT_seleccion_procesotabla_ventanaCDTBedadMinima'

2022-03-22 14:27:12 - [TEST_STEP][PASSED] - setText(findTestObject("Modulo Selección/Condición_de_derecho/input_BOGOT_seleccion_procesotabla_ventanaCDTBedadMaxima"), "60"): Text '60' is set on object 'Object Repository/Modulo Selección/Condición_de_derecho/input_BOGOT_seleccion_procesotabla_ventanaCDTBedadMaxima'

2022-03-22 14:27:13 - [MESSAGE][PASSED] - Text '60' is set on object 'Object Repository/Modulo Selección/Condición_de_derecho/input_BOGOT_seleccion_procesotabla_ventanaCDTBedadMaxima'

2022-03-22 14:27:13 - [TEST_STEP][PASSED] - click(findTestObject("Modulo Selección/Condición_de_derecho/a_No se encontr registros_seleccion_procesotabla_ventanaCDTBj_idt1582")): Object: 'Object Repository/Modulo Selección/Condición_de_derecho/a_No se encontr registros_seleccion_procesotabla_ventanaCDTBj_idt1582' is clicked on

2022-03-22 14:27:14 - [MESSAGE][PASSED] - Object: 'Object Repository/Modulo Selección/Condición_de_derecho/a_No se encontr registros_seleccion_procesotabla_ventanaCDTBj_idt1582' is clicked on]]></system-out>
         <system-err><![CDATA[]]></system-err>
      </testcase>
      <testcase name="Test Cases/10.1-Pruebas_Selección/10.1.5-Publicación_de_la_convocatoria" time="21.102" classname="Test Cases/10.1-Pruebas_Selección/10.1.5-Publicación_de_la_convocatoria" status="PASSED">
         <system-out><![CDATA[2022-03-22 14:27:14 - [TEST_CASE][PASSED] - Test Cases/10.1-Pruebas_Selección/10.1.5-Publicación_de_la_convocatoria: Test Cases/10.1-Pruebas_Selección/10.1.5-Publicación_de_la_convocatoria

2022-03-22 14:27:14 - [TEST_STEP][PASSED] - today = new java.util.Date(): null

2022-03-22 14:27:14 - [TEST_STEP][PASSED] - Dia = today.format("dd"): null

2022-03-22 14:27:14 - [TEST_STEP][PASSED] - Mes = today.format("MM"): null

2022-03-22 14:27:14 - [TEST_STEP][PASSED] - Año = today.format("yyyy"): null

2022-03-22 14:27:14 - [TEST_STEP][PASSED] - AñoM = Año + 1: null

2022-03-22 14:27:14 - [TEST_STEP][PASSED] - fechaI = Dia + "/" + Mes + "/" + Año: null

2022-03-22 14:27:14 - [TEST_STEP][PASSED] - fechaF = Dia + "/" + Mes + "/" + AñoM: null

2022-03-22 14:27:14 - [TEST_STEP][PASSED] - callTestCase(findTestCase("0.1-Login"), [:], STOP_ON_FAILURE): Call Test Case 'Test Cases/0.1-Login' successfully

2022-03-22 14:27:14 - [TEST_CASE][PASSED] - Test Cases/0.1-Login: Test Cases/0.1-Login

2022-03-22 14:27:14 - [TEST_STEP][PASSED] - openBrowser(""): Browser is opened with url: ''

2022-03-22 14:27:14 - [MESSAGE][WARNING] - A browser is already opened. Closing browser and opening a new one

2022-03-22 14:27:15 - [MESSAGE][INFO] - Starting 'Chrome' driver

2022-03-22 14:27:15 - [MESSAGE][INFO] - Action delay is set to 0 milliseconds

2022-03-22 14:27:16 - [MESSAGE][PASSED] - Browser is opened with url: ''

2022-03-22 14:27:16 - [TEST_STEP][PASSED] - maximizeWindow(): Current window maximized

2022-03-22 14:27:16 - [MESSAGE][PASSED] - Current window maximized

2022-03-22 14:27:16 - [TEST_STEP][PASSED] - i = G_Login: null

2022-03-22 14:27:16 - [TEST_STEP][PASSED] - url = new java.net.URL(i): null

2022-03-22 14:27:16 - [TEST_STEP][PASSED] - println("URL: " + url.toString()): null

2022-03-22 14:27:16 - [TEST_STEP][PASSED] - connection = url.openConnection(): null

2022-03-22 14:27:16 - [TEST_STEP][PASSED] - connection.setRequestMethod("GET"): null

2022-03-22 14:27:16 - [TEST_STEP][PASSED] - connection.setReadTimeout(2 * 1000): null

2022-03-22 14:27:16 - [TEST_STEP][PASSED] - try: null

2022-03-22 14:27:16 - [TEST_STEP][PASSED] - connection.connect(): null

2022-03-22 14:27:16 - [TEST_STEP][PASSED] - flag = connected: null

2022-03-22 14:27:16 - [TEST_STEP][PASSED] - println("Valor_ori: " + flag): null

2022-03-22 14:27:16 - [TEST_STEP][PASSED] - if (flag): null

2022-03-22 14:27:16 - [TEST_STEP][PASSED] - navigateToUrl(i): Navigate to 'http://192.168.2.19:8380/saraweb' successfully

2022-03-22 14:27:17 - [MESSAGE][PASSED] - Navigate to 'http://192.168.2.19:8380/saraweb' successfully

2022-03-22 14:27:17 - [TEST_STEP][PASSED] - a(): null

2022-03-22 14:27:17 - [TEST_STEP][PASSED] - setText(findTestObject("Login/input_USUARIO_loginusuario"), G_Usuario): Text 'saraadmin' is set on object 'Object Repository/Login/input_USUARIO_loginusuario'

2022-03-22 14:27:18 - [MESSAGE][PASSED] - Text 'saraadmin' is set on object 'Object Repository/Login/input_USUARIO_loginusuario'

2022-03-22 14:27:18 - [TEST_STEP][PASSED] - setEncryptedText(findTestObject("Login/input_CLAVE_loginpassword"), "MkG4/TYiCFC3cb2driP7+Q=="): Text ****** has been set on object 'Object Repository/Login/input_CLAVE_loginpassword'

2022-03-22 14:27:18 - [MESSAGE][PASSED] - Text ****** has been set on object 'Object Repository/Login/input_CLAVE_loginpassword'

2022-03-22 14:27:18 - [TEST_STEP][PASSED] - waitForElementClickable(findTestObject("Login/a_Ingresar"), G_TimeOut): Object 'Object Repository/Login/a_Ingresar' is clickable

2022-03-22 14:27:19 - [MESSAGE][PASSED] - Object 'Object Repository/Login/a_Ingresar' is clickable

2022-03-22 14:27:19 - [TEST_STEP][PASSED] - click(findTestObject("Login/a_Ingresar")): Object: 'Object Repository/Login/a_Ingresar' is clicked on

2022-03-22 14:27:20 - [MESSAGE][PASSED] - Object: 'Object Repository/Login/a_Ingresar' is clicked on

2022-03-22 14:27:20 - [TEST_STEP][PASSED] - element = findWebElement(findTestObject("Login/a_Ir"), 30): null

2022-03-22 14:27:21 - [TEST_STEP][PASSED] - executeJavaScript("arguments[0].click()", Arrays.asList(element)): Execute JavaScript 'arguments[0].click()' successfully

2022-03-22 14:27:21 - [MESSAGE][PASSED] - Execute JavaScript 'arguments[0].click()' successfully

2022-03-22 14:27:21 - [MESSAGE][PASSED] - Call Test Case 'Test Cases/0.1-Login' successfully

2022-03-22 14:27:21 - [TEST_STEP][PASSED] - setText(findTestObject("Modulo Selección/Publicación_de_la_convocatoria/input_Empresa 1_form_templatej_idt24_input"), "proceso de seleccion"): Text 'proceso de seleccion' is set on object 'Object Repository/Modulo Selección/Publicación_de_la_convocatoria/input_Empresa 1_form_templatej_idt24_input'

2022-03-22 14:27:22 - [MESSAGE][PASSED] - Text 'proceso de seleccion' is set on object 'Object Repository/Modulo Selección/Publicación_de_la_convocatoria/input_Empresa 1_form_templatej_idt24_input'

2022-03-22 14:27:22 - [TEST_STEP][PASSED] - click(findTestObject("Modulo Selección/Publicación_de_la_convocatoria/span_Proceso de Sel")): Object: 'Object Repository/Modulo Selección/Publicación_de_la_convocatoria/span_Proceso de Sel' is clicked on

2022-03-22 14:27:23 - [MESSAGE][PASSED] - Object: 'Object Repository/Modulo Selección/Publicación_de_la_convocatoria/span_Proceso de Sel' is clicked on

2022-03-22 14:27:23 - [TEST_STEP][PASSED] - setText(findTestObject("Modulo Selección/Publicación_de_la_convocatoria/input_Fecha Inicial_filtro_procesoseleccionfechaps_input"), "29/06/2017"): Text '29/06/2017' is set on object 'Object Repository/Modulo Selección/Publicación_de_la_convocatoria/input_Fecha Inicial_filtro_procesoseleccionfechaps_input'

2022-03-22 14:27:24 - [MESSAGE][PASSED] - Text '29/06/2017' is set on object 'Object Repository/Modulo Selección/Publicación_de_la_convocatoria/input_Fecha Inicial_filtro_procesoseleccionfechaps_input'

2022-03-22 14:27:24 - [TEST_STEP][PASSED] - setText(findTestObject("Modulo Selección/Publicación_de_la_convocatoria/input_Fecha Final_filtro_procesoseleccionfechaps1_input"), "10/07/2017"): Text '10/07/2017' is set on object 'Object Repository/Modulo Selección/Publicación_de_la_convocatoria/input_Fecha Final_filtro_procesoseleccionfechaps1_input'

2022-03-22 14:27:25 - [MESSAGE][PASSED] - Text '10/07/2017' is set on object 'Object Repository/Modulo Selección/Publicación_de_la_convocatoria/input_Fecha Final_filtro_procesoseleccionfechaps1_input'

2022-03-22 14:27:25 - [TEST_STEP][PASSED] - waitForElementVisible(findTestObject("Modulo Selección/Publicación_de_la_convocatoria/td_8028     - Analista De Sistemas"), 0): Object 'Object Repository/Modulo Selección/Publicación_de_la_convocatoria/td_8028     - Analista De Sistemas' is visible

2022-03-22 14:27:25 - [MESSAGE][WARNING] - Timeout '0' is invalid. Using default page load timeout: '45'

2022-03-22 14:27:26 - [MESSAGE][PASSED] - Object 'Object Repository/Modulo Selección/Publicación_de_la_convocatoria/td_8028     - Analista De Sistemas' is visible

2022-03-22 14:27:26 - [TEST_STEP][PASSED] - click(findTestObject("Modulo Selección/Publicación_de_la_convocatoria/td_8028     - Analista De Sistemas")): Object: 'Object Repository/Modulo Selección/Publicación_de_la_convocatoria/td_8028     - Analista De Sistemas' is clicked on

2022-03-22 14:27:26 - [MESSAGE][PASSED] - Object: 'Object Repository/Modulo Selección/Publicación_de_la_convocatoria/td_8028     - Analista De Sistemas' is clicked on

2022-03-22 14:27:26 - [TEST_STEP][PASSED] - click(findTestObject("Modulo Selección/Publicación_de_la_convocatoria/a_Publicacin")): Object: 'Object Repository/Modulo Selección/Publicación_de_la_convocatoria/a_Publicacin' is clicked on

2022-03-22 14:27:27 - [MESSAGE][PASSED] - Object: 'Object Repository/Modulo Selección/Publicación_de_la_convocatoria/a_Publicacin' is clicked on

2022-03-22 14:27:27 - [TEST_STEP][PASSED] - setText(findTestObject("Modulo Selección/Publicación_de_la_convocatoria/input_Publicacin_seleccion_procesofecha_publicacion_input"), fechaI): Text '22/3/2022' is set on object 'Object Repository/Modulo Selección/Publicación_de_la_convocatoria/input_Publicacin_seleccion_procesofecha_publicacion_input'

2022-03-22 14:27:29 - [MESSAGE][PASSED] - Text '22/3/2022' is set on object 'Object Repository/Modulo Selección/Publicación_de_la_convocatoria/input_Publicacin_seleccion_procesofecha_publicacion_input'

2022-03-22 14:27:29 - [TEST_STEP][PASSED] - setText(findTestObject("Modulo Selección/Publicación_de_la_convocatoria/input_Hasta_seleccion_procesofecha_hasta_input"), fechaF): Text '22/3/2023' is set on object 'Object Repository/Modulo Selección/Publicación_de_la_convocatoria/input_Hasta_seleccion_procesofecha_hasta_input'

2022-03-22 14:27:30 - [MESSAGE][PASSED] - Text '22/3/2023' is set on object 'Object Repository/Modulo Selección/Publicación_de_la_convocatoria/input_Hasta_seleccion_procesofecha_hasta_input'

2022-03-22 14:27:30 - [TEST_STEP][PASSED] - setText(findTestObject("Modulo Selección/Publicación_de_la_convocatoria/div_Detalle_ql-editor ql-blank"), "pruebas katalon 10.1.5"): Text 'pruebas katalon 10.1.5' is set on object 'Object Repository/Modulo Selección/Publicación_de_la_convocatoria/div_Detalle_ql-editor ql-blank'

2022-03-22 14:27:31 - [MESSAGE][PASSED] - Text 'pruebas katalon 10.1.5' is set on object 'Object Repository/Modulo Selección/Publicación_de_la_convocatoria/div_Detalle_ql-editor ql-blank'

2022-03-22 14:27:31 - [TEST_STEP][PASSED] - click(findTestObject("Modulo Selección/Publicación_de_la_convocatoria/a_Publicar")): Object: 'Object Repository/Modulo Selección/Publicación_de_la_convocatoria/a_Publicar' is clicked on

2022-03-22 14:27:32 - [MESSAGE][PASSED] - Object: 'Object Repository/Modulo Selección/Publicación_de_la_convocatoria/a_Publicar' is clicked on

2022-03-22 14:27:32 - [TEST_STEP][PASSED] - if (waitForElementNotVisible(findTestObject("Modulo Selección/Publicación_de_la_convocatoria/p_El proceso ha sido publicado exitosamente"), 1)): Object 'Object Repository/Modulo Selección/Publicación_de_la_convocatoria/p_El proceso ha sido publicado exitosamente' is visible after 1 second(s)

2022-03-22 14:27:34 - [MESSAGE][WARNING] - Object 'Object Repository/Modulo Selección/Publicación_de_la_convocatoria/p_El proceso ha sido publicado exitosamente' is visible after 1 second(s)

2022-03-22 14:27:34 - [TEST_STEP][PASSED] - else: Browser is closed

2022-03-22 14:27:34 - [TEST_STEP][PASSED] - closeBrowser(): Browser is closed

2022-03-22 14:27:35 - [MESSAGE][PASSED] - Browser is closed]]></system-out>
         <system-err><![CDATA[]]></system-err>
      </testcase>
      <testcase name="Test Cases/10.1-Pruebas_Selección/10.1.7-Buscar_hoja_de_vida" time="16.634" classname="Test Cases/10.1-Pruebas_Selección/10.1.7-Buscar_hoja_de_vida" status="PASSED">
         <system-out><![CDATA[2022-03-22 14:27:35 - [TEST_CASE][PASSED] - Test Cases/10.1-Pruebas_Selección/10.1.7-Buscar_hoja_de_vida: Test Cases/10.1-Pruebas_Selección/10.1.7-Buscar_hoja_de_vida

2022-03-22 14:27:35 - [TEST_STEP][PASSED] - callTestCase(findTestCase("0.1-Login"), [:], STOP_ON_FAILURE): Call Test Case 'Test Cases/0.1-Login' successfully

2022-03-22 14:27:35 - [TEST_CASE][PASSED] - Test Cases/0.1-Login: Test Cases/0.1-Login

2022-03-22 14:27:35 - [TEST_STEP][PASSED] - openBrowser(""): Browser is opened with url: ''

2022-03-22 14:27:35 - [MESSAGE][INFO] - Starting 'Chrome' driver

2022-03-22 14:27:35 - [MESSAGE][INFO] - Action delay is set to 0 milliseconds

2022-03-22 14:27:37 - [MESSAGE][PASSED] - Browser is opened with url: ''

2022-03-22 14:27:37 - [TEST_STEP][PASSED] - maximizeWindow(): Current window maximized

2022-03-22 14:27:37 - [MESSAGE][PASSED] - Current window maximized

2022-03-22 14:27:37 - [TEST_STEP][PASSED] - i = G_Login: null

2022-03-22 14:27:37 - [TEST_STEP][PASSED] - url = new java.net.URL(i): null

2022-03-22 14:27:37 - [TEST_STEP][PASSED] - println("URL: " + url.toString()): null

2022-03-22 14:27:37 - [TEST_STEP][PASSED] - connection = url.openConnection(): null

2022-03-22 14:27:37 - [TEST_STEP][PASSED] - connection.setRequestMethod("GET"): null

2022-03-22 14:27:37 - [TEST_STEP][PASSED] - connection.setReadTimeout(2 * 1000): null

2022-03-22 14:27:37 - [TEST_STEP][PASSED] - try: null

2022-03-22 14:27:37 - [TEST_STEP][PASSED] - connection.connect(): null

2022-03-22 14:27:37 - [TEST_STEP][PASSED] - flag = connected: null

2022-03-22 14:27:37 - [TEST_STEP][PASSED] - println("Valor_ori: " + flag): null

2022-03-22 14:27:37 - [TEST_STEP][PASSED] - if (flag): null

2022-03-22 14:27:37 - [TEST_STEP][PASSED] - navigateToUrl(i): Navigate to 'http://192.168.2.19:8380/saraweb' successfully

2022-03-22 14:27:37 - [MESSAGE][PASSED] - Navigate to 'http://192.168.2.19:8380/saraweb' successfully

2022-03-22 14:27:37 - [TEST_STEP][PASSED] - a(): null

2022-03-22 14:27:37 - [TEST_STEP][PASSED] - setText(findTestObject("Login/input_USUARIO_loginusuario"), G_Usuario): Text 'saraadmin' is set on object 'Object Repository/Login/input_USUARIO_loginusuario'

2022-03-22 14:27:38 - [MESSAGE][PASSED] - Text 'saraadmin' is set on object 'Object Repository/Login/input_USUARIO_loginusuario'

2022-03-22 14:27:38 - [TEST_STEP][PASSED] - setEncryptedText(findTestObject("Login/input_CLAVE_loginpassword"), "MkG4/TYiCFC3cb2driP7+Q=="): Text ****** has been set on object 'Object Repository/Login/input_CLAVE_loginpassword'

2022-03-22 14:27:39 - [MESSAGE][PASSED] - Text ****** has been set on object 'Object Repository/Login/input_CLAVE_loginpassword'

2022-03-22 14:27:39 - [TEST_STEP][PASSED] - waitForElementClickable(findTestObject("Login/a_Ingresar"), G_TimeOut): Object 'Object Repository/Login/a_Ingresar' is clickable

2022-03-22 14:27:39 - [MESSAGE][PASSED] - Object 'Object Repository/Login/a_Ingresar' is clickable

2022-03-22 14:27:39 - [TEST_STEP][PASSED] - click(findTestObject("Login/a_Ingresar")): Object: 'Object Repository/Login/a_Ingresar' is clicked on

2022-03-22 14:27:40 - [MESSAGE][PASSED] - Object: 'Object Repository/Login/a_Ingresar' is clicked on

2022-03-22 14:27:40 - [TEST_STEP][PASSED] - element = findWebElement(findTestObject("Login/a_Ir"), 30): null

2022-03-22 14:27:41 - [TEST_STEP][PASSED] - executeJavaScript("arguments[0].click()", Arrays.asList(element)): Execute JavaScript 'arguments[0].click()' successfully

2022-03-22 14:27:41 - [MESSAGE][PASSED] - Execute JavaScript 'arguments[0].click()' successfully

2022-03-22 14:27:41 - [MESSAGE][PASSED] - Call Test Case 'Test Cases/0.1-Login' successfully

2022-03-22 14:27:41 - [TEST_STEP][PASSED] - setText(findTestObject("Modulo Selección/Buscar_hoja_de_vida/input_Empresa 1_form_templatej_idt24_input"), "Buscador Hoja vida"): Text 'Buscador Hoja vida' is set on object 'Object Repository/Modulo Selección/Buscar_hoja_de_vida/input_Empresa 1_form_templatej_idt24_input'

2022-03-22 14:27:42 - [MESSAGE][PASSED] - Text 'Buscador Hoja vida' is set on object 'Object Repository/Modulo Selección/Buscar_hoja_de_vida/input_Empresa 1_form_templatej_idt24_input'

2022-03-22 14:27:42 - [TEST_STEP][PASSED] - click(findTestObject("Modulo Selección/Buscar_hoja_de_vida/li_Buscador Hoja Vida (hoj)")): Object: 'Object Repository/Modulo Selección/Buscar_hoja_de_vida/li_Buscador Hoja Vida (hoj)' is clicked on

2022-03-22 14:27:43 - [MESSAGE][PASSED] - Object: 'Object Repository/Modulo Selección/Buscar_hoja_de_vida/li_Buscador Hoja Vida (hoj)' is clicked on

2022-03-22 14:27:43 - [TEST_STEP][PASSED] - click(findTestObject("Modulo Selección/Buscar_hoja_de_vida/label_Las hojas de vidas de los empleados")): Object: 'Object Repository/Modulo Selección/Buscar_hoja_de_vida/label_Las hojas de vidas de los empleados' is clicked on

2022-03-22 14:27:44 - [MESSAGE][PASSED] - Object: 'Object Repository/Modulo Selección/Buscar_hoja_de_vida/label_Las hojas de vidas de los empleados' is clicked on

2022-03-22 14:27:44 - [TEST_STEP][PASSED] - click(findTestObject("Modulo Selección/Buscar_hoja_de_vida/label_Las hojas de vida que cumplan con el perfil de una cargo")): Object: 'Object Repository/Modulo Selección/Buscar_hoja_de_vida/label_Las hojas de vida que cumplan con el perfil de una cargo' is clicked on

2022-03-22 14:27:45 - [MESSAGE][PASSED] - Object: 'Object Repository/Modulo Selección/Buscar_hoja_de_vida/label_Las hojas de vida que cumplan con el perfil de una cargo' is clicked on

2022-03-22 14:27:45 - [TEST_STEP][PASSED] - selectOptionByIndex(findTestObject("Modulo Selección/Buscar_hoja_de_vida/select_CALIDADMENSUAL ABCMODELO EMPRESA QUINCENAL"), 1): All options with index in [1] are selected on object 'Object Repository/Modulo Selección/Buscar_hoja_de_vida/select_CALIDADMENSUAL ABCMODELO EMPRESA QUINCENAL'

2022-03-22 14:27:47 - [MESSAGE][PASSED] - All options with index in [1] are selected on object 'Object Repository/Modulo Selección/Buscar_hoja_de_vida/select_CALIDADMENSUAL ABCMODELO EMPRESA QUINCENAL'

2022-03-22 14:27:47 - [TEST_STEP][PASSED] - selectOptionByIndex(findTestObject("Modulo Selección/Buscar_hoja_de_vida/select_1111123456ADMINISTRACIONADMINISTRACIONAnalista QA"), 8): All options with index in [8] are selected on object 'Object Repository/Modulo Selección/Buscar_hoja_de_vida/select_1111123456ADMINISTRACIONADMINISTRACIONAnalista QA'

2022-03-22 14:27:48 - [MESSAGE][PASSED] - All options with index in [8] are selected on object 'Object Repository/Modulo Selección/Buscar_hoja_de_vida/select_1111123456ADMINISTRACIONADMINISTRACIONAnalista QA'

2022-03-22 14:27:48 - [TEST_STEP][PASSED] - selectOptionByIndex(findTestObject("Modulo Selección/Buscar_hoja_de_vida/select_20061    - ANALISTA DE MARKETING20139    - ABOGADO20156    - ANALISTA CONTABLE"), 1): All options with index in [1] are selected on object 'Object Repository/Modulo Selección/Buscar_hoja_de_vida/select_20061    - ANALISTA DE MARKETING20139    - ABOGADO20156    - ANALISTA CONTABLE'

2022-03-22 14:27:50 - [MESSAGE][PASSED] - All options with index in [1] are selected on object 'Object Repository/Modulo Selección/Buscar_hoja_de_vida/select_20061    - ANALISTA DE MARKETING20139    - ABOGADO20156    - ANALISTA CONTABLE'

2022-03-22 14:27:50 - [TEST_STEP][PASSED] - click(findTestObject("Modulo Selección/Buscar_hoja_de_vida/a_Aplicar")): Object: 'Object Repository/Modulo Selección/Buscar_hoja_de_vida/a_Aplicar' is clicked on

2022-03-22 14:27:51 - [MESSAGE][PASSED] - Object: 'Object Repository/Modulo Selección/Buscar_hoja_de_vida/a_Aplicar' is clicked on

2022-03-22 14:27:51 - [TEST_STEP][PASSED] - closeBrowser(): Browser is closed

2022-03-22 14:27:51 - [MESSAGE][PASSED] - Browser is closed]]></system-out>
         <system-err><![CDATA[]]></system-err>
      </testcase>
      <testcase name="Test Cases/10.1-Pruebas_Selección/10.1.8-Buscar_hoja_de_vida_externa" time="36.237" classname="Test Cases/10.1-Pruebas_Selección/10.1.8-Buscar_hoja_de_vida_externa" status="PASSED">
         <system-out><![CDATA[2022-03-22 14:27:51 - [TEST_CASE][PASSED] - Test Cases/10.1-Pruebas_Selección/10.1.8-Buscar_hoja_de_vida_externa: Test Cases/10.1-Pruebas_Selección/10.1.8-Buscar_hoja_de_vida_externa

2022-03-22 14:27:52 - [TEST_STEP][PASSED] - callTestCase(findTestCase("0.1-Login"), [:], STOP_ON_FAILURE): Call Test Case 'Test Cases/0.1-Login' successfully

2022-03-22 14:27:52 - [TEST_CASE][PASSED] - Test Cases/0.1-Login: Test Cases/0.1-Login

2022-03-22 14:27:52 - [TEST_STEP][PASSED] - openBrowser(""): Browser is opened with url: ''

2022-03-22 14:27:52 - [MESSAGE][INFO] - Starting 'Chrome' driver

2022-03-22 14:27:52 - [MESSAGE][INFO] - Action delay is set to 0 milliseconds

2022-03-22 14:27:53 - [MESSAGE][PASSED] - Browser is opened with url: ''

2022-03-22 14:27:53 - [TEST_STEP][PASSED] - maximizeWindow(): Current window maximized

2022-03-22 14:27:53 - [MESSAGE][PASSED] - Current window maximized

2022-03-22 14:27:53 - [TEST_STEP][PASSED] - i = G_Login: null

2022-03-22 14:27:53 - [TEST_STEP][PASSED] - url = new java.net.URL(i): null

2022-03-22 14:27:53 - [TEST_STEP][PASSED] - println("URL: " + url.toString()): null

2022-03-22 14:27:53 - [TEST_STEP][PASSED] - connection = url.openConnection(): null

2022-03-22 14:27:53 - [TEST_STEP][PASSED] - connection.setRequestMethod("GET"): null

2022-03-22 14:27:53 - [TEST_STEP][PASSED] - connection.setReadTimeout(2 * 1000): null

2022-03-22 14:27:53 - [TEST_STEP][PASSED] - try: null

2022-03-22 14:27:53 - [TEST_STEP][PASSED] - connection.connect(): null

2022-03-22 14:27:53 - [TEST_STEP][PASSED] - flag = connected: null

2022-03-22 14:27:53 - [TEST_STEP][PASSED] - println("Valor_ori: " + flag): null

2022-03-22 14:27:53 - [TEST_STEP][PASSED] - if (flag): null

2022-03-22 14:27:53 - [TEST_STEP][PASSED] - navigateToUrl(i): Navigate to 'http://192.168.2.19:8380/saraweb' successfully

2022-03-22 14:27:54 - [MESSAGE][PASSED] - Navigate to 'http://192.168.2.19:8380/saraweb' successfully

2022-03-22 14:27:54 - [TEST_STEP][PASSED] - a(): null

2022-03-22 14:27:54 - [TEST_STEP][PASSED] - setText(findTestObject("Login/input_USUARIO_loginusuario"), G_Usuario): Text 'saraadmin' is set on object 'Object Repository/Login/input_USUARIO_loginusuario'

2022-03-22 14:27:55 - [MESSAGE][PASSED] - Text 'saraadmin' is set on object 'Object Repository/Login/input_USUARIO_loginusuario'

2022-03-22 14:27:55 - [TEST_STEP][PASSED] - setEncryptedText(findTestObject("Login/input_CLAVE_loginpassword"), "MkG4/TYiCFC3cb2driP7+Q=="): Text ****** has been set on object 'Object Repository/Login/input_CLAVE_loginpassword'

2022-03-22 14:27:55 - [MESSAGE][PASSED] - Text ****** has been set on object 'Object Repository/Login/input_CLAVE_loginpassword'

2022-03-22 14:27:55 - [TEST_STEP][PASSED] - waitForElementClickable(findTestObject("Login/a_Ingresar"), G_TimeOut): Object 'Object Repository/Login/a_Ingresar' is clickable

2022-03-22 14:27:56 - [MESSAGE][PASSED] - Object 'Object Repository/Login/a_Ingresar' is clickable

2022-03-22 14:27:56 - [TEST_STEP][PASSED] - click(findTestObject("Login/a_Ingresar")): Object: 'Object Repository/Login/a_Ingresar' is clicked on

2022-03-22 14:27:57 - [MESSAGE][PASSED] - Object: 'Object Repository/Login/a_Ingresar' is clicked on

2022-03-22 14:27:57 - [TEST_STEP][PASSED] - element = findWebElement(findTestObject("Login/a_Ir"), 30): null

2022-03-22 14:27:57 - [TEST_STEP][PASSED] - executeJavaScript("arguments[0].click()", Arrays.asList(element)): Execute JavaScript 'arguments[0].click()' successfully

2022-03-22 14:27:57 - [MESSAGE][PASSED] - Execute JavaScript 'arguments[0].click()' successfully

2022-03-22 14:27:57 - [MESSAGE][PASSED] - Call Test Case 'Test Cases/0.1-Login' successfully

2022-03-22 14:27:57 - [TEST_STEP][PASSED] - setText(findTestObject("Modulo Selección/Buscar_hoja_de_vida_externa/input_Empresa 1_form_templatej_idt24_input"), "Buscador Hoja Vida Externa"): Text 'Buscador Hoja Vida Externa' is set on object 'Object Repository/Modulo Selección/Buscar_hoja_de_vida_externa/input_Empresa 1_form_templatej_idt24_input'

2022-03-22 14:27:59 - [MESSAGE][PASSED] - Text 'Buscador Hoja Vida Externa' is set on object 'Object Repository/Modulo Selección/Buscar_hoja_de_vida_externa/input_Empresa 1_form_templatej_idt24_input'

2022-03-22 14:27:59 - [TEST_STEP][PASSED] - click(findTestObject("Modulo Selección/Buscar_hoja_de_vida_externa/span_Buscador Hoja Vida Externa")): Object: 'Object Repository/Modulo Selección/Buscar_hoja_de_vida_externa/span_Buscador Hoja Vida Externa' is clicked on

2022-03-22 14:28:00 - [MESSAGE][PASSED] - Object: 'Object Repository/Modulo Selección/Buscar_hoja_de_vida_externa/span_Buscador Hoja Vida Externa' is clicked on

2022-03-22 14:28:00 - [TEST_STEP][PASSED] - click(findTestObject("Modulo Selección/Buscar_hoja_de_vida_externa/label_Las hojas de vida que no correspondan a empleados")): Object: 'Object Repository/Modulo Selección/Buscar_hoja_de_vida_externa/label_Las hojas de vida que no correspondan a empleados' is clicked on

2022-03-22 14:28:01 - [MESSAGE][PASSED] - Object: 'Object Repository/Modulo Selección/Buscar_hoja_de_vida_externa/label_Las hojas de vida que no correspondan a empleados' is clicked on

2022-03-22 14:28:01 - [TEST_STEP][PASSED] - click(findTestObject("Modulo Selección/Buscar_hoja_de_vida_externa/label_Las hojas de vida que cumplan con el perfil de una cargo")): Object: 'Object Repository/Modulo Selección/Buscar_hoja_de_vida_externa/label_Las hojas de vida que cumplan con el perfil de una cargo' is clicked on

2022-03-22 14:28:01 - [MESSAGE][PASSED] - Object: 'Object Repository/Modulo Selección/Buscar_hoja_de_vida_externa/label_Las hojas de vida que cumplan con el perfil de una cargo' is clicked on

2022-03-22 14:28:01 - [TEST_STEP][PASSED] - selectOptionByIndex(findTestObject("Modulo Selección/Buscar_hoja_de_vida_externa/select_CALIDADMENSUAL ABCMODELO EMPRESA QUINCENALPANSIONADOSPENSIONADOS BASEPRUEBAS"), 1): All options with index in [1] are selected on object 'Object Repository/Modulo Selección/Buscar_hoja_de_vida_externa/select_CALIDADMENSUAL ABCMODELO EMPRESA QUINCENALPANSIONADOSPENSIONADOS BASEPRUEBAS'

2022-03-22 14:28:03 - [MESSAGE][PASSED] - All options with index in [1] are selected on object 'Object Repository/Modulo Selección/Buscar_hoja_de_vida_externa/select_CALIDADMENSUAL ABCMODELO EMPRESA QUINCENALPANSIONADOSPENSIONADOS BASEPRUEBAS'

2022-03-22 14:28:03 - [TEST_STEP][PASSED] - selectOptionByIndex(findTestObject("Modulo Selección/Buscar_hoja_de_vida_externa/select_1111123456ADMINISTRACIONADMINISTRACIONAnalista QAASISTENCIAASISTENTE ASISTENTE"), 8): All options with index in [8] are selected on object 'Object Repository/Modulo Selección/Buscar_hoja_de_vida_externa/select_1111123456ADMINISTRACIONADMINISTRACIONAnalista QAASISTENCIAASISTENTE ASISTENTE'

2022-03-22 14:28:04 - [MESSAGE][PASSED] - All options with index in [8] are selected on object 'Object Repository/Modulo Selección/Buscar_hoja_de_vida_externa/select_1111123456ADMINISTRACIONADMINISTRACIONAnalista QAASISTENCIAASISTENTE ASISTENTE'

2022-03-22 14:28:04 - [TEST_STEP][PASSED] - selectOptionByIndex(findTestObject("Modulo Selección/Buscar_hoja_de_vida_externa/select_20061    - ANALISTA DE MARKETING20139    - ABOGADO20156    - ANALISTA CONTABLE"), 3): All options with index in [3] are selected on object 'Object Repository/Modulo Selección/Buscar_hoja_de_vida_externa/select_20061    - ANALISTA DE MARKETING20139    - ABOGADO20156    - ANALISTA CONTABLE'

2022-03-22 14:28:06 - [MESSAGE][PASSED] - All options with index in [3] are selected on object 'Object Repository/Modulo Selección/Buscar_hoja_de_vida_externa/select_20061    - ANALISTA DE MARKETING20139    - ABOGADO20156    - ANALISTA CONTABLE'

2022-03-22 14:28:06 - [TEST_STEP][PASSED] - click(findTestObject("Modulo Selección/Buscar_hoja_de_vida_externa/span_Agregar Filtro_btn-miniadicionar")): Object: 'Object Repository/Modulo Selección/Buscar_hoja_de_vida_externa/span_Agregar Filtro_btn-miniadicionar' is clicked on

2022-03-22 14:28:07 - [MESSAGE][PASSED] - Object: 'Object Repository/Modulo Selección/Buscar_hoja_de_vida_externa/span_Agregar Filtro_btn-miniadicionar' is clicked on

2022-03-22 14:28:07 - [TEST_STEP][PASSED] - selectOptionByIndex(findTestObject("Modulo Selección/Buscar_hoja_de_vida_externa/select_1rea de experiencia NPARTICULO DE REVISTAARTICULO PERIODICOASOCIACIONESAsociaciones"), 11): All options with index in [11] are selected on object 'Object Repository/Modulo Selección/Buscar_hoja_de_vida_externa/select_1rea de experiencia NPARTICULO DE REVISTAARTICULO PERIODICOASOCIACIONESAsociaciones'

2022-03-22 14:28:08 - [MESSAGE][PASSED] - All options with index in [11] are selected on object 'Object Repository/Modulo Selección/Buscar_hoja_de_vida_externa/select_1rea de experiencia NPARTICULO DE REVISTAARTICULO PERIODICOASOCIACIONESAsociaciones'

2022-03-22 14:28:08 - [TEST_STEP][PASSED] - selectOptionByIndex(findTestObject("Modulo Selección/Buscar_hoja_de_vida_externa/select_CiudadCorreoDocumentoNombresPrimer ApellidoDOCUMENTOEDADACTUALIZACION"), 1): All options with index in [1] are selected on object 'Object Repository/Modulo Selección/Buscar_hoja_de_vida_externa/select_CiudadCorreoDocumentoNombresPrimer ApellidoDOCUMENTOEDADACTUALIZACION'

2022-03-22 14:28:10 - [MESSAGE][PASSED] - All options with index in [1] are selected on object 'Object Repository/Modulo Selección/Buscar_hoja_de_vida_externa/select_CiudadCorreoDocumentoNombresPrimer ApellidoDOCUMENTOEDADACTUALIZACION'

2022-03-22 14:28:10 - [TEST_STEP][PASSED] - selectOptionByIndex(findTestObject("Modulo Selección/Buscar_hoja_de_vida_externa/select_-- Seleccione--000000ABEJORRALABREGOABRIAQUACACIASACANDIACEVEDOACHIAGRADOAGUA"), 113): All options with index in [113] are selected on object 'Object Repository/Modulo Selección/Buscar_hoja_de_vida_externa/select_-- Seleccione--000000ABEJORRALABREGOABRIAQUACACIASACANDIACEVEDOACHIAGRADOAGUA'

2022-03-22 14:28:13 - [MESSAGE][PASSED] - All options with index in [113] are selected on object 'Object Repository/Modulo Selección/Buscar_hoja_de_vida_externa/select_-- Seleccione--000000ABEJORRALABREGOABRIAQUACACIASACANDIACEVEDOACHIAGRADOAGUA'

2022-03-22 14:28:13 - [TEST_STEP][PASSED] - click(findTestObject("Modulo Selección/Buscar_hoja_de_vida_externa/a_Aplicar3")): Object: 'Object Repository/Modulo Selección/Buscar_hoja_de_vida_externa/a_Aplicar3' is clicked on

2022-03-22 14:28:14 - [MESSAGE][PASSED] - Object: 'Object Repository/Modulo Selección/Buscar_hoja_de_vida_externa/a_Aplicar3' is clicked on

2022-03-22 14:28:14 - [TEST_STEP][PASSED] - click(findTestObject("Modulo Selección/Buscar_hoja_de_vida_externa/a_Aplicar2")): Object: 'Object Repository/Modulo Selección/Buscar_hoja_de_vida_externa/a_Aplicar2' is clicked on

2022-03-22 14:28:15 - [MESSAGE][PASSED] - Object: 'Object Repository/Modulo Selección/Buscar_hoja_de_vida_externa/a_Aplicar2' is clicked on

2022-03-22 14:28:15 - [TEST_STEP][PASSED] - click(findTestObject("Modulo Selección/Buscar_hoja_de_vida_externa/span_Excluir candidatos bloqueados_ui-chkbox-icon ui-icon ui-icon-check ui-c")): Object: 'Object Repository/Modulo Selección/Buscar_hoja_de_vida_externa/span_Excluir candidatos bloqueados_ui-chkbox-icon ui-icon ui-icon-check ui-c' is clicked on

2022-03-22 14:28:17 - [MESSAGE][PASSED] - Object: 'Object Repository/Modulo Selección/Buscar_hoja_de_vida_externa/span_Excluir candidatos bloqueados_ui-chkbox-icon ui-icon ui-icon-check ui-c' is clicked on

2022-03-22 14:28:17 - [TEST_STEP][PASSED] - click(findTestObject("Modulo Selección/Buscar_hoja_de_vida_externa/span_NO RELACIONADA_btn-procesoactivo us-icon-card-img")): Object: 'Object Repository/Modulo Selección/Buscar_hoja_de_vida_externa/span_NO RELACIONADA_btn-procesoactivo us-icon-card-img' is clicked on

2022-03-22 14:28:19 - [MESSAGE][PASSED] - Object: 'Object Repository/Modulo Selección/Buscar_hoja_de_vida_externa/span_NO RELACIONADA_btn-procesoactivo us-icon-card-img' is clicked on

2022-03-22 14:28:19 - [TEST_STEP][PASSED] - click(findTestObject("Modulo Selección/Buscar_hoja_de_vida_externa/a_Aceptar1")): Object: 'Object Repository/Modulo Selección/Buscar_hoja_de_vida_externa/a_Aceptar1' is clicked on

2022-03-22 14:28:20 - [MESSAGE][PASSED] - Object: 'Object Repository/Modulo Selección/Buscar_hoja_de_vida_externa/a_Aceptar1' is clicked on

2022-03-22 14:28:20 - [TEST_STEP][PASSED] - selectOptionByIndex(findTestObject("Modulo Selección/Buscar_hoja_de_vida_externa/select_SINO"), 1): All options with index in [1] are selected on object 'Object Repository/Modulo Selección/Buscar_hoja_de_vida_externa/select_SINO'

2022-03-22 14:28:23 - [MESSAGE][PASSED] - All options with index in [1] are selected on object 'Object Repository/Modulo Selección/Buscar_hoja_de_vida_externa/select_SINO'

2022-03-22 14:28:23 - [TEST_STEP][PASSED] - click(findTestObject("Modulo Selección/Buscar_hoja_de_vida_externa/td_Administracion")): Object: 'Object Repository/Modulo Selección/Buscar_hoja_de_vida_externa/td_Administracion' is clicked on

2022-03-22 14:28:23 - [MESSAGE][PASSED] - Object: 'Object Repository/Modulo Selección/Buscar_hoja_de_vida_externa/td_Administracion' is clicked on

2022-03-22 14:28:23 - [TEST_STEP][PASSED] - click(findTestObject("Modulo Selección/Buscar_hoja_de_vida_externa/a_Aplicar2")): Object: 'Object Repository/Modulo Selección/Buscar_hoja_de_vida_externa/a_Aplicar2' is clicked on

2022-03-22 14:28:24 - [MESSAGE][PASSED] - Object: 'Object Repository/Modulo Selección/Buscar_hoja_de_vida_externa/a_Aplicar2' is clicked on

2022-03-22 14:28:24 - [TEST_STEP][PASSED] - waitForElementVisible(findTestObject("Modulo Selección/Buscar_hoja_de_vida_externa/p_LA HOJA DE VIDA YA ESTA ASOCIADA A ESTE PROCESO"), 0): Object 'Object Repository/Modulo Selección/Buscar_hoja_de_vida_externa/p_LA HOJA DE VIDA YA ESTA ASOCIADA A ESTE PROCESO' is visible

2022-03-22 14:28:24 - [MESSAGE][WARNING] - Timeout '0' is invalid. Using default page load timeout: '45'

2022-03-22 14:28:27 - [MESSAGE][PASSED] - Object 'Object Repository/Modulo Selección/Buscar_hoja_de_vida_externa/p_LA HOJA DE VIDA YA ESTA ASOCIADA A ESTE PROCESO' is visible

2022-03-22 14:28:27 - [TEST_STEP][PASSED] - closeBrowser(): Browser is closed

2022-03-22 14:28:28 - [MESSAGE][PASSED] - Browser is closed]]></system-out>
         <system-err><![CDATA[]]></system-err>
      </testcase>
      <testcase name="Test Cases/10.1-Pruebas_Selección/10.1.9-Asociar_candidatos" time="26.369" classname="Test Cases/10.1-Pruebas_Selección/10.1.9-Asociar_candidatos" status="PASSED">
         <system-out><![CDATA[2022-03-22 14:28:28 - [TEST_CASE][PASSED] - Test Cases/10.1-Pruebas_Selección/10.1.9-Asociar_candidatos: Test Cases/10.1-Pruebas_Selección/10.1.9-Asociar_candidatos

2022-03-22 14:28:28 - [TEST_STEP][PASSED] - callTestCase(findTestCase("0.1-Login"), [:], STOP_ON_FAILURE): Call Test Case 'Test Cases/0.1-Login' successfully

2022-03-22 14:28:28 - [TEST_CASE][PASSED] - Test Cases/0.1-Login: Test Cases/0.1-Login

2022-03-22 14:28:28 - [TEST_STEP][PASSED] - openBrowser(""): Browser is opened with url: ''

2022-03-22 14:28:28 - [MESSAGE][INFO] - Starting 'Chrome' driver

2022-03-22 14:28:28 - [MESSAGE][INFO] - Action delay is set to 0 milliseconds

2022-03-22 14:28:30 - [MESSAGE][PASSED] - Browser is opened with url: ''

2022-03-22 14:28:30 - [TEST_STEP][PASSED] - maximizeWindow(): Current window maximized

2022-03-22 14:28:30 - [MESSAGE][PASSED] - Current window maximized

2022-03-22 14:28:30 - [TEST_STEP][PASSED] - i = G_Login: null

2022-03-22 14:28:30 - [TEST_STEP][PASSED] - url = new java.net.URL(i): null

2022-03-22 14:28:30 - [TEST_STEP][PASSED] - println("URL: " + url.toString()): null

2022-03-22 14:28:30 - [TEST_STEP][PASSED] - connection = url.openConnection(): null

2022-03-22 14:28:30 - [TEST_STEP][PASSED] - connection.setRequestMethod("GET"): null

2022-03-22 14:28:30 - [TEST_STEP][PASSED] - connection.setReadTimeout(2 * 1000): null

2022-03-22 14:28:30 - [TEST_STEP][PASSED] - try: null

2022-03-22 14:28:30 - [TEST_STEP][PASSED] - connection.connect(): null

2022-03-22 14:28:30 - [TEST_STEP][PASSED] - flag = connected: null

2022-03-22 14:28:30 - [TEST_STEP][PASSED] - println("Valor_ori: " + flag): null

2022-03-22 14:28:30 - [TEST_STEP][PASSED] - if (flag): null

2022-03-22 14:28:30 - [TEST_STEP][PASSED] - navigateToUrl(i): Navigate to 'http://192.168.2.19:8380/saraweb' successfully

2022-03-22 14:28:30 - [MESSAGE][PASSED] - Navigate to 'http://192.168.2.19:8380/saraweb' successfully

2022-03-22 14:28:30 - [TEST_STEP][PASSED] - a(): null

2022-03-22 14:28:30 - [TEST_STEP][PASSED] - setText(findTestObject("Login/input_USUARIO_loginusuario"), G_Usuario): Text 'saraadmin' is set on object 'Object Repository/Login/input_USUARIO_loginusuario'

2022-03-22 14:28:31 - [MESSAGE][PASSED] - Text 'saraadmin' is set on object 'Object Repository/Login/input_USUARIO_loginusuario'

2022-03-22 14:28:31 - [TEST_STEP][PASSED] - setEncryptedText(findTestObject("Login/input_CLAVE_loginpassword"), "MkG4/TYiCFC3cb2driP7+Q=="): Text ****** has been set on object 'Object Repository/Login/input_CLAVE_loginpassword'

2022-03-22 14:28:32 - [MESSAGE][PASSED] - Text ****** has been set on object 'Object Repository/Login/input_CLAVE_loginpassword'

2022-03-22 14:28:32 - [TEST_STEP][PASSED] - waitForElementClickable(findTestObject("Login/a_Ingresar"), G_TimeOut): Object 'Object Repository/Login/a_Ingresar' is clickable

2022-03-22 14:28:32 - [MESSAGE][PASSED] - Object 'Object Repository/Login/a_Ingresar' is clickable

2022-03-22 14:28:32 - [TEST_STEP][PASSED] - click(findTestObject("Login/a_Ingresar")): Object: 'Object Repository/Login/a_Ingresar' is clicked on

2022-03-22 14:28:33 - [MESSAGE][PASSED] - Object: 'Object Repository/Login/a_Ingresar' is clicked on

2022-03-22 14:28:33 - [TEST_STEP][PASSED] - element = findWebElement(findTestObject("Login/a_Ir"), 30): null

2022-03-22 14:28:34 - [TEST_STEP][PASSED] - executeJavaScript("arguments[0].click()", Arrays.asList(element)): Execute JavaScript 'arguments[0].click()' successfully

2022-03-22 14:28:34 - [MESSAGE][PASSED] - Execute JavaScript 'arguments[0].click()' successfully

2022-03-22 14:28:34 - [MESSAGE][PASSED] - Call Test Case 'Test Cases/0.1-Login' successfully

2022-03-22 14:28:34 - [TEST_STEP][PASSED] - setText(findTestObject("Modulo Selección/Asociar_candidatos/input_Empresa 1_form_templatej_idt24_input"), "proceso de seleccion"): Text 'proceso de seleccion' is set on object 'Object Repository/Modulo Selección/Asociar_candidatos/input_Empresa 1_form_templatej_idt24_input'

2022-03-22 14:28:35 - [MESSAGE][PASSED] - Text 'proceso de seleccion' is set on object 'Object Repository/Modulo Selección/Asociar_candidatos/input_Empresa 1_form_templatej_idt24_input'

2022-03-22 14:28:35 - [TEST_STEP][PASSED] - click(findTestObject("Modulo Selección/Asociar_candidatos/li_Proceso de Seleccion (tal)")): Object: 'Object Repository/Modulo Selección/Asociar_candidatos/li_Proceso de Seleccion (tal)' is clicked on

2022-03-22 14:28:36 - [MESSAGE][PASSED] - Object: 'Object Repository/Modulo Selección/Asociar_candidatos/li_Proceso de Seleccion (tal)' is clicked on

2022-03-22 14:28:36 - [TEST_STEP][PASSED] - selectOptionByIndex(findTestObject("Modulo Selección/Asociar_candidatos/select_--Seleccione--CALIDADMENSUAL ABCMODELO EMPRESA QUINCENALPANSIONADOSPENSIONADOS BASEPRUEBAS"), 1): All options with index in [1] are selected on object 'Object Repository/Modulo Selección/Asociar_candidatos/select_--Seleccione--CALIDADMENSUAL ABCMODELO EMPRESA QUINCENALPANSIONADOSPENSIONADOS BASEPRUEBAS'

2022-03-22 14:28:38 - [MESSAGE][PASSED] - All options with index in [1] are selected on object 'Object Repository/Modulo Selección/Asociar_candidatos/select_--Seleccione--CALIDADMENSUAL ABCMODELO EMPRESA QUINCENALPANSIONADOSPENSIONADOS BASEPRUEBAS'

2022-03-22 14:28:38 - [TEST_STEP][PASSED] - setText(findTestObject("Modulo Selección/Asociar_candidatos/input_Fecha Inicial_filtro_procesoseleccionfechaps_input"), "29/06/2017"): Text '29/06/2017' is set on object 'Object Repository/Modulo Selección/Asociar_candidatos/input_Fecha Inicial_filtro_procesoseleccionfechaps_input'

2022-03-22 14:28:40 - [MESSAGE][PASSED] - Text '29/06/2017' is set on object 'Object Repository/Modulo Selección/Asociar_candidatos/input_Fecha Inicial_filtro_procesoseleccionfechaps_input'

2022-03-22 14:28:40 - [TEST_STEP][PASSED] - sendKeys(findTestObject("Modulo Selección/Asociar_candidatos/input_Fecha Inicial_filtro_procesoseleccionfechaps_input"), Keys.chord(ENTER)): Keys 'ENTER + ' sent to object: 'Object Repository/Modulo Selección/Asociar_candidatos/input_Fecha Inicial_filtro_procesoseleccionfechaps_input'

2022-03-22 14:28:40 - [MESSAGE][PASSED] - Keys 'ENTER + ' sent to object: 'Object Repository/Modulo Selección/Asociar_candidatos/input_Fecha Inicial_filtro_procesoseleccionfechaps_input'

2022-03-22 14:28:40 - [TEST_STEP][PASSED] - click(findTestObject("Modulo Selección/Asociar_candidatos/td_8028     - Analista De Sistemas")): Object: 'Object Repository/Modulo Selección/Asociar_candidatos/td_8028     - Analista De Sistemas' is clicked on

2022-03-22 14:28:41 - [MESSAGE][PASSED] - Object: 'Object Repository/Modulo Selección/Asociar_candidatos/td_8028     - Analista De Sistemas' is clicked on

2022-03-22 14:28:41 - [TEST_STEP][PASSED] - click(findTestObject("Modulo Selección/Asociar_candidatos/div_Candidato")): Object: 'Object Repository/Modulo Selección/Asociar_candidatos/div_Candidato' is clicked on

2022-03-22 14:28:43 - [MESSAGE][PASSED] - Object: 'Object Repository/Modulo Selección/Asociar_candidatos/div_Candidato' is clicked on

2022-03-22 14:28:43 - [TEST_STEP][PASSED] - click(findTestObject("Modulo Selección/Asociar_candidatos/a_Registro Candidato")): Object: 'Object Repository/Modulo Selección/Asociar_candidatos/a_Registro Candidato' is clicked on

2022-03-22 14:28:43 - [MESSAGE][PASSED] - Object: 'Object Repository/Modulo Selección/Asociar_candidatos/a_Registro Candidato' is clicked on

2022-03-22 14:28:43 - [TEST_STEP][PASSED] - if (waitForElementVisible(findTestObject("Modulo Selección/Asociar_candidatos/td_A A A"), 1)): null

2022-03-22 14:28:45 - [MESSAGE][PASSED] - Object 'Object Repository/Modulo Selección/Asociar_candidatos/td_A A A' is visible

2022-03-22 14:28:45 - [TEST_STEP][PASSED] - click(findTestObject("Modulo Selección/Asociar_candidatos/td_A A A")): Object: 'Object Repository/Modulo Selección/Asociar_candidatos/td_A A A' is clicked on

2022-03-22 14:28:45 - [MESSAGE][PASSED] - Object: 'Object Repository/Modulo Selección/Asociar_candidatos/td_A A A' is clicked on

2022-03-22 14:28:45 - [TEST_STEP][PASSED] - click(findTestObject("Modulo Selección/Asociar_candidatos/a_Eliminar")): Object: 'Object Repository/Modulo Selección/Asociar_candidatos/a_Eliminar' is clicked on

2022-03-22 14:28:47 - [MESSAGE][PASSED] - Object: 'Object Repository/Modulo Selección/Asociar_candidatos/a_Eliminar' is clicked on

2022-03-22 14:28:47 - [TEST_STEP][PASSED] - click(findTestObject("Modulo Selección/Asociar_candidatos/span_Si")): Object: 'Object Repository/Modulo Selección/Asociar_candidatos/span_Si' is clicked on

2022-03-22 14:28:47 - [MESSAGE][PASSED] - Object: 'Object Repository/Modulo Selección/Asociar_candidatos/span_Si' is clicked on

2022-03-22 14:28:47 - [TEST_STEP][PASSED] - click(findTestObject("Modulo Selección/Asociar_candidatos/a_Nuevo")): Object: 'Object Repository/Modulo Selección/Asociar_candidatos/a_Nuevo' is clicked on

2022-03-22 14:28:48 - [MESSAGE][PASSED] - Object: 'Object Repository/Modulo Selección/Asociar_candidatos/a_Nuevo' is clicked on

2022-03-22 14:28:48 - [TEST_STEP][PASSED] - click(findTestObject("Modulo Selección/Asociar_candidatos/a_Identificacin_seleccion_procesopanelCandidatoj_idt924")): Object: 'Object Repository/Modulo Selección/Asociar_candidatos/a_Identificacin_seleccion_procesopanelCandidatoj_idt924' is clicked on

2022-03-22 14:28:50 - [MESSAGE][PASSED] - Object: 'Object Repository/Modulo Selección/Asociar_candidatos/a_Identificacin_seleccion_procesopanelCandidatoj_idt924' is clicked on

2022-03-22 14:28:50 - [TEST_STEP][PASSED] - setText(findTestObject("Modulo Selección/Asociar_candidatos/input_Filtro Candidatos_form_popUpCandidatosSeleccionj_idt171"), "A A A"): Text 'A A A' is set on object 'Object Repository/Modulo Selección/Asociar_candidatos/input_Filtro Candidatos_form_popUpCandidatosSeleccionj_idt171'

2022-03-22 14:28:51 - [MESSAGE][PASSED] - Text 'A A A' is set on object 'Object Repository/Modulo Selección/Asociar_candidatos/input_Filtro Candidatos_form_popUpCandidatosSeleccionj_idt171'

2022-03-22 14:28:51 - [TEST_STEP][PASSED] - sendKeys(findTestObject("Modulo Selección/Asociar_candidatos/input_Filtro Candidatos_form_popUpCandidatosSeleccionj_idt171"), Keys.chord(ENTER)): Keys 'ENTER + ' sent to object: 'Object Repository/Modulo Selección/Asociar_candidatos/input_Filtro Candidatos_form_popUpCandidatosSeleccionj_idt171'

2022-03-22 14:28:53 - [MESSAGE][PASSED] - Keys 'ENTER + ' sent to object: 'Object Repository/Modulo Selección/Asociar_candidatos/input_Filtro Candidatos_form_popUpCandidatosSeleccionj_idt171'

2022-03-22 14:28:53 - [TEST_STEP][PASSED] - click(findTestObject("Modulo Selección/Asociar_candidatos/span_A A A")): Object: 'Object Repository/Modulo Selección/Asociar_candidatos/span_A A A' is clicked on

2022-03-22 14:28:53 - [MESSAGE][PASSED] - Object: 'Object Repository/Modulo Selección/Asociar_candidatos/span_A A A' is clicked on

2022-03-22 14:28:53 - [TEST_STEP][PASSED] - click(findTestObject("a_Guardar")): Object: 'Object Repository/a_Guardar' is clicked on

2022-03-22 14:28:54 - [MESSAGE][PASSED] - Object: 'Object Repository/a_Guardar' is clicked on]]></system-out>
         <system-err><![CDATA[]]></system-err>
      </testcase>
      <testcase name="Test Cases/10.1-Pruebas_Selección/10.2.1-Programación_de_etapas_a_un_candidato" time="74.622" classname="Test Cases/10.1-Pruebas_Selección/10.2.1-Programación_de_etapas_a_un_candidato" status="FAILED">
         <failure type="FAILED" message="Test Cases/10.1-Pruebas_Selección/10.2.1-Programación_de_etapas_a_un_candidato FAILED.
Reason:
com.kms.katalon.core.exception.StepFailedException: Unable to click on object 'Object Repository/Modulo Selección/Programación_de_etapas_a_un_candidato/a_Generar'
	at com.kms.katalon.core.webui.keyword.internal.WebUIKeywordMain.stepFailed(WebUIKeywordMain.groovy:64)
	at com.kms.katalon.core.webui.keyword.internal.WebUIKeywordMain.runKeyword(WebUIKeywordMain.groovy:26)
	at com.kms.katalon.core.webui.keyword.builtin.ClickKeyword.click(ClickKeyword.groovy:74)
	at com.kms.katalon.core.webui.keyword.builtin.ClickKeyword.execute(ClickKeyword.groovy:40)
	at com.kms.katalon.core.keyword.internal.KeywordExecutor.executeKeywordForPlatform(KeywordExecutor.groovy:74)
	at com.kms.katalon.core.webui.keyword.WebUiBuiltInKeywords.click(WebUiBuiltInKeywords.groovy:620)
	at com.kms.katalon.core.webui.keyword.WebUiBuiltInKeywords$click$5.call(Unknown Source)
	at 10.2.1-Programación_de_etapas_a_un_candidato.run(10.2.1-Programación_de_etapas_a_un_candidato:82)
	at com.kms.katalon.core.main.ScriptEngine.run(ScriptEngine.java:194)
	at com.kms.katalon.core.main.ScriptEngine.runScriptAsRawText(ScriptEngine.java:119)
	at com.kms.katalon.core.main.TestCaseExecutor.runScript(TestCaseExecutor.java:442)
	at com.kms.katalon.core.main.TestCaseExecutor.doExecute(TestCaseExecutor.java:433)
	at com.kms.katalon.core.main.TestCaseExecutor.processExecutionPhase(TestCaseExecutor.java:412)
	at com.kms.katalon.core.main.TestCaseExecutor.accessMainPhase(TestCaseExecutor.java:404)
	at com.kms.katalon.core.main.TestCaseExecutor.execute(TestCaseExecutor.java:281)
	at com.kms.katalon.core.main.TestSuiteExecutor.accessTestCaseMainPhase(TestSuiteExecutor.java:202)
	at com.kms.katalon.core.main.TestSuiteExecutor.accessTestSuiteMainPhase(TestSuiteExecutor.java:164)
	at com.kms.katalon.core.main.TestSuiteExecutor.execute(TestSuiteExecutor.java:105)
	at com.kms.katalon.core.main.TestCaseMain.startTestSuite(TestCaseMain.java:185)
	at com.kms.katalon.core.main.TestCaseMain$startTestSuite$0.call(Unknown Source)
	at TempTestSuite1647977122420.run(TempTestSuite1647977122420.groovy:36)
Caused by: com.kms.katalon.core.webui.exception.WebElementNotFoundException: Web element with id: 'Object Repository/Modulo Selección/Programación_de_etapas_a_un_candidato/a_Generar' located by '//a[contains(text(),'Generar')]' not found
	at com.kms.katalon.core.webui.common.WebUiCommonHelper.findWebElement(WebUiCommonHelper.java:1370)
	at com.kms.katalon.core.webui.keyword.internal.WebUIAbstractKeyword.findWebElement(WebUIAbstractKeyword.groovy:27)
	at com.kms.katalon.core.webui.keyword.builtin.ClickKeyword$_click_closure1.doCall(ClickKeyword.groovy:65)
	at com.kms.katalon.core.webui.keyword.builtin.ClickKeyword$_click_closure1.call(ClickKeyword.groovy)
	at com.kms.katalon.core.webui.keyword.internal.WebUIKeywordMain.runKeyword(WebUIKeywordMain.groovy:20)
	... 19 more
"/>
         <system-out><![CDATA[2022-03-22 14:28:54 - [TEST_CASE][FAILED] - Test Cases/10.1-Pruebas_Selección/10.2.1-Programación_de_etapas_a_un_candidato: Test Cases/10.1-Pruebas_Selección/10.2.1-Programación_de_etapas_a_un_candidato FAILED.
Reason:
com.kms.katalon.core.exception.StepFailedException: Unable to click on object 'Object Repository/Modulo Selección/Programación_de_etapas_a_un_candidato/a_Generar'
	at com.kms.katalon.core.webui.keyword.internal.WebUIKeywordMain.stepFailed(WebUIKeywordMain.groovy:64)
	at com.kms.katalon.core.webui.keyword.internal.WebUIKeywordMain.runKeyword(WebUIKeywordMain.groovy:26)
	at com.kms.katalon.core.webui.keyword.builtin.ClickKeyword.click(ClickKeyword.groovy:74)
	at com.kms.katalon.core.webui.keyword.builtin.ClickKeyword.execute(ClickKeyword.groovy:40)
	at com.kms.katalon.core.keyword.internal.KeywordExecutor.executeKeywordForPlatform(KeywordExecutor.groovy:74)
	at com.kms.katalon.core.webui.keyword.WebUiBuiltInKeywords.click(WebUiBuiltInKeywords.groovy:620)
	at com.kms.katalon.core.webui.keyword.WebUiBuiltInKeywords$click$5.call(Unknown Source)
	at 10.2.1-Programación_de_etapas_a_un_candidato.run(10.2.1-Programación_de_etapas_a_un_candidato:82)
	at com.kms.katalon.core.main.ScriptEngine.run(ScriptEngine.java:194)
	at com.kms.katalon.core.main.ScriptEngine.runScriptAsRawText(ScriptEngine.java:119)
	at com.kms.katalon.core.main.TestCaseExecutor.runScript(TestCaseExecutor.java:442)
	at com.kms.katalon.core.main.TestCaseExecutor.doExecute(TestCaseExecutor.java:433)
	at com.kms.katalon.core.main.TestCaseExecutor.processExecutionPhase(TestCaseExecutor.java:412)
	at com.kms.katalon.core.main.TestCaseExecutor.accessMainPhase(TestCaseExecutor.java:404)
	at com.kms.katalon.core.main.TestCaseExecutor.execute(TestCaseExecutor.java:281)
	at com.kms.katalon.core.main.TestSuiteExecutor.accessTestCaseMainPhase(TestSuiteExecutor.java:202)
	at com.kms.katalon.core.main.TestSuiteExecutor.accessTestSuiteMainPhase(TestSuiteExecutor.java:164)
	at com.kms.katalon.core.main.TestSuiteExecutor.execute(TestSuiteExecutor.java:105)
	at com.kms.katalon.core.main.TestCaseMain.startTestSuite(TestCaseMain.java:185)
	at com.kms.katalon.core.main.TestCaseMain$startTestSuite$0.call(Unknown Source)
	at TempTestSuite1647977122420.run(TempTestSuite1647977122420.groovy:36)
Caused by: com.kms.katalon.core.webui.exception.WebElementNotFoundException: Web element with id: 'Object Repository/Modulo Selección/Programación_de_etapas_a_un_candidato/a_Generar' located by '//a[contains(text(),'Generar')]' not found
	at com.kms.katalon.core.webui.common.WebUiCommonHelper.findWebElement(WebUiCommonHelper.java:1370)
	at com.kms.katalon.core.webui.keyword.internal.WebUIAbstractKeyword.findWebElement(WebUIAbstractKeyword.groovy:27)
	at com.kms.katalon.core.webui.keyword.builtin.ClickKeyword$_click_closure1.doCall(ClickKeyword.groovy:65)
	at com.kms.katalon.core.webui.keyword.builtin.ClickKeyword$_click_closure1.call(ClickKeyword.groovy)
	at com.kms.katalon.core.webui.keyword.internal.WebUIKeywordMain.runKeyword(WebUIKeywordMain.groovy:20)
	... 19 more


2022-03-22 14:28:54 - [TEST_STEP][PASSED] - callTestCase(findTestCase("0.1-Login"), [:], STOP_ON_FAILURE): Call Test Case 'Test Cases/0.1-Login' successfully

2022-03-22 14:28:55 - [TEST_CASE][PASSED] - Test Cases/0.1-Login: Test Cases/0.1-Login

2022-03-22 14:28:55 - [TEST_STEP][PASSED] - openBrowser(""): Browser is opened with url: ''

2022-03-22 14:28:55 - [MESSAGE][WARNING] - A browser is already opened. Closing browser and opening a new one

2022-03-22 14:28:55 - [MESSAGE][INFO] - Starting 'Chrome' driver

2022-03-22 14:28:55 - [MESSAGE][INFO] - Action delay is set to 0 milliseconds

2022-03-22 14:28:57 - [MESSAGE][PASSED] - Browser is opened with url: ''

2022-03-22 14:28:57 - [TEST_STEP][PASSED] - maximizeWindow(): Current window maximized

2022-03-22 14:28:57 - [MESSAGE][PASSED] - Current window maximized

2022-03-22 14:28:57 - [TEST_STEP][PASSED] - i = G_Login: null

2022-03-22 14:28:57 - [TEST_STEP][PASSED] - url = new java.net.URL(i): null

2022-03-22 14:28:57 - [TEST_STEP][PASSED] - println("URL: " + url.toString()): null

2022-03-22 14:28:57 - [TEST_STEP][PASSED] - connection = url.openConnection(): null

2022-03-22 14:28:57 - [TEST_STEP][PASSED] - connection.setRequestMethod("GET"): null

2022-03-22 14:28:57 - [TEST_STEP][PASSED] - connection.setReadTimeout(2 * 1000): null

2022-03-22 14:28:57 - [TEST_STEP][PASSED] - try: null

2022-03-22 14:28:57 - [TEST_STEP][PASSED] - connection.connect(): null

2022-03-22 14:28:57 - [TEST_STEP][PASSED] - flag = connected: null

2022-03-22 14:28:57 - [TEST_STEP][PASSED] - println("Valor_ori: " + flag): null

2022-03-22 14:28:57 - [TEST_STEP][PASSED] - if (flag): null

2022-03-22 14:28:57 - [TEST_STEP][PASSED] - navigateToUrl(i): Navigate to 'http://192.168.2.19:8380/saraweb' successfully

2022-03-22 14:28:57 - [MESSAGE][PASSED] - Navigate to 'http://192.168.2.19:8380/saraweb' successfully

2022-03-22 14:28:57 - [TEST_STEP][PASSED] - a(): null

2022-03-22 14:28:57 - [TEST_STEP][PASSED] - setText(findTestObject("Login/input_USUARIO_loginusuario"), G_Usuario): Text 'saraadmin' is set on object 'Object Repository/Login/input_USUARIO_loginusuario'

2022-03-22 14:28:58 - [MESSAGE][PASSED] - Text 'saraadmin' is set on object 'Object Repository/Login/input_USUARIO_loginusuario'

2022-03-22 14:28:58 - [TEST_STEP][PASSED] - setEncryptedText(findTestObject("Login/input_CLAVE_loginpassword"), "MkG4/TYiCFC3cb2driP7+Q=="): Text ****** has been set on object 'Object Repository/Login/input_CLAVE_loginpassword'

2022-03-22 14:28:59 - [MESSAGE][PASSED] - Text ****** has been set on object 'Object Repository/Login/input_CLAVE_loginpassword'

2022-03-22 14:28:59 - [TEST_STEP][PASSED] - waitForElementClickable(findTestObject("Login/a_Ingresar"), G_TimeOut): Object 'Object Repository/Login/a_Ingresar' is clickable

2022-03-22 14:28:59 - [MESSAGE][PASSED] - Object 'Object Repository/Login/a_Ingresar' is clickable

2022-03-22 14:28:59 - [TEST_STEP][PASSED] - click(findTestObject("Login/a_Ingresar")): Object: 'Object Repository/Login/a_Ingresar' is clicked on

2022-03-22 14:29:00 - [MESSAGE][PASSED] - Object: 'Object Repository/Login/a_Ingresar' is clicked on

2022-03-22 14:29:00 - [TEST_STEP][PASSED] - element = findWebElement(findTestObject("Login/a_Ir"), 30): null

2022-03-22 14:29:01 - [TEST_STEP][PASSED] - executeJavaScript("arguments[0].click()", Arrays.asList(element)): Execute JavaScript 'arguments[0].click()' successfully

2022-03-22 14:29:01 - [MESSAGE][PASSED] - Execute JavaScript 'arguments[0].click()' successfully

2022-03-22 14:29:01 - [MESSAGE][PASSED] - Call Test Case 'Test Cases/0.1-Login' successfully

2022-03-22 14:29:01 - [TEST_STEP][PASSED] - setText(findTestObject("Modulo Selección/Programación_de_etapas_a_un_candidato/input_No search results are available_form_templatej_idt24_input"), "proceso de seleccion"): Text 'proceso de seleccion' is set on object 'Object Repository/Modulo Selección/Programación_de_etapas_a_un_candidato/input_No search results are available_form_templatej_idt24_input'

2022-03-22 14:29:02 - [MESSAGE][PASSED] - Text 'proceso de seleccion' is set on object 'Object Repository/Modulo Selección/Programación_de_etapas_a_un_candidato/input_No search results are available_form_templatej_idt24_input'

2022-03-22 14:29:02 - [TEST_STEP][PASSED] - click(findTestObject("Modulo Selección/Programación_de_etapas_a_un_candidato/span_Proceso de Seleccion")): Object: 'Object Repository/Modulo Selección/Programación_de_etapas_a_un_candidato/span_Proceso de Seleccion' is clicked on

2022-03-22 14:29:03 - [MESSAGE][PASSED] - Object: 'Object Repository/Modulo Selección/Programación_de_etapas_a_un_candidato/span_Proceso de Seleccion' is clicked on

2022-03-22 14:29:03 - [TEST_STEP][PASSED] - selectOptionByIndex(findTestObject("Modulo Selección/Programación_de_etapas_a_un_candidato/select_--Seleccione--CALIDADMENSUAL ABCMODELO EMPRESA QUINCENALPANSIONADOSPENSIONADOS BASEPRUEBAS"), 1): All options with index in [1] are selected on object 'Object Repository/Modulo Selección/Programación_de_etapas_a_un_candidato/select_--Seleccione--CALIDADMENSUAL ABCMODELO EMPRESA QUINCENALPANSIONADOSPENSIONADOS BASEPRUEBAS'

2022-03-22 14:29:05 - [MESSAGE][PASSED] - All options with index in [1] are selected on object 'Object Repository/Modulo Selección/Programación_de_etapas_a_un_candidato/select_--Seleccione--CALIDADMENSUAL ABCMODELO EMPRESA QUINCENALPANSIONADOSPENSIONADOS BASEPRUEBAS'

2022-03-22 14:29:05 - [TEST_STEP][PASSED] - setText(findTestObject("Modulo Selección/Programación_de_etapas_a_un_candidato/input_Fecha Inicial_filtro_procesoseleccionfechaps_input"), "29/06/2017"): Text '29/06/2017' is set on object 'Object Repository/Modulo Selección/Programación_de_etapas_a_un_candidato/input_Fecha Inicial_filtro_procesoseleccionfechaps_input'

2022-03-22 14:29:06 - [MESSAGE][PASSED] - Text '29/06/2017' is set on object 'Object Repository/Modulo Selección/Programación_de_etapas_a_un_candidato/input_Fecha Inicial_filtro_procesoseleccionfechaps_input'

2022-03-22 14:29:06 - [TEST_STEP][PASSED] - setText(findTestObject("Modulo Selección/Programación_de_etapas_a_un_candidato/input_Fecha Final_filtro_procesoseleccionfechaps1_input"), "29/06/2017"): Text '29/06/2017' is set on object 'Object Repository/Modulo Selección/Programación_de_etapas_a_un_candidato/input_Fecha Final_filtro_procesoseleccionfechaps1_input'

2022-03-22 14:29:07 - [MESSAGE][PASSED] - Text '29/06/2017' is set on object 'Object Repository/Modulo Selección/Programación_de_etapas_a_un_candidato/input_Fecha Final_filtro_procesoseleccionfechaps1_input'

2022-03-22 14:29:07 - [TEST_STEP][PASSED] - sendKeys(findTestObject("Modulo Selección/Programación_de_etapas_a_un_candidato/input_Fecha Final_filtro_procesoseleccionfechaps1_input"), Keys.chord(ENTER)): Keys 'ENTER + ' sent to object: 'Object Repository/Modulo Selección/Programación_de_etapas_a_un_candidato/input_Fecha Final_filtro_procesoseleccionfechaps1_input'

2022-03-22 14:29:08 - [MESSAGE][PASSED] - Keys 'ENTER + ' sent to object: 'Object Repository/Modulo Selección/Programación_de_etapas_a_un_candidato/input_Fecha Final_filtro_procesoseleccionfechaps1_input'

2022-03-22 14:29:08 - [TEST_STEP][PASSED] - click(findTestObject("Modulo Selección/Programación_de_etapas_a_un_candidato/td_8028     - Analista De Sistemas")): Object: 'Object Repository/Modulo Selección/Programación_de_etapas_a_un_candidato/td_8028     - Analista De Sistemas' is clicked on

2022-03-22 14:29:09 - [MESSAGE][PASSED] - Object: 'Object Repository/Modulo Selección/Programación_de_etapas_a_un_candidato/td_8028     - Analista De Sistemas' is clicked on

2022-03-22 14:29:09 - [TEST_STEP][PASSED] - click(findTestObject("Modulo Selección/Programación_de_etapas_a_un_candidato/div_Citacion")): Object: 'Object Repository/Modulo Selección/Programación_de_etapas_a_un_candidato/div_Citacion' is clicked on

2022-03-22 14:29:10 - [MESSAGE][PASSED] - Object: 'Object Repository/Modulo Selección/Programación_de_etapas_a_un_candidato/div_Citacion' is clicked on

2022-03-22 14:29:10 - [TEST_STEP][PASSED] - click(findTestObject("Modulo Selección/Programación_de_etapas_a_un_candidato/a_Etapas Por Asistente")): Object: 'Object Repository/Modulo Selección/Programación_de_etapas_a_un_candidato/a_Etapas Por Asistente' is clicked on

2022-03-22 14:29:10 - [MESSAGE][PASSED] - Object: 'Object Repository/Modulo Selección/Programación_de_etapas_a_un_candidato/a_Etapas Por Asistente' is clicked on

2022-03-22 14:29:10 - [TEST_STEP][PASSED] - if (waitForElementVisible(findTestObject("Modulo Selección/Programación_de_etapas_a_un_candidato/span_A A A_glyphicons glyphicons-user-add"), 1)): Web element with id: 'Object Repository/Modulo Selección/Programación_de_etapas_a_un_candidato/span_A A A_glyphicons glyphicons-user-add' located by '//td/a/span' not found

2022-03-22 14:29:13 - [MESSAGE][INFO] - Unable to find the element located by 'By.xpath: //td/a/span'. Please recheck the objects properties to make sure the desired element is located. 

2022-03-22 14:29:13 - [MESSAGE][WARNING] - Web element with id: 'Object Repository/Modulo Selección/Programación_de_etapas_a_un_candidato/span_A A A_glyphicons glyphicons-user-add' located by '//td/a/span' not found

2022-03-22 14:29:13 - [TEST_STEP][PASSED] - click(findTestObject("Modulo Selección/Programación_de_etapas_a_un_candidato/a_Jurados")): Object: 'Object Repository/Modulo Selección/Programación_de_etapas_a_un_candidato/a_Jurados' is clicked on

2022-03-22 14:29:13 - [MESSAGE][PASSED] - Object: 'Object Repository/Modulo Selección/Programación_de_etapas_a_un_candidato/a_Jurados' is clicked on

2022-03-22 14:29:13 - [TEST_STEP][PASSED] - click(findTestObject("Modulo Selección/Programación_de_etapas_a_un_candidato/a_Programar")): Object: 'Object Repository/Modulo Selección/Programación_de_etapas_a_un_candidato/a_Programar' is clicked on

2022-03-22 14:29:14 - [MESSAGE][PASSED] - Object: 'Object Repository/Modulo Selección/Programación_de_etapas_a_un_candidato/a_Programar' is clicked on

2022-03-22 14:29:14 - [TEST_STEP][PASSED] - click(findTestObject("Modulo Selección/Programación_de_etapas_a_un_candidato/td_PRUEBA")): Object: 'Object Repository/Modulo Selección/Programación_de_etapas_a_un_candidato/td_PRUEBA' is clicked on

2022-03-22 14:29:15 - [MESSAGE][PASSED] - Object: 'Object Repository/Modulo Selección/Programación_de_etapas_a_un_candidato/td_PRUEBA' is clicked on

2022-03-22 14:29:15 - [TEST_STEP][PASSED] - click(findTestObject("Modulo Selección/Programación_de_etapas_a_un_candidato/a_Responsable_popupCitacion_formj_idt1947")): Object: 'Object Repository/Modulo Selección/Programación_de_etapas_a_un_candidato/a_Responsable_popupCitacion_formj_idt1947' is clicked on

2022-03-22 14:29:16 - [MESSAGE][PASSED] - Object: 'Object Repository/Modulo Selección/Programación_de_etapas_a_un_candidato/a_Responsable_popupCitacion_formj_idt1947' is clicked on

2022-03-22 14:29:16 - [TEST_STEP][PASSED] - setText(findTestObject("Modulo Selección/Programación_de_etapas_a_un_candidato/input_Filtro Hoja de Vida_formPopupHojaVidaj_idt2644"), "constantino jhon"): Text 'constantino jhon' is set on object 'Object Repository/Modulo Selección/Programación_de_etapas_a_un_candidato/input_Filtro Hoja de Vida_formPopupHojaVidaj_idt2644'

2022-03-22 14:29:18 - [MESSAGE][PASSED] - Text 'constantino jhon' is set on object 'Object Repository/Modulo Selección/Programación_de_etapas_a_un_candidato/input_Filtro Hoja de Vida_formPopupHojaVidaj_idt2644'

2022-03-22 14:29:18 - [TEST_STEP][PASSED] - sendKeys(findTestObject("Modulo Selección/Programación_de_etapas_a_un_candidato/input_Filtro Hoja de Vida_formPopupHojaVidaj_idt2644"), Keys.chord(ENTER)): Keys 'ENTER + ' sent to object: 'Object Repository/Modulo Selección/Programación_de_etapas_a_un_candidato/input_Filtro Hoja de Vida_formPopupHojaVidaj_idt2644'

2022-03-22 14:29:18 - [MESSAGE][PASSED] - Keys 'ENTER + ' sent to object: 'Object Repository/Modulo Selección/Programación_de_etapas_a_un_candidato/input_Filtro Hoja de Vida_formPopupHojaVidaj_idt2644'

2022-03-22 14:29:18 - [TEST_STEP][PASSED] - click(findTestObject("Modulo Selección/Programación_de_etapas_a_un_candidato/span_Constantino  Jhon")): Object: 'Object Repository/Modulo Selección/Programación_de_etapas_a_un_candidato/span_Constantino  Jhon' is clicked on

2022-03-22 14:29:19 - [MESSAGE][PASSED] - Object: 'Object Repository/Modulo Selección/Programación_de_etapas_a_un_candidato/span_Constantino  Jhon' is clicked on

2022-03-22 14:29:19 - [TEST_STEP][PASSED] - setText(findTestObject("Modulo Selección/Programación_de_etapas_a_un_candidato/textarea_Observacin_popupCitacion_formobservacion"), "pr katalon"): Text 'pr katalon' is set on object 'Object Repository/Modulo Selección/Programación_de_etapas_a_un_candidato/textarea_Observacin_popupCitacion_formobservacion'

2022-03-22 14:29:20 - [MESSAGE][PASSED] - Text 'pr katalon' is set on object 'Object Repository/Modulo Selección/Programación_de_etapas_a_un_candidato/textarea_Observacin_popupCitacion_formobservacion'

2022-03-22 14:29:20 - [TEST_STEP][PASSED] - check(findTestObject("Modulo Selección/Programación_de_etapas_a_un_candidato/div_Evaluacin Artstica_ui-chkbox-box ui-widget ui-corner-all ui-state-default ui-state-hover")): Object 'Object Repository/Modulo Selección/Programación_de_etapas_a_un_candidato/div_Evaluacin Artstica_ui-chkbox-box ui-widget ui-corner-all ui-state-default ui-state-hover' is checked

2022-03-22 14:29:20 - [MESSAGE][PASSED] - Object 'Object Repository/Modulo Selección/Programación_de_etapas_a_un_candidato/div_Evaluacin Artstica_ui-chkbox-box ui-widget ui-corner-all ui-state-default ui-state-hover' is checked

2022-03-22 14:29:20 - [TEST_STEP][PASSED] - click(findTestObject("Modulo Selección/Programación_de_etapas_a_un_candidato/a_Continuar")): Object: 'Object Repository/Modulo Selección/Programación_de_etapas_a_un_candidato/a_Continuar' is clicked on

2022-03-22 14:29:21 - [MESSAGE][PASSED] - Object: 'Object Repository/Modulo Selección/Programación_de_etapas_a_un_candidato/a_Continuar' is clicked on

2022-03-22 14:29:21 - [TEST_STEP][PASSED] - if (waitForElementVisible(findTestObject("Modulo Selección/Programación_de_etapas_a_un_candidato/div_Constantino  Jhon9741850_ui-chkbox-box ui-widget ui-corner-all ui-state-default ui-state-hover"), 1)): null

2022-03-22 14:29:22 - [MESSAGE][PASSED] - Object 'Object Repository/Modulo Selección/Programación_de_etapas_a_un_candidato/div_Constantino  Jhon9741850_ui-chkbox-box ui-widget ui-corner-all ui-state-default ui-state-hover' is visible

2022-03-22 14:29:22 - [TEST_STEP][PASSED] - click(findTestObject("Modulo Selección/Programación_de_etapas_a_un_candidato/div_Constantino  Jhon9741850_ui-chkbox-box ui-widget ui-corner-all ui-state-default ui-state-hover")): Object: 'Object Repository/Modulo Selección/Programación_de_etapas_a_un_candidato/div_Constantino  Jhon9741850_ui-chkbox-box ui-widget ui-corner-all ui-state-default ui-state-hover' is clicked on

2022-03-22 14:29:22 - [MESSAGE][PASSED] - Object: 'Object Repository/Modulo Selección/Programación_de_etapas_a_un_candidato/div_Constantino  Jhon9741850_ui-chkbox-box ui-widget ui-corner-all ui-state-default ui-state-hover' is clicked on

2022-03-22 14:29:22 - [TEST_STEP][FAILED] - click(findTestObject("Modulo Selección/Programación_de_etapas_a_un_candidato/a_Generar")): Unable to click on object 'Object Repository/Modulo Selección/Programación_de_etapas_a_un_candidato/a_Generar' (Root cause: com.kms.katalon.core.exception.StepFailedException: Unable to click on object 'Object Repository/Modulo Selección/Programación_de_etapas_a_un_candidato/a_Generar'
	at com.kms.katalon.core.webui.keyword.internal.WebUIKeywordMain.stepFailed(WebUIKeywordMain.groovy:64)
	at com.kms.katalon.core.webui.keyword.internal.WebUIKeywordMain.runKeyword(WebUIKeywordMain.groovy:26)
	at com.kms.katalon.core.webui.keyword.builtin.ClickKeyword.click(ClickKeyword.groovy:74)
	at com.kms.katalon.core.webui.keyword.builtin.ClickKeyword.execute(ClickKeyword.groovy:40)
	at com.kms.katalon.core.keyword.internal.KeywordExecutor.executeKeywordForPlatform(KeywordExecutor.groovy:74)
	at com.kms.katalon.core.webui.keyword.WebUiBuiltInKeywords.click(WebUiBuiltInKeywords.groovy:620)
	at com.kms.katalon.core.webui.keyword.WebUiBuiltInKeywords$click$5.call(Unknown Source)
	at 10.2.1-Programación_de_etapas_a_un_candidato.run(10.2.1-Programación_de_etapas_a_un_candidato:82)
	at com.kms.katalon.core.main.ScriptEngine.run(ScriptEngine.java:194)
	at com.kms.katalon.core.main.ScriptEngine.runScriptAsRawText(ScriptEngine.java:119)
	at com.kms.katalon.core.main.TestCaseExecutor.runScript(TestCaseExecutor.java:442)
	at com.kms.katalon.core.main.TestCaseExecutor.doExecute(TestCaseExecutor.java:433)
	at com.kms.katalon.core.main.TestCaseExecutor.processExecutionPhase(TestCaseExecutor.java:412)
	at com.kms.katalon.core.main.TestCaseExecutor.accessMainPhase(TestCaseExecutor.java:404)
	at com.kms.katalon.core.main.TestCaseExecutor.execute(TestCaseExecutor.java:281)
	at com.kms.katalon.core.main.TestSuiteExecutor.accessTestCaseMainPhase(TestSuiteExecutor.java:202)
	at com.kms.katalon.core.main.TestSuiteExecutor.accessTestSuiteMainPhase(TestSuiteExecutor.java:164)
	at com.kms.katalon.core.main.TestSuiteExecutor.execute(TestSuiteExecutor.java:105)
	at com.kms.katalon.core.main.TestCaseMain.startTestSuite(TestCaseMain.java:185)
	at com.kms.katalon.core.main.TestCaseMain$startTestSuite$0.call(Unknown Source)
	at TempTestSuite1647977122420.run(TempTestSuite1647977122420.groovy:36)
Caused by: com.kms.katalon.core.webui.exception.WebElementNotFoundException: Web element with id: 'Object Repository/Modulo Selección/Programación_de_etapas_a_un_candidato/a_Generar' located by '//a[contains(text(),'Generar')]' not found
	at com.kms.katalon.core.webui.common.WebUiCommonHelper.findWebElement(WebUiCommonHelper.java:1370)
	at com.kms.katalon.core.webui.keyword.internal.WebUIAbstractKeyword.findWebElement(WebUIAbstractKeyword.groovy:27)
	at com.kms.katalon.core.webui.keyword.builtin.ClickKeyword$_click_closure1.doCall(ClickKeyword.groovy:65)
	at com.kms.katalon.core.webui.keyword.builtin.ClickKeyword$_click_closure1.call(ClickKeyword.groovy)
	at com.kms.katalon.core.webui.keyword.internal.WebUIKeywordMain.runKeyword(WebUIKeywordMain.groovy:20)
	at com.kms.katalon.core.webui.keyword.builtin.ClickKeyword.click(ClickKeyword.groovy:74)
	at com.kms.katalon.core.webui.keyword.builtin.ClickKeyword.execute(ClickKeyword.groovy:40)
	at com.kms.katalon.core.keyword.internal.KeywordExecutor.executeKeywordForPlatform(KeywordExecutor.groovy:74)
	at com.kms.katalon.core.webui.keyword.WebUiBuiltInKeywords.click(WebUiBuiltInKeywords.groovy:620)
	at com.kms.katalon.core.webui.keyword.WebUiBuiltInKeywords$click$5.call(Unknown Source)
	at Script1643374113048.run(Script1643374113048.groovy:82)
	... 13 more
)

2022-03-22 14:30:09 - [MESSAGE][INFO] - Unable to find the element located by 'By.xpath: //a[contains(text(),'Generar')]'. Please recheck the objects properties to make sure the desired element is located. 

2022-03-22 14:30:09 - [MESSAGE][FAILED] - Unable to click on object 'Object Repository/Modulo Selección/Programación_de_etapas_a_un_candidato/a_Generar' (Root cause: com.kms.katalon.core.exception.StepFailedException: Unable to click on object 'Object Repository/Modulo Selección/Programación_de_etapas_a_un_candidato/a_Generar'
	at com.kms.katalon.core.webui.keyword.internal.WebUIKeywordMain.stepFailed(WebUIKeywordMain.groovy:64)
	at com.kms.katalon.core.webui.keyword.internal.WebUIKeywordMain.runKeyword(WebUIKeywordMain.groovy:26)
	at com.kms.katalon.core.webui.keyword.builtin.ClickKeyword.click(ClickKeyword.groovy:74)
	at com.kms.katalon.core.webui.keyword.builtin.ClickKeyword.execute(ClickKeyword.groovy:40)
	at com.kms.katalon.core.keyword.internal.KeywordExecutor.executeKeywordForPlatform(KeywordExecutor.groovy:74)
	at com.kms.katalon.core.webui.keyword.WebUiBuiltInKeywords.click(WebUiBuiltInKeywords.groovy:620)
	at com.kms.katalon.core.webui.keyword.WebUiBuiltInKeywords$click$5.call(Unknown Source)
	at 10.2.1-Programación_de_etapas_a_un_candidato.run(10.2.1-Programación_de_etapas_a_un_candidato:82)
	at com.kms.katalon.core.main.ScriptEngine.run(ScriptEngine.java:194)
	at com.kms.katalon.core.main.ScriptEngine.runScriptAsRawText(ScriptEngine.java:119)
	at com.kms.katalon.core.main.TestCaseExecutor.runScript(TestCaseExecutor.java:442)
	at com.kms.katalon.core.main.TestCaseExecutor.doExecute(TestCaseExecutor.java:433)
	at com.kms.katalon.core.main.TestCaseExecutor.processExecutionPhase(TestCaseExecutor.java:412)
	at com.kms.katalon.core.main.TestCaseExecutor.accessMainPhase(TestCaseExecutor.java:404)
	at com.kms.katalon.core.main.TestCaseExecutor.execute(TestCaseExecutor.java:281)
	at com.kms.katalon.core.main.TestSuiteExecutor.accessTestCaseMainPhase(TestSuiteExecutor.java:202)
	at com.kms.katalon.core.main.TestSuiteExecutor.accessTestSuiteMainPhase(TestSuiteExecutor.java:164)
	at com.kms.katalon.core.main.TestSuiteExecutor.execute(TestSuiteExecutor.java:105)
	at com.kms.katalon.core.main.TestCaseMain.startTestSuite(TestCaseMain.java:185)
	at com.kms.katalon.core.main.TestCaseMain$startTestSuite$0.call(Unknown Source)
	at TempTestSuite1647977122420.run(TempTestSuite1647977122420.groovy:36)
Caused by: com.kms.katalon.core.webui.exception.WebElementNotFoundException: Web element with id: 'Object Repository/Modulo Selección/Programación_de_etapas_a_un_candidato/a_Generar' located by '//a[contains(text(),'Generar')]' not found
	at com.kms.katalon.core.webui.common.WebUiCommonHelper.findWebElement(WebUiCommonHelper.java:1370)
	at com.kms.katalon.core.webui.keyword.internal.WebUIAbstractKeyword.findWebElement(WebUIAbstractKeyword.groovy:27)
	at com.kms.katalon.core.webui.keyword.builtin.ClickKeyword$_click_closure1.doCall(ClickKeyword.groovy:65)
	at com.kms.katalon.core.webui.keyword.builtin.ClickKeyword$_click_closure1.call(ClickKeyword.groovy)
	at com.kms.katalon.core.webui.keyword.internal.WebUIKeywordMain.runKeyword(WebUIKeywordMain.groovy:20)
	at com.kms.katalon.core.webui.keyword.builtin.ClickKeyword.click(ClickKeyword.groovy:74)
	at com.kms.katalon.core.webui.keyword.builtin.ClickKeyword.execute(ClickKeyword.groovy:40)
	at com.kms.katalon.core.keyword.internal.KeywordExecutor.executeKeywordForPlatform(KeywordExecutor.groovy:74)
	at com.kms.katalon.core.webui.keyword.WebUiBuiltInKeywords.click(WebUiBuiltInKeywords.groovy:620)
	at com.kms.katalon.core.webui.keyword.WebUiBuiltInKeywords$click$5.call(Unknown Source)
	at Script1643374113048.run(Script1643374113048.groovy:82)
	... 13 more
)
[[ATTACHMENT|C:\\Users\\diego.rojas\\git\\Pruebas-Minimas\\Reports\\20220322_142522\\10-Pruebas_Selecci\u00F3n\\20220322_142522\\1647977409062.png]]]]></system-out>
         <system-err><![CDATA[2022-03-22 14:28:54 - [TEST_CASE][FAILED] - Test Cases/10.1-Pruebas_Selección/10.2.1-Programación_de_etapas_a_un_candidato: Test Cases/10.1-Pruebas_Selección/10.2.1-Programación_de_etapas_a_un_candidato FAILED.
Reason:
com.kms.katalon.core.exception.StepFailedException: Unable to click on object 'Object Repository/Modulo Selección/Programación_de_etapas_a_un_candidato/a_Generar'
	at com.kms.katalon.core.webui.keyword.internal.WebUIKeywordMain.stepFailed(WebUIKeywordMain.groovy:64)
	at com.kms.katalon.core.webui.keyword.internal.WebUIKeywordMain.runKeyword(WebUIKeywordMain.groovy:26)
	at com.kms.katalon.core.webui.keyword.builtin.ClickKeyword.click(ClickKeyword.groovy:74)
	at com.kms.katalon.core.webui.keyword.builtin.ClickKeyword.execute(ClickKeyword.groovy:40)
	at com.kms.katalon.core.keyword.internal.KeywordExecutor.executeKeywordForPlatform(KeywordExecutor.groovy:74)
	at com.kms.katalon.core.webui.keyword.WebUiBuiltInKeywords.click(WebUiBuiltInKeywords.groovy:620)
	at com.kms.katalon.core.webui.keyword.WebUiBuiltInKeywords$click$5.call(Unknown Source)
	at 10.2.1-Programación_de_etapas_a_un_candidato.run(10.2.1-Programación_de_etapas_a_un_candidato:82)
	at com.kms.katalon.core.main.ScriptEngine.run(ScriptEngine.java:194)
	at com.kms.katalon.core.main.ScriptEngine.runScriptAsRawText(ScriptEngine.java:119)
	at com.kms.katalon.core.main.TestCaseExecutor.runScript(TestCaseExecutor.java:442)
	at com.kms.katalon.core.main.TestCaseExecutor.doExecute(TestCaseExecutor.java:433)
	at com.kms.katalon.core.main.TestCaseExecutor.processExecutionPhase(TestCaseExecutor.java:412)
	at com.kms.katalon.core.main.TestCaseExecutor.accessMainPhase(TestCaseExecutor.java:404)
	at com.kms.katalon.core.main.TestCaseExecutor.execute(TestCaseExecutor.java:281)
	at com.kms.katalon.core.main.TestSuiteExecutor.accessTestCaseMainPhase(TestSuiteExecutor.java:202)
	at com.kms.katalon.core.main.TestSuiteExecutor.accessTestSuiteMainPhase(TestSuiteExecutor.java:164)
	at com.kms.katalon.core.main.TestSuiteExecutor.execute(TestSuiteExecutor.java:105)
	at com.kms.katalon.core.main.TestCaseMain.startTestSuite(TestCaseMain.java:185)
	at com.kms.katalon.core.main.TestCaseMain$startTestSuite$0.call(Unknown Source)
	at TempTestSuite1647977122420.run(TempTestSuite1647977122420.groovy:36)
Caused by: com.kms.katalon.core.webui.exception.WebElementNotFoundException: Web element with id: 'Object Repository/Modulo Selección/Programación_de_etapas_a_un_candidato/a_Generar' located by '//a[contains(text(),'Generar')]' not found
	at com.kms.katalon.core.webui.common.WebUiCommonHelper.findWebElement(WebUiCommonHelper.java:1370)
	at com.kms.katalon.core.webui.keyword.internal.WebUIAbstractKeyword.findWebElement(WebUIAbstractKeyword.groovy:27)
	at com.kms.katalon.core.webui.keyword.builtin.ClickKeyword$_click_closure1.doCall(ClickKeyword.groovy:65)
	at com.kms.katalon.core.webui.keyword.builtin.ClickKeyword$_click_closure1.call(ClickKeyword.groovy)
	at com.kms.katalon.core.webui.keyword.internal.WebUIKeywordMain.runKeyword(WebUIKeywordMain.groovy:20)
	... 19 more]]></system-err>
      </testcase>
      <testcase name="Test Cases/10.1-Pruebas_Selección/10.2.2-Definir_una_programación_pendiente" time="57.711" classname="Test Cases/10.1-Pruebas_Selección/10.2.2-Definir_una_programación_pendiente" status="FAILED">
         <failure type="FAILED" message="Test Cases/10.1-Pruebas_Selección/10.2.2-Definir_una_programación_pendiente FAILED.
Reason:
com.kms.katalon.core.exception.StepFailedException: Unable to click on object 'Object Repository/Modulo Selección/Definir_una_programación_pendiente/span_Quintero Mendez Jose Eduardo'
	at com.kms.katalon.core.webui.keyword.internal.WebUIKeywordMain.stepFailed(WebUIKeywordMain.groovy:64)
	at com.kms.katalon.core.webui.keyword.internal.WebUIKeywordMain.runKeyword(WebUIKeywordMain.groovy:26)
	at com.kms.katalon.core.webui.keyword.builtin.ClickKeyword.click(ClickKeyword.groovy:74)
	at com.kms.katalon.core.webui.keyword.builtin.ClickKeyword.execute(ClickKeyword.groovy:40)
	at com.kms.katalon.core.keyword.internal.KeywordExecutor.executeKeywordForPlatform(KeywordExecutor.groovy:74)
	at com.kms.katalon.core.webui.keyword.WebUiBuiltInKeywords.click(WebUiBuiltInKeywords.groovy:620)
	at com.kms.katalon.core.webui.keyword.WebUiBuiltInKeywords$click$5.call(Unknown Source)
	at 10.2.2-Definir_una_programación_pendiente.run(10.2.2-Definir_una_programación_pendiente:29)
	at com.kms.katalon.core.main.ScriptEngine.run(ScriptEngine.java:194)
	at com.kms.katalon.core.main.ScriptEngine.runScriptAsRawText(ScriptEngine.java:119)
	at com.kms.katalon.core.main.TestCaseExecutor.runScript(TestCaseExecutor.java:442)
	at com.kms.katalon.core.main.TestCaseExecutor.doExecute(TestCaseExecutor.java:433)
	at com.kms.katalon.core.main.TestCaseExecutor.processExecutionPhase(TestCaseExecutor.java:412)
	at com.kms.katalon.core.main.TestCaseExecutor.accessMainPhase(TestCaseExecutor.java:404)
	at com.kms.katalon.core.main.TestCaseExecutor.execute(TestCaseExecutor.java:281)
	at com.kms.katalon.core.main.TestSuiteExecutor.accessTestCaseMainPhase(TestSuiteExecutor.java:202)
	at com.kms.katalon.core.main.TestSuiteExecutor.accessTestSuiteMainPhase(TestSuiteExecutor.java:164)
	at com.kms.katalon.core.main.TestSuiteExecutor.execute(TestSuiteExecutor.java:105)
	at com.kms.katalon.core.main.TestCaseMain.startTestSuite(TestCaseMain.java:185)
	at com.kms.katalon.core.main.TestCaseMain$startTestSuite$0.call(Unknown Source)
	at TempTestSuite1647977122420.run(TempTestSuite1647977122420.groovy:36)
Caused by: com.kms.katalon.core.webui.exception.WebElementNotFoundException: Web element with id: 'Object Repository/Modulo Selección/Definir_una_programación_pendiente/span_Quintero Mendez Jose Eduardo' located by '//td[2]/span' not found
	at com.kms.katalon.core.webui.common.WebUiCommonHelper.findWebElement(WebUiCommonHelper.java:1370)
	at com.kms.katalon.core.webui.keyword.internal.WebUIAbstractKeyword.findWebElement(WebUIAbstractKeyword.groovy:27)
	at com.kms.katalon.core.webui.keyword.builtin.ClickKeyword$_click_closure1.doCall(ClickKeyword.groovy:65)
	at com.kms.katalon.core.webui.keyword.builtin.ClickKeyword$_click_closure1.call(ClickKeyword.groovy)
	at com.kms.katalon.core.webui.keyword.internal.WebUIKeywordMain.runKeyword(WebUIKeywordMain.groovy:20)
	... 19 more
"/>
         <system-out><![CDATA[2022-03-22 14:30:09 - [TEST_CASE][FAILED] - Test Cases/10.1-Pruebas_Selección/10.2.2-Definir_una_programación_pendiente: Test Cases/10.1-Pruebas_Selección/10.2.2-Definir_una_programación_pendiente FAILED.
Reason:
com.kms.katalon.core.exception.StepFailedException: Unable to click on object 'Object Repository/Modulo Selección/Definir_una_programación_pendiente/span_Quintero Mendez Jose Eduardo'
	at com.kms.katalon.core.webui.keyword.internal.WebUIKeywordMain.stepFailed(WebUIKeywordMain.groovy:64)
	at com.kms.katalon.core.webui.keyword.internal.WebUIKeywordMain.runKeyword(WebUIKeywordMain.groovy:26)
	at com.kms.katalon.core.webui.keyword.builtin.ClickKeyword.click(ClickKeyword.groovy:74)
	at com.kms.katalon.core.webui.keyword.builtin.ClickKeyword.execute(ClickKeyword.groovy:40)
	at com.kms.katalon.core.keyword.internal.KeywordExecutor.executeKeywordForPlatform(KeywordExecutor.groovy:74)
	at com.kms.katalon.core.webui.keyword.WebUiBuiltInKeywords.click(WebUiBuiltInKeywords.groovy:620)
	at com.kms.katalon.core.webui.keyword.WebUiBuiltInKeywords$click$5.call(Unknown Source)
	at 10.2.2-Definir_una_programación_pendiente.run(10.2.2-Definir_una_programación_pendiente:29)
	at com.kms.katalon.core.main.ScriptEngine.run(ScriptEngine.java:194)
	at com.kms.katalon.core.main.ScriptEngine.runScriptAsRawText(ScriptEngine.java:119)
	at com.kms.katalon.core.main.TestCaseExecutor.runScript(TestCaseExecutor.java:442)
	at com.kms.katalon.core.main.TestCaseExecutor.doExecute(TestCaseExecutor.java:433)
	at com.kms.katalon.core.main.TestCaseExecutor.processExecutionPhase(TestCaseExecutor.java:412)
	at com.kms.katalon.core.main.TestCaseExecutor.accessMainPhase(TestCaseExecutor.java:404)
	at com.kms.katalon.core.main.TestCaseExecutor.execute(TestCaseExecutor.java:281)
	at com.kms.katalon.core.main.TestSuiteExecutor.accessTestCaseMainPhase(TestSuiteExecutor.java:202)
	at com.kms.katalon.core.main.TestSuiteExecutor.accessTestSuiteMainPhase(TestSuiteExecutor.java:164)
	at com.kms.katalon.core.main.TestSuiteExecutor.execute(TestSuiteExecutor.java:105)
	at com.kms.katalon.core.main.TestCaseMain.startTestSuite(TestCaseMain.java:185)
	at com.kms.katalon.core.main.TestCaseMain$startTestSuite$0.call(Unknown Source)
	at TempTestSuite1647977122420.run(TempTestSuite1647977122420.groovy:36)
Caused by: com.kms.katalon.core.webui.exception.WebElementNotFoundException: Web element with id: 'Object Repository/Modulo Selección/Definir_una_programación_pendiente/span_Quintero Mendez Jose Eduardo' located by '//td[2]/span' not found
	at com.kms.katalon.core.webui.common.WebUiCommonHelper.findWebElement(WebUiCommonHelper.java:1370)
	at com.kms.katalon.core.webui.keyword.internal.WebUIAbstractKeyword.findWebElement(WebUIAbstractKeyword.groovy:27)
	at com.kms.katalon.core.webui.keyword.builtin.ClickKeyword$_click_closure1.doCall(ClickKeyword.groovy:65)
	at com.kms.katalon.core.webui.keyword.builtin.ClickKeyword$_click_closure1.call(ClickKeyword.groovy)
	at com.kms.katalon.core.webui.keyword.internal.WebUIKeywordMain.runKeyword(WebUIKeywordMain.groovy:20)
	... 19 more


2022-03-22 14:30:09 - [TEST_STEP][PASSED] - callTestCase(findTestCase("0.1-Login"), [:], STOP_ON_FAILURE): Call Test Case 'Test Cases/0.1-Login' successfully

2022-03-22 14:30:09 - [TEST_CASE][PASSED] - Test Cases/0.1-Login: Test Cases/0.1-Login

2022-03-22 14:30:09 - [TEST_STEP][PASSED] - openBrowser(""): Browser is opened with url: ''

2022-03-22 14:30:09 - [MESSAGE][WARNING] - A browser is already opened. Closing browser and opening a new one

2022-03-22 14:30:10 - [MESSAGE][INFO] - Starting 'Chrome' driver

2022-03-22 14:30:10 - [MESSAGE][INFO] - Action delay is set to 0 milliseconds

2022-03-22 14:30:11 - [MESSAGE][PASSED] - Browser is opened with url: ''

2022-03-22 14:30:11 - [TEST_STEP][PASSED] - maximizeWindow(): Current window maximized

2022-03-22 14:30:11 - [MESSAGE][PASSED] - Current window maximized

2022-03-22 14:30:11 - [TEST_STEP][PASSED] - i = G_Login: null

2022-03-22 14:30:11 - [TEST_STEP][PASSED] - url = new java.net.URL(i): null

2022-03-22 14:30:11 - [TEST_STEP][PASSED] - println("URL: " + url.toString()): null

2022-03-22 14:30:11 - [TEST_STEP][PASSED] - connection = url.openConnection(): null

2022-03-22 14:30:11 - [TEST_STEP][PASSED] - connection.setRequestMethod("GET"): null

2022-03-22 14:30:11 - [TEST_STEP][PASSED] - connection.setReadTimeout(2 * 1000): null

2022-03-22 14:30:11 - [TEST_STEP][PASSED] - try: null

2022-03-22 14:30:11 - [TEST_STEP][PASSED] - connection.connect(): null

2022-03-22 14:30:11 - [TEST_STEP][PASSED] - flag = connected: null

2022-03-22 14:30:11 - [TEST_STEP][PASSED] - println("Valor_ori: " + flag): null

2022-03-22 14:30:11 - [TEST_STEP][PASSED] - if (flag): null

2022-03-22 14:30:11 - [TEST_STEP][PASSED] - navigateToUrl(i): Navigate to 'http://192.168.2.19:8380/saraweb' successfully

2022-03-22 14:30:12 - [MESSAGE][PASSED] - Navigate to 'http://192.168.2.19:8380/saraweb' successfully

2022-03-22 14:30:12 - [TEST_STEP][PASSED] - a(): null

2022-03-22 14:30:12 - [TEST_STEP][PASSED] - setText(findTestObject("Login/input_USUARIO_loginusuario"), G_Usuario): Text 'saraadmin' is set on object 'Object Repository/Login/input_USUARIO_loginusuario'

2022-03-22 14:30:13 - [MESSAGE][PASSED] - Text 'saraadmin' is set on object 'Object Repository/Login/input_USUARIO_loginusuario'

2022-03-22 14:30:13 - [TEST_STEP][PASSED] - setEncryptedText(findTestObject("Login/input_CLAVE_loginpassword"), "MkG4/TYiCFC3cb2driP7+Q=="): Text ****** has been set on object 'Object Repository/Login/input_CLAVE_loginpassword'

2022-03-22 14:30:13 - [MESSAGE][PASSED] - Text ****** has been set on object 'Object Repository/Login/input_CLAVE_loginpassword'

2022-03-22 14:30:13 - [TEST_STEP][PASSED] - waitForElementClickable(findTestObject("Login/a_Ingresar"), G_TimeOut): Object 'Object Repository/Login/a_Ingresar' is clickable

2022-03-22 14:30:14 - [MESSAGE][PASSED] - Object 'Object Repository/Login/a_Ingresar' is clickable

2022-03-22 14:30:14 - [TEST_STEP][PASSED] - click(findTestObject("Login/a_Ingresar")): Object: 'Object Repository/Login/a_Ingresar' is clicked on

2022-03-22 14:30:15 - [MESSAGE][PASSED] - Object: 'Object Repository/Login/a_Ingresar' is clicked on

2022-03-22 14:30:15 - [TEST_STEP][PASSED] - element = findWebElement(findTestObject("Login/a_Ir"), 30): null

2022-03-22 14:30:16 - [TEST_STEP][PASSED] - executeJavaScript("arguments[0].click()", Arrays.asList(element)): Execute JavaScript 'arguments[0].click()' successfully

2022-03-22 14:30:16 - [MESSAGE][PASSED] - Execute JavaScript 'arguments[0].click()' successfully

2022-03-22 14:30:16 - [MESSAGE][PASSED] - Call Test Case 'Test Cases/0.1-Login' successfully

2022-03-22 14:30:16 - [TEST_STEP][PASSED] - setText(findTestObject("Modulo Selección/Definir_una_programación_pendiente/input_Empresa 1_form_templatej_idt24_input"), "Evaluacion Proceso Seleccion (tal)"): Text 'Evaluacion Proceso Seleccion (tal)' is set on object 'Object Repository/Modulo Selección/Definir_una_programación_pendiente/input_Empresa 1_form_templatej_idt24_input'

2022-03-22 14:30:17 - [MESSAGE][PASSED] - Text 'Evaluacion Proceso Seleccion (tal)' is set on object 'Object Repository/Modulo Selección/Definir_una_programación_pendiente/input_Empresa 1_form_templatej_idt24_input'

2022-03-22 14:30:17 - [TEST_STEP][PASSED] - click(findTestObject("Modulo Selección/Definir_una_programación_pendiente/li_Evaluacion Proceso Seleccion (tal)")): Object: 'Object Repository/Modulo Selección/Definir_una_programación_pendiente/li_Evaluacion Proceso Seleccion (tal)' is clicked on

2022-03-22 14:30:18 - [MESSAGE][PASSED] - Object: 'Object Repository/Modulo Selección/Definir_una_programación_pendiente/li_Evaluacion Proceso Seleccion (tal)' is clicked on

2022-03-22 14:30:18 - [TEST_STEP][PASSED] - click(findTestObject("Modulo Selección/Definir_una_programación_pendiente/span_Pendientes")): Object: 'Object Repository/Modulo Selección/Definir_una_programación_pendiente/span_Pendientes' is clicked on

2022-03-22 14:30:20 - [MESSAGE][PASSED] - Object: 'Object Repository/Modulo Selección/Definir_una_programación_pendiente/span_Pendientes' is clicked on

2022-03-22 14:30:20 - [TEST_STEP][FAILED] - click(findTestObject("Modulo Selección/Definir_una_programación_pendiente/span_Quintero Mendez Jose Eduardo")): Unable to click on object 'Object Repository/Modulo Selección/Definir_una_programación_pendiente/span_Quintero Mendez Jose Eduardo' (Root cause: com.kms.katalon.core.exception.StepFailedException: Unable to click on object 'Object Repository/Modulo Selección/Definir_una_programación_pendiente/span_Quintero Mendez Jose Eduardo'
	at com.kms.katalon.core.webui.keyword.internal.WebUIKeywordMain.stepFailed(WebUIKeywordMain.groovy:64)
	at com.kms.katalon.core.webui.keyword.internal.WebUIKeywordMain.runKeyword(WebUIKeywordMain.groovy:26)
	at com.kms.katalon.core.webui.keyword.builtin.ClickKeyword.click(ClickKeyword.groovy:74)
	at com.kms.katalon.core.webui.keyword.builtin.ClickKeyword.execute(ClickKeyword.groovy:40)
	at com.kms.katalon.core.keyword.internal.KeywordExecutor.executeKeywordForPlatform(KeywordExecutor.groovy:74)
	at com.kms.katalon.core.webui.keyword.WebUiBuiltInKeywords.click(WebUiBuiltInKeywords.groovy:620)
	at com.kms.katalon.core.webui.keyword.WebUiBuiltInKeywords$click$5.call(Unknown Source)
	at 10.2.2-Definir_una_programación_pendiente.run(10.2.2-Definir_una_programación_pendiente:29)
	at com.kms.katalon.core.main.ScriptEngine.run(ScriptEngine.java:194)
	at com.kms.katalon.core.main.ScriptEngine.runScriptAsRawText(ScriptEngine.java:119)
	at com.kms.katalon.core.main.TestCaseExecutor.runScript(TestCaseExecutor.java:442)
	at com.kms.katalon.core.main.TestCaseExecutor.doExecute(TestCaseExecutor.java:433)
	at com.kms.katalon.core.main.TestCaseExecutor.processExecutionPhase(TestCaseExecutor.java:412)
	at com.kms.katalon.core.main.TestCaseExecutor.accessMainPhase(TestCaseExecutor.java:404)
	at com.kms.katalon.core.main.TestCaseExecutor.execute(TestCaseExecutor.java:281)
	at com.kms.katalon.core.main.TestSuiteExecutor.accessTestCaseMainPhase(TestSuiteExecutor.java:202)
	at com.kms.katalon.core.main.TestSuiteExecutor.accessTestSuiteMainPhase(TestSuiteExecutor.java:164)
	at com.kms.katalon.core.main.TestSuiteExecutor.execute(TestSuiteExecutor.java:105)
	at com.kms.katalon.core.main.TestCaseMain.startTestSuite(TestCaseMain.java:185)
	at com.kms.katalon.core.main.TestCaseMain$startTestSuite$0.call(Unknown Source)
	at TempTestSuite1647977122420.run(TempTestSuite1647977122420.groovy:36)
Caused by: com.kms.katalon.core.webui.exception.WebElementNotFoundException: Web element with id: 'Object Repository/Modulo Selección/Definir_una_programación_pendiente/span_Quintero Mendez Jose Eduardo' located by '//td[2]/span' not found
	at com.kms.katalon.core.webui.common.WebUiCommonHelper.findWebElement(WebUiCommonHelper.java:1370)
	at com.kms.katalon.core.webui.keyword.internal.WebUIAbstractKeyword.findWebElement(WebUIAbstractKeyword.groovy:27)
	at com.kms.katalon.core.webui.keyword.builtin.ClickKeyword$_click_closure1.doCall(ClickKeyword.groovy:65)
	at com.kms.katalon.core.webui.keyword.builtin.ClickKeyword$_click_closure1.call(ClickKeyword.groovy)
	at com.kms.katalon.core.webui.keyword.internal.WebUIKeywordMain.runKeyword(WebUIKeywordMain.groovy:20)
	at com.kms.katalon.core.webui.keyword.builtin.ClickKeyword.click(ClickKeyword.groovy:74)
	at com.kms.katalon.core.webui.keyword.builtin.ClickKeyword.execute(ClickKeyword.groovy:40)
	at com.kms.katalon.core.keyword.internal.KeywordExecutor.executeKeywordForPlatform(KeywordExecutor.groovy:74)
	at com.kms.katalon.core.webui.keyword.WebUiBuiltInKeywords.click(WebUiBuiltInKeywords.groovy:620)
	at com.kms.katalon.core.webui.keyword.WebUiBuiltInKeywords$click$5.call(Unknown Source)
	at Script1643377846589.run(Script1643377846589.groovy:29)
	... 13 more
)

2022-03-22 14:31:06 - [MESSAGE][INFO] - Unable to find the element located by 'By.xpath: //td[2]/span'. Please recheck the objects properties to make sure the desired element is located. 

2022-03-22 14:31:06 - [MESSAGE][FAILED] - Unable to click on object 'Object Repository/Modulo Selección/Definir_una_programación_pendiente/span_Quintero Mendez Jose Eduardo' (Root cause: com.kms.katalon.core.exception.StepFailedException: Unable to click on object 'Object Repository/Modulo Selección/Definir_una_programación_pendiente/span_Quintero Mendez Jose Eduardo'
	at com.kms.katalon.core.webui.keyword.internal.WebUIKeywordMain.stepFailed(WebUIKeywordMain.groovy:64)
	at com.kms.katalon.core.webui.keyword.internal.WebUIKeywordMain.runKeyword(WebUIKeywordMain.groovy:26)
	at com.kms.katalon.core.webui.keyword.builtin.ClickKeyword.click(ClickKeyword.groovy:74)
	at com.kms.katalon.core.webui.keyword.builtin.ClickKeyword.execute(ClickKeyword.groovy:40)
	at com.kms.katalon.core.keyword.internal.KeywordExecutor.executeKeywordForPlatform(KeywordExecutor.groovy:74)
	at com.kms.katalon.core.webui.keyword.WebUiBuiltInKeywords.click(WebUiBuiltInKeywords.groovy:620)
	at com.kms.katalon.core.webui.keyword.WebUiBuiltInKeywords$click$5.call(Unknown Source)
	at 10.2.2-Definir_una_programación_pendiente.run(10.2.2-Definir_una_programación_pendiente:29)
	at com.kms.katalon.core.main.ScriptEngine.run(ScriptEngine.java:194)
	at com.kms.katalon.core.main.ScriptEngine.runScriptAsRawText(ScriptEngine.java:119)
	at com.kms.katalon.core.main.TestCaseExecutor.runScript(TestCaseExecutor.java:442)
	at com.kms.katalon.core.main.TestCaseExecutor.doExecute(TestCaseExecutor.java:433)
	at com.kms.katalon.core.main.TestCaseExecutor.processExecutionPhase(TestCaseExecutor.java:412)
	at com.kms.katalon.core.main.TestCaseExecutor.accessMainPhase(TestCaseExecutor.java:404)
	at com.kms.katalon.core.main.TestCaseExecutor.execute(TestCaseExecutor.java:281)
	at com.kms.katalon.core.main.TestSuiteExecutor.accessTestCaseMainPhase(TestSuiteExecutor.java:202)
	at com.kms.katalon.core.main.TestSuiteExecutor.accessTestSuiteMainPhase(TestSuiteExecutor.java:164)
	at com.kms.katalon.core.main.TestSuiteExecutor.execute(TestSuiteExecutor.java:105)
	at com.kms.katalon.core.main.TestCaseMain.startTestSuite(TestCaseMain.java:185)
	at com.kms.katalon.core.main.TestCaseMain$startTestSuite$0.call(Unknown Source)
	at TempTestSuite1647977122420.run(TempTestSuite1647977122420.groovy:36)
Caused by: com.kms.katalon.core.webui.exception.WebElementNotFoundException: Web element with id: 'Object Repository/Modulo Selección/Definir_una_programación_pendiente/span_Quintero Mendez Jose Eduardo' located by '//td[2]/span' not found
	at com.kms.katalon.core.webui.common.WebUiCommonHelper.findWebElement(WebUiCommonHelper.java:1370)
	at com.kms.katalon.core.webui.keyword.internal.WebUIAbstractKeyword.findWebElement(WebUIAbstractKeyword.groovy:27)
	at com.kms.katalon.core.webui.keyword.builtin.ClickKeyword$_click_closure1.doCall(ClickKeyword.groovy:65)
	at com.kms.katalon.core.webui.keyword.builtin.ClickKeyword$_click_closure1.call(ClickKeyword.groovy)
	at com.kms.katalon.core.webui.keyword.internal.WebUIKeywordMain.runKeyword(WebUIKeywordMain.groovy:20)
	at com.kms.katalon.core.webui.keyword.builtin.ClickKeyword.click(ClickKeyword.groovy:74)
	at com.kms.katalon.core.webui.keyword.builtin.ClickKeyword.execute(ClickKeyword.groovy:40)
	at com.kms.katalon.core.keyword.internal.KeywordExecutor.executeKeywordForPlatform(KeywordExecutor.groovy:74)
	at com.kms.katalon.core.webui.keyword.WebUiBuiltInKeywords.click(WebUiBuiltInKeywords.groovy:620)
	at com.kms.katalon.core.webui.keyword.WebUiBuiltInKeywords$click$5.call(Unknown Source)
	at Script1643377846589.run(Script1643377846589.groovy:29)
	... 13 more
)
[[ATTACHMENT|C:\\Users\\diego.rojas\\git\\Pruebas-Minimas\\Reports\\20220322_142522\\10-Pruebas_Selecci\u00F3n\\20220322_142522\\1647977466807.png]]]]></system-out>
         <system-err><![CDATA[2022-03-22 14:30:09 - [TEST_CASE][FAILED] - Test Cases/10.1-Pruebas_Selección/10.2.2-Definir_una_programación_pendiente: Test Cases/10.1-Pruebas_Selección/10.2.2-Definir_una_programación_pendiente FAILED.
Reason:
com.kms.katalon.core.exception.StepFailedException: Unable to click on object 'Object Repository/Modulo Selección/Definir_una_programación_pendiente/span_Quintero Mendez Jose Eduardo'
	at com.kms.katalon.core.webui.keyword.internal.WebUIKeywordMain.stepFailed(WebUIKeywordMain.groovy:64)
	at com.kms.katalon.core.webui.keyword.internal.WebUIKeywordMain.runKeyword(WebUIKeywordMain.groovy:26)
	at com.kms.katalon.core.webui.keyword.builtin.ClickKeyword.click(ClickKeyword.groovy:74)
	at com.kms.katalon.core.webui.keyword.builtin.ClickKeyword.execute(ClickKeyword.groovy:40)
	at com.kms.katalon.core.keyword.internal.KeywordExecutor.executeKeywordForPlatform(KeywordExecutor.groovy:74)
	at com.kms.katalon.core.webui.keyword.WebUiBuiltInKeywords.click(WebUiBuiltInKeywords.groovy:620)
	at com.kms.katalon.core.webui.keyword.WebUiBuiltInKeywords$click$5.call(Unknown Source)
	at 10.2.2-Definir_una_programación_pendiente.run(10.2.2-Definir_una_programación_pendiente:29)
	at com.kms.katalon.core.main.ScriptEngine.run(ScriptEngine.java:194)
	at com.kms.katalon.core.main.ScriptEngine.runScriptAsRawText(ScriptEngine.java:119)
	at com.kms.katalon.core.main.TestCaseExecutor.runScript(TestCaseExecutor.java:442)
	at com.kms.katalon.core.main.TestCaseExecutor.doExecute(TestCaseExecutor.java:433)
	at com.kms.katalon.core.main.TestCaseExecutor.processExecutionPhase(TestCaseExecutor.java:412)
	at com.kms.katalon.core.main.TestCaseExecutor.accessMainPhase(TestCaseExecutor.java:404)
	at com.kms.katalon.core.main.TestCaseExecutor.execute(TestCaseExecutor.java:281)
	at com.kms.katalon.core.main.TestSuiteExecutor.accessTestCaseMainPhase(TestSuiteExecutor.java:202)
	at com.kms.katalon.core.main.TestSuiteExecutor.accessTestSuiteMainPhase(TestSuiteExecutor.java:164)
	at com.kms.katalon.core.main.TestSuiteExecutor.execute(TestSuiteExecutor.java:105)
	at com.kms.katalon.core.main.TestCaseMain.startTestSuite(TestCaseMain.java:185)
	at com.kms.katalon.core.main.TestCaseMain$startTestSuite$0.call(Unknown Source)
	at TempTestSuite1647977122420.run(TempTestSuite1647977122420.groovy:36)
Caused by: com.kms.katalon.core.webui.exception.WebElementNotFoundException: Web element with id: 'Object Repository/Modulo Selección/Definir_una_programación_pendiente/span_Quintero Mendez Jose Eduardo' located by '//td[2]/span' not found
	at com.kms.katalon.core.webui.common.WebUiCommonHelper.findWebElement(WebUiCommonHelper.java:1370)
	at com.kms.katalon.core.webui.keyword.internal.WebUIAbstractKeyword.findWebElement(WebUIAbstractKeyword.groovy:27)
	at com.kms.katalon.core.webui.keyword.builtin.ClickKeyword$_click_closure1.doCall(ClickKeyword.groovy:65)
	at com.kms.katalon.core.webui.keyword.builtin.ClickKeyword$_click_closure1.call(ClickKeyword.groovy)
	at com.kms.katalon.core.webui.keyword.internal.WebUIKeywordMain.runKeyword(WebUIKeywordMain.groovy:20)
	... 19 more]]></system-err>
      </testcase>
      <system-out><![CDATA[2022-03-22 14:25:29 - [TEST_SUITE][FAILED] - 10-Pruebas_Selección: Test Cases/10.1-Pruebas_Selección/10.2.1-Programación_de_etapas_a_un_candidato FAILED.
Reason:
com.kms.katalon.core.exception.StepFailedException: Unable to click on object 'Object Repository/Modulo Selección/Programación_de_etapas_a_un_candidato/a_Generar'
	at com.kms.katalon.core.webui.keyword.internal.WebUIKeywordMain.stepFailed(WebUIKeywordMain.groovy:64)
	at com.kms.katalon.core.webui.keyword.internal.WebUIKeywordMain.runKeyword(WebUIKeywordMain.groovy:26)
	at com.kms.katalon.core.webui.keyword.builtin.ClickKeyword.click(ClickKeyword.groovy:74)
	at com.kms.katalon.core.webui.keyword.builtin.ClickKeyword.execute(ClickKeyword.groovy:40)
	at com.kms.katalon.core.keyword.internal.KeywordExecutor.executeKeywordForPlatform(KeywordExecutor.groovy:74)
	at com.kms.katalon.core.webui.keyword.WebUiBuiltInKeywords.click(WebUiBuiltInKeywords.groovy:620)
	at com.kms.katalon.core.webui.keyword.WebUiBuiltInKeywords$click$5.call(Unknown Source)
	at 10.2.1-Programación_de_etapas_a_un_candidato.run(10.2.1-Programación_de_etapas_a_un_candidato:82)
	at com.kms.katalon.core.main.ScriptEngine.run(ScriptEngine.java:194)
	at com.kms.katalon.core.main.ScriptEngine.runScriptAsRawText(ScriptEngine.java:119)
	at com.kms.katalon.core.main.TestCaseExecutor.runScript(TestCaseExecutor.java:442)
	at com.kms.katalon.core.main.TestCaseExecutor.doExecute(TestCaseExecutor.java:433)
	at com.kms.katalon.core.main.TestCaseExecutor.processExecutionPhase(TestCaseExecutor.java:412)
	at com.kms.katalon.core.main.TestCaseExecutor.accessMainPhase(TestCaseExecutor.java:404)
	at com.kms.katalon.core.main.TestCaseExecutor.execute(TestCaseExecutor.java:281)
	at com.kms.katalon.core.main.TestSuiteExecutor.accessTestCaseMainPhase(TestSuiteExecutor.java:202)
	at com.kms.katalon.core.main.TestSuiteExecutor.accessTestSuiteMainPhase(TestSuiteExecutor.java:164)
	at com.kms.katalon.core.main.TestSuiteExecutor.execute(TestSuiteExecutor.java:105)
	at com.kms.katalon.core.main.TestCaseMain.startTestSuite(TestCaseMain.java:185)
	at com.kms.katalon.core.main.TestCaseMain$startTestSuite$0.call(Unknown Source)
	at TempTestSuite1647977122420.run(TempTestSuite1647977122420.groovy:36)
Caused by: com.kms.katalon.core.webui.exception.WebElementNotFoundException: Web element with id: 'Object Repository/Modulo Selección/Programación_de_etapas_a_un_candidato/a_Generar' located by '//a[contains(text(),'Generar')]' not found
	at com.kms.katalon.core.webui.common.WebUiCommonHelper.findWebElement(WebUiCommonHelper.java:1370)
	at com.kms.katalon.core.webui.keyword.internal.WebUIAbstractKeyword.findWebElement(WebUIAbstractKeyword.groovy:27)
	at com.kms.katalon.core.webui.keyword.builtin.ClickKeyword$_click_closure1.doCall(ClickKeyword.groovy:65)
	at com.kms.katalon.core.webui.keyword.builtin.ClickKeyword$_click_closure1.call(ClickKeyword.groovy)
	at com.kms.katalon.core.webui.keyword.internal.WebUIKeywordMain.runKeyword(WebUIKeywordMain.groovy:20)
	... 19 more]]></system-out>
      <system-err><![CDATA[2022-03-22 14:25:29 - [TEST_SUITE][FAILED] - 10-Pruebas_Selección: Test Cases/10.1-Pruebas_Selección/10.2.1-Programación_de_etapas_a_un_candidato FAILED.
Reason:
com.kms.katalon.core.exception.StepFailedException: Unable to click on object 'Object Repository/Modulo Selección/Programación_de_etapas_a_un_candidato/a_Generar'
	at com.kms.katalon.core.webui.keyword.internal.WebUIKeywordMain.stepFailed(WebUIKeywordMain.groovy:64)
	at com.kms.katalon.core.webui.keyword.internal.WebUIKeywordMain.runKeyword(WebUIKeywordMain.groovy:26)
	at com.kms.katalon.core.webui.keyword.builtin.ClickKeyword.click(ClickKeyword.groovy:74)
	at com.kms.katalon.core.webui.keyword.builtin.ClickKeyword.execute(ClickKeyword.groovy:40)
	at com.kms.katalon.core.keyword.internal.KeywordExecutor.executeKeywordForPlatform(KeywordExecutor.groovy:74)
	at com.kms.katalon.core.webui.keyword.WebUiBuiltInKeywords.click(WebUiBuiltInKeywords.groovy:620)
	at com.kms.katalon.core.webui.keyword.WebUiBuiltInKeywords$click$5.call(Unknown Source)
	at 10.2.1-Programación_de_etapas_a_un_candidato.run(10.2.1-Programación_de_etapas_a_un_candidato:82)
	at com.kms.katalon.core.main.ScriptEngine.run(ScriptEngine.java:194)
	at com.kms.katalon.core.main.ScriptEngine.runScriptAsRawText(ScriptEngine.java:119)
	at com.kms.katalon.core.main.TestCaseExecutor.runScript(TestCaseExecutor.java:442)
	at com.kms.katalon.core.main.TestCaseExecutor.doExecute(TestCaseExecutor.java:433)
	at com.kms.katalon.core.main.TestCaseExecutor.processExecutionPhase(TestCaseExecutor.java:412)
	at com.kms.katalon.core.main.TestCaseExecutor.accessMainPhase(TestCaseExecutor.java:404)
	at com.kms.katalon.core.main.TestCaseExecutor.execute(TestCaseExecutor.java:281)
	at com.kms.katalon.core.main.TestSuiteExecutor.accessTestCaseMainPhase(TestSuiteExecutor.java:202)
	at com.kms.katalon.core.main.TestSuiteExecutor.accessTestSuiteMainPhase(TestSuiteExecutor.java:164)
	at com.kms.katalon.core.main.TestSuiteExecutor.execute(TestSuiteExecutor.java:105)
	at com.kms.katalon.core.main.TestCaseMain.startTestSuite(TestCaseMain.java:185)
	at com.kms.katalon.core.main.TestCaseMain$startTestSuite$0.call(Unknown Source)
	at TempTestSuite1647977122420.run(TempTestSuite1647977122420.groovy:36)
Caused by: com.kms.katalon.core.webui.exception.WebElementNotFoundException: Web element with id: 'Object Repository/Modulo Selección/Programación_de_etapas_a_un_candidato/a_Generar' located by '//a[contains(text(),'Generar')]' not found
	at com.kms.katalon.core.webui.common.WebUiCommonHelper.findWebElement(WebUiCommonHelper.java:1370)
	at com.kms.katalon.core.webui.keyword.internal.WebUIAbstractKeyword.findWebElement(WebUIAbstractKeyword.groovy:27)
	at com.kms.katalon.core.webui.keyword.builtin.ClickKeyword$_click_closure1.doCall(ClickKeyword.groovy:65)
	at com.kms.katalon.core.webui.keyword.builtin.ClickKeyword$_click_closure1.call(ClickKeyword.groovy)
	at com.kms.katalon.core.webui.keyword.internal.WebUIKeywordMain.runKeyword(WebUIKeywordMain.groovy:20)
	... 19 more]]></system-err>
   </testsuite>
</testsuites>
